#
# There is insufficient memory for the Java Runtime Environment to continue.
# Native memory allocation (malloc) failed to allocate 1048176 bytes for Chunk::new
# Possible reasons:
#   The system is out of physical RAM or swap space
#   The process is running with CompressedOops enabled, and the Java Heap may be blocking the growth of the native heap
# Possible solutions:
#   Reduce memory load on the system
#   Increase physical memory or swap space
#   Check if swap backing store is full
#   Decrease Java heap size (-Xmx/-Xms)
#   Decrease number of Java threads
#   Decrease Java thread stack sizes (-Xss)
#   Set larger code cache with -XX:ReservedCodeCacheSize=
#   JVM is running with Unscaled Compressed Oops mode in which the Java heap is
#     placed in the first 4GB address space. The Java Heap base address is the
#     maximum limit for the native heap growth. Please use -XX:HeapBaseMinAddress
#     to set the Java Heap base and to place the Java Heap above 4GB virtual address.
# This output file may be truncated or incomplete.
#
#  Out of Memory Error (arena.cpp:189), pid=18308, tid=12520
#
# JRE version: OpenJDK Runtime Environment (17.0.6) (build 17.0.6+0-b2043.56-10027231)
# Java VM: OpenJDK 64-Bit Server VM (17.0.6+0-b2043.56-10027231, mixed mode, tiered, compressed oops, compressed class ptrs, g1 gc, windows-amd64)
# No core dump will be written. Minidumps are not enabled by default on client versions of Windows
#

---------------  S U M M A R Y ------------

Command Line: --add-opens=java.base/java.util=ALL-UNNAMED --add-opens=java.base/java.lang=ALL-UNNAMED --add-opens=java.base/java.lang.invoke=ALL-UNNAMED --add-opens=java.prefs/java.util.prefs=ALL-UNNAMED --add-opens=java.base/java.nio.charset=ALL-UNNAMED --add-opens=java.base/java.net=ALL-UNNAMED --add-opens=java.base/java.util.concurrent.atomic=ALL-UNNAMED -Xmx2048m -Dfile.encoding=UTF-8 -Duser.country=FR -Duser.language=fr -Duser.variant org.gradle.launcher.daemon.bootstrap.GradleDaemon 8.0

Host: Intel(R) Core(TM) i5-10300H CPU @ 2.50GHz, 8 cores, 7G,  Windows 10 , 64 bit Build 19041 (10.0.19041.3570)
Time: Mon Nov 13 23:59:36 2023 Afr. centrale Ouest elapsed time: 12.437272 seconds (0d 0h 0m 12s)

---------------  T H R E A D  ---------------

Current thread (0x000001653b827830):  JavaThread "C2 CompilerThread0" daemon [_thread_in_native, id=12520, stack(0x0000001001e00000,0x0000001001f00000)]


Current CompileTask:
C2:  12437 9577       4       java.util.regex.Pattern::split (288 bytes)

Stack: [0x0000001001e00000,0x0000001001f00000]
Native frames: (J=compiled Java code, j=interpreted, Vv=VM code, C=native code)
V  [jvm.dll+0x683c9a]
V  [jvm.dll+0x8427a4]
V  [jvm.dll+0x843f9e]
V  [jvm.dll+0x844603]
V  [jvm.dll+0x249b75]
V  [jvm.dll+0xabcac]
V  [jvm.dll+0xac27c]
V  [jvm.dll+0x368802]
V  [jvm.dll+0x332f31]
V  [jvm.dll+0x3323da]
V  [jvm.dll+0x21c201]
V  [jvm.dll+0x21b621]
V  [jvm.dll+0x1a4fdd]
V  [jvm.dll+0x22b098]
V  [jvm.dll+0x229159]
V  [jvm.dll+0x7f81ec]
V  [jvm.dll+0x7f274a]
V  [jvm.dll+0x682ad5]
C  [ucrtbase.dll+0x21bb2]
C  [KERNEL32.DLL+0x17344]
C  [ntdll.dll+0x526b1]


---------------  P R O C E S S  ---------------

Threads class SMR info:
_java_thread_list=0x00000165439fe500, length=129, elements={
0x000001651ee99c00, 0x000001653acd9620, 0x000001653aca1000, 0x000001653acc16d0,
0x000001653acc50b0, 0x000001653acc5970, 0x000001653acc6230, 0x000001653b827830,
0x000001653b830140, 0x000001653b832a50, 0x000001653b9bb020, 0x000001653b9bb900,
0x000001653ceca6b0, 0x000001653c80a180, 0x000001653dd95780, 0x000001653e3dc080,
0x000001653cd749e0, 0x000001653e409a50, 0x000001653e3b0030, 0x000001653cd6f880,
0x000001653cd706f0, 0x000001653cd6eee0, 0x000001653cd71090, 0x000001653cd70bc0,
0x000001653cd71f00, 0x000001653cd71560, 0x000001653cd71a30, 0x000001653cd723d0,
0x000001653cd6ea10, 0x000001653cd6f3b0, 0x000001653cd6fd50, 0x000001653cd70220,
0x000001653f09edd0, 0x000001653f09cc20, 0x000001653f09d0f0, 0x000001653f09c280,
0x000001653f0a22c0, 0x000001653f09b8e0, 0x000001653f09e430, 0x000001653f0a2790,
0x000001653f0a0ab0, 0x000001653f09da90, 0x000001653f09af40, 0x000001653f09e900,
0x000001653f09bdb0, 0x000001653e142650, 0x000001653e140970, 0x000001653e13f160,
0x000001653e140e40, 0x000001653e144cd0, 0x000001653e142b20, 0x000001653e142ff0,
0x000001653e141cb0, 0x000001653e1404a0, 0x000001653e144800, 0x000001653e13fb00,
0x000001653e13f630, 0x000001653e13e2f0, 0x000001653e13ffd0, 0x000001653e1417e0,
0x000001653e1434c0, 0x000001653e13ec90, 0x000001653e141310, 0x000001653e142180,
0x000001653e143990, 0x000001653e1451a0, 0x000001653e143e60, 0x000001653e144330,
0x000001653e145670, 0x000001653e13de20, 0x000001653e13e7c0, 0x000001653e317830,
0x000001653e318b70, 0x000001653e317d00, 0x000001653e319eb0, 0x000001653e31c060,
0x000001653e319040, 0x000001653e31bb90, 0x000001653e3181d0, 0x000001653e31b1f0,
0x000001653e31e210, 0x000001653e319510, 0x000001653e31e6e0, 0x000001653e31ebb0,
0x000001653e31d3a0, 0x000001653e31a380, 0x000001653e31ced0, 0x000001653e31c530,
0x000001653e31a850, 0x000001653e31b6c0, 0x000001653e31ca00, 0x000001653e31d870,
0x000001653e3199e0, 0x000001653e31ad20, 0x000001653e31dd40, 0x000001653e3186a0,
0x000001653e31f080, 0x000001653e281cc0, 0x000001653e280980, 0x000001653e2804b0,
0x000001653e281320, 0x000001653e27fb10, 0x000001653e27b7b0, 0x000001653e27c620,
0x000001653e282190, 0x000001653e27e7d0, 0x000001653e27eca0, 0x000001653e282660,
0x000001653e282b30, 0x000001653e27bc80, 0x000001653e27caf0, 0x000001653e280e50,
0x000001653e283000, 0x000001653e27d490, 0x000001653e27c150, 0x000001653e2817f0,
0x000001653e27cfc0, 0x000001653e27d960, 0x000001653e27de30, 0x000001653e27e300,
0x000001653e27f170, 0x000001653e27f640, 0x000001653e27ffe0, 0x0000016540d86060,
0x0000016540d886e0, 0x0000016540d8ad60, 0x0000016540d8b230, 0x0000016545f36d10,
0x0000016540dda8f0
}

Java Threads: ( => current thread )
  0x000001651ee99c00 JavaThread "main" [_thread_blocked, id=18852, stack(0x0000001001100000,0x0000001001200000)]
  0x000001653acd9620 JavaThread "Reference Handler" daemon [_thread_blocked, id=19836, stack(0x0000001001800000,0x0000001001900000)]
  0x000001653aca1000 JavaThread "Finalizer" daemon [_thread_blocked, id=9168, stack(0x0000001001900000,0x0000001001a00000)]
  0x000001653acc16d0 JavaThread "Signal Dispatcher" daemon [_thread_blocked, id=604, stack(0x0000001001a00000,0x0000001001b00000)]
  0x000001653acc50b0 JavaThread "Attach Listener" daemon [_thread_blocked, id=7912, stack(0x0000001001b00000,0x0000001001c00000)]
  0x000001653acc5970 JavaThread "Service Thread" daemon [_thread_blocked, id=7384, stack(0x0000001001c00000,0x0000001001d00000)]
  0x000001653acc6230 JavaThread "Monitor Deflation Thread" daemon [_thread_blocked, id=2248, stack(0x0000001001d00000,0x0000001001e00000)]
=>0x000001653b827830 JavaThread "C2 CompilerThread0" daemon [_thread_in_native, id=12520, stack(0x0000001001e00000,0x0000001001f00000)]
  0x000001653b830140 JavaThread "C1 CompilerThread0" daemon [_thread_blocked, id=18764, stack(0x0000001001f00000,0x0000001002000000)]
  0x000001653b832a50 JavaThread "Sweeper thread" daemon [_thread_blocked, id=19304, stack(0x0000001002000000,0x0000001002100000)]
  0x000001653b9bb020 JavaThread "Common-Cleaner" daemon [_thread_blocked, id=16544, stack(0x0000001002100000,0x0000001002200000)]
  0x000001653b9bb900 JavaThread "Notification Thread" daemon [_thread_blocked, id=7404, stack(0x0000001002200000,0x0000001002300000)]
  0x000001653ceca6b0 JavaThread "Daemon health stats" [_thread_blocked, id=16412, stack(0x0000001002900000,0x0000001002a00000)]
  0x000001653c80a180 JavaThread "Incoming local TCP Connector on port 51539" [_thread_in_native, id=15140, stack(0x0000001002400000,0x0000001002500000)]
  0x000001653dd95780 JavaThread "Daemon periodic checks" [_thread_blocked, id=14208, stack(0x0000001002a00000,0x0000001002b00000)]
  0x000001653e3dc080 JavaThread "Daemon" [_thread_blocked, id=3088, stack(0x0000001002c00000,0x0000001002d00000)]
  0x000001653cd749e0 JavaThread "Handler for socket connection from /127.0.0.1:51539 to /127.0.0.1:51540" [_thread_in_native, id=12368, stack(0x0000001002d00000,0x0000001002e00000)]
  0x000001653e409a50 JavaThread "Cancel handler" [_thread_blocked, id=19636, stack(0x0000001002e00000,0x0000001002f00000)]
  0x000001653e3b0030 JavaThread "Daemon worker" [_thread_in_Java, id=10424, stack(0x0000001002f00000,0x0000001003000000)]
  0x000001653cd6f880 JavaThread "Asynchronous log dispatcher for DefaultDaemonConnection: socket connection from /127.0.0.1:51539 to /127.0.0.1:51540" [_thread_blocked, id=13676, stack(0x0000001003000000,0x0000001003100000)]
  0x000001653cd706f0 JavaThread "Stdin handler" [_thread_blocked, id=20352, stack(0x0000001003100000,0x0000001003200000)]
  0x000001653cd6eee0 JavaThread "Daemon client event forwarder" [_thread_blocked, id=14436, stack(0x0000001003200000,0x0000001003300000)]
  0x000001653cd71090 JavaThread "Cache worker for journal cache (C:\Users\jasse\.gradle\caches\journal-1)" [_thread_blocked, id=8976, stack(0x0000001003700000,0x0000001003800000)]
  0x000001653cd70bc0 JavaThread "File lock request listener" [_thread_in_native, id=4876, stack(0x0000001003800000,0x0000001003900000)]
  0x000001653cd71f00 JavaThread "Cache worker for file hash cache (C:\Users\jasse\.gradle\caches\8.0\fileHashes)" [_thread_blocked, id=14360, stack(0x0000001003900000,0x0000001003a00000)]
  0x000001653cd71560 JavaThread "File watcher server" daemon [_thread_in_native, id=12280, stack(0x0000001003a00000,0x0000001003b00000)]
  0x000001653cd71a30 JavaThread "File watcher consumer" daemon [_thread_blocked, id=3200, stack(0x0000001003b00000,0x0000001003c00000)]
  0x000001653cd723d0 JavaThread "jar transforms" [_thread_blocked, id=7060, stack(0x0000001003c00000,0x0000001003d00000)]
  0x000001653cd6ea10 JavaThread "jar transforms Thread 2" [_thread_blocked, id=6296, stack(0x0000001003d00000,0x0000001003e00000)]
  0x000001653cd6f3b0 JavaThread "jar transforms Thread 3" [_thread_blocked, id=19768, stack(0x0000001003e00000,0x0000001003f00000)]
  0x000001653cd6fd50 JavaThread "jar transforms Thread 4" [_thread_blocked, id=7172, stack(0x0000001003f00000,0x0000001004000000)]
  0x000001653cd70220 JavaThread "jar transforms Thread 5" [_thread_blocked, id=1348, stack(0x0000001004000000,0x0000001004100000)]
  0x000001653f09edd0 JavaThread "jar transforms Thread 6" [_thread_blocked, id=14380, stack(0x0000001004100000,0x0000001004200000)]
  0x000001653f09cc20 JavaThread "jar transforms Thread 7" [_thread_blocked, id=9736, stack(0x0000001004200000,0x0000001004300000)]
  0x000001653f09d0f0 JavaThread "jar transforms Thread 8" [_thread_blocked, id=2628, stack(0x0000001004300000,0x0000001004400000)]
  0x000001653f09c280 JavaThread "Cache worker for checksums cache (C:\Users\jasse\AndroidStudioProjects\front\.gradle\8.0\checksums)" [_thread_blocked, id=3992, stack(0x0000001004500000,0x0000001004600000)]
  0x000001653f0a22c0 JavaThread "Cache worker for cache directory md-rule (C:\Users\jasse\.gradle\caches\8.0\md-rule)" [_thread_blocked, id=8232, stack(0x0000001004600000,0x0000001004700000)]
  0x000001653f09b8e0 JavaThread "Cache worker for file content cache (C:\Users\jasse\.gradle\caches\8.0\fileContent)" [_thread_blocked, id=10688, stack(0x0000001004700000,0x0000001004800000)]
  0x000001653f09e430 JavaThread "Cache worker for file hash cache (C:\Users\jasse\AndroidStudioProjects\front\.gradle\8.0\fileHashes)" [_thread_blocked, id=11608, stack(0x0000001004800000,0x0000001004900000)]
  0x000001653f0a2790 JavaThread "Cache worker for cache directory md-supplier (C:\Users\jasse\.gradle\caches\8.0\md-supplier)" [_thread_blocked, id=16040, stack(0x0000001004900000,0x0000001004a00000)]
  0x000001653f0a0ab0 JavaThread "Cache worker for execution history cache (C:\Users\jasse\.gradle\caches\8.0\executionHistory)" [_thread_blocked, id=3504, stack(0x0000001004a00000,0x0000001004b00000)]
  0x000001653f09da90 JavaThread "Cache worker for kotlin-dsl (C:\Users\jasse\.gradle\caches\8.0\kotlin-dsl)" [_thread_blocked, id=7744, stack(0x0000001004b00000,0x0000001004c00000)]
  0x000001653f09af40 JavaThread "Cache worker for dependencies-accessors (C:\Users\jasse\AndroidStudioProjects\front\.gradle\8.0\dependencies-accessors)" [_thread_blocked, id=6124, stack(0x0000001004c00000,0x0000001004d00000)]
  0x000001653f09e900 JavaThread "Cache worker for Build Output Cleanup Cache (C:\Users\jasse\AndroidStudioProjects\front\.gradle\buildOutputCleanup)" [_thread_blocked, id=14344, stack(0x0000001004d00000,0x0000001004e00000)]
  0x000001653f09bdb0 JavaThread "Unconstrained build operations" [_thread_blocked, id=17328, stack(0x0000001004e00000,0x0000001004f00000)]
  0x000001653e142650 JavaThread "Unconstrained build operations Thread 2" [_thread_blocked, id=4544, stack(0x0000001004f00000,0x0000001005000000)]
  0x000001653e140970 JavaThread "Unconstrained build operations Thread 3" [_thread_blocked, id=2752, stack(0x0000001005000000,0x0000001005100000)]
  0x000001653e13f160 JavaThread "Unconstrained build operations Thread 4" [_thread_blocked, id=15684, stack(0x0000001005100000,0x0000001005200000)]
  0x000001653e140e40 JavaThread "Unconstrained build operations Thread 5" [_thread_blocked, id=17552, stack(0x0000001005200000,0x0000001005300000)]
  0x000001653e144cd0 JavaThread "Unconstrained build operations Thread 6" [_thread_blocked, id=13476, stack(0x0000001005300000,0x0000001005400000)]
  0x000001653e142b20 JavaThread "Unconstrained build operations Thread 7" [_thread_blocked, id=13520, stack(0x0000001005400000,0x0000001005500000)]
  0x000001653e142ff0 JavaThread "Unconstrained build operations Thread 8" [_thread_blocked, id=9476, stack(0x0000001005500000,0x0000001005600000)]
  0x000001653e141cb0 JavaThread "Unconstrained build operations Thread 9" [_thread_blocked, id=10912, stack(0x0000001005600000,0x0000001005700000)]
  0x000001653e1404a0 JavaThread "Unconstrained build operations Thread 10" [_thread_blocked, id=9324, stack(0x0000001005700000,0x0000001005800000)]
  0x000001653e144800 JavaThread "Unconstrained build operations Thread 11" [_thread_blocked, id=5688, stack(0x0000001005800000,0x0000001005900000)]
  0x000001653e13fb00 JavaThread "Unconstrained build operations Thread 12" [_thread_blocked, id=7252, stack(0x0000001005900000,0x0000001005a00000)]
  0x000001653e13f630 JavaThread "Unconstrained build operations Thread 13" [_thread_blocked, id=11176, stack(0x0000001005a00000,0x0000001005b00000)]
  0x000001653e13e2f0 JavaThread "Unconstrained build operations Thread 14" [_thread_blocked, id=6456, stack(0x0000001005b00000,0x0000001005c00000)]
  0x000001653e13ffd0 JavaThread "Unconstrained build operations Thread 15" [_thread_blocked, id=13268, stack(0x0000001005c00000,0x0000001005d00000)]
  0x000001653e1417e0 JavaThread "Unconstrained build operations Thread 16" [_thread_blocked, id=13612, stack(0x0000001005d00000,0x0000001005e00000)]
  0x000001653e1434c0 JavaThread "Unconstrained build operations Thread 17" [_thread_blocked, id=9548, stack(0x0000001005e00000,0x0000001005f00000)]
  0x000001653e13ec90 JavaThread "Unconstrained build operations Thread 18" [_thread_blocked, id=12196, stack(0x0000001005f00000,0x0000001006000000)]
  0x000001653e141310 JavaThread "Unconstrained build operations Thread 19" [_thread_blocked, id=9700, stack(0x0000001006000000,0x0000001006100000)]
  0x000001653e142180 JavaThread "Unconstrained build operations Thread 20" [_thread_blocked, id=16504, stack(0x0000001006100000,0x0000001006200000)]
  0x000001653e143990 JavaThread "Unconstrained build operations Thread 21" [_thread_blocked, id=2616, stack(0x0000001006200000,0x0000001006300000)]
  0x000001653e1451a0 JavaThread "Unconstrained build operations Thread 22" [_thread_blocked, id=15348, stack(0x0000001006300000,0x0000001006400000)]
  0x000001653e143e60 JavaThread "Unconstrained build operations Thread 23" [_thread_blocked, id=1436, stack(0x0000001006400000,0x0000001006500000)]
  0x000001653e144330 JavaThread "Unconstrained build operations Thread 24" [_thread_blocked, id=12236, stack(0x0000001006500000,0x0000001006600000)]
  0x000001653e145670 JavaThread "Unconstrained build operations Thread 25" [_thread_blocked, id=9004, stack(0x0000001006600000,0x0000001006700000)]
  0x000001653e13de20 JavaThread "Unconstrained build operations Thread 26" [_thread_blocked, id=9444, stack(0x0000001006700000,0x0000001006800000)]
  0x000001653e13e7c0 JavaThread "Unconstrained build operations Thread 27" [_thread_blocked, id=19880, stack(0x0000001006800000,0x0000001006900000)]
  0x000001653e317830 JavaThread "Unconstrained build operations Thread 28" [_thread_blocked, id=11844, stack(0x0000001006900000,0x0000001006a00000)]
  0x000001653e318b70 JavaThread "Unconstrained build operations Thread 29" [_thread_blocked, id=5892, stack(0x0000001006a00000,0x0000001006b00000)]
  0x000001653e317d00 JavaThread "Unconstrained build operations Thread 30" [_thread_blocked, id=868, stack(0x0000001006b00000,0x0000001006c00000)]
  0x000001653e319eb0 JavaThread "Unconstrained build operations Thread 31" [_thread_blocked, id=15724, stack(0x0000001006c00000,0x0000001006d00000)]
  0x000001653e31c060 JavaThread "Unconstrained build operations Thread 32" [_thread_blocked, id=1836, stack(0x0000001006d00000,0x0000001006e00000)]
  0x000001653e319040 JavaThread "Unconstrained build operations Thread 33" [_thread_blocked, id=3036, stack(0x0000001006e00000,0x0000001006f00000)]
  0x000001653e31bb90 JavaThread "Unconstrained build operations Thread 34" [_thread_blocked, id=7556, stack(0x0000001006f00000,0x0000001007000000)]
  0x000001653e3181d0 JavaThread "Unconstrained build operations Thread 35" [_thread_blocked, id=18472, stack(0x0000001007000000,0x0000001007100000)]
  0x000001653e31b1f0 JavaThread "Unconstrained build operations Thread 36" [_thread_blocked, id=4008, stack(0x0000001007100000,0x0000001007200000)]
  0x000001653e31e210 JavaThread "Unconstrained build operations Thread 37" [_thread_blocked, id=19740, stack(0x0000001007200000,0x0000001007300000)]
  0x000001653e319510 JavaThread "Unconstrained build operations Thread 38" [_thread_blocked, id=17152, stack(0x0000001007300000,0x0000001007400000)]
  0x000001653e31e6e0 JavaThread "Unconstrained build operations Thread 39" [_thread_blocked, id=2040, stack(0x0000001007400000,0x0000001007500000)]
  0x000001653e31ebb0 JavaThread "Unconstrained build operations Thread 40" [_thread_blocked, id=5284, stack(0x0000001007500000,0x0000001007600000)]
  0x000001653e31d3a0 JavaThread "Unconstrained build operations Thread 41" [_thread_blocked, id=19796, stack(0x0000001007600000,0x0000001007700000)]
  0x000001653e31a380 JavaThread "Unconstrained build operations Thread 42" [_thread_blocked, id=11256, stack(0x0000001007700000,0x0000001007800000)]
  0x000001653e31ced0 JavaThread "Unconstrained build operations Thread 43" [_thread_blocked, id=9768, stack(0x0000001007800000,0x0000001007900000)]
  0x000001653e31c530 JavaThread "Unconstrained build operations Thread 44" [_thread_blocked, id=248, stack(0x0000001007900000,0x0000001007a00000)]
  0x000001653e31a850 JavaThread "Unconstrained build operations Thread 45" [_thread_blocked, id=16852, stack(0x0000001007a00000,0x0000001007b00000)]
  0x000001653e31b6c0 JavaThread "Unconstrained build operations Thread 46" [_thread_blocked, id=14932, stack(0x0000001007b00000,0x0000001007c00000)]
  0x000001653e31ca00 JavaThread "Unconstrained build operations Thread 47" [_thread_blocked, id=17072, stack(0x0000001007c00000,0x0000001007d00000)]
  0x000001653e31d870 JavaThread "Unconstrained build operations Thread 48" [_thread_blocked, id=15932, stack(0x0000001007d00000,0x0000001007e00000)]
  0x000001653e3199e0 JavaThread "Unconstrained build operations Thread 49" [_thread_blocked, id=20196, stack(0x0000001007e00000,0x0000001007f00000)]
  0x000001653e31ad20 JavaThread "Unconstrained build operations Thread 50" [_thread_blocked, id=14596, stack(0x0000001007f00000,0x0000001008000000)]
  0x000001653e31dd40 JavaThread "Unconstrained build operations Thread 51" [_thread_blocked, id=11572, stack(0x0000001008000000,0x0000001008100000)]
  0x000001653e3186a0 JavaThread "Unconstrained build operations Thread 52" [_thread_blocked, id=12576, stack(0x0000001008100000,0x0000001008200000)]
  0x000001653e31f080 JavaThread "Unconstrained build operations Thread 53" [_thread_blocked, id=14832, stack(0x0000001008200000,0x0000001008300000)]
  0x000001653e281cc0 JavaThread "Unconstrained build operations Thread 54" [_thread_blocked, id=8852, stack(0x0000001008300000,0x0000001008400000)]
  0x000001653e280980 JavaThread "Unconstrained build operations Thread 55" [_thread_blocked, id=19544, stack(0x0000001008400000,0x0000001008500000)]
  0x000001653e2804b0 JavaThread "Unconstrained build operations Thread 56" [_thread_blocked, id=13480, stack(0x0000001008500000,0x0000001008600000)]
  0x000001653e281320 JavaThread "Unconstrained build operations Thread 57" [_thread_blocked, id=392, stack(0x0000001008600000,0x0000001008700000)]
  0x000001653e27fb10 JavaThread "Unconstrained build operations Thread 58" [_thread_blocked, id=14892, stack(0x0000001008700000,0x0000001008800000)]
  0x000001653e27b7b0 JavaThread "Unconstrained build operations Thread 59" [_thread_blocked, id=14064, stack(0x0000001008800000,0x0000001008900000)]
  0x000001653e27c620 JavaThread "Unconstrained build operations Thread 60" [_thread_blocked, id=14136, stack(0x0000001008900000,0x0000001008a00000)]
  0x000001653e282190 JavaThread "Unconstrained build operations Thread 61" [_thread_blocked, id=1476, stack(0x0000001008a00000,0x0000001008b00000)]
  0x000001653e27e7d0 JavaThread "Unconstrained build operations Thread 62" [_thread_blocked, id=14036, stack(0x0000001008b00000,0x0000001008c00000)]
  0x000001653e27eca0 JavaThread "Unconstrained build operations Thread 63" [_thread_blocked, id=11016, stack(0x0000001008c00000,0x0000001008d00000)]
  0x000001653e282660 JavaThread "Unconstrained build operations Thread 64" [_thread_blocked, id=18728, stack(0x0000001008d00000,0x0000001008e00000)]
  0x000001653e282b30 JavaThread "Unconstrained build operations Thread 65" [_thread_blocked, id=6228, stack(0x0000001008e00000,0x0000001008f00000)]
  0x000001653e27bc80 JavaThread "Unconstrained build operations Thread 66" [_thread_blocked, id=16704, stack(0x0000001008f00000,0x0000001009000000)]
  0x000001653e27caf0 JavaThread "Unconstrained build operations Thread 67" [_thread_blocked, id=1112, stack(0x0000001009000000,0x0000001009100000)]
  0x000001653e280e50 JavaThread "Unconstrained build operations Thread 68" [_thread_blocked, id=5844, stack(0x0000001009100000,0x0000001009200000)]
  0x000001653e283000 JavaThread "Unconstrained build operations Thread 69" [_thread_blocked, id=16124, stack(0x0000001009200000,0x0000001009300000)]
  0x000001653e27d490 JavaThread "Unconstrained build operations Thread 70" [_thread_blocked, id=9908, stack(0x0000001009300000,0x0000001009400000)]
  0x000001653e27c150 JavaThread "Unconstrained build operations Thread 71" [_thread_blocked, id=7660, stack(0x0000001009400000,0x0000001009500000)]
  0x000001653e2817f0 JavaThread "Unconstrained build operations Thread 72" [_thread_blocked, id=528, stack(0x0000001009500000,0x0000001009600000)]
  0x000001653e27cfc0 JavaThread "Unconstrained build operations Thread 73" [_thread_blocked, id=3724, stack(0x0000001009600000,0x0000001009700000)]
  0x000001653e27d960 JavaThread "Unconstrained build operations Thread 74" [_thread_blocked, id=6460, stack(0x0000001009700000,0x0000001009800000)]
  0x000001653e27de30 JavaThread "Unconstrained build operations Thread 75" [_thread_blocked, id=11936, stack(0x0000001009800000,0x0000001009900000)]
  0x000001653e27e300 JavaThread "Unconstrained build operations Thread 76" [_thread_blocked, id=6472, stack(0x0000001009900000,0x0000001009a00000)]
  0x000001653e27f170 JavaThread "Unconstrained build operations Thread 77" [_thread_blocked, id=13672, stack(0x0000001009a00000,0x0000001009b00000)]
  0x000001653e27f640 JavaThread "Unconstrained build operations Thread 78" [_thread_blocked, id=3596, stack(0x0000001009b00000,0x0000001009c00000)]
  0x000001653e27ffe0 JavaThread "Unconstrained build operations Thread 79" [_thread_blocked, id=2580, stack(0x0000001009c00000,0x0000001009d00000)]
  0x0000016540d86060 JavaThread "Unconstrained build operations Thread 80" [_thread_blocked, id=13328, stack(0x0000001009d00000,0x0000001009e00000)]
  0x0000016540d886e0 JavaThread "Memory manager" [_thread_blocked, id=18708, stack(0x0000001009e00000,0x0000001009f00000)]
  0x0000016540d8ad60 JavaThread "build event listener" [_thread_blocked, id=13296, stack(0x0000001009f00000,0x000000100a000000)]
  0x0000016540d8b230 JavaThread "build event listener" [_thread_blocked, id=13688, stack(0x000000100a000000,0x000000100a100000)]
  0x0000016545f36d10 JavaThread "C2 CompilerThread1" daemon [_thread_in_native, id=8980, stack(0x0000001002b00000,0x0000001002c00000)]
  0x0000016540dda8f0 JavaThread "C2 CompilerThread2" daemon [_thread_in_native, id=2156, stack(0x0000001004400000,0x0000001004500000)]

Other Threads:
  0x000001653ac9eb30 VMThread "VM Thread" [stack: 0x0000001001700000,0x0000001001800000] [id=5816]
  0x000001653b9bdde0 WatcherThread [stack: 0x0000001002300000,0x0000001002400000] [id=5992]
  0x000001651eef8dc0 GCTaskThread "GC Thread#0" [stack: 0x0000001001200000,0x0000001001300000] [id=19840]
  0x000001653c4ac350 GCTaskThread "GC Thread#1" [stack: 0x0000001002500000,0x0000001002600000] [id=10100]
  0x000001653c7cdf10 GCTaskThread "GC Thread#2" [stack: 0x0000001002600000,0x0000001002700000] [id=5060]
  0x000001653c808a60 GCTaskThread "GC Thread#3" [stack: 0x0000001002700000,0x0000001002800000] [id=17396]
  0x000001653ce604d0 GCTaskThread "GC Thread#4" [stack: 0x0000001002800000,0x0000001002900000] [id=19028]
  0x000001653cb5af10 GCTaskThread "GC Thread#5" [stack: 0x0000001003300000,0x0000001003400000] [id=3956]
  0x000001653cb5b1c0 GCTaskThread "GC Thread#6" [stack: 0x0000001003400000,0x0000001003500000] [id=2176]
  0x000001653cb5b470 GCTaskThread "GC Thread#7" [stack: 0x0000001003500000,0x0000001003600000] [id=11648]
  0x000001651ef09c10 ConcurrentGCThread "G1 Main Marker" [stack: 0x0000001001300000,0x0000001001400000] [id=1544]
  0x000001651ef0a530 ConcurrentGCThread "G1 Conc#0" [stack: 0x0000001001400000,0x0000001001500000] [id=7644]
  0x000001653e0ce6d0 ConcurrentGCThread "G1 Conc#1" [stack: 0x0000001003600000,0x0000001003700000] [id=4908]
  0x000001653ab134d0 ConcurrentGCThread "G1 Refine#0" [stack: 0x0000001001500000,0x0000001001600000] [id=9268]
  0x0000016545522820 ConcurrentGCThread "G1 Refine#1" [stack: 0x000000100a100000,0x000000100a200000] [id=20340]
  0x0000016545525620 ConcurrentGCThread "G1 Refine#2" [stack: 0x000000100a200000,0x000000100a300000] [id=15212]
  0x0000016545522b00 ConcurrentGCThread "G1 Refine#3" [stack: 0x000000100a300000,0x000000100a400000] [id=20204]
  0x00000165455244e0 ConcurrentGCThread "G1 Refine#4" [stack: 0x000000100a400000,0x000000100a500000] [id=8116]
  0x0000016545525900 ConcurrentGCThread "G1 Refine#5" [stack: 0x000000100a500000,0x000000100a600000] [id=7936]
  0x0000016545525ec0 ConcurrentGCThread "G1 Refine#6" [stack: 0x000000100a600000,0x000000100a700000] [id=8864]
  0x000001651ef65020 ConcurrentGCThread "G1 Service" [stack: 0x0000001001600000,0x0000001001700000] [id=6100]

Threads with active compile tasks:
C2 CompilerThread0    12471 9577       4       java.util.regex.Pattern::split (288 bytes)
C2 CompilerThread1    12471 9631   !   4       org.jetbrains.kotlin.metadata.ProtoBuf$Function::<init> (1410 bytes)
C2 CompilerThread2    12471 9630   !   4       org.jetbrains.kotlin.metadata.ProtoBuf$Type::<init> (875 bytes)

VM state: not at safepoint (normal execution)

VM Mutex/Monitor currently owned by a thread: None

Heap address: 0x0000000080000000, size: 2048 MB, Compressed Oops mode: 32-bit

CDS archive(s) not mapped
Compressed class space mapped at: 0x0000000100000000-0x0000000140000000, reserved size: 1073741824
Narrow klass base: 0x0000000000000000, Narrow klass shift: 3, Narrow klass range: 0x140000000

GC Precious Log:
 CPUs: 8 total, 8 available
 Memory: 7993M
 Large Page Support: Disabled
 NUMA Support: Disabled
 Compressed Oops: Enabled (32-bit)
 Heap Region Size: 1M
 Heap Min Capacity: 8M
 Heap Initial Capacity: 126M
 Heap Max Capacity: 2G
 Pre-touch: Disabled
 Parallel Workers: 8
 Concurrent Workers: 2
 Concurrent Refinement Workers: 8
 Periodic GC: Disabled

Heap:
 garbage-first heap   total 271360K, used 201811K [0x0000000080000000, 0x0000000100000000)
  region size 1024K, 52 young (53248K), 5 survivors (5120K)
 Metaspace       used 109725K, committed 110464K, reserved 1146880K
  class space    used 14684K, committed 15040K, reserved 1048576K

Heap Regions: E=young(eden), S=young(survivor), O=old, HS=humongous(starts), HC=humongous(continues), CS=collection set, F=free, OA=open archive, CA=closed archive, TAMS=top-at-mark-start (previous, next)
|   0|0x0000000080000000, 0x0000000080100000, 0x0000000080100000|100%|HS|  |TAMS 0x0000000080100000, 0x0000000080000000| Complete 
|   1|0x0000000080100000, 0x0000000080200000, 0x0000000080200000|100%|HC|  |TAMS 0x0000000080200000, 0x0000000080100000| Complete 
|   2|0x0000000080200000, 0x0000000080300000, 0x0000000080300000|100%|HC|  |TAMS 0x0000000080300000, 0x0000000080200000| Complete 
|   3|0x0000000080300000, 0x0000000080400000, 0x0000000080400000|100%|HC|  |TAMS 0x0000000080400000, 0x0000000080300000| Complete 
|   4|0x0000000080400000, 0x0000000080500000, 0x0000000080500000|100%| O|  |TAMS 0x0000000080500000, 0x0000000080400000| Untracked 
|   5|0x0000000080500000, 0x0000000080600000, 0x0000000080600000|100%|HS|  |TAMS 0x0000000080500000, 0x0000000080500000| Complete 
|   6|0x0000000080600000, 0x0000000080700000, 0x0000000080700000|100%| O|  |TAMS 0x0000000080700000, 0x0000000080600000| Untracked 
|   7|0x0000000080700000, 0x0000000080800000, 0x0000000080800000|100%| O|  |TAMS 0x0000000080800000, 0x0000000080700000| Untracked 
|   8|0x0000000080800000, 0x0000000080900000, 0x0000000080900000|100%| O|  |TAMS 0x0000000080900000, 0x0000000080800000| Untracked 
|   9|0x0000000080900000, 0x0000000080a00000, 0x0000000080a00000|100%| O|  |TAMS 0x0000000080a00000, 0x0000000080900000| Untracked 
|  10|0x0000000080a00000, 0x0000000080b00000, 0x0000000080b00000|100%| O|  |TAMS 0x0000000080b00000, 0x0000000080a00000| Untracked 
|  11|0x0000000080b00000, 0x0000000080c00000, 0x0000000080c00000|100%| O|  |TAMS 0x0000000080c00000, 0x0000000080b00000| Untracked 
|  12|0x0000000080c00000, 0x0000000080d00000, 0x0000000080d00000|100%| O|  |TAMS 0x0000000080d00000, 0x0000000080c00000| Untracked 
|  13|0x0000000080d00000, 0x0000000080e00000, 0x0000000080e00000|100%| O|  |TAMS 0x0000000080e00000, 0x0000000080d00000| Untracked 
|  14|0x0000000080e00000, 0x0000000080f00000, 0x0000000080f00000|100%| O|  |TAMS 0x0000000080f00000, 0x0000000080e00000| Untracked 
|  15|0x0000000080f00000, 0x0000000081000000, 0x0000000081000000|100%| O|  |TAMS 0x0000000081000000, 0x0000000080f00000| Untracked 
|  16|0x0000000081000000, 0x0000000081100000, 0x0000000081100000|100%| O|  |TAMS 0x0000000081100000, 0x0000000081000000| Untracked 
|  17|0x0000000081100000, 0x0000000081200000, 0x0000000081200000|100%| O|  |TAMS 0x0000000081200000, 0x0000000081100000| Untracked 
|  18|0x0000000081200000, 0x0000000081300000, 0x0000000081300000|100%| O|  |TAMS 0x0000000081300000, 0x0000000081200000| Untracked 
|  19|0x0000000081300000, 0x0000000081400000, 0x0000000081400000|100%|HS|  |TAMS 0x0000000081400000, 0x0000000081300000| Complete 
|  20|0x0000000081400000, 0x0000000081500000, 0x0000000081500000|100%|HC|  |TAMS 0x0000000081500000, 0x0000000081400000| Complete 
|  21|0x0000000081500000, 0x0000000081600000, 0x0000000081600000|100%|HS|  |TAMS 0x0000000081600000, 0x0000000081500000| Complete 
|  22|0x0000000081600000, 0x0000000081700000, 0x0000000081700000|100%|HC|  |TAMS 0x0000000081700000, 0x0000000081600000| Complete 
|  23|0x0000000081700000, 0x0000000081800000, 0x0000000081800000|100%|HC|  |TAMS 0x0000000081800000, 0x0000000081700000| Complete 
|  24|0x0000000081800000, 0x0000000081900000, 0x0000000081900000|100%| O|  |TAMS 0x0000000081900000, 0x0000000081800000| Untracked 
|  25|0x0000000081900000, 0x0000000081a00000, 0x0000000081a00000|100%| O|  |TAMS 0x0000000081a00000, 0x0000000081900000| Untracked 
|  26|0x0000000081a00000, 0x0000000081b00000, 0x0000000081b00000|100%| O|  |TAMS 0x0000000081b00000, 0x0000000081a00000| Untracked 
|  27|0x0000000081b00000, 0x0000000081c00000, 0x0000000081c00000|100%| O|  |TAMS 0x0000000081c00000, 0x0000000081b00000| Untracked 
|  28|0x0000000081c00000, 0x0000000081d00000, 0x0000000081d00000|100%|HS|  |TAMS 0x0000000081d00000, 0x0000000081c00000| Complete 
|  29|0x0000000081d00000, 0x0000000081e00000, 0x0000000081e00000|100%|HC|  |TAMS 0x0000000081e00000, 0x0000000081d00000| Complete 
|  30|0x0000000081e00000, 0x0000000081f00000, 0x0000000081f00000|100%|HC|  |TAMS 0x0000000081f00000, 0x0000000081e00000| Complete 
|  31|0x0000000081f00000, 0x0000000082000000, 0x0000000082000000|100%| O|  |TAMS 0x0000000082000000, 0x0000000081f00000| Untracked 
|  32|0x0000000082000000, 0x0000000082100000, 0x0000000082100000|100%|HS|  |TAMS 0x0000000082100000, 0x0000000082000000| Complete 
|  33|0x0000000082100000, 0x0000000082200000, 0x0000000082200000|100%|HC|  |TAMS 0x0000000082200000, 0x0000000082100000| Complete 
|  34|0x0000000082200000, 0x0000000082300000, 0x0000000082300000|100%|HC|  |TAMS 0x0000000082300000, 0x0000000082200000| Complete 
|  35|0x0000000082300000, 0x0000000082400000, 0x0000000082400000|100%|HC|  |TAMS 0x0000000082400000, 0x0000000082300000| Complete 
|  36|0x0000000082400000, 0x0000000082500000, 0x0000000082500000|100%|HC|  |TAMS 0x0000000082500000, 0x0000000082400000| Complete 
|  37|0x0000000082500000, 0x0000000082600000, 0x0000000082600000|100%|HC|  |TAMS 0x0000000082600000, 0x0000000082500000| Complete 
|  38|0x0000000082600000, 0x0000000082700000, 0x0000000082700000|100%|HC|  |TAMS 0x0000000082700000, 0x0000000082600000| Complete 
|  39|0x0000000082700000, 0x0000000082800000, 0x0000000082800000|100%|HC|  |TAMS 0x0000000082800000, 0x0000000082700000| Complete 
|  40|0x0000000082800000, 0x0000000082900000, 0x0000000082900000|100%|HC|  |TAMS 0x0000000082900000, 0x0000000082800000| Complete 
|  41|0x0000000082900000, 0x0000000082a00000, 0x0000000082a00000|100%|HC|  |TAMS 0x0000000082a00000, 0x0000000082900000| Complete 
|  42|0x0000000082a00000, 0x0000000082b00000, 0x0000000082b00000|100%|HC|  |TAMS 0x0000000082b00000, 0x0000000082a00000| Complete 
|  43|0x0000000082b00000, 0x0000000082c00000, 0x0000000082c00000|100%|HC|  |TAMS 0x0000000082c00000, 0x0000000082b00000| Complete 
|  44|0x0000000082c00000, 0x0000000082d00000, 0x0000000082d00000|100%| O|  |TAMS 0x0000000082d00000, 0x0000000082c00000| Untracked 
|  45|0x0000000082d00000, 0x0000000082e00000, 0x0000000082e00000|100%|HS|  |TAMS 0x0000000082e00000, 0x0000000082d00000| Complete 
|  46|0x0000000082e00000, 0x0000000082f00000, 0x0000000082f00000|100%|HC|  |TAMS 0x0000000082f00000, 0x0000000082e00000| Complete 
|  47|0x0000000082f00000, 0x0000000083000000, 0x0000000083000000|100%| O|  |TAMS 0x0000000083000000, 0x0000000082f00000| Untracked 
|  48|0x0000000083000000, 0x0000000083100000, 0x0000000083100000|100%| O|  |TAMS 0x0000000083100000, 0x0000000083000000| Untracked 
|  49|0x0000000083100000, 0x0000000083200000, 0x0000000083200000|100%| O|  |TAMS 0x0000000083200000, 0x0000000083100000| Untracked 
|  50|0x0000000083200000, 0x0000000083300000, 0x0000000083300000|100%| O|  |TAMS 0x0000000083300000, 0x0000000083200000| Untracked 
|  51|0x0000000083300000, 0x0000000083400000, 0x0000000083400000|100%| O|  |TAMS 0x0000000083400000, 0x0000000083300000| Untracked 
|  52|0x0000000083400000, 0x0000000083500000, 0x0000000083500000|100%| O|  |TAMS 0x0000000083500000, 0x0000000083400000| Untracked 
|  53|0x0000000083500000, 0x0000000083600000, 0x0000000083600000|100%| O|  |TAMS 0x0000000083600000, 0x0000000083500000| Untracked 
|  54|0x0000000083600000, 0x0000000083700000, 0x0000000083700000|100%| O|  |TAMS 0x0000000083700000, 0x0000000083600000| Untracked 
|  55|0x0000000083700000, 0x0000000083800000, 0x0000000083800000|100%|HS|  |TAMS 0x0000000083800000, 0x0000000083700000| Complete 
|  56|0x0000000083800000, 0x0000000083900000, 0x0000000083900000|100%|HC|  |TAMS 0x0000000083900000, 0x0000000083800000| Complete 
|  57|0x0000000083900000, 0x0000000083a00000, 0x0000000083a00000|100%|HC|  |TAMS 0x0000000083a00000, 0x0000000083900000| Complete 
|  58|0x0000000083a00000, 0x0000000083b00000, 0x0000000083b00000|100%|HS|  |TAMS 0x0000000083b00000, 0x0000000083a00000| Complete 
|  59|0x0000000083b00000, 0x0000000083c00000, 0x0000000083c00000|100%|HC|  |TAMS 0x0000000083c00000, 0x0000000083b00000| Complete 
|  60|0x0000000083c00000, 0x0000000083d00000, 0x0000000083d00000|100%|HC|  |TAMS 0x0000000083d00000, 0x0000000083c00000| Complete 
|  61|0x0000000083d00000, 0x0000000083e00000, 0x0000000083e00000|100%| O|  |TAMS 0x0000000083e00000, 0x0000000083d00000| Untracked 
|  62|0x0000000083e00000, 0x0000000083f00000, 0x0000000083f00000|100%| O|  |TAMS 0x0000000083f00000, 0x0000000083e00000| Untracked 
|  63|0x0000000083f00000, 0x0000000084000000, 0x0000000084000000|100%| O|  |TAMS 0x0000000084000000, 0x0000000083f00000| Untracked 
|  64|0x0000000084000000, 0x0000000084100000, 0x0000000084100000|100%| O|  |TAMS 0x0000000084100000, 0x0000000084000000| Untracked 
|  65|0x0000000084100000, 0x0000000084200000, 0x0000000084200000|100%| O|  |TAMS 0x0000000084200000, 0x0000000084100000| Untracked 
|  66|0x0000000084200000, 0x0000000084300000, 0x0000000084300000|100%| O|  |TAMS 0x0000000084300000, 0x0000000084200000| Untracked 
|  67|0x0000000084300000, 0x0000000084400000, 0x0000000084400000|100%| O|  |TAMS 0x0000000084400000, 0x0000000084300000| Untracked 
|  68|0x0000000084400000, 0x0000000084500000, 0x0000000084500000|100%| O|  |TAMS 0x0000000084500000, 0x0000000084400000| Untracked 
|  69|0x0000000084500000, 0x0000000084600000, 0x0000000084600000|100%| O|  |TAMS 0x0000000084600000, 0x0000000084500000| Untracked 
|  70|0x0000000084600000, 0x0000000084700000, 0x0000000084700000|100%| O|  |TAMS 0x0000000084700000, 0x0000000084600000| Untracked 
|  71|0x0000000084700000, 0x0000000084800000, 0x0000000084800000|100%| O|  |TAMS 0x0000000084800000, 0x0000000084700000| Untracked 
|  72|0x0000000084800000, 0x0000000084900000, 0x0000000084900000|100%|HS|  |TAMS 0x0000000084900000, 0x0000000084800000| Complete 
|  73|0x0000000084900000, 0x0000000084a00000, 0x0000000084a00000|100%|HS|  |TAMS 0x0000000084a00000, 0x0000000084900000| Complete 
|  74|0x0000000084a00000, 0x0000000084b00000, 0x0000000084b00000|100%|HS|  |TAMS 0x0000000084b00000, 0x0000000084a00000| Complete 
|  75|0x0000000084b00000, 0x0000000084c00000, 0x0000000084c00000|100%|HC|  |TAMS 0x0000000084c00000, 0x0000000084b00000| Complete 
|  76|0x0000000084c00000, 0x0000000084d00000, 0x0000000084d00000|100%|HS|  |TAMS 0x0000000084d00000, 0x0000000084c00000| Complete 
|  77|0x0000000084d00000, 0x0000000084e00000, 0x0000000084e00000|100%|HS|  |TAMS 0x0000000084e00000, 0x0000000084d00000| Complete 
|  78|0x0000000084e00000, 0x0000000084f00000, 0x0000000084f00000|100%|HC|  |TAMS 0x0000000084f00000, 0x0000000084e00000| Complete 
|  79|0x0000000084f00000, 0x0000000085000000, 0x0000000085000000|100%|HC|  |TAMS 0x0000000085000000, 0x0000000084f00000| Complete 
|  80|0x0000000085000000, 0x0000000085100000, 0x0000000085100000|100%|HC|  |TAMS 0x0000000085100000, 0x0000000085000000| Complete 
|  81|0x0000000085100000, 0x0000000085200000, 0x0000000085200000|100%| O|  |TAMS 0x0000000085200000, 0x0000000085100000| Untracked 
|  82|0x0000000085200000, 0x0000000085300000, 0x0000000085300000|100%| O|  |TAMS 0x0000000085300000, 0x0000000085200000| Untracked 
|  83|0x0000000085300000, 0x0000000085400000, 0x0000000085400000|100%| O|  |TAMS 0x0000000085400000, 0x0000000085300000| Untracked 
|  84|0x0000000085400000, 0x0000000085500000, 0x0000000085500000|100%| O|  |TAMS 0x0000000085500000, 0x0000000085400000| Untracked 
|  85|0x0000000085500000, 0x0000000085600000, 0x0000000085600000|100%| O|  |TAMS 0x0000000085600000, 0x0000000085500000| Untracked 
|  86|0x0000000085600000, 0x0000000085700000, 0x0000000085700000|100%| O|  |TAMS 0x0000000085700000, 0x0000000085600000| Untracked 
|  87|0x0000000085700000, 0x0000000085800000, 0x0000000085800000|100%| O|  |TAMS 0x0000000085800000, 0x0000000085700000| Untracked 
|  88|0x0000000085800000, 0x0000000085900000, 0x0000000085900000|100%| O|  |TAMS 0x0000000085900000, 0x0000000085800000| Untracked 
|  89|0x0000000085900000, 0x0000000085a00000, 0x0000000085a00000|100%| O|  |TAMS 0x0000000085a00000, 0x0000000085900000| Untracked 
|  90|0x0000000085a00000, 0x0000000085b00000, 0x0000000085b00000|100%| O|  |TAMS 0x0000000085b00000, 0x0000000085a00000| Untracked 
|  91|0x0000000085b00000, 0x0000000085c00000, 0x0000000085c00000|100%| O|  |TAMS 0x0000000085c00000, 0x0000000085b00000| Untracked 
|  92|0x0000000085c00000, 0x0000000085d00000, 0x0000000085d00000|100%| O|  |TAMS 0x0000000085d00000, 0x0000000085c00000| Untracked 
|  93|0x0000000085d00000, 0x0000000085e00000, 0x0000000085e00000|100%| O|  |TAMS 0x0000000085e00000, 0x0000000085d00000| Untracked 
|  94|0x0000000085e00000, 0x0000000085f00000, 0x0000000085f00000|100%| O|  |TAMS 0x0000000085f00000, 0x0000000085e00000| Untracked 
|  95|0x0000000085f00000, 0x0000000086000000, 0x0000000086000000|100%| O|  |TAMS 0x0000000086000000, 0x0000000085f00000| Untracked 
|  96|0x0000000086000000, 0x0000000086100000, 0x0000000086100000|100%| O|  |TAMS 0x0000000086100000, 0x0000000086000000| Untracked 
|  97|0x0000000086100000, 0x0000000086200000, 0x0000000086200000|100%| O|  |TAMS 0x0000000086200000, 0x0000000086100000| Untracked 
|  98|0x0000000086200000, 0x0000000086300000, 0x0000000086300000|100%| O|  |TAMS 0x0000000086300000, 0x0000000086200000| Untracked 
|  99|0x0000000086300000, 0x0000000086400000, 0x0000000086400000|100%| O|  |TAMS 0x0000000086400000, 0x0000000086300000| Untracked 
| 100|0x0000000086400000, 0x0000000086500000, 0x0000000086500000|100%|HS|  |TAMS 0x0000000086500000, 0x0000000086400000| Complete 
| 101|0x0000000086500000, 0x0000000086600000, 0x0000000086600000|100%|HC|  |TAMS 0x0000000086600000, 0x0000000086500000| Complete 
| 102|0x0000000086600000, 0x0000000086700000, 0x0000000086700000|100%|HC|  |TAMS 0x0000000086700000, 0x0000000086600000| Complete 
| 103|0x0000000086700000, 0x0000000086800000, 0x0000000086800000|100%|HC|  |TAMS 0x0000000086800000, 0x0000000086700000| Complete 
| 104|0x0000000086800000, 0x0000000086900000, 0x0000000086900000|100%| O|  |TAMS 0x0000000086900000, 0x0000000086800000| Untracked 
| 105|0x0000000086900000, 0x0000000086a00000, 0x0000000086a00000|100%| O|  |TAMS 0x0000000086a00000, 0x0000000086900000| Untracked 
| 106|0x0000000086a00000, 0x0000000086b00000, 0x0000000086b00000|100%| O|  |TAMS 0x0000000086b00000, 0x0000000086a00000| Untracked 
| 107|0x0000000086b00000, 0x0000000086c00000, 0x0000000086c00000|100%| O|  |TAMS 0x0000000086c00000, 0x0000000086b00000| Untracked 
| 108|0x0000000086c00000, 0x0000000086d00000, 0x0000000086d00000|100%| O|  |TAMS 0x0000000086d00000, 0x0000000086c00000| Untracked 
| 109|0x0000000086d00000, 0x0000000086e00000, 0x0000000086e00000|100%| O|  |TAMS 0x0000000086e00000, 0x0000000086d00000| Untracked 
| 110|0x0000000086e00000, 0x0000000086f00000, 0x0000000086f00000|100%| O|  |TAMS 0x0000000086f00000, 0x0000000086e00000| Untracked 
| 111|0x0000000086f00000, 0x0000000087000000, 0x0000000087000000|100%| O|  |TAMS 0x0000000087000000, 0x0000000086f00000| Untracked 
| 112|0x0000000087000000, 0x0000000087100000, 0x0000000087100000|100%| O|  |TAMS 0x0000000087100000, 0x0000000087000000| Untracked 
| 113|0x0000000087100000, 0x0000000087200000, 0x0000000087200000|100%| O|  |TAMS 0x0000000087200000, 0x0000000087100000| Untracked 
| 114|0x0000000087200000, 0x0000000087300000, 0x0000000087300000|100%| O|  |TAMS 0x0000000087300000, 0x0000000087200000| Untracked 
| 115|0x0000000087300000, 0x0000000087400000, 0x0000000087400000|100%| O|  |TAMS 0x0000000087400000, 0x0000000087300000| Untracked 
| 116|0x0000000087400000, 0x0000000087500000, 0x0000000087500000|100%| O|  |TAMS 0x0000000087500000, 0x0000000087400000| Untracked 
| 117|0x0000000087500000, 0x0000000087600000, 0x0000000087600000|100%| O|  |TAMS 0x0000000087600000, 0x0000000087500000| Untracked 
| 118|0x0000000087600000, 0x0000000087700000, 0x0000000087700000|100%| O|  |TAMS 0x0000000087700000, 0x0000000087600000| Untracked 
| 119|0x0000000087700000, 0x0000000087800000, 0x0000000087800000|100%| O|  |TAMS 0x0000000087800000, 0x0000000087700000| Untracked 
| 120|0x0000000087800000, 0x0000000087900000, 0x0000000087900000|100%| O|  |TAMS 0x0000000087900000, 0x0000000087800000| Untracked 
| 121|0x0000000087900000, 0x0000000087a00000, 0x0000000087a00000|100%| O|  |TAMS 0x0000000087a00000, 0x0000000087900000| Untracked 
| 122|0x0000000087a00000, 0x0000000087b00000, 0x0000000087b00000|100%| O|  |TAMS 0x0000000087b00000, 0x0000000087a00000| Untracked 
| 123|0x0000000087b00000, 0x0000000087c00000, 0x0000000087c00000|100%| O|  |TAMS 0x0000000087c00000, 0x0000000087b00000| Untracked 
| 124|0x0000000087c00000, 0x0000000087d00000, 0x0000000087d00000|100%| O|  |TAMS 0x0000000087d00000, 0x0000000087c00000| Untracked 
| 125|0x0000000087d00000, 0x0000000087e00000, 0x0000000087e00000|100%| O|  |TAMS 0x0000000087e00000, 0x0000000087d00000| Untracked 
| 126|0x0000000087e00000, 0x0000000087f00000, 0x0000000087f00000|100%| O|  |TAMS 0x0000000087f00000, 0x0000000087e00000| Untracked 
| 127|0x0000000087f00000, 0x0000000088000000, 0x0000000088000000|100%|HS|  |TAMS 0x0000000088000000, 0x0000000087f00000| Complete 
| 128|0x0000000088000000, 0x0000000088100000, 0x0000000088100000|100%|HC|  |TAMS 0x0000000088100000, 0x0000000088000000| Complete 
| 129|0x0000000088100000, 0x0000000088200000, 0x0000000088200000|100%|HC|  |TAMS 0x0000000088200000, 0x0000000088100000| Complete 
| 130|0x0000000088200000, 0x0000000088300000, 0x0000000088300000|100%|HC|  |TAMS 0x0000000088300000, 0x0000000088200000| Complete 
| 131|0x0000000088300000, 0x0000000088400000, 0x0000000088400000|100%|HC|  |TAMS 0x0000000088400000, 0x0000000088300000| Complete 
| 132|0x0000000088400000, 0x0000000088500000, 0x0000000088500000|100%|HC|  |TAMS 0x0000000088500000, 0x0000000088400000| Complete 
| 133|0x0000000088500000, 0x0000000088600000, 0x0000000088600000|100%| O|  |TAMS 0x0000000088600000, 0x0000000088500000| Untracked 
| 134|0x0000000088600000, 0x0000000088700000, 0x0000000088700000|100%| O|  |TAMS 0x0000000088700000, 0x0000000088600000| Untracked 
| 135|0x0000000088700000, 0x0000000088800000, 0x0000000088800000|100%| O|  |TAMS 0x0000000088800000, 0x0000000088700000| Untracked 
| 136|0x0000000088800000, 0x0000000088900000, 0x0000000088900000|100%| O|  |TAMS 0x0000000088900000, 0x0000000088800000| Untracked 
| 137|0x0000000088900000, 0x0000000088a00000, 0x0000000088a00000|100%| O|  |TAMS 0x0000000088a00000, 0x0000000088900000| Untracked 
| 138|0x0000000088a00000, 0x0000000088b00000, 0x0000000088b00000|100%| O|  |TAMS 0x0000000088b00000, 0x0000000088a00000| Untracked 
| 139|0x0000000088b00000, 0x0000000088c00000, 0x0000000088c00000|100%| O|  |TAMS 0x0000000088c00000, 0x0000000088b00000| Untracked 
| 140|0x0000000088c00000, 0x0000000088d00000, 0x0000000088d00000|100%| O|  |TAMS 0x0000000088d00000, 0x0000000088c00000| Complete 
| 141|0x0000000088d00000, 0x0000000088e00000, 0x0000000088e00000|100%| O|  |TAMS 0x0000000088e00000, 0x0000000088d00000| Untracked 
| 142|0x0000000088e00000, 0x0000000088f00000, 0x0000000088f00000|100%| O|  |TAMS 0x0000000088f00000, 0x0000000088e00000| Untracked 
| 143|0x0000000088f00000, 0x0000000089000000, 0x0000000089000000|100%| O|  |TAMS 0x0000000089000000, 0x0000000088f00000| Untracked 
| 144|0x0000000089000000, 0x0000000089100000, 0x0000000089100000|100%| O|  |TAMS 0x0000000089100000, 0x0000000089000000| Untracked 
| 145|0x0000000089100000, 0x0000000089200000, 0x0000000089200000|100%| O|  |TAMS 0x0000000089200000, 0x0000000089100000| Untracked 
| 146|0x0000000089200000, 0x00000000892de400, 0x0000000089300000| 86%| O|  |TAMS 0x00000000892de400, 0x0000000089200000| Untracked 
| 147|0x0000000089300000, 0x0000000089300000, 0x0000000089400000|  0%| F|  |TAMS 0x0000000089300000, 0x0000000089300000| Untracked 
| 148|0x0000000089400000, 0x0000000089400000, 0x0000000089500000|  0%| F|  |TAMS 0x0000000089400000, 0x0000000089400000| Untracked 
| 149|0x0000000089500000, 0x0000000089500000, 0x0000000089600000|  0%| F|  |TAMS 0x0000000089500000, 0x0000000089500000| Untracked 
| 150|0x0000000089600000, 0x0000000089600000, 0x0000000089700000|  0%| F|  |TAMS 0x0000000089600000, 0x0000000089600000| Untracked 
| 151|0x0000000089700000, 0x0000000089700000, 0x0000000089800000|  0%| F|  |TAMS 0x0000000089700000, 0x0000000089700000| Untracked 
| 152|0x0000000089800000, 0x0000000089800000, 0x0000000089900000|  0%| F|  |TAMS 0x0000000089800000, 0x0000000089800000| Untracked 
| 153|0x0000000089900000, 0x0000000089900000, 0x0000000089a00000|  0%| F|  |TAMS 0x0000000089900000, 0x0000000089900000| Untracked 
| 154|0x0000000089a00000, 0x0000000089a00000, 0x0000000089b00000|  0%| F|  |TAMS 0x0000000089a00000, 0x0000000089a00000| Untracked 
| 155|0x0000000089b00000, 0x0000000089b00000, 0x0000000089c00000|  0%| F|  |TAMS 0x0000000089b00000, 0x0000000089b00000| Untracked 
| 156|0x0000000089c00000, 0x0000000089c00000, 0x0000000089d00000|  0%| F|  |TAMS 0x0000000089c00000, 0x0000000089c00000| Untracked 
| 157|0x0000000089d00000, 0x0000000089d00000, 0x0000000089e00000|  0%| F|  |TAMS 0x0000000089d00000, 0x0000000089d00000| Untracked 
| 158|0x0000000089e00000, 0x0000000089e00000, 0x0000000089f00000|  0%| F|  |TAMS 0x0000000089e00000, 0x0000000089e00000| Untracked 
| 159|0x0000000089f00000, 0x0000000089f00000, 0x000000008a000000|  0%| F|  |TAMS 0x0000000089f00000, 0x0000000089f00000| Untracked 
| 160|0x000000008a000000, 0x000000008a000000, 0x000000008a100000|  0%| F|  |TAMS 0x000000008a000000, 0x000000008a000000| Untracked 
| 161|0x000000008a100000, 0x000000008a100000, 0x000000008a200000|  0%| F|  |TAMS 0x000000008a100000, 0x000000008a100000| Untracked 
| 162|0x000000008a200000, 0x000000008a200000, 0x000000008a300000|  0%| F|  |TAMS 0x000000008a200000, 0x000000008a200000| Untracked 
| 163|0x000000008a300000, 0x000000008a300000, 0x000000008a400000|  0%| F|  |TAMS 0x000000008a300000, 0x000000008a300000| Untracked 
| 164|0x000000008a400000, 0x000000008a400000, 0x000000008a500000|  0%| F|  |TAMS 0x000000008a400000, 0x000000008a400000| Untracked 
| 165|0x000000008a500000, 0x000000008a500000, 0x000000008a600000|  0%| F|  |TAMS 0x000000008a500000, 0x000000008a500000| Untracked 
| 166|0x000000008a600000, 0x000000008a600000, 0x000000008a700000|  0%| F|  |TAMS 0x000000008a600000, 0x000000008a600000| Untracked 
| 167|0x000000008a700000, 0x000000008a700000, 0x000000008a800000|  0%| F|  |TAMS 0x000000008a700000, 0x000000008a700000| Untracked 
| 168|0x000000008a800000, 0x000000008a800000, 0x000000008a900000|  0%| F|  |TAMS 0x000000008a800000, 0x000000008a800000| Untracked 
| 169|0x000000008a900000, 0x000000008a900000, 0x000000008aa00000|  0%| F|  |TAMS 0x000000008a900000, 0x000000008a900000| Untracked 
| 170|0x000000008aa00000, 0x000000008aa00000, 0x000000008ab00000|  0%| F|  |TAMS 0x000000008aa00000, 0x000000008aa00000| Untracked 
| 171|0x000000008ab00000, 0x000000008ab00000, 0x000000008ac00000|  0%| F|  |TAMS 0x000000008ab00000, 0x000000008ab00000| Untracked 
| 172|0x000000008ac00000, 0x000000008ac00000, 0x000000008ad00000|  0%| F|  |TAMS 0x000000008ac00000, 0x000000008ac00000| Untracked 
| 173|0x000000008ad00000, 0x000000008ad00000, 0x000000008ae00000|  0%| F|  |TAMS 0x000000008ad00000, 0x000000008ad00000| Untracked 
| 174|0x000000008ae00000, 0x000000008ae00000, 0x000000008af00000|  0%| F|  |TAMS 0x000000008ae00000, 0x000000008ae00000| Untracked 
| 175|0x000000008af00000, 0x000000008af00000, 0x000000008b000000|  0%| F|  |TAMS 0x000000008af00000, 0x000000008af00000| Untracked 
| 176|0x000000008b000000, 0x000000008b000000, 0x000000008b100000|  0%| F|  |TAMS 0x000000008b000000, 0x000000008b000000| Untracked 
| 177|0x000000008b100000, 0x000000008b100000, 0x000000008b200000|  0%| F|  |TAMS 0x000000008b100000, 0x000000008b100000| Untracked 
| 178|0x000000008b200000, 0x000000008b200000, 0x000000008b300000|  0%| F|  |TAMS 0x000000008b200000, 0x000000008b200000| Untracked 
| 179|0x000000008b300000, 0x000000008b300000, 0x000000008b400000|  0%| F|  |TAMS 0x000000008b300000, 0x000000008b300000| Untracked 
| 180|0x000000008b400000, 0x000000008b400000, 0x000000008b500000|  0%| F|  |TAMS 0x000000008b400000, 0x000000008b400000| Untracked 
| 181|0x000000008b500000, 0x000000008b500000, 0x000000008b600000|  0%| F|  |TAMS 0x000000008b500000, 0x000000008b500000| Untracked 
| 182|0x000000008b600000, 0x000000008b600000, 0x000000008b700000|  0%| F|  |TAMS 0x000000008b600000, 0x000000008b600000| Untracked 
| 183|0x000000008b700000, 0x000000008b700000, 0x000000008b800000|  0%| F|  |TAMS 0x000000008b700000, 0x000000008b700000| Untracked 
| 184|0x000000008b800000, 0x000000008b800000, 0x000000008b900000|  0%| F|  |TAMS 0x000000008b800000, 0x000000008b800000| Untracked 
| 185|0x000000008b900000, 0x000000008b900000, 0x000000008ba00000|  0%| F|  |TAMS 0x000000008b900000, 0x000000008b900000| Untracked 
| 186|0x000000008ba00000, 0x000000008ba00000, 0x000000008bb00000|  0%| F|  |TAMS 0x000000008ba00000, 0x000000008ba00000| Untracked 
| 187|0x000000008bb00000, 0x000000008bb00000, 0x000000008bc00000|  0%| F|  |TAMS 0x000000008bb00000, 0x000000008bb00000| Untracked 
| 188|0x000000008bc00000, 0x000000008bc00000, 0x000000008bd00000|  0%| F|  |TAMS 0x000000008bc00000, 0x000000008bc00000| Untracked 
| 189|0x000000008bd00000, 0x000000008bd00000, 0x000000008be00000|  0%| F|  |TAMS 0x000000008bd00000, 0x000000008bd00000| Untracked 
| 190|0x000000008be00000, 0x000000008be36b90, 0x000000008bf00000| 21%| S|CS|TAMS 0x000000008be00000, 0x000000008be00000| Complete 
| 191|0x000000008bf00000, 0x000000008c000000, 0x000000008c000000|100%| S|CS|TAMS 0x000000008bf00000, 0x000000008bf00000| Complete 
| 192|0x000000008c000000, 0x000000008c100000, 0x000000008c100000|100%| S|CS|TAMS 0x000000008c000000, 0x000000008c000000| Complete 
| 193|0x000000008c100000, 0x000000008c200000, 0x000000008c200000|100%| S|CS|TAMS 0x000000008c100000, 0x000000008c100000| Complete 
| 194|0x000000008c200000, 0x000000008c300000, 0x000000008c300000|100%| S|CS|TAMS 0x000000008c200000, 0x000000008c200000| Complete 
| 195|0x000000008c300000, 0x000000008c300000, 0x000000008c400000|  0%| F|  |TAMS 0x000000008c300000, 0x000000008c300000| Untracked 
| 196|0x000000008c400000, 0x000000008c400000, 0x000000008c500000|  0%| F|  |TAMS 0x000000008c400000, 0x000000008c400000| Untracked 
| 197|0x000000008c500000, 0x000000008c500000, 0x000000008c600000|  0%| F|  |TAMS 0x000000008c500000, 0x000000008c500000| Untracked 
| 198|0x000000008c600000, 0x000000008c600000, 0x000000008c700000|  0%| F|  |TAMS 0x000000008c600000, 0x000000008c600000| Untracked 
| 199|0x000000008c700000, 0x000000008c700000, 0x000000008c800000|  0%| F|  |TAMS 0x000000008c700000, 0x000000008c700000| Untracked 
| 200|0x000000008c800000, 0x000000008c800000, 0x000000008c900000|  0%| F|  |TAMS 0x000000008c800000, 0x000000008c800000| Untracked 
| 201|0x000000008c900000, 0x000000008c900000, 0x000000008ca00000|  0%| F|  |TAMS 0x000000008c900000, 0x000000008c900000| Untracked 
| 202|0x000000008ca00000, 0x000000008ca00000, 0x000000008cb00000|  0%| F|  |TAMS 0x000000008ca00000, 0x000000008ca00000| Untracked 
| 203|0x000000008cb00000, 0x000000008cb00000, 0x000000008cc00000|  0%| F|  |TAMS 0x000000008cb00000, 0x000000008cb00000| Untracked 
| 204|0x000000008cc00000, 0x000000008cc00000, 0x000000008cd00000|  0%| F|  |TAMS 0x000000008cc00000, 0x000000008cc00000| Untracked 
| 205|0x000000008cd00000, 0x000000008cd00000, 0x000000008ce00000|  0%| F|  |TAMS 0x000000008cd00000, 0x000000008cd00000| Untracked 
| 206|0x000000008ce00000, 0x000000008ce00000, 0x000000008cf00000|  0%| F|  |TAMS 0x000000008ce00000, 0x000000008ce00000| Untracked 
| 207|0x000000008cf00000, 0x000000008cf00000, 0x000000008d000000|  0%| F|  |TAMS 0x000000008cf00000, 0x000000008cf00000| Untracked 
| 208|0x000000008d000000, 0x000000008d000000, 0x000000008d100000|  0%| F|  |TAMS 0x000000008d000000, 0x000000008d000000| Untracked 
| 209|0x000000008d100000, 0x000000008d100000, 0x000000008d200000|  0%| F|  |TAMS 0x000000008d100000, 0x000000008d100000| Untracked 
| 210|0x000000008d200000, 0x000000008d200000, 0x000000008d300000|  0%| F|  |TAMS 0x000000008d200000, 0x000000008d200000| Untracked 
| 211|0x000000008d300000, 0x000000008d300000, 0x000000008d400000|  0%| F|  |TAMS 0x000000008d300000, 0x000000008d300000| Untracked 
| 212|0x000000008d400000, 0x000000008d400000, 0x000000008d500000|  0%| F|  |TAMS 0x000000008d400000, 0x000000008d400000| Untracked 
| 213|0x000000008d500000, 0x000000008d500000, 0x000000008d600000|  0%| F|  |TAMS 0x000000008d500000, 0x000000008d500000| Untracked 
| 214|0x000000008d600000, 0x000000008d600000, 0x000000008d700000|  0%| F|  |TAMS 0x000000008d600000, 0x000000008d600000| Untracked 
| 215|0x000000008d700000, 0x000000008d700000, 0x000000008d800000|  0%| F|  |TAMS 0x000000008d700000, 0x000000008d700000| Untracked 
| 216|0x000000008d800000, 0x000000008d800000, 0x000000008d900000|  0%| F|  |TAMS 0x000000008d800000, 0x000000008d800000| Untracked 
| 217|0x000000008d900000, 0x000000008d900000, 0x000000008da00000|  0%| F|  |TAMS 0x000000008d900000, 0x000000008d900000| Untracked 
| 218|0x000000008da00000, 0x000000008db00000, 0x000000008db00000|100%| E|  |TAMS 0x000000008da00000, 0x000000008da00000| Complete 
| 219|0x000000008db00000, 0x000000008dc00000, 0x000000008dc00000|100%| E|CS|TAMS 0x000000008db00000, 0x000000008db00000| Complete 
| 220|0x000000008dc00000, 0x000000008dd00000, 0x000000008dd00000|100%| E|CS|TAMS 0x000000008dc00000, 0x000000008dc00000| Complete 
| 221|0x000000008dd00000, 0x000000008de00000, 0x000000008de00000|100%| E|CS|TAMS 0x000000008dd00000, 0x000000008dd00000| Complete 
| 222|0x000000008de00000, 0x000000008df00000, 0x000000008df00000|100%| E|CS|TAMS 0x000000008de00000, 0x000000008de00000| Complete 
| 223|0x000000008df00000, 0x000000008e000000, 0x000000008e000000|100%| E|CS|TAMS 0x000000008df00000, 0x000000008df00000| Complete 
| 224|0x000000008e000000, 0x000000008e100000, 0x000000008e100000|100%| E|CS|TAMS 0x000000008e000000, 0x000000008e000000| Complete 
| 225|0x000000008e100000, 0x000000008e200000, 0x000000008e200000|100%| E|CS|TAMS 0x000000008e100000, 0x000000008e100000| Complete 
| 226|0x000000008e200000, 0x000000008e300000, 0x000000008e300000|100%| E|CS|TAMS 0x000000008e200000, 0x000000008e200000| Complete 
| 227|0x000000008e300000, 0x000000008e400000, 0x000000008e400000|100%| E|CS|TAMS 0x000000008e300000, 0x000000008e300000| Complete 
| 228|0x000000008e400000, 0x000000008e500000, 0x000000008e500000|100%| E|CS|TAMS 0x000000008e400000, 0x000000008e400000| Complete 
| 229|0x000000008e500000, 0x000000008e600000, 0x000000008e600000|100%| E|CS|TAMS 0x000000008e500000, 0x000000008e500000| Complete 
| 230|0x000000008e600000, 0x000000008e700000, 0x000000008e700000|100%| E|CS|TAMS 0x000000008e600000, 0x000000008e600000| Complete 
| 231|0x000000008e700000, 0x000000008e800000, 0x000000008e800000|100%| E|CS|TAMS 0x000000008e700000, 0x000000008e700000| Complete 
| 232|0x000000008e800000, 0x000000008e900000, 0x000000008e900000|100%| E|CS|TAMS 0x000000008e800000, 0x000000008e800000| Complete 
| 233|0x000000008e900000, 0x000000008ea00000, 0x000000008ea00000|100%| E|CS|TAMS 0x000000008e900000, 0x000000008e900000| Complete 
| 234|0x000000008ea00000, 0x000000008eb00000, 0x000000008eb00000|100%| E|CS|TAMS 0x000000008ea00000, 0x000000008ea00000| Complete 
| 235|0x000000008eb00000, 0x000000008ec00000, 0x000000008ec00000|100%| E|CS|TAMS 0x000000008eb00000, 0x000000008eb00000| Complete 
| 236|0x000000008ec00000, 0x000000008ed00000, 0x000000008ed00000|100%| E|CS|TAMS 0x000000008ec00000, 0x000000008ec00000| Complete 
| 237|0x000000008ed00000, 0x000000008ee00000, 0x000000008ee00000|100%| E|CS|TAMS 0x000000008ed00000, 0x000000008ed00000| Complete 
| 238|0x000000008ee00000, 0x000000008ef00000, 0x000000008ef00000|100%| E|CS|TAMS 0x000000008ee00000, 0x000000008ee00000| Complete 
| 239|0x000000008ef00000, 0x000000008f000000, 0x000000008f000000|100%| E|CS|TAMS 0x000000008ef00000, 0x000000008ef00000| Complete 
| 240|0x000000008f000000, 0x000000008f100000, 0x000000008f100000|100%| E|CS|TAMS 0x000000008f000000, 0x000000008f000000| Complete 
| 241|0x000000008f100000, 0x000000008f200000, 0x000000008f200000|100%| E|CS|TAMS 0x000000008f100000, 0x000000008f100000| Complete 
| 242|0x000000008f200000, 0x000000008f300000, 0x000000008f300000|100%| E|CS|TAMS 0x000000008f200000, 0x000000008f200000| Complete 
| 243|0x000000008f300000, 0x000000008f400000, 0x000000008f400000|100%| E|CS|TAMS 0x000000008f300000, 0x000000008f300000| Complete 
| 244|0x000000008f400000, 0x000000008f500000, 0x000000008f500000|100%| E|CS|TAMS 0x000000008f400000, 0x000000008f400000| Complete 
| 245|0x000000008f500000, 0x000000008f600000, 0x000000008f600000|100%| E|CS|TAMS 0x000000008f500000, 0x000000008f500000| Complete 
| 246|0x000000008f600000, 0x000000008f700000, 0x000000008f700000|100%| E|CS|TAMS 0x000000008f600000, 0x000000008f600000| Complete 
| 247|0x000000008f700000, 0x000000008f800000, 0x000000008f800000|100%| E|CS|TAMS 0x000000008f700000, 0x000000008f700000| Complete 
| 248|0x000000008f800000, 0x000000008f900000, 0x000000008f900000|100%| E|CS|TAMS 0x000000008f800000, 0x000000008f800000| Complete 
| 249|0x000000008f900000, 0x000000008fa00000, 0x000000008fa00000|100%| E|CS|TAMS 0x000000008f900000, 0x000000008f900000| Complete 
| 250|0x000000008fa00000, 0x000000008fb00000, 0x000000008fb00000|100%| E|CS|TAMS 0x000000008fa00000, 0x000000008fa00000| Complete 
| 251|0x000000008fb00000, 0x000000008fc00000, 0x000000008fc00000|100%| E|CS|TAMS 0x000000008fb00000, 0x000000008fb00000| Complete 
| 252|0x000000008fc00000, 0x000000008fd00000, 0x000000008fd00000|100%| E|CS|TAMS 0x000000008fc00000, 0x000000008fc00000| Complete 
| 253|0x000000008fd00000, 0x000000008fe00000, 0x000000008fe00000|100%| E|CS|TAMS 0x000000008fd00000, 0x000000008fd00000| Complete 
| 254|0x000000008fe00000, 0x000000008ff00000, 0x000000008ff00000|100%| E|CS|TAMS 0x000000008fe00000, 0x000000008fe00000| Complete 
| 255|0x000000008ff00000, 0x0000000090000000, 0x0000000090000000|100%| E|CS|TAMS 0x000000008ff00000, 0x000000008ff00000| Complete 
| 256|0x0000000090000000, 0x0000000090100000, 0x0000000090100000|100%| E|CS|TAMS 0x0000000090000000, 0x0000000090000000| Complete 
| 257|0x0000000090100000, 0x0000000090200000, 0x0000000090200000|100%| E|CS|TAMS 0x0000000090100000, 0x0000000090100000| Complete 
| 258|0x0000000090200000, 0x0000000090300000, 0x0000000090300000|100%| E|CS|TAMS 0x0000000090200000, 0x0000000090200000| Complete 
| 259|0x0000000090300000, 0x0000000090400000, 0x0000000090400000|100%| E|CS|TAMS 0x0000000090300000, 0x0000000090300000| Complete 
| 260|0x0000000090400000, 0x0000000090500000, 0x0000000090500000|100%| E|CS|TAMS 0x0000000090400000, 0x0000000090400000| Complete 
| 261|0x0000000090500000, 0x0000000090600000, 0x0000000090600000|100%| E|CS|TAMS 0x0000000090500000, 0x0000000090500000| Complete 
| 262|0x0000000090600000, 0x0000000090700000, 0x0000000090700000|100%| E|CS|TAMS 0x0000000090600000, 0x0000000090600000| Complete 
| 263|0x0000000090700000, 0x0000000090800000, 0x0000000090800000|100%| E|CS|TAMS 0x0000000090700000, 0x0000000090700000| Complete 
| 264|0x0000000090800000, 0x0000000090900000, 0x0000000090900000|100%| E|CS|TAMS 0x0000000090800000, 0x0000000090800000| Complete 

Card table byte_map: [0x00000165339c0000,0x0000016533dc0000] _byte_map_base: 0x00000165335c0000

Marking Bits (Prev, Next): (CMBitMap*) 0x000001651eef92e0, (CMBitMap*) 0x000001651eef9320
 Prev Bits: [0x00000165341c0000, 0x00000165361c0000)
 Next Bits: [0x00000165361c0000, 0x00000165381c0000)

Polling page: 0x000001651ef70000

Metaspace:

Usage:
  Non-class:     92.84 MB used.
      Class:     14.35 MB used.
       Both:    107.19 MB used.

Virtual space:
  Non-class space:       96.00 MB reserved,      93.25 MB ( 97%) committed,  12 nodes.
      Class space:        1.00 GB reserved,      14.69 MB (  1%) committed,  1 nodes.
             Both:        1.09 GB reserved,     107.94 MB ( 10%) committed. 

Chunk freelists:
   Non-Class:  1.98 MB
       Class:  1.34 MB
        Both:  3.33 MB

MaxMetaspaceSize: unlimited
CompressedClassSpaceSize: 1.00 GB
Initial GC threshold: 21.00 MB
Current GC threshold: 175.00 MB
CDS: off
MetaspaceReclaimPolicy: balanced
 - commit_granule_bytes: 65536.
 - commit_granule_words: 8192.
 - virtual_space_node_default_size: 1048576.
 - enlarge_chunks_in_place: 1.
 - new_chunks_are_fully_committed: 0.
 - uncommit_free_chunks: 1.
 - use_allocation_guard: 0.
 - handle_deallocations: 1.


Internal statistics:

num_allocs_failed_limit: 5.
num_arena_births: 950.
num_arena_deaths: 0.
num_vsnodes_births: 13.
num_vsnodes_deaths: 0.
num_space_committed: 1725.
num_space_uncommitted: 0.
num_chunks_returned_to_freelist: 5.
num_chunks_taken_from_freelist: 4755.
num_chunk_merges: 5.
num_chunk_splits: 3419.
num_chunks_enlarged: 2573.
num_purges: 0.
num_inconsistent_stats: 0.

CodeHeap 'non-profiled nmethods': size=120000Kb used=4707Kb max_used=5341Kb free=115292Kb
 bounds [0x000001652b630000, 0x000001652bb70000, 0x0000016532b60000]
CodeHeap 'profiled nmethods': size=120000Kb used=15672Kb max_used=16495Kb free=104327Kb
 bounds [0x0000016523b60000, 0x0000016524b90000, 0x000001652b090000]
CodeHeap 'non-nmethods': size=5760Kb used=2421Kb max_used=2487Kb free=3338Kb
 bounds [0x000001652b090000, 0x000001652b320000, 0x000001652b630000]
 total_blobs=9133 nmethods=8168 adapters=876
 compilation: enabled
              stopped_count=0, restarted_count=0
 full_count=0

Compilation events (20 events):
Event: 12.429 Thread 0x000001653b830140 nmethod 9622 0x0000016524aebc90 code [0x0000016524aebe40, 0x0000016524aec038]
Event: 12.429 Thread 0x000001653b830140 9632       3       org.jetbrains.kotlin.metadata.ProtoBuf$TypeParameter::initFields (37 bytes)
Event: 12.429 Thread 0x000001653b830140 nmethod 9632 0x0000016524107c10 code [0x0000016524107dc0, 0x00000165241080d8]
Event: 12.429 Thread 0x000001653b830140 9635   !   3       org.jetbrains.kotlin.metadata.ProtoBuf$TypeParameter::<init> (662 bytes)
Event: 12.432 Thread 0x000001653b830140 nmethod 9635 0x0000016524352110 code [0x0000016524352880, 0x0000016524357878]
Event: 12.432 Thread 0x000001653b830140 9644   !   3       org.jetbrains.kotlin.metadata.jvm.JvmProtoBuf$JvmMethodSignature::<init> (286 bytes)
Event: 12.434 Thread 0x000001653b830140 nmethod 9644 0x00000165247c3e90 code [0x00000165247c42a0, 0x00000165247c6218]
Event: 12.434 Thread 0x000001653b830140 9637       3       org.jetbrains.kotlin.metadata.jvm.JvmProtoBuf$JvmMethodSignature::initFields (11 bytes)
Event: 12.434 Thread 0x000001653b830140 nmethod 9637 0x0000016524351d10 code [0x0000016524351ea0, 0x0000016524351fb8]
Event: 12.434 Thread 0x000001653b830140 9641       3       org.jetbrains.kotlin.metadata.jvm.JvmProtoBuf$JvmMethodSignature$1::parsePartialFrom (7 bytes)
Event: 12.434 Thread 0x000001653b830140 nmethod 9641 0x00000165247c3890 code [0x00000165247c3a20, 0x00000165247c3b68]
Event: 12.434 Thread 0x000001653b830140 9642       3       org.jetbrains.kotlin.metadata.jvm.JvmProtoBuf$JvmMethodSignature$1::parsePartialFrom (11 bytes)
Event: 12.434 Thread 0x000001653b830140 nmethod 9642 0x000001652413a510 code [0x000001652413a6c0, 0x000001652413a8c8]
Event: 12.434 Thread 0x000001653b830140 9643       3       org.jetbrains.kotlin.metadata.jvm.JvmProtoBuf$JvmMethodSignature::<init> (7 bytes)
Event: 12.434 Thread 0x000001653b830140 nmethod 9643 0x00000165241ccf90 code [0x00000165241cd120, 0x00000165241cd268]
Event: 12.434 Thread 0x000001653b830140 9620       1       org.jetbrains.kotlin.metadata.jvm.JvmProtoBuf$JvmMethodSignature::access$2300 (5 bytes)
Event: 12.434 Thread 0x000001653b830140 nmethod 9620 0x000001652b7b0b90 code [0x000001652b7b0d20, 0x000001652b7b0dd8]
Event: 12.434 Thread 0x000001653b830140 9645       3       org.jetbrains.kotlin.metadata.jvm.JvmProtoBuf$JvmMethodSignature::newBuilderForType (5 bytes)
Event: 12.435 Thread 0x000001653b830140 nmethod 9645 0x0000016524392a10 code [0x0000016524392c00, 0x0000016524393118]
Event: 12.435 Thread 0x000001653b830140 9648       3       org.jetbrains.kotlin.metadata.jvm.JvmProtoBuf$JvmMethodSignature::newBuilderForType (4 bytes)

GC Heap History (20 events):
Event: 8.480 GC heap before
{Heap before GC invocations=38 (full 0):
 garbage-first heap   total 168960K, used 128887K [0x0000000080000000, 0x0000000100000000)
  region size 1024K, 34 young (34816K), 3 survivors (3072K)
 Metaspace       used 74842K, committed 75456K, reserved 1122304K
  class space    used 10047K, committed 10368K, reserved 1048576K
}
Event: 8.484 GC heap after
{Heap after GC invocations=39 (full 0):
 garbage-first heap   total 168960K, used 99163K [0x0000000080000000, 0x0000000100000000)
  region size 1024K, 5 young (5120K), 5 survivors (5120K)
 Metaspace       used 74842K, committed 75456K, reserved 1122304K
  class space    used 10047K, committed 10368K, reserved 1048576K
}
Event: 8.856 GC heap before
{Heap before GC invocations=39 (full 0):
 garbage-first heap   total 168960K, used 131931K [0x0000000080000000, 0x0000000100000000)
  region size 1024K, 38 young (38912K), 5 survivors (5120K)
 Metaspace       used 77759K, committed 78400K, reserved 1122304K
  class space    used 10445K, committed 10752K, reserved 1048576K
}
Event: 8.862 GC heap after
{Heap after GC invocations=40 (full 0):
 garbage-first heap   total 168960K, used 102182K [0x0000000080000000, 0x0000000100000000)
  region size 1024K, 5 young (5120K), 5 survivors (5120K)
 Metaspace       used 77759K, committed 78400K, reserved 1122304K
  class space    used 10445K, committed 10752K, reserved 1048576K
}
Event: 9.215 GC heap before
{Heap before GC invocations=41 (full 0):
 garbage-first heap   total 181248K, used 134950K [0x0000000080000000, 0x0000000100000000)
  region size 1024K, 37 young (37888K), 5 survivors (5120K)
 Metaspace       used 81397K, committed 82176K, reserved 1122304K
  class space    used 10906K, committed 11264K, reserved 1048576K
}
Event: 9.220 GC heap after
{Heap after GC invocations=42 (full 0):
 garbage-first heap   total 181248K, used 103512K [0x0000000080000000, 0x0000000100000000)
  region size 1024K, 2 young (2048K), 2 survivors (2048K)
 Metaspace       used 81397K, committed 82176K, reserved 1122304K
  class space    used 10906K, committed 11264K, reserved 1048576K
}
Event: 9.302 GC heap before
{Heap before GC invocations=42 (full 0):
 garbage-first heap   total 181248K, used 110680K [0x0000000080000000, 0x0000000100000000)
  region size 1024K, 10 young (10240K), 2 survivors (2048K)
 Metaspace       used 82772K, committed 83520K, reserved 1122304K
  class space    used 11082K, committed 11456K, reserved 1048576K
}
Event: 9.305 GC heap after
{Heap after GC invocations=43 (full 0):
 garbage-first heap   total 218112K, used 103413K [0x0000000080000000, 0x0000000100000000)
  region size 1024K, 2 young (2048K), 2 survivors (2048K)
 Metaspace       used 82772K, committed 83520K, reserved 1122304K
  class space    used 11082K, committed 11456K, reserved 1048576K
}
Event: 10.020 GC heap before
{Heap before GC invocations=44 (full 0):
 garbage-first heap   total 218112K, used 154613K [0x0000000080000000, 0x0000000100000000)
  region size 1024K, 49 young (50176K), 2 survivors (2048K)
 Metaspace       used 91117K, committed 91904K, reserved 1130496K
  class space    used 12615K, committed 12992K, reserved 1048576K
}
Event: 10.024 GC heap after
{Heap after GC invocations=45 (full 0):
 garbage-first heap   total 218112K, used 108848K [0x0000000080000000, 0x0000000100000000)
  region size 1024K, 3 young (3072K), 3 survivors (3072K)
 Metaspace       used 91117K, committed 91904K, reserved 1130496K
  class space    used 12615K, committed 12992K, reserved 1048576K
}
Event: 10.396 GC heap before
{Heap before GC invocations=46 (full 0):
 garbage-first heap   total 218112K, used 189744K [0x0000000080000000, 0x0000000100000000)
  region size 1024K, 76 young (77824K), 3 survivors (3072K)
 Metaspace       used 91300K, committed 92096K, reserved 1130496K
  class space    used 12623K, committed 12992K, reserved 1048576K
}
Event: 10.413 GC heap after
{Heap after GC invocations=47 (full 0):
 garbage-first heap   total 218112K, used 131323K [0x0000000080000000, 0x0000000100000000)
  region size 1024K, 10 young (10240K), 10 survivors (10240K)
 Metaspace       used 91300K, committed 92096K, reserved 1130496K
  class space    used 12623K, committed 12992K, reserved 1048576K
}
Event: 10.900 GC heap before
{Heap before GC invocations=47 (full 0):
 garbage-first heap   total 218112K, used 174331K [0x0000000080000000, 0x0000000100000000)
  region size 1024K, 52 young (53248K), 10 survivors (10240K)
 Metaspace       used 95101K, committed 95872K, reserved 1138688K
  class space    used 13070K, committed 13440K, reserved 1048576K
}
Event: 10.912 GC heap after
{Heap after GC invocations=48 (full 0):
 garbage-first heap   total 218112K, used 137399K [0x0000000080000000, 0x0000000100000000)
  region size 1024K, 6 young (6144K), 6 survivors (6144K)
 Metaspace       used 95101K, committed 95872K, reserved 1138688K
  class space    used 13070K, committed 13440K, reserved 1048576K
}
Event: 11.418 GC heap before
{Heap before GC invocations=49 (full 0):
 garbage-first heap   total 250880K, used 183479K [0x0000000080000000, 0x0000000100000000)
  region size 1024K, 45 young (46080K), 6 survivors (6144K)
 Metaspace       used 98342K, committed 99072K, reserved 1138688K
  class space    used 13411K, committed 13760K, reserved 1048576K
}
Event: 11.424 GC heap after
{Heap after GC invocations=50 (full 0):
 garbage-first heap   total 250880K, used 149498K [0x0000000080000000, 0x0000000100000000)
  region size 1024K, 6 young (6144K), 6 survivors (6144K)
 Metaspace       used 98342K, committed 99072K, reserved 1138688K
  class space    used 13411K, committed 13760K, reserved 1048576K
}
Event: 11.495 GC heap before
{Heap before GC invocations=50 (full 0):
 garbage-first heap   total 250880K, used 155642K [0x0000000080000000, 0x0000000100000000)
  region size 1024K, 12 young (12288K), 6 survivors (6144K)
 Metaspace       used 99224K, committed 99968K, reserved 1138688K
  class space    used 13486K, committed 13824K, reserved 1048576K
}
Event: 11.498 GC heap after
{Heap after GC invocations=51 (full 0):
 garbage-first heap   total 250880K, used 150393K [0x0000000080000000, 0x0000000100000000)
  region size 1024K, 1 young (1024K), 1 survivors (1024K)
 Metaspace       used 99224K, committed 99968K, reserved 1138688K
  class space    used 13486K, committed 13824K, reserved 1048576K
}
Event: 12.058 GC heap before
{Heap before GC invocations=51 (full 0):
 garbage-first heap   total 250880K, used 200569K [0x0000000080000000, 0x0000000100000000)
  region size 1024K, 50 young (51200K), 1 survivors (1024K)
 Metaspace       used 105993K, committed 106688K, reserved 1146880K
  class space    used 14201K, committed 14528K, reserved 1048576K
}
Event: 12.063 GC heap after
{Heap after GC invocations=52 (full 0):
 garbage-first heap   total 250880K, used 153683K [0x0000000080000000, 0x0000000100000000)
  region size 1024K, 5 young (5120K), 5 survivors (5120K)
 Metaspace       used 105993K, committed 106688K, reserved 1146880K
  class space    used 14201K, committed 14528K, reserved 1048576K
}

Dll operation events (2 events):
Event: 0.007 Loaded shared library C:\Program Files\Android\Android Studio\jbr\bin\java.dll
Event: 0.422 Loaded shared library C:\Program Files\Android\Android Studio\jbr\bin\verify.dll

Deoptimization events (20 events):
Event: 11.924 Thread 0x000001653e3b0030 Uncommon trap: trap_request=0xffffffc6 fr.pc=0x000001652bb21328 relative=0x0000000000000628
Event: 11.924 Thread 0x000001653e3b0030 Uncommon trap: reason=bimorphic_or_optimized_type_check action=maybe_recompile pc=0x000001652bb21328 method=org.jetbrains.kotlin.protobuf.CodedInputStream.tryRefillBuffer(I)Z @ 177 c2
Event: 11.924 Thread 0x000001653e3b0030 DEOPT PACKING pc=0x000001652bb21328 sp=0x0000001002ff3b50
Event: 11.924 Thread 0x000001653e3b0030 DEOPT UNPACKING pc=0x000001652b0e69a3 sp=0x0000001002ff3a98 mode 2
Event: 11.942 Thread 0x000001653e3b0030 Uncommon trap: trap_request=0xffffff45 fr.pc=0x000001652baf8ae4 relative=0x0000000000000724
Event: 11.942 Thread 0x000001653e3b0030 Uncommon trap: reason=unstable_if action=reinterpret pc=0x000001652baf8ae4 method=org.jetbrains.org.objectweb.asm.ClassReader.readUtf(II[C)Ljava/lang/String; @ 41 c2
Event: 11.942 Thread 0x000001653e3b0030 DEOPT PACKING pc=0x000001652baf8ae4 sp=0x0000001002ff3440
Event: 11.942 Thread 0x000001653e3b0030 DEOPT UNPACKING pc=0x000001652b0e69a3 sp=0x0000001002ff3408 mode 2
Event: 12.264 Thread 0x000001653e3b0030 Uncommon trap: trap_request=0xffffffcc fr.pc=0x000001652b7accbc relative=0x00000000000033dc
Event: 12.264 Thread 0x000001653e3b0030 Uncommon trap: reason=intrinsic_or_type_checked_inlining action=make_not_entrant pc=0x000001652b7accbc method=java.util.ArrayList$SubList.toArray([Ljava/lang/Object;)[Ljava/lang/Object; @ 58 c2
Event: 12.264 Thread 0x000001653e3b0030 DEOPT PACKING pc=0x000001652b7accbc sp=0x0000001002ff16d0
Event: 12.264 Thread 0x000001653e3b0030 DEOPT UNPACKING pc=0x000001652b0e69a3 sp=0x0000001002ff1678 mode 2
Event: 12.310 Thread 0x000001653e3b0030 Uncommon trap: trap_request=0xffffff45 fr.pc=0x000001652b6d98fc relative=0x00000000000000dc
Event: 12.310 Thread 0x000001653e3b0030 Uncommon trap: reason=unstable_if action=reinterpret pc=0x000001652b6d98fc method=java.text.StringCharacterIterator.current()C @ 19 c2
Event: 12.310 Thread 0x000001653e3b0030 DEOPT PACKING pc=0x000001652b6d98fc sp=0x0000001002ff1da0
Event: 12.310 Thread 0x000001653e3b0030 DEOPT UNPACKING pc=0x000001652b0e69a3 sp=0x0000001002ff1d38 mode 2
Event: 12.346 Thread 0x000001653e3b0030 Uncommon trap: trap_request=0xffffff45 fr.pc=0x000001652bb36e54 relative=0x00000000000001d4
Event: 12.346 Thread 0x000001653e3b0030 Uncommon trap: reason=unstable_if action=reinterpret pc=0x000001652bb36e54 method=java.io.ByteArrayInputStream.read()I @ 8 c2
Event: 12.346 Thread 0x000001653e3b0030 DEOPT PACKING pc=0x000001652bb36e54 sp=0x0000001002ff4200
Event: 12.346 Thread 0x000001653e3b0030 DEOPT UNPACKING pc=0x000001652b0e69a3 sp=0x0000001002ff41b8 mode 2

Classes unloaded (0 events):
No events

Classes redefined (0 events):
No events

Internal exceptions (20 events):
Event: 8.722 Thread 0x000001653e3b0030 Exception <a 'java/lang/ClassNotFoundException'{0x0000000088fecdc0}: org/jetbrains/kotlin/gradle/targets/js/npm/DefaultPeerNpmDependencyExtension$delegate$1BeanInfo> (0x0000000088fecdc0) 
thrown [s\src\hotspot\share\classfile\systemDictionary.cpp, line 256]
Event: 8.722 Thread 0x000001653e3b0030 Exception <a 'java/lang/ClassNotFoundException'{0x0000000088ff9840}: org/jetbrains/kotlin/gradle/targets/js/npm/DefaultPeerNpmDependencyExtension$delegate$1Customizer> (0x0000000088ff9840) 
thrown [s\src\hotspot\share\classfile\systemDictionary.cpp, line 256]
Event: 8.954 Thread 0x000001653e3b0030 Exception <a 'java/lang/NoSuchMethodError'{0x000000008adf5400}: 'void java.lang.invoke.DirectMethodHandle$Holder.invokeVirtual(java.lang.Object, java.lang.Object)'> (0x000000008adf5400) 
thrown [s\src\hotspot\share\interpreter\linkResolver.cpp, line 771]
Event: 9.055 Thread 0x000001653e3b0030 Exception <a 'java/lang/NoSuchMethodError'{0x000000008a630d48}: 'int java.lang.invoke.DelegatingMethodHandle$Holder.reinvoke_L(java.lang.Object, java.lang.Object, java.lang.Object, long, int, int)'> (0x000000008a630d48) 
thrown [s\src\hotspot\share\interpreter\linkResolver.cpp, line 771]
Event: 9.056 Thread 0x000001653e3b0030 Exception <a 'java/lang/NoSuchMethodError'{0x000000008a640fd8}: 'int java.lang.invoke.DelegatingMethodHandle$Holder.reinvoke_L(java.lang.Object, java.lang.Object, java.lang.Object, long, long, long)'> (0x000000008a640fd8) 
thrown [s\src\hotspot\share\interpreter\linkResolver.cpp, line 771]
Event: 9.057 Thread 0x000001653e3b0030 Exception <a 'java/lang/NoSuchMethodError'{0x000000008a651158}: 'int java.lang.invoke.DelegatingMethodHandle$Holder.reinvoke_L(java.lang.Object, java.lang.Object, java.lang.Object, long, java.lang.Object, java.lang.Object)'> (0x000000008a651158) 
thrown [s\src\hotspot\share\interpreter\linkResolver.cpp, line 771]
Event: 9.058 Thread 0x000001653e3b0030 Exception <a 'java/lang/NoSuchMethodError'{0x000000008a661120}: 'void java.lang.invoke.DelegatingMethodHandle$Holder.reinvoke_L(java.lang.Object, java.lang.Object, java.lang.Object, long, java.lang.Object)'> (0x000000008a661120) 
thrown [s\src\hotspot\share\interpreter\linkResolver.cpp, line 771]
Event: 9.058 Thread 0x000001653e3b0030 Exception <a 'java/lang/NoSuchMethodError'{0x000000008a669a50}: 'java.lang.Object java.lang.invoke.DirectMethodHandle$Holder.invokeSpecial(java.lang.Object, java.lang.Object, java.lang.Object, java.lang.Object, long)'> (0x000000008a669a50) 
thrown [s\src\hotspot\share\interpreter\linkResolver.cpp, line 771]
Event: 9.060 Thread 0x000001653e3b0030 Exception <a 'java/lang/NoSuchMethodError'{0x000000008a68ec80}: 'long java.lang.invoke.Invokers$Holder.invoke_MT(java.lang.Object, java.lang.Object, java.lang.Object, java.lang.Object)'> (0x000000008a68ec80) 
thrown [s\src\hotspot\share\interpreter\linkResolver.cpp, line 771]
Event: 9.060 Thread 0x000001653e3b0030 Exception <a 'java/lang/NoSuchMethodError'{0x000000008a697d80}: 'int java.lang.invoke.Invokers$Holder.invoke_MT(java.lang.Object, java.lang.Object, java.lang.Object, java.lang.Object)'> (0x000000008a697d80) 
thrown [s\src\hotspot\share\interpreter\linkResolver.cpp, line 771]
Event: 9.061 Thread 0x000001653e3b0030 Exception <a 'java/lang/NoSuchMethodError'{0x000000008a6a8dc8}: 'int java.lang.invoke.DelegatingMethodHandle$Holder.reinvoke_L(java.lang.Object, java.lang.Object, java.lang.Object, long, int)'> (0x000000008a6a8dc8) 
thrown [s\src\hotspot\share\interpreter\linkResolver.cpp, line 771]
Event: 9.062 Thread 0x000001653e3b0030 Exception <a 'java/lang/NoSuchMethodError'{0x000000008a6bc378}: 'java.lang.Object java.lang.invoke.Invokers$Holder.invokeExact_MT(java.lang.Object, java.lang.Object, long, java.lang.Object)'> (0x000000008a6bc378) 
thrown [s\src\hotspot\share\interpreter\linkResolver.cpp, line 771]
Event: 9.150 Thread 0x000001653e3b0030 Exception <a 'java/lang/NoSuchMethodError'{0x00000000898c88d8}: 'java.lang.Object java.lang.invoke.DirectMethodHandle$Holder.invokeStaticInit(java.lang.Object, int)'> (0x00000000898c88d8) 
thrown [s\src\hotspot\share\interpreter\linkResolver.cpp, line 771]
Event: 9.176 Thread 0x000001653e3b0030 Exception <a 'java/lang/NoSuchMethodError'{0x00000000895a7f50}: 'long java.lang.invoke.DirectMethodHandle$Holder.invokeStatic(java.lang.Object)'> (0x00000000895a7f50) 
thrown [s\src\hotspot\share\interpreter\linkResolver.cpp, line 771]
Event: 9.176 Thread 0x000001653e3b0030 Exception <a 'java/lang/NoSuchMethodError'{0x00000000895acb38}: 'long java.lang.invoke.DirectMethodHandle$Holder.invokeStaticInit(java.lang.Object)'> (0x00000000895acb38) 
thrown [s\src\hotspot\share\interpreter\linkResolver.cpp, line 771]
Event: 9.999 Thread 0x000001653e3b0030 Exception <a 'java/lang/NoSuchMethodError'{0x000000008a6b83e0}: 'java.lang.Object java.lang.invoke.Invokers$Holder.invoke_MT(java.lang.Object, java.lang.Object, java.lang.Object)'> (0x000000008a6b83e0) 
thrown [s\src\hotspot\share\interpreter\linkResolver.cpp, line 771]
Event: 10.177 Thread 0x000001653e3b0030 Implicit null exception at 0x000001652bab366b to 0x000001652bab57e4
Event: 10.192 Thread 0x000001653e3b0030 Implicit null exception at 0x000001652baaeaa0 to 0x000001652baaeb5d
Event: 10.224 Thread 0x000001653e3b0030 Implicit null exception at 0x000001652bab9f56 to 0x000001652babbfb0
Event: 12.239 Thread 0x000001653e3b0030 Exception <a 'java/lang/NoSuchMethodError'{0x0000000090310708}: 'java.lang.Object java.lang.invoke.DirectMethodHandle$Holder.invokeStatic(java.lang.Object, java.lang.Object, java.lang.Object, java.lang.Object, int)'> (0x0000000090310708) 
thrown [s\src\hotspot\share\interpreter\linkResolver.cpp, line 771]

VM Operations (20 events):
Event: 11.968 Executing VM operation: HandshakeAllThreads
Event: 11.968 Executing VM operation: HandshakeAllThreads done
Event: 11.969 Executing VM operation: HandshakeAllThreads
Event: 11.969 Executing VM operation: HandshakeAllThreads done
Event: 12.058 Executing VM operation: G1CollectForAllocation
Event: 12.063 Executing VM operation: G1CollectForAllocation done
Event: 12.144 Executing VM operation: G1Concurrent
Event: 12.147 Executing VM operation: G1Concurrent done
Event: 12.176 Executing VM operation: G1Concurrent
Event: 12.177 Executing VM operation: G1Concurrent done
Event: 12.204 Executing VM operation: HandshakeAllThreads
Event: 12.204 Executing VM operation: HandshakeAllThreads done
Event: 12.218 Executing VM operation: HandshakeAllThreads
Event: 12.218 Executing VM operation: HandshakeAllThreads done
Event: 12.220 Executing VM operation: HandshakeAllThreads
Event: 12.221 Executing VM operation: HandshakeAllThreads done
Event: 12.257 Executing VM operation: HandshakeAllThreads
Event: 12.258 Executing VM operation: HandshakeAllThreads done
Event: 12.297 Executing VM operation: HandshakeAllThreads
Event: 12.297 Executing VM operation: HandshakeAllThreads done

Events (20 events):
Event: 11.857 Thread 0x000001653b832a50 flushing nmethod 0x0000016524aebc90
Event: 11.952 loading class java/text/StringCharacterIterator
Event: 11.952 loading class java/text/CharacterIterator
Event: 11.952 loading class java/text/CharacterIterator done
Event: 11.952 loading class java/text/StringCharacterIterator done
Event: 11.962 loading class java/util/concurrent/LinkedBlockingDeque$Itr
Event: 11.962 loading class java/util/concurrent/LinkedBlockingDeque$AbstractItr
Event: 11.962 loading class java/util/concurrent/LinkedBlockingDeque$AbstractItr done
Event: 11.962 loading class java/util/concurrent/LinkedBlockingDeque$Itr done
Event: 11.973 loading class java/io/NotSerializableException
Event: 11.974 loading class java/io/NotSerializableException done
Event: 12.101 Thread 0x0000016540dda8f0 Thread added: 0x0000016540dda8f0
Event: 12.186 loading class java/util/function/IntUnaryOperator
Event: 12.186 loading class java/util/function/IntUnaryOperator done
Event: 12.219 loading class java/util/AbstractList$SubList
Event: 12.220 loading class java/util/AbstractList$SubList done
Event: 12.220 loading class java/util/AbstractList$SubList$1
Event: 12.220 loading class java/util/AbstractList$SubList$1 done
Event: 12.220 loading class java/util/AbstractList$ListItr
Event: 12.220 loading class java/util/AbstractList$ListItr done


Dynamic libraries:
0x00007ff703260000 - 0x00007ff70326a000 	C:\Program Files\Android\Android Studio\jbr\bin\java.exe
0x00007ffdb6090000 - 0x00007ffdb6287000 	C:\windows\SYSTEM32\ntdll.dll
0x00007ffdb4a40000 - 0x00007ffdb4afd000 	C:\windows\System32\KERNEL32.DLL
0x00007ffdb39e0000 - 0x00007ffdb3cd6000 	C:\windows\System32\KERNELBASE.dll
0x00007ffdb37a0000 - 0x00007ffdb38a0000 	C:\windows\System32\ucrtbase.dll
0x00007ffd81de0000 - 0x00007ffd81df7000 	C:\Program Files\Android\Android Studio\jbr\bin\jli.dll
0x00007ffd80510000 - 0x00007ffd8052b000 	C:\Program Files\Android\Android Studio\jbr\bin\VCRUNTIME140.dll
0x00007ffdb4b00000 - 0x00007ffdb4c9e000 	C:\windows\System32\USER32.dll
0x00007ffdb3770000 - 0x00007ffdb3792000 	C:\windows\System32\win32u.dll
0x00007ffdb51c0000 - 0x00007ffdb51ec000 	C:\windows\System32\GDI32.dll
0x00007ffd9b9c0000 - 0x00007ffd9bc5a000 	C:\windows\WinSxS\amd64_microsoft.windows.common-controls_6595b64144ccf1df_6.0.19041.3570_none_60bb2a3971f3e41a\COMCTL32.dll
0x00007ffdb3d90000 - 0x00007ffdb3eaa000 	C:\windows\System32\gdi32full.dll
0x00007ffdb5bc0000 - 0x00007ffdb5c5e000 	C:\windows\System32\msvcrt.dll
0x00007ffdb3940000 - 0x00007ffdb39dd000 	C:\windows\System32\msvcp_win.dll
0x00007ffdb5b90000 - 0x00007ffdb5bc0000 	C:\windows\System32\IMM32.DLL
0x00007ffd8f740000 - 0x00007ffd8f74c000 	C:\Program Files\Android\Android Studio\jbr\bin\vcruntime140_1.dll
0x00007ffd76240000 - 0x00007ffd762cd000 	C:\Program Files\Android\Android Studio\jbr\bin\msvcp140.dll
0x00007ffd6b180000 - 0x00007ffd6bdee000 	C:\Program Files\Android\Android Studio\jbr\bin\server\jvm.dll
0x00007ffdb4150000 - 0x00007ffdb41fe000 	C:\windows\System32\ADVAPI32.dll
0x00007ffdb5000000 - 0x00007ffdb509c000 	C:\windows\System32\sechost.dll
0x00007ffdb5750000 - 0x00007ffdb5876000 	C:\windows\System32\RPCRT4.dll
0x00007ffdac0d0000 - 0x00007ffdac0da000 	C:\windows\SYSTEM32\VERSION.dll
0x00007ffd99c70000 - 0x00007ffd99c97000 	C:\windows\SYSTEM32\WINMM.dll
0x00007ffdaf050000 - 0x00007ffdaf059000 	C:\windows\SYSTEM32\WSOCK32.dll
0x00007ffdb4dd0000 - 0x00007ffdb4e3b000 	C:\windows\System32\WS2_32.dll
0x00007ffdb1fa0000 - 0x00007ffdb1fb2000 	C:\windows\SYSTEM32\kernel.appcore.dll
0x00007ffdaf040000 - 0x00007ffdaf04a000 	C:\Program Files\Android\Android Studio\jbr\bin\jimage.dll
0x00007ffdb1510000 - 0x00007ffdb16f4000 	C:\windows\SYSTEM32\DBGHELP.DLL
0x00007ffd960a0000 - 0x00007ffd960d4000 	C:\windows\SYSTEM32\dbgcore.DLL
0x00007ffdb3eb0000 - 0x00007ffdb3f32000 	C:\windows\System32\bcryptPrimitives.dll
0x00007ffdaee90000 - 0x00007ffdaeeb5000 	C:\Program Files\Android\Android Studio\jbr\bin\java.dll
0x00007ffdae1a0000 - 0x00007ffdae1b8000 	C:\Program Files\Android\Android Studio\jbr\bin\zip.dll
0x00007ffdb4200000 - 0x00007ffdb4944000 	C:\windows\System32\SHELL32.dll
0x00007ffdb17f0000 - 0x00007ffdb1f8b000 	C:\windows\SYSTEM32\windows.storage.dll
0x00007ffdb5c60000 - 0x00007ffdb5fb4000 	C:\windows\System32\combase.dll
0x00007ffdb31b0000 - 0x00007ffdb31dd000 	C:\windows\SYSTEM32\Wldp.dll
0x00007ffdb5930000 - 0x00007ffdb59dd000 	C:\windows\System32\SHCORE.dll
0x00007ffdb49e0000 - 0x00007ffdb4a35000 	C:\windows\System32\shlwapi.dll
0x00007ffdb36a0000 - 0x00007ffdb36c5000 	C:\windows\SYSTEM32\profapi.dll
0x00007ffd8a7e0000 - 0x00007ffd8a7f9000 	C:\Program Files\Android\Android Studio\jbr\bin\net.dll
0x00007ffda2df0000 - 0x00007ffda2efa000 	C:\windows\SYSTEM32\WINHTTP.dll
0x00007ffdb2f10000 - 0x00007ffdb2f7a000 	C:\windows\system32\mswsock.dll
0x00007ffd81e80000 - 0x00007ffd81e96000 	C:\Program Files\Android\Android Studio\jbr\bin\nio.dll
0x00007ffdaedc0000 - 0x00007ffdaedd0000 	C:\Program Files\Android\Android Studio\jbr\bin\verify.dll
0x00007ffd7de20000 - 0x00007ffd7de47000 	C:\Users\jasse\.gradle\native\68d5fa5c4cc2d200863cafc0d521ce42e7d3e7ee720ec0a83991735586a16f82\windows-amd64\native-platform.dll
0x00007ffd6de70000 - 0x00007ffd6dfb4000 	C:\Users\jasse\.gradle\native\e376f236ea51e6404a007f0833ffe2c6e607c4080706a723a18a27aeea778392\windows-amd64\native-platform-file-events.dll
0x00007ffdae190000 - 0x00007ffdae199000 	C:\Program Files\Android\Android Studio\jbr\bin\management.dll
0x00007ffd9bc60000 - 0x00007ffd9bc6b000 	C:\Program Files\Android\Android Studio\jbr\bin\management_ext.dll
0x00007ffdb51f0000 - 0x00007ffdb51f8000 	C:\windows\System32\PSAPI.DLL
0x00007ffdb3110000 - 0x00007ffdb3128000 	C:\windows\SYSTEM32\CRYPTSP.dll
0x00007ffdb27b0000 - 0x00007ffdb27e4000 	C:\windows\system32\rsaenh.dll
0x00007ffdb3910000 - 0x00007ffdb3937000 	C:\windows\System32\bcrypt.dll
0x00007ffdb3620000 - 0x00007ffdb364e000 	C:\windows\SYSTEM32\USERENV.dll
0x00007ffdb3100000 - 0x00007ffdb310c000 	C:\windows\SYSTEM32\CRYPTBASE.dll
0x00007ffdb2bb0000 - 0x00007ffdb2beb000 	C:\windows\SYSTEM32\IPHLPAPI.DLL
0x00007ffdb4950000 - 0x00007ffdb4958000 	C:\windows\System32\NSI.dll
0x00007ffdaae10000 - 0x00007ffdaae27000 	C:\windows\SYSTEM32\dhcpcsvc6.DLL
0x00007ffdaad60000 - 0x00007ffdaad7d000 	C:\windows\SYSTEM32\dhcpcsvc.DLL
0x00007ffdb2c00000 - 0x00007ffdb2cca000 	C:\windows\SYSTEM32\DNSAPI.dll
0x00007ffd97760000 - 0x00007ffd97767000 	C:\windows\system32\wshunix.dll

dbghelp: loaded successfully - version: 4.0.5 - missing functions: none
symbol engine: initialized successfully - sym options: 0x614 - pdb path: .;C:\Program Files\Android\Android Studio\jbr\bin;C:\windows\SYSTEM32;C:\windows\WinSxS\amd64_microsoft.windows.common-controls_6595b64144ccf1df_6.0.19041.3570_none_60bb2a3971f3e41a;C:\Program Files\Android\Android Studio\jbr\bin\server;C:\Users\jasse\.gradle\native\68d5fa5c4cc2d200863cafc0d521ce42e7d3e7ee720ec0a83991735586a16f82\windows-amd64;C:\Users\jasse\.gradle\native\e376f236ea51e6404a007f0833ffe2c6e607c4080706a723a18a27aeea778392\windows-amd64

VM Arguments:
jvm_args: --add-opens=java.base/java.util=ALL-UNNAMED --add-opens=java.base/java.lang=ALL-UNNAMED --add-opens=java.base/java.lang.invoke=ALL-UNNAMED --add-opens=java.prefs/java.util.prefs=ALL-UNNAMED --add-opens=java.base/java.nio.charset=ALL-UNNAMED --add-opens=java.base/java.net=ALL-UNNAMED --add-opens=java.base/java.util.concurrent.atomic=ALL-UNNAMED -Xmx2048m -Dfile.encoding=UTF-8 -Duser.country=FR -Duser.language=fr -Duser.variant 
java_command: org.gradle.launcher.daemon.bootstrap.GradleDaemon 8.0
java_class_path (initial): C:\Users\jasse\.gradle\wrapper\dists\gradle-8.0-bin\ca5e32bp14vu59qr306oxotwh\gradle-8.0\lib\gradle-launcher-8.0.jar
Launcher Type: SUN_STANDARD

[Global flags]
     intx CICompilerCount                          = 4                                         {product} {ergonomic}
     uint ConcGCThreads                            = 2                                         {product} {ergonomic}
     uint G1ConcRefinementThreads                  = 8                                         {product} {ergonomic}
   size_t G1HeapRegionSize                         = 1048576                                   {product} {ergonomic}
    uintx GCDrainStackTargetSize                   = 64                                        {product} {ergonomic}
   size_t InitialHeapSize                          = 132120576                                 {product} {ergonomic}
   size_t MarkStackSize                            = 4194304                                   {product} {ergonomic}
   size_t MaxHeapSize                              = 2147483648                                {product} {command line}
   size_t MaxNewSize                               = 1287651328                                {product} {ergonomic}
   size_t MinHeapDeltaBytes                        = 1048576                                   {product} {ergonomic}
   size_t MinHeapSize                              = 8388608                                   {product} {ergonomic}
    uintx NonNMethodCodeHeapSize                   = 5839372                                {pd product} {ergonomic}
    uintx NonProfiledCodeHeapSize                  = 122909434                              {pd product} {ergonomic}
    uintx ProfiledCodeHeapSize                     = 122909434                              {pd product} {ergonomic}
    uintx ReservedCodeCacheSize                    = 251658240                              {pd product} {ergonomic}
     bool SegmentedCodeCache                       = true                                      {product} {ergonomic}
   size_t SoftMaxHeapSize                          = 2147483648                             {manageable} {ergonomic}
     bool UseCompressedClassPointers               = true                           {product lp64_product} {ergonomic}
     bool UseCompressedOops                        = true                           {product lp64_product} {ergonomic}
     bool UseG1GC                                  = true                                      {product} {ergonomic}
     bool UseLargePagesIndividualAllocation        = false                                  {pd product} {ergonomic}

Logging:
Log output configuration:
 #0: stdout all=warning uptime,level,tags
 #1: stderr all=off uptime,level,tags

Environment Variables:
JAVA_HOME=C:\Program Files\Java\jdk-13.0.2
PATH=C:\Users\jasse\Downloads\php-8.1.17-nts-Win32-vs16-x64;C:\Program Files\Java;C:\Program Files\Java\jdk1.8.0_301;C:\oraclexe\app\oracle\product\11.2.0\server\bin;C:\oraclexe\app\oracle\product\11.2.0\server\bin;C:\oraclexe\app\oracle\product\11.2.0\server\bin;C:\windows\system32;C:\windows;C:\windows\System32\Wbem;C:\windows\System32\WindowsPowerShell\v1.0\;C:\windows\System32\OpenSSH\;C:\Program Files (x86)\NVIDIA Corporation\PhysX\Common;C:\Program Files\NVIDIA Corporation\NVIDIA NvDLISR;C:\instantclient12-2;C:\oraclexe\app\oracle\admin\XE;C:\oraclexe;C:\Program Files\TortoiseGit\bin;C:\xampp\php\Symfony;C:\Program Files\nodejs\;C:\Users\jasse\AppData\Local\Microsoft\WindowsApps;C:\Program Files\CodeBlocks\MinGW\bin;C:\Program Files\CodeBlocks\MinGW\bin;C:\Program Files (x86)\D-Bus\bin;C:\Users\jasse\AppData\Local\Programs\Microsoft VS Code\bin;C:\Users\jasse\Desktop\php;C:\Users\jasse\AppData\Local\GitHubDesktop\bin;C:\Users\jasse\AppData\Local\ComposerSetup\bin;C:\Users\jasse\AppData\Roaming\Composer\vendor\bin;C:\Users\jasse\AppData\Roaming\npm
USERNAME=jasse
OS=Windows_NT
PROCESSOR_IDENTIFIER=Intel64 Family 6 Model 165 Stepping 2, GenuineIntel
TMP=C:\Users\jasse\AppData\Local\Temp
TEMP=C:\Users\jasse\AppData\Local\Temp


JNI global refs:
JNI global refs: 27, weak refs: 23

JNI global refs memory usage: 843, weak refs: 841


---------------  S Y S T E M  ---------------

OS:
 Windows 10 , 64 bit Build 19041 (10.0.19041.3570)
OS uptime: 0 days 1:07 hours

CPU: total 8 (initial active 8) (4 cores per cpu, 2 threads per core) family 6 model 165 stepping 2 microcode 0xf0, cx8, cmov, fxsr, ht, mmx, 3dnowpref, sse, sse2, sse3, ssse3, sse4.1, sse4.2, popcnt, lzcnt, tsc, tscinvbit, avx, avx2, aes, erms, clmul, bmi1, bmi2, adx, fma, vzeroupper, clflush, clflushopt

Memory: 4k page, system-wide physical 7993M (601M free)
TotalPageFile size 10993M (AvailPageFile size 2M)
current process WorkingSet (physical memory assigned to process): 543M, peak: 543M
current process commit charge ("private bytes"): 580M, peak: 580M

vm_info: OpenJDK 64-Bit Server VM (17.0.6+0-b2043.56-10027231) for windows-amd64 JRE (17.0.6+0-b2043.56-10027231), built on Apr 28 2023 00:43:19 by "androidbuild" with MS VC++ 16.10 / 16.11 (VS2019)

END.
