#
# There is insufficient memory for the Java Runtime Environment to continue.
# Native memory allocation (mmap) failed to map 276824064 bytes for G1 virtual space
# Possible reasons:
#   The system is out of physical RAM or swap space
#   The process is running with CompressedOops enabled, and the Java Heap may be blocking the growth of the native heap
# Possible solutions:
#   Reduce memory load on the system
#   Increase physical memory or swap space
#   Check if swap backing store is full
#   Decrease Java heap size (-Xmx/-Xms)
#   Decrease number of Java threads
#   Decrease Java thread stack sizes (-Xss)
#   Set larger code cache with -XX:ReservedCodeCacheSize=
#   JVM is running with Unscaled Compressed Oops mode in which the Java heap is
#     placed in the first 4GB address space. The Java Heap base address is the
#     maximum limit for the native heap growth. Please use -XX:HeapBaseMinAddress
#     to set the Java Heap base and to place the Java Heap above 4GB virtual address.
# This output file may be truncated or incomplete.
#
#  Out of Memory Error (os_windows.cpp:3769), pid=4524, tid=9688
#
# JRE version: OpenJDK Runtime Environment (17.0.6) (build 17.0.6+0-b2043.56-10027231)
# Java VM: OpenJDK 64-Bit Server VM (17.0.6+0-b2043.56-10027231, mixed mode, tiered, compressed oops, compressed class ptrs, g1 gc, windows-amd64)
# No core dump will be written. Minidumps are not enabled by default on client versions of Windows
#

---------------  S U M M A R Y ------------

Command Line: --add-opens=java.base/java.util=ALL-UNNAMED --add-opens=java.base/java.lang=ALL-UNNAMED --add-opens=java.base/java.lang.invoke=ALL-UNNAMED --add-opens=java.prefs/java.util.prefs=ALL-UNNAMED --add-opens=java.base/java.nio.charset=ALL-UNNAMED --add-opens=java.base/java.net=ALL-UNNAMED --add-opens=java.base/java.util.concurrent.atomic=ALL-UNNAMED -Xmx2048m -Dfile.encoding=UTF-8 -Duser.country=FR -Duser.language=fr -Duser.variant org.gradle.launcher.daemon.bootstrap.GradleDaemon 8.0

Host: Intel(R) Core(TM) i5-10300H CPU @ 2.50GHz, 8 cores, 7G,  Windows 10 , 64 bit Build 19041 (10.0.19041.3570)
Time: Wed Nov 15 00:59:01 2023 Afr. centrale Ouest elapsed time: 9.234130 seconds (0d 0h 0m 9s)

---------------  T H R E A D  ---------------

Current thread (0x0000019c738b1b70):  VMThread "VM Thread" [stack: 0x0000006303a00000,0x0000006303b00000] [id=9688]

Stack: [0x0000006303a00000,0x0000006303b00000]
Native frames: (J=compiled Java code, j=interpreted, Vv=VM code, C=native code)
V  [jvm.dll+0x683c9a]
V  [jvm.dll+0x8427a4]
V  [jvm.dll+0x843f9e]
V  [jvm.dll+0x844603]
V  [jvm.dll+0x249b75]
V  [jvm.dll+0x680b69]
V  [jvm.dll+0x67505a]
V  [jvm.dll+0x309acb]
V  [jvm.dll+0x310f86]
V  [jvm.dll+0x3608ee]
V  [jvm.dll+0x360b1f]
V  [jvm.dll+0x2dfbf8]
V  [jvm.dll+0x2ddec4]
V  [jvm.dll+0x2dd4cc]
V  [jvm.dll+0x321f3b]
V  [jvm.dll+0x848ccb]
V  [jvm.dll+0x849a04]
V  [jvm.dll+0x849f1d]
V  [jvm.dll+0x84a2f4]
V  [jvm.dll+0x84a3c0]
V  [jvm.dll+0x7f274a]
V  [jvm.dll+0x682ad5]
C  [ucrtbase.dll+0x21bb2]
C  [KERNEL32.DLL+0x17344]
C  [ntdll.dll+0x526b1]

VM_Operation (0x0000006308ffbf90): G1CollectForAllocation, mode: safepoint, requested by thread 0x0000019c799b0780


---------------  P R O C E S S  ---------------

Threads class SMR info:
_java_thread_list=0x0000019c7dc5f720, length=140, elements={
0x0000019c59a5a9f0, 0x0000019c738e9250, 0x0000019c738b47a0, 0x0000019c7441fc80,
0x0000019c74421750, 0x0000019c74424c30, 0x0000019c744255e0, 0x0000019c744262c0,
0x0000019c74434640, 0x0000019c74436f50, 0x0000019c745a08a0, 0x0000019c745bd720,
0x0000019c7477bb60, 0x0000019c77680ad0, 0x0000019c76feac90, 0x0000019c76fe9e20,
0x0000019c76feb160, 0x0000019c76feb630, 0x0000019c76fea2f0, 0x0000019c76fea7c0,
0x0000019c75dc1b40, 0x0000019c75dc11a0, 0x0000019c75dc1670, 0x0000019c75dc3820,
0x0000019c75dc0cd0, 0x0000019c75dc2010, 0x0000019c77d3d040, 0x0000019c75dc24e0,
0x0000019c75dc4690, 0x0000019c75dc29b0, 0x0000019c75dc2e80, 0x0000019c75dc3350,
0x0000019c75dc3cf0, 0x0000019c75dc41c0, 0x0000019c78594290, 0x0000019c78593dc0,
0x0000019c78597780, 0x0000019c78596de0, 0x0000019c785972b0, 0x0000019c785955d0,
0x0000019c78595f70, 0x0000019c78596440, 0x0000019c78596910, 0x0000019c78876260,
0x0000019c78876730, 0x0000019c788723d0, 0x0000019c788753f0, 0x0000019c78871a30,
0x0000019c78875d90, 0x0000019c78876c00, 0x0000019c78878410, 0x0000019c78877a70,
0x0000019c78871560, 0x0000019c788728a0, 0x0000019c78874f20, 0x0000019c788770d0,
0x0000019c788775a0, 0x0000019c788740b0, 0x0000019c78874580, 0x0000019c78877f40,
0x0000019c78872d70, 0x0000019c78873be0, 0x0000019c78873240, 0x0000019c78871f00,
0x0000019c788788e0, 0x0000019c78871090, 0x0000019c78873710, 0x0000019c78874a50,
0x0000019c799acdc0, 0x0000019c799aef70, 0x0000019c799b15f0, 0x0000019c799b1120,
0x0000019c799b32d0, 0x0000019c799ad760, 0x0000019c799ac420, 0x0000019c799b0780,
0x0000019c799b2e00, 0x0000019c799b02b0, 0x0000019c799b37a0, 0x0000019c799b1ac0,
0x0000019c799ac8f0, 0x0000019c799ad290, 0x0000019c799b0c50, 0x0000019c799afde0,
0x0000019c799adc30, 0x0000019c799af440, 0x0000019c799af910, 0x0000019c799b1f90,
0x0000019c799b2460, 0x0000019c799ae100, 0x0000019c799b2930, 0x0000019c799b3c70,
0x0000019c799ae5d0, 0x0000019c799aeaa0, 0x0000019c79ff4550, 0x0000019c79ff88b0,
0x0000019c79ff3bb0, 0x0000019c79ff4080, 0x0000019c79ff7a40, 0x0000019c79ff1530,
0x0000019c79ff4a20, 0x0000019c79ff1a00, 0x0000019c79ff53c0, 0x0000019c79ff2870,
0x0000019c79ff83e0, 0x0000019c79ff1060, 0x0000019c79ff6230, 0x0000019c79ff3210,
0x0000019c79ff4ef0, 0x0000019c79ff36e0, 0x0000019c79ff2d40, 0x0000019c79ff6700,
0x0000019c79ff5890, 0x0000019c79ff70a0, 0x0000019c79ff5d60, 0x0000019c79ff6bd0,
0x0000019c79ff7570, 0x0000019c79ff7f10, 0x0000019c79ff1ed0, 0x0000019c79ff23a0,
0x0000019c7b4a96b0, 0x0000019c7b4ad540, 0x0000019c7b4aaec0, 0x0000019c7b4a6b60,
0x0000019c7b4ab390, 0x0000019c7b4aa050, 0x0000019c7b4ada10, 0x0000019c7b4adee0,
0x0000019c7b4a91e0, 0x0000019c7b4aa520, 0x0000019c7b4acba0, 0x0000019c7b4ad070,
0x0000019c7b4a9b80, 0x0000019c7b4a7030, 0x0000019c7b4a79d0, 0x0000019c7b4a8370,
0x0000019c7e466520, 0x0000019c7e466050, 0x0000019c7e4656b0, 0x0000019c7d8dae60
}

Java Threads: ( => current thread )
  0x0000019c59a5a9f0 JavaThread "main" [_thread_blocked, id=3208, stack(0x0000006303400000,0x0000006303500000)]
  0x0000019c738e9250 JavaThread "Reference Handler" daemon [_thread_blocked, id=6096, stack(0x0000006303b00000,0x0000006303c00000)]
  0x0000019c738b47a0 JavaThread "Finalizer" daemon [_thread_blocked, id=12928, stack(0x0000006303c00000,0x0000006303d00000)]
  0x0000019c7441fc80 JavaThread "Signal Dispatcher" daemon [_thread_blocked, id=19188, stack(0x0000006303d00000,0x0000006303e00000)]
  0x0000019c74421750 JavaThread "Attach Listener" daemon [_thread_blocked, id=13944, stack(0x0000006303e00000,0x0000006303f00000)]
  0x0000019c74424c30 JavaThread "Service Thread" daemon [_thread_blocked, id=11704, stack(0x0000006303f00000,0x0000006304000000)]
  0x0000019c744255e0 JavaThread "Monitor Deflation Thread" daemon [_thread_blocked, id=6472, stack(0x0000006304000000,0x0000006304100000)]
  0x0000019c744262c0 JavaThread "C2 CompilerThread0" daemon [_thread_blocked, id=9444, stack(0x0000006304100000,0x0000006304200000)]
  0x0000019c74434640 JavaThread "C1 CompilerThread0" daemon [_thread_blocked, id=11176, stack(0x0000006304200000,0x0000006304300000)]
  0x0000019c74436f50 JavaThread "Sweeper thread" daemon [_thread_blocked, id=15924, stack(0x0000006304300000,0x0000006304400000)]
  0x0000019c745a08a0 JavaThread "Common-Cleaner" daemon [_thread_blocked, id=12676, stack(0x0000006304400000,0x0000006304500000)]
  0x0000019c745bd720 JavaThread "Notification Thread" daemon [_thread_blocked, id=6888, stack(0x0000006304500000,0x0000006304600000)]
  0x0000019c7477bb60 JavaThread "C2 CompilerThread1" daemon [_thread_blocked, id=20972, stack(0x0000006304700000,0x0000006304800000)]
  0x0000019c77680ad0 JavaThread "Daemon health stats" [_thread_blocked, id=1120, stack(0x0000006304d00000,0x0000006304e00000)]
  0x0000019c76feac90 JavaThread "Incoming local TCP Connector on port 52186" [_thread_in_native, id=11796, stack(0x0000006304c00000,0x0000006304d00000)]
  0x0000019c76fe9e20 JavaThread "Daemon periodic checks" [_thread_blocked, id=6132, stack(0x0000006304e00000,0x0000006304f00000)]
  0x0000019c76feb160 JavaThread "Daemon" [_thread_blocked, id=20680, stack(0x0000006304f00000,0x0000006305000000)]
  0x0000019c76feb630 JavaThread "Handler for socket connection from /127.0.0.1:52186 to /127.0.0.1:52187" [_thread_in_native, id=20204, stack(0x0000006305000000,0x0000006305100000)]
  0x0000019c76fea2f0 JavaThread "Cancel handler" [_thread_blocked, id=7404, stack(0x0000006305100000,0x0000006305200000)]
  0x0000019c76fea7c0 JavaThread "Daemon worker" [_thread_blocked, id=1832, stack(0x0000006305200000,0x0000006305300000)]
  0x0000019c75dc1b40 JavaThread "Asynchronous log dispatcher for DefaultDaemonConnection: socket connection from /127.0.0.1:52186 to /127.0.0.1:52187" [_thread_blocked, id=12892, stack(0x0000006305300000,0x0000006305400000)]
  0x0000019c75dc11a0 JavaThread "Stdin handler" [_thread_blocked, id=3516, stack(0x0000006305400000,0x0000006305500000)]
  0x0000019c75dc1670 JavaThread "Daemon client event forwarder" [_thread_blocked, id=5812, stack(0x0000006305500000,0x0000006305600000)]
  0x0000019c75dc3820 JavaThread "Cache worker for journal cache (C:\Users\jasse\.gradle\caches\journal-1)" [_thread_blocked, id=7676, stack(0x0000006305a00000,0x0000006305b00000)]
  0x0000019c75dc0cd0 JavaThread "File lock request listener" [_thread_in_native, id=2808, stack(0x0000006305b00000,0x0000006305c00000)]
  0x0000019c75dc2010 JavaThread "Cache worker for file hash cache (C:\Users\jasse\.gradle\caches\8.0\fileHashes)" [_thread_blocked, id=18984, stack(0x0000006305c00000,0x0000006305d00000)]
  0x0000019c77d3d040 JavaThread "C2 CompilerThread2" daemon [_thread_blocked, id=15560, stack(0x0000006305d00000,0x0000006305e00000)]
  0x0000019c75dc24e0 JavaThread "File watcher server" daemon [_thread_blocked, id=15552, stack(0x0000006305e00000,0x0000006305f00000)]
  0x0000019c75dc4690 JavaThread "File watcher consumer" daemon [_thread_blocked, id=4300, stack(0x0000006305f00000,0x0000006306000000)]
  0x0000019c75dc29b0 JavaThread "Cache worker for checksums cache (C:\Users\jasse\AndroidStudioProjects\front\.gradle\8.0\checksums)" [_thread_blocked, id=6192, stack(0x0000006306000000,0x0000006306100000)]
  0x0000019c75dc2e80 JavaThread "Cache worker for cache directory md-rule (C:\Users\jasse\.gradle\caches\8.0\md-rule)" [_thread_blocked, id=3740, stack(0x0000006306100000,0x0000006306200000)]
  0x0000019c75dc3350 JavaThread "Cache worker for file content cache (C:\Users\jasse\.gradle\caches\8.0\fileContent)" [_thread_blocked, id=3548, stack(0x0000006306200000,0x0000006306300000)]
  0x0000019c75dc3cf0 JavaThread "Cache worker for file hash cache (C:\Users\jasse\AndroidStudioProjects\front\.gradle\8.0\fileHashes)" [_thread_blocked, id=14240, stack(0x0000006306300000,0x0000006306400000)]
  0x0000019c75dc41c0 JavaThread "Cache worker for cache directory md-supplier (C:\Users\jasse\.gradle\caches\8.0\md-supplier)" [_thread_blocked, id=1980, stack(0x0000006306400000,0x0000006306500000)]
  0x0000019c78594290 JavaThread "Cache worker for execution history cache (C:\Users\jasse\.gradle\caches\8.0\executionHistory)" [_thread_blocked, id=8024, stack(0x0000006306500000,0x0000006306600000)]
  0x0000019c78593dc0 JavaThread "jar transforms" [_thread_blocked, id=5528, stack(0x0000006306600000,0x0000006306700000)]
  0x0000019c78597780 JavaThread "jar transforms Thread 2" [_thread_blocked, id=18912, stack(0x0000006306700000,0x0000006306800000)]
  0x0000019c78596de0 JavaThread "Cache worker for kotlin-dsl (C:\Users\jasse\.gradle\caches\8.0\kotlin-dsl)" [_thread_blocked, id=20656, stack(0x0000006306900000,0x0000006306a00000)]
  0x0000019c785972b0 JavaThread "jar transforms Thread 3" [_thread_blocked, id=16296, stack(0x0000006306a00000,0x0000006306b00000)]
  0x0000019c785955d0 JavaThread "jar transforms Thread 4" [_thread_blocked, id=16276, stack(0x0000006306b00000,0x0000006306c00000)]
  0x0000019c78595f70 JavaThread "Cache worker for dependencies-accessors (C:\Users\jasse\AndroidStudioProjects\front\.gradle\8.0\dependencies-accessors)" [_thread_blocked, id=17132, stack(0x0000006306c00000,0x0000006306d00000)]
  0x0000019c78596440 JavaThread "Cache worker for Build Output Cleanup Cache (C:\Users\jasse\AndroidStudioProjects\front\.gradle\buildOutputCleanup)" [_thread_blocked, id=20788, stack(0x0000006306d00000,0x0000006306e00000)]
  0x0000019c78596910 JavaThread "jar transforms Thread 5" [_thread_blocked, id=18540, stack(0x0000006306e00000,0x0000006306f00000)]
  0x0000019c78876260 JavaThread "Unconstrained build operations" [_thread_blocked, id=17188, stack(0x0000006306f00000,0x0000006307000000)]
  0x0000019c78876730 JavaThread "Unconstrained build operations Thread 2" [_thread_blocked, id=2096, stack(0x0000006307000000,0x0000006307100000)]
  0x0000019c788723d0 JavaThread "Unconstrained build operations Thread 3" [_thread_blocked, id=3864, stack(0x0000006307100000,0x0000006307200000)]
  0x0000019c788753f0 JavaThread "Unconstrained build operations Thread 4" [_thread_blocked, id=3980, stack(0x0000006307200000,0x0000006307300000)]
  0x0000019c78871a30 JavaThread "Unconstrained build operations Thread 5" [_thread_blocked, id=9196, stack(0x0000006307300000,0x0000006307400000)]
  0x0000019c78875d90 JavaThread "Unconstrained build operations Thread 6" [_thread_blocked, id=11348, stack(0x0000006307400000,0x0000006307500000)]
  0x0000019c78876c00 JavaThread "Unconstrained build operations Thread 7" [_thread_blocked, id=10644, stack(0x0000006307500000,0x0000006307600000)]
  0x0000019c78878410 JavaThread "Unconstrained build operations Thread 8" [_thread_blocked, id=13128, stack(0x0000006307600000,0x0000006307700000)]
  0x0000019c78877a70 JavaThread "Unconstrained build operations Thread 9" [_thread_blocked, id=2624, stack(0x0000006307700000,0x0000006307800000)]
  0x0000019c78871560 JavaThread "Unconstrained build operations Thread 10" [_thread_blocked, id=17156, stack(0x0000006307800000,0x0000006307900000)]
  0x0000019c788728a0 JavaThread "Unconstrained build operations Thread 11" [_thread_blocked, id=5384, stack(0x0000006307900000,0x0000006307a00000)]
  0x0000019c78874f20 JavaThread "Unconstrained build operations Thread 12" [_thread_blocked, id=11308, stack(0x0000006307a00000,0x0000006307b00000)]
  0x0000019c788770d0 JavaThread "Unconstrained build operations Thread 13" [_thread_blocked, id=11792, stack(0x0000006307b00000,0x0000006307c00000)]
  0x0000019c788775a0 JavaThread "Unconstrained build operations Thread 14" [_thread_blocked, id=14256, stack(0x0000006307c00000,0x0000006307d00000)]
  0x0000019c788740b0 JavaThread "Unconstrained build operations Thread 15" [_thread_blocked, id=14228, stack(0x0000006307d00000,0x0000006307e00000)]
  0x0000019c78874580 JavaThread "Unconstrained build operations Thread 16" [_thread_blocked, id=9768, stack(0x0000006307e00000,0x0000006307f00000)]
  0x0000019c78877f40 JavaThread "Unconstrained build operations Thread 17" [_thread_blocked, id=10288, stack(0x0000006307f00000,0x0000006308000000)]
  0x0000019c78872d70 JavaThread "Unconstrained build operations Thread 18" [_thread_blocked, id=10572, stack(0x0000006308000000,0x0000006308100000)]
  0x0000019c78873be0 JavaThread "Unconstrained build operations Thread 19" [_thread_blocked, id=6164, stack(0x0000006308100000,0x0000006308200000)]
  0x0000019c78873240 JavaThread "Unconstrained build operations Thread 20" [_thread_blocked, id=15588, stack(0x0000006308200000,0x0000006308300000)]
  0x0000019c78871f00 JavaThread "Unconstrained build operations Thread 21" [_thread_blocked, id=9076, stack(0x0000006308300000,0x0000006308400000)]
  0x0000019c788788e0 JavaThread "Unconstrained build operations Thread 22" [_thread_blocked, id=2668, stack(0x0000006308400000,0x0000006308500000)]
  0x0000019c78871090 JavaThread "Unconstrained build operations Thread 23" [_thread_blocked, id=3404, stack(0x0000006308500000,0x0000006308600000)]
  0x0000019c78873710 JavaThread "Unconstrained build operations Thread 24" [_thread_blocked, id=12120, stack(0x0000006308600000,0x0000006308700000)]
  0x0000019c78874a50 JavaThread "Unconstrained build operations Thread 25" [_thread_blocked, id=8180, stack(0x0000006308700000,0x0000006308800000)]
  0x0000019c799acdc0 JavaThread "Unconstrained build operations Thread 26" [_thread_blocked, id=16992, stack(0x0000006308800000,0x0000006308900000)]
  0x0000019c799aef70 JavaThread "Unconstrained build operations Thread 27" [_thread_blocked, id=2464, stack(0x0000006308900000,0x0000006308a00000)]
  0x0000019c799b15f0 JavaThread "Unconstrained build operations Thread 28" [_thread_blocked, id=16676, stack(0x0000006308a00000,0x0000006308b00000)]
  0x0000019c799b1120 JavaThread "Unconstrained build operations Thread 29" [_thread_blocked, id=13904, stack(0x0000006308b00000,0x0000006308c00000)]
  0x0000019c799b32d0 JavaThread "Unconstrained build operations Thread 30" [_thread_blocked, id=19864, stack(0x0000006308c00000,0x0000006308d00000)]
  0x0000019c799ad760 JavaThread "Unconstrained build operations Thread 31" [_thread_blocked, id=1324, stack(0x0000006308d00000,0x0000006308e00000)]
  0x0000019c799ac420 JavaThread "Unconstrained build operations Thread 32" [_thread_blocked, id=12956, stack(0x0000006308e00000,0x0000006308f00000)]
  0x0000019c799b0780 JavaThread "Unconstrained build operations Thread 33" [_thread_blocked, id=2060, stack(0x0000006308f00000,0x0000006309000000)]
  0x0000019c799b2e00 JavaThread "Unconstrained build operations Thread 34" [_thread_blocked, id=8404, stack(0x0000006309000000,0x0000006309100000)]
  0x0000019c799b02b0 JavaThread "Unconstrained build operations Thread 35" [_thread_blocked, id=16028, stack(0x0000006309100000,0x0000006309200000)]
  0x0000019c799b37a0 JavaThread "Unconstrained build operations Thread 36" [_thread_blocked, id=1632, stack(0x0000006309200000,0x0000006309300000)]
  0x0000019c799b1ac0 JavaThread "Unconstrained build operations Thread 37" [_thread_blocked, id=9852, stack(0x0000006309300000,0x0000006309400000)]
  0x0000019c799ac8f0 JavaThread "Unconstrained build operations Thread 38" [_thread_blocked, id=4840, stack(0x0000006309400000,0x0000006309500000)]
  0x0000019c799ad290 JavaThread "Unconstrained build operations Thread 39" [_thread_blocked, id=3156, stack(0x0000006309500000,0x0000006309600000)]
  0x0000019c799b0c50 JavaThread "Unconstrained build operations Thread 40" [_thread_blocked, id=2996, stack(0x0000006309600000,0x0000006309700000)]
  0x0000019c799afde0 JavaThread "Unconstrained build operations Thread 41" [_thread_blocked, id=18108, stack(0x0000006309700000,0x0000006309800000)]
  0x0000019c799adc30 JavaThread "Unconstrained build operations Thread 42" [_thread_blocked, id=8776, stack(0x0000006309800000,0x0000006309900000)]
  0x0000019c799af440 JavaThread "Unconstrained build operations Thread 43" [_thread_blocked, id=12260, stack(0x0000006309900000,0x0000006309a00000)]
  0x0000019c799af910 JavaThread "Unconstrained build operations Thread 44" [_thread_blocked, id=16436, stack(0x0000006309a00000,0x0000006309b00000)]
  0x0000019c799b1f90 JavaThread "Unconstrained build operations Thread 45" [_thread_blocked, id=12756, stack(0x0000006309b00000,0x0000006309c00000)]
  0x0000019c799b2460 JavaThread "Unconstrained build operations Thread 46" [_thread_blocked, id=2280, stack(0x0000006309c00000,0x0000006309d00000)]
  0x0000019c799ae100 JavaThread "Unconstrained build operations Thread 47" [_thread_blocked, id=16428, stack(0x0000006309d00000,0x0000006309e00000)]
  0x0000019c799b2930 JavaThread "Unconstrained build operations Thread 48" [_thread_blocked, id=6452, stack(0x0000006309e00000,0x0000006309f00000)]
  0x0000019c799b3c70 JavaThread "Unconstrained build operations Thread 49" [_thread_blocked, id=19424, stack(0x0000006309f00000,0x000000630a000000)]
  0x0000019c799ae5d0 JavaThread "Unconstrained build operations Thread 50" [_thread_blocked, id=12580, stack(0x000000630a000000,0x000000630a100000)]
  0x0000019c799aeaa0 JavaThread "Unconstrained build operations Thread 51" [_thread_blocked, id=10436, stack(0x000000630a100000,0x000000630a200000)]
  0x0000019c79ff4550 JavaThread "Unconstrained build operations Thread 52" [_thread_blocked, id=12696, stack(0x000000630a200000,0x000000630a300000)]
  0x0000019c79ff88b0 JavaThread "Unconstrained build operations Thread 53" [_thread_blocked, id=7244, stack(0x000000630a300000,0x000000630a400000)]
  0x0000019c79ff3bb0 JavaThread "Unconstrained build operations Thread 54" [_thread_blocked, id=15180, stack(0x000000630a400000,0x000000630a500000)]
  0x0000019c79ff4080 JavaThread "Unconstrained build operations Thread 55" [_thread_blocked, id=1048, stack(0x000000630a500000,0x000000630a600000)]
  0x0000019c79ff7a40 JavaThread "Unconstrained build operations Thread 56" [_thread_blocked, id=16668, stack(0x000000630a600000,0x000000630a700000)]
  0x0000019c79ff1530 JavaThread "Unconstrained build operations Thread 57" [_thread_blocked, id=1572, stack(0x000000630a700000,0x000000630a800000)]
  0x0000019c79ff4a20 JavaThread "Unconstrained build operations Thread 58" [_thread_blocked, id=2944, stack(0x000000630a800000,0x000000630a900000)]
  0x0000019c79ff1a00 JavaThread "Unconstrained build operations Thread 59" [_thread_blocked, id=3920, stack(0x000000630a900000,0x000000630aa00000)]
  0x0000019c79ff53c0 JavaThread "Unconstrained build operations Thread 60" [_thread_blocked, id=21380, stack(0x000000630aa00000,0x000000630ab00000)]
  0x0000019c79ff2870 JavaThread "Unconstrained build operations Thread 61" [_thread_blocked, id=16036, stack(0x000000630ab00000,0x000000630ac00000)]
  0x0000019c79ff83e0 JavaThread "Unconstrained build operations Thread 62" [_thread_blocked, id=3500, stack(0x000000630ac00000,0x000000630ad00000)]
  0x0000019c79ff1060 JavaThread "Unconstrained build operations Thread 63" [_thread_blocked, id=6104, stack(0x000000630ad00000,0x000000630ae00000)]
  0x0000019c79ff6230 JavaThread "Unconstrained build operations Thread 64" [_thread_blocked, id=12728, stack(0x000000630ae00000,0x000000630af00000)]
  0x0000019c79ff3210 JavaThread "Unconstrained build operations Thread 65" [_thread_blocked, id=3928, stack(0x000000630af00000,0x000000630b000000)]
  0x0000019c79ff4ef0 JavaThread "Unconstrained build operations Thread 66" [_thread_blocked, id=3068, stack(0x000000630b000000,0x000000630b100000)]
  0x0000019c79ff36e0 JavaThread "Unconstrained build operations Thread 67" [_thread_blocked, id=10224, stack(0x000000630b100000,0x000000630b200000)]
  0x0000019c79ff2d40 JavaThread "Unconstrained build operations Thread 68" [_thread_blocked, id=19656, stack(0x000000630b200000,0x000000630b300000)]
  0x0000019c79ff6700 JavaThread "Unconstrained build operations Thread 69" [_thread_blocked, id=16840, stack(0x000000630b300000,0x000000630b400000)]
  0x0000019c79ff5890 JavaThread "Unconstrained build operations Thread 70" [_thread_blocked, id=19488, stack(0x000000630b400000,0x000000630b500000)]
  0x0000019c79ff70a0 JavaThread "Unconstrained build operations Thread 71" [_thread_blocked, id=16756, stack(0x000000630b500000,0x000000630b600000)]
  0x0000019c79ff5d60 JavaThread "Unconstrained build operations Thread 72" [_thread_blocked, id=4756, stack(0x000000630b600000,0x000000630b700000)]
  0x0000019c79ff6bd0 JavaThread "Unconstrained build operations Thread 73" [_thread_blocked, id=13152, stack(0x000000630b700000,0x000000630b800000)]
  0x0000019c79ff7570 JavaThread "Unconstrained build operations Thread 74" [_thread_blocked, id=16572, stack(0x000000630b800000,0x000000630b900000)]
  0x0000019c79ff7f10 JavaThread "Unconstrained build operations Thread 75" [_thread_blocked, id=15332, stack(0x000000630b900000,0x000000630ba00000)]
  0x0000019c79ff1ed0 JavaThread "Unconstrained build operations Thread 76" [_thread_blocked, id=6828, stack(0x000000630ba00000,0x000000630bb00000)]
  0x0000019c79ff23a0 JavaThread "Unconstrained build operations Thread 77" [_thread_blocked, id=2020, stack(0x000000630bb00000,0x000000630bc00000)]
  0x0000019c7b4a96b0 JavaThread "Unconstrained build operations Thread 78" [_thread_blocked, id=12672, stack(0x000000630bc00000,0x000000630bd00000)]
  0x0000019c7b4ad540 JavaThread "Unconstrained build operations Thread 79" [_thread_blocked, id=16348, stack(0x000000630bd00000,0x000000630be00000)]
  0x0000019c7b4aaec0 JavaThread "Unconstrained build operations Thread 80" [_thread_blocked, id=17780, stack(0x000000630be00000,0x000000630bf00000)]
  0x0000019c7b4a6b60 JavaThread "jar transforms Thread 6" [_thread_blocked, id=13820, stack(0x000000630bf00000,0x000000630c000000)]
  0x0000019c7b4ab390 JavaThread "jar transforms Thread 7" [_thread_blocked, id=15172, stack(0x000000630c000000,0x000000630c100000)]
  0x0000019c7b4aa050 JavaThread "jar transforms Thread 8" [_thread_blocked, id=6448, stack(0x000000630c100000,0x000000630c200000)]
  0x0000019c7b4ada10 JavaThread "build event listener" [_thread_blocked, id=16636, stack(0x000000630c200000,0x000000630c300000)]
  0x0000019c7b4adee0 JavaThread "Memory manager" [_thread_blocked, id=4456, stack(0x000000630c300000,0x000000630c400000)]
  0x0000019c7b4a91e0 JavaThread "build event listener" [_thread_blocked, id=5252, stack(0x000000630c400000,0x000000630c500000)]
  0x0000019c7b4aa520 JavaThread "build event listener" [_thread_blocked, id=10264, stack(0x000000630c500000,0x000000630c600000)]
  0x0000019c7b4acba0 JavaThread "included builds" [_thread_blocked, id=11356, stack(0x000000630c600000,0x000000630c700000)]
  0x0000019c7b4ad070 JavaThread "Execution worker" [_thread_blocked, id=3256, stack(0x000000630c700000,0x000000630c800000)]
  0x0000019c7b4a9b80 JavaThread "Execution worker Thread 2" [_thread_blocked, id=9148, stack(0x000000630c800000,0x000000630c900000)]
  0x0000019c7b4a7030 JavaThread "Execution worker Thread 3" [_thread_blocked, id=13324, stack(0x000000630c900000,0x000000630ca00000)]
  0x0000019c7b4a79d0 JavaThread "Execution worker Thread 4" [_thread_blocked, id=11672, stack(0x000000630ca00000,0x000000630cb00000)]
  0x0000019c7b4a8370 JavaThread "Execution worker Thread 5" [_thread_blocked, id=19416, stack(0x000000630cb00000,0x000000630cc00000)]
  0x0000019c7e466520 JavaThread "Execution worker Thread 6" [_thread_blocked, id=11500, stack(0x000000630cc00000,0x000000630cd00000)]
  0x0000019c7e466050 JavaThread "Execution worker Thread 7" [_thread_blocked, id=8244, stack(0x000000630cd00000,0x000000630ce00000)]
  0x0000019c7e4656b0 JavaThread "Cache worker for execution history cache (C:\Users\jasse\AndroidStudioProjects\front\.gradle\8.0\executionHistory)" [_thread_blocked, id=11320, stack(0x000000630ce00000,0x000000630cf00000)]
  0x0000019c7d8dae60 JavaThread "WorkerExecutor Queue" [_thread_blocked, id=3460, stack(0x000000630cf00000,0x000000630d000000)]

Other Threads:
=>0x0000019c738b1b70 VMThread "VM Thread" [stack: 0x0000006303a00000,0x0000006303b00000] [id=9688]
  0x0000019c59aec2c0 WatcherThread [stack: 0x0000006304600000,0x0000006304700000] [id=13564]
  0x0000019c59ab9350 GCTaskThread "GC Thread#0" [stack: 0x0000006303500000,0x0000006303600000] [id=6432]
  0x0000019c74abfdd0 GCTaskThread "GC Thread#1" [stack: 0x0000006304800000,0x0000006304900000] [id=17664]
  0x0000019c753c9db0 GCTaskThread "GC Thread#2" [stack: 0x0000006304900000,0x0000006304a00000] [id=19248]
  0x0000019c753cec30 GCTaskThread "GC Thread#3" [stack: 0x0000006304a00000,0x0000006304b00000] [id=2568]
  0x0000019c75f9bce0 GCTaskThread "GC Thread#4" [stack: 0x0000006304b00000,0x0000006304c00000] [id=4960]
  0x0000019c76b64200 GCTaskThread "GC Thread#5" [stack: 0x0000006305600000,0x0000006305700000] [id=14064]
  0x0000019c75a7fa60 GCTaskThread "GC Thread#6" [stack: 0x0000006305700000,0x0000006305800000] [id=12352]
  0x0000019c75809a70 GCTaskThread "GC Thread#7" [stack: 0x0000006305800000,0x0000006305900000] [id=16524]
  0x0000019c59aca290 ConcurrentGCThread "G1 Main Marker" [stack: 0x0000006303600000,0x0000006303700000] [id=9188]
  0x0000019c59acaca0 ConcurrentGCThread "G1 Conc#0" [stack: 0x0000006303700000,0x0000006303800000] [id=1968]
  0x0000019c75f2c1b0 ConcurrentGCThread "G1 Conc#1" [stack: 0x0000006305900000,0x0000006305a00000] [id=6060]
  0x0000019c737230d0 ConcurrentGCThread "G1 Refine#0" [stack: 0x0000006303800000,0x0000006303900000] [id=7960]
  0x0000019c76a904a0 ConcurrentGCThread "G1 Refine#1" [stack: 0x0000006306800000,0x0000006306900000] [id=2612]
  0x0000019c73723a00 ConcurrentGCThread "G1 Service" [stack: 0x0000006303900000,0x0000006303a00000] [id=4852]

Threads with active compile tasks:
C2 CompilerThread0     9258 10685       4       org.gradle.tooling.internal.provider.runner.TaskOriginTracker::started (62 bytes)
C1 CompilerThread0     9258 10697       3       org.gradle.internal.vfs.impl.DefaultFileSystemAccess$$Lambda$341/0x00000001004bcca0::get (12 bytes)
C2 CompilerThread1     9258 10694       4       java.lang.Integer::parseInt (7 bytes)
C2 CompilerThread2     9258 10617       4       org.objectweb.asm.AnnotationWriter::visit (935 bytes)

VM state: at safepoint (normal execution)

VM Mutex/Monitor currently owned by a thread:  ([mutex/lock_event])
[0x0000019c59a5a0b0] Threads_lock - owner thread: 0x0000019c738b1b70
[0x0000019c59a58d00] Heap_lock - owner thread: 0x0000019c799b0780

Heap address: 0x0000000080000000, size: 2048 MB, Compressed Oops mode: 32-bit

CDS archive(s) not mapped
Compressed class space mapped at: 0x0000000100000000-0x0000000140000000, reserved size: 1073741824
Narrow klass base: 0x0000000000000000, Narrow klass shift: 3, Narrow klass range: 0x140000000

GC Precious Log:
 CPUs: 8 total, 8 available
 Memory: 7993M
 Large Page Support: Disabled
 NUMA Support: Disabled
 Compressed Oops: Enabled (32-bit)
 Heap Region Size: 1M
 Heap Min Capacity: 8M
 Heap Initial Capacity: 126M
 Heap Max Capacity: 2G
 Pre-touch: Disabled
 Parallel Workers: 8
 Concurrent Workers: 2
 Concurrent Refinement Workers: 8
 Periodic GC: Disabled

Heap:
 garbage-first heap   total 174080K, used 91055K [0x0000000080000000, 0x0000000100000000)
  region size 1024K, 1 young (1024K), 1 survivors (1024K)
 Metaspace       used 96752K, committed 97536K, reserved 1138688K
  class space    used 13287K, committed 13632K, reserved 1048576K

Heap Regions: E=young(eden), S=young(survivor), O=old, HS=humongous(starts), HC=humongous(continues), CS=collection set, F=free, OA=open archive, CA=closed archive, TAMS=top-at-mark-start (previous, next)
|   0|0x0000000080000000, 0x0000000080100000, 0x0000000080100000|100%|HS|  |TAMS 0x0000000080100000, 0x0000000080000000| Complete 
|   1|0x0000000080100000, 0x0000000080200000, 0x0000000080200000|100%|HC|  |TAMS 0x0000000080200000, 0x0000000080100000| Complete 
|   2|0x0000000080200000, 0x0000000080300000, 0x0000000080300000|100%|HC|  |TAMS 0x0000000080300000, 0x0000000080200000| Complete 
|   3|0x0000000080300000, 0x0000000080400000, 0x0000000080400000|100%|HC|  |TAMS 0x0000000080400000, 0x0000000080300000| Complete 
|   4|0x0000000080400000, 0x0000000080500000, 0x0000000080500000|100%| O|  |TAMS 0x0000000080500000, 0x0000000080400000| Untracked 
|   5|0x0000000080500000, 0x0000000080600000, 0x0000000080600000|100%| O|  |TAMS 0x0000000080600000, 0x0000000080500000| Untracked 
|   6|0x0000000080600000, 0x0000000080700000, 0x0000000080700000|100%| O|  |TAMS 0x0000000080700000, 0x0000000080600000| Untracked 
|   7|0x0000000080700000, 0x0000000080800000, 0x0000000080800000|100%| O|  |TAMS 0x0000000080800000, 0x0000000080700000| Untracked 
|   8|0x0000000080800000, 0x0000000080900000, 0x0000000080900000|100%| O|  |TAMS 0x0000000080900000, 0x0000000080800000| Untracked 
|   9|0x0000000080900000, 0x0000000080a00000, 0x0000000080a00000|100%| O|  |TAMS 0x0000000080a00000, 0x0000000080900000| Untracked 
|  10|0x0000000080a00000, 0x0000000080b00000, 0x0000000080b00000|100%| O|  |TAMS 0x0000000080b00000, 0x0000000080a00000| Untracked 
|  11|0x0000000080b00000, 0x0000000080c00000, 0x0000000080c00000|100%| O|  |TAMS 0x0000000080b00000, 0x0000000080b00000| Untracked 
|  12|0x0000000080c00000, 0x0000000080d00000, 0x0000000080d00000|100%| O|  |TAMS 0x0000000080d00000, 0x0000000080c00000| Untracked 
|  13|0x0000000080d00000, 0x0000000080e00000, 0x0000000080e00000|100%| O|  |TAMS 0x0000000080e00000, 0x0000000080d00000| Untracked 
|  14|0x0000000080e00000, 0x0000000080f00000, 0x0000000080f00000|100%| O|  |TAMS 0x0000000080f00000, 0x0000000080e00000| Untracked 
|  15|0x0000000080f00000, 0x0000000081000000, 0x0000000081000000|100%| O|  |TAMS 0x0000000081000000, 0x0000000080f00000| Untracked 
|  16|0x0000000081000000, 0x0000000081100000, 0x0000000081100000|100%| O|  |TAMS 0x0000000081100000, 0x0000000081000000| Untracked 
|  17|0x0000000081100000, 0x0000000081200000, 0x0000000081200000|100%| O|  |TAMS 0x0000000081200000, 0x0000000081100000| Untracked 
|  18|0x0000000081200000, 0x0000000081300000, 0x0000000081300000|100%| O|  |TAMS 0x0000000081300000, 0x0000000081200000| Untracked 
|  19|0x0000000081300000, 0x0000000081400000, 0x0000000081400000|100%| O|  |TAMS 0x0000000081400000, 0x0000000081300000| Untracked 
|  20|0x0000000081400000, 0x0000000081500000, 0x0000000081500000|100%| O|  |TAMS 0x0000000081500000, 0x0000000081400000| Untracked 
|  21|0x0000000081500000, 0x0000000081600000, 0x0000000081600000|100%| O|  |TAMS 0x0000000081600000, 0x0000000081500000| Untracked 
|  22|0x0000000081600000, 0x0000000081700000, 0x0000000081700000|100%| O|  |TAMS 0x0000000081700000, 0x0000000081600000| Untracked 
|  23|0x0000000081700000, 0x0000000081800000, 0x0000000081800000|100%| O|  |TAMS 0x0000000081800000, 0x0000000081700000| Untracked 
|  24|0x0000000081800000, 0x0000000081900000, 0x0000000081900000|100%| O|  |TAMS 0x0000000081900000, 0x0000000081800000| Untracked 
|  25|0x0000000081900000, 0x0000000081a00000, 0x0000000081a00000|100%| O|  |TAMS 0x0000000081a00000, 0x0000000081900000| Untracked 
|  26|0x0000000081a00000, 0x0000000081b00000, 0x0000000081b00000|100%|HS|  |TAMS 0x0000000081b00000, 0x0000000081a00000| Complete 
|  27|0x0000000081b00000, 0x0000000081c00000, 0x0000000081c00000|100%| O|  |TAMS 0x0000000081c00000, 0x0000000081b00000| Untracked 
|  28|0x0000000081c00000, 0x0000000081d00000, 0x0000000081d00000|100%| O|  |TAMS 0x0000000081d00000, 0x0000000081c00000| Untracked 
|  29|0x0000000081d00000, 0x0000000081e00000, 0x0000000081e00000|100%| O|  |TAMS 0x0000000081e00000, 0x0000000081d00000| Untracked 
|  30|0x0000000081e00000, 0x0000000081f00000, 0x0000000081f00000|100%| O|  |TAMS 0x0000000081f00000, 0x0000000081e00000| Untracked 
|  31|0x0000000081f00000, 0x0000000082000000, 0x0000000082000000|100%| O|  |TAMS 0x0000000082000000, 0x0000000081f00000| Untracked 
|  32|0x0000000082000000, 0x0000000082100000, 0x0000000082100000|100%| O|  |TAMS 0x0000000082100000, 0x0000000082000000| Untracked 
|  33|0x0000000082100000, 0x0000000082200000, 0x0000000082200000|100%| O|  |TAMS 0x0000000082200000, 0x0000000082100000| Untracked 
|  34|0x0000000082200000, 0x0000000082300000, 0x0000000082300000|100%|HS|  |TAMS 0x0000000082300000, 0x0000000082200000| Complete 
|  35|0x0000000082300000, 0x0000000082400000, 0x0000000082400000|100%|HS|  |TAMS 0x0000000082400000, 0x0000000082300000| Complete 
|  36|0x0000000082400000, 0x0000000082500000, 0x0000000082500000|100%|HC|  |TAMS 0x0000000082500000, 0x0000000082400000| Complete 
|  37|0x0000000082500000, 0x0000000082600000, 0x0000000082600000|100%| O|  |TAMS 0x0000000082600000, 0x0000000082500000| Untracked 
|  38|0x0000000082600000, 0x0000000082700000, 0x0000000082700000|100%| O|  |TAMS 0x0000000082700000, 0x0000000082600000| Untracked 
|  39|0x0000000082700000, 0x0000000082800000, 0x0000000082800000|100%| O|  |TAMS 0x0000000082800000, 0x0000000082700000| Untracked 
|  40|0x0000000082800000, 0x0000000082900000, 0x0000000082900000|100%|HS|  |TAMS 0x0000000082900000, 0x0000000082800000| Complete 
|  41|0x0000000082900000, 0x0000000082a00000, 0x0000000082a00000|100%|HS|  |TAMS 0x0000000082a00000, 0x0000000082900000| Complete 
|  42|0x0000000082a00000, 0x0000000082b00000, 0x0000000082b00000|100%|HC|  |TAMS 0x0000000082b00000, 0x0000000082a00000| Complete 
|  43|0x0000000082b00000, 0x0000000082c00000, 0x0000000082c00000|100%|HC|  |TAMS 0x0000000082c00000, 0x0000000082b00000| Complete 
|  44|0x0000000082c00000, 0x0000000082d00000, 0x0000000082d00000|100%|HC|  |TAMS 0x0000000082d00000, 0x0000000082c00000| Complete 
|  45|0x0000000082d00000, 0x0000000082e00000, 0x0000000082e00000|100%| O|  |TAMS 0x0000000082e00000, 0x0000000082d00000| Untracked 
|  46|0x0000000082e00000, 0x0000000082f00000, 0x0000000082f00000|100%| O|  |TAMS 0x0000000082f00000, 0x0000000082e00000| Untracked 
|  47|0x0000000082f00000, 0x0000000083000000, 0x0000000083000000|100%| O|  |TAMS 0x0000000083000000, 0x0000000082f00000| Untracked 
|  48|0x0000000083000000, 0x0000000083000000, 0x0000000083100000|  0%| F|  |TAMS 0x0000000083000000, 0x0000000083000000| Untracked 
|  49|0x0000000083100000, 0x0000000083200000, 0x0000000083200000|100%| O|  |TAMS 0x0000000083200000, 0x0000000083100000| Untracked 
|  50|0x0000000083200000, 0x0000000083300000, 0x0000000083300000|100%| O|  |TAMS 0x0000000083300000, 0x0000000083200000| Untracked 
|  51|0x0000000083300000, 0x0000000083400000, 0x0000000083400000|100%| O|  |TAMS 0x0000000083400000, 0x0000000083300000| Untracked 
|  52|0x0000000083400000, 0x0000000083500000, 0x0000000083500000|100%| O|  |TAMS 0x0000000083500000, 0x0000000083400000| Untracked 
|  53|0x0000000083500000, 0x0000000083600000, 0x0000000083600000|100%| O|  |TAMS 0x0000000083600000, 0x0000000083500000| Untracked 
|  54|0x0000000083600000, 0x0000000083700000, 0x0000000083700000|100%| O|  |TAMS 0x0000000083700000, 0x0000000083600000| Untracked 
|  55|0x0000000083700000, 0x0000000083800000, 0x0000000083800000|100%| O|  |TAMS 0x0000000083800000, 0x0000000083700000| Untracked 
|  56|0x0000000083800000, 0x0000000083900000, 0x0000000083900000|100%| O|  |TAMS 0x0000000083900000, 0x0000000083800000| Untracked 
|  57|0x0000000083900000, 0x0000000083a00000, 0x0000000083a00000|100%| O|  |TAMS 0x0000000083a00000, 0x0000000083900000| Untracked 
|  58|0x0000000083a00000, 0x0000000083b00000, 0x0000000083b00000|100%| O|  |TAMS 0x0000000083b00000, 0x0000000083a00000| Untracked 
|  59|0x0000000083b00000, 0x0000000083c00000, 0x0000000083c00000|100%| O|  |TAMS 0x0000000083c00000, 0x0000000083b00000| Untracked 
|  60|0x0000000083c00000, 0x0000000083d00000, 0x0000000083d00000|100%| O|  |TAMS 0x0000000083d00000, 0x0000000083c00000| Untracked 
|  61|0x0000000083d00000, 0x0000000083e00000, 0x0000000083e00000|100%| O|  |TAMS 0x0000000083e00000, 0x0000000083d00000| Untracked 
|  62|0x0000000083e00000, 0x0000000083f00000, 0x0000000083f00000|100%| O|  |TAMS 0x0000000083f00000, 0x0000000083e00000| Untracked 
|  63|0x0000000083f00000, 0x0000000084000000, 0x0000000084000000|100%| O|  |TAMS 0x0000000084000000, 0x0000000083f00000| Untracked 
|  64|0x0000000084000000, 0x0000000084100000, 0x0000000084100000|100%| O|  |TAMS 0x0000000084100000, 0x0000000084000000| Untracked 
|  65|0x0000000084100000, 0x0000000084200000, 0x0000000084200000|100%| O|  |TAMS 0x0000000084200000, 0x0000000084100000| Untracked 
|  66|0x0000000084200000, 0x0000000084300000, 0x0000000084300000|100%| O|  |TAMS 0x0000000084300000, 0x0000000084200000| Untracked 
|  67|0x0000000084300000, 0x0000000084400000, 0x0000000084400000|100%| O|  |TAMS 0x0000000084400000, 0x0000000084300000| Untracked 
|  68|0x0000000084400000, 0x0000000084500000, 0x0000000084500000|100%| O|  |TAMS 0x0000000084500000, 0x0000000084400000| Untracked 
|  69|0x0000000084500000, 0x0000000084600000, 0x0000000084600000|100%| O|  |TAMS 0x0000000084600000, 0x0000000084500000| Untracked 
|  70|0x0000000084600000, 0x0000000084700000, 0x0000000084700000|100%| O|  |TAMS 0x0000000084700000, 0x0000000084600000| Untracked 
|  71|0x0000000084700000, 0x0000000084800000, 0x0000000084800000|100%| O|  |TAMS 0x0000000084800000, 0x0000000084700000| Untracked 
|  72|0x0000000084800000, 0x0000000084900000, 0x0000000084900000|100%| O|  |TAMS 0x0000000084900000, 0x0000000084800000| Untracked 
|  73|0x0000000084900000, 0x0000000084a00000, 0x0000000084a00000|100%| O|  |TAMS 0x0000000084a00000, 0x0000000084900000| Untracked 
|  74|0x0000000084a00000, 0x0000000084b00000, 0x0000000084b00000|100%| O|  |TAMS 0x0000000084b00000, 0x0000000084a00000| Untracked 
|  75|0x0000000084b00000, 0x0000000084c00000, 0x0000000084c00000|100%| O|  |TAMS 0x0000000084c00000, 0x0000000084b00000| Untracked 
|  76|0x0000000084c00000, 0x0000000084d00000, 0x0000000084d00000|100%| O|  |TAMS 0x0000000084d00000, 0x0000000084c00000| Untracked 
|  77|0x0000000084d00000, 0x0000000084e00000, 0x0000000084e00000|100%| O|  |TAMS 0x0000000084e00000, 0x0000000084d00000| Untracked 
|  78|0x0000000084e00000, 0x0000000084f00000, 0x0000000084f00000|100%| O|  |TAMS 0x0000000084f00000, 0x0000000084e00000| Untracked 
|  79|0x0000000084f00000, 0x0000000085000000, 0x0000000085000000|100%| O|  |TAMS 0x0000000085000000, 0x0000000084f00000| Untracked 
|  80|0x0000000085000000, 0x0000000085100000, 0x0000000085100000|100%| O|  |TAMS 0x0000000085100000, 0x0000000085000000| Untracked 
|  81|0x0000000085100000, 0x0000000085200000, 0x0000000085200000|100%| O|  |TAMS 0x0000000085200000, 0x0000000085100000| Untracked 
|  82|0x0000000085200000, 0x0000000085300000, 0x0000000085300000|100%| O|  |TAMS 0x0000000085300000, 0x0000000085200000| Untracked 
|  83|0x0000000085300000, 0x0000000085400000, 0x0000000085400000|100%| O|  |TAMS 0x0000000085300000, 0x0000000085300000| Untracked 
|  84|0x0000000085400000, 0x0000000085500000, 0x0000000085500000|100%| O|  |TAMS 0x0000000085400000, 0x0000000085400000| Untracked 
|  85|0x0000000085500000, 0x0000000085600000, 0x0000000085600000|100%| O|  |TAMS 0x0000000085500000, 0x0000000085500000| Untracked 
|  86|0x0000000085600000, 0x0000000085700000, 0x0000000085700000|100%| O|  |TAMS 0x0000000085600000, 0x0000000085600000| Untracked 
|  87|0x0000000085700000, 0x0000000085800000, 0x0000000085800000|100%| O|  |TAMS 0x0000000085700000, 0x0000000085700000| Untracked 
|  88|0x0000000085800000, 0x0000000085900000, 0x0000000085900000|100%| O|  |TAMS 0x0000000085800000, 0x0000000085800000| Untracked 
|  89|0x0000000085900000, 0x000000008592d000, 0x0000000085a00000| 17%| O|  |TAMS 0x0000000085900000, 0x0000000085900000| Untracked 
|  90|0x0000000085a00000, 0x0000000085a00000, 0x0000000085b00000|  0%| F|  |TAMS 0x0000000085a00000, 0x0000000085a00000| Untracked 
|  91|0x0000000085b00000, 0x0000000085b00000, 0x0000000085c00000|  0%| F|  |TAMS 0x0000000085b00000, 0x0000000085b00000| Untracked 
|  92|0x0000000085c00000, 0x0000000085c00000, 0x0000000085d00000|  0%| F|  |TAMS 0x0000000085c00000, 0x0000000085c00000| Untracked 
|  93|0x0000000085d00000, 0x0000000085d00000, 0x0000000085e00000|  0%| F|  |TAMS 0x0000000085d00000, 0x0000000085d00000| Untracked 
|  94|0x0000000085e00000, 0x0000000085e00000, 0x0000000085f00000|  0%| F|  |TAMS 0x0000000085e00000, 0x0000000085e00000| Untracked 
|  95|0x0000000085f00000, 0x0000000085f00000, 0x0000000086000000|  0%| F|  |TAMS 0x0000000085f00000, 0x0000000085f00000| Untracked 
|  96|0x0000000086000000, 0x0000000086000000, 0x0000000086100000|  0%| F|  |TAMS 0x0000000086000000, 0x0000000086000000| Untracked 
|  97|0x0000000086100000, 0x0000000086100000, 0x0000000086200000|  0%| F|  |TAMS 0x0000000086100000, 0x0000000086100000| Untracked 
|  98|0x0000000086200000, 0x0000000086200000, 0x0000000086300000|  0%| F|  |TAMS 0x0000000086200000, 0x0000000086200000| Untracked 
|  99|0x0000000086300000, 0x0000000086300000, 0x0000000086400000|  0%| F|  |TAMS 0x0000000086300000, 0x0000000086300000| Untracked 
| 100|0x0000000086400000, 0x0000000086400000, 0x0000000086500000|  0%| F|  |TAMS 0x0000000086400000, 0x0000000086400000| Untracked 
| 101|0x0000000086500000, 0x0000000086500000, 0x0000000086600000|  0%| F|  |TAMS 0x0000000086500000, 0x0000000086500000| Untracked 
| 102|0x0000000086600000, 0x0000000086600000, 0x0000000086700000|  0%| F|  |TAMS 0x0000000086600000, 0x0000000086600000| Untracked 
| 103|0x0000000086700000, 0x0000000086700000, 0x0000000086800000|  0%| F|  |TAMS 0x0000000086700000, 0x0000000086700000| Untracked 
| 104|0x0000000086800000, 0x0000000086800000, 0x0000000086900000|  0%| F|  |TAMS 0x0000000086800000, 0x0000000086800000| Untracked 
| 105|0x0000000086900000, 0x0000000086900000, 0x0000000086a00000|  0%| F|  |TAMS 0x0000000086900000, 0x0000000086900000| Untracked 
| 106|0x0000000086a00000, 0x0000000086a00000, 0x0000000086b00000|  0%| F|  |TAMS 0x0000000086a00000, 0x0000000086a00000| Untracked 
| 107|0x0000000086b00000, 0x0000000086b00000, 0x0000000086c00000|  0%| F|  |TAMS 0x0000000086b00000, 0x0000000086b00000| Untracked 
| 108|0x0000000086c00000, 0x0000000086c00000, 0x0000000086d00000|  0%| F|  |TAMS 0x0000000086c00000, 0x0000000086c00000| Untracked 
| 109|0x0000000086d00000, 0x0000000086d00000, 0x0000000086e00000|  0%| F|  |TAMS 0x0000000086d00000, 0x0000000086d00000| Untracked 
| 110|0x0000000086e00000, 0x0000000086e00000, 0x0000000086f00000|  0%| F|  |TAMS 0x0000000086e00000, 0x0000000086e00000| Untracked 
| 111|0x0000000086f00000, 0x0000000086f00000, 0x0000000087000000|  0%| F|  |TAMS 0x0000000086f00000, 0x0000000086f00000| Untracked 
| 112|0x0000000087000000, 0x0000000087000000, 0x0000000087100000|  0%| F|  |TAMS 0x0000000087000000, 0x0000000087000000| Untracked 
| 113|0x0000000087100000, 0x0000000087100000, 0x0000000087200000|  0%| F|  |TAMS 0x0000000087100000, 0x0000000087100000| Untracked 
| 114|0x0000000087200000, 0x0000000087200000, 0x0000000087300000|  0%| F|  |TAMS 0x0000000087200000, 0x0000000087200000| Untracked 
| 115|0x0000000087300000, 0x0000000087300000, 0x0000000087400000|  0%| F|  |TAMS 0x0000000087300000, 0x0000000087300000| Untracked 
| 116|0x0000000087400000, 0x0000000087400000, 0x0000000087500000|  0%| F|  |TAMS 0x0000000087400000, 0x0000000087400000| Untracked 
| 117|0x0000000087500000, 0x0000000087500000, 0x0000000087600000|  0%| F|  |TAMS 0x0000000087500000, 0x0000000087500000| Untracked 
| 118|0x0000000087600000, 0x0000000087600000, 0x0000000087700000|  0%| F|  |TAMS 0x0000000087600000, 0x0000000087600000| Untracked 
| 119|0x0000000087700000, 0x0000000087700000, 0x0000000087800000|  0%| F|  |TAMS 0x0000000087700000, 0x0000000087700000| Untracked 
| 120|0x0000000087800000, 0x0000000087800000, 0x0000000087900000|  0%| F|  |TAMS 0x0000000087800000, 0x0000000087800000| Untracked 
| 121|0x0000000087900000, 0x0000000087900000, 0x0000000087a00000|  0%| F|  |TAMS 0x0000000087900000, 0x0000000087900000| Untracked 
| 122|0x0000000087a00000, 0x0000000087a00000, 0x0000000087b00000|  0%| F|  |TAMS 0x0000000087a00000, 0x0000000087a00000| Untracked 
| 123|0x0000000087b00000, 0x0000000087b00000, 0x0000000087c00000|  0%| F|  |TAMS 0x0000000087b00000, 0x0000000087b00000| Untracked 
| 124|0x0000000087c00000, 0x0000000087c00000, 0x0000000087d00000|  0%| F|  |TAMS 0x0000000087c00000, 0x0000000087c00000| Untracked 
| 125|0x0000000087d00000, 0x0000000087d00000, 0x0000000087e00000|  0%| F|  |TAMS 0x0000000087d00000, 0x0000000087d00000| Untracked 
| 126|0x0000000087e00000, 0x0000000087e00000, 0x0000000087f00000|  0%| F|  |TAMS 0x0000000087e00000, 0x0000000087e00000| Untracked 
| 127|0x0000000087f00000, 0x0000000087f00000, 0x0000000088000000|  0%| F|  |TAMS 0x0000000087f00000, 0x0000000087f00000| Untracked 
| 128|0x0000000088000000, 0x0000000088000000, 0x0000000088100000|  0%| F|  |TAMS 0x0000000088000000, 0x0000000088000000| Untracked 
| 129|0x0000000088100000, 0x0000000088100000, 0x0000000088200000|  0%| F|  |TAMS 0x0000000088100000, 0x0000000088100000| Untracked 
| 130|0x0000000088200000, 0x0000000088200000, 0x0000000088300000|  0%| F|  |TAMS 0x0000000088200000, 0x0000000088200000| Untracked 
| 131|0x0000000088300000, 0x0000000088300000, 0x0000000088400000|  0%| F|  |TAMS 0x0000000088300000, 0x0000000088300000| Untracked 
| 132|0x0000000088400000, 0x0000000088400000, 0x0000000088500000|  0%| F|  |TAMS 0x0000000088400000, 0x0000000088400000| Untracked 
| 133|0x0000000088500000, 0x0000000088500000, 0x0000000088600000|  0%| F|  |TAMS 0x0000000088500000, 0x0000000088500000| Untracked 
| 134|0x0000000088600000, 0x0000000088600000, 0x0000000088700000|  0%| F|  |TAMS 0x0000000088600000, 0x0000000088600000| Untracked 
| 135|0x0000000088700000, 0x0000000088700000, 0x0000000088800000|  0%| F|  |TAMS 0x0000000088700000, 0x0000000088700000| Untracked 
| 136|0x0000000088800000, 0x0000000088800000, 0x0000000088900000|  0%| F|  |TAMS 0x0000000088800000, 0x0000000088800000| Untracked 
| 137|0x0000000088900000, 0x0000000088900000, 0x0000000088a00000|  0%| F|  |TAMS 0x0000000088900000, 0x0000000088900000| Untracked 
| 138|0x0000000088a00000, 0x0000000088a00000, 0x0000000088b00000|  0%| F|  |TAMS 0x0000000088a00000, 0x0000000088a00000| Untracked 
| 139|0x0000000088b00000, 0x0000000088b00000, 0x0000000088c00000|  0%| F|  |TAMS 0x0000000088b00000, 0x0000000088b00000| Untracked 
| 140|0x0000000088c00000, 0x0000000088c00000, 0x0000000088d00000|  0%| F|  |TAMS 0x0000000088c00000, 0x0000000088c00000| Untracked 
| 141|0x0000000088d00000, 0x0000000088d00000, 0x0000000088e00000|  0%| F|  |TAMS 0x0000000088d00000, 0x0000000088d00000| Untracked 
| 142|0x0000000088e00000, 0x0000000088e00000, 0x0000000088f00000|  0%| F|  |TAMS 0x0000000088e00000, 0x0000000088e00000| Untracked 
| 143|0x0000000088f00000, 0x0000000088f00000, 0x0000000089000000|  0%| F|  |TAMS 0x0000000088f00000, 0x0000000088f00000| Untracked 
| 144|0x0000000089000000, 0x0000000089000000, 0x0000000089100000|  0%| F|  |TAMS 0x0000000089000000, 0x0000000089000000| Untracked 
| 145|0x0000000089100000, 0x0000000089100000, 0x0000000089200000|  0%| F|  |TAMS 0x0000000089100000, 0x0000000089100000| Untracked 
| 146|0x0000000089200000, 0x0000000089200000, 0x0000000089300000|  0%| F|  |TAMS 0x0000000089200000, 0x0000000089200000| Untracked 
| 147|0x0000000089300000, 0x0000000089300000, 0x0000000089400000|  0%| F|  |TAMS 0x0000000089300000, 0x0000000089300000| Untracked 
| 148|0x0000000089400000, 0x0000000089400000, 0x0000000089500000|  0%| F|  |TAMS 0x0000000089400000, 0x0000000089400000| Untracked 
| 149|0x0000000089500000, 0x0000000089500000, 0x0000000089600000|  0%| F|  |TAMS 0x0000000089500000, 0x0000000089500000| Untracked 
| 150|0x0000000089600000, 0x0000000089600000, 0x0000000089700000|  0%| F|  |TAMS 0x0000000089600000, 0x0000000089600000| Untracked 
| 151|0x0000000089700000, 0x0000000089700000, 0x0000000089800000|  0%| F|  |TAMS 0x0000000089700000, 0x0000000089700000| Untracked 
| 152|0x0000000089800000, 0x0000000089800000, 0x0000000089900000|  0%| F|  |TAMS 0x0000000089800000, 0x0000000089800000| Untracked 
| 153|0x0000000089900000, 0x0000000089900000, 0x0000000089a00000|  0%| F|  |TAMS 0x0000000089900000, 0x0000000089900000| Untracked 
| 154|0x0000000089a00000, 0x0000000089a00000, 0x0000000089b00000|  0%| F|  |TAMS 0x0000000089a00000, 0x0000000089a00000| Untracked 
| 155|0x0000000089b00000, 0x0000000089b00000, 0x0000000089c00000|  0%| F|  |TAMS 0x0000000089b00000, 0x0000000089b00000| Untracked 
| 156|0x0000000089c00000, 0x0000000089c00000, 0x0000000089d00000|  0%| F|  |TAMS 0x0000000089c00000, 0x0000000089c00000| Untracked 
| 157|0x0000000089d00000, 0x0000000089d00000, 0x0000000089e00000|  0%| F|  |TAMS 0x0000000089d00000, 0x0000000089d00000| Untracked 
| 158|0x0000000089e00000, 0x0000000089e00000, 0x0000000089f00000|  0%| F|  |TAMS 0x0000000089e00000, 0x0000000089e00000| Untracked 
| 159|0x0000000089f00000, 0x0000000089f00000, 0x000000008a000000|  0%| F|  |TAMS 0x0000000089f00000, 0x0000000089f00000| Untracked 
| 160|0x000000008a000000, 0x000000008a000000, 0x000000008a100000|  0%| F|  |TAMS 0x000000008a000000, 0x000000008a000000| Untracked 
| 161|0x000000008a100000, 0x000000008a100000, 0x000000008a200000|  0%| F|  |TAMS 0x000000008a100000, 0x000000008a100000| Untracked 
| 162|0x000000008a200000, 0x000000008a200000, 0x000000008a300000|  0%| F|  |TAMS 0x000000008a200000, 0x000000008a200000| Untracked 
| 163|0x000000008a300000, 0x000000008a300000, 0x000000008a400000|  0%| F|  |TAMS 0x000000008a300000, 0x000000008a300000| Untracked 
| 164|0x000000008a400000, 0x000000008a4bef60, 0x000000008a500000| 74%| S|CS|TAMS 0x000000008a400000, 0x000000008a400000| Complete 
| 165|0x000000008a500000, 0x000000008a500000, 0x000000008a600000|  0%| F|  |TAMS 0x000000008a500000, 0x000000008a500000| Untracked 
| 166|0x000000008a600000, 0x000000008a600000, 0x000000008a700000|  0%| F|  |TAMS 0x000000008a600000, 0x000000008a600000| Untracked 
| 167|0x000000008a700000, 0x000000008a700000, 0x000000008a800000|  0%| F|  |TAMS 0x000000008a700000, 0x000000008a700000| Untracked 
| 168|0x000000008a800000, 0x000000008a800000, 0x000000008a900000|  0%| F|  |TAMS 0x000000008a800000, 0x000000008a800000| Untracked 
| 169|0x000000008a900000, 0x000000008a900000, 0x000000008aa00000|  0%| F|  |TAMS 0x000000008a900000, 0x000000008a900000| Untracked 

Card table byte_map: [0x0000019c6c660000,0x0000019c6ca60000] _byte_map_base: 0x0000019c6c260000

Marking Bits (Prev, Next): (CMBitMap*) 0x0000019c59ab9960, (CMBitMap*) 0x0000019c59ab99a0
 Prev Bits: [0x0000019c6ce60000, 0x0000019c6ee60000)
 Next Bits: [0x0000019c6ee60000, 0x0000019c70e60000)

Polling page: 0x0000019c579e0000

Metaspace:

Usage:
  Non-class:     81.51 MB used.
      Class:     12.98 MB used.
       Both:     94.49 MB used.

Virtual space:
  Non-class space:       88.00 MB reserved,      81.94 MB ( 93%) committed,  11 nodes.
      Class space:        1.00 GB reserved,      13.31 MB (  1%) committed,  1 nodes.
             Both:        1.09 GB reserved,      95.25 MB (  9%) committed. 

Chunk freelists:
   Non-Class:  2.05 MB
       Class:  2.66 MB
        Both:  4.71 MB

MaxMetaspaceSize: unlimited
CompressedClassSpaceSize: 1.00 GB
Initial GC threshold: 21.00 MB
Current GC threshold: 156.50 MB
CDS: off
MetaspaceReclaimPolicy: balanced
 - commit_granule_bytes: 65536.
 - commit_granule_words: 8192.
 - virtual_space_node_default_size: 1048576.
 - enlarge_chunks_in_place: 1.
 - new_chunks_are_fully_committed: 0.
 - uncommit_free_chunks: 1.
 - use_allocation_guard: 0.
 - handle_deallocations: 1.


Internal statistics:

num_allocs_failed_limit: 6.
num_arena_births: 1108.
num_arena_deaths: 0.
num_vsnodes_births: 12.
num_vsnodes_deaths: 0.
num_space_committed: 1523.
num_space_uncommitted: 0.
num_chunks_returned_to_freelist: 6.
num_chunks_taken_from_freelist: 4730.
num_chunk_merges: 6.
num_chunk_splits: 3111.
num_chunks_enlarged: 2066.
num_purges: 0.
num_inconsistent_stats: 0.

CodeHeap 'non-profiled nmethods': size=120000Kb used=5467Kb max_used=5575Kb free=114532Kb
 bounds [0x0000019c64a00000, 0x0000019c64f80000, 0x0000019c6bf30000]
CodeHeap 'profiled nmethods': size=120000Kb used=17207Kb max_used=17207Kb free=102792Kb
 bounds [0x0000019c5cf30000, 0x0000019c5e000000, 0x0000019c64460000]
CodeHeap 'non-nmethods': size=5760Kb used=2391Kb max_used=2488Kb free=3369Kb
 bounds [0x0000019c64460000, 0x0000019c646f0000, 0x0000019c64a00000]
 total_blobs=10099 nmethods=9170 adapters=841
 compilation: enabled
              stopped_count=0, restarted_count=0
 full_count=0

Compilation events (20 events):
Event: 9.219 Thread 0x0000019c74434640 nmethod 10707 0x0000019c5dffb210 code [0x0000019c5dffb3c0, 0x0000019c5dffb5c8]
Event: 9.219 Thread 0x0000019c74434640 10696       3       org.gradle.internal.watch.registry.impl.AbstractFileWatcherUpdater::virtualFileSystemContentsChanged (20 bytes)
Event: 9.220 Thread 0x0000019c744262c0 nmethod 10663 0x0000019c64c9ef10 code [0x0000019c64c9f0a0, 0x0000019c64c9f898]
Event: 9.220 Thread 0x0000019c744262c0 10635       4       org.gradle.internal.snapshot.AbstractIncompleteFileSystemNode::getSnapshot (15 bytes)
Event: 9.220 Thread 0x0000019c74434640 nmethod 10696 0x0000019c5dffb690 code [0x0000019c5dffb8e0, 0x0000019c5dffc368]
Event: 9.220 Thread 0x0000019c74434640 10688       3       org.gradle.internal.watch.registry.impl.HierarchicalFileWatcherUpdater$$Lambda$364/0x00000001004c1400::<init> (15 bytes)
Event: 9.220 Thread 0x0000019c74434640 nmethod 10688 0x0000019c5dffc810 code [0x0000019c5dffc9c0, 0x0000019c5dffcbd8]
Event: 9.220 Thread 0x0000019c74434640 10689       3       org.gradle.internal.watch.registry.impl.HierarchicalFileWatcherUpdater$$Lambda$364/0x00000001004c1400::test (16 bytes)
Event: 9.220 Thread 0x0000019c74434640 nmethod 10689 0x0000019c5dffcc90 code [0x0000019c5dffce60, 0x0000019c5dffd338]
Event: 9.220 Thread 0x0000019c74434640 10690       3       org.gradle.internal.watch.registry.impl.HierarchicalFileWatcherUpdater::lambda$handleVirtualFileSystemContentsChanged$0 (34 bytes)
Event: 9.221 Thread 0x0000019c74434640 nmethod 10690 0x0000019c5dffd510 code [0x0000019c5dffd6e0, 0x0000019c5dffda78]
Event: 9.221 Thread 0x0000019c74434640 10692       3       org.gradle.internal.vfs.impl.DefaultFileSystemAccess::lambda$readLocation$8 (9 bytes)
Event: 9.221 Thread 0x0000019c74434640 nmethod 10692 0x0000019c5dffdc10 code [0x0000019c5dffddc0, 0x0000019c5dffdf08]
Event: 9.221 Thread 0x0000019c74434640 10693       3       org.gradle.internal.vfs.impl.DefaultFileSystemAccess::snapshot (22 bytes)
Event: 9.221 Thread 0x0000019c744262c0 nmethod 10635 0x0000019c64c9ea90 code [0x0000019c64c9ec20, 0x0000019c64c9ed58]
Event: 9.221 Thread 0x0000019c744262c0 10685       4       org.gradle.tooling.internal.provider.runner.TaskOriginTracker::started (62 bytes)
Event: 9.221 Thread 0x0000019c74434640 nmethod 10693 0x0000019c5dffdf90 code [0x0000019c5dffe1a0, 0x0000019c5dffe9f8]
Event: 9.221 Thread 0x0000019c74434640 10691       3       org.gradle.internal.vfs.impl.DefaultSnapshotHierarchy::hasDescendantsUnder (27 bytes)
Event: 9.222 Thread 0x0000019c74434640 nmethod 10691 0x0000019c5dffed10 code [0x0000019c5dffef80, 0x0000019c5dfffb98]
Event: 9.222 Thread 0x0000019c74434640 10697       3       org.gradle.internal.vfs.impl.DefaultFileSystemAccess$$Lambda$341/0x00000001004bcca0::get (12 bytes)

GC Heap History (20 events):
Event: 6.702 GC heap after
{Heap after GC invocations=32 (full 0):
 garbage-first heap   total 117760K, used 68509K [0x0000000080000000, 0x0000000100000000)
  region size 1024K, 2 young (2048K), 2 survivors (2048K)
 Metaspace       used 77658K, committed 78272K, reserved 1122304K
  class space    used 10371K, committed 10624K, reserved 1048576K
}
Event: 6.998 GC heap before
{Heap before GC invocations=33 (full 0):
 garbage-first heap   total 124928K, used 96157K [0x0000000080000000, 0x0000000100000000)
  region size 1024K, 28 young (28672K), 2 survivors (2048K)
 Metaspace       used 80938K, committed 81536K, reserved 1122304K
  class space    used 11012K, committed 11264K, reserved 1048576K
}
Event: 7.000 GC heap after
{Heap after GC invocations=34 (full 0):
 garbage-first heap   total 124928K, used 69399K [0x0000000080000000, 0x0000000100000000)
  region size 1024K, 3 young (3072K), 3 survivors (3072K)
 Metaspace       used 80938K, committed 81536K, reserved 1122304K
  class space    used 11012K, committed 11264K, reserved 1048576K
}
Event: 7.318 GC heap before
{Heap before GC invocations=34 (full 0):
 garbage-first heap   total 124928K, used 100119K [0x0000000080000000, 0x0000000100000000)
  region size 1024K, 33 young (33792K), 3 survivors (3072K)
 Metaspace       used 83928K, committed 84608K, reserved 1122304K
  class space    used 11456K, committed 11776K, reserved 1048576K
}
Event: 7.322 GC heap after
{Heap after GC invocations=35 (full 0):
 garbage-first heap   total 124928K, used 71577K [0x0000000080000000, 0x0000000100000000)
  region size 1024K, 5 young (5120K), 5 survivors (5120K)
 Metaspace       used 83928K, committed 84608K, reserved 1122304K
  class space    used 11456K, committed 11776K, reserved 1048576K
}
Event: 7.654 GC heap before
{Heap before GC invocations=36 (full 0):
 garbage-first heap   total 126976K, used 101273K [0x0000000080000000, 0x0000000100000000)
  region size 1024K, 34 young (34816K), 5 survivors (5120K)
 Metaspace       used 86584K, committed 87232K, reserved 1130496K
  class space    used 11836K, committed 12160K, reserved 1048576K
}
Event: 7.659 GC heap after
{Heap after GC invocations=37 (full 0):
 garbage-first heap   total 126976K, used 74240K [0x0000000080000000, 0x0000000100000000)
  region size 1024K, 5 young (5120K), 5 survivors (5120K)
 Metaspace       used 86584K, committed 87232K, reserved 1130496K
  class space    used 11836K, committed 12160K, reserved 1048576K
}
Event: 7.670 GC heap before
{Heap before GC invocations=37 (full 0):
 garbage-first heap   total 126976K, used 75264K [0x0000000080000000, 0x0000000100000000)
  region size 1024K, 6 young (6144K), 5 survivors (5120K)
 Metaspace       used 86635K, committed 87232K, reserved 1130496K
  class space    used 11843K, committed 12160K, reserved 1048576K
}
Event: 7.675 GC heap after
{Heap after GC invocations=38 (full 0):
 garbage-first heap   total 152576K, used 74084K [0x0000000080000000, 0x0000000100000000)
  region size 1024K, 1 young (1024K), 1 survivors (1024K)
 Metaspace       used 86635K, committed 87232K, reserved 1130496K
  class space    used 11843K, committed 12160K, reserved 1048576K
}
Event: 8.204 GC heap before
{Heap before GC invocations=38 (full 0):
 garbage-first heap   total 152576K, used 123236K [0x0000000080000000, 0x0000000100000000)
  region size 1024K, 49 young (50176K), 1 survivors (1024K)
 Metaspace       used 92567K, committed 93184K, reserved 1130496K
  class space    used 12687K, committed 12992K, reserved 1048576K
}
Event: 8.207 GC heap after
{Heap after GC invocations=39 (full 0):
 garbage-first heap   total 152576K, used 77389K [0x0000000080000000, 0x0000000100000000)
  region size 1024K, 5 young (5120K), 5 survivors (5120K)
 Metaspace       used 92567K, committed 93184K, reserved 1130496K
  class space    used 12687K, committed 12992K, reserved 1048576K
}
Event: 8.531 GC heap before
{Heap before GC invocations=40 (full 0):
 garbage-first heap   total 152576K, used 123469K [0x0000000080000000, 0x0000000100000000)
  region size 1024K, 50 young (51200K), 5 survivors (5120K)
 Metaspace       used 93452K, committed 94144K, reserved 1130496K
  class space    used 12786K, committed 13120K, reserved 1048576K
}
Event: 8.538 GC heap after
{Heap after GC invocations=41 (full 0):
 garbage-first heap   total 152576K, used 83958K [0x0000000080000000, 0x0000000100000000)
  region size 1024K, 7 young (7168K), 7 survivors (7168K)
 Metaspace       used 93452K, committed 94144K, reserved 1130496K
  class space    used 12786K, committed 13120K, reserved 1048576K
}
Event: 8.543 GC heap before
{Heap before GC invocations=41 (full 0):
 garbage-first heap   total 152576K, used 84982K [0x0000000080000000, 0x0000000100000000)
  region size 1024K, 8 young (8192K), 7 survivors (7168K)
 Metaspace       used 93457K, committed 94144K, reserved 1130496K
  class space    used 12786K, committed 13120K, reserved 1048576K
}
Event: 8.547 GC heap after
{Heap after GC invocations=42 (full 0):
 garbage-first heap   total 152576K, used 84929K [0x0000000080000000, 0x0000000100000000)
  region size 1024K, 1 young (1024K), 1 survivors (1024K)
 Metaspace       used 93457K, committed 94144K, reserved 1130496K
  class space    used 12786K, committed 13120K, reserved 1048576K
}
Event: 8.952 GC heap before
{Heap before GC invocations=42 (full 0):
 garbage-first heap   total 152576K, used 124865K [0x0000000080000000, 0x0000000100000000)
  region size 1024K, 40 young (40960K), 1 survivors (1024K)
 Metaspace       used 95363K, committed 96000K, reserved 1138688K
  class space    used 13173K, committed 13504K, reserved 1048576K
}
Event: 8.957 GC heap after
{Heap after GC invocations=43 (full 0):
 garbage-first heap   total 152576K, used 88741K [0x0000000080000000, 0x0000000100000000)
  region size 1024K, 5 young (5120K), 5 survivors (5120K)
 Metaspace       used 95363K, committed 96000K, reserved 1138688K
  class space    used 13173K, committed 13504K, reserved 1048576K
}
Event: 9.194 GC heap before
{Heap before GC invocations=44 (full 0):
 garbage-first heap   total 174080K, used 124581K [0x0000000080000000, 0x0000000100000000)
  region size 1024K, 40 young (40960K), 5 survivors (5120K)
 Metaspace       used 96595K, committed 97280K, reserved 1138688K
  class space    used 13260K, committed 13568K, reserved 1048576K
}
Event: 9.199 GC heap after
{Heap after GC invocations=45 (full 0):
 garbage-first heap   total 174080K, used 90978K [0x0000000080000000, 0x0000000100000000)
  region size 1024K, 3 young (3072K), 3 survivors (3072K)
 Metaspace       used 96595K, committed 97280K, reserved 1138688K
  class space    used 13260K, committed 13568K, reserved 1048576K
}
Event: 9.223 GC heap before
{Heap before GC invocations=45 (full 0):
 garbage-first heap   total 174080K, used 96098K [0x0000000080000000, 0x0000000100000000)
  region size 1024K, 8 young (8192K), 3 survivors (3072K)
 Metaspace       used 96752K, committed 97536K, reserved 1138688K
  class space    used 13287K, committed 13632K, reserved 1048576K
}

Dll operation events (2 events):
Event: 0.006 Loaded shared library C:\Program Files\Android\Android Studio\jbr\bin\java.dll
Event: 0.404 Loaded shared library C:\Program Files\Android\Android Studio\jbr\bin\verify.dll

Deoptimization events (20 events):
Event: 8.992 Thread 0x0000019c78875d90 DEOPT PACKING pc=0x0000019c5d6d5797 sp=0x00000063074fb860
Event: 8.992 Thread 0x0000019c78875d90 DEOPT UNPACKING pc=0x0000019c644b7143 sp=0x00000063074fad28 mode 0
Event: 9.110 Thread 0x0000019c79ff6700 DEOPT PACKING pc=0x0000019c5d6d5797 sp=0x000000630b3fb290
Event: 9.110 Thread 0x0000019c79ff6700 DEOPT UNPACKING pc=0x0000019c644b7143 sp=0x000000630b3fa758 mode 0
Event: 9.132 Thread 0x0000019c79ff3210 Uncommon trap: trap_request=0xffffff45 fr.pc=0x0000019c64d37ff4 relative=0x0000000000000174
Event: 9.132 Thread 0x0000019c79ff3210 Uncommon trap: reason=unstable_if action=reinterpret pc=0x0000019c64d37ff4 method=java.util.concurrent.locks.ReentrantLock$Sync.tryLock()Z @ 34 c2
Event: 9.132 Thread 0x0000019c79ff3210 DEOPT PACKING pc=0x0000019c64d37ff4 sp=0x000000630affe7f0
Event: 9.132 Thread 0x0000019c79ff3210 DEOPT UNPACKING pc=0x0000019c644b69a3 sp=0x000000630affe7a0 mode 2
Event: 9.183 Thread 0x0000019c7d8dae60 Uncommon trap: trap_request=0xffffff45 fr.pc=0x0000019c64d6fa78 relative=0x00000000000007b8
Event: 9.183 Thread 0x0000019c7d8dae60 Uncommon trap: reason=unstable_if action=reinterpret pc=0x0000019c64d6fa78 method=org.gradle.tooling.internal.provider.runner.ClientBuildEventGenerator$Disabled.accept(Lorg/gradle/internal/operations/BuildOperationDescriptor;)Lorg/gradle/tooling/internal/
Event: 9.183 Thread 0x0000019c7d8dae60 DEOPT PACKING pc=0x0000019c64d6fa78 sp=0x000000630cffe090
Event: 9.183 Thread 0x0000019c7d8dae60 DEOPT UNPACKING pc=0x0000019c644b69a3 sp=0x000000630cffdfe0 mode 2
Event: 9.183 Thread 0x0000019c7d8dae60 Uncommon trap: trap_request=0xffffff45 fr.pc=0x0000019c64ea6d40 relative=0x00000000000000a0
Event: 9.183 Thread 0x0000019c7d8dae60 Uncommon trap: reason=unstable_if action=reinterpret pc=0x0000019c64ea6d40 method=org.gradle.tooling.internal.provider.runner.ClientBuildEventGenerator$Disabled.accept(Lorg/gradle/internal/operations/BuildOperationDescriptor;)Lorg/gradle/tooling/internal/
Event: 9.183 Thread 0x0000019c7d8dae60 DEOPT PACKING pc=0x0000019c64ea6d40 sp=0x000000630cffe020
Event: 9.183 Thread 0x0000019c7d8dae60 DEOPT UNPACKING pc=0x0000019c644b69a3 sp=0x000000630cffdfd0 mode 2
Event: 9.214 Thread 0x0000019c78871f00 Uncommon trap: trap_request=0xffffff45 fr.pc=0x0000019c64dcc7e0 relative=0x0000000000000420
Event: 9.214 Thread 0x0000019c78871f00 Uncommon trap: reason=unstable_if action=reinterpret pc=0x0000019c64dcc7e0 method=java.util.concurrent.ConcurrentHashMap.addCount(JI)V @ 97 c2
Event: 9.214 Thread 0x0000019c78871f00 DEOPT PACKING pc=0x0000019c64dcc7e0 sp=0x00000063083fc9f0
Event: 9.214 Thread 0x0000019c78871f00 DEOPT UNPACKING pc=0x0000019c644b69a3 sp=0x00000063083fc8a8 mode 2

Classes unloaded (0 events):
No events

Classes redefined (0 events):
No events

Internal exceptions (20 events):
Event: 8.725 Thread 0x0000019c7b4ada10 Exception <a 'java/lang/NoSuchMethodError'{0x00000000881d6a48}: static Lcom/android/buildanalyzer/common/AndroidGradlePluginAttributionData$BuildInfo;.<clinit>()V> (0x00000000881d6a48) 
thrown [s\src\hotspot\share\prims\jni.cpp, line 1108]
Event: 8.731 Thread 0x0000019c7b4ada10 Exception <a 'java/lang/NoSuchMethodError'{0x000000008800f910}: static Lcom/android/buildanalyzer/common/AndroidGradlePluginAttributionData$JavaInfo;.<clinit>()V> (0x000000008800f910) 
thrown [s\src\hotspot\share\prims\jni.cpp, line 1108]
Event: 8.733 Thread 0x0000019c7b4ada10 Exception <a 'java/lang/NoSuchMethodError'{0x0000000088031970}: static [Ljava/lang/String;.<clinit>()V> (0x0000000088031970) 
thrown [s\src\hotspot\share\prims\jni.cpp, line 1108]
Event: 8.736 Thread 0x0000019c7b4ada10 Exception <a 'java/lang/NoSuchMethodError'{0x00000000880519e0}: static Lcom/android/buildanalyzer/common/AndroidGradlePluginAttributionData$TaskInfo;.<clinit>()V> (0x00000000880519e0) 
thrown [s\src\hotspot\share\prims\jni.cpp, line 1108]
Event: 8.740 Thread 0x0000019c7b4ada10 Exception <a 'java/lang/NoSuchMethodError'{0x00000000880a0c80}: static Lcom/android/buildanalyzer/common/AndroidGradlePluginAttributionData$TaskCategoryInfo;.<clinit>()V> (0x00000000880a0c80) 
thrown [s\src\hotspot\share\prims\jni.cpp, line 1108]
Event: 8.900 Thread 0x0000019c7b4acba0 Exception <a 'java/lang/NoSuchMethodError'{0x000000008797b080}: 'void java.lang.invoke.DirectMethodHandle$Holder.invokeStatic(java.lang.Object, java.lang.Object, java.lang.Object, java.lang.Object, int, java.lang.Object, java.lang.Object)'> (0x000000008797b080) 
thrown [s\src\hotspot\share\interpreter\linkResolver.cpp, line 771]
Event: 8.919 Thread 0x0000019c78871a30 Exception <a 'java/lang/NoSuchMethodError'{0x000000008743cc50}: 'java.lang.Object java.lang.invoke.DirectMethodHandle$Holder.invokeSpecialIFC(java.lang.Object, java.lang.Object, java.lang.Object)'> (0x000000008743cc50) 
thrown [s\src\hotspot\share\interpreter\linkResolver.cpp, line 771]
Event: 8.919 Thread 0x0000019c799b37a0 Exception <a 'java/lang/NoSuchMethodError'{0x0000000087449610}: 'java.lang.Object java.lang.invoke.DirectMethodHandle$Holder.invokeSpecialIFC(java.lang.Object, java.lang.Object, java.lang.Object)'> (0x0000000087449610) 
thrown [s\src\hotspot\share\interpreter\linkResolver.cpp, line 771]
Event: 8.919 Thread 0x0000019c78875d90 Exception <a 'java/lang/NoSuchMethodError'{0x0000000087475180}: 'java.lang.Object java.lang.invoke.DirectMethodHandle$Holder.invokeSpecialIFC(java.lang.Object, java.lang.Object, java.lang.Object)'> (0x0000000087475180) 
thrown [s\src\hotspot\share\interpreter\linkResolver.cpp, line 771]
Event: 8.919 Thread 0x0000019c799b2460 Exception <a 'java/lang/NoSuchMethodError'{0x000000008745fdf0}: 'java.lang.Object java.lang.invoke.DirectMethodHandle$Holder.invokeSpecialIFC(java.lang.Object, java.lang.Object, java.lang.Object)'> (0x000000008745fdf0) 
thrown [s\src\hotspot\share\interpreter\linkResolver.cpp, line 771]
Event: 8.919 Thread 0x0000019c7b4acba0 Exception <a 'java/lang/NoSuchMethodError'{0x00000000878356a0}: 'java.lang.Object java.lang.invoke.DirectMethodHandle$Holder.invokeSpecialIFC(java.lang.Object, java.lang.Object, java.lang.Object)'> (0x00000000878356a0) 
thrown [s\src\hotspot\share\interpreter\linkResolver.cpp, line 771]
Event: 8.919 Thread 0x0000019c799ac8f0 Exception <a 'java/lang/NoSuchMethodError'{0x0000000087468fd8}: 'java.lang.Object java.lang.invoke.DirectMethodHandle$Holder.invokeSpecialIFC(java.lang.Object, java.lang.Object, java.lang.Object)'> (0x0000000087468fd8) 
thrown [s\src\hotspot\share\interpreter\linkResolver.cpp, line 771]
Event: 8.919 Thread 0x0000019c78873710 Exception <a 'java/lang/NoSuchMethodError'{0x00000000874535e8}: 'java.lang.Object java.lang.invoke.DirectMethodHandle$Holder.invokeSpecialIFC(java.lang.Object, java.lang.Object, java.lang.Object)'> (0x00000000874535e8) 
thrown [s\src\hotspot\share\interpreter\linkResolver.cpp, line 771]
Event: 8.919 Thread 0x0000019c799b2e00 Exception <a 'java/lang/NoSuchMethodError'{0x0000000087480708}: 'java.lang.Object java.lang.invoke.DirectMethodHandle$Holder.invokeSpecialIFC(java.lang.Object, java.lang.Object, java.lang.Object)'> (0x0000000087480708) 
thrown [s\src\hotspot\share\interpreter\linkResolver.cpp, line 771]
Event: 9.060 Thread 0x0000019c7b4aa520 Exception <a 'java/lang/NoSuchMethodError'{0x000000008a869f48}: static Lorg/jetbrains/kotlin/gradle/plugin/statistics/MetricContainer;.<clinit>()V> (0x000000008a869f48) 
thrown [s\src\hotspot\share\prims\jni.cpp, line 1108]
Event: 9.133 Thread 0x0000019c79ff3210 Exception <a 'java/lang/NoSuchMethodError'{0x0000000089284d20}: 'void java.lang.invoke.DirectMethodHandle$Holder.invokeVirtual(java.lang.Object, java.lang.Object)'> (0x0000000089284d20) 
thrown [s\src\hotspot\share\interpreter\linkResolver.cpp, line 771]
Event: 9.179 Thread 0x0000019c7b4acba0 Exception <a 'java/lang/NoSuchMethodError'{0x000000008971c310}: static Lcom/android/build/gradle/internal/tasks/AarMetadataArtifact;.<clinit>()V> (0x000000008971c310) 
thrown [s\src\hotspot\share\prims\jni.cpp, line 1108]
Event: 9.205 Thread 0x0000019c7d8dae60 Exception <a 'java/lang/NoSuchMethodError'{0x000000008a806300}: 'java.lang.Object java.lang.invoke.DirectMethodHandle$Holder.invokeSpecial(java.lang.Object, java.lang.Object, long, java.lang.Object, java.lang.Object, java.lang.Object, java.lang.Object, java.lang.Object, java.lang.Object, java.lang.Object, java.lang.Object, java.lang.Object)'> (0x000000008a806300) 
thrown [s\src\hotspot\share\interpreter\linkResolver.cpp, line 771]
Event: 9.205 Thread 0x0000019c7d8dae60 Exception <a 'java/lang/NoSuchMethodError'{0x000000008a812010}: 'java.lang.Object java.lang.invoke.DelegatingMethodHandle$Holder.reinvoke_L(java.lang.Object, long, java.lang.Object, java.lang.Object, java.lang.Object, java.lang.Object, java.lang.Object, java.lang.Object, java.lang.Object, java.lang.Object, java.lang.Object)'> (0x000000008a812010) 
thrown [s\src\hotspot\share\interpreter\linkResolver.cpp, line 771]
Event: 9.207 Thread 0x0000019c7d8dae60 Exception <a 'java/lang/NoSuchMethodError'{0x000000008a862e30}: 'java.lang.Object java.lang.invoke.Invokers$Holder.linkToTargetMethod(java.lang.Object, java.lang.Object, java.lang.Object, java.lang.Object, java.lang.Object, java.lang.Object, java.lang.Object, java.lang.Object, java.lang.Object, java.lang.Object)'> (0x000000008a862e30) 
thrown [s\src\hotspot\share\interpreter\linkResolver.cpp, line 771]

VM Operations (20 events):
Event: 8.547 Executing VM operation: G1CollectForAllocation done
Event: 8.642 Executing VM operation: HandshakeAllThreads
Event: 8.642 Executing VM operation: HandshakeAllThreads done
Event: 8.697 Executing VM operation: HandshakeAllThreads
Event: 8.697 Executing VM operation: HandshakeAllThreads done
Event: 8.739 Executing VM operation: ICBufferFull
Event: 8.739 Executing VM operation: ICBufferFull done
Event: 8.925 Executing VM operation: ICBufferFull
Event: 8.926 Executing VM operation: ICBufferFull done
Event: 8.952 Executing VM operation: G1CollectForAllocation
Event: 8.958 Executing VM operation: G1CollectForAllocation done
Event: 9.040 Executing VM operation: G1Concurrent
Event: 9.044 Executing VM operation: G1Concurrent done
Event: 9.054 Executing VM operation: HandshakeAllThreads
Event: 9.054 Executing VM operation: HandshakeAllThreads done
Event: 9.080 Executing VM operation: G1Concurrent
Event: 9.080 Executing VM operation: G1Concurrent done
Event: 9.194 Executing VM operation: G1CollectForAllocation
Event: 9.199 Executing VM operation: G1CollectForAllocation done
Event: 9.222 Executing VM operation: G1CollectForAllocation

Events (20 events):
Event: 8.626 Thread 0x0000019c7b4a79d0 Thread added: 0x0000019c7b4a79d0
Event: 8.626 Thread 0x0000019c7b4a8370 Thread added: 0x0000019c7b4a8370
Event: 8.626 Thread 0x0000019c7e466520 Thread added: 0x0000019c7e466520
Event: 8.626 Thread 0x0000019c7e466050 Thread added: 0x0000019c7e466050
Event: 8.648 Thread 0x0000019c7e4656b0 Thread added: 0x0000019c7e4656b0
Event: 8.666 loading class java/util/TreeMap$KeySpliterator
Event: 8.666 loading class java/util/TreeMap$TreeMapSpliterator
Event: 8.666 loading class java/util/TreeMap$TreeMapSpliterator done
Event: 8.666 loading class java/util/TreeMap$KeySpliterator done
Event: 8.733 loading class java/io/ObjectStreamClass$ExceptionInfo
Event: 8.733 loading class java/io/ObjectStreamClass$ExceptionInfo done
Event: 9.063 loading class java/util/HashMap$UnsafeHolder
Event: 9.063 loading class java/util/HashMap$UnsafeHolder done
Event: 9.171 loading class java/time/Clock
Event: 9.171 loading class java/time/InstantSource
Event: 9.171 loading class java/time/InstantSource done
Event: 9.171 loading class java/time/Clock done
Event: 9.171 loading class java/time/Clock$SystemClock
Event: 9.171 loading class java/time/Clock$SystemClock done
Event: 9.181 Thread 0x0000019c7d8dae60 Thread added: 0x0000019c7d8dae60


Dynamic libraries:
0x00007ff732ac0000 - 0x00007ff732aca000 	C:\Program Files\Android\Android Studio\jbr\bin\java.exe
0x00007ffe0a4b0000 - 0x00007ffe0a6a7000 	C:\windows\SYSTEM32\ntdll.dll
0x00007ffe090d0000 - 0x00007ffe0918d000 	C:\windows\System32\KERNEL32.DLL
0x00007ffe08090000 - 0x00007ffe08386000 	C:\windows\System32\KERNELBASE.dll
0x00007ffe07d00000 - 0x00007ffe07e00000 	C:\windows\System32\ucrtbase.dll
0x00007ffd957b0000 - 0x00007ffd957c7000 	C:\Program Files\Android\Android Studio\jbr\bin\jli.dll
0x00007ffe02560000 - 0x00007ffe0257b000 	C:\Program Files\Android\Android Studio\jbr\bin\VCRUNTIME140.dll
0x00007ffe08f30000 - 0x00007ffe090ce000 	C:\windows\System32\USER32.dll
0x00007ffe08390000 - 0x00007ffe083b2000 	C:\windows\System32\win32u.dll
0x00007ffe09c80000 - 0x00007ffe09cac000 	C:\windows\System32\GDI32.dll
0x00007ffe07be0000 - 0x00007ffe07cfa000 	C:\windows\System32\gdi32full.dll
0x00007ffdf0f20000 - 0x00007ffdf11ba000 	C:\windows\WinSxS\amd64_microsoft.windows.common-controls_6595b64144ccf1df_6.0.19041.3570_none_60bb2a3971f3e41a\COMCTL32.dll
0x00007ffe083c0000 - 0x00007ffe0845d000 	C:\windows\System32\msvcp_win.dll
0x00007ffe08930000 - 0x00007ffe089ce000 	C:\windows\System32\msvcrt.dll
0x00007ffe08ae0000 - 0x00007ffe08b10000 	C:\windows\System32\IMM32.DLL
0x00007ffe02550000 - 0x00007ffe0255c000 	C:\Program Files\Android\Android Studio\jbr\bin\vcruntime140_1.dll
0x00007ffdd4480000 - 0x00007ffdd450d000 	C:\Program Files\Android\Android Studio\jbr\bin\msvcp140.dll
0x00007ffd5e5d0000 - 0x00007ffd5f23e000 	C:\Program Files\Android\Android Studio\jbr\bin\server\jvm.dll
0x00007ffe08c30000 - 0x00007ffe08cde000 	C:\windows\System32\ADVAPI32.dll
0x00007ffe08b70000 - 0x00007ffe08c0c000 	C:\windows\System32\sechost.dll
0x00007ffe08520000 - 0x00007ffe08646000 	C:\windows\System32\RPCRT4.dll
0x00007ffdedfd0000 - 0x00007ffdedff7000 	C:\windows\SYSTEM32\WINMM.dll
0x00007ffda3ed0000 - 0x00007ffda3ed9000 	C:\windows\SYSTEM32\WSOCK32.dll
0x00007ffdff440000 - 0x00007ffdff44a000 	C:\windows\SYSTEM32\VERSION.dll
0x00007ffe0a400000 - 0x00007ffe0a46b000 	C:\windows\System32\WS2_32.dll
0x00007ffe063c0000 - 0x00007ffe063d2000 	C:\windows\SYSTEM32\kernel.appcore.dll
0x00007ffd76e50000 - 0x00007ffd76e5a000 	C:\Program Files\Android\Android Studio\jbr\bin\jimage.dll
0x00007ffe060e0000 - 0x00007ffe062c4000 	C:\windows\SYSTEM32\DBGHELP.DLL
0x00007ffdea0c0000 - 0x00007ffdea0f4000 	C:\windows\SYSTEM32\dbgcore.DLL
0x00007ffe07e00000 - 0x00007ffe07e82000 	C:\windows\System32\bcryptPrimitives.dll
0x00007ffd76370000 - 0x00007ffd76395000 	C:\Program Files\Android\Android Studio\jbr\bin\java.dll
0x00007ffd76e30000 - 0x00007ffd76e48000 	C:\Program Files\Android\Android Studio\jbr\bin\zip.dll
0x00007ffe09cb0000 - 0x00007ffe0a3f4000 	C:\windows\System32\SHELL32.dll
0x00007ffe05870000 - 0x00007ffe0600b000 	C:\windows\SYSTEM32\windows.storage.dll
0x00007ffe09710000 - 0x00007ffe09a64000 	C:\windows\System32\combase.dll
0x00007ffe075d0000 - 0x00007ffe075fd000 	C:\windows\SYSTEM32\Wldp.dll
0x00007ffe09190000 - 0x00007ffe0923d000 	C:\windows\System32\SHCORE.dll
0x00007ffe08b10000 - 0x00007ffe08b65000 	C:\windows\System32\shlwapi.dll
0x00007ffe07ac0000 - 0x00007ffe07ae5000 	C:\windows\SYSTEM32\profapi.dll
0x00007ffd76350000 - 0x00007ffd76369000 	C:\Program Files\Android\Android Studio\jbr\bin\net.dll
0x00007ffdfd2b0000 - 0x00007ffdfd3ba000 	C:\windows\SYSTEM32\WINHTTP.dll
0x00007ffe07330000 - 0x00007ffe0739a000 	C:\windows\system32\mswsock.dll
0x00007ffd762f0000 - 0x00007ffd76306000 	C:\Program Files\Android\Android Studio\jbr\bin\nio.dll
0x00007ffda4740000 - 0x00007ffda4750000 	C:\Program Files\Android\Android Studio\jbr\bin\verify.dll
0x00007ffdc3b70000 - 0x00007ffdc3b97000 	C:\Users\jasse\.gradle\native\68d5fa5c4cc2d200863cafc0d521ce42e7d3e7ee720ec0a83991735586a16f82\windows-amd64\native-platform.dll
0x00007ffdc4e90000 - 0x00007ffdc4fd4000 	C:\Users\jasse\.gradle\native\e376f236ea51e6404a007f0833ffe2c6e607c4080706a723a18a27aeea778392\windows-amd64\native-platform-file-events.dll
0x00007ffda4730000 - 0x00007ffda4739000 	C:\Program Files\Android\Android Studio\jbr\bin\management.dll
0x00007ffda4720000 - 0x00007ffda472b000 	C:\Program Files\Android\Android Studio\jbr\bin\management_ext.dll
0x00007ffe09c10000 - 0x00007ffe09c18000 	C:\windows\System32\PSAPI.DLL
0x00007ffe07530000 - 0x00007ffe07548000 	C:\windows\SYSTEM32\CRYPTSP.dll
0x00007ffe06bd0000 - 0x00007ffe06c04000 	C:\windows\system32\rsaenh.dll
0x00007ffe08060000 - 0x00007ffe08087000 	C:\windows\System32\bcrypt.dll
0x00007ffe07a40000 - 0x00007ffe07a6e000 	C:\windows\SYSTEM32\USERENV.dll
0x00007ffe07520000 - 0x00007ffe0752c000 	C:\windows\SYSTEM32\CRYPTBASE.dll
0x00007ffe06fd0000 - 0x00007ffe0700b000 	C:\windows\SYSTEM32\IPHLPAPI.DLL
0x00007ffe08ce0000 - 0x00007ffe08ce8000 	C:\windows\System32\NSI.dll
0x00007ffdfed60000 - 0x00007ffdfed77000 	C:\windows\SYSTEM32\dhcpcsvc6.DLL
0x00007ffdfed40000 - 0x00007ffdfed5d000 	C:\windows\SYSTEM32\dhcpcsvc.DLL
0x00007ffe07020000 - 0x00007ffe070ea000 	C:\windows\SYSTEM32\DNSAPI.dll
0x00007ffda4710000 - 0x00007ffda4717000 	C:\windows\system32\wshunix.dll
0x00007ffdd3b20000 - 0x00007ffdd3b37000 	C:\windows\system32\napinsp.dll
0x00007ffdd2290000 - 0x00007ffdd22ab000 	C:\windows\system32\pnrpnsp.dll
0x00007ffe02790000 - 0x00007ffe027a5000 	C:\windows\system32\wshbth.dll
0x00007ffe031a0000 - 0x00007ffe031bd000 	C:\windows\system32\NLAapi.dll
0x00007ffdd2270000 - 0x00007ffdd2282000 	C:\windows\System32\winrnr.dll
0x00007ffdfff80000 - 0x00007ffdfff8a000 	C:\Windows\System32\rasadhlp.dll
0x00007ffdf4140000 - 0x00007ffdf41c2000 	C:\windows\System32\fwpuclnt.dll

dbghelp: loaded successfully - version: 4.0.5 - missing functions: none
symbol engine: initialized successfully - sym options: 0x614 - pdb path: .;C:\Program Files\Android\Android Studio\jbr\bin;C:\windows\SYSTEM32;C:\windows\WinSxS\amd64_microsoft.windows.common-controls_6595b64144ccf1df_6.0.19041.3570_none_60bb2a3971f3e41a;C:\Program Files\Android\Android Studio\jbr\bin\server;C:\Users\jasse\.gradle\native\68d5fa5c4cc2d200863cafc0d521ce42e7d3e7ee720ec0a83991735586a16f82\windows-amd64;C:\Users\jasse\.gradle\native\e376f236ea51e6404a007f0833ffe2c6e607c4080706a723a18a27aeea778392\windows-amd64

VM Arguments:
jvm_args: --add-opens=java.base/java.util=ALL-UNNAMED --add-opens=java.base/java.lang=ALL-UNNAMED --add-opens=java.base/java.lang.invoke=ALL-UNNAMED --add-opens=java.prefs/java.util.prefs=ALL-UNNAMED --add-opens=java.base/java.nio.charset=ALL-UNNAMED --add-opens=java.base/java.net=ALL-UNNAMED --add-opens=java.base/java.util.concurrent.atomic=ALL-UNNAMED -Xmx2048m -Dfile.encoding=UTF-8 -Duser.country=FR -Duser.language=fr -Duser.variant 
java_command: org.gradle.launcher.daemon.bootstrap.GradleDaemon 8.0
java_class_path (initial): C:\Users\jasse\.gradle\wrapper\dists\gradle-8.0-bin\ca5e32bp14vu59qr306oxotwh\gradle-8.0\lib\gradle-launcher-8.0.jar
Launcher Type: SUN_STANDARD

[Global flags]
     intx CICompilerCount                          = 4                                         {product} {ergonomic}
     uint ConcGCThreads                            = 2                                         {product} {ergonomic}
     uint G1ConcRefinementThreads                  = 8                                         {product} {ergonomic}
   size_t G1HeapRegionSize                         = 1048576                                   {product} {ergonomic}
    uintx GCDrainStackTargetSize                   = 64                                        {product} {ergonomic}
   size_t InitialHeapSize                          = 132120576                                 {product} {ergonomic}
   size_t MarkStackSize                            = 4194304                                   {product} {ergonomic}
   size_t MaxHeapSize                              = 2147483648                                {product} {command line}
   size_t MaxNewSize                               = 1287651328                                {product} {ergonomic}
   size_t MinHeapDeltaBytes                        = 1048576                                   {product} {ergonomic}
   size_t MinHeapSize                              = 8388608                                   {product} {ergonomic}
    uintx NonNMethodCodeHeapSize                   = 5839372                                {pd product} {ergonomic}
    uintx NonProfiledCodeHeapSize                  = 122909434                              {pd product} {ergonomic}
    uintx ProfiledCodeHeapSize                     = 122909434                              {pd product} {ergonomic}
    uintx ReservedCodeCacheSize                    = 251658240                              {pd product} {ergonomic}
     bool SegmentedCodeCache                       = true                                      {product} {ergonomic}
   size_t SoftMaxHeapSize                          = 2147483648                             {manageable} {ergonomic}
     bool UseCompressedClassPointers               = true                           {product lp64_product} {ergonomic}
     bool UseCompressedOops                        = true                           {product lp64_product} {ergonomic}
     bool UseG1GC                                  = true                                      {product} {ergonomic}
     bool UseLargePagesIndividualAllocation        = false                                  {pd product} {ergonomic}

Logging:
Log output configuration:
 #0: stdout all=warning uptime,level,tags
 #1: stderr all=off uptime,level,tags

Environment Variables:
JAVA_HOME=C:\Program Files\Java\jdk-13.0.2
PATH=C:\Users\jasse\Downloads\php-8.1.17-nts-Win32-vs16-x64;C:\Program Files\Java;C:\Program Files\Java\jdk1.8.0_301;C:\oraclexe\app\oracle\product\11.2.0\server\bin;C:\oraclexe\app\oracle\product\11.2.0\server\bin;C:\oraclexe\app\oracle\product\11.2.0\server\bin;C:\windows\system32;C:\windows;C:\windows\System32\Wbem;C:\windows\System32\WindowsPowerShell\v1.0\;C:\windows\System32\OpenSSH\;C:\Program Files (x86)\NVIDIA Corporation\PhysX\Common;C:\Program Files\NVIDIA Corporation\NVIDIA NvDLISR;C:\instantclient12-2;C:\oraclexe\app\oracle\admin\XE;C:\oraclexe;C:\Program Files\TortoiseGit\bin;C:\xampp\php\Symfony;C:\Program Files\nodejs\;C:\Users\jasse\AppData\Local\Microsoft\WindowsApps;C:\Program Files\CodeBlocks\MinGW\bin;C:\Program Files\CodeBlocks\MinGW\bin;C:\Program Files (x86)\D-Bus\bin;C:\Users\jasse\AppData\Local\Programs\Microsoft VS Code\bin;C:\Users\jasse\Desktop\php;C:\Users\jasse\AppData\Local\GitHubDesktop\bin;C:\Users\jasse\AppData\Local\ComposerSetup\bin;C:\Users\jasse\AppData\Roaming\Composer\vendor\bin;C:\Users\jasse\AppData\Roaming\npm
USERNAME=jasse
OS=Windows_NT
PROCESSOR_IDENTIFIER=Intel64 Family 6 Model 165 Stepping 2, GenuineIntel
TMP=C:\Users\jasse\AppData\Local\Temp
TEMP=C:\Users\jasse\AppData\Local\Temp


JNI global refs:
JNI global refs: 28, weak refs: 12

JNI global refs memory usage: 843, weak refs: 841


---------------  S Y S T E M  ---------------

OS:
 Windows 10 , 64 bit Build 19041 (10.0.19041.3570)
OS uptime: 0 days 0:15 hours

CPU: total 8 (initial active 8) (4 cores per cpu, 2 threads per core) family 6 model 165 stepping 2 microcode 0xf0, cx8, cmov, fxsr, ht, mmx, 3dnowpref, sse, sse2, sse3, ssse3, sse4.1, sse4.2, popcnt, lzcnt, tsc, tscinvbit, avx, avx2, aes, erms, clmul, bmi1, bmi2, adx, fma, vzeroupper, clflush, clflushopt

Memory: 4k page, system-wide physical 7993M (437M free)
TotalPageFile size 10993M (AvailPageFile size 26M)
current process WorkingSet (physical memory assigned to process): 437M, peak: 441M
current process commit charge ("private bytes"): 472M, peak: 736M

vm_info: OpenJDK 64-Bit Server VM (17.0.6+0-b2043.56-10027231) for windows-amd64 JRE (17.0.6+0-b2043.56-10027231), built on Apr 28 2023 00:43:19 by "androidbuild" with MS VC++ 16.10 / 16.11 (VS2019)

END.
