#
# There is insufficient memory for the Java Runtime Environment to continue.
# Native memory allocation (mmap) failed to map 123731968 bytes for G1 virtual space
# Possible reasons:
#   The system is out of physical RAM or swap space
#   The process is running with CompressedOops enabled, and the Java Heap may be blocking the growth of the native heap
# Possible solutions:
#   Reduce memory load on the system
#   Increase physical memory or swap space
#   Check if swap backing store is full
#   Decrease Java heap size (-Xmx/-Xms)
#   Decrease number of Java threads
#   Decrease Java thread stack sizes (-Xss)
#   Set larger code cache with -XX:ReservedCodeCacheSize=
#   JVM is running with Unscaled Compressed Oops mode in which the Java heap is
#     placed in the first 4GB address space. The Java Heap base address is the
#     maximum limit for the native heap growth. Please use -XX:HeapBaseMinAddress
#     to set the Java Heap base and to place the Java Heap above 4GB virtual address.
# This output file may be truncated or incomplete.
#
#  Out of Memory Error (os_windows.cpp:3769), pid=2184, tid=18560
#
# JRE version: OpenJDK Runtime Environment (17.0.6) (build 17.0.6+0-b2043.56-10027231)
# Java VM: OpenJDK 64-Bit Server VM (17.0.6+0-b2043.56-10027231, mixed mode, tiered, compressed oops, compressed class ptrs, g1 gc, windows-amd64)
# No core dump will be written. Minidumps are not enabled by default on client versions of Windows
#

---------------  S U M M A R Y ------------

Command Line: --add-opens=java.base/java.util=ALL-UNNAMED --add-opens=java.base/java.lang=ALL-UNNAMED --add-opens=java.base/java.lang.invoke=ALL-UNNAMED --add-opens=java.prefs/java.util.prefs=ALL-UNNAMED --add-opens=java.base/java.nio.charset=ALL-UNNAMED --add-opens=java.base/java.net=ALL-UNNAMED --add-opens=java.base/java.util.concurrent.atomic=ALL-UNNAMED -Xmx2048m -Dfile.encoding=UTF-8 -Duser.country=FR -Duser.language=fr -Duser.variant org.gradle.launcher.daemon.bootstrap.GradleDaemon 8.0

Host: Intel(R) Core(TM) i5-10300H CPU @ 2.50GHz, 8 cores, 7G,  Windows 10 , 64 bit Build 19041 (10.0.19041.3570)
Time: Wed Nov 15 00:58:36 2023 Afr. centrale Ouest elapsed time: 7.025993 seconds (0d 0h 0m 7s)

---------------  T H R E A D  ---------------

Current thread (0x0000024edc533a10):  VMThread "VM Thread" [stack: 0x000000bf52900000,0x000000bf52a00000] [id=18560]

Stack: [0x000000bf52900000,0x000000bf52a00000]
Native frames: (J=compiled Java code, j=interpreted, Vv=VM code, C=native code)
V  [jvm.dll+0x683c9a]
V  [jvm.dll+0x8427a4]
V  [jvm.dll+0x843f9e]
V  [jvm.dll+0x844603]
V  [jvm.dll+0x249b75]
V  [jvm.dll+0x680b69]
V  [jvm.dll+0x67505a]
V  [jvm.dll+0x309acb]
V  [jvm.dll+0x310f86]
V  [jvm.dll+0x3608ee]
V  [jvm.dll+0x360b1f]
V  [jvm.dll+0x2dfbf8]
V  [jvm.dll+0x2ddec4]
V  [jvm.dll+0x2dd4cc]
V  [jvm.dll+0x321f3b]
V  [jvm.dll+0x848ccb]
V  [jvm.dll+0x849a04]
V  [jvm.dll+0x849f1d]
V  [jvm.dll+0x84a2f4]
V  [jvm.dll+0x84a3c0]
V  [jvm.dll+0x7f274a]
V  [jvm.dll+0x682ad5]
C  [ucrtbase.dll+0x21bb2]
C  [KERNEL32.DLL+0x17344]
C  [ntdll.dll+0x526b1]

VM_Operation (0x000000bf541f61a0): G1CollectForAllocation, mode: safepoint, requested by thread 0x0000024eddd0aa30


---------------  P R O C E S S  ---------------

Threads class SMR info:
_java_thread_list=0x0000024ee16c9a80, length=130, elements={
0x0000024ec273a5e0, 0x0000024edd013620, 0x0000024edc595500, 0x0000024edd02a140,
0x0000024edd02db20, 0x0000024edd02e7f0, 0x0000024edd02f0b0, 0x0000024edd030a60,
0x0000024edd031410, 0x0000024edd032a50, 0x0000024edd1c6040, 0x0000024edd1c6920,
0x0000024edd3e5000, 0x0000024ee0193820, 0x0000024edd690a00, 0x0000024edf5f3c00,
0x0000024ede003400, 0x0000024ee0b5a370, 0x0000024eddd0b8a0, 0x0000024eddd0aa30,
0x0000024eddd0b3d0, 0x0000024eddd0a090, 0x0000024eddd0a560, 0x0000024eddd0d580,
0x0000024eddd0af00, 0x0000024eddd0bd70, 0x0000024edffa2080, 0x0000024eddd0c240,
0x0000024eddd0da50, 0x0000024ee1556a10, 0x0000024ee1553050, 0x0000024ee1559f00,
0x0000024ee155a3d0, 0x0000024ee1558bc0, 0x0000024ee1554d30, 0x0000024ee155a8a0,
0x0000024ee1554390, 0x0000024ee1555ba0, 0x0000024ee1559a30, 0x0000024ee1555200,
0x0000024ee1553520, 0x0000024ee1556070, 0x0000024ee1559090, 0x0000024ee15539f0,
0x0000024ee1553ec0, 0x0000024ee1556540, 0x0000024ee1556ee0, 0x0000024ee15573b0,
0x0000024ee32f4eb0, 0x0000024ee32fb890, 0x0000024ee32fa080, 0x0000024ee32f61f0,
0x0000024ee32f6b90, 0x0000024ee32fc700, 0x0000024ee32fa550, 0x0000024ee32f5850,
0x0000024ee32f7530, 0x0000024ee32f66c0, 0x0000024ee32f7060, 0x0000024ee32fbd60,
0x0000024ee32f5d20, 0x0000024ee32f5380, 0x0000024ee32f7a00, 0x0000024ee32f7ed0,
0x0000024ee32fc230, 0x0000024ee32f8870, 0x0000024ee32f83a0, 0x0000024ee32faa20,
0x0000024ee32f8d40, 0x0000024ee32f9210, 0x0000024ee32faef0, 0x0000024ee32f96e0,
0x0000024ee32fb3c0, 0x0000024ee32f9bb0, 0x0000024ee318dad0, 0x0000024ee318f2e0,
0x0000024ee318dfa0, 0x0000024ee318f7b0, 0x0000024ee318cc60, 0x0000024ee318e470,
0x0000024ee318bdf0, 0x0000024ee318d130, 0x0000024ee3192300, 0x0000024ee31927d0,
0x0000024ee3190fc0, 0x0000024ee3190150, 0x0000024ee318d600, 0x0000024ee3190620,
0x0000024ee3191960, 0x0000024ee318e940, 0x0000024ee3192ca0, 0x0000024ee318fc80,
0x0000024ee3193170, 0x0000024ee318b920, 0x0000024ee318c2c0, 0x0000024ee318ee10,
0x0000024ee3191e30, 0x0000024ee3190af0, 0x0000024ee3191490, 0x0000024ee318c790,
0x0000024ee27db740, 0x0000024ee27dc0e0, 0x0000024ee27dcf50, 0x0000024ee27d8bf0,
0x0000024ee27dd420, 0x0000024ee27d6f10, 0x0000024ee27d78b0, 0x0000024ee27dc5b0,
0x0000024ee27d90c0, 0x0000024ee27d8720, 0x0000024ee27da8d0, 0x0000024ee27dd8f0,
0x0000024ee27dca80, 0x0000024ee27dbc10, 0x0000024ee27dddc0, 0x0000024ee27d6570,
0x0000024ee27d9590, 0x0000024ee27d8250, 0x0000024ee27d6a40, 0x0000024ee27d73e0,
0x0000024ee27d7d80, 0x0000024ee27d9a60, 0x0000024ee27d9f30, 0x0000024ee27da400,
0x0000024ee27dada0, 0x0000024ee27db270, 0x0000024ee4649920, 0x0000024ee464e150,
0x0000024ee46472a0, 0x0000024ee46485e0
}

Java Threads: ( => current thread )
  0x0000024ec273a5e0 JavaThread "main" [_thread_blocked, id=3648, stack(0x000000bf52300000,0x000000bf52400000)]
  0x0000024edd013620 JavaThread "Reference Handler" daemon [_thread_blocked, id=17556, stack(0x000000bf52a00000,0x000000bf52b00000)]
  0x0000024edc595500 JavaThread "Finalizer" daemon [_thread_blocked, id=11360, stack(0x000000bf52b00000,0x000000bf52c00000)]
  0x0000024edd02a140 JavaThread "Signal Dispatcher" daemon [_thread_blocked, id=6720, stack(0x000000bf52c00000,0x000000bf52d00000)]
  0x0000024edd02db20 JavaThread "Attach Listener" daemon [_thread_blocked, id=3728, stack(0x000000bf52d00000,0x000000bf52e00000)]
  0x0000024edd02e7f0 JavaThread "Service Thread" daemon [_thread_blocked, id=5332, stack(0x000000bf52e00000,0x000000bf52f00000)]
  0x0000024edd02f0b0 JavaThread "Monitor Deflation Thread" daemon [_thread_blocked, id=14984, stack(0x000000bf52f00000,0x000000bf53000000)]
  0x0000024edd030a60 JavaThread "C2 CompilerThread0" daemon [_thread_blocked, id=6556, stack(0x000000bf53000000,0x000000bf53100000)]
  0x0000024edd031410 JavaThread "C1 CompilerThread0" daemon [_thread_blocked, id=13316, stack(0x000000bf53100000,0x000000bf53200000)]
  0x0000024edd032a50 JavaThread "Sweeper thread" daemon [_thread_blocked, id=4908, stack(0x000000bf53200000,0x000000bf53300000)]
  0x0000024edd1c6040 JavaThread "Common-Cleaner" daemon [_thread_blocked, id=17128, stack(0x000000bf53300000,0x000000bf53400000)]
  0x0000024edd1c6920 JavaThread "Notification Thread" daemon [_thread_blocked, id=3592, stack(0x000000bf53400000,0x000000bf53500000)]
  0x0000024edd3e5000 JavaThread "C2 CompilerThread1" daemon [_thread_blocked, id=10780, stack(0x000000bf53600000,0x000000bf53700000)]
  0x0000024ee0193820 JavaThread "Daemon health stats" [_thread_blocked, id=2032, stack(0x000000bf53c00000,0x000000bf53d00000)]
  0x0000024edd690a00 JavaThread "Incoming local TCP Connector on port 52151" [_thread_in_native, id=19628, stack(0x000000bf53700000,0x000000bf53800000)]
  0x0000024edf5f3c00 JavaThread "Daemon periodic checks" [_thread_blocked, id=2712, stack(0x000000bf53d00000,0x000000bf53e00000)]
  0x0000024ede003400 JavaThread "Daemon" [_thread_blocked, id=18348, stack(0x000000bf53e00000,0x000000bf53f00000)]
  0x0000024ee0b5a370 JavaThread "Handler for socket connection from /127.0.0.1:52151 to /127.0.0.1:52152" [_thread_in_native, id=21056, stack(0x000000bf53f00000,0x000000bf54000000)]
  0x0000024eddd0b8a0 JavaThread "Cancel handler" [_thread_blocked, id=2588, stack(0x000000bf54000000,0x000000bf54100000)]
  0x0000024eddd0aa30 JavaThread "Daemon worker" [_thread_blocked, id=15368, stack(0x000000bf54100000,0x000000bf54200000)]
  0x0000024eddd0b3d0 JavaThread "Asynchronous log dispatcher for DefaultDaemonConnection: socket connection from /127.0.0.1:52151 to /127.0.0.1:52152" [_thread_blocked, id=5876, stack(0x000000bf54200000,0x000000bf54300000)]
  0x0000024eddd0a090 JavaThread "Stdin handler" [_thread_blocked, id=6044, stack(0x000000bf54300000,0x000000bf54400000)]
  0x0000024eddd0a560 JavaThread "Daemon client event forwarder" [_thread_blocked, id=16480, stack(0x000000bf54400000,0x000000bf54500000)]
  0x0000024eddd0d580 JavaThread "Cache worker for journal cache (C:\Users\jasse\.gradle\caches\journal-1)" [_thread_blocked, id=16084, stack(0x000000bf54900000,0x000000bf54a00000)]
  0x0000024eddd0af00 JavaThread "File lock request listener" [_thread_in_native, id=21332, stack(0x000000bf54a00000,0x000000bf54b00000)]
  0x0000024eddd0bd70 JavaThread "Cache worker for file hash cache (C:\Users\jasse\.gradle\caches\8.0\fileHashes)" [_thread_blocked, id=13400, stack(0x000000bf54b00000,0x000000bf54c00000)]
  0x0000024edffa2080 JavaThread "C2 CompilerThread2" daemon [_thread_blocked, id=12600, stack(0x000000bf54c00000,0x000000bf54d00000)]
  0x0000024eddd0c240 JavaThread "File watcher server" daemon [_thread_in_native, id=10216, stack(0x000000bf54d00000,0x000000bf54e00000)]
  0x0000024eddd0da50 JavaThread "File watcher consumer" daemon [_thread_blocked, id=4180, stack(0x000000bf54e00000,0x000000bf54f00000)]
  0x0000024ee1556a10 JavaThread "Cache worker for checksums cache (C:\Users\jasse\AndroidStudioProjects\front\.gradle\8.0\checksums)" [_thread_blocked, id=3808, stack(0x000000bf54f00000,0x000000bf55000000)]
  0x0000024ee1553050 JavaThread "Cache worker for cache directory md-rule (C:\Users\jasse\.gradle\caches\8.0\md-rule)" [_thread_blocked, id=3096, stack(0x000000bf55000000,0x000000bf55100000)]
  0x0000024ee1559f00 JavaThread "Cache worker for file content cache (C:\Users\jasse\.gradle\caches\8.0\fileContent)" [_thread_blocked, id=20180, stack(0x000000bf55100000,0x000000bf55200000)]
  0x0000024ee155a3d0 JavaThread "Cache worker for file hash cache (C:\Users\jasse\AndroidStudioProjects\front\.gradle\8.0\fileHashes)" [_thread_blocked, id=20004, stack(0x000000bf55200000,0x000000bf55300000)]
  0x0000024ee1558bc0 JavaThread "Cache worker for cache directory md-supplier (C:\Users\jasse\.gradle\caches\8.0\md-supplier)" [_thread_blocked, id=19600, stack(0x000000bf55300000,0x000000bf55400000)]
  0x0000024ee1554d30 JavaThread "Cache worker for execution history cache (C:\Users\jasse\.gradle\caches\8.0\executionHistory)" [_thread_blocked, id=3320, stack(0x000000bf55400000,0x000000bf55500000)]
  0x0000024ee155a8a0 JavaThread "jar transforms" [_thread_blocked, id=19660, stack(0x000000bf55500000,0x000000bf55600000)]
  0x0000024ee1554390 JavaThread "jar transforms Thread 2" [_thread_blocked, id=19176, stack(0x000000bf55600000,0x000000bf55700000)]
  0x0000024ee1555ba0 JavaThread "Cache worker for kotlin-dsl (C:\Users\jasse\.gradle\caches\8.0\kotlin-dsl)" [_thread_blocked, id=11344, stack(0x000000bf55800000,0x000000bf55900000)]
  0x0000024ee1559a30 JavaThread "jar transforms Thread 3" [_thread_blocked, id=4332, stack(0x000000bf55900000,0x000000bf55a00000)]
  0x0000024ee1555200 JavaThread "jar transforms Thread 4" [_thread_blocked, id=12964, stack(0x000000bf55a00000,0x000000bf55b00000)]
  0x0000024ee1553520 JavaThread "Cache worker for dependencies-accessors (C:\Users\jasse\AndroidStudioProjects\front\.gradle\8.0\dependencies-accessors)" [_thread_blocked, id=17604, stack(0x000000bf55b00000,0x000000bf55c00000)]
  0x0000024ee1556070 JavaThread "Cache worker for Build Output Cleanup Cache (C:\Users\jasse\AndroidStudioProjects\front\.gradle\buildOutputCleanup)" [_thread_blocked, id=16544, stack(0x000000bf55c00000,0x000000bf55d00000)]
  0x0000024ee1559090 JavaThread "jar transforms Thread 5" [_thread_blocked, id=17532, stack(0x000000bf55d00000,0x000000bf55e00000)]
  0x0000024ee15539f0 JavaThread "Unconstrained build operations" [_thread_blocked, id=8028, stack(0x000000bf55e00000,0x000000bf55f00000)]
  0x0000024ee1553ec0 JavaThread "Unconstrained build operations Thread 2" [_thread_blocked, id=2920, stack(0x000000bf55f00000,0x000000bf56000000)]
  0x0000024ee1556540 JavaThread "Unconstrained build operations Thread 3" [_thread_blocked, id=8548, stack(0x000000bf56000000,0x000000bf56100000)]
  0x0000024ee1556ee0 JavaThread "Unconstrained build operations Thread 4" [_thread_blocked, id=6696, stack(0x000000bf56100000,0x000000bf56200000)]
  0x0000024ee15573b0 JavaThread "Unconstrained build operations Thread 5" [_thread_blocked, id=16940, stack(0x000000bf56200000,0x000000bf56300000)]
  0x0000024ee32f4eb0 JavaThread "Unconstrained build operations Thread 6" [_thread_blocked, id=14248, stack(0x000000bf56300000,0x000000bf56400000)]
  0x0000024ee32fb890 JavaThread "Unconstrained build operations Thread 7" [_thread_blocked, id=16764, stack(0x000000bf56400000,0x000000bf56500000)]
  0x0000024ee32fa080 JavaThread "Unconstrained build operations Thread 8" [_thread_blocked, id=14156, stack(0x000000bf56500000,0x000000bf56600000)]
  0x0000024ee32f61f0 JavaThread "Unconstrained build operations Thread 9" [_thread_blocked, id=11724, stack(0x000000bf56600000,0x000000bf56700000)]
  0x0000024ee32f6b90 JavaThread "Unconstrained build operations Thread 10" [_thread_blocked, id=17072, stack(0x000000bf56700000,0x000000bf56800000)]
  0x0000024ee32fc700 JavaThread "Unconstrained build operations Thread 11" [_thread_blocked, id=14448, stack(0x000000bf56800000,0x000000bf56900000)]
  0x0000024ee32fa550 JavaThread "Unconstrained build operations Thread 12" [_thread_blocked, id=8080, stack(0x000000bf56900000,0x000000bf56a00000)]
  0x0000024ee32f5850 JavaThread "Unconstrained build operations Thread 13" [_thread_blocked, id=5740, stack(0x000000bf56a00000,0x000000bf56b00000)]
  0x0000024ee32f7530 JavaThread "Unconstrained build operations Thread 14" [_thread_blocked, id=1416, stack(0x000000bf56b00000,0x000000bf56c00000)]
  0x0000024ee32f66c0 JavaThread "Unconstrained build operations Thread 15" [_thread_blocked, id=12616, stack(0x000000bf56c00000,0x000000bf56d00000)]
  0x0000024ee32f7060 JavaThread "Unconstrained build operations Thread 16" [_thread_blocked, id=19216, stack(0x000000bf56d00000,0x000000bf56e00000)]
  0x0000024ee32fbd60 JavaThread "Unconstrained build operations Thread 17" [_thread_blocked, id=12828, stack(0x000000bf56e00000,0x000000bf56f00000)]
  0x0000024ee32f5d20 JavaThread "Unconstrained build operations Thread 18" [_thread_blocked, id=9944, stack(0x000000bf56f00000,0x000000bf57000000)]
  0x0000024ee32f5380 JavaThread "Unconstrained build operations Thread 19" [_thread_blocked, id=10180, stack(0x000000bf57000000,0x000000bf57100000)]
  0x0000024ee32f7a00 JavaThread "Unconstrained build operations Thread 20" [_thread_blocked, id=13140, stack(0x000000bf57100000,0x000000bf57200000)]
  0x0000024ee32f7ed0 JavaThread "Unconstrained build operations Thread 21" [_thread_blocked, id=904, stack(0x000000bf57200000,0x000000bf57300000)]
  0x0000024ee32fc230 JavaThread "Unconstrained build operations Thread 22" [_thread_blocked, id=12528, stack(0x000000bf57300000,0x000000bf57400000)]
  0x0000024ee32f8870 JavaThread "Unconstrained build operations Thread 23" [_thread_blocked, id=19524, stack(0x000000bf57400000,0x000000bf57500000)]
  0x0000024ee32f83a0 JavaThread "Unconstrained build operations Thread 24" [_thread_blocked, id=13556, stack(0x000000bf57500000,0x000000bf57600000)]
  0x0000024ee32faa20 JavaThread "Unconstrained build operations Thread 25" [_thread_blocked, id=4484, stack(0x000000bf57600000,0x000000bf57700000)]
  0x0000024ee32f8d40 JavaThread "Unconstrained build operations Thread 26" [_thread_blocked, id=1740, stack(0x000000bf57700000,0x000000bf57800000)]
  0x0000024ee32f9210 JavaThread "Unconstrained build operations Thread 27" [_thread_blocked, id=12400, stack(0x000000bf57800000,0x000000bf57900000)]
  0x0000024ee32faef0 JavaThread "Unconstrained build operations Thread 28" [_thread_blocked, id=2796, stack(0x000000bf57900000,0x000000bf57a00000)]
  0x0000024ee32f96e0 JavaThread "Unconstrained build operations Thread 29" [_thread_blocked, id=13396, stack(0x000000bf57a00000,0x000000bf57b00000)]
  0x0000024ee32fb3c0 JavaThread "Unconstrained build operations Thread 30" [_thread_blocked, id=19568, stack(0x000000bf57b00000,0x000000bf57c00000)]
  0x0000024ee32f9bb0 JavaThread "Unconstrained build operations Thread 31" [_thread_blocked, id=2844, stack(0x000000bf57c00000,0x000000bf57d00000)]
  0x0000024ee318dad0 JavaThread "Unconstrained build operations Thread 32" [_thread_blocked, id=4804, stack(0x000000bf57d00000,0x000000bf57e00000)]
  0x0000024ee318f2e0 JavaThread "Unconstrained build operations Thread 33" [_thread_blocked, id=14040, stack(0x000000bf57e00000,0x000000bf57f00000)]
  0x0000024ee318dfa0 JavaThread "Unconstrained build operations Thread 34" [_thread_blocked, id=8796, stack(0x000000bf57f00000,0x000000bf58000000)]
  0x0000024ee318f7b0 JavaThread "Unconstrained build operations Thread 35" [_thread_blocked, id=12972, stack(0x000000bf58000000,0x000000bf58100000)]
  0x0000024ee318cc60 JavaThread "Unconstrained build operations Thread 36" [_thread_blocked, id=18520, stack(0x000000bf58100000,0x000000bf58200000)]
  0x0000024ee318e470 JavaThread "Unconstrained build operations Thread 37" [_thread_blocked, id=9864, stack(0x000000bf58200000,0x000000bf58300000)]
  0x0000024ee318bdf0 JavaThread "Unconstrained build operations Thread 38" [_thread_blocked, id=11044, stack(0x000000bf58300000,0x000000bf58400000)]
  0x0000024ee318d130 JavaThread "Unconstrained build operations Thread 39" [_thread_blocked, id=17564, stack(0x000000bf58400000,0x000000bf58500000)]
  0x0000024ee3192300 JavaThread "Unconstrained build operations Thread 40" [_thread_blocked, id=1620, stack(0x000000bf58500000,0x000000bf58600000)]
  0x0000024ee31927d0 JavaThread "Unconstrained build operations Thread 41" [_thread_blocked, id=21292, stack(0x000000bf58600000,0x000000bf58700000)]
  0x0000024ee3190fc0 JavaThread "Unconstrained build operations Thread 42" [_thread_blocked, id=20460, stack(0x000000bf58700000,0x000000bf58800000)]
  0x0000024ee3190150 JavaThread "Unconstrained build operations Thread 43" [_thread_blocked, id=16820, stack(0x000000bf58800000,0x000000bf58900000)]
  0x0000024ee318d600 JavaThread "Unconstrained build operations Thread 44" [_thread_blocked, id=16872, stack(0x000000bf58900000,0x000000bf58a00000)]
  0x0000024ee3190620 JavaThread "Unconstrained build operations Thread 45" [_thread_blocked, id=16704, stack(0x000000bf58a00000,0x000000bf58b00000)]
  0x0000024ee3191960 JavaThread "Unconstrained build operations Thread 46" [_thread_blocked, id=13824, stack(0x000000bf58b00000,0x000000bf58c00000)]
  0x0000024ee318e940 JavaThread "Unconstrained build operations Thread 47" [_thread_blocked, id=15584, stack(0x000000bf58c00000,0x000000bf58d00000)]
  0x0000024ee3192ca0 JavaThread "Unconstrained build operations Thread 48" [_thread_blocked, id=14300, stack(0x000000bf58d00000,0x000000bf58e00000)]
  0x0000024ee318fc80 JavaThread "Unconstrained build operations Thread 49" [_thread_blocked, id=1432, stack(0x000000bf58e00000,0x000000bf58f00000)]
  0x0000024ee3193170 JavaThread "Unconstrained build operations Thread 50" [_thread_blocked, id=20852, stack(0x000000bf58f00000,0x000000bf59000000)]
  0x0000024ee318b920 JavaThread "Unconstrained build operations Thread 51" [_thread_blocked, id=4868, stack(0x000000bf59000000,0x000000bf59100000)]
  0x0000024ee318c2c0 JavaThread "Unconstrained build operations Thread 52" [_thread_blocked, id=16060, stack(0x000000bf59100000,0x000000bf59200000)]
  0x0000024ee318ee10 JavaThread "Unconstrained build operations Thread 53" [_thread_blocked, id=18500, stack(0x000000bf59200000,0x000000bf59300000)]
  0x0000024ee3191e30 JavaThread "Unconstrained build operations Thread 54" [_thread_blocked, id=7016, stack(0x000000bf59300000,0x000000bf59400000)]
  0x0000024ee3190af0 JavaThread "Unconstrained build operations Thread 55" [_thread_blocked, id=12596, stack(0x000000bf59400000,0x000000bf59500000)]
  0x0000024ee3191490 JavaThread "Unconstrained build operations Thread 56" [_thread_blocked, id=1512, stack(0x000000bf59500000,0x000000bf59600000)]
  0x0000024ee318c790 JavaThread "Unconstrained build operations Thread 57" [_thread_blocked, id=12844, stack(0x000000bf59600000,0x000000bf59700000)]
  0x0000024ee27db740 JavaThread "Unconstrained build operations Thread 58" [_thread_blocked, id=1540, stack(0x000000bf59700000,0x000000bf59800000)]
  0x0000024ee27dc0e0 JavaThread "Unconstrained build operations Thread 59" [_thread_blocked, id=16280, stack(0x000000bf59800000,0x000000bf59900000)]
  0x0000024ee27dcf50 JavaThread "Unconstrained build operations Thread 60" [_thread_blocked, id=2732, stack(0x000000bf59900000,0x000000bf59a00000)]
  0x0000024ee27d8bf0 JavaThread "Unconstrained build operations Thread 61" [_thread_blocked, id=14092, stack(0x000000bf59a00000,0x000000bf59b00000)]
  0x0000024ee27dd420 JavaThread "Unconstrained build operations Thread 62" [_thread_blocked, id=17280, stack(0x000000bf59b00000,0x000000bf59c00000)]
  0x0000024ee27d6f10 JavaThread "Unconstrained build operations Thread 63" [_thread_blocked, id=14264, stack(0x000000bf59c00000,0x000000bf59d00000)]
  0x0000024ee27d78b0 JavaThread "Unconstrained build operations Thread 64" [_thread_blocked, id=16316, stack(0x000000bf59d00000,0x000000bf59e00000)]
  0x0000024ee27dc5b0 JavaThread "Unconstrained build operations Thread 65" [_thread_blocked, id=19144, stack(0x000000bf59e00000,0x000000bf59f00000)]
  0x0000024ee27d90c0 JavaThread "Unconstrained build operations Thread 66" [_thread_blocked, id=3832, stack(0x000000bf59f00000,0x000000bf5a000000)]
  0x0000024ee27d8720 JavaThread "Unconstrained build operations Thread 67" [_thread_blocked, id=1884, stack(0x000000bf5a000000,0x000000bf5a100000)]
  0x0000024ee27da8d0 JavaThread "Unconstrained build operations Thread 68" [_thread_blocked, id=17108, stack(0x000000bf5a100000,0x000000bf5a200000)]
  0x0000024ee27dd8f0 JavaThread "Unconstrained build operations Thread 69" [_thread_blocked, id=4148, stack(0x000000bf5a200000,0x000000bf5a300000)]
  0x0000024ee27dca80 JavaThread "Unconstrained build operations Thread 70" [_thread_blocked, id=12660, stack(0x000000bf5a300000,0x000000bf5a400000)]
  0x0000024ee27dbc10 JavaThread "Unconstrained build operations Thread 71" [_thread_blocked, id=17196, stack(0x000000bf5a400000,0x000000bf5a500000)]
  0x0000024ee27dddc0 JavaThread "Unconstrained build operations Thread 72" [_thread_blocked, id=7056, stack(0x000000bf5a500000,0x000000bf5a600000)]
  0x0000024ee27d6570 JavaThread "Unconstrained build operations Thread 73" [_thread_blocked, id=16856, stack(0x000000bf5a600000,0x000000bf5a700000)]
  0x0000024ee27d9590 JavaThread "Unconstrained build operations Thread 74" [_thread_blocked, id=3700, stack(0x000000bf5a700000,0x000000bf5a800000)]
  0x0000024ee27d8250 JavaThread "Unconstrained build operations Thread 75" [_thread_blocked, id=15764, stack(0x000000bf5a800000,0x000000bf5a900000)]
  0x0000024ee27d6a40 JavaThread "Unconstrained build operations Thread 76" [_thread_blocked, id=16224, stack(0x000000bf5a900000,0x000000bf5aa00000)]
  0x0000024ee27d73e0 JavaThread "Unconstrained build operations Thread 77" [_thread_blocked, id=13644, stack(0x000000bf5aa00000,0x000000bf5ab00000)]
  0x0000024ee27d7d80 JavaThread "Unconstrained build operations Thread 78" [_thread_blocked, id=16160, stack(0x000000bf5ab00000,0x000000bf5ac00000)]
  0x0000024ee27d9a60 JavaThread "Unconstrained build operations Thread 79" [_thread_blocked, id=19328, stack(0x000000bf5ac00000,0x000000bf5ad00000)]
  0x0000024ee27d9f30 JavaThread "Unconstrained build operations Thread 80" [_thread_blocked, id=10136, stack(0x000000bf5ad00000,0x000000bf5ae00000)]
  0x0000024ee27da400 JavaThread "jar transforms Thread 6" [_thread_blocked, id=1964, stack(0x000000bf5ae00000,0x000000bf5af00000)]
  0x0000024ee27dada0 JavaThread "jar transforms Thread 7" [_thread_blocked, id=10256, stack(0x000000bf5af00000,0x000000bf5b000000)]
  0x0000024ee27db270 JavaThread "jar transforms Thread 8" [_thread_blocked, id=15036, stack(0x000000bf5b000000,0x000000bf5b100000)]
  0x0000024ee4649920 JavaThread "build event listener" [_thread_blocked, id=2544, stack(0x000000bf5b100000,0x000000bf5b200000)]
  0x0000024ee464e150 JavaThread "Memory manager" [_thread_blocked, id=2868, stack(0x000000bf5b200000,0x000000bf5b300000)]
  0x0000024ee46472a0 JavaThread "build event listener" [_thread_blocked, id=10620, stack(0x000000bf5b300000,0x000000bf5b400000)]
  0x0000024ee46485e0 JavaThread "build event listener" [_thread_blocked, id=15024, stack(0x000000bf5b400000,0x000000bf5b500000)]

Other Threads:
=>0x0000024edc533a10 VMThread "VM Thread" [stack: 0x000000bf52900000,0x000000bf52a00000] [id=18560]
  0x0000024ec27b4c20 WatcherThread [stack: 0x000000bf53500000,0x000000bf53600000] [id=2600]
  0x0000024ec27997f0 GCTaskThread "GC Thread#0" [stack: 0x000000bf52400000,0x000000bf52500000] [id=16604]
  0x0000024edd458f20 GCTaskThread "GC Thread#1" [stack: 0x000000bf53800000,0x000000bf53900000] [id=9236]
  0x0000024edd458c70 GCTaskThread "GC Thread#2" [stack: 0x000000bf53900000,0x000000bf53a00000] [id=17268]
  0x0000024edd4591d0 GCTaskThread "GC Thread#3" [stack: 0x000000bf53a00000,0x000000bf53b00000] [id=20176]
  0x0000024edd459c90 GCTaskThread "GC Thread#4" [stack: 0x000000bf53b00000,0x000000bf53c00000] [id=7916]
  0x0000024edd459730 GCTaskThread "GC Thread#5" [stack: 0x000000bf54500000,0x000000bf54600000] [id=14456]
  0x0000024edd459f40 GCTaskThread "GC Thread#6" [stack: 0x000000bf54600000,0x000000bf54700000] [id=7264]
  0x0000024edd4599e0 GCTaskThread "GC Thread#7" [stack: 0x000000bf54700000,0x000000bf54800000] [id=12188]
  0x0000024ec27ac650 ConcurrentGCThread "G1 Main Marker" [stack: 0x000000bf52500000,0x000000bf52600000] [id=13872]
  0x0000024ec27ad710 ConcurrentGCThread "G1 Conc#0" [stack: 0x000000bf52600000,0x000000bf52700000] [id=18492]
  0x0000024edffcc610 ConcurrentGCThread "G1 Conc#1" [stack: 0x000000bf54800000,0x000000bf54900000] [id=3924]
  0x0000024ec280e4c0 ConcurrentGCThread "G1 Refine#0" [stack: 0x000000bf52700000,0x000000bf52800000] [id=14608]
  0x0000024ee171ece0 ConcurrentGCThread "G1 Refine#1" [stack: 0x000000bf55700000,0x000000bf55800000] [id=12240]
  0x0000024edc3e70e0 ConcurrentGCThread "G1 Service" [stack: 0x000000bf52800000,0x000000bf52900000] [id=2680]

Threads with active compile tasks:
C2 CompilerThread0     7049 8209       4       org.objectweb.asm.Frame::putAbstractType (379 bytes)
C2 CompilerThread1     7049 8235 %     4       org.gradle.internal.instantiation.generator.AbstractClassGenerator::inspectType @ 77 (560 bytes)
C2 CompilerThread2     7049 8236       4       java.lang.AbstractStringBuilder::append (45 bytes)

VM state: at safepoint (normal execution)

VM Mutex/Monitor currently owned by a thread:  ([mutex/lock_event])
[0x0000024ec2735f60] Threads_lock - owner thread: 0x0000024edc533a10
[0x0000024ec2735300] Heap_lock - owner thread: 0x0000024eddd0aa30

Heap address: 0x0000000080000000, size: 2048 MB, Compressed Oops mode: 32-bit

CDS archive(s) not mapped
Compressed class space mapped at: 0x0000000100000000-0x0000000140000000, reserved size: 1073741824
Narrow klass base: 0x0000000000000000, Narrow klass shift: 3, Narrow klass range: 0x140000000

GC Precious Log:
 CPUs: 8 total, 8 available
 Memory: 7993M
 Large Page Support: Disabled
 NUMA Support: Disabled
 Compressed Oops: Enabled (32-bit)
 Heap Region Size: 1M
 Heap Min Capacity: 8M
 Heap Initial Capacity: 126M
 Heap Max Capacity: 2G
 Pre-touch: Disabled
 Parallel Workers: 8
 Concurrent Workers: 2
 Concurrent Refinement Workers: 8
 Periodic GC: Disabled

Heap:
 garbage-first heap   total 129024K, used 68548K [0x0000000080000000, 0x0000000100000000)
  region size 1024K, 2 young (2048K), 2 survivors (2048K)
 Metaspace       used 82373K, committed 82944K, reserved 1122304K
  class space    used 11223K, committed 11520K, reserved 1048576K

Heap Regions: E=young(eden), S=young(survivor), O=old, HS=humongous(starts), HC=humongous(continues), CS=collection set, F=free, OA=open archive, CA=closed archive, TAMS=top-at-mark-start (previous, next)
|   0|0x0000000080000000, 0x0000000080100000, 0x0000000080100000|100%|HS|  |TAMS 0x0000000080100000, 0x0000000080100000| Complete 
|   1|0x0000000080100000, 0x0000000080200000, 0x0000000080200000|100%|HC|  |TAMS 0x0000000080200000, 0x0000000080200000| Complete 
|   2|0x0000000080200000, 0x0000000080300000, 0x0000000080300000|100%|HC|  |TAMS 0x0000000080300000, 0x0000000080300000| Complete 
|   3|0x0000000080300000, 0x0000000080400000, 0x0000000080400000|100%|HC|  |TAMS 0x0000000080400000, 0x0000000080400000| Complete 
|   4|0x0000000080400000, 0x0000000080500000, 0x0000000080500000|100%| O|  |TAMS 0x0000000080500000, 0x0000000080500000| Untracked 
|   5|0x0000000080500000, 0x0000000080600000, 0x0000000080600000|100%| O|  |TAMS 0x0000000080600000, 0x0000000080600000| Untracked 
|   6|0x0000000080600000, 0x0000000080700000, 0x0000000080700000|100%| O|  |TAMS 0x0000000080700000, 0x0000000080700000| Untracked 
|   7|0x0000000080700000, 0x0000000080800000, 0x0000000080800000|100%| O|  |TAMS 0x0000000080800000, 0x0000000080800000| Untracked 
|   8|0x0000000080800000, 0x0000000080900000, 0x0000000080900000|100%| O|  |TAMS 0x0000000080900000, 0x0000000080900000| Untracked 
|   9|0x0000000080900000, 0x0000000080a00000, 0x0000000080a00000|100%| O|  |TAMS 0x0000000080a00000, 0x0000000080a00000| Untracked 
|  10|0x0000000080a00000, 0x0000000080b00000, 0x0000000080b00000|100%| O|  |TAMS 0x0000000080b00000, 0x0000000080b00000| Untracked 
|  11|0x0000000080b00000, 0x0000000080c00000, 0x0000000080c00000|100%| O|  |TAMS 0x0000000080b00000, 0x0000000080c00000| Untracked 
|  12|0x0000000080c00000, 0x0000000080d00000, 0x0000000080d00000|100%| O|  |TAMS 0x0000000080d00000, 0x0000000080d00000| Untracked 
|  13|0x0000000080d00000, 0x0000000080e00000, 0x0000000080e00000|100%| O|  |TAMS 0x0000000080e00000, 0x0000000080e00000| Untracked 
|  14|0x0000000080e00000, 0x0000000080f00000, 0x0000000080f00000|100%| O|  |TAMS 0x0000000080f00000, 0x0000000080f00000| Untracked 
|  15|0x0000000080f00000, 0x0000000081000000, 0x0000000081000000|100%| O|  |TAMS 0x0000000081000000, 0x0000000081000000| Untracked 
|  16|0x0000000081000000, 0x0000000081100000, 0x0000000081100000|100%| O|  |TAMS 0x0000000081100000, 0x0000000081100000| Untracked 
|  17|0x0000000081100000, 0x0000000081200000, 0x0000000081200000|100%| O|  |TAMS 0x0000000081200000, 0x0000000081200000| Untracked 
|  18|0x0000000081200000, 0x0000000081300000, 0x0000000081300000|100%| O|  |TAMS 0x0000000081300000, 0x0000000081300000| Untracked 
|  19|0x0000000081300000, 0x0000000081400000, 0x0000000081400000|100%| O|  |TAMS 0x0000000081400000, 0x0000000081400000| Untracked 
|  20|0x0000000081400000, 0x0000000081500000, 0x0000000081500000|100%| O|  |TAMS 0x0000000081500000, 0x0000000081500000| Untracked 
|  21|0x0000000081500000, 0x0000000081600000, 0x0000000081600000|100%| O|  |TAMS 0x0000000081600000, 0x0000000081600000| Untracked 
|  22|0x0000000081600000, 0x0000000081700000, 0x0000000081700000|100%| O|  |TAMS 0x0000000081700000, 0x0000000081700000| Untracked 
|  23|0x0000000081700000, 0x0000000081800000, 0x0000000081800000|100%| O|  |TAMS 0x0000000081800000, 0x0000000081800000| Untracked 
|  24|0x0000000081800000, 0x0000000081800000, 0x0000000081900000|  0%| F|  |TAMS 0x0000000081800000, 0x0000000081800000| Untracked 
|  25|0x0000000081900000, 0x0000000081a00000, 0x0000000081a00000|100%| O|  |TAMS 0x0000000081a00000, 0x0000000081a00000| Untracked 
|  26|0x0000000081a00000, 0x0000000081b00000, 0x0000000081b00000|100%| O|  |TAMS 0x0000000081b00000, 0x0000000081b00000| Untracked 
|  27|0x0000000081b00000, 0x0000000081c00000, 0x0000000081c00000|100%| O|  |TAMS 0x0000000081c00000, 0x0000000081c00000| Untracked 
|  28|0x0000000081c00000, 0x0000000081d00000, 0x0000000081d00000|100%| O|  |TAMS 0x0000000081d00000, 0x0000000081d00000| Untracked 
|  29|0x0000000081d00000, 0x0000000081e00000, 0x0000000081e00000|100%| O|  |TAMS 0x0000000081e00000, 0x0000000081e00000| Untracked 
|  30|0x0000000081e00000, 0x0000000081f00000, 0x0000000081f00000|100%| O|  |TAMS 0x0000000081f00000, 0x0000000081f00000| Untracked 
|  31|0x0000000081f00000, 0x0000000082000000, 0x0000000082000000|100%| O|  |TAMS 0x0000000082000000, 0x0000000082000000| Untracked 
|  32|0x0000000082000000, 0x0000000082100000, 0x0000000082100000|100%|HS|  |TAMS 0x0000000082100000, 0x0000000082100000| Complete 
|  33|0x0000000082100000, 0x0000000082200000, 0x0000000082200000|100%|HS|  |TAMS 0x0000000082200000, 0x0000000082200000| Complete 
|  34|0x0000000082200000, 0x0000000082300000, 0x0000000082300000|100%|HS|  |TAMS 0x0000000082300000, 0x0000000082300000| Complete 
|  35|0x0000000082300000, 0x0000000082400000, 0x0000000082400000|100%|HC|  |TAMS 0x0000000082400000, 0x0000000082400000| Complete 
|  36|0x0000000082400000, 0x0000000082500000, 0x0000000082500000|100%|HS|  |TAMS 0x0000000082500000, 0x0000000082500000| Complete 
|  37|0x0000000082500000, 0x0000000082600000, 0x0000000082600000|100%| O|  |TAMS 0x0000000082600000, 0x0000000082600000| Untracked 
|  38|0x0000000082600000, 0x0000000082700000, 0x0000000082700000|100%| O|  |TAMS 0x0000000082700000, 0x0000000082700000| Untracked 
|  39|0x0000000082700000, 0x0000000082800000, 0x0000000082800000|100%| O|  |TAMS 0x0000000082800000, 0x0000000082800000| Untracked 
|  40|0x0000000082800000, 0x0000000082900000, 0x0000000082900000|100%| O|  |TAMS 0x0000000082900000, 0x0000000082900000| Untracked 
|  41|0x0000000082900000, 0x0000000082a00000, 0x0000000082a00000|100%|HS|  |TAMS 0x0000000082a00000, 0x0000000082a00000| Complete 
|  42|0x0000000082a00000, 0x0000000082b00000, 0x0000000082b00000|100%|HC|  |TAMS 0x0000000082b00000, 0x0000000082b00000| Complete 
|  43|0x0000000082b00000, 0x0000000082c00000, 0x0000000082c00000|100%|HC|  |TAMS 0x0000000082c00000, 0x0000000082c00000| Complete 
|  44|0x0000000082c00000, 0x0000000082d00000, 0x0000000082d00000|100%|HC|  |TAMS 0x0000000082d00000, 0x0000000082d00000| Complete 
|  45|0x0000000082d00000, 0x0000000082e00000, 0x0000000082e00000|100%| O|  |TAMS 0x0000000082e00000, 0x0000000082e00000| Untracked 
|  46|0x0000000082e00000, 0x0000000082f00000, 0x0000000082f00000|100%| O|  |TAMS 0x0000000082f00000, 0x0000000082f00000| Untracked 
|  47|0x0000000082f00000, 0x0000000083000000, 0x0000000083000000|100%| O|  |TAMS 0x0000000083000000, 0x0000000083000000| Untracked 
|  48|0x0000000083000000, 0x0000000083100000, 0x0000000083100000|100%| O|  |TAMS 0x0000000083100000, 0x0000000083100000| Untracked 
|  49|0x0000000083100000, 0x0000000083200000, 0x0000000083200000|100%| O|  |TAMS 0x0000000083200000, 0x0000000083200000| Untracked 
|  50|0x0000000083200000, 0x0000000083300000, 0x0000000083300000|100%| O|  |TAMS 0x0000000083300000, 0x0000000083300000| Untracked 
|  51|0x0000000083300000, 0x0000000083400000, 0x0000000083400000|100%| O|  |TAMS 0x0000000083400000, 0x0000000083400000| Untracked 
|  52|0x0000000083400000, 0x0000000083500000, 0x0000000083500000|100%| O|  |TAMS 0x0000000083500000, 0x0000000083500000| Untracked 
|  53|0x0000000083500000, 0x0000000083600000, 0x0000000083600000|100%| O|  |TAMS 0x0000000083600000, 0x0000000083600000| Untracked 
|  54|0x0000000083600000, 0x0000000083700000, 0x0000000083700000|100%| O|  |TAMS 0x0000000083700000, 0x0000000083700000| Untracked 
|  55|0x0000000083700000, 0x0000000083800000, 0x0000000083800000|100%| O|  |TAMS 0x0000000083800000, 0x0000000083800000| Untracked 
|  56|0x0000000083800000, 0x0000000083900000, 0x0000000083900000|100%| O|  |TAMS 0x0000000083900000, 0x0000000083900000| Untracked 
|  57|0x0000000083900000, 0x0000000083a00000, 0x0000000083a00000|100%| O|  |TAMS 0x0000000083a00000, 0x0000000083a00000| Untracked 
|  58|0x0000000083a00000, 0x0000000083b00000, 0x0000000083b00000|100%| O|  |TAMS 0x0000000083b00000, 0x0000000083b00000| Untracked 
|  59|0x0000000083b00000, 0x0000000083c00000, 0x0000000083c00000|100%| O|  |TAMS 0x0000000083c00000, 0x0000000083c00000| Untracked 
|  60|0x0000000083c00000, 0x0000000083d00000, 0x0000000083d00000|100%| O|  |TAMS 0x0000000083d00000, 0x0000000083d00000| Untracked 
|  61|0x0000000083d00000, 0x0000000083e00000, 0x0000000083e00000|100%| O|  |TAMS 0x0000000083e00000, 0x0000000083e00000| Untracked 
|  62|0x0000000083e00000, 0x0000000083f00000, 0x0000000083f00000|100%| O|  |TAMS 0x0000000083e1e800, 0x0000000083f00000| Untracked 
|  63|0x0000000083f00000, 0x0000000084000000, 0x0000000084000000|100%| O|  |TAMS 0x0000000083f00000, 0x0000000084000000| Untracked 
|  64|0x0000000084000000, 0x0000000084100000, 0x0000000084100000|100%| O|  |TAMS 0x0000000084000000, 0x0000000084100000| Untracked 
|  65|0x0000000084100000, 0x0000000084200000, 0x0000000084200000|100%| O|  |TAMS 0x0000000084100000, 0x0000000084200000| Untracked 
|  66|0x0000000084200000, 0x000000008420f400, 0x0000000084300000|  5%| O|  |TAMS 0x0000000084200000, 0x000000008420f400| Untracked 
|  67|0x0000000084300000, 0x0000000084300000, 0x0000000084400000|  0%| F|  |TAMS 0x0000000084300000, 0x0000000084300000| Untracked 
|  68|0x0000000084400000, 0x0000000084400000, 0x0000000084500000|  0%| F|  |TAMS 0x0000000084400000, 0x0000000084400000| Untracked 
|  69|0x0000000084500000, 0x0000000084500000, 0x0000000084600000|  0%| F|  |TAMS 0x0000000084500000, 0x0000000084500000| Untracked 
|  70|0x0000000084600000, 0x0000000084600000, 0x0000000084700000|  0%| F|  |TAMS 0x0000000084600000, 0x0000000084600000| Untracked 
|  71|0x0000000084700000, 0x0000000084700000, 0x0000000084800000|  0%| F|  |TAMS 0x0000000084700000, 0x0000000084700000| Untracked 
|  72|0x0000000084800000, 0x0000000084800000, 0x0000000084900000|  0%| F|  |TAMS 0x0000000084800000, 0x0000000084800000| Untracked 
|  73|0x0000000084900000, 0x0000000084900000, 0x0000000084a00000|  0%| F|  |TAMS 0x0000000084900000, 0x0000000084900000| Untracked 
|  74|0x0000000084a00000, 0x0000000084a00000, 0x0000000084b00000|  0%| F|  |TAMS 0x0000000084a00000, 0x0000000084a00000| Untracked 
|  75|0x0000000084b00000, 0x0000000084b00000, 0x0000000084c00000|  0%| F|  |TAMS 0x0000000084b00000, 0x0000000084b00000| Untracked 
|  76|0x0000000084c00000, 0x0000000084c00000, 0x0000000084d00000|  0%| F|  |TAMS 0x0000000084c00000, 0x0000000084c00000| Untracked 
|  77|0x0000000084d00000, 0x0000000084d00000, 0x0000000084e00000|  0%| F|  |TAMS 0x0000000084d00000, 0x0000000084d00000| Untracked 
|  78|0x0000000084e00000, 0x0000000084e00000, 0x0000000084f00000|  0%| F|  |TAMS 0x0000000084e00000, 0x0000000084e00000| Untracked 
|  79|0x0000000084f00000, 0x0000000084f00000, 0x0000000085000000|  0%| F|  |TAMS 0x0000000084f00000, 0x0000000084f00000| Untracked 
|  80|0x0000000085000000, 0x0000000085000000, 0x0000000085100000|  0%| F|  |TAMS 0x0000000085000000, 0x0000000085000000| Untracked 
|  81|0x0000000085100000, 0x0000000085100000, 0x0000000085200000|  0%| F|  |TAMS 0x0000000085100000, 0x0000000085100000| Untracked 
|  82|0x0000000085200000, 0x0000000085200000, 0x0000000085300000|  0%| F|  |TAMS 0x0000000085200000, 0x0000000085200000| Untracked 
|  83|0x0000000085300000, 0x0000000085300000, 0x0000000085400000|  0%| F|  |TAMS 0x0000000085300000, 0x0000000085300000| Untracked 
|  84|0x0000000085400000, 0x0000000085400000, 0x0000000085500000|  0%| F|  |TAMS 0x0000000085400000, 0x0000000085400000| Untracked 
|  85|0x0000000085500000, 0x0000000085500000, 0x0000000085600000|  0%| F|  |TAMS 0x0000000085500000, 0x0000000085500000| Untracked 
|  86|0x0000000085600000, 0x0000000085600000, 0x0000000085700000|  0%| F|  |TAMS 0x0000000085600000, 0x0000000085600000| Untracked 
|  87|0x0000000085700000, 0x0000000085700000, 0x0000000085800000|  0%| F|  |TAMS 0x0000000085700000, 0x0000000085700000| Untracked 
|  88|0x0000000085800000, 0x00000000858e1c48, 0x0000000085900000| 88%| S|CS|TAMS 0x0000000085800000, 0x0000000085800000| Complete 
|  89|0x0000000085900000, 0x0000000085a00000, 0x0000000085a00000|100%| S|CS|TAMS 0x0000000085900000, 0x0000000085900000| Complete 
|  90|0x0000000085a00000, 0x0000000085a00000, 0x0000000085b00000|  0%| F|  |TAMS 0x0000000085a00000, 0x0000000085a00000| Untracked 
|  91|0x0000000085b00000, 0x0000000085b00000, 0x0000000085c00000|  0%| F|  |TAMS 0x0000000085b00000, 0x0000000085b00000| Untracked 
|  92|0x0000000085c00000, 0x0000000085c00000, 0x0000000085d00000|  0%| F|  |TAMS 0x0000000085c00000, 0x0000000085c00000| Untracked 
|  93|0x0000000085d00000, 0x0000000085d00000, 0x0000000085e00000|  0%| F|  |TAMS 0x0000000085d00000, 0x0000000085d00000| Untracked 
|  94|0x0000000085e00000, 0x0000000085e00000, 0x0000000085f00000|  0%| F|  |TAMS 0x0000000085e00000, 0x0000000085e00000| Untracked 
|  95|0x0000000085f00000, 0x0000000085f00000, 0x0000000086000000|  0%| F|  |TAMS 0x0000000085f00000, 0x0000000085f00000| Untracked 
|  96|0x0000000086000000, 0x0000000086000000, 0x0000000086100000|  0%| F|  |TAMS 0x0000000086000000, 0x0000000086000000| Untracked 
|  97|0x0000000086100000, 0x0000000086100000, 0x0000000086200000|  0%| F|  |TAMS 0x0000000086100000, 0x0000000086100000| Untracked 
|  98|0x0000000086200000, 0x0000000086200000, 0x0000000086300000|  0%| F|  |TAMS 0x0000000086200000, 0x0000000086200000| Untracked 
|  99|0x0000000086300000, 0x0000000086300000, 0x0000000086400000|  0%| F|  |TAMS 0x0000000086300000, 0x0000000086300000| Untracked 
| 100|0x0000000086400000, 0x0000000086400000, 0x0000000086500000|  0%| F|  |TAMS 0x0000000086400000, 0x0000000086400000| Untracked 
| 101|0x0000000086500000, 0x0000000086500000, 0x0000000086600000|  0%| F|  |TAMS 0x0000000086500000, 0x0000000086500000| Untracked 
| 102|0x0000000086600000, 0x0000000086600000, 0x0000000086700000|  0%| F|  |TAMS 0x0000000086600000, 0x0000000086600000| Untracked 
| 103|0x0000000086700000, 0x0000000086700000, 0x0000000086800000|  0%| F|  |TAMS 0x0000000086700000, 0x0000000086700000| Untracked 
| 104|0x0000000086800000, 0x0000000086800000, 0x0000000086900000|  0%| F|  |TAMS 0x0000000086800000, 0x0000000086800000| Untracked 
| 105|0x0000000086900000, 0x0000000086900000, 0x0000000086a00000|  0%| F|  |TAMS 0x0000000086900000, 0x0000000086900000| Untracked 
| 106|0x0000000086a00000, 0x0000000086a00000, 0x0000000086b00000|  0%| F|  |TAMS 0x0000000086a00000, 0x0000000086a00000| Untracked 
| 107|0x0000000086b00000, 0x0000000086b00000, 0x0000000086c00000|  0%| F|  |TAMS 0x0000000086b00000, 0x0000000086b00000| Untracked 
| 108|0x0000000086c00000, 0x0000000086c00000, 0x0000000086d00000|  0%| F|  |TAMS 0x0000000086c00000, 0x0000000086c00000| Untracked 
| 109|0x0000000086d00000, 0x0000000086d00000, 0x0000000086e00000|  0%| F|  |TAMS 0x0000000086d00000, 0x0000000086d00000| Untracked 
| 110|0x0000000086e00000, 0x0000000086e00000, 0x0000000086f00000|  0%| F|  |TAMS 0x0000000086e00000, 0x0000000086e00000| Untracked 
| 111|0x0000000086f00000, 0x0000000086f00000, 0x0000000087000000|  0%| F|  |TAMS 0x0000000086f00000, 0x0000000086f00000| Untracked 
| 112|0x0000000087000000, 0x0000000087000000, 0x0000000087100000|  0%| F|  |TAMS 0x0000000087000000, 0x0000000087000000| Untracked 
| 113|0x0000000087100000, 0x0000000087100000, 0x0000000087200000|  0%| F|  |TAMS 0x0000000087100000, 0x0000000087100000| Untracked 
| 114|0x0000000087200000, 0x0000000087200000, 0x0000000087300000|  0%| F|  |TAMS 0x0000000087200000, 0x0000000087200000| Untracked 
| 115|0x0000000087300000, 0x0000000087300000, 0x0000000087400000|  0%| F|  |TAMS 0x0000000087300000, 0x0000000087300000| Untracked 
| 116|0x0000000087400000, 0x0000000087400000, 0x0000000087500000|  0%| F|  |TAMS 0x0000000087400000, 0x0000000087400000| Untracked 
| 117|0x0000000087500000, 0x0000000087500000, 0x0000000087600000|  0%| F|  |TAMS 0x0000000087500000, 0x0000000087500000| Untracked 
| 118|0x0000000087600000, 0x0000000087600000, 0x0000000087700000|  0%| F|  |TAMS 0x0000000087600000, 0x0000000087600000| Untracked 
| 119|0x0000000087700000, 0x0000000087700000, 0x0000000087800000|  0%| F|  |TAMS 0x0000000087700000, 0x0000000087700000| Untracked 
| 120|0x0000000087800000, 0x0000000087800000, 0x0000000087900000|  0%| F|  |TAMS 0x0000000087800000, 0x0000000087800000| Untracked 
| 121|0x0000000087900000, 0x0000000087900000, 0x0000000087a00000|  0%| F|  |TAMS 0x0000000087900000, 0x0000000087900000| Untracked 
| 122|0x0000000087a00000, 0x0000000087a00000, 0x0000000087b00000|  0%| F|  |TAMS 0x0000000087a00000, 0x0000000087a00000| Untracked 
| 123|0x0000000087b00000, 0x0000000087b00000, 0x0000000087c00000|  0%| F|  |TAMS 0x0000000087b00000, 0x0000000087b00000| Untracked 
| 124|0x0000000087c00000, 0x0000000087c00000, 0x0000000087d00000|  0%| F|  |TAMS 0x0000000087c00000, 0x0000000087c00000| Untracked 
| 125|0x0000000087d00000, 0x0000000087d00000, 0x0000000087e00000|  0%| F|  |TAMS 0x0000000087d00000, 0x0000000087d00000| Untracked 

Card table byte_map: [0x0000024ed5340000,0x0000024ed5740000] _byte_map_base: 0x0000024ed4f40000

Marking Bits (Prev, Next): (CMBitMap*) 0x0000024ec279bd60, (CMBitMap*) 0x0000024ec279bd20
 Prev Bits: [0x0000024ed7b40000, 0x0000024ed9b40000)
 Next Bits: [0x0000024ed5b40000, 0x0000024ed7b40000)

Polling page: 0x0000024ec1f10000

Metaspace:

Usage:
  Non-class:     69.48 MB used.
      Class:     10.96 MB used.
       Both:     80.44 MB used.

Virtual space:
  Non-class space:       72.00 MB reserved,      69.75 MB ( 97%) committed,  9 nodes.
      Class space:        1.00 GB reserved,      11.25 MB (  1%) committed,  1 nodes.
             Both:        1.07 GB reserved,      81.00 MB (  7%) committed. 

Chunk freelists:
   Non-Class:  2.00 MB
       Class:  608.00 KB
        Both:  2.59 MB

MaxMetaspaceSize: unlimited
CompressedClassSpaceSize: 1.00 GB
Initial GC threshold: 21.00 MB
Current GC threshold: 124.19 MB
CDS: off
MetaspaceReclaimPolicy: balanced
 - commit_granule_bytes: 65536.
 - commit_granule_words: 8192.
 - virtual_space_node_default_size: 1048576.
 - enlarge_chunks_in_place: 1.
 - new_chunks_are_fully_committed: 0.
 - uncommit_free_chunks: 1.
 - use_allocation_guard: 0.
 - handle_deallocations: 1.


Internal statistics:

num_allocs_failed_limit: 6.
num_arena_births: 802.
num_arena_deaths: 0.
num_vsnodes_births: 10.
num_vsnodes_deaths: 0.
num_space_committed: 1296.
num_space_uncommitted: 0.
num_chunks_returned_to_freelist: 6.
num_chunks_taken_from_freelist: 3655.
num_chunk_merges: 6.
num_chunk_splits: 2484.
num_chunks_enlarged: 1751.
num_purges: 0.
num_inconsistent_stats: 0.

CodeHeap 'non-profiled nmethods': size=120000Kb used=4626Kb max_used=4626Kb free=115373Kb
 bounds [0x0000024ecd6e0000, 0x0000024ecdb70000, 0x0000024ed4c10000]
CodeHeap 'profiled nmethods': size=120000Kb used=14041Kb max_used=14041Kb free=105958Kb
 bounds [0x0000024ec5c10000, 0x0000024ec69d0000, 0x0000024ecd140000]
CodeHeap 'non-nmethods': size=5760Kb used=2376Kb max_used=2450Kb free=3383Kb
 bounds [0x0000024ecd140000, 0x0000024ecd3b0000, 0x0000024ecd6e0000]
 total_blobs=8294 nmethods=7384 adapters=822
 compilation: enabled
              stopped_count=0, restarted_count=0
 full_count=0

Compilation events (20 events):
Event: 6.995 Thread 0x0000024edd031410 nmethod 8226 0x0000024ec69c4210 code [0x0000024ec69c43e0, 0x0000024ec69c4888]
Event: 6.995 Thread 0x0000024edd031410 8227       3       org.objectweb.asm.ClassWriter::visitEnd (1 bytes)
Event: 6.995 Thread 0x0000024edd031410 nmethod 8227 0x0000024ec69c4a10 code [0x0000024ec69c4ba0, 0x0000024ec69c4cb8]
Event: 6.995 Thread 0x0000024edd031410 8228       3       org.objectweb.asm.SymbolTable::putBootstrapMethods (56 bytes)
Event: 6.995 Thread 0x0000024edd031410 nmethod 8228 0x0000024ec69c4d90 code [0x0000024ec69c4f80, 0x0000024ec69c5248]
Event: 6.996 Thread 0x0000024edffa2080 nmethod 8208 0x0000024ecdb61590 code [0x0000024ecdb61760, 0x0000024ecdb624a8]
Event: 6.997 Thread 0x0000024edd031410 8229       3       kotlin.jvm.internal.CallableReference::<init> (32 bytes)
Event: 6.997 Thread 0x0000024edd031410 nmethod 8229 0x0000024ec69c5410 code [0x0000024ec69c55c0, 0x0000024ec69c5898]
Event: 7.000 Thread 0x0000024edd031410 8230       3       com.google.common.collect.AbstractMapBasedMultimap$WrappedCollection$WrappedIterator::next (14 bytes)
Event: 7.000 Thread 0x0000024edd031410 nmethod 8230 0x0000024ec69c5990 code [0x0000024ec69c5b60, 0x0000024ec69c5f68]
Event: 7.000 Thread 0x0000024edd031410 8231       3       com.google.common.collect.AbstractMapBasedMultimap$WrappedCollection::size (14 bytes)
Event: 7.000 Thread 0x0000024edd031410 nmethod 8231 0x0000024ec69c6110 code [0x0000024ec69c62c0, 0x0000024ec69c6538]
Event: 7.006 Thread 0x0000024edd3e5000 8232       4       java.beans.Introspector::decapitalize (68 bytes)
Event: 7.007 Thread 0x0000024edffa2080 8233       4       org.gradle.internal.reflect.MethodSet::getValues (13 bytes)
Event: 7.010 Thread 0x0000024edffa2080 nmethod 8233 0x0000024ecdb62b10 code [0x0000024ecdb62ca0, 0x0000024ecdb62f58]
Event: 7.010 Thread 0x0000024edffa2080 8234   !   4       sun.reflect.generics.factory.CoreReflectionFactory::makeNamedType (21 bytes)
Event: 7.012 Thread 0x0000024edffa2080 nmethod 8234 0x0000024ecdb63110 code [0x0000024ecdb632c0, 0x0000024ecdb63578]
Event: 7.012 Thread 0x0000024edffa2080 8236       4       java.lang.AbstractStringBuilder::append (45 bytes)
Event: 7.013 Thread 0x0000024edd3e5000 nmethod 8232 0x0000024ecdb63810 code [0x0000024ecdb63a00, 0x0000024ecdb64428]
Event: 7.013 Thread 0x0000024edd3e5000 8235 %     4       org.gradle.internal.instantiation.generator.AbstractClassGenerator::inspectType @ 77 (560 bytes)

GC Heap History (20 events):
Event: 4.674 GC heap after
{Heap after GC invocations=16 (full 0):
 garbage-first heap   total 91136K, used 52299K [0x0000000080000000, 0x0000000100000000)
  region size 1024K, 4 young (4096K), 4 survivors (4096K)
 Metaspace       used 55819K, committed 56320K, reserved 1097728K
  class space    used 7475K, committed 7680K, reserved 1048576K
}
Event: 4.874 GC heap before
{Heap before GC invocations=16 (full 0):
 garbage-first heap   total 91136K, used 70731K [0x0000000080000000, 0x0000000100000000)
  region size 1024K, 23 young (23552K), 4 survivors (4096K)
 Metaspace       used 59139K, committed 59648K, reserved 1105920K
  class space    used 7864K, committed 8128K, reserved 1048576K
}
Event: 4.876 GC heap after
{Heap after GC invocations=17 (full 0):
 garbage-first heap   total 109568K, used 52995K [0x0000000080000000, 0x0000000100000000)
  region size 1024K, 1 young (1024K), 1 survivors (1024K)
 Metaspace       used 59139K, committed 59648K, reserved 1105920K
  class space    used 7864K, committed 8128K, reserved 1048576K
}
Event: 5.236 GC heap before
{Heap before GC invocations=18 (full 0):
 garbage-first heap   total 109568K, used 79619K [0x0000000080000000, 0x0000000100000000)
  region size 1024K, 28 young (28672K), 1 survivors (1024K)
 Metaspace       used 63988K, committed 64576K, reserved 1105920K
  class space    used 8510K, committed 8768K, reserved 1048576K
}
Event: 5.239 GC heap after
{Heap after GC invocations=19 (full 0):
 garbage-first heap   total 109568K, used 55360K [0x0000000080000000, 0x0000000100000000)
  region size 1024K, 4 young (4096K), 4 survivors (4096K)
 Metaspace       used 63988K, committed 64576K, reserved 1105920K
  class space    used 8510K, committed 8768K, reserved 1048576K
}
Event: 5.435 GC heap before
{Heap before GC invocations=20 (full 0):
 garbage-first heap   total 124928K, used 89152K [0x0000000080000000, 0x0000000100000000)
  region size 1024K, 31 young (31744K), 4 survivors (4096K)
 Metaspace       used 65737K, committed 66240K, reserved 1114112K
  class space    used 8742K, committed 8960K, reserved 1048576K
}
Event: 5.438 GC heap after
{Heap after GC invocations=21 (full 0):
 garbage-first heap   total 124928K, used 58062K [0x0000000080000000, 0x0000000100000000)
  region size 1024K, 4 young (4096K), 4 survivors (4096K)
 Metaspace       used 65737K, committed 66240K, reserved 1114112K
  class space    used 8742K, committed 8960K, reserved 1048576K
}
Event: 5.706 GC heap before
{Heap before GC invocations=21 (full 0):
 garbage-first heap   total 124928K, used 90830K [0x0000000080000000, 0x0000000100000000)
  region size 1024K, 36 young (36864K), 4 survivors (4096K)
 Metaspace       used 68795K, committed 69376K, reserved 1114112K
  class space    used 9148K, committed 9408K, reserved 1048576K
}
Event: 5.710 GC heap after
{Heap after GC invocations=22 (full 0):
 garbage-first heap   total 124928K, used 60736K [0x0000000080000000, 0x0000000100000000)
  region size 1024K, 3 young (3072K), 3 survivors (3072K)
 Metaspace       used 68795K, committed 69376K, reserved 1114112K
  class space    used 9148K, committed 9408K, reserved 1048576K
}
Event: 6.029 GC heap before
{Heap before GC invocations=23 (full 0):
 garbage-first heap   total 124928K, used 93504K [0x0000000080000000, 0x0000000100000000)
  region size 1024K, 35 young (35840K), 3 survivors (3072K)
 Metaspace       used 72888K, committed 73408K, reserved 1114112K
  class space    used 9719K, committed 9984K, reserved 1048576K
}
Event: 6.031 GC heap after
{Heap after GC invocations=24 (full 0):
 garbage-first heap   total 124928K, used 62772K [0x0000000080000000, 0x0000000100000000)
  region size 1024K, 5 young (5120K), 5 survivors (5120K)
 Metaspace       used 72888K, committed 73408K, reserved 1114112K
  class space    used 9719K, committed 9984K, reserved 1048576K
}
Event: 6.040 GC heap before
{Heap before GC invocations=24 (full 0):
 garbage-first heap   total 124928K, used 63796K [0x0000000080000000, 0x0000000100000000)
  region size 1024K, 6 young (6144K), 5 survivors (5120K)
 Metaspace       used 73023K, committed 73600K, reserved 1114112K
  class space    used 9742K, committed 9984K, reserved 1048576K
}
Event: 6.042 GC heap after
{Heap after GC invocations=25 (full 0):
 garbage-first heap   total 124928K, used 63393K [0x0000000080000000, 0x0000000100000000)
  region size 1024K, 1 young (1024K), 1 survivors (1024K)
 Metaspace       used 73023K, committed 73600K, reserved 1114112K
  class space    used 9742K, committed 9984K, reserved 1048576K
}
Event: 6.328 GC heap before
{Heap before GC invocations=25 (full 0):
 garbage-first heap   total 124928K, used 95137K [0x0000000080000000, 0x0000000100000000)
  region size 1024K, 33 young (33792K), 1 survivors (1024K)
 Metaspace       used 75700K, committed 76288K, reserved 1122304K
  class space    used 10101K, committed 10368K, reserved 1048576K
}
Event: 6.331 GC heap after
{Heap after GC invocations=26 (full 0):
 garbage-first heap   total 124928K, used 65735K [0x0000000080000000, 0x0000000100000000)
  region size 1024K, 4 young (4096K), 4 survivors (4096K)
 Metaspace       used 75700K, committed 76288K, reserved 1122304K
  class space    used 10101K, committed 10368K, reserved 1048576K
}
Event: 6.645 GC heap before
{Heap before GC invocations=27 (full 0):
 garbage-first heap   total 124928K, used 97479K [0x0000000080000000, 0x0000000100000000)
  region size 1024K, 35 young (35840K), 4 survivors (4096K)
 Metaspace       used 78164K, committed 78784K, reserved 1122304K
  class space    used 10440K, committed 10752K, reserved 1048576K
}
Event: 6.649 GC heap after
{Heap after GC invocations=28 (full 0):
 garbage-first heap   total 124928K, used 68209K [0x0000000080000000, 0x0000000100000000)
  region size 1024K, 3 young (3072K), 3 survivors (3072K)
 Metaspace       used 78164K, committed 78784K, reserved 1122304K
  class space    used 10440K, committed 10752K, reserved 1048576K
}
Event: 6.679 GC heap before
{Heap before GC invocations=28 (full 0):
 garbage-first heap   total 124928K, used 71281K [0x0000000080000000, 0x0000000100000000)
  region size 1024K, 6 young (6144K), 3 survivors (3072K)
 Metaspace       used 78533K, committed 79168K, reserved 1122304K
  class space    used 10505K, committed 10816K, reserved 1048576K
}
Event: 6.682 GC heap after
{Heap after GC invocations=29 (full 0):
 garbage-first heap   total 124928K, used 67149K [0x0000000080000000, 0x0000000100000000)
  region size 1024K, 1 young (1024K), 1 survivors (1024K)
 Metaspace       used 78533K, committed 79168K, reserved 1122304K
  class space    used 10505K, committed 10816K, reserved 1048576K
}
Event: 7.014 GC heap before
{Heap before GC invocations=29 (full 0):
 garbage-first heap   total 124928K, used 98893K [0x0000000080000000, 0x0000000100000000)
  region size 1024K, 32 young (32768K), 1 survivors (1024K)
 Metaspace       used 82373K, committed 82944K, reserved 1122304K
  class space    used 11223K, committed 11520K, reserved 1048576K
}

Dll operation events (2 events):
Event: 0.006 Loaded shared library C:\Program Files\Android\Android Studio\jbr\bin\java.dll
Event: 0.306 Loaded shared library C:\Program Files\Android\Android Studio\jbr\bin\verify.dll

Deoptimization events (20 events):
Event: 6.931 Thread 0x0000024eddd0aa30 Uncommon trap: trap_request=0xffffffde fr.pc=0x0000024ecd88e760 relative=0x0000000000004600
Event: 6.931 Thread 0x0000024eddd0aa30 Uncommon trap: reason=class_check action=maybe_recompile pc=0x0000024ecd88e760 method=java.lang.reflect.Executable.getAnnotation(Ljava/lang/Class;)Ljava/lang/annotation/Annotation; @ 19 c2
Event: 6.931 Thread 0x0000024eddd0aa30 DEOPT PACKING pc=0x0000024ecd88e760 sp=0x000000bf541f8770
Event: 6.931 Thread 0x0000024eddd0aa30 DEOPT UNPACKING pc=0x0000024ecd1969a3 sp=0x000000bf541f8788 mode 2
Event: 6.931 Thread 0x0000024eddd0aa30 Uncommon trap: trap_request=0xffffffde fr.pc=0x0000024ecd7b678c relative=0x00000000000001cc
Event: 6.931 Thread 0x0000024eddd0aa30 Uncommon trap: reason=class_check action=maybe_recompile pc=0x0000024ecd7b678c method=org.gradle.internal.instantiation.generator.AbstractClassGenerator$InjectionAnnotationValidator.validateMethod(Ljava/lang/reflect/Method;Lorg/gradle/internal/reflect/Pro
Event: 6.931 Thread 0x0000024eddd0aa30 DEOPT PACKING pc=0x0000024ecd7b678c sp=0x000000bf541f8890
Event: 6.931 Thread 0x0000024eddd0aa30 DEOPT UNPACKING pc=0x0000024ecd1969a3 sp=0x000000bf541f8808 mode 2
Event: 6.933 Thread 0x0000024eddd0aa30 Uncommon trap: trap_request=0xffffffde fr.pc=0x0000024ecd88e760 relative=0x0000000000004600
Event: 6.933 Thread 0x0000024eddd0aa30 Uncommon trap: reason=class_check action=maybe_recompile pc=0x0000024ecd88e760 method=java.lang.reflect.Executable.getAnnotation(Ljava/lang/Class;)Ljava/lang/annotation/Annotation; @ 19 c2
Event: 6.933 Thread 0x0000024eddd0aa30 DEOPT PACKING pc=0x0000024ecd88e760 sp=0x000000bf541f8770
Event: 6.933 Thread 0x0000024eddd0aa30 DEOPT UNPACKING pc=0x0000024ecd1969a3 sp=0x000000bf541f8788 mode 2
Event: 6.933 Thread 0x0000024eddd0aa30 Uncommon trap: trap_request=0xffffffde fr.pc=0x0000024ecd7b678c relative=0x00000000000001cc
Event: 6.933 Thread 0x0000024eddd0aa30 Uncommon trap: reason=class_check action=maybe_recompile pc=0x0000024ecd7b678c method=org.gradle.internal.instantiation.generator.AbstractClassGenerator$InjectionAnnotationValidator.validateMethod(Ljava/lang/reflect/Method;Lorg/gradle/internal/reflect/Pro
Event: 6.933 Thread 0x0000024eddd0aa30 DEOPT PACKING pc=0x0000024ecd7b678c sp=0x000000bf541f8890
Event: 6.933 Thread 0x0000024eddd0aa30 DEOPT UNPACKING pc=0x0000024ecd1969a3 sp=0x000000bf541f8808 mode 2
Event: 6.936 Thread 0x0000024eddd0aa30 Uncommon trap: trap_request=0xffffffde fr.pc=0x0000024ecd7b678c relative=0x00000000000001cc
Event: 6.936 Thread 0x0000024eddd0aa30 Uncommon trap: reason=class_check action=maybe_recompile pc=0x0000024ecd7b678c method=org.gradle.internal.instantiation.generator.AbstractClassGenerator$InjectionAnnotationValidator.validateMethod(Ljava/lang/reflect/Method;Lorg/gradle/internal/reflect/Pro
Event: 6.936 Thread 0x0000024eddd0aa30 DEOPT PACKING pc=0x0000024ecd7b678c sp=0x000000bf541f8a20
Event: 6.936 Thread 0x0000024eddd0aa30 DEOPT UNPACKING pc=0x0000024ecd1969a3 sp=0x000000bf541f8998 mode 2

Classes unloaded (0 events):
No events

Classes redefined (0 events):
No events

Internal exceptions (20 events):
Event: 5.730 Thread 0x0000024eddd0aa30 Exception <a 'java/lang/NoSuchMethodError'{0x0000000087883ec8}: static Lorg/jetbrains/kotlin/gradle/plugin/internal/MavenPluginConfigurator$DefaultMavenPluginConfiguratorVariantFactory;.<clinit>()V> (0x0000000087883ec8) 
thrown [s\src\hotspot\share\prims\jni.cpp, line 1108]
Event: 5.732 Thread 0x0000024eddd0aa30 Exception <a 'java/lang/NoSuchMethodError'{0x000000008789cf28}: static Lorg/jetbrains/kotlin/gradle/plugin/internal/DefaultJavaSourceSetsAccessorVariantFactory;.<clinit>()V> (0x000000008789cf28) 
thrown [s\src\hotspot\share\prims\jni.cpp, line 1108]
Event: 5.733 Thread 0x0000024eddd0aa30 Exception <a 'java/lang/NoSuchMethodError'{0x00000000878b5820}: static Lorg/jetbrains/kotlin/gradle/targets/js/nodejs/DefaultUnameExecutorVariantFactory;.<clinit>()V> (0x00000000878b5820) 
thrown [s\src\hotspot\share\prims\jni.cpp, line 1108]
Event: 5.734 Thread 0x0000024eddd0aa30 Exception <a 'java/lang/NoSuchMethodError'{0x00000000878ce8c0}: static Lorg/jetbrains/kotlin/gradle/plugin/internal/DefaultBasePluginConfigurationVariantFactory;.<clinit>()V> (0x00000000878ce8c0) 
thrown [s\src\hotspot\share\prims\jni.cpp, line 1108]
Event: 5.735 Thread 0x0000024eddd0aa30 Exception <a 'java/lang/NoSuchMethodError'{0x00000000878e7258}: static Lorg/jetbrains/kotlin/gradle/plugin/internal/DefaultIdeaSyncDetectorVariantFactory;.<clinit>()V> (0x00000000878e7258) 
thrown [s\src\hotspot\share\prims\jni.cpp, line 1108]
Event: 5.736 Thread 0x0000024eddd0aa30 Exception <a 'java/lang/NoSuchMethodError'{0x0000000087700d70}: static Lorg/jetbrains/kotlin/gradle/plugin/internal/DefaultKotlinTestReportCompatibilityHelperVariantFactory;.<clinit>()V> (0x0000000087700d70) 
thrown [s\src\hotspot\share\prims\jni.cpp, line 1108]
Event: 5.737 Thread 0x0000024eddd0aa30 Exception <a 'java/lang/NoSuchMethodError'{0x0000000087704258}: 'void java.lang.invoke.DirectMethodHandle$Holder.invokeSpecial(java.lang.Object, java.lang.Object, java.lang.Object, int)'> (0x0000000087704258) 
thrown [s\src\hotspot\share\interpreter\linkResolver.cpp, line 771]
Event: 6.206 Thread 0x0000024eddd0aa30 Exception <a 'java/lang/ClassNotFoundException'{0x0000000086684560}: org/jetbrains/kotlin/gradle/targets/js/npm/DefaultNpmDependencyExtensionBeanInfo> (0x0000000086684560) 
thrown [s\src\hotspot\share\classfile\systemDictionary.cpp, line 256]
Event: 6.207 Thread 0x0000024eddd0aa30 Exception <a 'java/lang/ClassNotFoundException'{0x0000000086690cb0}: org/jetbrains/kotlin/gradle/targets/js/npm/DefaultNpmDependencyExtensionCustomizer> (0x0000000086690cb0) 
thrown [s\src\hotspot\share\classfile\systemDictionary.cpp, line 256]
Event: 6.212 Thread 0x0000024eddd0aa30 Exception <a 'java/lang/ClassNotFoundException'{0x00000000866fa0e8}: org/jetbrains/kotlin/gradle/targets/js/npm/NpmDependencyExtensionKt$defaultNpmDependencyDelegate$1BeanInfo> (0x00000000866fa0e8) 
thrown [s\src\hotspot\share\classfile\systemDictionary.cpp, line 256]
Event: 6.212 Thread 0x0000024eddd0aa30 Exception <a 'java/lang/ClassNotFoundException'{0x0000000086506d60}: org/jetbrains/kotlin/gradle/targets/js/npm/NpmDependencyExtensionDelegateBeanInfo> (0x0000000086506d60) 
thrown [s\src\hotspot\share\classfile\systemDictionary.cpp, line 256]
Event: 6.212 Thread 0x0000024eddd0aa30 Exception <a 'java/lang/ClassNotFoundException'{0x00000000865134c0}: org/jetbrains/kotlin/gradle/targets/js/npm/NpmDependencyExtensionDelegateCustomizer> (0x00000000865134c0) 
thrown [s\src\hotspot\share\classfile\systemDictionary.cpp, line 256]
Event: 6.213 Thread 0x0000024eddd0aa30 Exception <a 'java/lang/ClassNotFoundException'{0x0000000086534d30}: org/jetbrains/kotlin/gradle/targets/js/npm/NpmDependencyExtensionKt$defaultNpmDependencyDelegate$1Customizer> (0x0000000086534d30) 
thrown [s\src\hotspot\share\classfile\systemDictionary.cpp, line 256]
Event: 6.215 Thread 0x0000024eddd0aa30 Exception <a 'java/lang/ClassNotFoundException'{0x000000008656bac0}: org/jetbrains/kotlin/gradle/targets/js/npm/DefaultDevNpmDependencyExtensionBeanInfo> (0x000000008656bac0) 
thrown [s\src\hotspot\share\classfile\systemDictionary.cpp, line 256]
Event: 6.216 Thread 0x0000024eddd0aa30 Exception <a 'java/lang/ClassNotFoundException'{0x0000000086578228}: org/jetbrains/kotlin/gradle/targets/js/npm/DefaultDevNpmDependencyExtensionCustomizer> (0x0000000086578228) 
thrown [s\src\hotspot\share\classfile\systemDictionary.cpp, line 256]
Event: 6.218 Thread 0x0000024eddd0aa30 Exception <a 'java/lang/ClassNotFoundException'{0x00000000865b1d00}: org/jetbrains/kotlin/gradle/targets/js/npm/DefaultPeerNpmDependencyExtensionBeanInfo> (0x00000000865b1d00) 
thrown [s\src\hotspot\share\classfile\systemDictionary.cpp, line 256]
Event: 6.218 Thread 0x0000024eddd0aa30 Exception <a 'java/lang/ClassNotFoundException'{0x00000000865be4b8}: org/jetbrains/kotlin/gradle/targets/js/npm/DefaultPeerNpmDependencyExtensionCustomizer> (0x00000000865be4b8) 
thrown [s\src\hotspot\share\classfile\systemDictionary.cpp, line 256]
Event: 6.220 Thread 0x0000024eddd0aa30 Exception <a 'java/lang/ClassNotFoundException'{0x00000000865ff4e0}: org/jetbrains/kotlin/gradle/targets/js/npm/DefaultPeerNpmDependencyExtension$delegate$1BeanInfo> (0x00000000865ff4e0) 
thrown [s\src\hotspot\share\classfile\systemDictionary.cpp, line 256]
Event: 6.220 Thread 0x0000024eddd0aa30 Exception <a 'java/lang/ClassNotFoundException'{0x000000008640c498}: org/jetbrains/kotlin/gradle/targets/js/npm/DefaultPeerNpmDependencyExtension$delegate$1Customizer> (0x000000008640c498) 
thrown [s\src\hotspot\share\classfile\systemDictionary.cpp, line 256]
Event: 6.904 Thread 0x0000024eddd0aa30 Exception <a 'java/lang/NoSuchMethodError'{0x000000008665ba60}: 'int java.lang.invoke.DirectMethodHandle$Holder.invokeSpecialIFC(java.lang.Object, java.lang.Object, java.lang.Object, java.lang.Object, java.lang.Object)'> (0x000000008665ba60) 
thrown [s\src\hotspot\share\interpreter\linkResolver.cpp, line 771]

VM Operations (20 events):
Event: 6.031 Executing VM operation: G1CollectForAllocation done
Event: 6.040 Executing VM operation: G1CollectForAllocation
Event: 6.042 Executing VM operation: G1CollectForAllocation done
Event: 6.293 Executing VM operation: ICBufferFull
Event: 6.293 Executing VM operation: ICBufferFull done
Event: 6.328 Executing VM operation: G1CollectForAllocation
Event: 6.331 Executing VM operation: G1CollectForAllocation done
Event: 6.371 Executing VM operation: G1Concurrent
Event: 6.373 Executing VM operation: G1Concurrent done
Event: 6.393 Executing VM operation: G1Concurrent
Event: 6.393 Executing VM operation: G1Concurrent done
Event: 6.456 Executing VM operation: HandshakeAllThreads
Event: 6.457 Executing VM operation: HandshakeAllThreads done
Event: 6.645 Executing VM operation: G1CollectForAllocation
Event: 6.649 Executing VM operation: G1CollectForAllocation done
Event: 6.679 Executing VM operation: G1CollectForAllocation
Event: 6.682 Executing VM operation: G1CollectForAllocation done
Event: 6.717 Executing VM operation: HandshakeAllThreads
Event: 6.717 Executing VM operation: HandshakeAllThreads done
Event: 7.014 Executing VM operation: G1CollectForAllocation

Events (20 events):
Event: 5.740 loading class java/io/ObjectInputStream$FieldValues
Event: 5.740 loading class java/io/ObjectInputStream$GetField
Event: 5.740 loading class java/io/ObjectInputStream$GetField done
Event: 5.740 loading class java/io/ObjectInputStream$FieldValues done
Event: 5.756 loading class java/nio/channels/Channels$1
Event: 5.756 loading class java/nio/channels/Channels$1 done
Event: 5.758 Thread 0x0000024ee46485e0 Thread added: 0x0000024ee46485e0
Event: 6.037 loading class java/util/ArrayList$SubList$1
Event: 6.037 loading class java/util/ArrayList$SubList$1 done
Event: 6.403 loading class jdk/internal/loader/URLClassPath$FileLoader
Event: 6.403 loading class jdk/internal/loader/URLClassPath$FileLoader done
Event: 6.404 loading class jdk/internal/loader/URLClassPath$FileLoader$1
Event: 6.404 loading class jdk/internal/loader/URLClassPath$FileLoader$1 done
Event: 6.593 loading class sun/reflect/generics/repository/FieldRepository
Event: 6.593 loading class sun/reflect/generics/repository/FieldRepository done
Event: 6.598 loading class jdk/internal/vm/annotation/ForceInline
Event: 6.598 loading class jdk/internal/vm/annotation/ForceInline done
Event: 6.635 loading class java/util/regex/Pattern$Caret
Event: 6.635 loading class java/util/regex/Pattern$Caret done
Event: 6.723 Thread 0x0000024edd032a50 flushing nmethod 0x0000024ec621e990


Dynamic libraries:
0x00007ff732ac0000 - 0x00007ff732aca000 	C:\Program Files\Android\Android Studio\jbr\bin\java.exe
0x00007ffe0a4b0000 - 0x00007ffe0a6a7000 	C:\windows\SYSTEM32\ntdll.dll
0x00007ffe090d0000 - 0x00007ffe0918d000 	C:\windows\System32\KERNEL32.DLL
0x00007ffe08090000 - 0x00007ffe08386000 	C:\windows\System32\KERNELBASE.dll
0x00007ffe07d00000 - 0x00007ffe07e00000 	C:\windows\System32\ucrtbase.dll
0x00007ffdfe4b0000 - 0x00007ffdfe4cb000 	C:\Program Files\Android\Android Studio\jbr\bin\VCRUNTIME140.dll
0x00007ffd957b0000 - 0x00007ffd957c7000 	C:\Program Files\Android\Android Studio\jbr\bin\jli.dll
0x00007ffe08f30000 - 0x00007ffe090ce000 	C:\windows\System32\USER32.dll
0x00007ffe08390000 - 0x00007ffe083b2000 	C:\windows\System32\win32u.dll
0x00007ffe09c80000 - 0x00007ffe09cac000 	C:\windows\System32\GDI32.dll
0x00007ffdf0f20000 - 0x00007ffdf11ba000 	C:\windows\WinSxS\amd64_microsoft.windows.common-controls_6595b64144ccf1df_6.0.19041.3570_none_60bb2a3971f3e41a\COMCTL32.dll
0x00007ffe07be0000 - 0x00007ffe07cfa000 	C:\windows\System32\gdi32full.dll
0x00007ffe08930000 - 0x00007ffe089ce000 	C:\windows\System32\msvcrt.dll
0x00007ffe083c0000 - 0x00007ffe0845d000 	C:\windows\System32\msvcp_win.dll
0x00007ffe08ae0000 - 0x00007ffe08b10000 	C:\windows\System32\IMM32.DLL
0x00007ffdf0be0000 - 0x00007ffdf0bec000 	C:\Program Files\Android\Android Studio\jbr\bin\vcruntime140_1.dll
0x00007ffdc4e30000 - 0x00007ffdc4ebd000 	C:\Program Files\Android\Android Studio\jbr\bin\msvcp140.dll
0x00007ffd5e5d0000 - 0x00007ffd5f23e000 	C:\Program Files\Android\Android Studio\jbr\bin\server\jvm.dll
0x00007ffe08c30000 - 0x00007ffe08cde000 	C:\windows\System32\ADVAPI32.dll
0x00007ffe08b70000 - 0x00007ffe08c0c000 	C:\windows\System32\sechost.dll
0x00007ffe08520000 - 0x00007ffe08646000 	C:\windows\System32\RPCRT4.dll
0x00007ffda3ed0000 - 0x00007ffda3ed9000 	C:\windows\SYSTEM32\WSOCK32.dll
0x00007ffe0a400000 - 0x00007ffe0a46b000 	C:\windows\System32\WS2_32.dll
0x00007ffdedfd0000 - 0x00007ffdedff7000 	C:\windows\SYSTEM32\WINMM.dll
0x00007ffdff440000 - 0x00007ffdff44a000 	C:\windows\SYSTEM32\VERSION.dll
0x00007ffe063c0000 - 0x00007ffe063d2000 	C:\windows\SYSTEM32\kernel.appcore.dll
0x00007ffd76e50000 - 0x00007ffd76e5a000 	C:\Program Files\Android\Android Studio\jbr\bin\jimage.dll
0x00007ffe060e0000 - 0x00007ffe062c4000 	C:\windows\SYSTEM32\DBGHELP.DLL
0x00007ffdea0c0000 - 0x00007ffdea0f4000 	C:\windows\SYSTEM32\dbgcore.DLL
0x00007ffe07e00000 - 0x00007ffe07e82000 	C:\windows\System32\bcryptPrimitives.dll
0x00007ffd76370000 - 0x00007ffd76395000 	C:\Program Files\Android\Android Studio\jbr\bin\java.dll
0x00007ffd76e30000 - 0x00007ffd76e48000 	C:\Program Files\Android\Android Studio\jbr\bin\zip.dll
0x00007ffe09cb0000 - 0x00007ffe0a3f4000 	C:\windows\System32\SHELL32.dll
0x00007ffe05870000 - 0x00007ffe0600b000 	C:\windows\SYSTEM32\windows.storage.dll
0x00007ffe09710000 - 0x00007ffe09a64000 	C:\windows\System32\combase.dll
0x00007ffe075d0000 - 0x00007ffe075fd000 	C:\windows\SYSTEM32\Wldp.dll
0x00007ffe09190000 - 0x00007ffe0923d000 	C:\windows\System32\SHCORE.dll
0x00007ffe08b10000 - 0x00007ffe08b65000 	C:\windows\System32\shlwapi.dll
0x00007ffe07ac0000 - 0x00007ffe07ae5000 	C:\windows\SYSTEM32\profapi.dll
0x00007ffd76350000 - 0x00007ffd76369000 	C:\Program Files\Android\Android Studio\jbr\bin\net.dll
0x00007ffdfd2b0000 - 0x00007ffdfd3ba000 	C:\windows\SYSTEM32\WINHTTP.dll
0x00007ffe07330000 - 0x00007ffe0739a000 	C:\windows\system32\mswsock.dll
0x00007ffd762f0000 - 0x00007ffd76306000 	C:\Program Files\Android\Android Studio\jbr\bin\nio.dll
0x00007ffda4740000 - 0x00007ffda4750000 	C:\Program Files\Android\Android Studio\jbr\bin\verify.dll
0x00007ffdc3b70000 - 0x00007ffdc3b97000 	C:\Users\jasse\.gradle\native\68d5fa5c4cc2d200863cafc0d521ce42e7d3e7ee720ec0a83991735586a16f82\windows-amd64\native-platform.dll
0x00007ffdb57f0000 - 0x00007ffdb5934000 	C:\Users\jasse\.gradle\native\e376f236ea51e6404a007f0833ffe2c6e607c4080706a723a18a27aeea778392\windows-amd64\native-platform-file-events.dll
0x00007ffda4730000 - 0x00007ffda4739000 	C:\Program Files\Android\Android Studio\jbr\bin\management.dll
0x00007ffda4720000 - 0x00007ffda472b000 	C:\Program Files\Android\Android Studio\jbr\bin\management_ext.dll
0x00007ffe09c10000 - 0x00007ffe09c18000 	C:\windows\System32\PSAPI.DLL
0x00007ffe07530000 - 0x00007ffe07548000 	C:\windows\SYSTEM32\CRYPTSP.dll
0x00007ffe06bd0000 - 0x00007ffe06c04000 	C:\windows\system32\rsaenh.dll
0x00007ffe08060000 - 0x00007ffe08087000 	C:\windows\System32\bcrypt.dll
0x00007ffe07a40000 - 0x00007ffe07a6e000 	C:\windows\SYSTEM32\USERENV.dll
0x00007ffe07520000 - 0x00007ffe0752c000 	C:\windows\SYSTEM32\CRYPTBASE.dll
0x00007ffe06fd0000 - 0x00007ffe0700b000 	C:\windows\SYSTEM32\IPHLPAPI.DLL
0x00007ffe08ce0000 - 0x00007ffe08ce8000 	C:\windows\System32\NSI.dll
0x00007ffdfed60000 - 0x00007ffdfed77000 	C:\windows\SYSTEM32\dhcpcsvc6.DLL
0x00007ffdfed40000 - 0x00007ffdfed5d000 	C:\windows\SYSTEM32\dhcpcsvc.DLL
0x00007ffe07020000 - 0x00007ffe070ea000 	C:\windows\SYSTEM32\DNSAPI.dll
0x00007ffda4710000 - 0x00007ffda4717000 	C:\windows\system32\wshunix.dll

dbghelp: loaded successfully - version: 4.0.5 - missing functions: none
symbol engine: initialized successfully - sym options: 0x614 - pdb path: .;C:\Program Files\Android\Android Studio\jbr\bin;C:\windows\SYSTEM32;C:\windows\WinSxS\amd64_microsoft.windows.common-controls_6595b64144ccf1df_6.0.19041.3570_none_60bb2a3971f3e41a;C:\Program Files\Android\Android Studio\jbr\bin\server;C:\Users\jasse\.gradle\native\68d5fa5c4cc2d200863cafc0d521ce42e7d3e7ee720ec0a83991735586a16f82\windows-amd64;C:\Users\jasse\.gradle\native\e376f236ea51e6404a007f0833ffe2c6e607c4080706a723a18a27aeea778392\windows-amd64

VM Arguments:
jvm_args: --add-opens=java.base/java.util=ALL-UNNAMED --add-opens=java.base/java.lang=ALL-UNNAMED --add-opens=java.base/java.lang.invoke=ALL-UNNAMED --add-opens=java.prefs/java.util.prefs=ALL-UNNAMED --add-opens=java.base/java.nio.charset=ALL-UNNAMED --add-opens=java.base/java.net=ALL-UNNAMED --add-opens=java.base/java.util.concurrent.atomic=ALL-UNNAMED -Xmx2048m -Dfile.encoding=UTF-8 -Duser.country=FR -Duser.language=fr -Duser.variant 
java_command: org.gradle.launcher.daemon.bootstrap.GradleDaemon 8.0
java_class_path (initial): C:\Users\jasse\.gradle\wrapper\dists\gradle-8.0-bin\ca5e32bp14vu59qr306oxotwh\gradle-8.0\lib\gradle-launcher-8.0.jar
Launcher Type: SUN_STANDARD

[Global flags]
     intx CICompilerCount                          = 4                                         {product} {ergonomic}
     uint ConcGCThreads                            = 2                                         {product} {ergonomic}
     uint G1ConcRefinementThreads                  = 8                                         {product} {ergonomic}
   size_t G1HeapRegionSize                         = 1048576                                   {product} {ergonomic}
    uintx GCDrainStackTargetSize                   = 64                                        {product} {ergonomic}
   size_t InitialHeapSize                          = 132120576                                 {product} {ergonomic}
   size_t MarkStackSize                            = 4194304                                   {product} {ergonomic}
   size_t MaxHeapSize                              = 2147483648                                {product} {command line}
   size_t MaxNewSize                               = 1287651328                                {product} {ergonomic}
   size_t MinHeapDeltaBytes                        = 1048576                                   {product} {ergonomic}
   size_t MinHeapSize                              = 8388608                                   {product} {ergonomic}
    uintx NonNMethodCodeHeapSize                   = 5839372                                {pd product} {ergonomic}
    uintx NonProfiledCodeHeapSize                  = 122909434                              {pd product} {ergonomic}
    uintx ProfiledCodeHeapSize                     = 122909434                              {pd product} {ergonomic}
    uintx ReservedCodeCacheSize                    = 251658240                              {pd product} {ergonomic}
     bool SegmentedCodeCache                       = true                                      {product} {ergonomic}
   size_t SoftMaxHeapSize                          = 2147483648                             {manageable} {ergonomic}
     bool UseCompressedClassPointers               = true                           {product lp64_product} {ergonomic}
     bool UseCompressedOops                        = true                           {product lp64_product} {ergonomic}
     bool UseG1GC                                  = true                                      {product} {ergonomic}
     bool UseLargePagesIndividualAllocation        = false                                  {pd product} {ergonomic}

Logging:
Log output configuration:
 #0: stdout all=warning uptime,level,tags
 #1: stderr all=off uptime,level,tags

Environment Variables:
JAVA_HOME=C:\Program Files\Java\jdk-13.0.2
PATH=C:\Users\jasse\Downloads\php-8.1.17-nts-Win32-vs16-x64;C:\Program Files\Java;C:\Program Files\Java\jdk1.8.0_301;C:\oraclexe\app\oracle\product\11.2.0\server\bin;C:\oraclexe\app\oracle\product\11.2.0\server\bin;C:\oraclexe\app\oracle\product\11.2.0\server\bin;C:\windows\system32;C:\windows;C:\windows\System32\Wbem;C:\windows\System32\WindowsPowerShell\v1.0\;C:\windows\System32\OpenSSH\;C:\Program Files (x86)\NVIDIA Corporation\PhysX\Common;C:\Program Files\NVIDIA Corporation\NVIDIA NvDLISR;C:\instantclient12-2;C:\oraclexe\app\oracle\admin\XE;C:\oraclexe;C:\Program Files\TortoiseGit\bin;C:\xampp\php\Symfony;C:\Program Files\nodejs\;C:\Users\jasse\AppData\Local\Microsoft\WindowsApps;C:\Program Files\CodeBlocks\MinGW\bin;C:\Program Files\CodeBlocks\MinGW\bin;C:\Program Files (x86)\D-Bus\bin;C:\Users\jasse\AppData\Local\Programs\Microsoft VS Code\bin;C:\Users\jasse\Desktop\php;C:\Users\jasse\AppData\Local\GitHubDesktop\bin;C:\Users\jasse\AppData\Local\ComposerSetup\bin;C:\Users\jasse\AppData\Roaming\Composer\vendor\bin;C:\Users\jasse\AppData\Roaming\npm
USERNAME=jasse
OS=Windows_NT
PROCESSOR_IDENTIFIER=Intel64 Family 6 Model 165 Stepping 2, GenuineIntel
TMP=C:\Users\jasse\AppData\Local\Temp
TEMP=C:\Users\jasse\AppData\Local\Temp


JNI global refs:
JNI global refs: 27, weak refs: 0

JNI global refs memory usage: 843, weak refs: 841


---------------  S Y S T E M  ---------------

OS:
 Windows 10 , 64 bit Build 19041 (10.0.19041.3570)
OS uptime: 0 days 0:15 hours

CPU: total 8 (initial active 8) (4 cores per cpu, 2 threads per core) family 6 model 165 stepping 2 microcode 0xf0, cx8, cmov, fxsr, ht, mmx, 3dnowpref, sse, sse2, sse3, ssse3, sse4.1, sse4.2, popcnt, lzcnt, tsc, tscinvbit, avx, avx2, aes, erms, clmul, bmi1, bmi2, adx, fma, vzeroupper, clflush, clflushopt

Memory: 4k page, system-wide physical 7993M (466M free)
TotalPageFile size 10993M (AvailPageFile size 117M)
current process WorkingSet (physical memory assigned to process): 357M, peak: 364M
current process commit charge ("private bytes"): 397M, peak: 515M

vm_info: OpenJDK 64-Bit Server VM (17.0.6+0-b2043.56-10027231) for windows-amd64 JRE (17.0.6+0-b2043.56-10027231), built on Apr 28 2023 00:43:19 by "androidbuild" with MS VC++ 16.10 / 16.11 (VS2019)

END.
