#
# There is insufficient memory for the Java Runtime Environment to continue.
# Native memory allocation (malloc) failed to allocate 2257936 bytes for Chunk::new
# Possible reasons:
#   The system is out of physical RAM or swap space
#   The process is running with CompressedOops enabled, and the Java Heap may be blocking the growth of the native heap
# Possible solutions:
#   Reduce memory load on the system
#   Increase physical memory or swap space
#   Check if swap backing store is full
#   Decrease Java heap size (-Xmx/-Xms)
#   Decrease number of Java threads
#   Decrease Java thread stack sizes (-Xss)
#   Set larger code cache with -XX:ReservedCodeCacheSize=
#   JVM is running with Unscaled Compressed Oops mode in which the Java heap is
#     placed in the first 4GB address space. The Java Heap base address is the
#     maximum limit for the native heap growth. Please use -XX:HeapBaseMinAddress
#     to set the Java Heap base and to place the Java Heap above 4GB virtual address.
# This output file may be truncated or incomplete.
#
#  Out of Memory Error (arena.cpp:189), pid=10028, tid=17964
#
# JRE version: OpenJDK Runtime Environment (17.0.6) (build 17.0.6+0-b2043.56-10027231)
# Java VM: OpenJDK 64-Bit Server VM (17.0.6+0-b2043.56-10027231, mixed mode, tiered, compressed oops, compressed class ptrs, g1 gc, windows-amd64)
# No core dump will be written. Minidumps are not enabled by default on client versions of Windows
#

---------------  S U M M A R Y ------------

Command Line: --add-opens=java.base/java.util=ALL-UNNAMED --add-opens=java.base/java.lang=ALL-UNNAMED --add-opens=java.base/java.lang.invoke=ALL-UNNAMED --add-opens=java.prefs/java.util.prefs=ALL-UNNAMED --add-opens=java.base/java.nio.charset=ALL-UNNAMED --add-opens=java.base/java.net=ALL-UNNAMED --add-opens=java.base/java.util.concurrent.atomic=ALL-UNNAMED -Xmx2048m -Dfile.encoding=UTF-8 -Duser.country=FR -Duser.language=fr -Duser.variant org.gradle.launcher.daemon.bootstrap.GradleDaemon 8.0

Host: Intel(R) Core(TM) i5-10300H CPU @ 2.50GHz, 8 cores, 7G,  Windows 10 , 64 bit Build 19041 (10.0.19041.3570)
Time: Wed Nov 15 13:53:51 2023 Afr. centrale Ouest elapsed time: 5.591054 seconds (0d 0h 0m 5s)

---------------  T H R E A D  ---------------

Current thread (0x0000018ed983a2c0):  JavaThread "C2 CompilerThread0" daemon [_thread_in_native, id=17964, stack(0x0000005e12600000,0x0000005e12700000)]


Current CompileTask:
C2:   5591 5714       4       org.gradle.internal.service.DefaultServiceRegistry$OwnServices::getService (309 bytes)

Stack: [0x0000005e12600000,0x0000005e12700000]
Native frames: (J=compiled Java code, j=interpreted, Vv=VM code, C=native code)
V  [jvm.dll+0x683c9a]
V  [jvm.dll+0x8427a4]
V  [jvm.dll+0x843f9e]
V  [jvm.dll+0x844603]
V  [jvm.dll+0x249b75]
V  [jvm.dll+0xabcac]
V  [jvm.dll+0xac27c]
V  [jvm.dll+0x368802]
V  [jvm.dll+0x1bced2]
V  [jvm.dll+0x21c359]
V  [jvm.dll+0x21b621]
V  [jvm.dll+0x1a4fdd]
V  [jvm.dll+0x22b098]
V  [jvm.dll+0x229159]
V  [jvm.dll+0x7f81ec]
V  [jvm.dll+0x7f274a]
V  [jvm.dll+0x682ad5]
C  [ucrtbase.dll+0x21bb2]
C  [KERNEL32.DLL+0x17344]
C  [ntdll.dll+0x526b1]


---------------  P R O C E S S  ---------------

Threads class SMR info:
_java_thread_list=0x0000018edd9a3220, length=125, elements={
0x0000018ebd07a280, 0x0000018ed8e64d30, 0x0000018ed8e972d0, 0x0000018ed9829520,
0x0000018ed98338b0, 0x0000018ed9836790, 0x0000018ed9837750, 0x0000018ed983a2c0,
0x0000018ed9848890, 0x0000018ed9853e70, 0x0000018ed99aea10, 0x0000018ed99bddb0,
0x0000018ed9d21190, 0x0000018edacbf8d0, 0x0000018edb3ce950, 0x0000018edcdce520,
0x0000018edaf79c50, 0x0000018edb31d470, 0x0000018edb31dd40, 0x0000018edc600260,
0x0000018edc393030, 0x0000018edab9a4e0, 0x0000018edbc8b460, 0x0000018edbc8c2d0,
0x0000018edbc8a120, 0x0000018edbc8d140, 0x0000018edbc8b930, 0x0000018edbc8cc70,
0x0000018edbc8d610, 0x0000018edbc8a5f0, 0x0000018edbc89c50, 0x0000018edbc8aac0,
0x0000018edbc8be00, 0x0000018edbc8c7a0, 0x0000018edd73c350, 0x0000018edd73fd10,
0x0000018edd73d690, 0x0000018edd741ec0, 0x0000018edd73c820, 0x0000018edd740b80,
0x0000018edd73f840, 0x0000018edd73b9b0, 0x0000018edd73db60, 0x0000018edd742860,
0x0000018edd73e9d0, 0x0000018edd7419f0, 0x0000018edd73e030, 0x0000018edd73eea0,
0x0000018edd7401e0, 0x0000018edd73b4e0, 0x0000018edd73f370, 0x0000018edd741050,
0x0000018edd73b010, 0x0000018edd741520, 0x0000018edf038570, 0x0000018edf036d60,
0x0000018edf034bb0, 0x0000018edf038f10, 0x0000018edf037230, 0x0000018edf0346e0,
0x0000018edf035a20, 0x0000018edf037700, 0x0000018edf037bd0, 0x0000018edf034210,
0x0000018edf0380a0, 0x0000018edf038a40, 0x0000018edf0393e0, 0x0000018edf0363c0,
0x0000018edf032530, 0x0000018edf032ed0, 0x0000018edf0398b0, 0x0000018edf032a00,
0x0000018edf032060, 0x0000018edf0333a0, 0x0000018edf033870, 0x0000018edf033d40,
0x0000018edf035080, 0x0000018edf035ef0, 0x0000018edf035550, 0x0000018edf036890,
0x0000018edef68a20, 0x0000018edef67bb0, 0x0000018edef69d60, 0x0000018edef641f0,
0x0000018edef62eb0, 0x0000018edef63850, 0x0000018edef63d20, 0x0000018edef69890,
0x0000018edef646c0, 0x0000018edef68080, 0x0000018edef64b90, 0x0000018edef629e0,
0x0000018edef67210, 0x0000018edef66870, 0x0000018edef66d40, 0x0000018edef693c0,
0x0000018edef68550, 0x0000018edef65a00, 0x0000018edef65060, 0x0000018edef6a230,
0x0000018edef68ef0, 0x0000018edef63380, 0x0000018edef65530, 0x0000018edef65ed0,
0x0000018edef676e0, 0x0000018edef663a0, 0x0000018edd7dd720, 0x0000018edd7da230,
0x0000018edd7d8a20, 0x0000018edd7db0a0, 0x0000018edd7dbf10, 0x0000018edd7da700,
0x0000018edd7ddbf0, 0x0000018edd7d8ef0, 0x0000018edd7dea60, 0x0000018edd7d7bb0,
0x0000018edd7dcd80, 0x0000018edd7d8080, 0x0000018edd7dabd0, 0x0000018edd7dba40,
0x0000018edd7d8550, 0x0000018edd7db570, 0x0000018edd7de0c0, 0x0000018edd7d93c0,
0x0000018edd7d9890
}

Java Threads: ( => current thread )
  0x0000018ebd07a280 JavaThread "main" [_thread_blocked, id=6076, stack(0x0000005e11900000,0x0000005e11a00000)]
  0x0000018ed8e64d30 JavaThread "Reference Handler" daemon [_thread_blocked, id=18120, stack(0x0000005e12000000,0x0000005e12100000)]
  0x0000018ed8e972d0 JavaThread "Finalizer" daemon [_thread_blocked, id=18108, stack(0x0000005e12100000,0x0000005e12200000)]
  0x0000018ed9829520 JavaThread "Signal Dispatcher" daemon [_thread_blocked, id=18112, stack(0x0000005e12200000,0x0000005e12300000)]
  0x0000018ed98338b0 JavaThread "Attach Listener" daemon [_thread_blocked, id=18100, stack(0x0000005e12300000,0x0000005e12400000)]
  0x0000018ed9836790 JavaThread "Service Thread" daemon [_thread_blocked, id=18076, stack(0x0000005e12400000,0x0000005e12500000)]
  0x0000018ed9837750 JavaThread "Monitor Deflation Thread" daemon [_thread_blocked, id=18080, stack(0x0000005e12500000,0x0000005e12600000)]
=>0x0000018ed983a2c0 JavaThread "C2 CompilerThread0" daemon [_thread_in_native, id=17964, stack(0x0000005e12600000,0x0000005e12700000)]
  0x0000018ed9848890 JavaThread "C1 CompilerThread0" daemon [_thread_blocked, id=17984, stack(0x0000005e12700000,0x0000005e12800000)]
  0x0000018ed9853e70 JavaThread "Sweeper thread" daemon [_thread_blocked, id=17968, stack(0x0000005e12800000,0x0000005e12900000)]
  0x0000018ed99aea10 JavaThread "Common-Cleaner" daemon [_thread_blocked, id=19316, stack(0x0000005e12900000,0x0000005e12a00000)]
  0x0000018ed99bddb0 JavaThread "Notification Thread" daemon [_thread_blocked, id=17888, stack(0x0000005e12a00000,0x0000005e12b00000)]
  0x0000018ed9d21190 JavaThread "C2 CompilerThread1" daemon [_thread_blocked, id=17488, stack(0x0000005e12c00000,0x0000005e12d00000)]
  0x0000018edacbf8d0 JavaThread "Daemon health stats" [_thread_blocked, id=18312, stack(0x0000005e13200000,0x0000005e13300000)]
  0x0000018edb3ce950 JavaThread "Incoming local TCP Connector on port 53823" [_thread_in_native, id=18336, stack(0x0000005e13300000,0x0000005e13400000)]
  0x0000018edcdce520 JavaThread "Daemon periodic checks" [_thread_blocked, id=18344, stack(0x0000005e13400000,0x0000005e13500000)]
  0x0000018edaf79c50 JavaThread "Daemon" [_thread_blocked, id=18332, stack(0x0000005e13500000,0x0000005e13600000)]
  0x0000018edb31d470 JavaThread "Handler for socket connection from /127.0.0.1:53823 to /127.0.0.1:53824" [_thread_in_native, id=18364, stack(0x0000005e13600000,0x0000005e13700000)]
  0x0000018edb31dd40 JavaThread "Cancel handler" [_thread_blocked, id=18140, stack(0x0000005e13700000,0x0000005e13800000)]
  0x0000018edc600260 JavaThread "Daemon worker" [_thread_blocked, id=18352, stack(0x0000005e13800000,0x0000005e13900000)]
  0x0000018edc393030 JavaThread "Asynchronous log dispatcher for DefaultDaemonConnection: socket connection from /127.0.0.1:53823 to /127.0.0.1:53824" [_thread_blocked, id=2860, stack(0x0000005e13900000,0x0000005e13a00000)]
  0x0000018edab9a4e0 JavaThread "Stdin handler" [_thread_blocked, id=1868, stack(0x0000005e13a00000,0x0000005e13b00000)]
  0x0000018edbc8b460 JavaThread "Daemon client event forwarder" [_thread_blocked, id=7136, stack(0x0000005e13b00000,0x0000005e13c00000)]
  0x0000018edbc8c2d0 JavaThread "Cache worker for journal cache (C:\Users\jasse\.gradle\caches\journal-1)" [_thread_blocked, id=15848, stack(0x0000005e13f00000,0x0000005e14000000)]
  0x0000018edbc8a120 JavaThread "File lock request listener" [_thread_in_native, id=15480, stack(0x0000005e14000000,0x0000005e14100000)]
  0x0000018edbc8d140 JavaThread "Cache worker for file hash cache (C:\Users\jasse\.gradle\caches\8.0\fileHashes)" [_thread_blocked, id=15896, stack(0x0000005e14100000,0x0000005e14200000)]
  0x0000018edbc8b930 JavaThread "File watcher server" daemon [_thread_in_native, id=17600, stack(0x0000005e14200000,0x0000005e14300000)]
  0x0000018edbc8cc70 JavaThread "File watcher consumer" daemon [_thread_blocked, id=17776, stack(0x0000005e14300000,0x0000005e14400000)]
  0x0000018edbc8d610 JavaThread "Cache worker for checksums cache (C:\Users\jasse\AndroidStudioProjects\front\.gradle\8.0\checksums)" [_thread_blocked, id=3052, stack(0x0000005e14400000,0x0000005e14500000)]
  0x0000018edbc8a5f0 JavaThread "Cache worker for cache directory md-rule (C:\Users\jasse\.gradle\caches\8.0\md-rule)" [_thread_blocked, id=18472, stack(0x0000005e14500000,0x0000005e14600000)]
  0x0000018edbc89c50 JavaThread "Cache worker for file content cache (C:\Users\jasse\.gradle\caches\8.0\fileContent)" [_thread_blocked, id=18208, stack(0x0000005e14600000,0x0000005e14700000)]
  0x0000018edbc8aac0 JavaThread "Cache worker for file hash cache (C:\Users\jasse\AndroidStudioProjects\front\.gradle\8.0\fileHashes)" [_thread_blocked, id=5500, stack(0x0000005e14700000,0x0000005e14800000)]
  0x0000018edbc8be00 JavaThread "Cache worker for cache directory md-supplier (C:\Users\jasse\.gradle\caches\8.0\md-supplier)" [_thread_blocked, id=896, stack(0x0000005e14800000,0x0000005e14900000)]
  0x0000018edbc8c7a0 JavaThread "Cache worker for execution history cache (C:\Users\jasse\.gradle\caches\8.0\executionHistory)" [_thread_blocked, id=18152, stack(0x0000005e14900000,0x0000005e14a00000)]
  0x0000018edd73c350 JavaThread "jar transforms" [_thread_blocked, id=14476, stack(0x0000005e14a00000,0x0000005e14b00000)]
  0x0000018edd73fd10 JavaThread "jar transforms Thread 2" [_thread_blocked, id=17536, stack(0x0000005e14b00000,0x0000005e14c00000)]
  0x0000018edd73d690 JavaThread "Cache worker for kotlin-dsl (C:\Users\jasse\.gradle\caches\8.0\kotlin-dsl)" [_thread_blocked, id=21160, stack(0x0000005e14d00000,0x0000005e14e00000)]
  0x0000018edd741ec0 JavaThread "jar transforms Thread 3" [_thread_blocked, id=12836, stack(0x0000005e14e00000,0x0000005e14f00000)]
  0x0000018edd73c820 JavaThread "jar transforms Thread 4" [_thread_blocked, id=21208, stack(0x0000005e14f00000,0x0000005e15000000)]
  0x0000018edd740b80 JavaThread "Cache worker for dependencies-accessors (C:\Users\jasse\AndroidStudioProjects\front\.gradle\8.0\dependencies-accessors)" [_thread_blocked, id=7220, stack(0x0000005e15000000,0x0000005e15100000)]
  0x0000018edd73f840 JavaThread "Cache worker for Build Output Cleanup Cache (C:\Users\jasse\AndroidStudioProjects\front\.gradle\buildOutputCleanup)" [_thread_blocked, id=3980, stack(0x0000005e15100000,0x0000005e15200000)]
  0x0000018edd73b9b0 JavaThread "jar transforms Thread 5" [_thread_blocked, id=18424, stack(0x0000005e15200000,0x0000005e15300000)]
  0x0000018edd73db60 JavaThread "Unconstrained build operations" [_thread_blocked, id=1676, stack(0x0000005e15300000,0x0000005e15400000)]
  0x0000018edd742860 JavaThread "Unconstrained build operations Thread 2" [_thread_blocked, id=6908, stack(0x0000005e15400000,0x0000005e15500000)]
  0x0000018edd73e9d0 JavaThread "Unconstrained build operations Thread 3" [_thread_blocked, id=5564, stack(0x0000005e15500000,0x0000005e15600000)]
  0x0000018edd7419f0 JavaThread "Unconstrained build operations Thread 4" [_thread_blocked, id=11320, stack(0x0000005e15600000,0x0000005e15700000)]
  0x0000018edd73e030 JavaThread "Unconstrained build operations Thread 5" [_thread_blocked, id=10388, stack(0x0000005e15700000,0x0000005e15800000)]
  0x0000018edd73eea0 JavaThread "Unconstrained build operations Thread 6" [_thread_blocked, id=12968, stack(0x0000005e15800000,0x0000005e15900000)]
  0x0000018edd7401e0 JavaThread "Unconstrained build operations Thread 7" [_thread_blocked, id=9496, stack(0x0000005e15900000,0x0000005e15a00000)]
  0x0000018edd73b4e0 JavaThread "Unconstrained build operations Thread 8" [_thread_blocked, id=19148, stack(0x0000005e15a00000,0x0000005e15b00000)]
  0x0000018edd73f370 JavaThread "Unconstrained build operations Thread 9" [_thread_blocked, id=18220, stack(0x0000005e15b00000,0x0000005e15c00000)]
  0x0000018edd741050 JavaThread "Unconstrained build operations Thread 10" [_thread_blocked, id=18540, stack(0x0000005e15c00000,0x0000005e15d00000)]
  0x0000018edd73b010 JavaThread "Unconstrained build operations Thread 11" [_thread_blocked, id=9404, stack(0x0000005e15d00000,0x0000005e15e00000)]
  0x0000018edd741520 JavaThread "Unconstrained build operations Thread 12" [_thread_blocked, id=11300, stack(0x0000005e15e00000,0x0000005e15f00000)]
  0x0000018edf038570 JavaThread "Unconstrained build operations Thread 13" [_thread_blocked, id=8936, stack(0x0000005e15f00000,0x0000005e16000000)]
  0x0000018edf036d60 JavaThread "Unconstrained build operations Thread 14" [_thread_blocked, id=8952, stack(0x0000005e16000000,0x0000005e16100000)]
  0x0000018edf034bb0 JavaThread "Unconstrained build operations Thread 15" [_thread_blocked, id=8080, stack(0x0000005e16100000,0x0000005e16200000)]
  0x0000018edf038f10 JavaThread "Unconstrained build operations Thread 16" [_thread_blocked, id=11364, stack(0x0000005e16200000,0x0000005e16300000)]
  0x0000018edf037230 JavaThread "Unconstrained build operations Thread 17" [_thread_blocked, id=3320, stack(0x0000005e16300000,0x0000005e16400000)]
  0x0000018edf0346e0 JavaThread "Unconstrained build operations Thread 18" [_thread_blocked, id=14308, stack(0x0000005e16400000,0x0000005e16500000)]
  0x0000018edf035a20 JavaThread "Unconstrained build operations Thread 19" [_thread_blocked, id=19540, stack(0x0000005e16500000,0x0000005e16600000)]
  0x0000018edf037700 JavaThread "Unconstrained build operations Thread 20" [_thread_blocked, id=20904, stack(0x0000005e16600000,0x0000005e16700000)]
  0x0000018edf037bd0 JavaThread "Unconstrained build operations Thread 21" [_thread_blocked, id=10888, stack(0x0000005e16700000,0x0000005e16800000)]
  0x0000018edf034210 JavaThread "Unconstrained build operations Thread 22" [_thread_blocked, id=13300, stack(0x0000005e16800000,0x0000005e16900000)]
  0x0000018edf0380a0 JavaThread "Unconstrained build operations Thread 23" [_thread_blocked, id=19588, stack(0x0000005e16900000,0x0000005e16a00000)]
  0x0000018edf038a40 JavaThread "Unconstrained build operations Thread 24" [_thread_blocked, id=8180, stack(0x0000005e16a00000,0x0000005e16b00000)]
  0x0000018edf0393e0 JavaThread "Unconstrained build operations Thread 25" [_thread_blocked, id=17560, stack(0x0000005e16b00000,0x0000005e16c00000)]
  0x0000018edf0363c0 JavaThread "Unconstrained build operations Thread 26" [_thread_blocked, id=5888, stack(0x0000005e16c00000,0x0000005e16d00000)]
  0x0000018edf032530 JavaThread "Unconstrained build operations Thread 27" [_thread_blocked, id=1116, stack(0x0000005e16d00000,0x0000005e16e00000)]
  0x0000018edf032ed0 JavaThread "Unconstrained build operations Thread 28" [_thread_blocked, id=4956, stack(0x0000005e16e00000,0x0000005e16f00000)]
  0x0000018edf0398b0 JavaThread "Unconstrained build operations Thread 29" [_thread_blocked, id=7956, stack(0x0000005e16f00000,0x0000005e17000000)]
  0x0000018edf032a00 JavaThread "Unconstrained build operations Thread 30" [_thread_blocked, id=11744, stack(0x0000005e17000000,0x0000005e17100000)]
  0x0000018edf032060 JavaThread "Unconstrained build operations Thread 31" [_thread_blocked, id=7468, stack(0x0000005e17100000,0x0000005e17200000)]
  0x0000018edf0333a0 JavaThread "Unconstrained build operations Thread 32" [_thread_blocked, id=2812, stack(0x0000005e17200000,0x0000005e17300000)]
  0x0000018edf033870 JavaThread "Unconstrained build operations Thread 33" [_thread_blocked, id=3984, stack(0x0000005e17300000,0x0000005e17400000)]
  0x0000018edf033d40 JavaThread "Unconstrained build operations Thread 34" [_thread_blocked, id=16680, stack(0x0000005e17400000,0x0000005e17500000)]
  0x0000018edf035080 JavaThread "Unconstrained build operations Thread 35" [_thread_blocked, id=5360, stack(0x0000005e17500000,0x0000005e17600000)]
  0x0000018edf035ef0 JavaThread "Unconstrained build operations Thread 36" [_thread_blocked, id=3964, stack(0x0000005e17600000,0x0000005e17700000)]
  0x0000018edf035550 JavaThread "Unconstrained build operations Thread 37" [_thread_blocked, id=17788, stack(0x0000005e17700000,0x0000005e17800000)]
  0x0000018edf036890 JavaThread "Unconstrained build operations Thread 38" [_thread_blocked, id=5260, stack(0x0000005e17800000,0x0000005e17900000)]
  0x0000018edef68a20 JavaThread "Unconstrained build operations Thread 39" [_thread_blocked, id=19992, stack(0x0000005e17900000,0x0000005e17a00000)]
  0x0000018edef67bb0 JavaThread "Unconstrained build operations Thread 40" [_thread_blocked, id=11480, stack(0x0000005e17a00000,0x0000005e17b00000)]
  0x0000018edef69d60 JavaThread "Unconstrained build operations Thread 41" [_thread_blocked, id=14764, stack(0x0000005e17b00000,0x0000005e17c00000)]
  0x0000018edef641f0 JavaThread "Unconstrained build operations Thread 42" [_thread_blocked, id=4888, stack(0x0000005e17c00000,0x0000005e17d00000)]
  0x0000018edef62eb0 JavaThread "Unconstrained build operations Thread 43" [_thread_blocked, id=15448, stack(0x0000005e17d00000,0x0000005e17e00000)]
  0x0000018edef63850 JavaThread "Unconstrained build operations Thread 44" [_thread_blocked, id=6648, stack(0x0000005e17e00000,0x0000005e17f00000)]
  0x0000018edef63d20 JavaThread "Unconstrained build operations Thread 45" [_thread_blocked, id=19096, stack(0x0000005e17f00000,0x0000005e18000000)]
  0x0000018edef69890 JavaThread "Unconstrained build operations Thread 46" [_thread_blocked, id=13376, stack(0x0000005e18000000,0x0000005e18100000)]
  0x0000018edef646c0 JavaThread "Unconstrained build operations Thread 47" [_thread_blocked, id=17196, stack(0x0000005e18100000,0x0000005e18200000)]
  0x0000018edef68080 JavaThread "Unconstrained build operations Thread 48" [_thread_blocked, id=10516, stack(0x0000005e18200000,0x0000005e18300000)]
  0x0000018edef64b90 JavaThread "Unconstrained build operations Thread 49" [_thread_blocked, id=11152, stack(0x0000005e18300000,0x0000005e18400000)]
  0x0000018edef629e0 JavaThread "Unconstrained build operations Thread 50" [_thread_blocked, id=17504, stack(0x0000005e18400000,0x0000005e18500000)]
  0x0000018edef67210 JavaThread "Unconstrained build operations Thread 51" [_thread_blocked, id=2728, stack(0x0000005e18500000,0x0000005e18600000)]
  0x0000018edef66870 JavaThread "Unconstrained build operations Thread 52" [_thread_blocked, id=5372, stack(0x0000005e18600000,0x0000005e18700000)]
  0x0000018edef66d40 JavaThread "Unconstrained build operations Thread 53" [_thread_blocked, id=3240, stack(0x0000005e18700000,0x0000005e18800000)]
  0x0000018edef693c0 JavaThread "Unconstrained build operations Thread 54" [_thread_blocked, id=1412, stack(0x0000005e18800000,0x0000005e18900000)]
  0x0000018edef68550 JavaThread "Unconstrained build operations Thread 55" [_thread_blocked, id=5292, stack(0x0000005e18900000,0x0000005e18a00000)]
  0x0000018edef65a00 JavaThread "Unconstrained build operations Thread 56" [_thread_blocked, id=2388, stack(0x0000005e18a00000,0x0000005e18b00000)]
  0x0000018edef65060 JavaThread "Unconstrained build operations Thread 57" [_thread_blocked, id=11392, stack(0x0000005e18b00000,0x0000005e18c00000)]
  0x0000018edef6a230 JavaThread "Unconstrained build operations Thread 58" [_thread_blocked, id=15000, stack(0x0000005e18c00000,0x0000005e18d00000)]
  0x0000018edef68ef0 JavaThread "Unconstrained build operations Thread 59" [_thread_blocked, id=5236, stack(0x0000005e18d00000,0x0000005e18e00000)]
  0x0000018edef63380 JavaThread "Unconstrained build operations Thread 60" [_thread_blocked, id=8392, stack(0x0000005e18e00000,0x0000005e18f00000)]
  0x0000018edef65530 JavaThread "Unconstrained build operations Thread 61" [_thread_blocked, id=5836, stack(0x0000005e18f00000,0x0000005e19000000)]
  0x0000018edef65ed0 JavaThread "Unconstrained build operations Thread 62" [_thread_blocked, id=8784, stack(0x0000005e19000000,0x0000005e19100000)]
  0x0000018edef676e0 JavaThread "Unconstrained build operations Thread 63" [_thread_blocked, id=20624, stack(0x0000005e19100000,0x0000005e19200000)]
  0x0000018edef663a0 JavaThread "Unconstrained build operations Thread 64" [_thread_blocked, id=11668, stack(0x0000005e19200000,0x0000005e19300000)]
  0x0000018edd7dd720 JavaThread "Unconstrained build operations Thread 65" [_thread_blocked, id=1492, stack(0x0000005e19300000,0x0000005e19400000)]
  0x0000018edd7da230 JavaThread "Unconstrained build operations Thread 66" [_thread_blocked, id=10440, stack(0x0000005e19400000,0x0000005e19500000)]
  0x0000018edd7d8a20 JavaThread "Unconstrained build operations Thread 67" [_thread_blocked, id=17780, stack(0x0000005e19500000,0x0000005e19600000)]
  0x0000018edd7db0a0 JavaThread "Unconstrained build operations Thread 68" [_thread_blocked, id=17696, stack(0x0000005e19600000,0x0000005e19700000)]
  0x0000018edd7dbf10 JavaThread "Unconstrained build operations Thread 69" [_thread_blocked, id=1096, stack(0x0000005e19700000,0x0000005e19800000)]
  0x0000018edd7da700 JavaThread "Unconstrained build operations Thread 70" [_thread_blocked, id=11684, stack(0x0000005e19800000,0x0000005e19900000)]
  0x0000018edd7ddbf0 JavaThread "Unconstrained build operations Thread 71" [_thread_blocked, id=14492, stack(0x0000005e19900000,0x0000005e19a00000)]
  0x0000018edd7d8ef0 JavaThread "Unconstrained build operations Thread 72" [_thread_blocked, id=18052, stack(0x0000005e19a00000,0x0000005e19b00000)]
  0x0000018edd7dea60 JavaThread "Unconstrained build operations Thread 73" [_thread_blocked, id=11932, stack(0x0000005e19b00000,0x0000005e19c00000)]
  0x0000018edd7d7bb0 JavaThread "Unconstrained build operations Thread 74" [_thread_blocked, id=16292, stack(0x0000005e19c00000,0x0000005e19d00000)]
  0x0000018edd7dcd80 JavaThread "Unconstrained build operations Thread 75" [_thread_blocked, id=8940, stack(0x0000005e19d00000,0x0000005e19e00000)]
  0x0000018edd7d8080 JavaThread "Unconstrained build operations Thread 76" [_thread_blocked, id=12548, stack(0x0000005e19e00000,0x0000005e19f00000)]
  0x0000018edd7dabd0 JavaThread "Unconstrained build operations Thread 77" [_thread_blocked, id=1572, stack(0x0000005e19f00000,0x0000005e1a000000)]
  0x0000018edd7dba40 JavaThread "Unconstrained build operations Thread 78" [_thread_blocked, id=16648, stack(0x0000005e1a000000,0x0000005e1a100000)]
  0x0000018edd7d8550 JavaThread "Unconstrained build operations Thread 79" [_thread_blocked, id=2556, stack(0x0000005e1a100000,0x0000005e1a200000)]
  0x0000018edd7db570 JavaThread "Unconstrained build operations Thread 80" [_thread_blocked, id=13464, stack(0x0000005e1a200000,0x0000005e1a300000)]
  0x0000018edd7de0c0 JavaThread "jar transforms Thread 6" [_thread_blocked, id=20872, stack(0x0000005e1a300000,0x0000005e1a400000)]
  0x0000018edd7d93c0 JavaThread "jar transforms Thread 7" [_thread_blocked, id=21492, stack(0x0000005e1a400000,0x0000005e1a500000)]
  0x0000018edd7d9890 JavaThread "jar transforms Thread 8" [_thread_blocked, id=3884, stack(0x0000005e1a500000,0x0000005e1a600000)]

Other Threads:
  0x0000018ed8e62020 VMThread "VM Thread" [stack: 0x0000005e11f00000,0x0000005e12000000] [id=3832]
  0x0000018ebd0f93d0 WatcherThread [stack: 0x0000005e12b00000,0x0000005e12c00000] [id=18104]
  0x0000018ebd0d7660 GCTaskThread "GC Thread#0" [stack: 0x0000005e11a00000,0x0000005e11b00000] [id=18072]
  0x0000018eda2497f0 GCTaskThread "GC Thread#1" [stack: 0x0000005e12d00000,0x0000005e12e00000] [id=7160]
  0x0000018ed9bfea90 GCTaskThread "GC Thread#2" [stack: 0x0000005e12e00000,0x0000005e12f00000] [id=5024]
  0x0000018eda72a430 GCTaskThread "GC Thread#3" [stack: 0x0000005e12f00000,0x0000005e13000000] [id=17520]
  0x0000018edad44420 GCTaskThread "GC Thread#4" [stack: 0x0000005e13000000,0x0000005e13100000] [id=12492]
  0x0000018edc3d3170 GCTaskThread "GC Thread#5" [stack: 0x0000005e13100000,0x0000005e13200000] [id=5464]
  0x0000018edaf5e2b0 GCTaskThread "GC Thread#6" [stack: 0x0000005e13c00000,0x0000005e13d00000] [id=3580]
  0x0000018eda9d0100 GCTaskThread "GC Thread#7" [stack: 0x0000005e13d00000,0x0000005e13e00000] [id=8580]
  0x0000018ebd0e95b0 ConcurrentGCThread "G1 Main Marker" [stack: 0x0000005e11b00000,0x0000005e11c00000] [id=6628]
  0x0000018ebd0ea760 ConcurrentGCThread "G1 Conc#0" [stack: 0x0000005e11c00000,0x0000005e11d00000] [id=17812]
  0x0000018edb30aca0 ConcurrentGCThread "G1 Conc#1" [stack: 0x0000005e13e00000,0x0000005e13f00000] [id=11688]
  0x0000018ebd140370 ConcurrentGCThread "G1 Refine#0" [stack: 0x0000005e11d00000,0x0000005e11e00000] [id=18068]
  0x0000018edcc41450 ConcurrentGCThread "G1 Refine#1" [stack: 0x0000005e14c00000,0x0000005e14d00000] [id=3548]
  0x0000018ed8cd20c0 ConcurrentGCThread "G1 Service" [stack: 0x0000005e11e00000,0x0000005e11f00000] [id=10068]

Threads with active compile tasks:
C2 CompilerThread0     5628 5714       4       org.gradle.internal.service.DefaultServiceRegistry$OwnServices::getService (309 bytes)
C2 CompilerThread1     5629 5895 %     4       java.util.zip.ZipFile$Source::initCEN @ 240 (591 bytes)

VM state: at safepoint (normal execution)

VM Mutex/Monitor currently owned by a thread:  ([mutex/lock_event])
[0x0000018ebd0763e0] Threads_lock - owner thread: 0x0000018ed8e62020
[0x0000018ebd074b20] Heap_lock - owner thread: 0x0000018ebd0e95b0

Heap address: 0x0000000080000000, size: 2048 MB, Compressed Oops mode: 32-bit

CDS archive(s) not mapped
Compressed class space mapped at: 0x0000000100000000-0x0000000140000000, reserved size: 1073741824
Narrow klass base: 0x0000000000000000, Narrow klass shift: 3, Narrow klass range: 0x140000000

GC Precious Log:
 CPUs: 8 total, 8 available
 Memory: 7993M
 Large Page Support: Disabled
 NUMA Support: Disabled
 Compressed Oops: Enabled (32-bit)
 Heap Region Size: 1M
 Heap Min Capacity: 8M
 Heap Initial Capacity: 126M
 Heap Max Capacity: 2G
 Pre-touch: Disabled
 Parallel Workers: 8
 Concurrent Workers: 2
 Concurrent Refinement Workers: 8
 Periodic GC: Disabled

Heap:
 garbage-first heap   total 82944K, used 49556K [0x0000000080000000, 0x0000000100000000)
  region size 1024K, 3 young (3072K), 2 survivors (2048K)
 Metaspace       used 53567K, committed 54080K, reserved 1097728K
  class space    used 7142K, committed 7360K, reserved 1048576K

Heap Regions: E=young(eden), S=young(survivor), O=old, HS=humongous(starts), HC=humongous(continues), CS=collection set, F=free, OA=open archive, CA=closed archive, TAMS=top-at-mark-start (previous, next)
|   0|0x0000000080000000, 0x0000000080100000, 0x0000000080100000|100%|HS|  |TAMS 0x0000000080100000, 0x0000000080000000| Complete 
|   1|0x0000000080100000, 0x0000000080200000, 0x0000000080200000|100%|HC|  |TAMS 0x0000000080200000, 0x0000000080100000| Complete 
|   2|0x0000000080200000, 0x0000000080300000, 0x0000000080300000|100%|HC|  |TAMS 0x0000000080300000, 0x0000000080200000| Complete 
|   3|0x0000000080300000, 0x0000000080400000, 0x0000000080400000|100%|HC|  |TAMS 0x0000000080400000, 0x0000000080300000| Complete 
|   4|0x0000000080400000, 0x0000000080500000, 0x0000000080500000|100%| O|  |TAMS 0x0000000080500000, 0x0000000080400000| Untracked 
|   5|0x0000000080500000, 0x0000000080600000, 0x0000000080600000|100%| O|  |TAMS 0x0000000080600000, 0x0000000080500000| Updating 
|   6|0x0000000080600000, 0x0000000080700000, 0x0000000080700000|100%| O|  |TAMS 0x0000000080700000, 0x0000000080600000| Untracked 
|   7|0x0000000080700000, 0x0000000080800000, 0x0000000080800000|100%| O|  |TAMS 0x0000000080800000, 0x0000000080700000| Updating 
|   8|0x0000000080800000, 0x0000000080900000, 0x0000000080900000|100%| O|  |TAMS 0x0000000080900000, 0x0000000080800000| Untracked 
|   9|0x0000000080900000, 0x0000000080a00000, 0x0000000080a00000|100%| O|  |TAMS 0x0000000080a00000, 0x0000000080900000| Untracked 
|  10|0x0000000080a00000, 0x0000000080b00000, 0x0000000080b00000|100%| O|  |TAMS 0x0000000080b00000, 0x0000000080a00000| Updating 
|  11|0x0000000080b00000, 0x0000000080be1e00, 0x0000000080c00000| 88%| O|  |TAMS 0x0000000080be1e00, 0x0000000080b00000| Updating 
|  12|0x0000000080c00000, 0x0000000080d00000, 0x0000000080d00000|100%| O|  |TAMS 0x0000000080d00000, 0x0000000080c00000| Untracked 
|  13|0x0000000080d00000, 0x0000000080e00000, 0x0000000080e00000|100%| O|  |TAMS 0x0000000080e00000, 0x0000000080d00000| Untracked 
|  14|0x0000000080e00000, 0x0000000080f00000, 0x0000000080f00000|100%| O|  |TAMS 0x0000000080f00000, 0x0000000080e00000| Updating 
|  15|0x0000000080f00000, 0x0000000081000000, 0x0000000081000000|100%| O|  |TAMS 0x0000000081000000, 0x0000000080f00000| Untracked 
|  16|0x0000000081000000, 0x0000000081100000, 0x0000000081100000|100%| O|  |TAMS 0x0000000081100000, 0x0000000081000000| Untracked 
|  17|0x0000000081100000, 0x0000000081200000, 0x0000000081200000|100%| O|  |TAMS 0x0000000081200000, 0x0000000081100000| Untracked 
|  18|0x0000000081200000, 0x0000000081300000, 0x0000000081300000|100%| O|  |TAMS 0x0000000081300000, 0x0000000081200000| Untracked 
|  19|0x0000000081300000, 0x0000000081400000, 0x0000000081400000|100%| O|  |TAMS 0x0000000081400000, 0x0000000081300000| Untracked 
|  20|0x0000000081400000, 0x0000000081500000, 0x0000000081500000|100%| O|  |TAMS 0x0000000081500000, 0x0000000081400000| Untracked 
|  21|0x0000000081500000, 0x0000000081600000, 0x0000000081600000|100%| O|  |TAMS 0x0000000081600000, 0x0000000081500000| Updating 
|  22|0x0000000081600000, 0x0000000081700000, 0x0000000081700000|100%| O|  |TAMS 0x0000000081700000, 0x0000000081600000| Untracked 
|  23|0x0000000081700000, 0x0000000081800000, 0x0000000081800000|100%| O|  |TAMS 0x0000000081800000, 0x0000000081700000| Updating 
|  24|0x0000000081800000, 0x0000000081900000, 0x0000000081900000|100%| O|  |TAMS 0x0000000081900000, 0x0000000081800000| Untracked 
|  25|0x0000000081900000, 0x0000000081a00000, 0x0000000081a00000|100%| O|  |TAMS 0x0000000081a00000, 0x0000000081900000| Untracked 
|  26|0x0000000081a00000, 0x0000000081b00000, 0x0000000081b00000|100%| O|  |TAMS 0x0000000081b00000, 0x0000000081a00000| Untracked 
|  27|0x0000000081b00000, 0x0000000081c00000, 0x0000000081c00000|100%| O|  |TAMS 0x0000000081c00000, 0x0000000081b00000| Untracked 
|  28|0x0000000081c00000, 0x0000000081d00000, 0x0000000081d00000|100%| O|  |TAMS 0x0000000081d00000, 0x0000000081c00000| Untracked 
|  29|0x0000000081d00000, 0x0000000081e00000, 0x0000000081e00000|100%| O|  |TAMS 0x0000000081e00000, 0x0000000081d00000| Untracked 
|  30|0x0000000081e00000, 0x0000000081f00000, 0x0000000081f00000|100%| O|  |TAMS 0x0000000081f00000, 0x0000000081e00000| Untracked 
|  31|0x0000000081f00000, 0x0000000082000000, 0x0000000082000000|100%| O|  |TAMS 0x0000000082000000, 0x0000000081f00000| Untracked 
|  32|0x0000000082000000, 0x0000000082100000, 0x0000000082100000|100%|HS|  |TAMS 0x0000000082100000, 0x0000000082000000| Complete 
|  33|0x0000000082100000, 0x0000000082200000, 0x0000000082200000|100%|HS|  |TAMS 0x0000000082200000, 0x0000000082100000| Complete 
|  34|0x0000000082200000, 0x0000000082300000, 0x0000000082300000|100%|HS|  |TAMS 0x0000000082300000, 0x0000000082200000| Complete 
|  35|0x0000000082300000, 0x0000000082400000, 0x0000000082400000|100%|HC|  |TAMS 0x0000000082400000, 0x0000000082300000| Complete 
|  36|0x0000000082400000, 0x0000000082500000, 0x0000000082500000|100%| O|  |TAMS 0x0000000082500000, 0x0000000082400000| Untracked 
|  37|0x0000000082500000, 0x0000000082600000, 0x0000000082600000|100%| O|  |TAMS 0x0000000082600000, 0x0000000082500000| Untracked 
|  38|0x0000000082600000, 0x0000000082700000, 0x0000000082700000|100%| O|  |TAMS 0x0000000082684c00, 0x0000000082600000| Untracked 
|  39|0x0000000082700000, 0x0000000082800000, 0x0000000082800000|100%|HS|  |TAMS 0x0000000082800000, 0x0000000082700000| Complete 
|  40|0x0000000082800000, 0x0000000082900000, 0x0000000082900000|100%| O|  |TAMS 0x0000000082800000, 0x0000000082800000| Untracked 
|  41|0x0000000082900000, 0x0000000082a00000, 0x0000000082a00000|100%| O|  |TAMS 0x0000000082900000, 0x0000000082900000| Untracked 
|  42|0x0000000082a00000, 0x0000000082a8d400, 0x0000000082b00000| 55%| O|  |TAMS 0x0000000082a00000, 0x0000000082a00000| Updating 
|  43|0x0000000082b00000, 0x0000000082c00000, 0x0000000082c00000|100%|HS|  |TAMS 0x0000000082b00000, 0x0000000082b00000| Complete 
|  44|0x0000000082c00000, 0x0000000082d00000, 0x0000000082d00000|100%|HC|  |TAMS 0x0000000082c00000, 0x0000000082c00000| Complete 
|  45|0x0000000082d00000, 0x0000000082e00000, 0x0000000082e00000|100%|HC|  |TAMS 0x0000000082d00000, 0x0000000082d00000| Complete 
|  46|0x0000000082e00000, 0x0000000082f00000, 0x0000000082f00000|100%|HC|  |TAMS 0x0000000082e00000, 0x0000000082e00000| Complete 
|  47|0x0000000082f00000, 0x0000000082f00000, 0x0000000083000000|  0%| F|  |TAMS 0x0000000082f00000, 0x0000000082f00000| Untracked 
|  48|0x0000000083000000, 0x0000000083000000, 0x0000000083100000|  0%| F|  |TAMS 0x0000000083000000, 0x0000000083000000| Untracked 
|  49|0x0000000083100000, 0x0000000083100000, 0x0000000083200000|  0%| F|  |TAMS 0x0000000083100000, 0x0000000083100000| Untracked 
|  50|0x0000000083200000, 0x0000000083200000, 0x0000000083300000|  0%| F|  |TAMS 0x0000000083200000, 0x0000000083200000| Untracked 
|  51|0x0000000083300000, 0x0000000083300000, 0x0000000083400000|  0%| F|  |TAMS 0x0000000083300000, 0x0000000083300000| Untracked 
|  52|0x0000000083400000, 0x0000000083400000, 0x0000000083500000|  0%| F|  |TAMS 0x0000000083400000, 0x0000000083400000| Untracked 
|  53|0x0000000083500000, 0x0000000083500000, 0x0000000083600000|  0%| F|  |TAMS 0x0000000083500000, 0x0000000083500000| Untracked 
|  54|0x0000000083600000, 0x0000000083600000, 0x0000000083700000|  0%| F|  |TAMS 0x0000000083600000, 0x0000000083600000| Untracked 
|  55|0x0000000083700000, 0x0000000083700000, 0x0000000083800000|  0%| F|  |TAMS 0x0000000083700000, 0x0000000083700000| Untracked 
|  56|0x0000000083800000, 0x0000000083800000, 0x0000000083900000|  0%| F|  |TAMS 0x0000000083800000, 0x0000000083800000| Untracked 
|  57|0x0000000083900000, 0x0000000083900000, 0x0000000083a00000|  0%| F|  |TAMS 0x0000000083900000, 0x0000000083900000| Untracked 
|  58|0x0000000083a00000, 0x0000000083a00000, 0x0000000083b00000|  0%| F|  |TAMS 0x0000000083a00000, 0x0000000083a00000| Untracked 
|  59|0x0000000083b00000, 0x0000000083b00000, 0x0000000083c00000|  0%| F|  |TAMS 0x0000000083b00000, 0x0000000083b00000| Untracked 
|  60|0x0000000083c00000, 0x0000000083c00000, 0x0000000083d00000|  0%| F|  |TAMS 0x0000000083c00000, 0x0000000083c00000| Untracked 
|  61|0x0000000083d00000, 0x0000000083d00000, 0x0000000083e00000|  0%| F|  |TAMS 0x0000000083d00000, 0x0000000083d00000| Untracked 
|  62|0x0000000083e00000, 0x0000000083e00000, 0x0000000083f00000|  0%| F|  |TAMS 0x0000000083e00000, 0x0000000083e00000| Untracked 
|  63|0x0000000083f00000, 0x0000000083f00000, 0x0000000084000000|  0%| F|  |TAMS 0x0000000083f00000, 0x0000000083f00000| Untracked 
|  64|0x0000000084000000, 0x0000000084000000, 0x0000000084100000|  0%| F|  |TAMS 0x0000000084000000, 0x0000000084000000| Untracked 
|  65|0x0000000084100000, 0x0000000084100000, 0x0000000084200000|  0%| F|  |TAMS 0x0000000084100000, 0x0000000084100000| Untracked 
|  66|0x0000000084200000, 0x0000000084200000, 0x0000000084300000|  0%| F|  |TAMS 0x0000000084200000, 0x0000000084200000| Untracked 
|  67|0x0000000084300000, 0x0000000084300000, 0x0000000084400000|  0%| F|  |TAMS 0x0000000084300000, 0x0000000084300000| Untracked 
|  68|0x0000000084400000, 0x0000000084400000, 0x0000000084500000|  0%| F|  |TAMS 0x0000000084400000, 0x0000000084400000| Untracked 
|  69|0x0000000084500000, 0x0000000084500000, 0x0000000084600000|  0%| F|  |TAMS 0x0000000084500000, 0x0000000084500000| Untracked 
|  70|0x0000000084600000, 0x0000000084600000, 0x0000000084700000|  0%| F|  |TAMS 0x0000000084600000, 0x0000000084600000| Untracked 
|  71|0x0000000084700000, 0x0000000084700000, 0x0000000084800000|  0%| F|  |TAMS 0x0000000084700000, 0x0000000084700000| Untracked 
|  77|0x0000000084d00000, 0x0000000084d00000, 0x0000000084e00000|  0%| F|  |TAMS 0x0000000084d00000, 0x0000000084d00000| Untracked 
|  78|0x0000000084e00000, 0x0000000084e00000, 0x0000000084f00000|  0%| F|  |TAMS 0x0000000084e00000, 0x0000000084e00000| Untracked 
|  79|0x0000000084f00000, 0x0000000084f00000, 0x0000000085000000|  0%| F|  |TAMS 0x0000000084f00000, 0x0000000084f00000| Untracked 
|  80|0x0000000085000000, 0x0000000085000000, 0x0000000085100000|  0%| F|  |TAMS 0x0000000085000000, 0x0000000085000000| Untracked 
|  81|0x0000000085100000, 0x00000000851f6070, 0x0000000085200000| 96%| S|CS|TAMS 0x0000000085100000, 0x0000000085100000| Complete 
|  82|0x0000000085200000, 0x0000000085300000, 0x0000000085300000|100%| S|CS|TAMS 0x0000000085200000, 0x0000000085200000| Complete 
|  83|0x0000000085300000, 0x0000000085300000, 0x0000000085400000|  0%| F|  |TAMS 0x0000000085300000, 0x0000000085300000| Untracked 
|  84|0x0000000085400000, 0x0000000085400000, 0x0000000085500000|  0%| F|  |TAMS 0x0000000085400000, 0x0000000085400000| Untracked 
| 125|0x0000000087d00000, 0x0000000087e00000, 0x0000000087e00000|100%| E|  |TAMS 0x0000000087d00000, 0x0000000087d00000| Complete 

Card table byte_map: [0x0000018ed1b90000,0x0000018ed1f90000] _byte_map_base: 0x0000018ed1790000

Marking Bits (Prev, Next): (CMBitMap*) 0x0000018ebd0d8c80, (CMBitMap*) 0x0000018ebd0d8cc0
 Prev Bits: [0x0000018ed2390000, 0x0000018ed4390000)
 Next Bits: [0x0000018ed4390000, 0x0000018ed6390000)

Polling page: 0x0000018ebd150000

Metaspace:

Usage:
  Non-class:     45.34 MB used.
      Class:      6.98 MB used.
       Both:     52.31 MB used.

Virtual space:
  Non-class space:       48.00 MB reserved,      45.62 MB ( 95%) committed,  6 nodes.
      Class space:        1.00 GB reserved,       7.19 MB ( <1%) committed,  1 nodes.
             Both:        1.05 GB reserved,      52.81 MB (  5%) committed. 

Chunk freelists:
   Non-Class:  2.33 MB
       Class:  808.00 KB
        Both:  3.12 MB

MaxMetaspaceSize: unlimited
CompressedClassSpaceSize: 1.00 GB
Initial GC threshold: 21.00 MB
Current GC threshold: 88.06 MB
CDS: off
MetaspaceReclaimPolicy: balanced
 - commit_granule_bytes: 65536.
 - commit_granule_words: 8192.
 - virtual_space_node_default_size: 1048576.
 - enlarge_chunks_in_place: 1.
 - new_chunks_are_fully_committed: 0.
 - uncommit_free_chunks: 1.
 - use_allocation_guard: 0.
 - handle_deallocations: 1.


Internal statistics:

num_allocs_failed_limit: 6.
num_arena_births: 590.
num_arena_deaths: 0.
num_vsnodes_births: 7.
num_vsnodes_deaths: 0.
num_space_committed: 845.
num_space_uncommitted: 0.
num_chunks_returned_to_freelist: 6.
num_chunks_taken_from_freelist: 2299.
num_chunk_merges: 6.
num_chunk_splits: 1541.
num_chunks_enlarged: 1063.
num_purges: 0.
num_inconsistent_stats: 0.

CodeHeap 'non-profiled nmethods': size=120000Kb used=3149Kb max_used=3149Kb free=116850Kb
 bounds [0x0000018ec97f0000, 0x0000018ec9b10000, 0x0000018ed0d20000]
CodeHeap 'profiled nmethods': size=120000Kb used=11216Kb max_used=11216Kb free=108783Kb
 bounds [0x0000018ec1d20000, 0x0000018ec2820000, 0x0000018ec9250000]
CodeHeap 'non-nmethods': size=5760Kb used=2315Kb max_used=2390Kb free=3444Kb
 bounds [0x0000018ec9250000, 0x0000018ec94c0000, 0x0000018ec97f0000]
 total_blobs=6710 nmethods=5877 adapters=745
 compilation: enabled
              stopped_count=0, restarted_count=0
 full_count=0

Compilation events (20 events):
Event: 5.537 Thread 0x0000018ed9848890 5885       3       org.gradle.launcher.daemon.server.exec.DaemonConnectionBackedEventConsumer$ForwardEvents::moreMessagesToSend (35 bytes)
Event: 5.537 Thread 0x0000018ed9848890 nmethod 5885 0x0000018ec280bb90 code [0x0000018ec280bd40, 0x0000018ec280c008]
Event: 5.537 Thread 0x0000018ed9848890 5887   !   3       org.gradle.launcher.daemon.server.exec.DaemonConnectionBackedEventConsumer$ForwardEvents::getNextEvent (27 bytes)
Event: 5.537 Thread 0x0000018ed9848890 nmethod 5887 0x0000018ec280c110 code [0x0000018ec280c2c0, 0x0000018ec280c548]
Event: 5.541 Thread 0x0000018ed9848890 5888       3       java.util.jar.Manifest::read (415 bytes)
Event: 5.544 Thread 0x0000018ed9848890 nmethod 5888 0x0000018ec280c690 code [0x0000018ec280cba0, 0x0000018ec280f2b8]
Event: 5.544 Thread 0x0000018ed9848890 5891   !   3       jdk.internal.loader.URLClassPath$JarLoader$1::run (175 bytes)
Event: 5.544 Thread 0x0000018ed9848890 nmethod 5891 0x0000018ec2810310 code [0x0000018ec2810540, 0x0000018ec2810c98]
Event: 5.544 Thread 0x0000018ed9848890 5889       3       jdk.internal.loader.URLClassPath$JarLoader::<init> (67 bytes)
Event: 5.545 Thread 0x0000018ed9848890 nmethod 5889 0x0000018ec2811110 code [0x0000018ec28113a0, 0x0000018ec2811f98]
Event: 5.545 Thread 0x0000018ed9848890 5890       3       jdk.internal.loader.URLClassPath$Loader::<init> (10 bytes)
Event: 5.545 Thread 0x0000018ed9848890 nmethod 5890 0x0000018ec2812410 code [0x0000018ec28125a0, 0x0000018ec2812758]
Event: 5.545 Thread 0x0000018ed9848890 5892       3       jdk.internal.loader.URLClassPath$JarLoader::getJarFile (102 bytes)
Event: 5.546 Thread 0x0000018ed9848890 nmethod 5892 0x0000018ec2812810 code [0x0000018ec2812ae0, 0x0000018ec28137a8]
Event: 5.546 Thread 0x0000018ed9848890 5893       3       jdk.internal.loader.URLClassPath$JarLoader::isOptimizable (10 bytes)
Event: 5.546 Thread 0x0000018ed9848890 nmethod 5893 0x0000018ec2813c90 code [0x0000018ec2813e40, 0x0000018ec2813fa8]
Event: 5.546 Thread 0x0000018ed9d21190 nmethod 5695 0x0000018ec9af4590 code [0x0000018ec9af4c40, 0x0000018ec9afc458]
Event: 5.546 Thread 0x0000018ed9d21190 5830       4       java.net.URI$Parser::scan (76 bytes)
Event: 5.549 Thread 0x0000018ed9d21190 nmethod 5830 0x0000018ec9aff290 code [0x0000018ec9aff420, 0x0000018ec9aff6a8]
Event: 5.549 Thread 0x0000018ed9d21190 5882       4       java.util.AbstractCollection::addAll (42 bytes)

GC Heap History (20 events):
Event: 2.598 GC heap before
{Heap before GC invocations=5 (full 0):
 garbage-first heap   total 68608K, used 45882K [0x0000000080000000, 0x0000000100000000)
  region size 1024K, 28 young (28672K), 3 survivors (3072K)
 Metaspace       used 30169K, committed 30464K, reserved 1081344K
  class space    used 4095K, committed 4224K, reserved 1048576K
}
Event: 2.600 GC heap after
{Heap after GC invocations=6 (full 0):
 garbage-first heap   total 68608K, used 22507K [0x0000000080000000, 0x0000000100000000)
  region size 1024K, 4 young (4096K), 4 survivors (4096K)
 Metaspace       used 30169K, committed 30464K, reserved 1081344K
  class space    used 4095K, committed 4224K, reserved 1048576K
}
Event: 2.968 GC heap before
{Heap before GC invocations=6 (full 0):
 garbage-first heap   total 68608K, used 49131K [0x0000000080000000, 0x0000000100000000)
  region size 1024K, 30 young (30720K), 4 survivors (4096K)
 Metaspace       used 34694K, committed 35072K, reserved 1081344K
  class space    used 4800K, committed 4992K, reserved 1048576K
}
Event: 2.971 GC heap after
{Heap after GC invocations=7 (full 0):
 garbage-first heap   total 68608K, used 23978K [0x0000000080000000, 0x0000000100000000)
  region size 1024K, 4 young (4096K), 4 survivors (4096K)
 Metaspace       used 34694K, committed 35072K, reserved 1081344K
  class space    used 4800K, committed 4992K, reserved 1048576K
}
Event: 3.047 GC heap before
{Heap before GC invocations=7 (full 0):
 garbage-first heap   total 68608K, used 27050K [0x0000000080000000, 0x0000000100000000)
  region size 1024K, 9 young (9216K), 4 survivors (4096K)
 Metaspace       used 35603K, committed 35968K, reserved 1081344K
  class space    used 4874K, committed 5056K, reserved 1048576K
}
Event: 3.050 GC heap after
{Heap after GC invocations=8 (full 0):
 garbage-first heap   total 68608K, used 25131K [0x0000000080000000, 0x0000000100000000)
  region size 1024K, 3 young (3072K), 3 survivors (3072K)
 Metaspace       used 35603K, committed 35968K, reserved 1081344K
  class space    used 4874K, committed 5056K, reserved 1048576K
}
Event: 3.355 GC heap before
{Heap before GC invocations=9 (full 0):
 garbage-first heap   total 68608K, used 49707K [0x0000000080000000, 0x0000000100000000)
  region size 1024K, 28 young (28672K), 3 survivors (3072K)
 Metaspace       used 40404K, committed 40768K, reserved 1089536K
  class space    used 5358K, committed 5504K, reserved 1048576K
}
Event: 3.364 GC heap after
{Heap after GC invocations=10 (full 0):
 garbage-first heap   total 68608K, used 28437K [0x0000000080000000, 0x0000000100000000)
  region size 1024K, 4 young (4096K), 4 survivors (4096K)
 Metaspace       used 40404K, committed 40768K, reserved 1089536K
  class space    used 5358K, committed 5504K, reserved 1048576K
}
Event: 3.591 GC heap before
{Heap before GC invocations=10 (full 0):
 garbage-first heap   total 68608K, used 54037K [0x0000000080000000, 0x0000000100000000)
  region size 1024K, 26 young (26624K), 4 survivors (4096K)
 Metaspace       used 42948K, committed 43392K, reserved 1089536K
  class space    used 5639K, committed 5824K, reserved 1048576K
}
Event: 3.599 GC heap after
{Heap after GC invocations=11 (full 0):
 garbage-first heap   total 82944K, used 30013K [0x0000000080000000, 0x0000000100000000)
  region size 1024K, 3 young (3072K), 3 survivors (3072K)
 Metaspace       used 42948K, committed 43392K, reserved 1089536K
  class space    used 5639K, committed 5824K, reserved 1048576K
}
Event: 3.966 GC heap before
{Heap before GC invocations=11 (full 0):
 garbage-first heap   total 82944K, used 60733K [0x0000000080000000, 0x0000000100000000)
  region size 1024K, 33 young (33792K), 3 survivors (3072K)
 Metaspace       used 46134K, committed 46592K, reserved 1089536K
  class space    used 6065K, committed 6272K, reserved 1048576K
}
Event: 3.969 GC heap after
{Heap after GC invocations=12 (full 0):
 garbage-first heap   total 82944K, used 31802K [0x0000000080000000, 0x0000000100000000)
  region size 1024K, 4 young (4096K), 4 survivors (4096K)
 Metaspace       used 46134K, committed 46592K, reserved 1089536K
  class space    used 6065K, committed 6272K, reserved 1048576K
}
Event: 4.422 GC heap before
{Heap before GC invocations=12 (full 0):
 garbage-first heap   total 82944K, used 62522K [0x0000000080000000, 0x0000000100000000)
  region size 1024K, 34 young (34816K), 4 survivors (4096K)
 Metaspace       used 50370K, committed 50880K, reserved 1097728K
  class space    used 6751K, committed 6976K, reserved 1048576K
}
Event: 4.427 GC heap after
{Heap after GC invocations=13 (full 0):
 garbage-first heap   total 82944K, used 33529K [0x0000000080000000, 0x0000000100000000)
  region size 1024K, 4 young (4096K), 4 survivors (4096K)
 Metaspace       used 50370K, committed 50880K, reserved 1097728K
  class space    used 6751K, committed 6976K, reserved 1048576K
}
Event: 4.967 GC heap before
{Heap before GC invocations=13 (full 0):
 garbage-first heap   total 82944K, used 64249K [0x0000000080000000, 0x0000000100000000)
  region size 1024K, 34 young (34816K), 4 survivors (4096K)
 Metaspace       used 52961K, committed 53440K, reserved 1097728K
  class space    used 7086K, committed 7296K, reserved 1048576K
}
Event: 4.975 GC heap after
{Heap after GC invocations=14 (full 0):
 garbage-first heap   total 82944K, used 36128K [0x0000000080000000, 0x0000000100000000)
  region size 1024K, 5 young (5120K), 5 survivors (5120K)
 Metaspace       used 52961K, committed 53440K, reserved 1097728K
  class space    used 7086K, committed 7296K, reserved 1048576K
}
Event: 5.486 GC heap before
{Heap before GC invocations=14 (full 0):
 garbage-first heap   total 82944K, used 60704K [0x0000000080000000, 0x0000000100000000)
  region size 1024K, 27 young (27648K), 5 survivors (5120K)
 Metaspace       used 53564K, committed 54080K, reserved 1097728K
  class space    used 7142K, committed 7360K, reserved 1048576K
}
Event: 5.492 GC heap after
{Heap after GC invocations=15 (full 0):
 garbage-first heap   total 82944K, used 42675K [0x0000000080000000, 0x0000000100000000)
  region size 1024K, 4 young (4096K), 4 survivors (4096K)
 Metaspace       used 53564K, committed 54080K, reserved 1097728K
  class space    used 7142K, committed 7360K, reserved 1048576K
}
Event: 5.583 GC heap before
{Heap before GC invocations=16 (full 0):
 garbage-first heap   total 82944K, used 45747K [0x0000000080000000, 0x0000000100000000)
  region size 1024K, 7 young (7168K), 4 survivors (4096K)
 Metaspace       used 53567K, committed 54080K, reserved 1097728K
  class space    used 7142K, committed 7360K, reserved 1048576K
}
Event: 5.586 GC heap after
{Heap after GC invocations=17 (full 0):
 garbage-first heap   total 82944K, used 45460K [0x0000000080000000, 0x0000000100000000)
  region size 1024K, 2 young (2048K), 2 survivors (2048K)
 Metaspace       used 53567K, committed 54080K, reserved 1097728K
  class space    used 7142K, committed 7360K, reserved 1048576K
}

Dll operation events (2 events):
Event: 0.007 Loaded shared library C:\Program Files\Android\Android Studio\jbr\bin\java.dll
Event: 0.353 Loaded shared library C:\Program Files\Android\Android Studio\jbr\bin\verify.dll

Deoptimization events (20 events):
Event: 5.246 Thread 0x0000018edc600260 DEOPT PACKING pc=0x0000018ec999f624 sp=0x0000005e138f8560
Event: 5.246 Thread 0x0000018edc600260 DEOPT UNPACKING pc=0x0000018ec92a69a3 sp=0x0000005e138f84e8 mode 2
Event: 5.347 Thread 0x0000018edc600260 DEOPT PACKING pc=0x0000018ec2592351 sp=0x0000005e138f8b40
Event: 5.347 Thread 0x0000018edc600260 DEOPT UNPACKING pc=0x0000018ec92a7143 sp=0x0000005e138f8038 mode 0
Event: 5.358 Thread 0x0000018edc600260 DEOPT PACKING pc=0x0000018ec2592351 sp=0x0000005e138f8b40
Event: 5.358 Thread 0x0000018edc600260 DEOPT UNPACKING pc=0x0000018ec92a7143 sp=0x0000005e138f8038 mode 0
Event: 5.359 Thread 0x0000018edc600260 DEOPT PACKING pc=0x0000018ec2592351 sp=0x0000005e138f9020
Event: 5.359 Thread 0x0000018edc600260 DEOPT UNPACKING pc=0x0000018ec92a7143 sp=0x0000005e138f8518 mode 0
Event: 5.390 Thread 0x0000018edc600260 Uncommon trap: trap_request=0xfffffff4 fr.pc=0x0000018ec9a850c4 relative=0x00000000000006e4
Event: 5.390 Thread 0x0000018edc600260 Uncommon trap: reason=null_check action=make_not_entrant pc=0x0000018ec9a850c4 method=org.gradle.util.internal.SimpleMapInterner.intern(Ljava/lang/Object;)Ljava/lang/Object; @ 2 c2
Event: 5.390 Thread 0x0000018edc600260 DEOPT PACKING pc=0x0000018ec9a850c4 sp=0x0000005e138f9390
Event: 5.390 Thread 0x0000018edc600260 DEOPT UNPACKING pc=0x0000018ec92a69a3 sp=0x0000005e138f9358 mode 2
Event: 5.390 Thread 0x0000018edc600260 Uncommon trap: trap_request=0xffffff45 fr.pc=0x0000018ec9a84150 relative=0x00000000000006f0
Event: 5.390 Thread 0x0000018edc600260 Uncommon trap: reason=unstable_if action=reinterpret pc=0x0000018ec9a84150 method=org.gradle.util.internal.SimpleMapInterner.intern(Ljava/lang/String;)Ljava/lang/String; @ 1 c2
Event: 5.390 Thread 0x0000018edc600260 DEOPT PACKING pc=0x0000018ec9a84150 sp=0x0000005e138f9320
Event: 5.390 Thread 0x0000018edc600260 DEOPT UNPACKING pc=0x0000018ec92a69a3 sp=0x0000005e138f92e8 mode 2
Event: 5.460 Thread 0x0000018edc600260 Uncommon trap: trap_request=0xffffff45 fr.pc=0x0000018ec984f994 relative=0x00000000000006d4
Event: 5.460 Thread 0x0000018edc600260 Uncommon trap: reason=unstable_if action=reinterpret pc=0x0000018ec984f994 method=java.util.jar.Manifest$FastInputStream.readLine([BII)I @ 130 c2
Event: 5.460 Thread 0x0000018edc600260 DEOPT PACKING pc=0x0000018ec984f994 sp=0x0000005e138f86d0
Event: 5.460 Thread 0x0000018edc600260 DEOPT UNPACKING pc=0x0000018ec92a69a3 sp=0x0000005e138f8660 mode 2

Classes unloaded (0 events):
No events

Classes redefined (0 events):
No events

Internal exceptions (20 events):
Event: 4.146 Thread 0x0000018edbc8b460 Exception <a 'java/lang/NoSuchMethodError'{0x00000000844aede0}: static Lorg/gradle/internal/build/event/types/DefaultOperationDescriptor;.<clinit>()V> (0x00000000844aede0) 
thrown [s\src\hotspot\share\prims\jni.cpp, line 1108]
Event: 4.148 Thread 0x0000018edbc8b460 Exception <a 'java/lang/NoSuchMethodError'{0x00000000844c4bc8}: static Lorg/gradle/internal/operations/OperationIdentifier;.<clinit>()V> (0x00000000844c4bc8) 
thrown [s\src\hotspot\share\prims\jni.cpp, line 1108]
Event: 4.543 Thread 0x0000018edc600260 Exception <a 'java/lang/NoSuchMethodError'{0x00000000847a7fe0}: 'int java.lang.invoke.DirectMethodHandle$Holder.invokeStatic(java.lang.Object)'> (0x00000000847a7fe0) 
thrown [s\src\hotspot\share\interpreter\linkResolver.cpp, line 771]
Event: 4.543 Thread 0x0000018edc600260 Exception <a 'java/lang/NoSuchMethodError'{0x00000000847ac678}: 'int java.lang.invoke.DirectMethodHandle$Holder.invokeStaticInit(java.lang.Object)'> (0x00000000847ac678) 
thrown [s\src\hotspot\share\interpreter\linkResolver.cpp, line 771]
Event: 4.549 Thread 0x0000018edc600260 Exception <a 'java/lang/NoSuchMethodError'{0x0000000084621118}: 'java.lang.Object java.lang.invoke.DirectMethodHandle$Holder.newInvokeSpecial(java.lang.Object, java.lang.Object, java.lang.Object, java.lang.Object, java.lang.Object, int)'> (0x0000000084621118) 
thrown [s\src\hotspot\share\interpreter\linkResolver.cpp, line 771]
Event: 4.549 Thread 0x0000018edc600260 Exception <a 'java/lang/NoSuchMethodError'{0x0000000084626770}: 'java.lang.Object java.lang.invoke.DirectMethodHandle$Holder.invokeSpecial(java.lang.Object, java.lang.Object, java.lang.Object, java.lang.Object, java.lang.Object, java.lang.Object, int)'> (0x0000000084626770) 
thrown [s\src\hotspot\share\interpreter\linkResolver.cpp, line 771]
Event: 4.563 Thread 0x0000018edc600260 Exception <a 'java/lang/NoSuchMethodError'{0x00000000846fd600}: 'void java.lang.invoke.DirectMethodHandle$Holder.invokeStatic(java.lang.Object, java.lang.Object, java.lang.Object, int, java.lang.Object)'> (0x00000000846fd600) 
thrown [s\src\hotspot\share\interpreter\linkResolver.cpp, line 771]
Event: 4.618 Thread 0x0000018edc600260 Exception <a 'java/lang/NoSuchMethodError'{0x0000000084258740}: 'java.lang.Object java.lang.invoke.DirectMethodHandle$Holder.newInvokeSpecial(java.lang.Object, java.lang.Object, int)'> (0x0000000084258740) 
thrown [s\src\hotspot\share\interpreter\linkResolver.cpp, line 771]
Event: 4.917 Thread 0x0000018edc600260 Implicit null exception at 0x0000018ec9ab206f to 0x0000018ec9ab22d0
Event: 5.237 Thread 0x0000018edc600260 Exception <a 'java/lang/NoSuchMethodError'{0x00000000844c1258}: 'long java.lang.invoke.DirectMethodHandle$Holder.invokeVirtual(java.lang.Object, java.lang.Object)'> (0x00000000844c1258) 
thrown [s\src\hotspot\share\interpreter\linkResolver.cpp, line 771]
Event: 5.244 Thread 0x0000018edbc8b460 Exception <a 'java/lang/NoSuchMethodError'{0x00000000844ea968}: static Lorg/gradle/internal/build/event/types/DefaultOperationFinishedProgressEvent;.<clinit>()V> (0x00000000844ea968) 
thrown [s\src\hotspot\share\prims\jni.cpp, line 1108]
Event: 5.247 Thread 0x0000018edbc8b460 Exception <a 'java/lang/NoSuchMethodError'{0x000000008438d2c8}: static Lorg/gradle/internal/build/event/types/DefaultProjectConfigurationSuccessResult;.<clinit>()V> (0x000000008438d2c8) 
thrown [s\src\hotspot\share\prims\jni.cpp, line 1108]
Event: 5.247 Thread 0x0000018edbc8b460 Exception <a 'java/lang/NoSuchMethodError'{0x000000008438e5d0}: static Lorg/gradle/internal/build/event/types/AbstractProjectConfigurationResult;.<clinit>()V> (0x000000008438e5d0) 
thrown [s\src\hotspot\share\prims\jni.cpp, line 1108]
Event: 5.247 Thread 0x0000018edbc8b460 Exception <a 'java/lang/NoSuchMethodError'{0x000000008438fb30}: static Lorg/gradle/internal/build/event/types/AbstractOperationResult;.<clinit>()V> (0x000000008438fb30) 
thrown [s\src\hotspot\share\prims\jni.cpp, line 1108]
Event: 5.247 Thread 0x0000018edbc8b460 Exception <a 'java/lang/NoSuchMethodError'{0x0000000084390d40}: static Lorg/gradle/internal/build/event/types/AbstractResult;.<clinit>()V> (0x0000000084390d40) 
thrown [s\src\hotspot\share\prims\jni.cpp, line 1108]
Event: 5.249 Thread 0x0000018edbc8b460 Exception <a 'java/lang/NoSuchMethodError'{0x00000000843a6cf0}: static Lorg/gradle/internal/build/event/types/DefaultPluginApplicationResult;.<clinit>()V> (0x00000000843a6cf0) 
thrown [s\src\hotspot\share\prims\jni.cpp, line 1108]
Event: 5.250 Thread 0x0000018edbc8b460 Exception <a 'java/lang/NoSuchMethodError'{0x00000000843b2210}: static Lorg/gradle/internal/build/event/types/DefaultBinaryPluginIdentifier;.<clinit>()V> (0x00000000843b2210) 
thrown [s\src\hotspot\share\prims\jni.cpp, line 1108]
Event: 5.252 Thread 0x0000018edbc8b460 Exception <a 'java/lang/NoSuchMethodError'{0x00000000843c7e50}: static Lorg/gradle/internal/build/event/types/DefaultScriptPluginIdentifier;.<clinit>()V> (0x00000000843c7e50) 
thrown [s\src\hotspot\share\prims\jni.cpp, line 1108]
Event: 5.390 Thread 0x0000018edc600260 Implicit null exception at 0x0000018ec9a84a12 to 0x0000018ec9a850b4
Event: 5.390 Thread 0x0000018edc600260 Implicit null exception at 0x0000018ec9a83a94 to 0x0000018ec9a84138

VM Operations (20 events):
Event: 4.743 Executing VM operation: ICBufferFull
Event: 4.743 Executing VM operation: ICBufferFull done
Event: 4.797 Executing VM operation: HandshakeAllThreads
Event: 4.797 Executing VM operation: HandshakeAllThreads done
Event: 4.967 Executing VM operation: G1CollectForAllocation
Event: 4.976 Executing VM operation: G1CollectForAllocation done
Event: 5.239 Executing VM operation: HandshakeAllThreads
Event: 5.240 Executing VM operation: HandshakeAllThreads done
Event: 5.243 Executing VM operation: ICBufferFull
Event: 5.243 Executing VM operation: ICBufferFull done
Event: 5.243 Executing VM operation: ICBufferFull
Event: 5.244 Executing VM operation: ICBufferFull done
Event: 5.486 Executing VM operation: G1TryInitiateConcMark
Event: 5.494 Executing VM operation: G1TryInitiateConcMark done
Event: 5.522 Executing VM operation: G1Concurrent
Event: 5.525 Executing VM operation: G1Concurrent done
Event: 5.539 Executing VM operation: G1Concurrent
Event: 5.539 Executing VM operation: G1Concurrent done
Event: 5.583 Executing VM operation: G1TryInitiateConcMark
Event: 5.586 Executing VM operation: G1TryInitiateConcMark done

Events (20 events):
Event: 4.976 Thread 0x0000018edd7d8080 Thread added: 0x0000018edd7d8080
Event: 4.976 Thread 0x0000018edd7dabd0 Thread added: 0x0000018edd7dabd0
Event: 4.976 Thread 0x0000018edd7dba40 Thread added: 0x0000018edd7dba40
Event: 4.977 Thread 0x0000018edd7d8550 Thread added: 0x0000018edd7d8550
Event: 4.977 Thread 0x0000018edd7db570 Thread added: 0x0000018edd7db570
Event: 5.177 Thread 0x0000018edd7de0c0 Thread added: 0x0000018edd7de0c0
Event: 5.177 Thread 0x0000018edd7d93c0 Thread added: 0x0000018edd7d93c0
Event: 5.177 Thread 0x0000018edd7d9890 Thread added: 0x0000018edd7d9890
Event: 5.238 loading class java/util/stream/SortedOps
Event: 5.238 loading class java/util/stream/SortedOps done
Event: 5.238 loading class java/util/stream/SortedOps$OfRef
Event: 5.238 loading class java/util/stream/ReferencePipeline$StatefulOp
Event: 5.238 loading class java/util/stream/ReferencePipeline$StatefulOp done
Event: 5.239 loading class java/util/stream/SortedOps$OfRef done
Event: 5.240 loading class java/util/stream/SortedOps$RefSortingSink
Event: 5.240 loading class java/util/stream/SortedOps$AbstractRefSortingSink
Event: 5.240 loading class java/util/stream/SortedOps$AbstractRefSortingSink done
Event: 5.240 loading class java/util/stream/SortedOps$RefSortingSink done
Event: 5.251 loading class java/time/Ser
Event: 5.251 loading class java/time/Ser done


Dynamic libraries:
0x00007ff7d33a0000 - 0x00007ff7d33aa000 	C:\Program Files\Android\Android Studio\jbr\bin\java.exe
0x00007ffdcfed0000 - 0x00007ffdd00c7000 	C:\windows\SYSTEM32\ntdll.dll
0x00007ffdcf440000 - 0x00007ffdcf4fd000 	C:\windows\System32\KERNEL32.DLL
0x00007ffdcd5b0000 - 0x00007ffdcd8a6000 	C:\windows\System32\KERNELBASE.dll
0x00007ffdcd930000 - 0x00007ffdcda30000 	C:\windows\System32\ucrtbase.dll
0x00007ffdc5be0000 - 0x00007ffdc5bf7000 	C:\Program Files\Android\Android Studio\jbr\bin\jli.dll
0x00007ffd9bd20000 - 0x00007ffd9bd3b000 	C:\Program Files\Android\Android Studio\jbr\bin\VCRUNTIME140.dll
0x00007ffdcf920000 - 0x00007ffdcfabe000 	C:\windows\System32\USER32.dll
0x00007ffdcdca0000 - 0x00007ffdcdcc2000 	C:\windows\System32\win32u.dll
0x00007ffdcf230000 - 0x00007ffdcf25c000 	C:\windows\System32\GDI32.dll
0x00007ffdcdb80000 - 0x00007ffdcdc9a000 	C:\windows\System32\gdi32full.dll
0x00007ffdb6b00000 - 0x00007ffdb6d9a000 	C:\windows\WinSxS\amd64_microsoft.windows.common-controls_6595b64144ccf1df_6.0.19041.3570_none_60bb2a3971f3e41a\COMCTL32.dll
0x00007ffdcdae0000 - 0x00007ffdcdb7d000 	C:\windows\System32\msvcp_win.dll
0x00007ffdcf880000 - 0x00007ffdcf91e000 	C:\windows\System32\msvcrt.dll
0x00007ffdced30000 - 0x00007ffdced60000 	C:\windows\System32\IMM32.DLL
0x00007ffda51e0000 - 0x00007ffda51ec000 	C:\Program Files\Android\Android Studio\jbr\bin\vcruntime140_1.dll
0x00007ffd83c40000 - 0x00007ffd83ccd000 	C:\Program Files\Android\Android Studio\jbr\bin\msvcp140.dll
0x00007ffd7d9b0000 - 0x00007ffd7e61e000 	C:\Program Files\Android\Android Studio\jbr\bin\server\jvm.dll
0x00007ffdcf680000 - 0x00007ffdcf72e000 	C:\windows\System32\ADVAPI32.dll
0x00007ffdcdf30000 - 0x00007ffdcdfcc000 	C:\windows\System32\sechost.dll
0x00007ffdcf310000 - 0x00007ffdcf436000 	C:\windows\System32\RPCRT4.dll
0x00007ffdc4f10000 - 0x00007ffdc4f1a000 	C:\windows\SYSTEM32\VERSION.dll
0x00007ffdc7f80000 - 0x00007ffdc7f89000 	C:\windows\SYSTEM32\WSOCK32.dll
0x00007ffdb39f0000 - 0x00007ffdb3a17000 	C:\windows\SYSTEM32\WINMM.dll
0x00007ffdcfe20000 - 0x00007ffdcfe8b000 	C:\windows\System32\WS2_32.dll
0x00007ffdcbde0000 - 0x00007ffdcbdf2000 	C:\windows\SYSTEM32\kernel.appcore.dll
0x00007ffdc7a20000 - 0x00007ffdc7a2a000 	C:\Program Files\Android\Android Studio\jbr\bin\jimage.dll
0x00007ffdcbaf0000 - 0x00007ffdcbcd4000 	C:\windows\SYSTEM32\DBGHELP.DLL
0x00007ffdafba0000 - 0x00007ffdafbd4000 	C:\windows\SYSTEM32\dbgcore.DLL
0x00007ffdcdcd0000 - 0x00007ffdcdd52000 	C:\windows\System32\bcryptPrimitives.dll
0x00007ffdc7990000 - 0x00007ffdc79b5000 	C:\Program Files\Android\Android Studio\jbr\bin\java.dll
0x00007ffdc76a0000 - 0x00007ffdc76b8000 	C:\Program Files\Android\Android Studio\jbr\bin\zip.dll
0x00007ffdce160000 - 0x00007ffdce8a4000 	C:\windows\System32\SHELL32.dll
0x00007ffdcb350000 - 0x00007ffdcbaeb000 	C:\windows\SYSTEM32\windows.storage.dll
0x00007ffdcfac0000 - 0x00007ffdcfe14000 	C:\windows\System32\combase.dll
0x00007ffdccff0000 - 0x00007ffdcd01d000 	C:\windows\SYSTEM32\Wldp.dll
0x00007ffdcf260000 - 0x00007ffdcf30d000 	C:\windows\System32\SHCORE.dll
0x00007ffdcf820000 - 0x00007ffdcf875000 	C:\windows\System32\shlwapi.dll
0x00007ffdcd4e0000 - 0x00007ffdcd505000 	C:\windows\SYSTEM32\profapi.dll
0x00007ffdc70f0000 - 0x00007ffdc7109000 	C:\Program Files\Android\Android Studio\jbr\bin\net.dll
0x00007ffdc1220000 - 0x00007ffdc132a000 	C:\windows\SYSTEM32\WINHTTP.dll
0x00007ffdccd50000 - 0x00007ffdccdba000 	C:\windows\system32\mswsock.dll
0x00007ffdc5d20000 - 0x00007ffdc5d36000 	C:\Program Files\Android\Android Studio\jbr\bin\nio.dll
0x00007ffdc7910000 - 0x00007ffdc7920000 	C:\Program Files\Android\Android Studio\jbr\bin\verify.dll
0x00007ffda5da0000 - 0x00007ffda5dc7000 	C:\Users\jasse\.gradle\native\68d5fa5c4cc2d200863cafc0d521ce42e7d3e7ee720ec0a83991735586a16f82\windows-amd64\native-platform.dll
0x00007ffd7a320000 - 0x00007ffd7a464000 	C:\Users\jasse\.gradle\native\e376f236ea51e6404a007f0833ffe2c6e607c4080706a723a18a27aeea778392\windows-amd64\native-platform-file-events.dll
0x00007ffdc5c40000 - 0x00007ffdc5c49000 	C:\Program Files\Android\Android Studio\jbr\bin\management.dll
0x00007ffdc5bd0000 - 0x00007ffdc5bdb000 	C:\Program Files\Android\Android Studio\jbr\bin\management_ext.dll
0x00007ffdcf730000 - 0x00007ffdcf738000 	C:\windows\System32\PSAPI.DLL
0x00007ffdccf50000 - 0x00007ffdccf68000 	C:\windows\SYSTEM32\CRYPTSP.dll
0x00007ffdcc5f0000 - 0x00007ffdcc624000 	C:\windows\system32\rsaenh.dll
0x00007ffdcd900000 - 0x00007ffdcd927000 	C:\windows\System32\bcrypt.dll
0x00007ffdcd4a0000 - 0x00007ffdcd4ce000 	C:\windows\SYSTEM32\USERENV.dll
0x00007ffdccf40000 - 0x00007ffdccf4c000 	C:\windows\SYSTEM32\CRYPTBASE.dll
0x00007ffdcc9f0000 - 0x00007ffdcca2b000 	C:\windows\SYSTEM32\IPHLPAPI.DLL
0x00007ffdcf740000 - 0x00007ffdcf748000 	C:\windows\System32\NSI.dll
0x00007ffdc4c80000 - 0x00007ffdc4c97000 	C:\windows\SYSTEM32\dhcpcsvc6.DLL
0x00007ffdc4100000 - 0x00007ffdc411d000 	C:\windows\SYSTEM32\dhcpcsvc.DLL
0x00007ffdcca40000 - 0x00007ffdccb0a000 	C:\windows\SYSTEM32\DNSAPI.dll
0x00007ffdc4d70000 - 0x00007ffdc4d77000 	C:\windows\system32\wshunix.dll

dbghelp: loaded successfully - version: 4.0.5 - missing functions: none
symbol engine: initialized successfully - sym options: 0x614 - pdb path: .;C:\Program Files\Android\Android Studio\jbr\bin;C:\windows\SYSTEM32;C:\windows\WinSxS\amd64_microsoft.windows.common-controls_6595b64144ccf1df_6.0.19041.3570_none_60bb2a3971f3e41a;C:\Program Files\Android\Android Studio\jbr\bin\server;C:\Users\jasse\.gradle\native\68d5fa5c4cc2d200863cafc0d521ce42e7d3e7ee720ec0a83991735586a16f82\windows-amd64;C:\Users\jasse\.gradle\native\e376f236ea51e6404a007f0833ffe2c6e607c4080706a723a18a27aeea778392\windows-amd64

VM Arguments:
jvm_args: --add-opens=java.base/java.util=ALL-UNNAMED --add-opens=java.base/java.lang=ALL-UNNAMED --add-opens=java.base/java.lang.invoke=ALL-UNNAMED --add-opens=java.prefs/java.util.prefs=ALL-UNNAMED --add-opens=java.base/java.nio.charset=ALL-UNNAMED --add-opens=java.base/java.net=ALL-UNNAMED --add-opens=java.base/java.util.concurrent.atomic=ALL-UNNAMED -Xmx2048m -Dfile.encoding=UTF-8 -Duser.country=FR -Duser.language=fr -Duser.variant 
java_command: org.gradle.launcher.daemon.bootstrap.GradleDaemon 8.0
java_class_path (initial): C:\Users\jasse\.gradle\wrapper\dists\gradle-8.0-bin\ca5e32bp14vu59qr306oxotwh\gradle-8.0\lib\gradle-launcher-8.0.jar
Launcher Type: SUN_STANDARD

[Global flags]
     intx CICompilerCount                          = 4                                         {product} {ergonomic}
     uint ConcGCThreads                            = 2                                         {product} {ergonomic}
     uint G1ConcRefinementThreads                  = 8                                         {product} {ergonomic}
   size_t G1HeapRegionSize                         = 1048576                                   {product} {ergonomic}
    uintx GCDrainStackTargetSize                   = 64                                        {product} {ergonomic}
   size_t InitialHeapSize                          = 132120576                                 {product} {ergonomic}
   size_t MarkStackSize                            = 4194304                                   {product} {ergonomic}
   size_t MaxHeapSize                              = 2147483648                                {product} {command line}
   size_t MaxNewSize                               = 1287651328                                {product} {ergonomic}
   size_t MinHeapDeltaBytes                        = 1048576                                   {product} {ergonomic}
   size_t MinHeapSize                              = 8388608                                   {product} {ergonomic}
    uintx NonNMethodCodeHeapSize                   = 5839372                                {pd product} {ergonomic}
    uintx NonProfiledCodeHeapSize                  = 122909434                              {pd product} {ergonomic}
    uintx ProfiledCodeHeapSize                     = 122909434                              {pd product} {ergonomic}
    uintx ReservedCodeCacheSize                    = 251658240                              {pd product} {ergonomic}
     bool SegmentedCodeCache                       = true                                      {product} {ergonomic}
   size_t SoftMaxHeapSize                          = 2147483648                             {manageable} {ergonomic}
     bool UseCompressedClassPointers               = true                           {product lp64_product} {ergonomic}
     bool UseCompressedOops                        = true                           {product lp64_product} {ergonomic}
     bool UseG1GC                                  = true                                      {product} {ergonomic}
     bool UseLargePagesIndividualAllocation        = false                                  {pd product} {ergonomic}

Logging:
Log output configuration:
 #0: stdout all=warning uptime,level,tags
 #1: stderr all=off uptime,level,tags

Environment Variables:
JAVA_HOME=C:\Program Files\Java\jdk-13.0.2
PATH=C:\Users\jasse\Downloads\php-8.1.17-nts-Win32-vs16-x64;C:\Program Files\Java;C:\Program Files\Java\jdk1.8.0_301;C:\oraclexe\app\oracle\product\11.2.0\server\bin;C:\oraclexe\app\oracle\product\11.2.0\server\bin;C:\oraclexe\app\oracle\product\11.2.0\server\bin;C:\windows\system32;C:\windows;C:\windows\System32\Wbem;C:\windows\System32\WindowsPowerShell\v1.0\;C:\windows\System32\OpenSSH\;C:\Program Files (x86)\NVIDIA Corporation\PhysX\Common;C:\Program Files\NVIDIA Corporation\NVIDIA NvDLISR;C:\instantclient12-2;C:\oraclexe\app\oracle\admin\XE;C:\oraclexe;C:\Program Files\TortoiseGit\bin;C:\xampp\php\Symfony;C:\Program Files\nodejs\;C:\Users\jasse\AppData\Local\Microsoft\WindowsApps;C:\Program Files\CodeBlocks\MinGW\bin;C:\Program Files\CodeBlocks\MinGW\bin;C:\Program Files (x86)\D-Bus\bin;C:\Users\jasse\AppData\Local\Programs\Microsoft VS Code\bin;C:\Users\jasse\Desktop\php;C:\Users\jasse\AppData\Local\GitHubDesktop\bin;C:\Users\jasse\AppData\Local\ComposerSetup\bin;C:\Users\jasse\AppData\Roaming\Composer\vendor\bin;C:\Users\jasse\AppData\Roaming\npm
USERNAME=jasse
OS=Windows_NT
PROCESSOR_IDENTIFIER=Intel64 Family 6 Model 165 Stepping 2, GenuineIntel
TMP=C:\Users\jasse\AppData\Local\Temp
TEMP=C:\Users\jasse\AppData\Local\Temp


JNI global refs:
JNI global refs: 25, weak refs: 1

JNI global refs memory usage: 843, weak refs: 841


---------------  S Y S T E M  ---------------

OS:
 Windows 10 , 64 bit Build 19041 (10.0.19041.3570)
OS uptime: 0 days 0:21 hours

CPU: total 8 (initial active 8) (4 cores per cpu, 2 threads per core) family 6 model 165 stepping 2 microcode 0xf0, cx8, cmov, fxsr, ht, mmx, 3dnowpref, sse, sse2, sse3, ssse3, sse4.1, sse4.2, popcnt, lzcnt, tsc, tscinvbit, avx, avx2, aes, erms, clmul, bmi1, bmi2, adx, fma, vzeroupper, clflush, clflushopt

Memory: 4k page, system-wide physical 7993M (330M free)
TotalPageFile size 10993M (AvailPageFile size 4M)
current process WorkingSet (physical memory assigned to process): 261M, peak: 266M
current process commit charge ("private bytes"): 300M, peak: 305M

vm_info: OpenJDK 64-Bit Server VM (17.0.6+0-b2043.56-10027231) for windows-amd64 JRE (17.0.6+0-b2043.56-10027231), built on Apr 28 2023 00:43:19 by "androidbuild" with MS VC++ 16.10 / 16.11 (VS2019)

END.
