#
# There is insufficient memory for the Java Runtime Environment to continue.
# Native memory allocation (mmap) failed to map 119537664 bytes for G1 virtual space
# Possible reasons:
#   The system is out of physical RAM or swap space
#   The process is running with CompressedOops enabled, and the Java Heap may be blocking the growth of the native heap
# Possible solutions:
#   Reduce memory load on the system
#   Increase physical memory or swap space
#   Check if swap backing store is full
#   Decrease Java heap size (-Xmx/-Xms)
#   Decrease number of Java threads
#   Decrease Java thread stack sizes (-Xss)
#   Set larger code cache with -XX:ReservedCodeCacheSize=
#   JVM is running with Unscaled Compressed Oops mode in which the Java heap is
#     placed in the first 4GB address space. The Java Heap base address is the
#     maximum limit for the native heap growth. Please use -XX:HeapBaseMinAddress
#     to set the Java Heap base and to place the Java Heap above 4GB virtual address.
# This output file may be truncated or incomplete.
#
#  Out of Memory Error (os_windows.cpp:3769), pid=5232, tid=6952
#
# JRE version: OpenJDK Runtime Environment (17.0.6) (build 17.0.6+0-b2043.56-10027231)
# Java VM: OpenJDK 64-Bit Server VM (17.0.6+0-b2043.56-10027231, mixed mode, tiered, compressed oops, compressed class ptrs, g1 gc, windows-amd64)
# No core dump will be written. Minidumps are not enabled by default on client versions of Windows
#

---------------  S U M M A R Y ------------

Command Line: --add-opens=java.base/java.util=ALL-UNNAMED --add-opens=java.base/java.lang=ALL-UNNAMED --add-opens=java.base/java.lang.invoke=ALL-UNNAMED --add-opens=java.prefs/java.util.prefs=ALL-UNNAMED --add-opens=java.base/java.nio.charset=ALL-UNNAMED --add-opens=java.base/java.net=ALL-UNNAMED --add-opens=java.base/java.util.concurrent.atomic=ALL-UNNAMED -Xmx2048m -Dfile.encoding=UTF-8 -Duser.country=FR -Duser.language=fr -Duser.variant org.gradle.launcher.daemon.bootstrap.GradleDaemon 8.0

Host: Intel(R) Core(TM) i5-10300H CPU @ 2.50GHz, 8 cores, 7G,  Windows 10 , 64 bit Build 19041 (10.0.19041.3570)
Time: Wed Nov 15 01:02:30 2023 Afr. centrale Ouest elapsed time: 9.061665 seconds (0d 0h 0m 9s)

---------------  T H R E A D  ---------------

Current thread (0x0000023ac726f380):  VMThread "VM Thread" [stack: 0x000000c8d1c00000,0x000000c8d1d00000] [id=6952]

Stack: [0x000000c8d1c00000,0x000000c8d1d00000]
Native frames: (J=compiled Java code, j=interpreted, Vv=VM code, C=native code)
V  [jvm.dll+0x683c9a]
V  [jvm.dll+0x8427a4]
V  [jvm.dll+0x843f9e]
V  [jvm.dll+0x844603]
V  [jvm.dll+0x249b75]
V  [jvm.dll+0x680b69]
V  [jvm.dll+0x67505a]
V  [jvm.dll+0x309acb]
V  [jvm.dll+0x310f86]
V  [jvm.dll+0x3608ee]
V  [jvm.dll+0x360b1f]
V  [jvm.dll+0x2dfbf8]
V  [jvm.dll+0x2ddec4]
V  [jvm.dll+0x2dd4cc]
V  [jvm.dll+0x321f3b]
V  [jvm.dll+0x848ccb]
V  [jvm.dll+0x849a04]
V  [jvm.dll+0x849f1d]
V  [jvm.dll+0x84a2f4]
V  [jvm.dll+0x84a3c0]
V  [jvm.dll+0x7f274a]
V  [jvm.dll+0x682ad5]
C  [ucrtbase.dll+0x21bb2]
C  [KERNEL32.DLL+0x17344]
C  [ntdll.dll+0x526b1]

VM_Operation (0x000000c8d35f9d30): G1CollectForAllocation, mode: safepoint, requested by thread 0x0000023ac7dbea30


---------------  P R O C E S S  ---------------

Threads class SMR info:
_java_thread_list=0x0000023ac8c68e50, length=130, elements={
0x0000023aab44ba20, 0x0000023ac7296260, 0x0000023ac7297780, 0x0000023ac7c22190,
0x0000023ac7c25b70, 0x0000023ac7c271f0, 0x0000023ac7c28460, 0x0000023ac7c2f400,
0x0000023ac7c304a0, 0x0000023ac7c33550, 0x0000023ac7dbf3d0, 0x0000023ac7dbf8a0,
0x0000023ac7ea3bf0, 0x0000023ac7dbd6f0, 0x0000023ac7dbdbc0, 0x0000023ac7dbef00,
0x0000023ac7dbcd50, 0x0000023ac7dbd220, 0x0000023ac7dbe560, 0x0000023ac7dbea30,
0x0000023ac7dc0240, 0x0000023ac7dbfd70, 0x0000023ac7dbc880, 0x0000023ac93601e0,
0x0000023ac935db60, 0x0000023ac9361520, 0x0000023ac935e030, 0x0000023ac935e500,
0x0000023ac9361050, 0x0000023ac935e9d0, 0x0000023ac935f370, 0x0000023ac935eea0,
0x0000023ac935fd10, 0x0000023acb9a5310, 0x0000023acb9a6ff0, 0x0000023acb429c30,
0x0000023acb9a9670, 0x0000023acb9acb60, 0x0000023acb9a9b40, 0x0000023acb9ab350,
0x0000023acb9a6180, 0x0000023acb9a7e60, 0x0000023acb9ab820, 0x0000023acb9a8800,
0x0000023acb9a74c0, 0x0000023acb9a8330, 0x0000023acb9a5cb0, 0x0000023acb9a8cd0,
0x0000023acb9a91a0, 0x0000023acb9aa4e0, 0x0000023acb9aa010, 0x0000023acb9aa9b0,
0x0000023acfdbd650, 0x0000023acfdba160, 0x0000023acfdbf330, 0x0000023acfdb97c0,
0x0000023acfdb9c90, 0x0000023acfdbb4a0, 0x0000023acfdba630, 0x0000023acfdbbe40,
0x0000023acfdbab00, 0x0000023acfdbccb0, 0x0000023acfdbafd0, 0x0000023acfdbf800,
0x0000023acfdb92f0, 0x0000023acfdb7fb0, 0x0000023acfdb8480, 0x0000023acfdb8950,
0x0000023acfdbb970, 0x0000023acfdbc310, 0x0000023acfdbc7e0, 0x0000023acfdb8e20,
0x0000023acfdbd180, 0x0000023acfdbdb20, 0x0000023acfdbdff0, 0x0000023acfdbe4c0,
0x0000023acfdbe990, 0x0000023acfdbee60, 0x0000023acd0b8a40, 0x0000023acd0bbf30,
0x0000023acd0ba250, 0x0000023acd0b7700, 0x0000023acd0b8f10, 0x0000023acd0bea80,
0x0000023acd0bb0c0, 0x0000023acd0bb590, 0x0000023acd0b8570, 0x0000023acd0bdc10,
0x0000023acd0bcda0, 0x0000023acd0b9d80, 0x0000023acd0b93e0, 0x0000023acd0b98b0,
0x0000023acd0be5b0, 0x0000023acd0ba720, 0x0000023acd0bef50, 0x0000023acd0bd270,
0x0000023acd0bd740, 0x0000023acd0babf0, 0x0000023acd0bba60, 0x0000023acd0be0e0,
0x0000023acd0bc400, 0x0000023acd0b7bd0, 0x0000023acd0bc8d0, 0x0000023acd0b80a0,
0x0000023ad09fb470, 0x0000023ad0a00170, 0x0000023ad09fee30, 0x0000023ad0a027f0,
0x0000023ad0a00b10, 0x0000023ad0a01980, 0x0000023ad09fb940, 0x0000023ad09fe490,
0x0000023ad09fbe10, 0x0000023ad09fd150, 0x0000023ad09fdfc0, 0x0000023ad0a00fe0,
0x0000023ad09fc7b0, 0x0000023ad09fc2e0, 0x0000023ad09fcc80, 0x0000023ad0a014b0,
0x0000023ad09ffca0, 0x0000023ad09fe960, 0x0000023ad09ff300, 0x0000023ad09fd620,
0x0000023ad09fdaf0, 0x0000023ad09ff7d0, 0x0000023ad0a00640, 0x0000023ad0a02cc0,
0x0000023ad0560540, 0x0000023ad055ed30
}

Java Threads: ( => current thread )
  0x0000023aab44ba20 JavaThread "main" [_thread_blocked, id=14812, stack(0x000000c8d1600000,0x000000c8d1700000)]
  0x0000023ac7296260 JavaThread "Reference Handler" daemon [_thread_blocked, id=8000, stack(0x000000c8d1d00000,0x000000c8d1e00000)]
  0x0000023ac7297780 JavaThread "Finalizer" daemon [_thread_blocked, id=9288, stack(0x000000c8d1e00000,0x000000c8d1f00000)]
  0x0000023ac7c22190 JavaThread "Signal Dispatcher" daemon [_thread_blocked, id=12592, stack(0x000000c8d1f00000,0x000000c8d2000000)]
  0x0000023ac7c25b70 JavaThread "Attach Listener" daemon [_thread_blocked, id=11876, stack(0x000000c8d2000000,0x000000c8d2100000)]
  0x0000023ac7c271f0 JavaThread "Service Thread" daemon [_thread_blocked, id=19628, stack(0x000000c8d2100000,0x000000c8d2200000)]
  0x0000023ac7c28460 JavaThread "Monitor Deflation Thread" daemon [_thread_blocked, id=3648, stack(0x000000c8d2200000,0x000000c8d2300000)]
  0x0000023ac7c2f400 JavaThread "C2 CompilerThread0" daemon [_thread_blocked, id=10780, stack(0x000000c8d2300000,0x000000c8d2400000)]
  0x0000023ac7c304a0 JavaThread "C1 CompilerThread0" daemon [_thread_blocked, id=20176, stack(0x000000c8d2400000,0x000000c8d2500000)]
  0x0000023ac7c33550 JavaThread "Sweeper thread" daemon [_thread_blocked, id=11596, stack(0x000000c8d2500000,0x000000c8d2600000)]
  0x0000023ac7dbf3d0 JavaThread "Common-Cleaner" daemon [_thread_blocked, id=16356, stack(0x000000c8d2600000,0x000000c8d2700000)]
  0x0000023ac7dbf8a0 JavaThread "Notification Thread" daemon [_thread_blocked, id=1068, stack(0x000000c8d2700000,0x000000c8d2800000)]
  0x0000023ac7ea3bf0 JavaThread "C2 CompilerThread1" daemon [_thread_blocked, id=5184, stack(0x000000c8d2900000,0x000000c8d2a00000)]
  0x0000023ac7dbd6f0 JavaThread "Daemon health stats" [_thread_blocked, id=12188, stack(0x000000c8d2f00000,0x000000c8d3000000)]
  0x0000023ac7dbdbc0 JavaThread "Incoming local TCP Connector on port 52542" [_thread_in_native, id=13400, stack(0x000000c8d3000000,0x000000c8d3100000)]
  0x0000023ac7dbef00 JavaThread "Daemon periodic checks" [_thread_blocked, id=11120, stack(0x000000c8d3100000,0x000000c8d3200000)]
  0x0000023ac7dbcd50 JavaThread "Daemon" [_thread_blocked, id=21332, stack(0x000000c8d3200000,0x000000c8d3300000)]
  0x0000023ac7dbd220 JavaThread "Handler for socket connection from /127.0.0.1:52542 to /127.0.0.1:52543" [_thread_in_native, id=3320, stack(0x000000c8d3300000,0x000000c8d3400000)]
  0x0000023ac7dbe560 JavaThread "Cancel handler" [_thread_blocked, id=19176, stack(0x000000c8d3400000,0x000000c8d3500000)]
  0x0000023ac7dbea30 JavaThread "Daemon worker" [_thread_blocked, id=5068, stack(0x000000c8d3500000,0x000000c8d3600000)]
  0x0000023ac7dc0240 JavaThread "Asynchronous log dispatcher for DefaultDaemonConnection: socket connection from /127.0.0.1:52542 to /127.0.0.1:52543" [_thread_blocked, id=4332, stack(0x000000c8d3600000,0x000000c8d3700000)]
  0x0000023ac7dbfd70 JavaThread "Stdin handler" [_thread_blocked, id=12964, stack(0x000000c8d3700000,0x000000c8d3800000)]
  0x0000023ac7dbc880 JavaThread "Daemon client event forwarder" [_thread_blocked, id=17604, stack(0x000000c8d3800000,0x000000c8d3900000)]
  0x0000023ac93601e0 JavaThread "Cache worker for journal cache (C:\Users\jasse\.gradle\caches\journal-1)" [_thread_blocked, id=16480, stack(0x000000c8d3c00000,0x000000c8d3d00000)]
  0x0000023ac935db60 JavaThread "File lock request listener" [_thread_in_native, id=20260, stack(0x000000c8d3d00000,0x000000c8d3e00000)]
  0x0000023ac9361520 JavaThread "Cache worker for file hash cache (C:\Users\jasse\.gradle\caches\8.0\fileHashes)" [_thread_blocked, id=18356, stack(0x000000c8d3e00000,0x000000c8d3f00000)]
  0x0000023ac935e030 JavaThread "File watcher server" daemon [_thread_in_native, id=12528, stack(0x000000c8d4000000,0x000000c8d4100000)]
  0x0000023ac935e500 JavaThread "File watcher consumer" daemon [_thread_blocked, id=19524, stack(0x000000c8d4100000,0x000000c8d4200000)]
  0x0000023ac9361050 JavaThread "Cache worker for checksums cache (C:\Users\jasse\AndroidStudioProjects\front\.gradle\8.0\checksums)" [_thread_blocked, id=13556, stack(0x000000c8d4200000,0x000000c8d4300000)]
  0x0000023ac935e9d0 JavaThread "Cache worker for cache directory md-rule (C:\Users\jasse\.gradle\caches\8.0\md-rule)" [_thread_blocked, id=8028, stack(0x000000c8d4300000,0x000000c8d4400000)]
  0x0000023ac935f370 JavaThread "Cache worker for file content cache (C:\Users\jasse\.gradle\caches\8.0\fileContent)" [_thread_blocked, id=10076, stack(0x000000c8d4400000,0x000000c8d4500000)]
  0x0000023ac935eea0 JavaThread "Cache worker for file hash cache (C:\Users\jasse\AndroidStudioProjects\front\.gradle\8.0\fileHashes)" [_thread_blocked, id=10648, stack(0x000000c8d4500000,0x000000c8d4600000)]
  0x0000023ac935fd10 JavaThread "Cache worker for cache directory md-supplier (C:\Users\jasse\.gradle\caches\8.0\md-supplier)" [_thread_blocked, id=6696, stack(0x000000c8d4600000,0x000000c8d4700000)]
  0x0000023acb9a5310 JavaThread "Cache worker for execution history cache (C:\Users\jasse\.gradle\caches\8.0\executionHistory)" [_thread_blocked, id=2844, stack(0x000000c8d4700000,0x000000c8d4800000)]
  0x0000023acb9a6ff0 JavaThread "jar transforms" [_thread_blocked, id=8796, stack(0x000000c8d3f00000,0x000000c8d4000000)]
  0x0000023acb429c30 JavaThread "C2 CompilerThread2" daemon [_thread_blocked, id=4052, stack(0x000000c8d4800000,0x000000c8d4900000)]
  0x0000023acb9a9670 JavaThread "jar transforms Thread 2" [_thread_blocked, id=13960, stack(0x000000c8d4900000,0x000000c8d4a00000)]
  0x0000023acb9acb60 JavaThread "Cache worker for kotlin-dsl (C:\Users\jasse\.gradle\caches\8.0\kotlin-dsl)" [_thread_blocked, id=20460, stack(0x000000c8d4b00000,0x000000c8d4c00000)]
  0x0000023acb9a9b40 JavaThread "jar transforms Thread 3" [_thread_blocked, id=20796, stack(0x000000c8d4c00000,0x000000c8d4d00000)]
  0x0000023acb9ab350 JavaThread "jar transforms Thread 4" [_thread_blocked, id=4092, stack(0x000000c8d4d00000,0x000000c8d4e00000)]
  0x0000023acb9a6180 JavaThread "Cache worker for dependencies-accessors (C:\Users\jasse\AndroidStudioProjects\front\.gradle\8.0\dependencies-accessors)" [_thread_blocked, id=17564, stack(0x000000c8d4e00000,0x000000c8d4f00000)]
  0x0000023acb9a7e60 JavaThread "Cache worker for Build Output Cleanup Cache (C:\Users\jasse\AndroidStudioProjects\front\.gradle\buildOutputCleanup)" [_thread_blocked, id=14300, stack(0x000000c8d4f00000,0x000000c8d5000000)]
  0x0000023acb9ab820 JavaThread "jar transforms Thread 5" [_thread_blocked, id=15584, stack(0x000000c8d5000000,0x000000c8d5100000)]
  0x0000023acb9a8800 JavaThread "Unconstrained build operations" [_thread_blocked, id=12888, stack(0x000000c8d5100000,0x000000c8d5200000)]
  0x0000023acb9a74c0 JavaThread "Unconstrained build operations Thread 2" [_thread_blocked, id=16200, stack(0x000000c8d5200000,0x000000c8d5300000)]
  0x0000023acb9a8330 JavaThread "Unconstrained build operations Thread 3" [_thread_blocked, id=9568, stack(0x000000c8d5300000,0x000000c8d5400000)]
  0x0000023acb9a5cb0 JavaThread "Unconstrained build operations Thread 4" [_thread_blocked, id=11276, stack(0x000000c8d5400000,0x000000c8d5500000)]
  0x0000023acb9a8cd0 JavaThread "Unconstrained build operations Thread 5" [_thread_blocked, id=13616, stack(0x000000c8d5500000,0x000000c8d5600000)]
  0x0000023acb9a91a0 JavaThread "Unconstrained build operations Thread 6" [_thread_blocked, id=11280, stack(0x000000c8d5600000,0x000000c8d5700000)]
  0x0000023acb9aa4e0 JavaThread "Unconstrained build operations Thread 7" [_thread_blocked, id=16828, stack(0x000000c8d5700000,0x000000c8d5800000)]
  0x0000023acb9aa010 JavaThread "Unconstrained build operations Thread 8" [_thread_blocked, id=2656, stack(0x000000c8d5800000,0x000000c8d5900000)]
  0x0000023acb9aa9b0 JavaThread "Unconstrained build operations Thread 9" [_thread_blocked, id=9340, stack(0x000000c8d5900000,0x000000c8d5a00000)]
  0x0000023acfdbd650 JavaThread "Unconstrained build operations Thread 10" [_thread_blocked, id=11072, stack(0x000000c8d5a00000,0x000000c8d5b00000)]
  0x0000023acfdba160 JavaThread "Unconstrained build operations Thread 11" [_thread_blocked, id=10544, stack(0x000000c8d5b00000,0x000000c8d5c00000)]
  0x0000023acfdbf330 JavaThread "Unconstrained build operations Thread 12" [_thread_blocked, id=8088, stack(0x000000c8d5c00000,0x000000c8d5d00000)]
  0x0000023acfdb97c0 JavaThread "Unconstrained build operations Thread 13" [_thread_blocked, id=8076, stack(0x000000c8d5d00000,0x000000c8d5e00000)]
  0x0000023acfdb9c90 JavaThread "Unconstrained build operations Thread 14" [_thread_blocked, id=11304, stack(0x000000c8d5e00000,0x000000c8d5f00000)]
  0x0000023acfdbb4a0 JavaThread "Unconstrained build operations Thread 15" [_thread_blocked, id=8604, stack(0x000000c8d5f00000,0x000000c8d6000000)]
  0x0000023acfdba630 JavaThread "Unconstrained build operations Thread 16" [_thread_blocked, id=8264, stack(0x000000c8d6000000,0x000000c8d6100000)]
  0x0000023acfdbbe40 JavaThread "Unconstrained build operations Thread 17" [_thread_blocked, id=8440, stack(0x000000c8d6100000,0x000000c8d6200000)]
  0x0000023acfdbab00 JavaThread "Unconstrained build operations Thread 18" [_thread_blocked, id=19020, stack(0x000000c8d6200000,0x000000c8d6300000)]
  0x0000023acfdbccb0 JavaThread "Unconstrained build operations Thread 19" [_thread_blocked, id=9792, stack(0x000000c8d6300000,0x000000c8d6400000)]
  0x0000023acfdbafd0 JavaThread "Unconstrained build operations Thread 20" [_thread_blocked, id=9764, stack(0x000000c8d6400000,0x000000c8d6500000)]
  0x0000023acfdbf800 JavaThread "Unconstrained build operations Thread 21" [_thread_blocked, id=19084, stack(0x000000c8d6500000,0x000000c8d6600000)]
  0x0000023acfdb92f0 JavaThread "Unconstrained build operations Thread 22" [_thread_blocked, id=17112, stack(0x000000c8d6600000,0x000000c8d6700000)]
  0x0000023acfdb7fb0 JavaThread "Unconstrained build operations Thread 23" [_thread_blocked, id=15948, stack(0x000000c8d6700000,0x000000c8d6800000)]
  0x0000023acfdb8480 JavaThread "Unconstrained build operations Thread 24" [_thread_blocked, id=9628, stack(0x000000c8d6800000,0x000000c8d6900000)]
  0x0000023acfdb8950 JavaThread "Unconstrained build operations Thread 25" [_thread_blocked, id=11336, stack(0x000000c8d6900000,0x000000c8d6a00000)]
  0x0000023acfdbb970 JavaThread "Unconstrained build operations Thread 26" [_thread_blocked, id=4944, stack(0x000000c8d6a00000,0x000000c8d6b00000)]
  0x0000023acfdbc310 JavaThread "Unconstrained build operations Thread 27" [_thread_blocked, id=9620, stack(0x000000c8d6b00000,0x000000c8d6c00000)]
  0x0000023acfdbc7e0 JavaThread "Unconstrained build operations Thread 28" [_thread_blocked, id=7424, stack(0x000000c8d6c00000,0x000000c8d6d00000)]
  0x0000023acfdb8e20 JavaThread "Unconstrained build operations Thread 29" [_thread_blocked, id=19576, stack(0x000000c8d6d00000,0x000000c8d6e00000)]
  0x0000023acfdbd180 JavaThread "Unconstrained build operations Thread 30" [_thread_blocked, id=12484, stack(0x000000c8d6e00000,0x000000c8d6f00000)]
  0x0000023acfdbdb20 JavaThread "Unconstrained build operations Thread 31" [_thread_blocked, id=1264, stack(0x000000c8d6f00000,0x000000c8d7000000)]
  0x0000023acfdbdff0 JavaThread "Unconstrained build operations Thread 32" [_thread_blocked, id=11328, stack(0x000000c8d7000000,0x000000c8d7100000)]
  0x0000023acfdbe4c0 JavaThread "Unconstrained build operations Thread 33" [_thread_blocked, id=9864, stack(0x000000c8d7100000,0x000000c8d7200000)]
  0x0000023acfdbe990 JavaThread "Unconstrained build operations Thread 34" [_thread_blocked, id=16280, stack(0x000000c8d7200000,0x000000c8d7300000)]
  0x0000023acfdbee60 JavaThread "Unconstrained build operations Thread 35" [_thread_blocked, id=21292, stack(0x000000c8d7300000,0x000000c8d7400000)]
  0x0000023acd0b8a40 JavaThread "Unconstrained build operations Thread 36" [_thread_blocked, id=16820, stack(0x000000c8d7400000,0x000000c8d7500000)]
  0x0000023acd0bbf30 JavaThread "Unconstrained build operations Thread 37" [_thread_blocked, id=19144, stack(0x000000c8d7500000,0x000000c8d7600000)]
  0x0000023acd0ba250 JavaThread "Unconstrained build operations Thread 38" [_thread_blocked, id=8648, stack(0x000000c8d7600000,0x000000c8d7700000)]
  0x0000023acd0b7700 JavaThread "Unconstrained build operations Thread 39" [_thread_blocked, id=8672, stack(0x000000c8d7700000,0x000000c8d7800000)]
  0x0000023acd0b8f10 JavaThread "Unconstrained build operations Thread 40" [_thread_blocked, id=2732, stack(0x000000c8d7800000,0x000000c8d7900000)]
  0x0000023acd0bea80 JavaThread "Unconstrained build operations Thread 41" [_thread_blocked, id=6732, stack(0x000000c8d7900000,0x000000c8d7a00000)]
  0x0000023acd0bb0c0 JavaThread "Unconstrained build operations Thread 42" [_thread_blocked, id=6460, stack(0x000000c8d7a00000,0x000000c8d7b00000)]
  0x0000023acd0bb590 JavaThread "Unconstrained build operations Thread 43" [_thread_blocked, id=15024, stack(0x000000c8d7b00000,0x000000c8d7c00000)]
  0x0000023acd0b8570 JavaThread "Unconstrained build operations Thread 44" [_thread_blocked, id=6300, stack(0x000000c8d7c00000,0x000000c8d7d00000)]
  0x0000023acd0bdc10 JavaThread "Unconstrained build operations Thread 45" [_thread_blocked, id=9980, stack(0x000000c8d7d00000,0x000000c8d7e00000)]
  0x0000023acd0bcda0 JavaThread "Unconstrained build operations Thread 46" [_thread_blocked, id=13372, stack(0x000000c8d7e00000,0x000000c8d7f00000)]
  0x0000023acd0b9d80 JavaThread "Unconstrained build operations Thread 47" [_thread_blocked, id=16236, stack(0x000000c8d7f00000,0x000000c8d8000000)]
  0x0000023acd0b93e0 JavaThread "Unconstrained build operations Thread 48" [_thread_blocked, id=15276, stack(0x000000c8d8000000,0x000000c8d8100000)]
  0x0000023acd0b98b0 JavaThread "Unconstrained build operations Thread 49" [_thread_blocked, id=10884, stack(0x000000c8d8100000,0x000000c8d8200000)]
  0x0000023acd0be5b0 JavaThread "Unconstrained build operations Thread 50" [_thread_blocked, id=5020, stack(0x000000c8d8200000,0x000000c8d8300000)]
  0x0000023acd0ba720 JavaThread "Unconstrained build operations Thread 51" [_thread_blocked, id=12664, stack(0x000000c8d8300000,0x000000c8d8400000)]
  0x0000023acd0bef50 JavaThread "Unconstrained build operations Thread 52" [_thread_blocked, id=1460, stack(0x000000c8d8400000,0x000000c8d8500000)]
  0x0000023acd0bd270 JavaThread "Unconstrained build operations Thread 53" [_thread_blocked, id=16316, stack(0x000000c8d8500000,0x000000c8d8600000)]
  0x0000023acd0bd740 JavaThread "Unconstrained build operations Thread 54" [_thread_blocked, id=10932, stack(0x000000c8d8600000,0x000000c8d8700000)]
  0x0000023acd0babf0 JavaThread "Unconstrained build operations Thread 55" [_thread_blocked, id=11976, stack(0x000000c8d8700000,0x000000c8d8800000)]
  0x0000023acd0bba60 JavaThread "Unconstrained build operations Thread 56" [_thread_blocked, id=10860, stack(0x000000c8d8800000,0x000000c8d8900000)]
  0x0000023acd0be0e0 JavaThread "Unconstrained build operations Thread 57" [_thread_blocked, id=12220, stack(0x000000c8d8900000,0x000000c8d8a00000)]
  0x0000023acd0bc400 JavaThread "Unconstrained build operations Thread 58" [_thread_blocked, id=12232, stack(0x000000c8d8a00000,0x000000c8d8b00000)]
  0x0000023acd0b7bd0 JavaThread "Unconstrained build operations Thread 59" [_thread_blocked, id=9564, stack(0x000000c8d8b00000,0x000000c8d8c00000)]
  0x0000023acd0bc8d0 JavaThread "Unconstrained build operations Thread 60" [_thread_blocked, id=11980, stack(0x000000c8d8c00000,0x000000c8d8d00000)]
  0x0000023acd0b80a0 JavaThread "Unconstrained build operations Thread 61" [_thread_blocked, id=12224, stack(0x000000c8d8d00000,0x000000c8d8e00000)]
  0x0000023ad09fb470 JavaThread "Unconstrained build operations Thread 62" [_thread_blocked, id=12256, stack(0x000000c8d8e00000,0x000000c8d8f00000)]
  0x0000023ad0a00170 JavaThread "Unconstrained build operations Thread 63" [_thread_blocked, id=11964, stack(0x000000c8d8f00000,0x000000c8d9000000)]
  0x0000023ad09fee30 JavaThread "Unconstrained build operations Thread 64" [_thread_blocked, id=10856, stack(0x000000c8d9000000,0x000000c8d9100000)]
  0x0000023ad0a027f0 JavaThread "Unconstrained build operations Thread 65" [_thread_blocked, id=11016, stack(0x000000c8d9100000,0x000000c8d9200000)]
  0x0000023ad0a00b10 JavaThread "Unconstrained build operations Thread 66" [_thread_blocked, id=11388, stack(0x000000c8d9200000,0x000000c8d9300000)]
  0x0000023ad0a01980 JavaThread "Unconstrained build operations Thread 67" [_thread_blocked, id=11968, stack(0x000000c8d9300000,0x000000c8d9400000)]
  0x0000023ad09fb940 JavaThread "Unconstrained build operations Thread 68" [_thread_blocked, id=12216, stack(0x000000c8d9400000,0x000000c8d9500000)]
  0x0000023ad09fe490 JavaThread "Unconstrained build operations Thread 69" [_thread_blocked, id=12276, stack(0x000000c8d9500000,0x000000c8d9600000)]
  0x0000023ad09fbe10 JavaThread "Unconstrained build operations Thread 70" [_thread_blocked, id=13364, stack(0x000000c8d9600000,0x000000c8d9700000)]
  0x0000023ad09fd150 JavaThread "Unconstrained build operations Thread 71" [_thread_blocked, id=1496, stack(0x000000c8d9700000,0x000000c8d9800000)]
  0x0000023ad09fdfc0 JavaThread "Unconstrained build operations Thread 72" [_thread_blocked, id=5920, stack(0x000000c8d9800000,0x000000c8d9900000)]
  0x0000023ad0a00fe0 JavaThread "Unconstrained build operations Thread 73" [_thread_blocked, id=9796, stack(0x000000c8d9900000,0x000000c8d9a00000)]
  0x0000023ad09fc7b0 JavaThread "Unconstrained build operations Thread 74" [_thread_blocked, id=356, stack(0x000000c8d9a00000,0x000000c8d9b00000)]
  0x0000023ad09fc2e0 JavaThread "Unconstrained build operations Thread 75" [_thread_blocked, id=18544, stack(0x000000c8d9b00000,0x000000c8d9c00000)]
  0x0000023ad09fcc80 JavaThread "Unconstrained build operations Thread 76" [_thread_blocked, id=13420, stack(0x000000c8d9c00000,0x000000c8d9d00000)]
  0x0000023ad0a014b0 JavaThread "Unconstrained build operations Thread 77" [_thread_blocked, id=13376, stack(0x000000c8d9d00000,0x000000c8d9e00000)]
  0x0000023ad09ffca0 JavaThread "Unconstrained build operations Thread 78" [_thread_blocked, id=16888, stack(0x000000c8d9e00000,0x000000c8d9f00000)]
  0x0000023ad09fe960 JavaThread "Unconstrained build operations Thread 79" [_thread_blocked, id=13216, stack(0x000000c8d9f00000,0x000000c8da000000)]
  0x0000023ad09ff300 JavaThread "Unconstrained build operations Thread 80" [_thread_blocked, id=2320, stack(0x000000c8da000000,0x000000c8da100000)]
  0x0000023ad09fd620 JavaThread "jar transforms Thread 6" [_thread_blocked, id=17008, stack(0x000000c8da100000,0x000000c8da200000)]
  0x0000023ad09fdaf0 JavaThread "jar transforms Thread 7" [_thread_blocked, id=8376, stack(0x000000c8da200000,0x000000c8da300000)]
  0x0000023ad09ff7d0 JavaThread "jar transforms Thread 8" [_thread_blocked, id=1448, stack(0x000000c8da300000,0x000000c8da400000)]
  0x0000023ad0a00640 JavaThread "build event listener" [_thread_blocked, id=14860, stack(0x000000c8da400000,0x000000c8da500000)]
  0x0000023ad0a02cc0 JavaThread "Memory manager" [_thread_blocked, id=11272, stack(0x000000c8da500000,0x000000c8da600000)]
  0x0000023ad0560540 JavaThread "build event listener" [_thread_blocked, id=15944, stack(0x000000c8da600000,0x000000c8da700000)]
  0x0000023ad055ed30 JavaThread "build event listener" [_thread_blocked, id=16576, stack(0x000000c8da700000,0x000000c8da800000)]

Other Threads:
=>0x0000023ac726f380 VMThread "VM Thread" [stack: 0x000000c8d1c00000,0x000000c8d1d00000] [id=6952]
  0x0000023ac7dc8cc0 WatcherThread [stack: 0x000000c8d2800000,0x000000c8d2900000] [id=20860]
  0x0000023aab4a9bd0 GCTaskThread "GC Thread#0" [stack: 0x000000c8d1700000,0x000000c8d1800000] [id=2692]
  0x0000023ac8b0ff80 GCTaskThread "GC Thread#1" [stack: 0x000000c8d2b00000,0x000000c8d2c00000] [id=17268]
  0x0000023ac81e2360 GCTaskThread "GC Thread#2" [stack: 0x000000c8d2c00000,0x000000c8d2d00000] [id=2600]
  0x0000023ac7f729a0 GCTaskThread "GC Thread#3" [stack: 0x000000c8d2d00000,0x000000c8d2e00000] [id=14456]
  0x0000023ac8f99210 GCTaskThread "GC Thread#4" [stack: 0x000000c8d2e00000,0x000000c8d2f00000] [id=3924]
  0x0000023acaf14dd0 GCTaskThread "GC Thread#5" [stack: 0x000000c8d2a00000,0x000000c8d2b00000] [id=16544]
  0x0000023ac91886e0 GCTaskThread "GC Thread#6" [stack: 0x000000c8d3900000,0x000000c8d3a00000] [id=19660]
  0x0000023acaf7f190 GCTaskThread "GC Thread#7" [stack: 0x000000c8d3a00000,0x000000c8d3b00000] [id=12240]
  0x0000023aab4baa20 ConcurrentGCThread "G1 Main Marker" [stack: 0x000000c8d1800000,0x000000c8d1900000] [id=8096]
  0x0000023aab4bbae0 ConcurrentGCThread "G1 Conc#0" [stack: 0x000000c8d1900000,0x000000c8d1a00000] [id=16228]
  0x0000023acac5ce80 ConcurrentGCThread "G1 Conc#1" [stack: 0x000000c8d3b00000,0x000000c8d3c00000] [id=17532]
  0x0000023aab51ec70 ConcurrentGCThread "G1 Refine#0" [stack: 0x000000c8d1a00000,0x000000c8d1b00000] [id=5940]
  0x0000023ac950a920 ConcurrentGCThread "G1 Refine#1" [stack: 0x000000c8d4a00000,0x000000c8d4b00000] [id=7880]
  0x0000023ac70c4710 ConcurrentGCThread "G1 Service" [stack: 0x000000c8d1b00000,0x000000c8d1c00000] [id=17820]

Threads with active compile tasks:
C2 CompilerThread0     9092 9673   !   4       java.lang.Class::getTypeName (59 bytes)
C2 CompilerThread1     9092 9600       4       groovy.lang.MetaClassImpl$1MOPIter::methodNameAction (325 bytes)
C2 CompilerThread2     9092 9369       4       org.gradle.internal.instantiation.generator.AbstractClassGenerator::inspectType (560 bytes)

VM state: at safepoint (normal execution)

VM Mutex/Monitor currently owned by a thread:  ([mutex/lock_event])
[0x0000023aab446860] Threads_lock - owner thread: 0x0000023ac726f380
[0x0000023aab446500] Heap_lock - owner thread: 0x0000023ac7dbea30

Heap address: 0x0000000080000000, size: 2048 MB, Compressed Oops mode: 32-bit

CDS archive(s) not mapped
Compressed class space mapped at: 0x0000000100000000-0x0000000140000000, reserved size: 1073741824
Narrow klass base: 0x0000000000000000, Narrow klass shift: 3, Narrow klass range: 0x140000000

GC Precious Log:
 CPUs: 8 total, 8 available
 Memory: 7993M
 Large Page Support: Disabled
 NUMA Support: Disabled
 Compressed Oops: Enabled (32-bit)
 Heap Region Size: 1M
 Heap Min Capacity: 8M
 Heap Initial Capacity: 126M
 Heap Max Capacity: 2G
 Pre-touch: Disabled
 Parallel Workers: 8
 Concurrent Workers: 2
 Concurrent Refinement Workers: 8
 Periodic GC: Disabled

Heap:
 garbage-first heap   total 152576K, used 86245K [0x0000000080000000, 0x0000000100000000)
  region size 1024K, 1 young (1024K), 1 survivors (1024K)
 Metaspace       used 93577K, committed 94208K, reserved 1130496K
  class space    used 12801K, committed 13120K, reserved 1048576K

Heap Regions: E=young(eden), S=young(survivor), O=old, HS=humongous(starts), HC=humongous(continues), CS=collection set, F=free, OA=open archive, CA=closed archive, TAMS=top-at-mark-start (previous, next)
|   0|0x0000000080000000, 0x0000000080100000, 0x0000000080100000|100%|HS|  |TAMS 0x0000000080100000, 0x0000000080000000| Complete 
|   1|0x0000000080100000, 0x0000000080200000, 0x0000000080200000|100%|HC|  |TAMS 0x0000000080200000, 0x0000000080100000| Complete 
|   2|0x0000000080200000, 0x0000000080300000, 0x0000000080300000|100%|HC|  |TAMS 0x0000000080300000, 0x0000000080200000| Complete 
|   3|0x0000000080300000, 0x0000000080400000, 0x0000000080400000|100%|HC|  |TAMS 0x0000000080400000, 0x0000000080300000| Complete 
|   4|0x0000000080400000, 0x0000000080500000, 0x0000000080500000|100%| O|  |TAMS 0x0000000080500000, 0x0000000080400000| Untracked 
|   5|0x0000000080500000, 0x0000000080600000, 0x0000000080600000|100%| O|  |TAMS 0x0000000080600000, 0x0000000080500000| Untracked 
|   6|0x0000000080600000, 0x0000000080700000, 0x0000000080700000|100%| O|  |TAMS 0x0000000080700000, 0x0000000080600000| Untracked 
|   7|0x0000000080700000, 0x0000000080800000, 0x0000000080800000|100%| O|  |TAMS 0x0000000080800000, 0x0000000080700000| Untracked 
|   8|0x0000000080800000, 0x0000000080900000, 0x0000000080900000|100%| O|  |TAMS 0x0000000080900000, 0x0000000080800000| Untracked 
|   9|0x0000000080900000, 0x0000000080a00000, 0x0000000080a00000|100%| O|  |TAMS 0x0000000080a00000, 0x0000000080900000| Untracked 
|  10|0x0000000080a00000, 0x0000000080b00000, 0x0000000080b00000|100%| O|  |TAMS 0x0000000080b00000, 0x0000000080a00000| Untracked 
|  11|0x0000000080b00000, 0x0000000080c00000, 0x0000000080c00000|100%| O|  |TAMS 0x0000000080c00000, 0x0000000080b00000| Untracked 
|  12|0x0000000080c00000, 0x0000000080d00000, 0x0000000080d00000|100%| O|  |TAMS 0x0000000080d00000, 0x0000000080c00000| Untracked 
|  13|0x0000000080d00000, 0x0000000080e00000, 0x0000000080e00000|100%| O|  |TAMS 0x0000000080e00000, 0x0000000080d00000| Untracked 
|  14|0x0000000080e00000, 0x0000000080f00000, 0x0000000080f00000|100%| O|  |TAMS 0x0000000080f00000, 0x0000000080e00000| Untracked 
|  15|0x0000000080f00000, 0x0000000081000000, 0x0000000081000000|100%| O|  |TAMS 0x0000000081000000, 0x0000000080f00000| Untracked 
|  16|0x0000000081000000, 0x0000000081100000, 0x0000000081100000|100%| O|  |TAMS 0x0000000081100000, 0x0000000081000000| Untracked 
|  17|0x0000000081100000, 0x0000000081200000, 0x0000000081200000|100%| O|  |TAMS 0x0000000081200000, 0x0000000081100000| Untracked 
|  18|0x0000000081200000, 0x0000000081300000, 0x0000000081300000|100%| O|  |TAMS 0x0000000081300000, 0x0000000081200000| Untracked 
|  19|0x0000000081300000, 0x0000000081400000, 0x0000000081400000|100%| O|  |TAMS 0x0000000081400000, 0x0000000081300000| Untracked 
|  20|0x0000000081400000, 0x0000000081500000, 0x0000000081500000|100%| O|  |TAMS 0x0000000081500000, 0x0000000081400000| Untracked 
|  21|0x0000000081500000, 0x0000000081600000, 0x0000000081600000|100%| O|  |TAMS 0x0000000081600000, 0x0000000081500000| Untracked 
|  22|0x0000000081600000, 0x0000000081700000, 0x0000000081700000|100%| O|  |TAMS 0x0000000081700000, 0x0000000081600000| Untracked 
|  23|0x0000000081700000, 0x0000000081800000, 0x0000000081800000|100%| O|  |TAMS 0x0000000081800000, 0x0000000081700000| Untracked 
|  24|0x0000000081800000, 0x0000000081900000, 0x0000000081900000|100%| O|  |TAMS 0x0000000081800000, 0x0000000081800000| Untracked 
|  25|0x0000000081900000, 0x0000000081a00000, 0x0000000081a00000|100%| O|  |TAMS 0x0000000081a00000, 0x0000000081900000| Untracked 
|  26|0x0000000081a00000, 0x0000000081b00000, 0x0000000081b00000|100%| O|  |TAMS 0x0000000081b00000, 0x0000000081a00000| Untracked 
|  27|0x0000000081b00000, 0x0000000081c00000, 0x0000000081c00000|100%| O|  |TAMS 0x0000000081c00000, 0x0000000081b00000| Untracked 
|  28|0x0000000081c00000, 0x0000000081d00000, 0x0000000081d00000|100%| O|  |TAMS 0x0000000081d00000, 0x0000000081c00000| Untracked 
|  29|0x0000000081d00000, 0x0000000081e00000, 0x0000000081e00000|100%| O|  |TAMS 0x0000000081e00000, 0x0000000081d00000| Untracked 
|  30|0x0000000081e00000, 0x0000000081f00000, 0x0000000081f00000|100%| O|  |TAMS 0x0000000081f00000, 0x0000000081e00000| Untracked 
|  31|0x0000000081f00000, 0x0000000082000000, 0x0000000082000000|100%| O|  |TAMS 0x0000000082000000, 0x0000000081f00000| Untracked 
|  32|0x0000000082000000, 0x0000000082100000, 0x0000000082100000|100%|HS|  |TAMS 0x0000000082100000, 0x0000000082000000| Complete 
|  33|0x0000000082100000, 0x0000000082200000, 0x0000000082200000|100%|HS|  |TAMS 0x0000000082200000, 0x0000000082100000| Complete 
|  34|0x0000000082200000, 0x0000000082300000, 0x0000000082300000|100%|HS|  |TAMS 0x0000000082300000, 0x0000000082200000| Complete 
|  35|0x0000000082300000, 0x0000000082400000, 0x0000000082400000|100%|HC|  |TAMS 0x0000000082400000, 0x0000000082300000| Complete 
|  36|0x0000000082400000, 0x0000000082500000, 0x0000000082500000|100%|HS|  |TAMS 0x0000000082500000, 0x0000000082400000| Complete 
|  37|0x0000000082500000, 0x0000000082600000, 0x0000000082600000|100%| O|  |TAMS 0x0000000082600000, 0x0000000082500000| Untracked 
|  38|0x0000000082600000, 0x0000000082700000, 0x0000000082700000|100%| O|  |TAMS 0x0000000082700000, 0x0000000082600000| Untracked 
|  39|0x0000000082700000, 0x0000000082800000, 0x0000000082800000|100%| O|  |TAMS 0x0000000082800000, 0x0000000082700000| Untracked 
|  40|0x0000000082800000, 0x0000000082900000, 0x0000000082900000|100%| O|  |TAMS 0x0000000082900000, 0x0000000082800000| Untracked 
|  41|0x0000000082900000, 0x0000000082a00000, 0x0000000082a00000|100%|HS|  |TAMS 0x0000000082a00000, 0x0000000082900000| Complete 
|  42|0x0000000082a00000, 0x0000000082b00000, 0x0000000082b00000|100%|HC|  |TAMS 0x0000000082b00000, 0x0000000082a00000| Complete 
|  43|0x0000000082b00000, 0x0000000082c00000, 0x0000000082c00000|100%|HC|  |TAMS 0x0000000082c00000, 0x0000000082b00000| Complete 
|  44|0x0000000082c00000, 0x0000000082d00000, 0x0000000082d00000|100%|HC|  |TAMS 0x0000000082d00000, 0x0000000082c00000| Complete 
|  45|0x0000000082d00000, 0x0000000082d00000, 0x0000000082e00000|  0%| F|  |TAMS 0x0000000082d00000, 0x0000000082d00000| Untracked 
|  46|0x0000000082e00000, 0x0000000082f00000, 0x0000000082f00000|100%| O|  |TAMS 0x0000000082f00000, 0x0000000082e00000| Untracked 
|  47|0x0000000082f00000, 0x0000000083000000, 0x0000000083000000|100%| O|  |TAMS 0x0000000083000000, 0x0000000082f00000| Untracked 
|  48|0x0000000083000000, 0x0000000083100000, 0x0000000083100000|100%| O|  |TAMS 0x0000000083100000, 0x0000000083000000| Untracked 
|  49|0x0000000083100000, 0x0000000083200000, 0x0000000083200000|100%| O|  |TAMS 0x0000000083200000, 0x0000000083100000| Untracked 
|  50|0x0000000083200000, 0x0000000083300000, 0x0000000083300000|100%| O|  |TAMS 0x0000000083300000, 0x0000000083200000| Untracked 
|  51|0x0000000083300000, 0x0000000083400000, 0x0000000083400000|100%| O|  |TAMS 0x0000000083400000, 0x0000000083300000| Untracked 
|  52|0x0000000083400000, 0x0000000083500000, 0x0000000083500000|100%| O|  |TAMS 0x0000000083500000, 0x0000000083400000| Untracked 
|  53|0x0000000083500000, 0x0000000083600000, 0x0000000083600000|100%| O|  |TAMS 0x0000000083600000, 0x0000000083500000| Untracked 
|  54|0x0000000083600000, 0x0000000083700000, 0x0000000083700000|100%| O|  |TAMS 0x0000000083700000, 0x0000000083600000| Untracked 
|  55|0x0000000083700000, 0x0000000083800000, 0x0000000083800000|100%| O|  |TAMS 0x0000000083800000, 0x0000000083700000| Untracked 
|  56|0x0000000083800000, 0x0000000083900000, 0x0000000083900000|100%| O|  |TAMS 0x0000000083900000, 0x0000000083800000| Untracked 
|  57|0x0000000083900000, 0x0000000083a00000, 0x0000000083a00000|100%| O|  |TAMS 0x0000000083a00000, 0x0000000083900000| Untracked 
|  58|0x0000000083a00000, 0x0000000083b00000, 0x0000000083b00000|100%| O|  |TAMS 0x0000000083b00000, 0x0000000083a00000| Untracked 
|  59|0x0000000083b00000, 0x0000000083c00000, 0x0000000083c00000|100%| O|  |TAMS 0x0000000083c00000, 0x0000000083b00000| Untracked 
|  60|0x0000000083c00000, 0x0000000083d00000, 0x0000000083d00000|100%| O|  |TAMS 0x0000000083d00000, 0x0000000083c00000| Untracked 
|  61|0x0000000083d00000, 0x0000000083e00000, 0x0000000083e00000|100%| O|  |TAMS 0x0000000083e00000, 0x0000000083d00000| Untracked 
|  62|0x0000000083e00000, 0x0000000083f00000, 0x0000000083f00000|100%| O|  |TAMS 0x0000000083f00000, 0x0000000083e00000| Untracked 
|  63|0x0000000083f00000, 0x0000000084000000, 0x0000000084000000|100%| O|  |TAMS 0x0000000084000000, 0x0000000083f00000| Untracked 
|  64|0x0000000084000000, 0x0000000084100000, 0x0000000084100000|100%| O|  |TAMS 0x0000000084100000, 0x0000000084000000| Untracked 
|  65|0x0000000084100000, 0x0000000084200000, 0x0000000084200000|100%| O|  |TAMS 0x0000000084200000, 0x0000000084100000| Untracked 
|  66|0x0000000084200000, 0x0000000084300000, 0x0000000084300000|100%| O|  |TAMS 0x0000000084300000, 0x0000000084200000| Untracked 
|  67|0x0000000084300000, 0x0000000084400000, 0x0000000084400000|100%| O|  |TAMS 0x0000000084400000, 0x0000000084300000| Untracked 
|  68|0x0000000084400000, 0x0000000084500000, 0x0000000084500000|100%| O|  |TAMS 0x0000000084500000, 0x0000000084400000| Untracked 
|  69|0x0000000084500000, 0x0000000084600000, 0x0000000084600000|100%| O|  |TAMS 0x0000000084600000, 0x0000000084500000| Untracked 
|  70|0x0000000084600000, 0x0000000084700000, 0x0000000084700000|100%| O|  |TAMS 0x0000000084700000, 0x0000000084600000| Untracked 
|  71|0x0000000084700000, 0x0000000084800000, 0x0000000084800000|100%| O|  |TAMS 0x0000000084800000, 0x0000000084700000| Untracked 
|  72|0x0000000084800000, 0x0000000084900000, 0x0000000084900000|100%| O|  |TAMS 0x0000000084900000, 0x0000000084800000| Untracked 
|  73|0x0000000084900000, 0x0000000084a00000, 0x0000000084a00000|100%| O|  |TAMS 0x0000000084a00000, 0x0000000084900000| Untracked 
|  74|0x0000000084a00000, 0x0000000084b00000, 0x0000000084b00000|100%| O|  |TAMS 0x0000000084a85400, 0x0000000084a00000| Untracked 
|  75|0x0000000084b00000, 0x0000000084c00000, 0x0000000084c00000|100%| O|  |TAMS 0x0000000084b00000, 0x0000000084b00000| Untracked 
|  76|0x0000000084c00000, 0x0000000084d00000, 0x0000000084d00000|100%| O|  |TAMS 0x0000000084c00000, 0x0000000084c00000| Untracked 
|  77|0x0000000084d00000, 0x0000000084e00000, 0x0000000084e00000|100%| O|  |TAMS 0x0000000084d00000, 0x0000000084d00000| Untracked 
|  78|0x0000000084e00000, 0x0000000084f00000, 0x0000000084f00000|100%| O|  |TAMS 0x0000000084e00000, 0x0000000084e00000| Untracked 
|  79|0x0000000084f00000, 0x0000000085000000, 0x0000000085000000|100%| O|  |TAMS 0x0000000084f00000, 0x0000000084f00000| Untracked 
|  80|0x0000000085000000, 0x0000000085100000, 0x0000000085100000|100%| O|  |TAMS 0x0000000085000000, 0x0000000085000000| Untracked 
|  81|0x0000000085100000, 0x0000000085200000, 0x0000000085200000|100%| O|  |TAMS 0x0000000085100000, 0x0000000085100000| Untracked 
|  82|0x0000000085200000, 0x0000000085300000, 0x0000000085300000|100%| O|  |TAMS 0x0000000085200000, 0x0000000085200000| Untracked 
|  83|0x0000000085300000, 0x0000000085400000, 0x0000000085400000|100%| O|  |TAMS 0x0000000085300000, 0x0000000085300000| Untracked 
|  84|0x0000000085400000, 0x0000000085449a08, 0x0000000085500000| 28%| O|  |TAMS 0x0000000085400000, 0x0000000085400000| Untracked 
|  85|0x0000000085500000, 0x0000000085500000, 0x0000000085600000|  0%| F|  |TAMS 0x0000000085500000, 0x0000000085500000| Untracked 
|  86|0x0000000085600000, 0x0000000085600000, 0x0000000085700000|  0%| F|  |TAMS 0x0000000085600000, 0x0000000085600000| Untracked 
|  87|0x0000000085700000, 0x0000000085700000, 0x0000000085800000|  0%| F|  |TAMS 0x0000000085700000, 0x0000000085700000| Untracked 
|  88|0x0000000085800000, 0x0000000085800000, 0x0000000085900000|  0%| F|  |TAMS 0x0000000085800000, 0x0000000085800000| Untracked 
|  89|0x0000000085900000, 0x0000000085900000, 0x0000000085a00000|  0%| F|  |TAMS 0x0000000085900000, 0x0000000085900000| Untracked 
|  90|0x0000000085a00000, 0x0000000085a00000, 0x0000000085b00000|  0%| F|  |TAMS 0x0000000085a00000, 0x0000000085a00000| Untracked 
|  91|0x0000000085b00000, 0x0000000085b00000, 0x0000000085c00000|  0%| F|  |TAMS 0x0000000085b00000, 0x0000000085b00000| Untracked 
|  92|0x0000000085c00000, 0x0000000085c00000, 0x0000000085d00000|  0%| F|  |TAMS 0x0000000085c00000, 0x0000000085c00000| Untracked 
|  93|0x0000000085d00000, 0x0000000085d00000, 0x0000000085e00000|  0%| F|  |TAMS 0x0000000085d00000, 0x0000000085d00000| Untracked 
|  94|0x0000000085e00000, 0x0000000085e00000, 0x0000000085f00000|  0%| F|  |TAMS 0x0000000085e00000, 0x0000000085e00000| Untracked 
|  95|0x0000000085f00000, 0x0000000085f00000, 0x0000000086000000|  0%| F|  |TAMS 0x0000000085f00000, 0x0000000085f00000| Untracked 
|  96|0x0000000086000000, 0x0000000086000000, 0x0000000086100000|  0%| F|  |TAMS 0x0000000086000000, 0x0000000086000000| Untracked 
|  97|0x0000000086100000, 0x0000000086100000, 0x0000000086200000|  0%| F|  |TAMS 0x0000000086100000, 0x0000000086100000| Untracked 
|  98|0x0000000086200000, 0x0000000086200000, 0x0000000086300000|  0%| F|  |TAMS 0x0000000086200000, 0x0000000086200000| Untracked 
|  99|0x0000000086300000, 0x0000000086300000, 0x0000000086400000|  0%| F|  |TAMS 0x0000000086300000, 0x0000000086300000| Untracked 
| 100|0x0000000086400000, 0x0000000086400000, 0x0000000086500000|  0%| F|  |TAMS 0x0000000086400000, 0x0000000086400000| Untracked 
| 101|0x0000000086500000, 0x0000000086500000, 0x0000000086600000|  0%| F|  |TAMS 0x0000000086500000, 0x0000000086500000| Untracked 
| 102|0x0000000086600000, 0x0000000086600000, 0x0000000086700000|  0%| F|  |TAMS 0x0000000086600000, 0x0000000086600000| Untracked 
| 103|0x0000000086700000, 0x0000000086700000, 0x0000000086800000|  0%| F|  |TAMS 0x0000000086700000, 0x0000000086700000| Untracked 
| 104|0x0000000086800000, 0x0000000086800000, 0x0000000086900000|  0%| F|  |TAMS 0x0000000086800000, 0x0000000086800000| Untracked 
| 105|0x0000000086900000, 0x0000000086900000, 0x0000000086a00000|  0%| F|  |TAMS 0x0000000086900000, 0x0000000086900000| Untracked 
| 106|0x0000000086a00000, 0x0000000086a00000, 0x0000000086b00000|  0%| F|  |TAMS 0x0000000086a00000, 0x0000000086a00000| Untracked 
| 107|0x0000000086b00000, 0x0000000086b00000, 0x0000000086c00000|  0%| F|  |TAMS 0x0000000086b00000, 0x0000000086b00000| Untracked 
| 108|0x0000000086c00000, 0x0000000086c00000, 0x0000000086d00000|  0%| F|  |TAMS 0x0000000086c00000, 0x0000000086c00000| Untracked 
| 109|0x0000000086d00000, 0x0000000086d00000, 0x0000000086e00000|  0%| F|  |TAMS 0x0000000086d00000, 0x0000000086d00000| Untracked 
| 110|0x0000000086e00000, 0x0000000086e00000, 0x0000000086f00000|  0%| F|  |TAMS 0x0000000086e00000, 0x0000000086e00000| Untracked 
| 111|0x0000000086f00000, 0x0000000086f00000, 0x0000000087000000|  0%| F|  |TAMS 0x0000000086f00000, 0x0000000086f00000| Untracked 
| 112|0x0000000087000000, 0x0000000087000000, 0x0000000087100000|  0%| F|  |TAMS 0x0000000087000000, 0x0000000087000000| Untracked 
| 113|0x0000000087100000, 0x0000000087100000, 0x0000000087200000|  0%| F|  |TAMS 0x0000000087100000, 0x0000000087100000| Untracked 
| 114|0x0000000087200000, 0x0000000087200000, 0x0000000087300000|  0%| F|  |TAMS 0x0000000087200000, 0x0000000087200000| Untracked 
| 115|0x0000000087300000, 0x0000000087300000, 0x0000000087400000|  0%| F|  |TAMS 0x0000000087300000, 0x0000000087300000| Untracked 
| 116|0x0000000087400000, 0x0000000087400000, 0x0000000087500000|  0%| F|  |TAMS 0x0000000087400000, 0x0000000087400000| Untracked 
| 117|0x0000000087500000, 0x0000000087500000, 0x0000000087600000|  0%| F|  |TAMS 0x0000000087500000, 0x0000000087500000| Untracked 
| 118|0x0000000087600000, 0x0000000087600000, 0x0000000087700000|  0%| F|  |TAMS 0x0000000087600000, 0x0000000087600000| Untracked 
| 119|0x0000000087700000, 0x0000000087700000, 0x0000000087800000|  0%| F|  |TAMS 0x0000000087700000, 0x0000000087700000| Untracked 
| 120|0x0000000087800000, 0x0000000087800000, 0x0000000087900000|  0%| F|  |TAMS 0x0000000087800000, 0x0000000087800000| Untracked 
| 121|0x0000000087900000, 0x0000000087900000, 0x0000000087a00000|  0%| F|  |TAMS 0x0000000087900000, 0x0000000087900000| Untracked 
| 122|0x0000000087a00000, 0x0000000087a00000, 0x0000000087b00000|  0%| F|  |TAMS 0x0000000087a00000, 0x0000000087a00000| Untracked 
| 123|0x0000000087b00000, 0x0000000087b00000, 0x0000000087c00000|  0%| F|  |TAMS 0x0000000087b00000, 0x0000000087b00000| Untracked 
| 124|0x0000000087c00000, 0x0000000087c00000, 0x0000000087d00000|  0%| F|  |TAMS 0x0000000087c00000, 0x0000000087c00000| Untracked 
| 125|0x0000000087d00000, 0x0000000087d00000, 0x0000000087e00000|  0%| F|  |TAMS 0x0000000087d00000, 0x0000000087d00000| Untracked 
| 126|0x0000000087e00000, 0x0000000087e00000, 0x0000000087f00000|  0%| F|  |TAMS 0x0000000087e00000, 0x0000000087e00000| Untracked 
| 127|0x0000000087f00000, 0x0000000087f00000, 0x0000000088000000|  0%| F|  |TAMS 0x0000000087f00000, 0x0000000087f00000| Untracked 
| 128|0x0000000088000000, 0x0000000088000000, 0x0000000088100000|  0%| F|  |TAMS 0x0000000088000000, 0x0000000088000000| Untracked 
| 129|0x0000000088100000, 0x0000000088100000, 0x0000000088200000|  0%| F|  |TAMS 0x0000000088100000, 0x0000000088100000| Untracked 
| 130|0x0000000088200000, 0x0000000088200000, 0x0000000088300000|  0%| F|  |TAMS 0x0000000088200000, 0x0000000088200000| Untracked 
| 131|0x0000000088300000, 0x0000000088300000, 0x0000000088400000|  0%| F|  |TAMS 0x0000000088300000, 0x0000000088300000| Untracked 
| 132|0x0000000088400000, 0x0000000088400000, 0x0000000088500000|  0%| F|  |TAMS 0x0000000088400000, 0x0000000088400000| Untracked 
| 133|0x0000000088500000, 0x0000000088500000, 0x0000000088600000|  0%| F|  |TAMS 0x0000000088500000, 0x0000000088500000| Untracked 
| 134|0x0000000088600000, 0x0000000088600000, 0x0000000088700000|  0%| F|  |TAMS 0x0000000088600000, 0x0000000088600000| Untracked 
| 135|0x0000000088700000, 0x0000000088700000, 0x0000000088800000|  0%| F|  |TAMS 0x0000000088700000, 0x0000000088700000| Untracked 
| 136|0x0000000088800000, 0x0000000088800000, 0x0000000088900000|  0%| F|  |TAMS 0x0000000088800000, 0x0000000088800000| Untracked 
| 137|0x0000000088900000, 0x0000000088900000, 0x0000000088a00000|  0%| F|  |TAMS 0x0000000088900000, 0x0000000088900000| Untracked 
| 138|0x0000000088a00000, 0x0000000088a00000, 0x0000000088b00000|  0%| F|  |TAMS 0x0000000088a00000, 0x0000000088a00000| Untracked 
| 139|0x0000000088b00000, 0x0000000088b00000, 0x0000000088c00000|  0%| F|  |TAMS 0x0000000088b00000, 0x0000000088b00000| Untracked 
| 140|0x0000000088c00000, 0x0000000088c00000, 0x0000000088d00000|  0%| F|  |TAMS 0x0000000088c00000, 0x0000000088c00000| Untracked 
| 141|0x0000000088d00000, 0x0000000088d00000, 0x0000000088e00000|  0%| F|  |TAMS 0x0000000088d00000, 0x0000000088d00000| Untracked 
| 142|0x0000000088e00000, 0x0000000088e00000, 0x0000000088f00000|  0%| F|  |TAMS 0x0000000088e00000, 0x0000000088e00000| Untracked 
| 143|0x0000000088f00000, 0x0000000088f00000, 0x0000000089000000|  0%| F|  |TAMS 0x0000000088f00000, 0x0000000088f00000| Untracked 
| 144|0x0000000089000000, 0x0000000089000000, 0x0000000089100000|  0%| F|  |TAMS 0x0000000089000000, 0x0000000089000000| Untracked 
| 145|0x0000000089100000, 0x0000000089100000, 0x0000000089200000|  0%| F|  |TAMS 0x0000000089100000, 0x0000000089100000| Untracked 
| 146|0x0000000089200000, 0x00000000892efb00, 0x0000000089300000| 93%| S|CS|TAMS 0x0000000089200000, 0x0000000089200000| Complete 
| 147|0x0000000089300000, 0x0000000089300000, 0x0000000089400000|  0%| F|  |TAMS 0x0000000089300000, 0x0000000089300000| Untracked 
| 148|0x0000000089400000, 0x0000000089400000, 0x0000000089500000|  0%| F|  |TAMS 0x0000000089400000, 0x0000000089400000| Untracked 

Card table byte_map: [0x0000023abff70000,0x0000023ac0370000] _byte_map_base: 0x0000023abfb70000

Marking Bits (Prev, Next): (CMBitMap*) 0x0000023aab4aa130, (CMBitMap*) 0x0000023aab4aa0f0
 Prev Bits: [0x0000023ac2770000, 0x0000023ac4770000)
 Next Bits: [0x0000023ac0770000, 0x0000023ac2770000)

Polling page: 0x0000023aab310000

Metaspace:

Usage:
  Non-class:     78.88 MB used.
      Class:     12.50 MB used.
       Both:     91.38 MB used.

Virtual space:
  Non-class space:       80.00 MB reserved,      79.19 MB ( 99%) committed,  10 nodes.
      Class space:        1.00 GB reserved,      12.81 MB (  1%) committed,  1 nodes.
             Both:        1.08 GB reserved,      92.00 MB (  8%) committed. 

Chunk freelists:
   Non-Class:  592.00 KB
       Class:  3.17 MB
        Both:  3.75 MB

MaxMetaspaceSize: unlimited
CompressedClassSpaceSize: 1.00 GB
Initial GC threshold: 21.00 MB
Current GC threshold: 153.06 MB
CDS: off
MetaspaceReclaimPolicy: balanced
 - commit_granule_bytes: 65536.
 - commit_granule_words: 8192.
 - virtual_space_node_default_size: 1048576.
 - enlarge_chunks_in_place: 1.
 - new_chunks_are_fully_committed: 0.
 - uncommit_free_chunks: 1.
 - use_allocation_guard: 0.
 - handle_deallocations: 1.


Internal statistics:

num_allocs_failed_limit: 6.
num_arena_births: 928.
num_arena_deaths: 0.
num_vsnodes_births: 11.
num_vsnodes_deaths: 0.
num_space_committed: 1472.
num_space_uncommitted: 0.
num_chunks_returned_to_freelist: 6.
num_chunks_taken_from_freelist: 4309.
num_chunk_merges: 6.
num_chunk_splits: 2892.
num_chunks_enlarged: 1985.
num_purges: 0.
num_inconsistent_stats: 0.

CodeHeap 'non-profiled nmethods': size=120000Kb used=5097Kb max_used=5685Kb free=114902Kb
 bounds [0x0000023ab7bb0000, 0x0000023ab8140000, 0x0000023abf0e0000]
CodeHeap 'profiled nmethods': size=120000Kb used=15225Kb max_used=17016Kb free=104775Kb
 bounds [0x0000023ab00e0000, 0x0000023ab1180000, 0x0000023ab7610000]
CodeHeap 'non-nmethods': size=5760Kb used=2392Kb max_used=2482Kb free=3367Kb
 bounds [0x0000023ab7610000, 0x0000023ab78a0000, 0x0000023ab7bb0000]
 total_blobs=9143 nmethods=8222 adapters=832
 compilation: enabled
              stopped_count=0, restarted_count=0
 full_count=0

Compilation events (20 events):
Event: 9.049 Thread 0x0000023ac7c304a0 9767       2       org.gradle.internal.execution.model.annotations.AbstractInputFilePropertyAnnotationHandler::determineBehavior (38 bytes)
Event: 9.049 Thread 0x0000023ac7c304a0 nmethod 9767 0x0000023ab04e8290 code [0x0000023ab04e8460, 0x0000023ab04e86d8]
Event: 9.049 Thread 0x0000023ac7c304a0 9769       2       org.gradle.api.internal.file.collections.UnpackingVisitor::visitSingleFile (30 bytes)
Event: 9.050 Thread 0x0000023ac7c304a0 nmethod 9769 0x0000023ab023d910 code [0x0000023ab023dac0, 0x0000023ab023ddc8]
Event: 9.050 Thread 0x0000023ac7c304a0 9768       1       org.gradle.api.internal.tasks.properties.AbstractPropertySpec::getPropertyName (5 bytes)
Event: 9.050 Thread 0x0000023ac7c304a0 nmethod 9768 0x0000023ab7e65390 code [0x0000023ab7e65520, 0x0000023ab7e655f8]
Event: 9.050 Thread 0x0000023ac7c304a0 9771   !   2       org.gradle.internal.properties.bean.AbstractNestedRuntimeBeanNode::visitProperties (199 bytes)
Event: 9.052 Thread 0x0000023ac7c304a0 nmethod 9771 0x0000023ab02e2990 code [0x0000023ab02e2cc0, 0x0000023ab02e3af8]
Event: 9.052 Thread 0x0000023ac7c304a0 9772       2       org.gradle.internal.properties.PropertyVisitor::visitInputFileProperty (1 bytes)
Event: 9.052 Thread 0x0000023ac7c304a0 nmethod 9772 0x0000023ab0510590 code [0x0000023ab0510720, 0x0000023ab0510818]
Event: 9.052 Thread 0x0000023ac7c304a0 9770       2       org.gradle.internal.properties.bean.AbstractNestedRuntimeBeanNode::<init> (14 bytes)
Event: 9.052 Thread 0x0000023ac7c304a0 nmethod 9770 0x0000023ab0327b10 code [0x0000023ab0327cc0, 0x0000023ab0327f68]
Event: 9.053 Thread 0x0000023ac7c304a0 9773       2       java.lang.invoke.MethodHandles::insertArguments (98 bytes)
Event: 9.053 Thread 0x0000023ac7c304a0 nmethod 9773 0x0000023ab02c5590 code [0x0000023ab02c57a0, 0x0000023ab02c5cc8]
Event: 9.053 Thread 0x0000023ac7c304a0 9775       2       java.lang.invoke.DirectMethodHandle$Holder::invokeStatic (14 bytes)
Event: 9.053 Thread 0x0000023ac7c304a0 nmethod 9775 0x0000023ab03aba10 code [0x0000023ab03abbc0, 0x0000023ab03abd18]
Event: 9.053 Thread 0x0000023ac7c304a0 9774       2       java.lang.invoke.MethodHandles::insertArgumentsChecks (51 bytes)
Event: 9.054 Thread 0x0000023ac7c304a0 nmethod 9774 0x0000023ab09c6090 code [0x0000023ab09c6240, 0x0000023ab09c64b8]
Event: 9.054 Thread 0x0000023ac7c304a0 9776       2       kotlin.collections.ArraysKt___ArraysKt::filterNotNullTo (50 bytes)
Event: 9.054 Thread 0x0000023ac7c304a0 nmethod 9776 0x0000023ab061e590 code [0x0000023ab061e7c0, 0x0000023ab061eca8]

GC Heap History (20 events):
Event: 5.915 GC heap after
{Heap after GC invocations=23 (full 0):
 garbage-first heap   total 141312K, used 58568K [0x0000000080000000, 0x0000000100000000)
  region size 1024K, 1 young (1024K), 1 survivors (1024K)
 Metaspace       used 65294K, committed 65856K, reserved 1114112K
  class space    used 8676K, committed 8896K, reserved 1048576K
}
Event: 6.295 GC heap before
{Heap before GC invocations=23 (full 0):
 garbage-first heap   total 141312K, used 98504K [0x0000000080000000, 0x0000000100000000)
  region size 1024K, 40 young (40960K), 1 survivors (1024K)
 Metaspace       used 68931K, committed 69504K, reserved 1114112K
  class space    used 9168K, committed 9472K, reserved 1048576K
}
Event: 6.298 GC heap after
{Heap after GC invocations=24 (full 0):
 garbage-first heap   total 141312K, used 61358K [0x0000000080000000, 0x0000000100000000)
  region size 1024K, 4 young (4096K), 4 survivors (4096K)
 Metaspace       used 68931K, committed 69504K, reserved 1114112K
  class space    used 9168K, committed 9472K, reserved 1048576K
}
Event: 6.680 GC heap before
{Heap before GC invocations=24 (full 0):
 garbage-first heap   total 141312K, used 103342K [0x0000000080000000, 0x0000000100000000)
  region size 1024K, 45 young (46080K), 4 survivors (4096K)
 Metaspace       used 74140K, committed 74752K, reserved 1114112K
  class space    used 9892K, committed 10176K, reserved 1048576K
}
Event: 6.684 GC heap after
{Heap after GC invocations=25 (full 0):
 garbage-first heap   total 141312K, used 64366K [0x0000000080000000, 0x0000000100000000)
  region size 1024K, 3 young (3072K), 3 survivors (3072K)
 Metaspace       used 74140K, committed 74752K, reserved 1114112K
  class space    used 9892K, committed 10176K, reserved 1048576K
}
Event: 7.100 GC heap before
{Heap before GC invocations=25 (full 0):
 garbage-first heap   total 141312K, used 106350K [0x0000000080000000, 0x0000000100000000)
  region size 1024K, 45 young (46080K), 3 survivors (3072K)
 Metaspace       used 77028K, committed 77632K, reserved 1122304K
  class space    used 10274K, committed 10560K, reserved 1048576K
}
Event: 7.103 GC heap after
{Heap after GC invocations=26 (full 0):
 garbage-first heap   total 141312K, used 67158K [0x0000000080000000, 0x0000000100000000)
  region size 1024K, 6 young (6144K), 6 survivors (6144K)
 Metaspace       used 77028K, committed 77632K, reserved 1122304K
  class space    used 10274K, committed 10560K, reserved 1048576K
}
Event: 7.549 GC heap before
{Heap before GC invocations=26 (full 0):
 garbage-first heap   total 141312K, used 110166K [0x0000000080000000, 0x0000000100000000)
  region size 1024K, 48 young (49152K), 6 survivors (6144K)
 Metaspace       used 82007K, committed 82688K, reserved 1122304K
  class space    used 11147K, committed 11456K, reserved 1048576K
}
Event: 7.554 GC heap after
{Heap after GC invocations=27 (full 0):
 garbage-first heap   total 141312K, used 69701K [0x0000000080000000, 0x0000000100000000)
  region size 1024K, 6 young (6144K), 6 survivors (6144K)
 Metaspace       used 82007K, committed 82688K, reserved 1122304K
  class space    used 11147K, committed 11456K, reserved 1048576K
}
Event: 7.998 GC heap before
{Heap before GC invocations=27 (full 0):
 garbage-first heap   total 141312K, used 111685K [0x0000000080000000, 0x0000000100000000)
  region size 1024K, 47 young (48128K), 6 survivors (6144K)
 Metaspace       used 86151K, committed 86784K, reserved 1130496K
  class space    used 11757K, committed 12032K, reserved 1048576K
}
Event: 8.004 GC heap after
{Heap after GC invocations=28 (full 0):
 garbage-first heap   total 141312K, used 73149K [0x0000000080000000, 0x0000000100000000)
  region size 1024K, 6 young (6144K), 6 survivors (6144K)
 Metaspace       used 86151K, committed 86784K, reserved 1130496K
  class space    used 11757K, committed 12032K, reserved 1048576K
}
Event: 8.486 GC heap before
{Heap before GC invocations=29 (full 0):
 garbage-first heap   total 141312K, used 113085K [0x0000000080000000, 0x0000000100000000)
  region size 1024K, 45 young (46080K), 6 survivors (6144K)
 Metaspace       used 91553K, committed 92160K, reserved 1130496K
  class space    used 12532K, committed 12800K, reserved 1048576K
}
Event: 8.491 GC heap after
{Heap after GC invocations=30 (full 0):
 garbage-first heap   total 141312K, used 76180K [0x0000000080000000, 0x0000000100000000)
  region size 1024K, 4 young (4096K), 4 survivors (4096K)
 Metaspace       used 91553K, committed 92160K, reserved 1130496K
  class space    used 12532K, committed 12800K, reserved 1048576K
}
Event: 8.514 GC heap before
{Heap before GC invocations=30 (full 0):
 garbage-first heap   total 141312K, used 78228K [0x0000000080000000, 0x0000000100000000)
  region size 1024K, 6 young (6144K), 4 survivors (4096K)
 Metaspace       used 91665K, committed 92288K, reserved 1130496K
  class space    used 12546K, committed 12800K, reserved 1048576K
}
Event: 8.518 GC heap after
{Heap after GC invocations=31 (full 0):
 garbage-first heap   total 141312K, used 76309K [0x0000000080000000, 0x0000000100000000)
  region size 1024K, 1 young (1024K), 1 survivors (1024K)
 Metaspace       used 91665K, committed 92288K, reserved 1130496K
  class space    used 12546K, committed 12800K, reserved 1048576K
}
Event: 8.815 GC heap before
{Heap before GC invocations=31 (full 0):
 garbage-first heap   total 141312K, used 114197K [0x0000000080000000, 0x0000000100000000)
  region size 1024K, 38 young (38912K), 1 survivors (1024K)
 Metaspace       used 93394K, committed 94016K, reserved 1130496K
  class space    used 12780K, committed 13056K, reserved 1048576K
}
Event: 8.821 GC heap after
{Heap after GC invocations=32 (full 0):
 garbage-first heap   total 141312K, used 80259K [0x0000000080000000, 0x0000000100000000)
  region size 1024K, 5 young (5120K), 5 survivors (5120K)
 Metaspace       used 93394K, committed 94016K, reserved 1130496K
  class space    used 12780K, committed 13056K, reserved 1048576K
}
Event: 9.028 GC heap before
{Heap before GC invocations=33 (full 0):
 garbage-first heap   total 152576K, used 115075K [0x0000000080000000, 0x0000000100000000)
  region size 1024K, 39 young (39936K), 5 survivors (5120K)
 Metaspace       used 93501K, committed 94080K, reserved 1130496K
  class space    used 12786K, committed 13056K, reserved 1048576K
}
Event: 9.034 GC heap after
{Heap after GC invocations=34 (full 0):
 garbage-first heap   total 152576K, used 85469K [0x0000000080000000, 0x0000000100000000)
  region size 1024K, 5 young (5120K), 5 survivors (5120K)
 Metaspace       used 93501K, committed 94080K, reserved 1130496K
  class space    used 12786K, committed 13056K, reserved 1048576K
}
Event: 9.056 GC heap before
{Heap before GC invocations=34 (full 0):
 garbage-first heap   total 152576K, used 87517K [0x0000000080000000, 0x0000000100000000)
  region size 1024K, 7 young (7168K), 5 survivors (5120K)
 Metaspace       used 93577K, committed 94208K, reserved 1130496K
  class space    used 12801K, committed 13120K, reserved 1048576K
}

Dll operation events (2 events):
Event: 0.008 Loaded shared library C:\Program Files\Android\Android Studio\jbr\bin\java.dll
Event: 0.421 Loaded shared library C:\Program Files\Android\Android Studio\jbr\bin\verify.dll

Deoptimization events (20 events):
Event: 9.046 Thread 0x0000023ac7dbea30 Uncommon trap: trap_request=0xffffffc6 fr.pc=0x0000023ab810ddf8 relative=0x0000000000000438
Event: 9.046 Thread 0x0000023ac7dbea30 Uncommon trap: reason=bimorphic_or_optimized_type_check action=maybe_recompile pc=0x0000023ab810ddf8 method=com.google.common.collect.NaturalOrdering.compare(Ljava/lang/Comparable;Ljava/lang/Comparable;)I @ 12 c2
Event: 9.046 Thread 0x0000023ac7dbea30 DEOPT PACKING pc=0x0000023ab810ddf8 sp=0x000000c8d35f8e50
Event: 9.046 Thread 0x0000023ac7dbea30 DEOPT UNPACKING pc=0x0000023ab76669a3 sp=0x000000c8d35f8d60 mode 2
Event: 9.046 Thread 0x0000023ac7dbea30 Uncommon trap: trap_request=0xffffffc6 fr.pc=0x0000023ab810ddf8 relative=0x0000000000000438
Event: 9.046 Thread 0x0000023ac7dbea30 Uncommon trap: reason=bimorphic_or_optimized_type_check action=maybe_recompile pc=0x0000023ab810ddf8 method=com.google.common.collect.NaturalOrdering.compare(Ljava/lang/Comparable;Ljava/lang/Comparable;)I @ 12 c2
Event: 9.046 Thread 0x0000023ac7dbea30 DEOPT PACKING pc=0x0000023ab810ddf8 sp=0x000000c8d35f8e50
Event: 9.046 Thread 0x0000023ac7dbea30 DEOPT UNPACKING pc=0x0000023ab76669a3 sp=0x000000c8d35f8d60 mode 2
Event: 9.046 Thread 0x0000023ac7dbea30 Uncommon trap: trap_request=0xffffffc6 fr.pc=0x0000023ab810ddf8 relative=0x0000000000000438
Event: 9.046 Thread 0x0000023ac7dbea30 Uncommon trap: reason=bimorphic_or_optimized_type_check action=maybe_recompile pc=0x0000023ab810ddf8 method=com.google.common.collect.NaturalOrdering.compare(Ljava/lang/Comparable;Ljava/lang/Comparable;)I @ 12 c2
Event: 9.046 Thread 0x0000023ac7dbea30 DEOPT PACKING pc=0x0000023ab810ddf8 sp=0x000000c8d35f8e50
Event: 9.046 Thread 0x0000023ac7dbea30 DEOPT UNPACKING pc=0x0000023ab76669a3 sp=0x000000c8d35f8d60 mode 2
Event: 9.046 Thread 0x0000023ac7dbea30 Uncommon trap: trap_request=0xffffffc6 fr.pc=0x0000023ab810ddf8 relative=0x0000000000000438
Event: 9.046 Thread 0x0000023ac7dbea30 Uncommon trap: reason=bimorphic_or_optimized_type_check action=maybe_recompile pc=0x0000023ab810ddf8 method=com.google.common.collect.NaturalOrdering.compare(Ljava/lang/Comparable;Ljava/lang/Comparable;)I @ 12 c2
Event: 9.046 Thread 0x0000023ac7dbea30 DEOPT PACKING pc=0x0000023ab810ddf8 sp=0x000000c8d35f8fe0
Event: 9.046 Thread 0x0000023ac7dbea30 DEOPT UNPACKING pc=0x0000023ab76669a3 sp=0x000000c8d35f8ef0 mode 2
Event: 9.048 Thread 0x0000023ac7dbea30 Uncommon trap: trap_request=0xffffffc6 fr.pc=0x0000023ab7d5f604 relative=0x0000000000000484
Event: 9.048 Thread 0x0000023ac7dbea30 Uncommon trap: reason=bimorphic_or_optimized_type_check action=maybe_recompile pc=0x0000023ab7d5f604 method=java.util.Spliterators$IteratorSpliterator.tryAdvance(Ljava/util/function/Consumer;)Z @ 50 c2
Event: 9.048 Thread 0x0000023ac7dbea30 DEOPT PACKING pc=0x0000023ab7d5f604 sp=0x000000c8d35f8d90
Event: 9.048 Thread 0x0000023ac7dbea30 DEOPT UNPACKING pc=0x0000023ab76669a3 sp=0x000000c8d35f8d30 mode 2

Classes unloaded (0 events):
No events

Classes redefined (0 events):
No events

Internal exceptions (20 events):
Event: 9.015 Thread 0x0000023ac7dbea30 Exception <a 'java/lang/ClassNotFoundException'{0x0000000087500c30}: com/android/build/gradle/internal/tasks/AppMetadataTask_DecoratedBeanInfo> (0x0000000087500c30) 
thrown [s\src\hotspot\share\classfile\systemDictionary.cpp, line 256]
Event: 9.015 Thread 0x0000023ac7dbea30 Exception <a 'java/lang/ClassNotFoundException'{0x000000008750c7c0}: com/android/build/gradle/internal/tasks/AppMetadataTaskBeanInfo> (0x000000008750c7c0) 
thrown [s\src\hotspot\share\classfile\systemDictionary.cpp, line 256]
Event: 9.015 Thread 0x0000023ac7dbea30 Exception <a 'java/lang/ClassNotFoundException'{0x00000000875180c0}: com/android/build/gradle/internal/tasks/AppMetadataTaskCustomizer> (0x00000000875180c0) 
thrown [s\src\hotspot\share\classfile\systemDictionary.cpp, line 256]
Event: 9.016 Thread 0x0000023ac7dbea30 Exception <a 'java/lang/ClassNotFoundException'{0x0000000087539130}: com/android/build/gradle/internal/tasks/AppMetadataTask_DecoratedCustomizer> (0x0000000087539130) 
thrown [s\src\hotspot\share\classfile\systemDictionary.cpp, line 256]
Event: 9.019 Thread 0x0000023ac7dbea30 Exception <a 'java/lang/ClassNotFoundException'{0x00000000875d8fa8}: com/android/build/gradle/internal/tasks/SigningConfigVersionsWriterTask_DecoratedBeanInfo> (0x00000000875d8fa8) 
thrown [s\src\hotspot\share\classfile\systemDictionary.cpp, line 256]
Event: 9.019 Thread 0x0000023ac7dbea30 Exception <a 'java/lang/ClassNotFoundException'{0x00000000875e4d18}: com/android/build/gradle/internal/tasks/SigningConfigVersionsWriterTaskBeanInfo> (0x00000000875e4d18) 
thrown [s\src\hotspot\share\classfile\systemDictionary.cpp, line 256]
Event: 9.019 Thread 0x0000023ac7dbea30 Exception <a 'java/lang/ClassNotFoundException'{0x00000000875f07f8}: com/android/build/gradle/internal/tasks/SigningConfigVersionsWriterTaskCustomizer> (0x00000000875f07f8) 
thrown [s\src\hotspot\share\classfile\systemDictionary.cpp, line 256]
Event: 9.020 Thread 0x0000023ac7dbea30 Exception <a 'java/lang/ClassNotFoundException'{0x0000000087417508}: com/android/build/gradle/internal/tasks/SigningConfigVersionsWriterTask_DecoratedCustomizer> (0x0000000087417508) 
thrown [s\src\hotspot\share\classfile\systemDictionary.cpp, line 256]
Event: 9.024 Thread 0x0000023ac7dbea30 Exception <a 'java/lang/ClassNotFoundException'{0x0000000087318ba8}: com/android/build/gradle/tasks/PackageApplication_DecoratedBeanInfo> (0x0000000087318ba8) 
thrown [s\src\hotspot\share\classfile\systemDictionary.cpp, line 256]
Event: 9.025 Thread 0x0000023ac7dbea30 Exception <a 'java/lang/ClassNotFoundException'{0x0000000087324590}: com/android/build/gradle/tasks/PackageApplicationBeanInfo> (0x0000000087324590) 
thrown [s\src\hotspot\share\classfile\systemDictionary.cpp, line 256]
Event: 9.025 Thread 0x0000023ac7dbea30 Exception <a 'java/lang/ClassNotFoundException'{0x0000000087330cd8}: com/android/build/gradle/tasks/PackageAndroidArtifactBeanInfo> (0x0000000087330cd8) 
thrown [s\src\hotspot\share\classfile\systemDictionary.cpp, line 256]
Event: 9.025 Thread 0x0000023ac7dbea30 Exception <a 'java/lang/ClassNotFoundException'{0x000000008733c718}: com/android/build/gradle/tasks/PackageAndroidArtifactCustomizer> (0x000000008733c718) 
thrown [s\src\hotspot\share\classfile\systemDictionary.cpp, line 256]
Event: 9.027 Thread 0x0000023ac7dbea30 Exception <a 'java/lang/ClassNotFoundException'{0x0000000087394d70}: com/android/build/gradle/tasks/PackageApplicationCustomizer> (0x0000000087394d70) 
thrown [s\src\hotspot\share\classfile\systemDictionary.cpp, line 256]
Event: 9.027 Thread 0x0000023ac7dbea30 Exception <a 'java/lang/ClassNotFoundException'{0x00000000873bbef0}: com/android/build/gradle/tasks/PackageApplication_DecoratedCustomizer> (0x00000000873bbef0) 
thrown [s\src\hotspot\share\classfile\systemDictionary.cpp, line 256]
Event: 9.037 Thread 0x0000023ac7dbea30 Exception <a 'java/lang/ClassNotFoundException'{0x00000000894a3c88}: com/android/build/gradle/internal/tasks/ListingFileRedirectTask_DecoratedBeanInfo> (0x00000000894a3c88) 
thrown [s\src\hotspot\share\classfile\systemDictionary.cpp, line 256]
Event: 9.038 Thread 0x0000023ac7dbea30 Exception <a 'java/lang/ClassNotFoundException'{0x00000000894afbd0}: com/android/build/gradle/internal/tasks/ListingFileRedirectTaskBeanInfo> (0x00000000894afbd0) 
thrown [s\src\hotspot\share\classfile\systemDictionary.cpp, line 256]
Event: 9.038 Thread 0x0000023ac7dbea30 Exception <a 'java/lang/ClassNotFoundException'{0x00000000894bb870}: com/android/build/gradle/internal/tasks/ListingFileRedirectTaskCustomizer> (0x00000000894bb870) 
thrown [s\src\hotspot\share\classfile\systemDictionary.cpp, line 256]
Event: 9.039 Thread 0x0000023ac7dbea30 Exception <a 'java/lang/ClassNotFoundException'{0x00000000894d8980}: com/android/build/gradle/internal/tasks/ListingFileRedirectTask_DecoratedCustomizer> (0x00000000894d8980) 
thrown [s\src\hotspot\share\classfile\systemDictionary.cpp, line 256]
Event: 9.043 Thread 0x0000023ac7dbea30 Exception <a 'java/lang/NoSuchMethodError'{0x000000008933f4d0}: 'java.lang.Object java.lang.invoke.DirectMethodHandle$Holder.newInvokeSpecial(java.lang.Object, java.lang.Object, java.lang.Object, java.lang.Object, int, java.lang.Object)'> (0x000000008933f4d0) 
thrown [s\src\hotspot\share\interpreter\linkResolver.cpp, line 771]
Event: 9.043 Thread 0x0000023ac7dbea30 Exception <a 'java/lang/NoSuchMethodError'{0x0000000089344290}: 'java.lang.Object java.lang.invoke.Invokers$Holder.linkToTargetMethod(java.lang.Object, java.lang.Object, java.lang.Object, int, java.lang.Object, java.lang.Object)'> (0x0000000089344290) 
thrown [s\src\hotspot\share\interpreter\linkResolver.cpp, line 771]

VM Operations (20 events):
Event: 8.684 Executing VM operation: ICBufferFull done
Event: 8.734 Executing VM operation: HandshakeAllThreads
Event: 8.735 Executing VM operation: HandshakeAllThreads done
Event: 8.735 Executing VM operation: HandshakeAllThreads
Event: 8.735 Executing VM operation: HandshakeAllThreads done
Event: 8.761 Executing VM operation: ICBufferFull
Event: 8.761 Executing VM operation: ICBufferFull done
Event: 8.782 Executing VM operation: HandshakeAllThreads
Event: 8.783 Executing VM operation: HandshakeAllThreads done
Event: 8.815 Executing VM operation: G1CollectForAllocation
Event: 8.821 Executing VM operation: G1CollectForAllocation done
Event: 8.834 Executing VM operation: HandshakeAllThreads
Event: 8.834 Executing VM operation: HandshakeAllThreads done
Event: 8.883 Executing VM operation: G1Concurrent
Event: 8.886 Executing VM operation: G1Concurrent done
Event: 8.910 Executing VM operation: G1Concurrent
Event: 8.910 Executing VM operation: G1Concurrent done
Event: 9.028 Executing VM operation: G1CollectForAllocation
Event: 9.034 Executing VM operation: G1CollectForAllocation done
Event: 9.056 Executing VM operation: G1CollectForAllocation

Events (20 events):
Event: 8.846 Thread 0x0000023ac7c33550 flushing nmethod 0x0000023ab0f91b90
Event: 8.846 Thread 0x0000023ac7c33550 flushing nmethod 0x0000023ab0f94310
Event: 8.846 Thread 0x0000023ac7c33550 flushing nmethod 0x0000023ab0f95590
Event: 8.846 Thread 0x0000023ac7c33550 flushing nmethod 0x0000023ab0f9bb10
Event: 8.846 Thread 0x0000023ac7c33550 flushing nmethod 0x0000023ab0f9d190
Event: 8.846 Thread 0x0000023ac7c33550 flushing nmethod 0x0000023ab0f9e290
Event: 8.846 Thread 0x0000023ac7c33550 flushing nmethod 0x0000023ab0fa2290
Event: 8.846 Thread 0x0000023ac7c33550 flushing nmethod 0x0000023ab0fb0e90
Event: 8.846 Thread 0x0000023ac7c33550 flushing nmethod 0x0000023ab0fcf410
Event: 8.846 Thread 0x0000023ac7c33550 flushing nmethod 0x0000023ab0fd1610
Event: 8.846 Thread 0x0000023ac7c33550 flushing nmethod 0x0000023ab0fd1b10
Event: 8.846 Thread 0x0000023ac7c33550 flushing nmethod 0x0000023ab0fd4510
Event: 8.846 Thread 0x0000023ac7c33550 flushing nmethod 0x0000023ab1015290
Event: 8.846 Thread 0x0000023ac7c33550 flushing nmethod 0x0000023ab1016910
Event: 8.846 Thread 0x0000023ac7c33550 flushing nmethod 0x0000023ab1075610
Event: 8.846 Thread 0x0000023ac7c33550 flushing nmethod 0x0000023ab1075a90
Event: 8.846 Thread 0x0000023ac7c33550 flushing nmethod 0x0000023ab1076210
Event: 8.846 Thread 0x0000023ac7c33550 flushing nmethod 0x0000023ab10a7310
Event: 8.964 loading class java/io/FilterReader
Event: 8.964 loading class java/io/FilterReader done


Dynamic libraries:
0x00007ff732ac0000 - 0x00007ff732aca000 	C:\Program Files\Android\Android Studio\jbr\bin\java.exe
0x00007ffe0a4b0000 - 0x00007ffe0a6a7000 	C:\windows\SYSTEM32\ntdll.dll
0x00007ffe090d0000 - 0x00007ffe0918d000 	C:\windows\System32\KERNEL32.DLL
0x00007ffe08090000 - 0x00007ffe08386000 	C:\windows\System32\KERNELBASE.dll
0x00007ffe07d00000 - 0x00007ffe07e00000 	C:\windows\System32\ucrtbase.dll
0x00007ffd957b0000 - 0x00007ffd957c7000 	C:\Program Files\Android\Android Studio\jbr\bin\jli.dll
0x00007ffe00130000 - 0x00007ffe0014b000 	C:\Program Files\Android\Android Studio\jbr\bin\VCRUNTIME140.dll
0x00007ffe08f30000 - 0x00007ffe090ce000 	C:\windows\System32\USER32.dll
0x00007ffe08390000 - 0x00007ffe083b2000 	C:\windows\System32\win32u.dll
0x00007ffe09c80000 - 0x00007ffe09cac000 	C:\windows\System32\GDI32.dll
0x00007ffdf0f20000 - 0x00007ffdf11ba000 	C:\windows\WinSxS\amd64_microsoft.windows.common-controls_6595b64144ccf1df_6.0.19041.3570_none_60bb2a3971f3e41a\COMCTL32.dll
0x00007ffe07be0000 - 0x00007ffe07cfa000 	C:\windows\System32\gdi32full.dll
0x00007ffe083c0000 - 0x00007ffe0845d000 	C:\windows\System32\msvcp_win.dll
0x00007ffe08930000 - 0x00007ffe089ce000 	C:\windows\System32\msvcrt.dll
0x00007ffe08ae0000 - 0x00007ffe08b10000 	C:\windows\System32\IMM32.DLL
0x00007ffe00120000 - 0x00007ffe0012c000 	C:\Program Files\Android\Android Studio\jbr\bin\vcruntime140_1.dll
0x00007ffdd4480000 - 0x00007ffdd450d000 	C:\Program Files\Android\Android Studio\jbr\bin\msvcp140.dll
0x00007ffd5e5d0000 - 0x00007ffd5f23e000 	C:\Program Files\Android\Android Studio\jbr\bin\server\jvm.dll
0x00007ffe08c30000 - 0x00007ffe08cde000 	C:\windows\System32\ADVAPI32.dll
0x00007ffe08b70000 - 0x00007ffe08c0c000 	C:\windows\System32\sechost.dll
0x00007ffe08520000 - 0x00007ffe08646000 	C:\windows\System32\RPCRT4.dll
0x00007ffdedfd0000 - 0x00007ffdedff7000 	C:\windows\SYSTEM32\WINMM.dll
0x00007ffda3ed0000 - 0x00007ffda3ed9000 	C:\windows\SYSTEM32\WSOCK32.dll
0x00007ffdff440000 - 0x00007ffdff44a000 	C:\windows\SYSTEM32\VERSION.dll
0x00007ffe0a400000 - 0x00007ffe0a46b000 	C:\windows\System32\WS2_32.dll
0x00007ffe063c0000 - 0x00007ffe063d2000 	C:\windows\SYSTEM32\kernel.appcore.dll
0x00007ffd76e50000 - 0x00007ffd76e5a000 	C:\Program Files\Android\Android Studio\jbr\bin\jimage.dll
0x00007ffe060e0000 - 0x00007ffe062c4000 	C:\windows\SYSTEM32\DBGHELP.DLL
0x00007ffdea0c0000 - 0x00007ffdea0f4000 	C:\windows\SYSTEM32\dbgcore.DLL
0x00007ffe07e00000 - 0x00007ffe07e82000 	C:\windows\System32\bcryptPrimitives.dll
0x00007ffd76370000 - 0x00007ffd76395000 	C:\Program Files\Android\Android Studio\jbr\bin\java.dll
0x00007ffd76e30000 - 0x00007ffd76e48000 	C:\Program Files\Android\Android Studio\jbr\bin\zip.dll
0x00007ffe09cb0000 - 0x00007ffe0a3f4000 	C:\windows\System32\SHELL32.dll
0x00007ffe05870000 - 0x00007ffe0600b000 	C:\windows\SYSTEM32\windows.storage.dll
0x00007ffe09710000 - 0x00007ffe09a64000 	C:\windows\System32\combase.dll
0x00007ffe075d0000 - 0x00007ffe075fd000 	C:\windows\SYSTEM32\Wldp.dll
0x00007ffe09190000 - 0x00007ffe0923d000 	C:\windows\System32\SHCORE.dll
0x00007ffe08b10000 - 0x00007ffe08b65000 	C:\windows\System32\shlwapi.dll
0x00007ffe07ac0000 - 0x00007ffe07ae5000 	C:\windows\SYSTEM32\profapi.dll
0x00007ffd76350000 - 0x00007ffd76369000 	C:\Program Files\Android\Android Studio\jbr\bin\net.dll
0x00007ffdfd2b0000 - 0x00007ffdfd3ba000 	C:\windows\SYSTEM32\WINHTTP.dll
0x00007ffe07330000 - 0x00007ffe0739a000 	C:\windows\system32\mswsock.dll
0x00007ffd762f0000 - 0x00007ffd76306000 	C:\Program Files\Android\Android Studio\jbr\bin\nio.dll
0x00007ffda4740000 - 0x00007ffda4750000 	C:\Program Files\Android\Android Studio\jbr\bin\verify.dll
0x00007ffdc3b70000 - 0x00007ffdc3b97000 	C:\Users\jasse\.gradle\native\68d5fa5c4cc2d200863cafc0d521ce42e7d3e7ee720ec0a83991735586a16f82\windows-amd64\native-platform.dll
0x00007ffdc4e90000 - 0x00007ffdc4fd4000 	C:\Users\jasse\.gradle\native\e376f236ea51e6404a007f0833ffe2c6e607c4080706a723a18a27aeea778392\windows-amd64\native-platform-file-events.dll
0x00007ffda4730000 - 0x00007ffda4739000 	C:\Program Files\Android\Android Studio\jbr\bin\management.dll
0x00007ffda4720000 - 0x00007ffda472b000 	C:\Program Files\Android\Android Studio\jbr\bin\management_ext.dll
0x00007ffe09c10000 - 0x00007ffe09c18000 	C:\windows\System32\PSAPI.DLL
0x00007ffe07530000 - 0x00007ffe07548000 	C:\windows\SYSTEM32\CRYPTSP.dll
0x00007ffe06bd0000 - 0x00007ffe06c04000 	C:\windows\system32\rsaenh.dll
0x00007ffe08060000 - 0x00007ffe08087000 	C:\windows\System32\bcrypt.dll
0x00007ffe07a40000 - 0x00007ffe07a6e000 	C:\windows\SYSTEM32\USERENV.dll
0x00007ffe07520000 - 0x00007ffe0752c000 	C:\windows\SYSTEM32\CRYPTBASE.dll
0x00007ffe06fd0000 - 0x00007ffe0700b000 	C:\windows\SYSTEM32\IPHLPAPI.DLL
0x00007ffe08ce0000 - 0x00007ffe08ce8000 	C:\windows\System32\NSI.dll
0x00007ffdfed60000 - 0x00007ffdfed77000 	C:\windows\SYSTEM32\dhcpcsvc6.DLL
0x00007ffdfed40000 - 0x00007ffdfed5d000 	C:\windows\SYSTEM32\dhcpcsvc.DLL
0x00007ffe07020000 - 0x00007ffe070ea000 	C:\windows\SYSTEM32\DNSAPI.dll
0x00007ffda4710000 - 0x00007ffda4717000 	C:\windows\system32\wshunix.dll
0x00007ffdd3b20000 - 0x00007ffdd3b37000 	C:\windows\system32\napinsp.dll
0x00007ffdd2290000 - 0x00007ffdd22ab000 	C:\windows\system32\pnrpnsp.dll
0x00007ffe02790000 - 0x00007ffe027a5000 	C:\windows\system32\wshbth.dll
0x00007ffe031a0000 - 0x00007ffe031bd000 	C:\windows\system32\NLAapi.dll
0x00007ffdd2270000 - 0x00007ffdd2282000 	C:\windows\System32\winrnr.dll
0x00007ffdfff80000 - 0x00007ffdfff8a000 	C:\Windows\System32\rasadhlp.dll
0x00007ffdf4140000 - 0x00007ffdf41c2000 	C:\windows\System32\fwpuclnt.dll

dbghelp: loaded successfully - version: 4.0.5 - missing functions: none
symbol engine: initialized successfully - sym options: 0x614 - pdb path: .;C:\Program Files\Android\Android Studio\jbr\bin;C:\windows\SYSTEM32;C:\windows\WinSxS\amd64_microsoft.windows.common-controls_6595b64144ccf1df_6.0.19041.3570_none_60bb2a3971f3e41a;C:\Program Files\Android\Android Studio\jbr\bin\server;C:\Users\jasse\.gradle\native\68d5fa5c4cc2d200863cafc0d521ce42e7d3e7ee720ec0a83991735586a16f82\windows-amd64;C:\Users\jasse\.gradle\native\e376f236ea51e6404a007f0833ffe2c6e607c4080706a723a18a27aeea778392\windows-amd64

VM Arguments:
jvm_args: --add-opens=java.base/java.util=ALL-UNNAMED --add-opens=java.base/java.lang=ALL-UNNAMED --add-opens=java.base/java.lang.invoke=ALL-UNNAMED --add-opens=java.prefs/java.util.prefs=ALL-UNNAMED --add-opens=java.base/java.nio.charset=ALL-UNNAMED --add-opens=java.base/java.net=ALL-UNNAMED --add-opens=java.base/java.util.concurrent.atomic=ALL-UNNAMED -Xmx2048m -Dfile.encoding=UTF-8 -Duser.country=FR -Duser.language=fr -Duser.variant 
java_command: org.gradle.launcher.daemon.bootstrap.GradleDaemon 8.0
java_class_path (initial): C:\Users\jasse\.gradle\wrapper\dists\gradle-8.0-bin\ca5e32bp14vu59qr306oxotwh\gradle-8.0\lib\gradle-launcher-8.0.jar
Launcher Type: SUN_STANDARD

[Global flags]
     intx CICompilerCount                          = 4                                         {product} {ergonomic}
     uint ConcGCThreads                            = 2                                         {product} {ergonomic}
     uint G1ConcRefinementThreads                  = 8                                         {product} {ergonomic}
   size_t G1HeapRegionSize                         = 1048576                                   {product} {ergonomic}
    uintx GCDrainStackTargetSize                   = 64                                        {product} {ergonomic}
   size_t InitialHeapSize                          = 132120576                                 {product} {ergonomic}
   size_t MarkStackSize                            = 4194304                                   {product} {ergonomic}
   size_t MaxHeapSize                              = 2147483648                                {product} {command line}
   size_t MaxNewSize                               = 1287651328                                {product} {ergonomic}
   size_t MinHeapDeltaBytes                        = 1048576                                   {product} {ergonomic}
   size_t MinHeapSize                              = 8388608                                   {product} {ergonomic}
    uintx NonNMethodCodeHeapSize                   = 5839372                                {pd product} {ergonomic}
    uintx NonProfiledCodeHeapSize                  = 122909434                              {pd product} {ergonomic}
    uintx ProfiledCodeHeapSize                     = 122909434                              {pd product} {ergonomic}
    uintx ReservedCodeCacheSize                    = 251658240                              {pd product} {ergonomic}
     bool SegmentedCodeCache                       = true                                      {product} {ergonomic}
   size_t SoftMaxHeapSize                          = 2147483648                             {manageable} {ergonomic}
     bool UseCompressedClassPointers               = true                           {product lp64_product} {ergonomic}
     bool UseCompressedOops                        = true                           {product lp64_product} {ergonomic}
     bool UseG1GC                                  = true                                      {product} {ergonomic}
     bool UseLargePagesIndividualAllocation        = false                                  {pd product} {ergonomic}

Logging:
Log output configuration:
 #0: stdout all=warning uptime,level,tags
 #1: stderr all=off uptime,level,tags

Environment Variables:
JAVA_HOME=C:\Program Files\Java\jdk-13.0.2
PATH=C:\Users\jasse\Downloads\php-8.1.17-nts-Win32-vs16-x64;C:\Program Files\Java;C:\Program Files\Java\jdk1.8.0_301;C:\oraclexe\app\oracle\product\11.2.0\server\bin;C:\oraclexe\app\oracle\product\11.2.0\server\bin;C:\oraclexe\app\oracle\product\11.2.0\server\bin;C:\windows\system32;C:\windows;C:\windows\System32\Wbem;C:\windows\System32\WindowsPowerShell\v1.0\;C:\windows\System32\OpenSSH\;C:\Program Files (x86)\NVIDIA Corporation\PhysX\Common;C:\Program Files\NVIDIA Corporation\NVIDIA NvDLISR;C:\instantclient12-2;C:\oraclexe\app\oracle\admin\XE;C:\oraclexe;C:\Program Files\TortoiseGit\bin;C:\xampp\php\Symfony;C:\Program Files\nodejs\;C:\Users\jasse\AppData\Local\Microsoft\WindowsApps;C:\Program Files\CodeBlocks\MinGW\bin;C:\Program Files\CodeBlocks\MinGW\bin;C:\Program Files (x86)\D-Bus\bin;C:\Users\jasse\AppData\Local\Programs\Microsoft VS Code\bin;C:\Users\jasse\Desktop\php;C:\Users\jasse\AppData\Local\GitHubDesktop\bin;C:\Users\jasse\AppData\Local\ComposerSetup\bin;C:\Users\jasse\AppData\Roaming\Composer\vendor\bin;C:\Users\jasse\AppData\Roaming\npm
USERNAME=jasse
OS=Windows_NT
PROCESSOR_IDENTIFIER=Intel64 Family 6 Model 165 Stepping 2, GenuineIntel
TMP=C:\Users\jasse\AppData\Local\Temp
TEMP=C:\Users\jasse\AppData\Local\Temp


JNI global refs:
JNI global refs: 27, weak refs: 7

JNI global refs memory usage: 843, weak refs: 841


---------------  S Y S T E M  ---------------

OS:
 Windows 10 , 64 bit Build 19041 (10.0.19041.3570)
OS uptime: 0 days 0:19 hours

CPU: total 8 (initial active 8) (4 cores per cpu, 2 threads per core) family 6 model 165 stepping 2 microcode 0xf0, cx8, cmov, fxsr, ht, mmx, 3dnowpref, sse, sse2, sse3, ssse3, sse4.1, sse4.2, popcnt, lzcnt, tsc, tscinvbit, avx, avx2, aes, erms, clmul, bmi1, bmi2, adx, fma, vzeroupper, clflush, clflushopt

Memory: 4k page, system-wide physical 7993M (632M free)
TotalPageFile size 10993M (AvailPageFile size 46M)
current process WorkingSet (physical memory assigned to process): 416M, peak: 422M
current process commit charge ("private bytes"): 450M, peak: 567M

vm_info: OpenJDK 64-Bit Server VM (17.0.6+0-b2043.56-10027231) for windows-amd64 JRE (17.0.6+0-b2043.56-10027231), built on Apr 28 2023 00:43:19 by "androidbuild" with MS VC++ 16.10 / 16.11 (VS2019)

END.
