#
# There is insufficient memory for the Java Runtime Environment to continue.
# Native memory allocation (malloc) failed to allocate 1656528 bytes for Chunk::new
# Possible reasons:
#   The system is out of physical RAM or swap space
#   The process is running with CompressedOops enabled, and the Java Heap may be blocking the growth of the native heap
# Possible solutions:
#   Reduce memory load on the system
#   Increase physical memory or swap space
#   Check if swap backing store is full
#   Decrease Java heap size (-Xmx/-Xms)
#   Decrease number of Java threads
#   Decrease Java thread stack sizes (-Xss)
#   Set larger code cache with -XX:ReservedCodeCacheSize=
#   JVM is running with Unscaled Compressed Oops mode in which the Java heap is
#     placed in the first 4GB address space. The Java Heap base address is the
#     maximum limit for the native heap growth. Please use -XX:HeapBaseMinAddress
#     to set the Java Heap base and to place the Java Heap above 4GB virtual address.
# This output file may be truncated or incomplete.
#
#  Out of Memory Error (arena.cpp:189), pid=10404, tid=21084
#
# JRE version: OpenJDK Runtime Environment (17.0.6) (build 17.0.6+0-b2043.56-10027231)
# Java VM: OpenJDK 64-Bit Server VM (17.0.6+0-b2043.56-10027231, mixed mode, tiered, compressed oops, compressed class ptrs, g1 gc, windows-amd64)
# No core dump will be written. Minidumps are not enabled by default on client versions of Windows
#

---------------  S U M M A R Y ------------

Command Line: --add-opens=java.base/java.util=ALL-UNNAMED --add-opens=java.base/java.lang=ALL-UNNAMED --add-opens=java.base/java.lang.invoke=ALL-UNNAMED --add-opens=java.prefs/java.util.prefs=ALL-UNNAMED --add-opens=java.base/java.nio.charset=ALL-UNNAMED --add-opens=java.base/java.net=ALL-UNNAMED --add-opens=java.base/java.util.concurrent.atomic=ALL-UNNAMED -Xmx2048m -Dfile.encoding=UTF-8 -Duser.country=FR -Duser.language=fr -Duser.variant org.gradle.launcher.daemon.bootstrap.GradleDaemon 8.0

Host: Intel(R) Core(TM) i5-10300H CPU @ 2.50GHz, 8 cores, 7G,  Windows 10 , 64 bit Build 19041 (10.0.19041.3570)
Time: Wed Nov 15 14:54:30 2023 Afr. centrale Ouest elapsed time: 2.898285 seconds (0d 0h 0m 2s)

---------------  T H R E A D  ---------------

Current thread (0x0000022391bf7180):  JavaThread "C2 CompilerThread1" daemon [_thread_in_native, id=21084, stack(0x000000baabd00000,0x000000baabe00000)]


Current CompileTask:
C2:   2898 2928   !   4       java.lang.ClassLoader::loadClass (121 bytes)

Stack: [0x000000baabd00000,0x000000baabe00000]
Native frames: (J=compiled Java code, j=interpreted, Vv=VM code, C=native code)
V  [jvm.dll+0x683c9a]
V  [jvm.dll+0x8427a4]
V  [jvm.dll+0x843f9e]
V  [jvm.dll+0x844603]
V  [jvm.dll+0x249b75]
V  [jvm.dll+0xabcac]
V  [jvm.dll+0xac27c]
V  [jvm.dll+0x368857]
V  [jvm.dll+0x1bced2]
V  [jvm.dll+0x21c359]
V  [jvm.dll+0x21b621]
V  [jvm.dll+0x1a4fdd]
V  [jvm.dll+0x22b098]
V  [jvm.dll+0x229159]
V  [jvm.dll+0x7f81ec]
V  [jvm.dll+0x7f274a]
V  [jvm.dll+0x682ad5]
C  [ucrtbase.dll+0x21bb2]
C  [KERNEL32.DLL+0x17344]
C  [ntdll.dll+0x526b1]


---------------  P R O C E S S  ---------------

Threads class SMR info:
_java_thread_list=0x00000223956c5020, length=43, elements={
0x00000223f6859f30, 0x0000022391813620, 0x00000223ff6c4ef0, 0x00000223ff6a27d0,
0x00000223ff6a61b0, 0x00000223ff6a6a70, 0x00000223ff6a7330, 0x000002239182d720,
0x000002239182e020, 0x0000022391830930, 0x0000022391991070, 0x0000022391991950,
0x0000022391bf7180, 0x00000223953d6450, 0x0000022394188280, 0x0000022392d29980,
0x00000223946272c0, 0x0000022392b14980, 0x000002239229d690, 0x000002239229d1c0,
0x000002239229eea0, 0x000002239229ccf0, 0x000002239229db60, 0x000002239229e9d0,
0x000002239229be80, 0x000002239229b9b0, 0x00000223944806f0, 0x0000022394c79ee0,
0x0000022394c79a10, 0x0000022394c7a3b0, 0x0000022394c76ec0, 0x0000022394c78200,
0x0000022394c7a880, 0x0000022394c77390, 0x0000022394c77860, 0x0000022394c77d30,
0x0000022394c786d0, 0x0000022394c79070, 0x0000022394c79540, 0x0000022395f861c0,
0x0000022395f84010, 0x0000022395f82330, 0x0000022395f7f7e0
}

Java Threads: ( => current thread )
  0x00000223f6859f30 JavaThread "main" [_thread_blocked, id=22104, stack(0x000000baaaa00000,0x000000baaab00000)]
  0x0000022391813620 JavaThread "Reference Handler" daemon [_thread_blocked, id=2728, stack(0x000000baab100000,0x000000baab200000)]
  0x00000223ff6c4ef0 JavaThread "Finalizer" daemon [_thread_blocked, id=4156, stack(0x000000baab200000,0x000000baab300000)]
  0x00000223ff6a27d0 JavaThread "Signal Dispatcher" daemon [_thread_blocked, id=11560, stack(0x000000baab300000,0x000000baab400000)]
  0x00000223ff6a61b0 JavaThread "Attach Listener" daemon [_thread_blocked, id=16740, stack(0x000000baab400000,0x000000baab500000)]
  0x00000223ff6a6a70 JavaThread "Service Thread" daemon [_thread_blocked, id=7552, stack(0x000000baab500000,0x000000baab600000)]
  0x00000223ff6a7330 JavaThread "Monitor Deflation Thread" daemon [_thread_blocked, id=12004, stack(0x000000baab600000,0x000000baab700000)]
  0x000002239182d720 JavaThread "C2 CompilerThread0" daemon [_thread_in_native, id=17448, stack(0x000000baab700000,0x000000baab800000)]
  0x000002239182e020 JavaThread "C1 CompilerThread0" daemon [_thread_blocked, id=9508, stack(0x000000baab800000,0x000000baab900000)]
  0x0000022391830930 JavaThread "Sweeper thread" daemon [_thread_blocked, id=2784, stack(0x000000baab900000,0x000000baaba00000)]
  0x0000022391991070 JavaThread "Common-Cleaner" daemon [_thread_blocked, id=420, stack(0x000000baaba00000,0x000000baabb00000)]
  0x0000022391991950 JavaThread "Notification Thread" daemon [_thread_blocked, id=3352, stack(0x000000baabb00000,0x000000baabc00000)]
=>0x0000022391bf7180 JavaThread "C2 CompilerThread1" daemon [_thread_in_native, id=21084, stack(0x000000baabd00000,0x000000baabe00000)]
  0x00000223953d6450 JavaThread "Daemon health stats" [_thread_blocked, id=12436, stack(0x000000baac300000,0x000000baac400000)]
  0x0000022394188280 JavaThread "Incoming local TCP Connector on port 57416" [_thread_in_native, id=3324, stack(0x000000baac400000,0x000000baac500000)]
  0x0000022392d29980 JavaThread "Daemon periodic checks" [_thread_blocked, id=20176, stack(0x000000baac500000,0x000000baac600000)]
  0x00000223946272c0 JavaThread "Daemon" [_thread_blocked, id=7760, stack(0x000000baac600000,0x000000baac700000)]
  0x0000022392b14980 JavaThread "Handler for socket connection from /127.0.0.1:57416 to /127.0.0.1:57417" [_thread_in_native, id=12664, stack(0x000000baac700000,0x000000baac800000)]
  0x000002239229d690 JavaThread "Cancel handler" [_thread_blocked, id=19260, stack(0x000000baac800000,0x000000baac900000)]
  0x000002239229d1c0 JavaThread "Daemon worker" [_thread_in_vm, id=2024, stack(0x000000baac900000,0x000000baaca00000)]
  0x000002239229eea0 JavaThread "Asynchronous log dispatcher for DefaultDaemonConnection: socket connection from /127.0.0.1:57416 to /127.0.0.1:57417" [_thread_blocked, id=7716, stack(0x000000baaca00000,0x000000baacb00000)]
  0x000002239229ccf0 JavaThread "Stdin handler" [_thread_blocked, id=3592, stack(0x000000baacb00000,0x000000baacc00000)]
  0x000002239229db60 JavaThread "Daemon client event forwarder" [_thread_blocked, id=3676, stack(0x000000baacc00000,0x000000baacd00000)]
  0x000002239229e9d0 JavaThread "Cache worker for journal cache (C:\Users\jasse\.gradle\caches\journal-1)" [_thread_blocked, id=4692, stack(0x000000baac200000,0x000000baac300000)]
  0x000002239229be80 JavaThread "File lock request listener" [_thread_in_native, id=1200, stack(0x000000baad100000,0x000000baad200000)]
  0x000002239229b9b0 JavaThread "Cache worker for file hash cache (C:\Users\jasse\.gradle\caches\8.0\fileHashes)" [_thread_blocked, id=18840, stack(0x000000baad200000,0x000000baad300000)]
  0x00000223944806f0 JavaThread "C2 CompilerThread2" daemon [_thread_in_native, id=17424, stack(0x000000baad300000,0x000000baad400000)]
  0x0000022394c79ee0 JavaThread "File watcher server" daemon [_thread_in_native, id=3020, stack(0x000000baad400000,0x000000baad500000)]
  0x0000022394c79a10 JavaThread "File watcher consumer" daemon [_thread_blocked, id=14476, stack(0x000000baad500000,0x000000baad600000)]
  0x0000022394c7a3b0 JavaThread "jar transforms" [_thread_blocked, id=12728, stack(0x000000baad600000,0x000000baad700000)]
  0x0000022394c76ec0 JavaThread "jar transforms Thread 2" [_thread_blocked, id=15972, stack(0x000000baad700000,0x000000baad800000)]
  0x0000022394c78200 JavaThread "jar transforms Thread 3" [_thread_blocked, id=16956, stack(0x000000baad800000,0x000000baad900000)]
  0x0000022394c7a880 JavaThread "jar transforms Thread 4" [_thread_blocked, id=22500, stack(0x000000baad900000,0x000000baada00000)]
  0x0000022394c77390 JavaThread "jar transforms Thread 5" [_thread_blocked, id=9432, stack(0x000000baada00000,0x000000baadb00000)]
  0x0000022394c77860 JavaThread "jar transforms Thread 6" [_thread_blocked, id=21536, stack(0x000000baadb00000,0x000000baadc00000)]
  0x0000022394c77d30 JavaThread "jar transforms Thread 7" [_thread_blocked, id=3344, stack(0x000000baadc00000,0x000000baadd00000)]
  0x0000022394c786d0 JavaThread "jar transforms Thread 8" [_thread_blocked, id=14136, stack(0x000000baadd00000,0x000000baade00000)]
  0x0000022394c79070 JavaThread "Cache worker for checksums cache (C:\Users\jasse\AndroidStudioProjects\front\.gradle\8.0\checksums)" [_thread_blocked, id=10220, stack(0x000000baadf00000,0x000000baae000000)]
  0x0000022394c79540 JavaThread "Cache worker for cache directory md-rule (C:\Users\jasse\.gradle\caches\8.0\md-rule)" [_thread_blocked, id=19692, stack(0x000000baae000000,0x000000baae100000)]
  0x0000022395f861c0 JavaThread "Cache worker for file content cache (C:\Users\jasse\.gradle\caches\8.0\fileContent)" [_thread_blocked, id=12712, stack(0x000000baae100000,0x000000baae200000)]
  0x0000022395f84010 JavaThread "Cache worker for file hash cache (C:\Users\jasse\AndroidStudioProjects\front\.gradle\8.0\fileHashes)" [_thread_blocked, id=5044, stack(0x000000baae200000,0x000000baae300000)]
  0x0000022395f82330 JavaThread "Cache worker for cache directory md-supplier (C:\Users\jasse\.gradle\caches\8.0\md-supplier)" [_thread_blocked, id=5944, stack(0x000000baae300000,0x000000baae400000)]
  0x0000022395f7f7e0 JavaThread "Cache worker for execution history cache (C:\Users\jasse\.gradle\caches\8.0\executionHistory)" [_thread_blocked, id=6152, stack(0x000000baae400000,0x000000baae500000)]

Other Threads:
  0x00000223ff6c2c60 VMThread "VM Thread" [stack: 0x000000baab000000,0x000000baab100000] [id=18672]
  0x00000223919b8020 WatcherThread [stack: 0x000000baabc00000,0x000000baabd00000] [id=18100]
  0x00000223f68ba010 GCTaskThread "GC Thread#0" [stack: 0x000000baaab00000,0x000000baaac00000] [id=17484]
  0x0000022392802a60 GCTaskThread "GC Thread#1" [stack: 0x000000baabe00000,0x000000baabf00000] [id=21256]
  0x0000022392802d10 GCTaskThread "GC Thread#2" [stack: 0x000000baabf00000,0x000000baac000000] [id=10248]
  0x0000022392775d60 GCTaskThread "GC Thread#3" [stack: 0x000000baac000000,0x000000baac100000] [id=12296]
  0x0000022392096fb0 GCTaskThread "GC Thread#4" [stack: 0x000000baac100000,0x000000baac200000] [id=16480]
  0x0000022393179bc0 GCTaskThread "GC Thread#5" [stack: 0x000000baacd00000,0x000000baace00000] [id=21988]
  0x00000223941247f0 GCTaskThread "GC Thread#6" [stack: 0x000000baace00000,0x000000baacf00000] [id=17044]
  0x0000022394121460 GCTaskThread "GC Thread#7" [stack: 0x000000baacf00000,0x000000baad000000] [id=11448]
  0x00000223f68cae60 ConcurrentGCThread "G1 Main Marker" [stack: 0x000000baaac00000,0x000000baaad00000] [id=9636]
  0x00000223f68cbf20 ConcurrentGCThread "G1 Conc#0" [stack: 0x000000baaad00000,0x000000baaae00000] [id=1156]
  0x0000022393178250 ConcurrentGCThread "G1 Conc#1" [stack: 0x000000baad000000,0x000000baad100000] [id=7528]
  0x00000223f692e250 ConcurrentGCThread "G1 Refine#0" [stack: 0x000000baaae00000,0x000000baaaf00000] [id=14428]
  0x0000022392e4bcf0 ConcurrentGCThread "G1 Refine#1" [stack: 0x000000baade00000,0x000000baadf00000] [id=128]
  0x00000223f692eb80 ConcurrentGCThread "G1 Service" [stack: 0x000000baaaf00000,0x000000baab000000] [id=9528]

Threads with active compile tasks:
C2 CompilerThread0     2920 3051   !   4       java.lang.reflect.Executable::declaredAnnotations (85 bytes)
C2 CompilerThread1     2920 2928   !   4       java.lang.ClassLoader::loadClass (121 bytes)
C2 CompilerThread2     2920 3060       4       java.net.URLStreamHandler::toExternalForm (156 bytes)

VM state: not at safepoint (normal execution)

VM Mutex/Monitor currently owned by a thread: None

Heap address: 0x0000000080000000, size: 2048 MB, Compressed Oops mode: 32-bit

CDS archive(s) not mapped
Compressed class space mapped at: 0x0000000100000000-0x0000000140000000, reserved size: 1073741824
Narrow klass base: 0x0000000000000000, Narrow klass shift: 3, Narrow klass range: 0x140000000

GC Precious Log:
 CPUs: 8 total, 8 available
 Memory: 7993M
 Large Page Support: Disabled
 NUMA Support: Disabled
 Compressed Oops: Enabled (32-bit)
 Heap Region Size: 1M
 Heap Min Capacity: 8M
 Heap Initial Capacity: 126M
 Heap Max Capacity: 2G
 Pre-touch: Disabled
 Parallel Workers: 8
 Concurrent Workers: 2
 Concurrent Refinement Workers: 8
 Periodic GC: Disabled

Heap:
 garbage-first heap   total 89088K, used 55457K [0x0000000080000000, 0x0000000100000000)
  region size 1024K, 7 young (7168K), 1 survivors (1024K)
 Metaspace       used 34745K, committed 35072K, reserved 1081344K
  class space    used 4841K, committed 4992K, reserved 1048576K

Heap Regions: E=young(eden), S=young(survivor), O=old, HS=humongous(starts), HC=humongous(continues), CS=collection set, F=free, OA=open archive, CA=closed archive, TAMS=top-at-mark-start (previous, next)
|   0|0x0000000080000000, 0x0000000080100000, 0x0000000080100000|100%|HS|  |TAMS 0x0000000080100000, 0x0000000080000000| Complete 
|   1|0x0000000080100000, 0x0000000080200000, 0x0000000080200000|100%|HC|  |TAMS 0x0000000080200000, 0x0000000080100000| Complete 
|   2|0x0000000080200000, 0x0000000080300000, 0x0000000080300000|100%|HC|  |TAMS 0x0000000080300000, 0x0000000080200000| Complete 
|   3|0x0000000080300000, 0x0000000080400000, 0x0000000080400000|100%|HC|  |TAMS 0x0000000080400000, 0x0000000080300000| Complete 
|   4|0x0000000080400000, 0x0000000080500000, 0x0000000080500000|100%| O|  |TAMS 0x0000000080500000, 0x0000000080400000| Untracked 
|   5|0x0000000080500000, 0x0000000080600000, 0x0000000080600000|100%| O|  |TAMS 0x0000000080600000, 0x0000000080500000| Untracked 
|   6|0x0000000080600000, 0x0000000080700000, 0x0000000080700000|100%| O|  |TAMS 0x0000000080700000, 0x0000000080600000| Untracked 
|   7|0x0000000080700000, 0x0000000080800000, 0x0000000080800000|100%| O|  |TAMS 0x0000000080800000, 0x0000000080700000| Untracked 
|   8|0x0000000080800000, 0x0000000080900000, 0x0000000080900000|100%| O|  |TAMS 0x0000000080900000, 0x0000000080800000| Untracked 
|   9|0x0000000080900000, 0x0000000080a00000, 0x0000000080a00000|100%| O|  |TAMS 0x0000000080a00000, 0x0000000080900000| Untracked 
|  10|0x0000000080a00000, 0x0000000080b00000, 0x0000000080b00000|100%| O|  |TAMS 0x0000000080b00000, 0x0000000080a00000| Untracked 
|  11|0x0000000080b00000, 0x0000000080b5b400, 0x0000000080c00000| 35%| O|  |TAMS 0x0000000080b5b400, 0x0000000080b00000| Untracked 
|  12|0x0000000080c00000, 0x0000000080d00000, 0x0000000080d00000|100%| O|  |TAMS 0x0000000080d00000, 0x0000000080c00000| Untracked 
|  13|0x0000000080d00000, 0x0000000080e00000, 0x0000000080e00000|100%| O|  |TAMS 0x0000000080e00000, 0x0000000080d00000| Untracked 
|  14|0x0000000080e00000, 0x0000000080f00000, 0x0000000080f00000|100%| O|  |TAMS 0x0000000080f00000, 0x0000000080e00000| Untracked 
|  15|0x0000000080f00000, 0x0000000081000000, 0x0000000081000000|100%| O|  |TAMS 0x0000000081000000, 0x0000000080f00000| Untracked 
|  16|0x0000000081000000, 0x0000000081100000, 0x0000000081100000|100%| O|  |TAMS 0x0000000081100000, 0x0000000081000000| Untracked 
|  17|0x0000000081100000, 0x0000000081200000, 0x0000000081200000|100%| O|  |TAMS 0x0000000081200000, 0x0000000081100000| Untracked 
|  18|0x0000000081200000, 0x0000000081300000, 0x0000000081300000|100%| O|  |TAMS 0x0000000081300000, 0x0000000081200000| Untracked 
|  19|0x0000000081300000, 0x0000000081400000, 0x0000000081400000|100%|HS|  |TAMS 0x0000000081400000, 0x0000000081300000| Complete 
|  20|0x0000000081400000, 0x0000000081500000, 0x0000000081500000|100%|HC|  |TAMS 0x0000000081500000, 0x0000000081400000| Complete 
|  21|0x0000000081500000, 0x0000000081600000, 0x0000000081600000|100%|HS|  |TAMS 0x0000000081600000, 0x0000000081500000| Complete 
|  22|0x0000000081600000, 0x0000000081700000, 0x0000000081700000|100%|HC|  |TAMS 0x0000000081700000, 0x0000000081600000| Complete 
|  23|0x0000000081700000, 0x0000000081800000, 0x0000000081800000|100%|HC|  |TAMS 0x0000000081800000, 0x0000000081700000| Complete 
|  24|0x0000000081800000, 0x0000000081900000, 0x0000000081900000|100%| O|  |TAMS 0x0000000081900000, 0x0000000081800000| Untracked 
|  25|0x0000000081900000, 0x0000000081a00000, 0x0000000081a00000|100%| O|  |TAMS 0x0000000081a00000, 0x0000000081900000| Untracked 
|  26|0x0000000081a00000, 0x0000000081b00000, 0x0000000081b00000|100%| O|  |TAMS 0x0000000081b00000, 0x0000000081a00000| Untracked 
|  27|0x0000000081b00000, 0x0000000081c00000, 0x0000000081c00000|100%|HS|  |TAMS 0x0000000081c00000, 0x0000000081b00000| Complete 
|  28|0x0000000081c00000, 0x0000000081d00000, 0x0000000081d00000|100%|HC|  |TAMS 0x0000000081d00000, 0x0000000081c00000| Complete 
|  29|0x0000000081d00000, 0x0000000081e00000, 0x0000000081e00000|100%|HC|  |TAMS 0x0000000081e00000, 0x0000000081d00000| Complete 
|  30|0x0000000081e00000, 0x0000000081f00000, 0x0000000081f00000|100%| O|  |TAMS 0x0000000081f00000, 0x0000000081e00000| Untracked 
|  31|0x0000000081f00000, 0x0000000082000000, 0x0000000082000000|100%| O|  |TAMS 0x0000000082000000, 0x0000000081f00000| Untracked 
|  32|0x0000000082000000, 0x0000000082100000, 0x0000000082100000|100%| O|  |TAMS 0x00000000820b1000, 0x0000000082000000| Untracked 
|  33|0x0000000082100000, 0x0000000082200000, 0x0000000082200000|100%|HS|  |TAMS 0x0000000082200000, 0x0000000082100000| Complete 
|  34|0x0000000082200000, 0x0000000082300000, 0x0000000082300000|100%|HC|  |TAMS 0x0000000082300000, 0x0000000082200000| Complete 
|  35|0x0000000082300000, 0x0000000082400000, 0x0000000082400000|100%| O|  |TAMS 0x0000000082300000, 0x0000000082300000| Untracked 
|  36|0x0000000082400000, 0x0000000082500000, 0x0000000082500000|100%| O|  |TAMS 0x0000000082400000, 0x0000000082400000| Untracked 
|  37|0x0000000082500000, 0x000000008250ae00, 0x0000000082600000|  4%| O|  |TAMS 0x0000000082500000, 0x0000000082500000| Untracked 
|  38|0x0000000082600000, 0x0000000082600000, 0x0000000082700000|  0%| F|  |TAMS 0x0000000082600000, 0x0000000082600000| Untracked 
|  39|0x0000000082700000, 0x0000000082700000, 0x0000000082800000|  0%| F|  |TAMS 0x0000000082700000, 0x0000000082700000| Untracked 
|  40|0x0000000082800000, 0x0000000082800000, 0x0000000082900000|  0%| F|  |TAMS 0x0000000082800000, 0x0000000082800000| Untracked 
|  41|0x0000000082900000, 0x0000000082900000, 0x0000000082a00000|  0%| F|  |TAMS 0x0000000082900000, 0x0000000082900000| Untracked 
|  42|0x0000000082a00000, 0x0000000082a00000, 0x0000000082b00000|  0%| F|  |TAMS 0x0000000082a00000, 0x0000000082a00000| Untracked 
|  43|0x0000000082b00000, 0x0000000082b00000, 0x0000000082c00000|  0%| F|  |TAMS 0x0000000082b00000, 0x0000000082b00000| Untracked 
|  44|0x0000000082c00000, 0x0000000082c00000, 0x0000000082d00000|  0%| F|  |TAMS 0x0000000082c00000, 0x0000000082c00000| Untracked 
|  45|0x0000000082d00000, 0x0000000082e00000, 0x0000000082e00000|100%|HS|  |TAMS 0x0000000082e00000, 0x0000000082d00000| Complete 
|  46|0x0000000082e00000, 0x0000000082f00000, 0x0000000082f00000|100%|HC|  |TAMS 0x0000000082f00000, 0x0000000082e00000| Complete 
|  47|0x0000000082f00000, 0x0000000083000000, 0x0000000083000000|100%|HC|  |TAMS 0x0000000083000000, 0x0000000082f00000| Complete 
|  48|0x0000000083000000, 0x0000000083100000, 0x0000000083100000|100%|HC|  |TAMS 0x0000000083100000, 0x0000000083000000| Complete 
|  49|0x0000000083100000, 0x0000000083200000, 0x0000000083200000|100%|HC|  |TAMS 0x0000000083200000, 0x0000000083100000| Complete 
|  50|0x0000000083200000, 0x0000000083300000, 0x0000000083300000|100%|HC|  |TAMS 0x0000000083300000, 0x0000000083200000| Complete 
|  51|0x0000000083300000, 0x0000000083400000, 0x0000000083400000|100%|HC|  |TAMS 0x0000000083400000, 0x0000000083300000| Complete 
|  52|0x0000000083400000, 0x0000000083500000, 0x0000000083500000|100%|HC|  |TAMS 0x0000000083500000, 0x0000000083400000| Complete 
|  53|0x0000000083500000, 0x0000000083600000, 0x0000000083600000|100%|HC|  |TAMS 0x0000000083600000, 0x0000000083500000| Complete 
|  54|0x0000000083600000, 0x0000000083700000, 0x0000000083700000|100%|HC|  |TAMS 0x0000000083700000, 0x0000000083600000| Complete 
|  55|0x0000000083700000, 0x0000000083800000, 0x0000000083800000|100%|HC|  |TAMS 0x0000000083800000, 0x0000000083700000| Complete 
|  56|0x0000000083800000, 0x0000000083900000, 0x0000000083900000|100%|HC|  |TAMS 0x0000000083900000, 0x0000000083800000| Complete 
|  57|0x0000000083900000, 0x0000000083900000, 0x0000000083a00000|  0%| F|  |TAMS 0x0000000083900000, 0x0000000083900000| Untracked 
|  58|0x0000000083a00000, 0x0000000083a00000, 0x0000000083b00000|  0%| F|  |TAMS 0x0000000083a00000, 0x0000000083a00000| Untracked 
|  59|0x0000000083b00000, 0x0000000083b00000, 0x0000000083c00000|  0%| F|  |TAMS 0x0000000083b00000, 0x0000000083b00000| Untracked 
|  60|0x0000000083c00000, 0x0000000083c00000, 0x0000000083d00000|  0%| F|  |TAMS 0x0000000083c00000, 0x0000000083c00000| Untracked 
|  61|0x0000000083d00000, 0x0000000083d00000, 0x0000000083e00000|  0%| F|  |TAMS 0x0000000083d00000, 0x0000000083d00000| Untracked 
|  62|0x0000000083e00000, 0x0000000083e00000, 0x0000000083f00000|  0%| F|  |TAMS 0x0000000083e00000, 0x0000000083e00000| Untracked 
|  63|0x0000000083f00000, 0x0000000083f00000, 0x0000000084000000|  0%| F|  |TAMS 0x0000000083f00000, 0x0000000083f00000| Untracked 
|  64|0x0000000084000000, 0x0000000084000000, 0x0000000084100000|  0%| F|  |TAMS 0x0000000084000000, 0x0000000084000000| Untracked 
|  65|0x0000000084100000, 0x0000000084100000, 0x0000000084200000|  0%| F|  |TAMS 0x0000000084100000, 0x0000000084100000| Untracked 
|  66|0x0000000084200000, 0x00000000842c25e0, 0x0000000084300000| 75%| S|CS|TAMS 0x0000000084200000, 0x0000000084200000| Complete 
|  67|0x0000000084300000, 0x0000000084300000, 0x0000000084400000|  0%| F|  |TAMS 0x0000000084300000, 0x0000000084300000| Untracked 
|  68|0x0000000084400000, 0x0000000084400000, 0x0000000084500000|  0%| F|  |TAMS 0x0000000084400000, 0x0000000084400000| Untracked 
|  69|0x0000000084500000, 0x0000000084500000, 0x0000000084600000|  0%| F|  |TAMS 0x0000000084500000, 0x0000000084500000| Untracked 
|  70|0x0000000084600000, 0x0000000084600000, 0x0000000084700000|  0%| F|  |TAMS 0x0000000084600000, 0x0000000084600000| Untracked 
|  71|0x0000000084700000, 0x0000000084700000, 0x0000000084800000|  0%| F|  |TAMS 0x0000000084700000, 0x0000000084700000| Untracked 
|  72|0x0000000084800000, 0x0000000084800000, 0x0000000084900000|  0%| F|  |TAMS 0x0000000084800000, 0x0000000084800000| Untracked 
|  73|0x0000000084900000, 0x0000000084900000, 0x0000000084a00000|  0%| F|  |TAMS 0x0000000084900000, 0x0000000084900000| Untracked 
|  74|0x0000000084a00000, 0x0000000084a00000, 0x0000000084b00000|  0%| F|  |TAMS 0x0000000084a00000, 0x0000000084a00000| Untracked 
|  75|0x0000000084b00000, 0x0000000084b00000, 0x0000000084c00000|  0%| F|  |TAMS 0x0000000084b00000, 0x0000000084b00000| Untracked 
|  76|0x0000000084c00000, 0x0000000084c00000, 0x0000000084d00000|  0%| F|  |TAMS 0x0000000084c00000, 0x0000000084c00000| Untracked 
|  77|0x0000000084d00000, 0x0000000084d00000, 0x0000000084e00000|  0%| F|  |TAMS 0x0000000084d00000, 0x0000000084d00000| Untracked 
|  78|0x0000000084e00000, 0x0000000084e00000, 0x0000000084f00000|  0%| F|  |TAMS 0x0000000084e00000, 0x0000000084e00000| Untracked 
|  79|0x0000000084f00000, 0x0000000084f00000, 0x0000000085000000|  0%| F|  |TAMS 0x0000000084f00000, 0x0000000084f00000| Untracked 
|  80|0x0000000085000000, 0x0000000085000000, 0x0000000085100000|  0%| F|  |TAMS 0x0000000085000000, 0x0000000085000000| Untracked 
|  81|0x0000000085100000, 0x000000008518a478, 0x0000000085200000| 54%| E|  |TAMS 0x0000000085100000, 0x0000000085100000| Complete 
|  82|0x0000000085200000, 0x0000000085300000, 0x0000000085300000|100%| E|CS|TAMS 0x0000000085200000, 0x0000000085200000| Complete 
|  83|0x0000000085300000, 0x0000000085400000, 0x0000000085400000|100%| E|CS|TAMS 0x0000000085300000, 0x0000000085300000| Complete 
|  84|0x0000000085400000, 0x0000000085500000, 0x0000000085500000|100%| E|CS|TAMS 0x0000000085400000, 0x0000000085400000| Complete 
|  85|0x0000000085500000, 0x0000000085600000, 0x0000000085600000|100%| E|CS|TAMS 0x0000000085500000, 0x0000000085500000| Complete 
| 125|0x0000000087d00000, 0x0000000087e00000, 0x0000000087e00000|100%| E|CS|TAMS 0x0000000087d00000, 0x0000000087d00000| Complete 

Card table byte_map: [0x00000223fa460000,0x00000223fa860000] _byte_map_base: 0x00000223fa060000

Marking Bits (Prev, Next): (CMBitMap*) 0x00000223f68ba570, (CMBitMap*) 0x00000223f68ba530
 Prev Bits: [0x00000223fcc60000, 0x00000223fec60000)
 Next Bits: [0x00000223fac60000, 0x00000223fcc60000)

Polling page: 0x00000223f6030000

Metaspace:

Usage:
  Non-class:     29.23 MB used.
      Class:      4.73 MB used.
       Both:     33.96 MB used.

Virtual space:
  Non-class space:       32.00 MB reserved,      29.44 MB ( 92%) committed,  4 nodes.
      Class space:        1.00 GB reserved,       4.94 MB ( <1%) committed,  1 nodes.
             Both:        1.03 GB reserved,      34.38 MB (  3%) committed. 

Chunk freelists:
   Non-Class:  2.61 MB
       Class:  2.98 MB
        Both:  5.59 MB

MaxMetaspaceSize: unlimited
CompressedClassSpaceSize: 1.00 GB
Initial GC threshold: 21.00 MB
Current GC threshold: 55.88 MB
CDS: off
MetaspaceReclaimPolicy: balanced
 - commit_granule_bytes: 65536.
 - commit_granule_words: 8192.
 - virtual_space_node_default_size: 1048576.
 - enlarge_chunks_in_place: 1.
 - new_chunks_are_fully_committed: 0.
 - uncommit_free_chunks: 1.
 - use_allocation_guard: 0.
 - handle_deallocations: 1.


Internal statistics:

num_allocs_failed_limit: 3.
num_arena_births: 360.
num_arena_deaths: 0.
num_vsnodes_births: 5.
num_vsnodes_deaths: 0.
num_space_committed: 550.
num_space_uncommitted: 0.
num_chunks_returned_to_freelist: 3.
num_chunks_taken_from_freelist: 1415.
num_chunk_merges: 3.
num_chunk_splits: 888.
num_chunks_enlarged: 581.
num_purges: 0.
num_inconsistent_stats: 0.

CodeHeap 'non-profiled nmethods': size=120000Kb used=1805Kb max_used=1805Kb free=118195Kb
 bounds [0x0000022387ad0000, 0x0000022387d40000, 0x000002238f000000]
CodeHeap 'profiled nmethods': size=120000Kb used=6436Kb max_used=6436Kb free=113563Kb
 bounds [0x0000022380000000, 0x0000022380650000, 0x0000022387530000]
CodeHeap 'non-nmethods': size=5760Kb used=1229Kb max_used=1306Kb free=4530Kb
 bounds [0x0000022387530000, 0x00000223877a0000, 0x0000022387ad0000]
 total_blobs=3611 nmethods=3069 adapters=454
 compilation: enabled
              stopped_count=0, restarted_count=0
 full_count=0

Compilation events (20 events):
Event: 2.860 Thread 0x000002239182e020 3027   !   3       java.lang.invoke.InnerClassLambdaMetafactory::buildCallSite (201 bytes)
Event: 2.862 Thread 0x000002239182e020 nmethod 3027 0x000002238061e710 code [0x000002238061ec00, 0x00000223806210d8]
Event: 2.862 Thread 0x000002239182e020 3030       3       java.lang.invoke.InnerClassLambdaMetafactory$ForwardingMethodGenerator::invocationOpcode (104 bytes)
Event: 2.863 Thread 0x000002239182e020 nmethod 3030 0x0000022380622090 code [0x00000223806222e0, 0x0000022380622b18]
Event: 2.863 Thread 0x000002239182e020 3032       3       java.lang.invoke.TypeConvertingMethodAdapter::<init> (8 bytes)
Event: 2.863 Thread 0x000002239182e020 nmethod 3032 0x0000022380622e10 code [0x0000022380622fa0, 0x00000223806230e8]
Event: 2.863 Thread 0x000002239182e020 3034       3       java.lang.invoke.MethodHandles$Lookup::resolveOrFail (44 bytes)
Event: 2.864 Thread 0x000002239182e020 nmethod 3034 0x0000022380623190 code [0x0000022380623440, 0x00000223806240e8]
Event: 2.867 Thread 0x000002239182e020 3035       3       org.gradle.internal.hash.Hashing$MessageDigestHasher::getDigest (22 bytes)
Event: 2.867 Thread 0x000002239182e020 nmethod 3035 0x0000022380624510 code [0x00000223806246c0, 0x00000223806248e8]
Event: 2.867 Thread 0x000002239182e020 3036       3       sun.security.provider.MD5::implCompress (13 bytes)
Event: 2.867 Thread 0x000002239182e020 nmethod 3036 0x0000022380624a10 code [0x0000022380624c00, 0x0000022380625048]
Event: 2.867 Thread 0x000002239182e020 3037       3       sun.security.provider.MD5::implCompressCheck (27 bytes)
Event: 2.867 Thread 0x000002239182e020 nmethod 3037 0x0000022380625210 code [0x00000223806253e0, 0x0000022380625798]
Event: 2.867 Thread 0x000002239182e020 3038       3       sun.security.provider.MD5::implCompress0 (1407 bytes)
Event: 2.874 Thread 0x000002239182e020 nmethod 3038 0x0000022380625910 code [0x00000223806266a0, 0x000002238062e898]
Event: 2.887 Thread 0x00000223944806f0 3039       4       java.util.zip.ZipFile$InflaterCleanupAction::run (12 bytes)
Event: 2.891 Thread 0x00000223944806f0 nmethod 3039 0x0000022387c8fa90 code [0x0000022387c8fc40, 0x0000022387c905b8]
Event: 2.892 Thread 0x000002239182e020 3040       3       com.google.common.collect.Maps::newLinkedHashMap (8 bytes)
Event: 2.892 Thread 0x000002239182e020 nmethod 3040 0x0000022380632190 code [0x0000022380632340, 0x0000022380632618]

GC Heap History (16 events):
Event: 0.575 GC heap before
{Heap before GC invocations=0 (full 0):
 garbage-first heap   total 129024K, used 26624K [0x0000000080000000, 0x0000000100000000)
  region size 1024K, 23 young (23552K), 0 survivors (0K)
 Metaspace       used 10256K, committed 10432K, reserved 1064960K
  class space    used 1058K, committed 1152K, reserved 1048576K
}
Event: 0.579 GC heap after
{Heap after GC invocations=1 (full 0):
 garbage-first heap   total 129024K, used 10560K [0x0000000080000000, 0x0000000100000000)
  region size 1024K, 3 young (3072K), 3 survivors (3072K)
 Metaspace       used 10256K, committed 10432K, reserved 1064960K
  class space    used 1058K, committed 1152K, reserved 1048576K
}
Event: 0.901 GC heap before
{Heap before GC invocations=1 (full 0):
 garbage-first heap   total 129024K, used 41280K [0x0000000080000000, 0x0000000100000000)
  region size 1024K, 32 young (32768K), 3 survivors (3072K)
 Metaspace       used 11199K, committed 11456K, reserved 1064960K
  class space    used 1162K, committed 1280K, reserved 1048576K
}
Event: 0.905 GC heap after
{Heap after GC invocations=2 (full 0):
 garbage-first heap   total 129024K, used 14701K [0x0000000080000000, 0x0000000100000000)
  region size 1024K, 4 young (4096K), 4 survivors (4096K)
 Metaspace       used 11199K, committed 11456K, reserved 1064960K
  class space    used 1162K, committed 1280K, reserved 1048576K
}
Event: 1.688 GC heap before
{Heap before GC invocations=2 (full 0):
 garbage-first heap   total 129024K, used 50541K [0x0000000080000000, 0x0000000100000000)
  region size 1024K, 40 young (40960K), 4 survivors (4096K)
 Metaspace       used 21239K, committed 21504K, reserved 1073152K
  class space    used 2560K, committed 2688K, reserved 1048576K
}
Event: 1.694 GC heap after
{Heap after GC invocations=3 (full 0):
 garbage-first heap   total 129024K, used 18424K [0x0000000080000000, 0x0000000100000000)
  region size 1024K, 8 young (8192K), 8 survivors (8192K)
 Metaspace       used 21239K, committed 21504K, reserved 1073152K
  class space    used 2560K, committed 2688K, reserved 1048576K
}
Event: 2.091 GC heap before
{Heap before GC invocations=4 (full 0):
 garbage-first heap   total 68608K, used 51192K [0x0000000080000000, 0x0000000100000000)
  region size 1024K, 40 young (40960K), 8 survivors (8192K)
 Metaspace       used 26274K, committed 26624K, reserved 1073152K
  class space    used 3449K, committed 3584K, reserved 1048576K
}
Event: 2.097 GC heap after
{Heap after GC invocations=5 (full 0):
 garbage-first heap   total 68608K, used 20984K [0x0000000080000000, 0x0000000100000000)
  region size 1024K, 3 young (3072K), 3 survivors (3072K)
 Metaspace       used 26274K, committed 26624K, reserved 1073152K
  class space    used 3449K, committed 3584K, reserved 1048576K
}
Event: 2.413 GC heap before
{Heap before GC invocations=5 (full 0):
 garbage-first heap   total 68608K, used 49656K [0x0000000080000000, 0x0000000100000000)
  region size 1024K, 25 young (25600K), 3 survivors (3072K)
 Metaspace       used 29386K, committed 29760K, reserved 1081344K
  class space    used 3988K, committed 4160K, reserved 1048576K
}
Event: 2.417 GC heap after
{Heap after GC invocations=6 (full 0):
 garbage-first heap   total 68608K, used 32479K [0x0000000080000000, 0x0000000100000000)
  region size 1024K, 4 young (4096K), 4 survivors (4096K)
 Metaspace       used 29386K, committed 29760K, reserved 1081344K
  class space    used 3988K, committed 4160K, reserved 1048576K
}
Event: 2.432 GC heap before
{Heap before GC invocations=6 (full 0):
 garbage-first heap   total 68608K, used 44767K [0x0000000080000000, 0x0000000100000000)
  region size 1024K, 5 young (5120K), 4 survivors (4096K)
 Metaspace       used 29388K, committed 29760K, reserved 1081344K
  class space    used 3988K, committed 4160K, reserved 1048576K
}
Event: 2.434 GC heap after
{Heap after GC invocations=7 (full 0):
 garbage-first heap   total 82944K, used 45217K [0x0000000080000000, 0x0000000100000000)
  region size 1024K, 1 young (1024K), 1 survivors (1024K)
 Metaspace       used 29388K, committed 29760K, reserved 1081344K
  class space    used 3988K, committed 4160K, reserved 1048576K
}
Event: 2.645 GC heap before
{Heap before GC invocations=8 (full 0):
 garbage-first heap   total 83968K, used 64673K [0x0000000080000000, 0x0000000100000000)
  region size 1024K, 19 young (19456K), 1 survivors (1024K)
 Metaspace       used 31649K, committed 32000K, reserved 1081344K
  class space    used 4356K, committed 4544K, reserved 1048576K
}
Event: 2.647 GC heap after
{Heap after GC invocations=9 (full 0):
 garbage-first heap   total 83968K, used 49274K [0x0000000080000000, 0x0000000100000000)
  region size 1024K, 3 young (3072K), 3 survivors (3072K)
 Metaspace       used 31649K, committed 32000K, reserved 1081344K
  class space    used 4356K, committed 4544K, reserved 1048576K
}
Event: 2.841 GC heap before
{Heap before GC invocations=9 (full 0):
 garbage-first heap   total 83968K, used 63610K [0x0000000080000000, 0x0000000100000000)
  region size 1024K, 18 young (18432K), 3 survivors (3072K)
 Metaspace       used 33853K, committed 34176K, reserved 1081344K
  class space    used 4697K, committed 4864K, reserved 1048576K
}
Event: 2.843 GC heap after
{Heap after GC invocations=10 (full 0):
 garbage-first heap   total 83968K, used 50337K [0x0000000080000000, 0x0000000100000000)
  region size 1024K, 1 young (1024K), 1 survivors (1024K)
 Metaspace       used 33853K, committed 34176K, reserved 1081344K
  class space    used 4697K, committed 4864K, reserved 1048576K
}

Dll operation events (2 events):
Event: 0.006 Loaded shared library C:\Program Files\Android\Android Studio\jbr\bin\java.dll
Event: 0.310 Loaded shared library C:\Program Files\Android\Android Studio\jbr\bin\verify.dll

Deoptimization events (20 events):
Event: 2.434 Thread 0x000002239229d1c0 DEOPT PACKING pc=0x00000223800bb83d sp=0x000000baac9f8de0
Event: 2.434 Thread 0x000002239229d1c0 DEOPT UNPACKING pc=0x0000022387587143 sp=0x000000baac9f8268 mode 0
Event: 2.451 Thread 0x000002239229d1c0 Uncommon trap: trap_request=0xffffffde fr.pc=0x0000022387c43ca8 relative=0x00000000000067c8
Event: 2.451 Thread 0x000002239229d1c0 Uncommon trap: reason=class_check action=maybe_recompile pc=0x0000022387c43ca8 method=java.util.jar.JarFile.getManifestFromReference()Ljava/util/jar/Manifest; @ 152 c2
Event: 2.451 Thread 0x000002239229d1c0 DEOPT PACKING pc=0x0000022387c43ca8 sp=0x000000baac9fa860
Event: 2.451 Thread 0x000002239229d1c0 DEOPT UNPACKING pc=0x00000223875869a3 sp=0x000000baac9fa6b8 mode 2
Event: 2.470 Thread 0x000002239229d1c0 DEOPT PACKING pc=0x00000223800a8cc3 sp=0x000000baac9f9140
Event: 2.470 Thread 0x000002239229d1c0 DEOPT UNPACKING pc=0x0000022387587143 sp=0x000000baac9f8660 mode 0
Event: 2.472 Thread 0x000002239229d1c0 Uncommon trap: trap_request=0xffffff45 fr.pc=0x0000022387c43540 relative=0x0000000000006060
Event: 2.472 Thread 0x000002239229d1c0 Uncommon trap: reason=unstable_if action=reinterpret pc=0x0000022387c43540 method=java.net.URLClassLoader.getAndVerifyPackage(Ljava/lang/String;Ljava/util/jar/Manifest;Ljava/net/URL;)Ljava/lang/Package; @ 62 c2
Event: 2.472 Thread 0x000002239229d1c0 DEOPT PACKING pc=0x0000022387c43540 sp=0x000000baac9f9030
Event: 2.473 Thread 0x000002239229d1c0 DEOPT UNPACKING pc=0x00000223875869a3 sp=0x000000baac9f8f50 mode 2
Event: 2.538 Thread 0x000002239229d1c0 Uncommon trap: trap_request=0xffffffc6 fr.pc=0x0000022387ba5b98 relative=0x0000000000000d78
Event: 2.538 Thread 0x000002239229d1c0 Uncommon trap: reason=bimorphic_or_optimized_type_check action=maybe_recompile pc=0x0000022387ba5b98 method=java.util.Properties$LineReader.readLine()I @ 479 c2
Event: 2.538 Thread 0x000002239229d1c0 DEOPT PACKING pc=0x0000022387ba5b98 sp=0x000000baac9faa50
Event: 2.538 Thread 0x000002239229d1c0 DEOPT UNPACKING pc=0x00000223875869a3 sp=0x000000baac9fa9f0 mode 2
Event: 2.678 Thread 0x000002239229d1c0 Uncommon trap: trap_request=0xffffff45 fr.pc=0x0000022387b1ebac relative=0x00000000000005ec
Event: 2.678 Thread 0x000002239229d1c0 Uncommon trap: reason=unstable_if action=reinterpret pc=0x0000022387b1ebac method=java.util.HashMap.hash(Ljava/lang/Object;)I @ 1 c2
Event: 2.678 Thread 0x000002239229d1c0 DEOPT PACKING pc=0x0000022387b1ebac sp=0x000000baac9f72c0
Event: 2.678 Thread 0x000002239229d1c0 DEOPT UNPACKING pc=0x00000223875869a3 sp=0x000000baac9f7168 mode 2

Classes unloaded (0 events):
No events

Classes redefined (0 events):
No events

Internal exceptions (20 events):
Event: 2.494 Thread 0x000002239229d1c0 Exception <a 'java/lang/NoSuchMethodError'{0x000000008510bc90}: static Lorg/gradle/tooling/internal/consumer/versioning/VersionDetails;.<clinit>()V> (0x000000008510bc90) 
thrown [s\src\hotspot\share\prims\jni.cpp, line 1108]
Event: 2.494 Thread 0x000002239229d1c0 Exception <a 'java/lang/NoSuchMethodError'{0x000000008510e6a8}: static Lorg/gradle/tooling/internal/consumer/versioning/VersionDetails$R26VersionDetails;.<clinit>()V> (0x000000008510e6a8) 
thrown [s\src\hotspot\share\prims\jni.cpp, line 1108]
Event: 2.494 Thread 0x000002239229d1c0 Exception <a 'java/lang/NoSuchMethodError'{0x000000008510fc20}: static Lorg/gradle/tooling/internal/consumer/versioning/VersionDetails$R28VersionDetails;.<clinit>()V> (0x000000008510fc20) 
thrown [s\src\hotspot\share\prims\jni.cpp, line 1108]
Event: 2.495 Thread 0x000002239229d1c0 Exception <a 'java/lang/NoSuchMethodError'{0x0000000085111128}: static Lorg/gradle/tooling/internal/consumer/versioning/VersionDetails$R35VersionDetails;.<clinit>()V> (0x0000000085111128) 
thrown [s\src\hotspot\share\prims\jni.cpp, line 1108]
Event: 2.495 Thread 0x000002239229d1c0 Exception <a 'java/lang/NoSuchMethodError'{0x00000000851127f8}: static Lorg/gradle/tooling/internal/consumer/versioning/VersionDetails$R44VersionDetails;.<clinit>()V> (0x00000000851127f8) 
thrown [s\src\hotspot\share\prims\jni.cpp, line 1108]
Event: 2.495 Thread 0x000002239229d1c0 Exception <a 'java/lang/NoSuchMethodError'{0x0000000085113e00}: static Lorg/gradle/tooling/internal/consumer/versioning/VersionDetails$R48VersionDetails;.<clinit>()V> (0x0000000085113e00) 
thrown [s\src\hotspot\share\prims\jni.cpp, line 1108]
Event: 2.495 Thread 0x000002239229d1c0 Exception <a 'java/lang/NoSuchMethodError'{0x0000000085115000}: static Lorg/gradle/tooling/internal/consumer/versioning/VersionDetails$R51VersionDetails;.<clinit>()V> (0x0000000085115000) 
thrown [s\src\hotspot\share\prims\jni.cpp, line 1108]
Event: 2.510 Thread 0x000002239229d1c0 Exception <a 'java/lang/NoSuchMethodError'{0x00000000850059d8}: 'java.lang.Object java.lang.invoke.DirectMethodHandle$Holder.newInvokeSpecial(java.lang.Object, java.lang.Object, int)'> (0x00000000850059d8) 
thrown [s\src\hotspot\share\interpreter\linkResolver.cpp, line 771]
Event: 2.615 Thread 0x000002239229d1c0 Exception <a 'java/lang/NoSuchMethodError'{0x00000000841707d8}: 'java.lang.Object java.lang.invoke.DirectMethodHandle$Holder.invokeSpecialIFC(java.lang.Object, java.lang.Object, java.lang.Object, java.lang.Object)'> (0x00000000841707d8) 
thrown [s\src\hotspot\share\interpreter\linkResolver.cpp, line 771]
Event: 2.678 Thread 0x000002239229d1c0 Implicit null exception at 0x0000022387b1e60f to 0x0000022387b1eb8c
Event: 2.708 Thread 0x000002239229d1c0 Exception <a 'java/lang/NoSuchMethodError'{0x00000000852ddcd8}: 'java.lang.Object java.lang.invoke.DirectMethodHandle$Holder.invokeSpecial(java.lang.Object, java.lang.Object, java.lang.Object, java.lang.Object, java.lang.Object, java.lang.Object, java.lang.Object, java.lang.Object, java.lang.Object, java.lang.Object, java.lang.Object, java.lang.Object, java.lang.Object)'> (0x00000000852ddcd8) 
thrown [s\src\hotspot\share\interpreter\linkResolver.cpp, line 771]
Event: 2.708 Thread 0x000002239229d1c0 Exception <a 'java/lang/NoSuchMethodError'{0x00000000852ef300}: 'java.lang.Object java.lang.invoke.DirectMethodHandle$Holder.newInvokeSpecial(java.lang.Object, java.lang.Object, java.lang.Object, java.lang.Object, java.lang.Object, java.lang.Object, java.lang.Object, java.lang.Object, java.lang.Object, java.lang.Object, java.lang.Object)'> (0x00000000852ef300) 
thrown [s\src\hotspot\share\interpreter\linkResolver.cpp, line 771]
Event: 2.709 Thread 0x000002239229d1c0 Exception <a 'java/lang/NoSuchMethodError'{0x00000000852f4398}: 'java.lang.Object java.lang.invoke.Invokers$Holder.linkToTargetMethod(java.lang.Object, java.lang.Object, java.lang.Object, java.lang.Object, java.lang.Object, java.lang.Object, java.lang.Object, java.lang.Object, java.lang.Object, java.lang.Object, java.lang.Object)'> (0x00000000852f4398) 
thrown [s\src\hotspot\share\interpreter\linkResolver.cpp, line 771]
Event: 2.712 Thread 0x000002239229d1c0 Exception <a 'java/lang/NoSuchMethodError'{0x000000008513e7a8}: 'java.lang.Object java.lang.invoke.DirectMethodHandle$Holder.invokeSpecial(java.lang.Object, java.lang.Object, java.lang.Object, java.lang.Object, java.lang.Object, java.lang.Object, java.lang.Object, java.lang.Object, java.lang.Object, java.lang.Object, java.lang.Object, java.lang.Object, java.lang.Object, java.lang.Object)'> (0x000000008513e7a8) 
thrown [s\src\hotspot\share\interpreter\linkResolver.cpp, line 771]
Event: 2.713 Thread 0x000002239229d1c0 Exception <a 'java/lang/NoSuchMethodError'{0x0000000085150dd0}: 'java.lang.Object java.lang.invoke.DirectMethodHandle$Holder.newInvokeSpecial(java.lang.Object, java.lang.Object, java.lang.Object, java.lang.Object, java.lang.Object, java.lang.Object, java.lang.Object, java.lang.Object, java.lang.Object, java.lang.Object, java.lang.Object, java.lang.Object)'> (0x0000000085150dd0) 
thrown [s\src\hotspot\share\interpreter\linkResolver.cpp, line 771]
Event: 2.713 Thread 0x000002239229d1c0 Exception <a 'java/lang/NoSuchMethodError'{0x0000000085156768}: 'java.lang.Object java.lang.invoke.Invokers$Holder.linkToTargetMethod(java.lang.Object, java.lang.Object, java.lang.Object, java.lang.Object, java.lang.Object, java.lang.Object, java.lang.Object, java.lang.Object, java.lang.Object, java.lang.Object, java.lang.Object, java.lang.Object)'> (0x0000000085156768) 
thrown [s\src\hotspot\share\interpreter\linkResolver.cpp, line 771]
Event: 2.722 Thread 0x000002239229d1c0 Exception <a 'java/lang/NoSuchMethodError'{0x00000000851f6788}: 'java.lang.Object java.lang.invoke.DirectMethodHandle$Holder.invokeStaticInit(java.lang.Object, java.lang.Object, java.lang.Object, java.lang.Object)'> (0x00000000851f6788) 
thrown [s\src\hotspot\share\interpreter\linkResolver.cpp, line 771]
Event: 2.849 Thread 0x000002239229d1c0 Exception <a 'java/lang/NoSuchMethodError'{0x0000000087d60ad0}: 'java.lang.Object java.lang.invoke.DirectMethodHandle$Holder.newInvokeSpecial(java.lang.Object, java.lang.Object, java.lang.Object, java.lang.Object, java.lang.Object, java.lang.Object, java.lang.Object, java.lang.Object)'> (0x0000000087d60ad0) 
thrown [s\src\hotspot\share\interpreter\linkResolver.cpp, line 771]
Event: 2.849 Thread 0x000002239229d1c0 Exception <a 'java/lang/NoSuchMethodError'{0x0000000087d668b0}: 'java.lang.Object java.lang.invoke.Invokers$Holder.linkToTargetMethod(java.lang.Object, java.lang.Object, java.lang.Object, java.lang.Object, java.lang.Object, java.lang.Object, java.lang.Object, java.lang.Object)'> (0x0000000087d668b0) 
thrown [s\src\hotspot\share\interpreter\linkResolver.cpp, line 771]
Event: 2.858 Thread 0x000002239229d1c0 Exception <a 'java/lang/IncompatibleClassChangeError'{0x0000000087dc9b78}: Found class java.lang.Object, but interface was expected> (0x0000000087dc9b78) 
thrown [s\src\hotspot\share\interpreter\linkResolver.cpp, line 838]

VM Operations (20 events):
Event: 2.445 Executing VM operation: G1Concurrent
Event: 2.446 Executing VM operation: G1Concurrent done
Event: 2.451 Executing VM operation: G1Concurrent
Event: 2.451 Executing VM operation: G1Concurrent done
Event: 2.473 Executing VM operation: HandshakeAllThreads
Event: 2.473 Executing VM operation: HandshakeAllThreads done
Event: 2.509 Executing VM operation: HandshakeAllThreads
Event: 2.509 Executing VM operation: HandshakeAllThreads done
Event: 2.645 Executing VM operation: G1CollectForAllocation
Event: 2.647 Executing VM operation: G1CollectForAllocation done
Event: 2.680 Executing VM operation: HandshakeAllThreads
Event: 2.680 Executing VM operation: HandshakeAllThreads done
Event: 2.840 Executing VM operation: HandshakeAllThreads
Event: 2.840 Executing VM operation: HandshakeAllThreads done
Event: 2.841 Executing VM operation: G1CollectForAllocation
Event: 2.843 Executing VM operation: G1CollectForAllocation done
Event: 2.855 Executing VM operation: G1Concurrent
Event: 2.856 Executing VM operation: G1Concurrent done
Event: 2.862 Executing VM operation: G1Concurrent
Event: 2.862 Executing VM operation: G1Concurrent done

Events (20 events):
Event: 2.509 loading class java/util/concurrent/Executors$FinalizableDelegatedExecutorService
Event: 2.509 loading class java/util/concurrent/Executors$DelegatedExecutorService
Event: 2.509 loading class java/util/concurrent/Executors$DelegatedExecutorService done
Event: 2.509 loading class java/util/concurrent/Executors$FinalizableDelegatedExecutorService done
Event: 2.610 Thread 0x0000022394c79070 Thread added: 0x0000022394c79070
Event: 2.628 Thread 0x0000022394c79540 Thread added: 0x0000022394c79540
Event: 2.645 Thread 0x0000022395f861c0 Thread added: 0x0000022395f861c0
Event: 2.681 loading class java/lang/Class$EnclosingMethodInfo
Event: 2.681 loading class java/lang/Class$EnclosingMethodInfo done
Event: 2.682 loading class sun/reflect/generics/tree/IntSignature
Event: 2.682 loading class sun/reflect/generics/tree/IntSignature done
Event: 2.682 loading class sun/reflect/generics/tree/ArrayTypeSignature
Event: 2.682 loading class sun/reflect/generics/tree/ArrayTypeSignature done
Event: 2.686 loading class java/lang/SafeVarargs
Event: 2.686 loading class java/lang/SafeVarargs done
Event: 2.690 loading class java/util/regex/Pattern$GroupCurly
Event: 2.690 loading class java/util/regex/Pattern$GroupCurly done
Event: 2.718 Thread 0x0000022395f84010 Thread added: 0x0000022395f84010
Event: 2.735 Thread 0x0000022395f82330 Thread added: 0x0000022395f82330
Event: 2.817 Thread 0x0000022395f7f7e0 Thread added: 0x0000022395f7f7e0


Dynamic libraries:
0x00007ff7ea700000 - 0x00007ff7ea70a000 	C:\Program Files\Android\Android Studio\jbr\bin\java.exe
0x00007ffc5e070000 - 0x00007ffc5e267000 	C:\windows\SYSTEM32\ntdll.dll
0x00007ffc5df60000 - 0x00007ffc5e01d000 	C:\windows\System32\KERNEL32.DLL
0x00007ffc5bb50000 - 0x00007ffc5be46000 	C:\windows\System32\KERNELBASE.dll
0x00007ffc5bfd0000 - 0x00007ffc5c0d0000 	C:\windows\System32\ucrtbase.dll
0x00007ffc45070000 - 0x00007ffc45087000 	C:\Program Files\Android\Android Studio\jbr\bin\jli.dll
0x00007ffc55860000 - 0x00007ffc5587b000 	C:\Program Files\Android\Android Studio\jbr\bin\VCRUNTIME140.dll
0x00007ffc5d890000 - 0x00007ffc5da2e000 	C:\windows\System32\USER32.dll
0x00007ffc5bec0000 - 0x00007ffc5bee2000 	C:\windows\System32\win32u.dll
0x00007ffc5d290000 - 0x00007ffc5d2bc000 	C:\windows\System32\GDI32.dll
0x00007ffc44890000 - 0x00007ffc44b2a000 	C:\windows\WinSxS\amd64_microsoft.windows.common-controls_6595b64144ccf1df_6.0.19041.3570_none_60bb2a3971f3e41a\COMCTL32.dll
0x00007ffc5ba30000 - 0x00007ffc5bb4a000 	C:\windows\System32\gdi32full.dll
0x00007ffc5b830000 - 0x00007ffc5b8cd000 	C:\windows\System32\msvcp_win.dll
0x00007ffc5d5d0000 - 0x00007ffc5d66e000 	C:\windows\System32\msvcrt.dll
0x00007ffc5da30000 - 0x00007ffc5da60000 	C:\windows\System32\IMM32.DLL
0x00007ffc56140000 - 0x00007ffc5614c000 	C:\Program Files\Android\Android Studio\jbr\bin\vcruntime140_1.dll
0x00007ffc21fb0000 - 0x00007ffc2203d000 	C:\Program Files\Android\Android Studio\jbr\bin\msvcp140.dll
0x00007ffbfc5c0000 - 0x00007ffbfd22e000 	C:\Program Files\Android\Android Studio\jbr\bin\server\jvm.dll
0x00007ffc5d030000 - 0x00007ffc5d0de000 	C:\windows\System32\ADVAPI32.dll
0x00007ffc5c1b0000 - 0x00007ffc5c24c000 	C:\windows\System32\sechost.dll
0x00007ffc5d3e0000 - 0x00007ffc5d506000 	C:\windows\System32\RPCRT4.dll
0x00007ffc56db0000 - 0x00007ffc56db9000 	C:\windows\SYSTEM32\WSOCK32.dll
0x00007ffc53cd0000 - 0x00007ffc53cda000 	C:\windows\SYSTEM32\VERSION.dll
0x00007ffc5c9c0000 - 0x00007ffc5ca2b000 	C:\windows\System32\WS2_32.dll
0x00007ffc41c30000 - 0x00007ffc41c57000 	C:\windows\SYSTEM32\WINMM.dll
0x00007ffc59f80000 - 0x00007ffc59f92000 	C:\windows\SYSTEM32\kernel.appcore.dll
0x00007ffc56da0000 - 0x00007ffc56daa000 	C:\Program Files\Android\Android Studio\jbr\bin\jimage.dll
0x00007ffc59c90000 - 0x00007ffc59e74000 	C:\windows\SYSTEM32\DBGHELP.DLL
0x00007ffc3d3a0000 - 0x00007ffc3d3d4000 	C:\windows\SYSTEM32\dbgcore.DLL
0x00007ffc5b7a0000 - 0x00007ffc5b822000 	C:\windows\System32\bcryptPrimitives.dll
0x00007ffc551f0000 - 0x00007ffc55215000 	C:\Program Files\Android\Android Studio\jbr\bin\java.dll
0x00007ffc56120000 - 0x00007ffc56138000 	C:\Program Files\Android\Android Studio\jbr\bin\zip.dll
0x00007ffc5c250000 - 0x00007ffc5c994000 	C:\windows\System32\SHELL32.dll
0x00007ffc594f0000 - 0x00007ffc59c8b000 	C:\windows\SYSTEM32\windows.storage.dll
0x00007ffc5dba0000 - 0x00007ffc5def4000 	C:\windows\System32\combase.dll
0x00007ffc5b190000 - 0x00007ffc5b1bd000 	C:\windows\SYSTEM32\Wldp.dll
0x00007ffc5d520000 - 0x00007ffc5d5cd000 	C:\windows\System32\SHCORE.dll
0x00007ffc5d830000 - 0x00007ffc5d885000 	C:\windows\System32\shlwapi.dll
0x00007ffc5b680000 - 0x00007ffc5b6a5000 	C:\windows\SYSTEM32\profapi.dll
0x00007ffc558e0000 - 0x00007ffc558f9000 	C:\Program Files\Android\Android Studio\jbr\bin\net.dll
0x00007ffc4e6e0000 - 0x00007ffc4e7ea000 	C:\windows\SYSTEM32\WINHTTP.dll
0x00007ffc5aef0000 - 0x00007ffc5af5a000 	C:\windows\system32\mswsock.dll
0x00007ffc551d0000 - 0x00007ffc551e6000 	C:\Program Files\Android\Android Studio\jbr\bin\nio.dll
0x00007ffc551c0000 - 0x00007ffc551d0000 	C:\Program Files\Android\Android Studio\jbr\bin\verify.dll
0x00007ffc33000000 - 0x00007ffc33027000 	C:\Users\jasse\.gradle\native\68d5fa5c4cc2d200863cafc0d521ce42e7d3e7ee720ec0a83991735586a16f82\windows-amd64\native-platform.dll
0x00007ffc13d60000 - 0x00007ffc13ea4000 	C:\Users\jasse\.gradle\native\e376f236ea51e6404a007f0833ffe2c6e607c4080706a723a18a27aeea778392\windows-amd64\native-platform-file-events.dll
0x00007ffc45060000 - 0x00007ffc45069000 	C:\Program Files\Android\Android Studio\jbr\bin\management.dll
0x00007ffc3f4d0000 - 0x00007ffc3f4db000 	C:\Program Files\Android\Android Studio\jbr\bin\management_ext.dll
0x00007ffc5e020000 - 0x00007ffc5e028000 	C:\windows\System32\PSAPI.DLL
0x00007ffc5b0f0000 - 0x00007ffc5b108000 	C:\windows\SYSTEM32\CRYPTSP.dll
0x00007ffc5a790000 - 0x00007ffc5a7c4000 	C:\windows\system32\rsaenh.dll
0x00007ffc5bfa0000 - 0x00007ffc5bfc7000 	C:\windows\System32\bcrypt.dll
0x00007ffc5b640000 - 0x00007ffc5b66e000 	C:\windows\SYSTEM32\USERENV.dll
0x00007ffc5b0e0000 - 0x00007ffc5b0ec000 	C:\windows\SYSTEM32\CRYPTBASE.dll
0x00007ffc5ab90000 - 0x00007ffc5abcb000 	C:\windows\SYSTEM32\IPHLPAPI.DLL
0x00007ffc5d510000 - 0x00007ffc5d518000 	C:\windows\System32\NSI.dll
0x00007ffc52e10000 - 0x00007ffc52e27000 	C:\windows\SYSTEM32\dhcpcsvc6.DLL
0x00007ffc52d60000 - 0x00007ffc52d7d000 	C:\windows\SYSTEM32\dhcpcsvc.DLL
0x00007ffc5abd0000 - 0x00007ffc5ac9a000 	C:\windows\SYSTEM32\DNSAPI.dll
0x00007ffc3f4c0000 - 0x00007ffc3f4c7000 	C:\windows\system32\wshunix.dll

dbghelp: loaded successfully - version: 4.0.5 - missing functions: none
symbol engine: initialized successfully - sym options: 0x614 - pdb path: .;C:\Program Files\Android\Android Studio\jbr\bin;C:\windows\SYSTEM32;C:\windows\WinSxS\amd64_microsoft.windows.common-controls_6595b64144ccf1df_6.0.19041.3570_none_60bb2a3971f3e41a;C:\Program Files\Android\Android Studio\jbr\bin\server;C:\Users\jasse\.gradle\native\68d5fa5c4cc2d200863cafc0d521ce42e7d3e7ee720ec0a83991735586a16f82\windows-amd64;C:\Users\jasse\.gradle\native\e376f236ea51e6404a007f0833ffe2c6e607c4080706a723a18a27aeea778392\windows-amd64

VM Arguments:
jvm_args: --add-opens=java.base/java.util=ALL-UNNAMED --add-opens=java.base/java.lang=ALL-UNNAMED --add-opens=java.base/java.lang.invoke=ALL-UNNAMED --add-opens=java.prefs/java.util.prefs=ALL-UNNAMED --add-opens=java.base/java.nio.charset=ALL-UNNAMED --add-opens=java.base/java.net=ALL-UNNAMED --add-opens=java.base/java.util.concurrent.atomic=ALL-UNNAMED -Xmx2048m -Dfile.encoding=UTF-8 -Duser.country=FR -Duser.language=fr -Duser.variant 
java_command: org.gradle.launcher.daemon.bootstrap.GradleDaemon 8.0
java_class_path (initial): C:\Users\jasse\.gradle\wrapper\dists\gradle-8.0-bin\ca5e32bp14vu59qr306oxotwh\gradle-8.0\lib\gradle-launcher-8.0.jar
Launcher Type: SUN_STANDARD

[Global flags]
     intx CICompilerCount                          = 4                                         {product} {ergonomic}
     uint ConcGCThreads                            = 2                                         {product} {ergonomic}
     uint G1ConcRefinementThreads                  = 8                                         {product} {ergonomic}
   size_t G1HeapRegionSize                         = 1048576                                   {product} {ergonomic}
    uintx GCDrainStackTargetSize                   = 64                                        {product} {ergonomic}
   size_t InitialHeapSize                          = 132120576                                 {product} {ergonomic}
   size_t MarkStackSize                            = 4194304                                   {product} {ergonomic}
   size_t MaxHeapSize                              = 2147483648                                {product} {command line}
   size_t MaxNewSize                               = 1287651328                                {product} {ergonomic}
   size_t MinHeapDeltaBytes                        = 1048576                                   {product} {ergonomic}
   size_t MinHeapSize                              = 8388608                                   {product} {ergonomic}
    uintx NonNMethodCodeHeapSize                   = 5839372                                {pd product} {ergonomic}
    uintx NonProfiledCodeHeapSize                  = 122909434                              {pd product} {ergonomic}
    uintx ProfiledCodeHeapSize                     = 122909434                              {pd product} {ergonomic}
    uintx ReservedCodeCacheSize                    = 251658240                              {pd product} {ergonomic}
     bool SegmentedCodeCache                       = true                                      {product} {ergonomic}
   size_t SoftMaxHeapSize                          = 2147483648                             {manageable} {ergonomic}
     bool UseCompressedClassPointers               = true                           {product lp64_product} {ergonomic}
     bool UseCompressedOops                        = true                           {product lp64_product} {ergonomic}
     bool UseG1GC                                  = true                                      {product} {ergonomic}
     bool UseLargePagesIndividualAllocation        = false                                  {pd product} {ergonomic}

Logging:
Log output configuration:
 #0: stdout all=warning uptime,level,tags
 #1: stderr all=off uptime,level,tags

Environment Variables:
JAVA_HOME=C:\Program Files\Java\jdk-13.0.2
PATH=C:\Users\jasse\Downloads\php-8.1.17-nts-Win32-vs16-x64;C:\Program Files\Java;C:\Program Files\Java\jdk1.8.0_301;C:\oraclexe\app\oracle\product\11.2.0\server\bin;C:\oraclexe\app\oracle\product\11.2.0\server\bin;C:\oraclexe\app\oracle\product\11.2.0\server\bin;C:\windows\system32;C:\windows;C:\windows\System32\Wbem;C:\windows\System32\WindowsPowerShell\v1.0\;C:\windows\System32\OpenSSH\;C:\Program Files (x86)\NVIDIA Corporation\PhysX\Common;C:\Program Files\NVIDIA Corporation\NVIDIA NvDLISR;C:\instantclient12-2;C:\oraclexe\app\oracle\admin\XE;C:\oraclexe;C:\Program Files\TortoiseGit\bin;C:\xampp\php\Symfony;C:\Program Files\nodejs\;C:\Users\jasse\AppData\Local\Microsoft\WindowsApps;C:\Program Files\CodeBlocks\MinGW\bin;C:\Program Files\CodeBlocks\MinGW\bin;C:\Program Files (x86)\D-Bus\bin;C:\Users\jasse\AppData\Local\Programs\Microsoft VS Code\bin;C:\Users\jasse\Desktop\php;C:\Users\jasse\AppData\Local\GitHubDesktop\bin;C:\Users\jasse\AppData\Local\ComposerSetup\bin;C:\Users\jasse\AppData\Roaming\Composer\vendor\bin;C:\Users\jasse\AppData\Roaming\npm
USERNAME=jasse
OS=Windows_NT
PROCESSOR_IDENTIFIER=Intel64 Family 6 Model 165 Stepping 2, GenuineIntel
TMP=C:\Users\jasse\AppData\Local\Temp
TEMP=C:\Users\jasse\AppData\Local\Temp


JNI global refs:
JNI global refs: 24, weak refs: 0

JNI global refs memory usage: 843, weak refs: 841


---------------  S Y S T E M  ---------------

OS:
 Windows 10 , 64 bit Build 19041 (10.0.19041.3570)
OS uptime: 0 days 0:45 hours

CPU: total 8 (initial active 8) (4 cores per cpu, 2 threads per core) family 6 model 165 stepping 2 microcode 0xf0, cx8, cmov, fxsr, ht, mmx, 3dnowpref, sse, sse2, sse3, ssse3, sse4.1, sse4.2, popcnt, lzcnt, tsc, tscinvbit, avx, avx2, aes, erms, clmul, bmi1, bmi2, adx, fma, vzeroupper, clflush, clflushopt

Memory: 4k page, system-wide physical 7993M (1033M free)
TotalPageFile size 10993M (AvailPageFile size 5M)
current process WorkingSet (physical memory assigned to process): 226M, peak: 226M
current process commit charge ("private bytes"): 273M, peak: 273M

vm_info: OpenJDK 64-Bit Server VM (17.0.6+0-b2043.56-10027231) for windows-amd64 JRE (17.0.6+0-b2043.56-10027231), built on Apr 28 2023 00:43:19 by "androidbuild" with MS VC++ 16.10 / 16.11 (VS2019)

END.
