#
# There is insufficient memory for the Java Runtime Environment to continue.
# Native memory allocation (malloc) failed to allocate 972896 bytes for Chunk::new
# Possible reasons:
#   The system is out of physical RAM or swap space
#   The process is running with CompressedOops enabled, and the Java Heap may be blocking the growth of the native heap
# Possible solutions:
#   Reduce memory load on the system
#   Increase physical memory or swap space
#   Check if swap backing store is full
#   Decrease Java heap size (-Xmx/-Xms)
#   Decrease number of Java threads
#   Decrease Java thread stack sizes (-Xss)
#   Set larger code cache with -XX:ReservedCodeCacheSize=
#   JVM is running with Unscaled Compressed Oops mode in which the Java heap is
#     placed in the first 4GB address space. The Java Heap base address is the
#     maximum limit for the native heap growth. Please use -XX:HeapBaseMinAddress
#     to set the Java Heap base and to place the Java Heap above 4GB virtual address.
# This output file may be truncated or incomplete.
#
#  Out of Memory Error (arena.cpp:189), pid=9860, tid=8100
#
# JRE version: OpenJDK Runtime Environment (17.0.6) (build 17.0.6+0-b2043.56-10027231)
# Java VM: OpenJDK 64-Bit Server VM (17.0.6+0-b2043.56-10027231, mixed mode, tiered, compressed oops, compressed class ptrs, g1 gc, windows-amd64)
# No core dump will be written. Minidumps are not enabled by default on client versions of Windows
#

---------------  S U M M A R Y ------------

Command Line: --add-opens=java.base/java.util=ALL-UNNAMED --add-opens=java.base/java.lang=ALL-UNNAMED --add-opens=java.base/java.lang.invoke=ALL-UNNAMED --add-opens=java.prefs/java.util.prefs=ALL-UNNAMED --add-opens=java.base/java.nio.charset=ALL-UNNAMED --add-opens=java.base/java.net=ALL-UNNAMED --add-opens=java.base/java.util.concurrent.atomic=ALL-UNNAMED -Xmx2048m -Dfile.encoding=UTF-8 -Duser.country=FR -Duser.language=fr -Duser.variant org.gradle.launcher.daemon.bootstrap.GradleDaemon 8.0

Host: Intel(R) Core(TM) i5-10300H CPU @ 2.50GHz, 8 cores, 7G,  Windows 10 , 64 bit Build 19041 (10.0.19041.3570)
Time: Wed Nov 15 01:04:17 2023 Afr. centrale Ouest elapsed time: 4.098250 seconds (0d 0h 0m 4s)

---------------  T H R E A D  ---------------

Current thread (0x000001e93594e100):  JavaThread "C2 CompilerThread2" daemon [_thread_in_native, id=8100, stack(0x000000ba69a00000,0x000000ba69b00000)]


Current CompileTask:
C2:   4098 3967       4       org.objectweb.asm.Frame::execute (2318 bytes)

Stack: [0x000000ba69a00000,0x000000ba69b00000]
Native frames: (J=compiled Java code, j=interpreted, Vv=VM code, C=native code)
V  [jvm.dll+0x683c9a]
V  [jvm.dll+0x8427a4]
V  [jvm.dll+0x843f9e]
V  [jvm.dll+0x844603]
V  [jvm.dll+0x249b75]
V  [jvm.dll+0xabcac]
V  [jvm.dll+0xac27c]
V  [jvm.dll+0x2b0eef]
V  [jvm.dll+0x58a267]
V  [jvm.dll+0x2243b2]
V  [jvm.dll+0x22478f]
V  [jvm.dll+0x21e055]
V  [jvm.dll+0x21b51b]
V  [jvm.dll+0x1a4fdd]
V  [jvm.dll+0x22b098]
V  [jvm.dll+0x229159]
V  [jvm.dll+0x7f81ec]
V  [jvm.dll+0x7f274a]
V  [jvm.dll+0x682ad5]
C  [ucrtbase.dll+0x21bb2]
C  [KERNEL32.DLL+0x17344]
C  [ntdll.dll+0x526b1]


---------------  P R O C E S S  ---------------

Threads class SMR info:
_java_thread_list=0x000001e935fef3d0, length=39, elements={
0x000001e91a11bf50, 0x000001e934813260, 0x000001e933f97b90, 0x000001e934826140,
0x000001e934828b10, 0x000001e9348293d0, 0x000001e93482bca0, 0x000001e934837da0,
0x000001e9348386a0, 0x000001e934838fa0, 0x000001e934995650, 0x000001e934995f30,
0x000001e934becd20, 0x000001e93594e100, 0x000001e9375d9730, 0x000001e93799b9b0,
0x000001e937b584b0, 0x000001e93704a190, 0x000001e9376e2020, 0x000001e9378cb0a0,
0x000001e9378cb570, 0x000001e936094890, 0x000001e9360978b0, 0x000001e936095700,
0x000001e9360973e0, 0x000001e936095bd0, 0x000001e936094d60, 0x000001e936095230,
0x000001e936097d80, 0x000001e936098250, 0x000001e9360960a0, 0x000001e936096570,
0x000001e936096a40, 0x000001e936096f10, 0x000001e937809ef0, 0x000001e93780a3c0,
0x000001e937807870, 0x000001e93780a890, 0x000001e93780b700
}

Java Threads: ( => current thread )
  0x000001e91a11bf50 JavaThread "main" [_thread_blocked, id=9164, stack(0x000000ba68200000,0x000000ba68300000)]
  0x000001e934813260 JavaThread "Reference Handler" daemon [_thread_blocked, id=14652, stack(0x000000ba68900000,0x000000ba68a00000)]
  0x000001e933f97b90 JavaThread "Finalizer" daemon [_thread_blocked, id=11768, stack(0x000000ba68a00000,0x000000ba68b00000)]
  0x000001e934826140 JavaThread "Signal Dispatcher" daemon [_thread_blocked, id=16868, stack(0x000000ba68b00000,0x000000ba68c00000)]
  0x000001e934828b10 JavaThread "Attach Listener" daemon [_thread_blocked, id=19532, stack(0x000000ba68c00000,0x000000ba68d00000)]
  0x000001e9348293d0 JavaThread "Service Thread" daemon [_thread_blocked, id=6504, stack(0x000000ba68d00000,0x000000ba68e00000)]
  0x000001e93482bca0 JavaThread "Monitor Deflation Thread" daemon [_thread_blocked, id=15796, stack(0x000000ba68e00000,0x000000ba68f00000)]
  0x000001e934837da0 JavaThread "C2 CompilerThread0" daemon [_thread_in_native, id=15524, stack(0x000000ba68f00000,0x000000ba69000000)]
  0x000001e9348386a0 JavaThread "C1 CompilerThread0" daemon [_thread_blocked, id=5044, stack(0x000000ba69000000,0x000000ba69100000)]
  0x000001e934838fa0 JavaThread "Sweeper thread" daemon [_thread_blocked, id=5416, stack(0x000000ba69100000,0x000000ba69200000)]
  0x000001e934995650 JavaThread "Common-Cleaner" daemon [_thread_blocked, id=21320, stack(0x000000ba69200000,0x000000ba69300000)]
  0x000001e934995f30 JavaThread "Notification Thread" daemon [_thread_blocked, id=8236, stack(0x000000ba69300000,0x000000ba69400000)]
  0x000001e934becd20 JavaThread "C2 CompilerThread1" daemon [_thread_blocked, id=17516, stack(0x000000ba69500000,0x000000ba69600000)]
=>0x000001e93594e100 JavaThread "C2 CompilerThread2" daemon [_thread_in_native, id=8100, stack(0x000000ba69a00000,0x000000ba69b00000)]
  0x000001e9375d9730 JavaThread "Daemon health stats" [_thread_blocked, id=1984, stack(0x000000ba69b00000,0x000000ba69c00000)]
  0x000001e93799b9b0 JavaThread "Incoming local TCP Connector on port 52704" [_thread_in_native, id=19880, stack(0x000000ba69c00000,0x000000ba69d00000)]
  0x000001e937b584b0 JavaThread "Daemon periodic checks" [_thread_blocked, id=15180, stack(0x000000ba69d00000,0x000000ba69e00000)]
  0x000001e93704a190 JavaThread "Daemon" [_thread_blocked, id=2568, stack(0x000000ba69e00000,0x000000ba69f00000)]
  0x000001e9376e2020 JavaThread "Handler for socket connection from /127.0.0.1:52704 to /127.0.0.1:52705" [_thread_in_native, id=16604, stack(0x000000ba69f00000,0x000000ba6a000000)]
  0x000001e9378cb0a0 JavaThread "Cancel handler" [_thread_blocked, id=14984, stack(0x000000ba6a000000,0x000000ba6a100000)]
  0x000001e9378cb570 JavaThread "Daemon worker" [_thread_in_vm, id=15284, stack(0x000000ba6a100000,0x000000ba6a200000)]
  0x000001e936094890 JavaThread "Asynchronous log dispatcher for DefaultDaemonConnection: socket connection from /127.0.0.1:52704 to /127.0.0.1:52705" [_thread_blocked, id=20072, stack(0x000000ba6a200000,0x000000ba6a300000)]
  0x000001e9360978b0 JavaThread "Stdin handler" [_thread_blocked, id=8876, stack(0x000000ba6a300000,0x000000ba6a400000)]
  0x000001e936095700 JavaThread "Daemon client event forwarder" [_thread_blocked, id=14524, stack(0x000000ba6a400000,0x000000ba6a500000)]
  0x000001e9360973e0 JavaThread "Cache worker for journal cache (C:\Users\jasse\.gradle\caches\journal-1)" [_thread_blocked, id=3228, stack(0x000000ba6a900000,0x000000ba6aa00000)]
  0x000001e936095bd0 JavaThread "File lock request listener" [_thread_in_native, id=11852, stack(0x000000ba6aa00000,0x000000ba6ab00000)]
  0x000001e936094d60 JavaThread "Cache worker for file hash cache (C:\Users\jasse\.gradle\caches\8.0\fileHashes)" [_thread_blocked, id=7012, stack(0x000000ba6ab00000,0x000000ba6ac00000)]
  0x000001e936095230 JavaThread "File watcher server" daemon [_thread_in_native, id=16672, stack(0x000000ba6ac00000,0x000000ba6ad00000)]
  0x000001e936097d80 JavaThread "File watcher consumer" daemon [_thread_blocked, id=16648, stack(0x000000ba6ad00000,0x000000ba6ae00000)]
  0x000001e936098250 JavaThread "Cache worker for checksums cache (C:\Users\jasse\AndroidStudioProjects\front\.gradle\8.0\checksums)" [_thread_blocked, id=14316, stack(0x000000ba6ae00000,0x000000ba6af00000)]
  0x000001e9360960a0 JavaThread "Cache worker for cache directory md-rule (C:\Users\jasse\.gradle\caches\8.0\md-rule)" [_thread_blocked, id=12464, stack(0x000000ba6af00000,0x000000ba6b000000)]
  0x000001e936096570 JavaThread "Cache worker for file content cache (C:\Users\jasse\.gradle\caches\8.0\fileContent)" [_thread_blocked, id=15928, stack(0x000000ba6b000000,0x000000ba6b100000)]
  0x000001e936096a40 JavaThread "Cache worker for file hash cache (C:\Users\jasse\AndroidStudioProjects\front\.gradle\8.0\fileHashes)" [_thread_blocked, id=7460, stack(0x000000ba6b100000,0x000000ba6b200000)]
  0x000001e936096f10 JavaThread "Cache worker for cache directory md-supplier (C:\Users\jasse\.gradle\caches\8.0\md-supplier)" [_thread_blocked, id=6556, stack(0x000000ba6b200000,0x000000ba6b300000)]
  0x000001e937809ef0 JavaThread "Cache worker for execution history cache (C:\Users\jasse\.gradle\caches\8.0\executionHistory)" [_thread_blocked, id=1056, stack(0x000000ba6b300000,0x000000ba6b400000)]
  0x000001e93780a3c0 JavaThread "jar transforms" [_thread_blocked, id=7916, stack(0x000000ba6b400000,0x000000ba6b500000)]
  0x000001e937807870 JavaThread "jar transforms Thread 2" [_thread_blocked, id=12936, stack(0x000000ba6b500000,0x000000ba6b600000)]
  0x000001e93780a890 JavaThread "Cache worker for kotlin-dsl (C:\Users\jasse\.gradle\caches\8.0\kotlin-dsl)" [_thread_blocked, id=13040, stack(0x000000ba6b700000,0x000000ba6b800000)]
  0x000001e93780b700 JavaThread "jar transforms Thread 3" [_thread_blocked, id=15220, stack(0x000000ba6b800000,0x000000ba6b900000)]

Other Threads:
  0x000001e933f96320 VMThread "VM Thread" [stack: 0x000000ba68800000,0x000000ba68900000] [id=13784]
  0x000001e91a1a4a50 WatcherThread [stack: 0x000000ba69400000,0x000000ba69500000] [id=4708]
  0x000001e91a17ae50 GCTaskThread "GC Thread#0" [stack: 0x000000ba68300000,0x000000ba68400000] [id=16240]
  0x000001e93580d250 GCTaskThread "GC Thread#1" [stack: 0x000000ba69600000,0x000000ba69700000] [id=12760]
  0x000001e935975a50 GCTaskThread "GC Thread#2" [stack: 0x000000ba69700000,0x000000ba69800000] [id=15560]
  0x000001e93576e8f0 GCTaskThread "GC Thread#3" [stack: 0x000000ba69800000,0x000000ba69900000] [id=7092]
  0x000001e935f8e430 GCTaskThread "GC Thread#4" [stack: 0x000000ba69900000,0x000000ba69a00000] [id=17556]
  0x000001e935a7edb0 GCTaskThread "GC Thread#5" [stack: 0x000000ba6a500000,0x000000ba6a600000] [id=8]
  0x000001e9361a4ae0 GCTaskThread "GC Thread#6" [stack: 0x000000ba6a600000,0x000000ba6a700000] [id=7872]
  0x000001e9361a4d90 GCTaskThread "GC Thread#7" [stack: 0x000000ba6a700000,0x000000ba6a800000] [id=20656]
  0x000001e91a18bca0 ConcurrentGCThread "G1 Main Marker" [stack: 0x000000ba68400000,0x000000ba68500000] [id=3212]
  0x000001e91a18c5c0 ConcurrentGCThread "G1 Conc#0" [stack: 0x000000ba68500000,0x000000ba68600000] [id=16248]
  0x000001e93606b350 ConcurrentGCThread "G1 Conc#1" [stack: 0x000000ba6a800000,0x000000ba6a900000] [id=2612]
  0x000001e933de30d0 ConcurrentGCThread "G1 Refine#0" [stack: 0x000000ba68600000,0x000000ba68700000] [id=19528]
  0x000001e93774a7a0 ConcurrentGCThread "G1 Refine#1" [stack: 0x000000ba6b600000,0x000000ba6b700000] [id=16784]
  0x000001e933de38a0 ConcurrentGCThread "G1 Service" [stack: 0x000000ba68700000,0x000000ba68800000] [id=15952]

Threads with active compile tasks:
C2 CompilerThread2     4126 3967       4       org.objectweb.asm.Frame::execute (2318 bytes)

VM state: not at safepoint (normal execution)

VM Mutex/Monitor currently owned by a thread: None

Heap address: 0x0000000080000000, size: 2048 MB, Compressed Oops mode: 32-bit

CDS archive(s) not mapped
Compressed class space mapped at: 0x0000000100000000-0x0000000140000000, reserved size: 1073741824
Narrow klass base: 0x0000000000000000, Narrow klass shift: 3, Narrow klass range: 0x140000000

GC Precious Log:
 CPUs: 8 total, 8 available
 Memory: 7993M
 Large Page Support: Disabled
 NUMA Support: Disabled
 Compressed Oops: Enabled (32-bit)
 Heap Region Size: 1M
 Heap Min Capacity: 8M
 Heap Initial Capacity: 126M
 Heap Max Capacity: 2G
 Pre-touch: Disabled
 Parallel Workers: 8
 Concurrent Workers: 2
 Concurrent Refinement Workers: 8
 Periodic GC: Disabled

Heap:
 garbage-first heap   total 71680K, used 52594K [0x0000000080000000, 0x0000000100000000)
  region size 1024K, 26 young (26624K), 4 survivors (4096K)
 Metaspace       used 45721K, committed 46144K, reserved 1089536K
  class space    used 5983K, committed 6208K, reserved 1048576K

Heap Regions: E=young(eden), S=young(survivor), O=old, HS=humongous(starts), HC=humongous(continues), CS=collection set, F=free, OA=open archive, CA=closed archive, TAMS=top-at-mark-start (previous, next)
|   0|0x0000000080000000, 0x0000000080100000, 0x0000000080100000|100%|HS|  |TAMS 0x0000000080100000, 0x0000000080000000| Complete 
|   1|0x0000000080100000, 0x0000000080200000, 0x0000000080200000|100%|HC|  |TAMS 0x0000000080200000, 0x0000000080100000| Complete 
|   2|0x0000000080200000, 0x0000000080300000, 0x0000000080300000|100%|HC|  |TAMS 0x0000000080300000, 0x0000000080200000| Complete 
|   3|0x0000000080300000, 0x0000000080400000, 0x0000000080400000|100%|HC|  |TAMS 0x0000000080400000, 0x0000000080300000| Complete 
|   4|0x0000000080400000, 0x0000000080500000, 0x0000000080500000|100%| O|  |TAMS 0x0000000080500000, 0x0000000080400000| Untracked 
|   5|0x0000000080500000, 0x0000000080600000, 0x0000000080600000|100%| O|  |TAMS 0x0000000080600000, 0x0000000080500000| Untracked 
|   6|0x0000000080600000, 0x0000000080700000, 0x0000000080700000|100%| O|  |TAMS 0x0000000080700000, 0x0000000080600000| Untracked 
|   7|0x0000000080700000, 0x0000000080800000, 0x0000000080800000|100%| O|  |TAMS 0x0000000080800000, 0x0000000080700000| Untracked 
|   8|0x0000000080800000, 0x0000000080900000, 0x0000000080900000|100%| O|  |TAMS 0x0000000080900000, 0x0000000080800000| Untracked 
|   9|0x0000000080900000, 0x0000000080a00000, 0x0000000080a00000|100%| O|  |TAMS 0x0000000080a00000, 0x0000000080900000| Untracked 
|  10|0x0000000080a00000, 0x0000000080b00000, 0x0000000080b00000|100%| O|  |TAMS 0x0000000080b00000, 0x0000000080a00000| Untracked 
|  11|0x0000000080b00000, 0x0000000080b9ea00, 0x0000000080c00000| 61%| O|  |TAMS 0x0000000080b9ea00, 0x0000000080b00000| Untracked 
|  12|0x0000000080c00000, 0x0000000080d00000, 0x0000000080d00000|100%| O|  |TAMS 0x0000000080d00000, 0x0000000080c00000| Untracked 
|  13|0x0000000080d00000, 0x0000000080e00000, 0x0000000080e00000|100%| O|  |TAMS 0x0000000080e00000, 0x0000000080d00000| Untracked 
|  14|0x0000000080e00000, 0x0000000080f00000, 0x0000000080f00000|100%| O|  |TAMS 0x0000000080f00000, 0x0000000080e00000| Untracked 
|  15|0x0000000080f00000, 0x0000000081000000, 0x0000000081000000|100%| O|  |TAMS 0x0000000081000000, 0x0000000080f00000| Untracked 
|  16|0x0000000081000000, 0x0000000081100000, 0x0000000081100000|100%| O|  |TAMS 0x0000000081100000, 0x0000000081000000| Untracked 
|  17|0x0000000081100000, 0x0000000081200000, 0x0000000081200000|100%| O|  |TAMS 0x0000000081200000, 0x0000000081100000| Untracked 
|  18|0x0000000081200000, 0x0000000081300000, 0x0000000081300000|100%| O|  |TAMS 0x00000000812d9800, 0x0000000081200000| Untracked 
|  19|0x0000000081300000, 0x0000000081400000, 0x0000000081400000|100%| O|  |TAMS 0x0000000081300000, 0x0000000081300000| Untracked 
|  20|0x0000000081400000, 0x0000000081500000, 0x0000000081500000|100%| O|  |TAMS 0x0000000081400000, 0x0000000081400000| Untracked 
|  21|0x0000000081500000, 0x0000000081600000, 0x0000000081600000|100%| O|  |TAMS 0x0000000081500000, 0x0000000081500000| Untracked 
|  22|0x0000000081600000, 0x0000000081700000, 0x0000000081700000|100%| O|  |TAMS 0x0000000081600000, 0x0000000081600000| Untracked 
|  23|0x0000000081700000, 0x0000000081800000, 0x0000000081800000|100%| O|  |TAMS 0x0000000081700000, 0x0000000081700000| Untracked 
|  24|0x0000000081800000, 0x0000000081900000, 0x0000000081900000|100%| O|  |TAMS 0x0000000081800000, 0x0000000081800000| Untracked 
|  25|0x0000000081900000, 0x0000000081a00000, 0x0000000081a00000|100%|HS|  |TAMS 0x0000000081900000, 0x0000000081900000| Complete 
|  26|0x0000000081a00000, 0x0000000081a00000, 0x0000000081b00000|  0%| F|  |TAMS 0x0000000081a00000, 0x0000000081a00000| Untracked 
|  27|0x0000000081b00000, 0x0000000081b00000, 0x0000000081c00000|  0%| F|  |TAMS 0x0000000081b00000, 0x0000000081b00000| Untracked 
|  28|0x0000000081c00000, 0x0000000081d00000, 0x0000000081d00000|100%| O|  |TAMS 0x0000000081c00000, 0x0000000081c00000| Untracked 
|  29|0x0000000081d00000, 0x0000000081dbde00, 0x0000000081e00000| 74%| O|  |TAMS 0x0000000081d00000, 0x0000000081d00000| Untracked 
|  30|0x0000000081e00000, 0x0000000081e00000, 0x0000000081f00000|  0%| F|  |TAMS 0x0000000081e00000, 0x0000000081e00000| Untracked 
|  31|0x0000000081f00000, 0x0000000081f00000, 0x0000000082000000|  0%| F|  |TAMS 0x0000000081f00000, 0x0000000081f00000| Untracked 
|  32|0x0000000082000000, 0x0000000082000000, 0x0000000082100000|  0%| F|  |TAMS 0x0000000082000000, 0x0000000082000000| Untracked 
|  33|0x0000000082100000, 0x0000000082100000, 0x0000000082200000|  0%| F|  |TAMS 0x0000000082100000, 0x0000000082100000| Untracked 
|  34|0x0000000082200000, 0x0000000082200000, 0x0000000082300000|  0%| F|  |TAMS 0x0000000082200000, 0x0000000082200000| Untracked 
|  35|0x0000000082300000, 0x0000000082300000, 0x0000000082400000|  0%| F|  |TAMS 0x0000000082300000, 0x0000000082300000| Untracked 
|  36|0x0000000082400000, 0x0000000082400000, 0x0000000082500000|  0%| F|  |TAMS 0x0000000082400000, 0x0000000082400000| Untracked 
|  37|0x0000000082500000, 0x0000000082500000, 0x0000000082600000|  0%| F|  |TAMS 0x0000000082500000, 0x0000000082500000| Untracked 
|  38|0x0000000082600000, 0x0000000082600000, 0x0000000082700000|  0%| F|  |TAMS 0x0000000082600000, 0x0000000082600000| Untracked 
|  39|0x0000000082700000, 0x0000000082700000, 0x0000000082800000|  0%| F|  |TAMS 0x0000000082700000, 0x0000000082700000| Untracked 
|  40|0x0000000082800000, 0x0000000082800000, 0x0000000082900000|  0%| F|  |TAMS 0x0000000082800000, 0x0000000082800000| Untracked 
|  41|0x0000000082900000, 0x0000000082900000, 0x0000000082a00000|  0%| F|  |TAMS 0x0000000082900000, 0x0000000082900000| Untracked 
|  42|0x0000000082a00000, 0x0000000082b00000, 0x0000000082b00000|100%| S|CS|TAMS 0x0000000082a00000, 0x0000000082a00000| Complete 
|  43|0x0000000082b00000, 0x0000000082c00000, 0x0000000082c00000|100%| S|CS|TAMS 0x0000000082b00000, 0x0000000082b00000| Complete 
|  44|0x0000000082c00000, 0x0000000082d00000, 0x0000000082d00000|100%| S|CS|TAMS 0x0000000082c00000, 0x0000000082c00000| Complete 
|  45|0x0000000082d00000, 0x0000000082e00000, 0x0000000082e00000|100%| S|CS|TAMS 0x0000000082d00000, 0x0000000082d00000| Complete 
|  46|0x0000000082e00000, 0x0000000082e00000, 0x0000000082f00000|  0%| F|  |TAMS 0x0000000082e00000, 0x0000000082e00000| Untracked 
|  47|0x0000000082f00000, 0x0000000082f00000, 0x0000000083000000|  0%| F|  |TAMS 0x0000000082f00000, 0x0000000082f00000| Untracked 
|  48|0x0000000083000000, 0x000000008306b090, 0x0000000083100000| 41%| E|  |TAMS 0x0000000083000000, 0x0000000083000000| Complete 
|  49|0x0000000083100000, 0x0000000083200000, 0x0000000083200000|100%| E|CS|TAMS 0x0000000083100000, 0x0000000083100000| Complete 
|  50|0x0000000083200000, 0x0000000083300000, 0x0000000083300000|100%| E|CS|TAMS 0x0000000083200000, 0x0000000083200000| Complete 
|  51|0x0000000083300000, 0x0000000083400000, 0x0000000083400000|100%| E|CS|TAMS 0x0000000083300000, 0x0000000083300000| Complete 
|  52|0x0000000083400000, 0x0000000083500000, 0x0000000083500000|100%| E|CS|TAMS 0x0000000083400000, 0x0000000083400000| Complete 
|  53|0x0000000083500000, 0x0000000083600000, 0x0000000083600000|100%| E|CS|TAMS 0x0000000083500000, 0x0000000083500000| Complete 
|  54|0x0000000083600000, 0x0000000083700000, 0x0000000083700000|100%| E|CS|TAMS 0x0000000083600000, 0x0000000083600000| Complete 
|  55|0x0000000083700000, 0x0000000083800000, 0x0000000083800000|100%| E|CS|TAMS 0x0000000083700000, 0x0000000083700000| Complete 
|  56|0x0000000083800000, 0x0000000083900000, 0x0000000083900000|100%| E|CS|TAMS 0x0000000083800000, 0x0000000083800000| Complete 
|  57|0x0000000083900000, 0x0000000083a00000, 0x0000000083a00000|100%| E|CS|TAMS 0x0000000083900000, 0x0000000083900000| Complete 
|  58|0x0000000083a00000, 0x0000000083b00000, 0x0000000083b00000|100%| E|CS|TAMS 0x0000000083a00000, 0x0000000083a00000| Complete 
|  59|0x0000000083b00000, 0x0000000083c00000, 0x0000000083c00000|100%| E|CS|TAMS 0x0000000083b00000, 0x0000000083b00000| Complete 
|  76|0x0000000084c00000, 0x0000000084d00000, 0x0000000084d00000|100%| E|  |TAMS 0x0000000084c00000, 0x0000000084c00000| Complete 
|  77|0x0000000084d00000, 0x0000000084e00000, 0x0000000084e00000|100%| E|CS|TAMS 0x0000000084d00000, 0x0000000084d00000| Complete 
|  78|0x0000000084e00000, 0x0000000084f00000, 0x0000000084f00000|100%| E|CS|TAMS 0x0000000084e00000, 0x0000000084e00000| Complete 
|  79|0x0000000084f00000, 0x0000000085000000, 0x0000000085000000|100%| E|CS|TAMS 0x0000000084f00000, 0x0000000084f00000| Complete 
|  80|0x0000000085000000, 0x0000000085100000, 0x0000000085100000|100%| E|CS|TAMS 0x0000000085000000, 0x0000000085000000| Complete 
|  81|0x0000000085100000, 0x0000000085200000, 0x0000000085200000|100%| E|CS|TAMS 0x0000000085100000, 0x0000000085100000| Complete 
|  82|0x0000000085200000, 0x0000000085300000, 0x0000000085300000|100%| E|CS|TAMS 0x0000000085200000, 0x0000000085200000| Complete 
|  83|0x0000000085300000, 0x0000000085400000, 0x0000000085400000|100%| E|CS|TAMS 0x0000000085300000, 0x0000000085300000| Complete 
|  84|0x0000000085400000, 0x0000000085500000, 0x0000000085500000|100%| E|CS|TAMS 0x0000000085400000, 0x0000000085400000| Complete 
| 125|0x0000000087d00000, 0x0000000087e00000, 0x0000000087e00000|100%| E|CS|TAMS 0x0000000087d00000, 0x0000000087d00000| Complete 

Card table byte_map: [0x000001e92cd30000,0x000001e92d130000] _byte_map_base: 0x000001e92c930000

Marking Bits (Prev, Next): (CMBitMap*) 0x000001e91a17b370, (CMBitMap*) 0x000001e91a17b3b0
 Prev Bits: [0x000001e92d530000, 0x000001e92f530000)
 Next Bits: [0x000001e92f530000, 0x000001e931530000)

Polling page: 0x000001e9198f0000

Metaspace:

Usage:
  Non-class:     38.83 MB used.
      Class:      5.85 MB used.
       Both:     44.68 MB used.

Virtual space:
  Non-class space:       40.00 MB reserved,      39.06 MB ( 98%) committed,  5 nodes.
      Class space:        1.00 GB reserved,       6.06 MB ( <1%) committed,  1 nodes.
             Both:        1.04 GB reserved,      45.12 MB (  4%) committed. 

Chunk freelists:
   Non-Class:  416.00 KB
       Class:  1.89 MB
        Both:  2.30 MB

MaxMetaspaceSize: unlimited
CompressedClassSpaceSize: 1.00 GB
Initial GC threshold: 21.00 MB
Current GC threshold: 58.88 MB
CDS: off
MetaspaceReclaimPolicy: balanced
 - commit_granule_bytes: 65536.
 - commit_granule_words: 8192.
 - virtual_space_node_default_size: 1048576.
 - enlarge_chunks_in_place: 1.
 - new_chunks_are_fully_committed: 0.
 - uncommit_free_chunks: 1.
 - use_allocation_guard: 0.
 - handle_deallocations: 1.


Internal statistics:

num_allocs_failed_limit: 6.
num_arena_births: 464.
num_arena_deaths: 0.
num_vsnodes_births: 6.
num_vsnodes_deaths: 0.
num_space_committed: 722.
num_space_uncommitted: 0.
num_chunks_returned_to_freelist: 6.
num_chunks_taken_from_freelist: 1788.
num_chunk_merges: 3.
num_chunk_splits: 1203.
num_chunks_enlarged: 872.
num_purges: 0.
num_inconsistent_stats: 0.

CodeHeap 'non-profiled nmethods': size=120000Kb used=2398Kb max_used=2398Kb free=117602Kb
 bounds [0x000001e9250c0000, 0x000001e925330000, 0x000001e92c5f0000]
CodeHeap 'profiled nmethods': size=120000Kb used=8107Kb max_used=8107Kb free=111892Kb
 bounds [0x000001e91d5f0000, 0x000001e91dde0000, 0x000001e924b20000]
CodeHeap 'non-nmethods': size=5760Kb used=2288Kb max_used=2331Kb free=3471Kb
 bounds [0x000001e924b20000, 0x000001e924d90000, 0x000001e9250c0000]
 total_blobs=4823 nmethods=4027 adapters=708
 compilation: enabled
              stopped_count=0, restarted_count=0
 full_count=0

Compilation events (20 events):
Event: 4.084 Thread 0x000001e9348386a0 nmethod 4019 0x000001e91ddd7990 code [0x000001e91ddd7b40, 0x000001e91ddd7d68]
Event: 4.084 Thread 0x000001e9348386a0 4020       3       org.objectweb.asm.ClassWriter::visitField (53 bytes)
Event: 4.084 Thread 0x000001e934becd20 nmethod 4006 0x000001e925312190 code [0x000001e925312340, 0x000001e925312568]
Event: 4.084 Thread 0x000001e934becd20 4024       4       org.objectweb.asm.Frame::push (109 bytes)
Event: 4.084 Thread 0x000001e9348386a0 nmethod 4020 0x000001e91ddd7e90 code [0x000001e91ddd8040, 0x000001e91ddd83a8]
Event: 4.084 Thread 0x000001e9348386a0 4021       3       org.objectweb.asm.FieldWriter::<init> (69 bytes)
Event: 4.085 Thread 0x000001e9348386a0 nmethod 4021 0x000001e91ddd8510 code [0x000001e91ddd8700, 0x000001e91ddd8ac8]
Event: 4.085 Thread 0x000001e9348386a0 4022       3       org.objectweb.asm.FieldVisitor::<init> (7 bytes)
Event: 4.085 Thread 0x000001e9348386a0 nmethod 4022 0x000001e91ddd8d10 code [0x000001e91ddd8ec0, 0x000001e91ddd9008]
Event: 4.085 Thread 0x000001e9348386a0 4023       3       org.objectweb.asm.FieldVisitor::<init> (94 bytes)
Event: 4.085 Thread 0x000001e9348386a0 nmethod 4023 0x000001e91ddd9090 code [0x000001e91ddd92e0, 0x000001e91ddd9be8]
Event: 4.085 Thread 0x000001e9348386a0 4025       3       org.objectweb.asm.FieldWriter::computeFieldInfoSize (86 bytes)
Event: 4.086 Thread 0x000001e9348386a0 nmethod 4025 0x000001e91ddd9e90 code [0x000001e91ddda060, 0x000001e91ddda338]
Event: 4.089 Thread 0x000001e934becd20 nmethod 4024 0x000001e925312710 code [0x000001e9253128a0, 0x000001e925312f38]
Event: 4.091 Thread 0x000001e9348386a0 4026       3       jdk.internal.jimage.BasicImageReader::verifyLocation (39 bytes)
Event: 4.092 Thread 0x000001e9348386a0 nmethod 4026 0x000001e91ddda490 code [0x000001e91ddda660, 0x000001e91ddda928]
Event: 4.093 Thread 0x000001e9348386a0 4027       3       java.lang.reflect.Constructor::getParameterTypes (11 bytes)
Event: 4.093 Thread 0x000001e9348386a0 nmethod 4027 0x000001e91dddaa10 code [0x000001e91dddabc0, 0x000001e91dddae68]
Event: 4.094 Thread 0x000001e934becd20 4028       4       java.lang.ref.Reference::refersTo (6 bytes)
Event: 4.094 Thread 0x000001e934becd20 nmethod 4028 0x000001e925313110 code [0x000001e925313280, 0x000001e925313318]

GC Heap History (16 events):
Event: 0.704 GC heap before
{Heap before GC invocations=0 (full 0):
 garbage-first heap   total 129024K, used 26624K [0x0000000080000000, 0x0000000100000000)
  region size 1024K, 23 young (23552K), 0 survivors (0K)
 Metaspace       used 10262K, committed 10432K, reserved 1064960K
  class space    used 1058K, committed 1152K, reserved 1048576K
}
Event: 0.708 GC heap after
{Heap after GC invocations=1 (full 0):
 garbage-first heap   total 129024K, used 10325K [0x0000000080000000, 0x0000000100000000)
  region size 1024K, 3 young (3072K), 3 survivors (3072K)
 Metaspace       used 10262K, committed 10432K, reserved 1064960K
  class space    used 1058K, committed 1152K, reserved 1048576K
}
Event: 1.027 GC heap before
{Heap before GC invocations=1 (full 0):
 garbage-first heap   total 129024K, used 40021K [0x0000000080000000, 0x0000000100000000)
  region size 1024K, 32 young (32768K), 3 survivors (3072K)
 Metaspace       used 11203K, committed 11456K, reserved 1064960K
  class space    used 1161K, committed 1280K, reserved 1048576K
}
Event: 1.032 GC heap after
{Heap after GC invocations=2 (full 0):
 garbage-first heap   total 129024K, used 14970K [0x0000000080000000, 0x0000000100000000)
  region size 1024K, 4 young (4096K), 4 survivors (4096K)
 Metaspace       used 11203K, committed 11456K, reserved 1064960K
  class space    used 1161K, committed 1280K, reserved 1048576K
}
Event: 1.833 GC heap before
{Heap before GC invocations=2 (full 0):
 garbage-first heap   total 129024K, used 51834K [0x0000000080000000, 0x0000000100000000)
  region size 1024K, 41 young (41984K), 4 survivors (4096K)
 Metaspace       used 21208K, committed 21504K, reserved 1073152K
  class space    used 2577K, committed 2752K, reserved 1048576K
}
Event: 1.837 GC heap after
{Heap after GC invocations=3 (full 0):
 garbage-first heap   total 129024K, used 19291K [0x0000000080000000, 0x0000000100000000)
  region size 1024K, 9 young (9216K), 9 survivors (9216K)
 Metaspace       used 21208K, committed 21504K, reserved 1073152K
  class space    used 2577K, committed 2752K, reserved 1048576K
}
Event: 2.354 GC heap before
{Heap before GC invocations=4 (full 0):
 garbage-first heap   total 71680K, used 52059K [0x0000000080000000, 0x0000000100000000)
  region size 1024K, 42 young (43008K), 9 survivors (9216K)
 Metaspace       used 26523K, committed 26816K, reserved 1073152K
  class space    used 3501K, committed 3648K, reserved 1048576K
}
Event: 2.361 GC heap after
{Heap after GC invocations=5 (full 0):
 garbage-first heap   total 71680K, used 21154K [0x0000000080000000, 0x0000000100000000)
  region size 1024K, 3 young (3072K), 3 survivors (3072K)
 Metaspace       used 26523K, committed 26816K, reserved 1073152K
  class space    used 3501K, committed 3648K, reserved 1048576K
}
Event: 2.739 GC heap before
{Heap before GC invocations=5 (full 0):
 garbage-first heap   total 71680K, used 47778K [0x0000000080000000, 0x0000000100000000)
  region size 1024K, 30 young (30720K), 3 survivors (3072K)
 Metaspace       used 30732K, committed 30976K, reserved 1081344K
  class space    used 4190K, committed 4288K, reserved 1048576K
}
Event: 2.742 GC heap after
{Heap after GC invocations=6 (full 0):
 garbage-first heap   total 71680K, used 22714K [0x0000000080000000, 0x0000000100000000)
  region size 1024K, 4 young (4096K), 4 survivors (4096K)
 Metaspace       used 30732K, committed 30976K, reserved 1081344K
  class space    used 4190K, committed 4288K, reserved 1048576K
}
Event: 3.130 GC heap before
{Heap before GC invocations=6 (full 0):
 garbage-first heap   total 71680K, used 48314K [0x0000000080000000, 0x0000000100000000)
  region size 1024K, 31 young (31744K), 4 survivors (4096K)
 Metaspace       used 35610K, committed 35968K, reserved 1081344K
  class space    used 4877K, committed 5056K, reserved 1048576K
}
Event: 3.134 GC heap after
{Heap after GC invocations=7 (full 0):
 garbage-first heap   total 71680K, used 24824K [0x0000000080000000, 0x0000000100000000)
  region size 1024K, 4 young (4096K), 4 survivors (4096K)
 Metaspace       used 35610K, committed 35968K, reserved 1081344K
  class space    used 4877K, committed 5056K, reserved 1048576K
}
Event: 3.494 GC heap before
{Heap before GC invocations=8 (full 0):
 garbage-first heap   total 71680K, used 52472K [0x0000000080000000, 0x0000000100000000)
  region size 1024K, 32 young (32768K), 4 survivors (4096K)
 Metaspace       used 40380K, committed 40704K, reserved 1089536K
  class space    used 5356K, committed 5504K, reserved 1048576K
}
Event: 3.501 GC heap after
{Heap after GC invocations=9 (full 0):
 garbage-first heap   total 71680K, used 28754K [0x0000000080000000, 0x0000000100000000)
  region size 1024K, 4 young (4096K), 4 survivors (4096K)
 Metaspace       used 40380K, committed 40704K, reserved 1089536K
  class space    used 5356K, committed 5504K, reserved 1048576K
}
Event: 3.848 GC heap before
{Heap before GC invocations=9 (full 0):
 garbage-first heap   total 71680K, used 56402K [0x0000000080000000, 0x0000000100000000)
  region size 1024K, 28 young (28672K), 4 survivors (4096K)
 Metaspace       used 43141K, committed 43520K, reserved 1089536K
  class space    used 5668K, committed 5824K, reserved 1048576K
}
Event: 3.852 GC heap after
{Heap after GC invocations=10 (full 0):
 garbage-first heap   total 71680K, used 31090K [0x0000000080000000, 0x0000000100000000)
  region size 1024K, 4 young (4096K), 4 survivors (4096K)
 Metaspace       used 43141K, committed 43520K, reserved 1089536K
  class space    used 5668K, committed 5824K, reserved 1048576K
}

Dll operation events (2 events):
Event: 0.005 Loaded shared library C:\Program Files\Android\Android Studio\jbr\bin\java.dll
Event: 0.392 Loaded shared library C:\Program Files\Android\Android Studio\jbr\bin\verify.dll

Deoptimization events (20 events):
Event: 3.934 Thread 0x000001e9378cb570 Uncommon trap: trap_request=0xffffffc6 fr.pc=0x000001e9252bc5e4 relative=0x0000000000000524
Event: 3.934 Thread 0x000001e9378cb570 Uncommon trap: reason=bimorphic_or_optimized_type_check action=maybe_recompile pc=0x000001e9252bc5e4 method=java.util.stream.AbstractPipeline.copyIntoWithCancel(Ljava/util/stream/Sink;Ljava/util/Spliterator;)Z @ 24 c2
Event: 3.934 Thread 0x000001e9378cb570 DEOPT PACKING pc=0x000001e9252bc5e4 sp=0x000000ba6a1f7cb0
Event: 3.934 Thread 0x000001e9378cb570 DEOPT UNPACKING pc=0x000001e924b769a3 sp=0x000000ba6a1f7b68 mode 2
Event: 3.934 Thread 0x000001e9378cb570 Uncommon trap: trap_request=0xffffffc6 fr.pc=0x000001e9252b5288 relative=0x00000000000005e8
Event: 3.934 Thread 0x000001e9378cb570 Uncommon trap: reason=bimorphic_or_optimized_type_check action=maybe_recompile pc=0x000001e9252b5288 method=java.util.stream.ReferencePipeline.forEachWithCancel(Ljava/util/Spliterator;Ljava/util/stream/Sink;)Z @ 1 c2
Event: 3.934 Thread 0x000001e9378cb570 DEOPT PACKING pc=0x000001e9252b5288 sp=0x000000ba6a1f7b40
Event: 3.934 Thread 0x000001e9378cb570 DEOPT UNPACKING pc=0x000001e924b769a3 sp=0x000000ba6a1f7af8 mode 2
Event: 3.997 Thread 0x000001e9378cb570 Uncommon trap: trap_request=0xffffff76 fr.pc=0x000001e9252ee364 relative=0x00000000000001c4
Event: 3.997 Thread 0x000001e9378cb570 Uncommon trap: reason=predicate action=maybe_recompile pc=0x000001e9252ee364 method=java.util.LinkedHashMap.keysToArray([Ljava/lang/Object;)[Ljava/lang/Object; @ 12 c2
Event: 3.997 Thread 0x000001e9378cb570 DEOPT PACKING pc=0x000001e9252ee364 sp=0x000000ba6a1f6400
Event: 3.997 Thread 0x000001e9378cb570 DEOPT UNPACKING pc=0x000001e924b769a3 sp=0x000000ba6a1f63b8 mode 2
Event: 4.007 Thread 0x000001e9378cb570 Uncommon trap: trap_request=0xffffffc6 fr.pc=0x000001e9252bde78 relative=0x00000000000003d8
Event: 4.007 Thread 0x000001e9378cb570 Uncommon trap: reason=bimorphic_or_optimized_type_check action=maybe_recompile pc=0x000001e9252bde78 method=java.util.stream.AbstractPipeline.copyIntoWithCancel(Ljava/util/stream/Sink;Ljava/util/Spliterator;)Z @ 24 c2
Event: 4.007 Thread 0x000001e9378cb570 DEOPT PACKING pc=0x000001e9252bde78 sp=0x000000ba6a1f81b0
Event: 4.007 Thread 0x000001e9378cb570 DEOPT UNPACKING pc=0x000001e924b769a3 sp=0x000000ba6a1f80e0 mode 2
Event: 4.089 Thread 0x000001e9378cb570 Uncommon trap: trap_request=0xffffff45 fr.pc=0x000001e9252845ac relative=0x000000000000010c
Event: 4.089 Thread 0x000001e9378cb570 Uncommon trap: reason=unstable_if action=reinterpret pc=0x000001e9252845ac method=java.util.Arrays.hashCode([Ljava/lang/Object;)I @ 34 c2
Event: 4.089 Thread 0x000001e9378cb570 DEOPT PACKING pc=0x000001e9252845ac sp=0x000000ba6a1f9850
Event: 4.089 Thread 0x000001e9378cb570 DEOPT UNPACKING pc=0x000001e924b769a3 sp=0x000000ba6a1f97c8 mode 2

Classes unloaded (0 events):
No events

Classes redefined (0 events):
No events

Internal exceptions (20 events):
Event: 3.685 Thread 0x000001e9378cb570 Exception <a 'java/lang/ClassNotFoundException'{0x000000008387f5d8}: org/gradle/configuration/internal/DefaultListenerBuildOperationDecorator$BuildOperationEmittingClosureCustomizer> (0x000000008387f5d8) 
thrown [s\src\hotspot\share\classfile\systemDictionary.cpp, line 256]
Event: 3.703 Thread 0x000001e9378cb570 Exception <a 'java/lang/NoSuchMethodError'{0x00000000837a7058}: 'java.lang.Object java.lang.invoke.DirectMethodHandle$Holder.newInvokeSpecial(java.lang.Object, java.lang.Object, int, int)'> (0x00000000837a7058) 
thrown [s\src\hotspot\share\interpreter\linkResolver.cpp, line 771]
Event: 3.720 Thread 0x000001e9378cb570 Exception <a 'java/lang/NoSuchMethodError'{0x00000000836d5a98}: 'java.lang.Object java.lang.invoke.DirectMethodHandle$Holder.invokeSpecial(java.lang.Object, java.lang.Object, java.lang.Object, java.lang.Object, java.lang.Object, java.lang.Object, java.lang.Object, java.lang.Object, java.lang.Object, java.lang.Object)'> (0x00000000836d5a98) 
thrown [s\src\hotspot\share\interpreter\linkResolver.cpp, line 771]
Event: 3.721 Thread 0x000001e9378cb570 Exception <a 'java/lang/NoSuchMethodError'{0x00000000836de670}: 'java.lang.Object java.lang.invoke.Invokers$Holder.invoker(java.lang.Object, java.lang.Object, java.lang.Object, java.lang.Object, java.lang.Object, java.lang.Object, java.lang.Object, java.lang.Object, java.lang.Object)'> (0x00000000836de670) 
thrown [s\src\hotspot\share\interpreter\linkResolver.cpp, line 771]
Event: 3.735 Thread 0x000001e9378cb570 Exception <a 'java/lang/NoSuchMethodError'{0x00000000835806d0}: 'java.lang.Object java.lang.invoke.Invokers$Holder.invoker(java.lang.Object, java.lang.Object, java.lang.Object, java.lang.Object)'> (0x00000000835806d0) 
thrown [s\src\hotspot\share\interpreter\linkResolver.cpp, line 771]
Event: 3.756 Thread 0x000001e9378cb570 Exception <a 'java/lang/NoSuchMethodError'{0x0000000083422818}: 'java.lang.Object java.lang.invoke.DelegatingMethodHandle$Holder.reinvoke_L(java.lang.Object, java.lang.Object, java.lang.Object, java.lang.Object, java.lang.Object, java.lang.Object, java.lang.Object, java.lang.Object, java.lang.Object, java.lang.Object, java.lang.Object, java.lang.Object, java.lang.Object, java.lang.Object, java.lang.Object, java.lang.Object, java.lang.Object, java.lang.Object, java.lang.Object, java.lang.Object, java.lang.O
Event: 3.757 Thread 0x000001e9378cb570 Exception <a 'java/lang/NoSuchMethodError'{0x000000008342dfe8}: 'java.lang.Object java.lang.invoke.Invokers$Holder.invoker(java.lang.Object, java.lang.Object, java.lang.Object, java.lang.Object, java.lang.Object, java.lang.Object, java.lang.Object, java.lang.Object, java.lang.Object, java.lang.Object, java.lang.Object, java.lang.Object, java.lang.Object, java.lang.Object, java.lang.Object, java.lang.Object, java.lang.Object, java.lang.Object, java.lang.Object, java.lang.Object, java.lang.Object)'> (0x00000
Event: 3.757 Thread 0x000001e9378cb570 Exception <a 'java/lang/NoSuchMethodError'{0x00000000834349a0}: 'java.lang.Object java.lang.invoke.DelegatingMethodHandle$Holder.delegate(java.lang.Object, java.lang.Object, java.lang.Object, java.lang.Object, java.lang.Object, java.lang.Object, java.lang.Object, java.lang.Object, java.lang.Object, java.lang.Object, java.lang.Object, java.lang.Object, java.lang.Object, java.lang.Object, java.lang.Object, java.lang.Object, java.lang.Object, java.lang.Object, java.lang.Object, java.lang.Object, java.lang.Obj
Event: 3.766 Thread 0x000001e9378cb570 Exception <a 'java/lang/NoSuchMethodError'{0x00000000834b5c60}: 'java.lang.Object java.lang.invoke.DirectMethodHandle$Holder.invokeStatic(java.lang.Object, java.lang.Object, java.lang.Object, java.lang.Object, java.lang.Object, java.lang.Object, java.lang.Object, java.lang.Object, java.lang.Object, java.lang.Object, java.lang.Object, java.lang.Object, java.lang.Object, java.lang.Object, java.lang.Object, java.lang.Object, java.lang.Object)'> (0x00000000834b5c60) 
thrown [s\src\hotspot\share\interpreter\lin
Event: 3.768 Thread 0x000001e9378cb570 Exception <a 'java/lang/NoSuchMethodError'{0x00000000834dd5d8}: 'java.lang.Object java.lang.invoke.DirectMethodHandle$Holder.invokeStatic(java.lang.Object, java.lang.Object, java.lang.Object, java.lang.Object, java.lang.Object, java.lang.Object, java.lang.Object, java.lang.Object, java.lang.Object, java.lang.Object, java.lang.Object, java.lang.Object, java.lang.Object, java.lang.Object, java.lang.Object, java.lang.Object, java.lang.Object, java.lang.Object)'> (0x00000000834dd5d8) 
thrown [s\src\hotspot\sha
Event: 3.771 Thread 0x000001e9378cb570 Exception <a 'java/lang/NoSuchMethodError'{0x0000000083306100}: 'java.lang.Object java.lang.invoke.DirectMethodHandle$Holder.invokeStatic(java.lang.Object, java.lang.Object, java.lang.Object, java.lang.Object, java.lang.Object, java.lang.Object, java.lang.Object, java.lang.Object, java.lang.Object, java.lang.Object, java.lang.Object, java.lang.Object, java.lang.Object, java.lang.Object, java.lang.Object, java.lang.Object, java.lang.Object, java.lang.Object, java.lang.Object)'> (0x0000000083306100) 
thrown 
Event: 3.773 Thread 0x000001e9378cb570 Exception <a 'java/lang/NoSuchMethodError'{0x000000008332f7c0}: 'java.lang.Object java.lang.invoke.DirectMethodHandle$Holder.invokeStatic(java.lang.Object, java.lang.Object, java.lang.Object, java.lang.Object, java.lang.Object, java.lang.Object, java.lang.Object, java.lang.Object, java.lang.Object, java.lang.Object, java.lang.Object, java.lang.Object, java.lang.Object, java.lang.Object, java.lang.Object, java.lang.Object, java.lang.Object, java.lang.Object, java.lang.Object, java.lang.Object)'> (0x00000000
Event: 3.775 Thread 0x000001e9378cb570 Exception <a 'java/lang/NoSuchMethodError'{0x0000000083359e80}: 'java.lang.Object java.lang.invoke.DirectMethodHandle$Holder.invokeStatic(java.lang.Object, java.lang.Object, java.lang.Object, java.lang.Object, java.lang.Object, java.lang.Object, java.lang.Object, java.lang.Object, java.lang.Object, java.lang.Object, java.lang.Object, java.lang.Object, java.lang.Object, java.lang.Object, java.lang.Object, java.lang.Object, java.lang.Object, java.lang.Object, java.lang.Object, java.lang.Object, java.lang.Obj
Event: 3.777 Thread 0x000001e9378cb570 Exception <a 'java/lang/NoSuchMethodError'{0x0000000083385138}: 'java.lang.Object java.lang.invoke.DirectMethodHandle$Holder.invokeStatic(java.lang.Object, java.lang.Object, java.lang.Object, java.lang.Object, java.lang.Object, java.lang.Object, java.lang.Object, java.lang.Object, java.lang.Object, java.lang.Object, java.lang.Object, java.lang.Object, java.lang.Object, java.lang.Object, java.lang.Object, java.lang.Object, java.lang.Object, java.lang.Object, java.lang.Object, java.lang.Object, java.lang.Obj
Event: 3.779 Thread 0x000001e9378cb570 Exception <a 'java/lang/NoSuchMethodError'{0x00000000833b1c68}: 'java.lang.Object java.lang.invoke.DirectMethodHandle$Holder.invokeStatic(java.lang.Object, java.lang.Object, java.lang.Object, java.lang.Object, java.lang.Object, java.lang.Object, java.lang.Object, java.lang.Object, java.lang.Object, java.lang.Object, java.lang.Object, java.lang.Object, java.lang.Object, java.lang.Object, java.lang.Object, java.lang.Object, java.lang.Object, java.lang.Object, java.lang.Object, java.lang.Object, java.lang.Obj
Event: 3.782 Thread 0x000001e9378cb570 Exception <a 'java/lang/NoSuchMethodError'{0x00000000833e02a0}: 'java.lang.Object java.lang.invoke.DirectMethodHandle$Holder.invokeStatic(java.lang.Object, java.lang.Object, java.lang.Object, java.lang.Object, java.lang.Object, java.lang.Object, java.lang.Object, java.lang.Object, java.lang.Object, java.lang.Object, java.lang.Object, java.lang.Object, java.lang.Object, java.lang.Object, java.lang.Object, java.lang.Object, java.lang.Object, java.lang.Object, java.lang.Object, java.lang.Object, java.lang.Obj
Event: 3.906 Thread 0x000001e9378cb570 Exception <a 'java/lang/IncompatibleClassChangeError'{0x0000000084e160e0}: Found class java.lang.Object, but interface was expected> (0x0000000084e160e0) 
thrown [s\src\hotspot\share\interpreter\linkResolver.cpp, line 838]
Event: 3.981 Thread 0x000001e9378cb570 Exception <a 'java/lang/IncompatibleClassChangeError'{0x0000000083a942c0}: Found class java.lang.Object, but interface was expected> (0x0000000083a942c0) 
thrown [s\src\hotspot\share\interpreter\linkResolver.cpp, line 838]
Event: 3.997 Thread 0x000001e9378cb570 Exception <a 'java/lang/NoSuchMethodError'{0x000000008381c520}: 'int java.lang.invoke.DirectMethodHandle$Holder.invokeStaticInit(java.lang.Object, java.lang.Object, java.lang.Object, java.lang.Object, java.lang.Object)'> (0x000000008381c520) 
thrown [s\src\hotspot\share\interpreter\linkResolver.cpp, line 771]
Event: 4.089 Thread 0x000001e9378cb570 Implicit null exception at 0x000001e9252844ec to 0x000001e925284590

VM Operations (20 events):
Event: 3.352 Executing VM operation: HandshakeAllThreads
Event: 3.352 Executing VM operation: HandshakeAllThreads done
Event: 3.362 Executing VM operation: HandshakeAllThreads
Event: 3.362 Executing VM operation: HandshakeAllThreads done
Event: 3.440 Executing VM operation: HandshakeAllThreads
Event: 3.440 Executing VM operation: HandshakeAllThreads done
Event: 3.493 Executing VM operation: G1CollectForAllocation
Event: 3.503 Executing VM operation: G1CollectForAllocation done
Event: 3.749 Executing VM operation: ICBufferFull
Event: 3.749 Executing VM operation: ICBufferFull done
Event: 3.848 Executing VM operation: G1CollectForAllocation
Event: 3.852 Executing VM operation: G1CollectForAllocation done
Event: 3.909 Executing VM operation: HandshakeAllThreads
Event: 3.909 Executing VM operation: HandshakeAllThreads done
Event: 3.948 Executing VM operation: HandshakeAllThreads
Event: 3.948 Executing VM operation: HandshakeAllThreads done
Event: 3.985 Executing VM operation: HandshakeAllThreads
Event: 3.985 Executing VM operation: HandshakeAllThreads done
Event: 4.061 Executing VM operation: HandshakeAllThreads
Event: 4.061 Executing VM operation: HandshakeAllThreads done

Events (20 events):
Event: 3.772 loading class java/lang/invoke/BoundMethodHandle$Species_LLLLLLLLLLLLLLLLL done
Event: 3.774 loading class java/lang/invoke/BoundMethodHandle$Species_LLLLLLLLLLLLLLLLLL
Event: 3.774 loading class java/lang/invoke/BoundMethodHandle$Species_LLLLLLLLLLLLLLLLLL done
Event: 3.776 loading class java/lang/invoke/BoundMethodHandle$Species_LLLLLLLLLLLLLLLLLLL
Event: 3.776 loading class java/lang/invoke/BoundMethodHandle$Species_LLLLLLLLLLLLLLLLLLL done
Event: 3.778 loading class java/lang/invoke/BoundMethodHandle$Species_LLLLLLLLLLLLLLLLLLLL
Event: 3.778 loading class java/lang/invoke/BoundMethodHandle$Species_LLLLLLLLLLLLLLLLLLLL done
Event: 3.781 loading class java/lang/invoke/BoundMethodHandle$Species_LLLLLLLLLLLLLLLLLLLLL
Event: 3.781 loading class java/lang/invoke/BoundMethodHandle$Species_LLLLLLLLLLLLLLLLLLLLL done
Event: 3.969 loading class java/util/stream/ReferencePipeline$4
Event: 3.969 loading class java/util/stream/ReferencePipeline$4 done
Event: 3.969 loading class java/util/function/IntBinaryOperator
Event: 3.969 loading class java/util/function/IntBinaryOperator done
Event: 3.969 loading class java/util/stream/ReduceOps$6
Event: 3.969 loading class java/util/stream/ReduceOps$6 done
Event: 3.969 loading class java/util/stream/ReduceOps$5ReducingSink
Event: 3.969 loading class java/util/stream/ReduceOps$5ReducingSink done
Event: 3.970 loading class java/util/stream/ReferencePipeline$4$1
Event: 3.970 loading class java/util/stream/ReferencePipeline$4$1 done
Event: 4.005 Thread 0x000001e93780b700 Thread added: 0x000001e93780b700


Dynamic libraries:
0x00007ff732ac0000 - 0x00007ff732aca000 	C:\Program Files\Android\Android Studio\jbr\bin\java.exe
0x00007ffe0a4b0000 - 0x00007ffe0a6a7000 	C:\windows\SYSTEM32\ntdll.dll
0x00007ffe090d0000 - 0x00007ffe0918d000 	C:\windows\System32\KERNEL32.DLL
0x00007ffe08090000 - 0x00007ffe08386000 	C:\windows\System32\KERNELBASE.dll
0x00007ffe07d00000 - 0x00007ffe07e00000 	C:\windows\System32\ucrtbase.dll
0x00007ffe01330000 - 0x00007ffe0134b000 	C:\Program Files\Android\Android Studio\jbr\bin\VCRUNTIME140.dll
0x00007ffd957b0000 - 0x00007ffd957c7000 	C:\Program Files\Android\Android Studio\jbr\bin\jli.dll
0x00007ffe08f30000 - 0x00007ffe090ce000 	C:\windows\System32\USER32.dll
0x00007ffe08390000 - 0x00007ffe083b2000 	C:\windows\System32\win32u.dll
0x00007ffe09c80000 - 0x00007ffe09cac000 	C:\windows\System32\GDI32.dll
0x00007ffe07be0000 - 0x00007ffe07cfa000 	C:\windows\System32\gdi32full.dll
0x00007ffdf0f20000 - 0x00007ffdf11ba000 	C:\windows\WinSxS\amd64_microsoft.windows.common-controls_6595b64144ccf1df_6.0.19041.3570_none_60bb2a3971f3e41a\COMCTL32.dll
0x00007ffe083c0000 - 0x00007ffe0845d000 	C:\windows\System32\msvcp_win.dll
0x00007ffe08930000 - 0x00007ffe089ce000 	C:\windows\System32\msvcrt.dll
0x00007ffe08ae0000 - 0x00007ffe08b10000 	C:\windows\System32\IMM32.DLL
0x00007ffe01320000 - 0x00007ffe0132c000 	C:\Program Files\Android\Android Studio\jbr\bin\vcruntime140_1.dll
0x00007ffdd4480000 - 0x00007ffdd450d000 	C:\Program Files\Android\Android Studio\jbr\bin\msvcp140.dll
0x00007ffd5e5d0000 - 0x00007ffd5f23e000 	C:\Program Files\Android\Android Studio\jbr\bin\server\jvm.dll
0x00007ffe08c30000 - 0x00007ffe08cde000 	C:\windows\System32\ADVAPI32.dll
0x00007ffe08b70000 - 0x00007ffe08c0c000 	C:\windows\System32\sechost.dll
0x00007ffe08520000 - 0x00007ffe08646000 	C:\windows\System32\RPCRT4.dll
0x00007ffda3ed0000 - 0x00007ffda3ed9000 	C:\windows\SYSTEM32\WSOCK32.dll
0x00007ffdedfd0000 - 0x00007ffdedff7000 	C:\windows\SYSTEM32\WINMM.dll
0x00007ffe0a400000 - 0x00007ffe0a46b000 	C:\windows\System32\WS2_32.dll
0x00007ffdff440000 - 0x00007ffdff44a000 	C:\windows\SYSTEM32\VERSION.dll
0x00007ffe063c0000 - 0x00007ffe063d2000 	C:\windows\SYSTEM32\kernel.appcore.dll
0x00007ffd76e50000 - 0x00007ffd76e5a000 	C:\Program Files\Android\Android Studio\jbr\bin\jimage.dll
0x00007ffe060e0000 - 0x00007ffe062c4000 	C:\windows\SYSTEM32\DBGHELP.DLL
0x00007ffdea0c0000 - 0x00007ffdea0f4000 	C:\windows\SYSTEM32\dbgcore.DLL
0x00007ffe07e00000 - 0x00007ffe07e82000 	C:\windows\System32\bcryptPrimitives.dll
0x00007ffd76370000 - 0x00007ffd76395000 	C:\Program Files\Android\Android Studio\jbr\bin\java.dll
0x00007ffd76e30000 - 0x00007ffd76e48000 	C:\Program Files\Android\Android Studio\jbr\bin\zip.dll
0x00007ffe09cb0000 - 0x00007ffe0a3f4000 	C:\windows\System32\SHELL32.dll
0x00007ffe05870000 - 0x00007ffe0600b000 	C:\windows\SYSTEM32\windows.storage.dll
0x00007ffe09710000 - 0x00007ffe09a64000 	C:\windows\System32\combase.dll
0x00007ffe075d0000 - 0x00007ffe075fd000 	C:\windows\SYSTEM32\Wldp.dll
0x00007ffe09190000 - 0x00007ffe0923d000 	C:\windows\System32\SHCORE.dll
0x00007ffe08b10000 - 0x00007ffe08b65000 	C:\windows\System32\shlwapi.dll
0x00007ffe07ac0000 - 0x00007ffe07ae5000 	C:\windows\SYSTEM32\profapi.dll
0x00007ffd76350000 - 0x00007ffd76369000 	C:\Program Files\Android\Android Studio\jbr\bin\net.dll
0x00007ffdfd2b0000 - 0x00007ffdfd3ba000 	C:\windows\SYSTEM32\WINHTTP.dll
0x00007ffe07330000 - 0x00007ffe0739a000 	C:\windows\system32\mswsock.dll
0x00007ffd762f0000 - 0x00007ffd76306000 	C:\Program Files\Android\Android Studio\jbr\bin\nio.dll
0x00007ffda4740000 - 0x00007ffda4750000 	C:\Program Files\Android\Android Studio\jbr\bin\verify.dll
0x00007ffdc3b70000 - 0x00007ffdc3b97000 	C:\Users\jasse\.gradle\native\68d5fa5c4cc2d200863cafc0d521ce42e7d3e7ee720ec0a83991735586a16f82\windows-amd64\native-platform.dll
0x00007ffdc3500000 - 0x00007ffdc3644000 	C:\Users\jasse\.gradle\native\e376f236ea51e6404a007f0833ffe2c6e607c4080706a723a18a27aeea778392\windows-amd64\native-platform-file-events.dll
0x00007ffda4730000 - 0x00007ffda4739000 	C:\Program Files\Android\Android Studio\jbr\bin\management.dll
0x00007ffda4720000 - 0x00007ffda472b000 	C:\Program Files\Android\Android Studio\jbr\bin\management_ext.dll
0x00007ffe09c10000 - 0x00007ffe09c18000 	C:\windows\System32\PSAPI.DLL
0x00007ffe07530000 - 0x00007ffe07548000 	C:\windows\SYSTEM32\CRYPTSP.dll
0x00007ffe06bd0000 - 0x00007ffe06c04000 	C:\windows\system32\rsaenh.dll
0x00007ffe08060000 - 0x00007ffe08087000 	C:\windows\System32\bcrypt.dll
0x00007ffe07a40000 - 0x00007ffe07a6e000 	C:\windows\SYSTEM32\USERENV.dll
0x00007ffe07520000 - 0x00007ffe0752c000 	C:\windows\SYSTEM32\CRYPTBASE.dll
0x00007ffe06fd0000 - 0x00007ffe0700b000 	C:\windows\SYSTEM32\IPHLPAPI.DLL
0x00007ffe08ce0000 - 0x00007ffe08ce8000 	C:\windows\System32\NSI.dll
0x00007ffdfed60000 - 0x00007ffdfed77000 	C:\windows\SYSTEM32\dhcpcsvc6.DLL
0x00007ffdfed40000 - 0x00007ffdfed5d000 	C:\windows\SYSTEM32\dhcpcsvc.DLL
0x00007ffe07020000 - 0x00007ffe070ea000 	C:\windows\SYSTEM32\DNSAPI.dll
0x00007ffda4710000 - 0x00007ffda4717000 	C:\windows\system32\wshunix.dll

dbghelp: loaded successfully - version: 4.0.5 - missing functions: none
symbol engine: initialized successfully - sym options: 0x614 - pdb path: .;C:\Program Files\Android\Android Studio\jbr\bin;C:\windows\SYSTEM32;C:\windows\WinSxS\amd64_microsoft.windows.common-controls_6595b64144ccf1df_6.0.19041.3570_none_60bb2a3971f3e41a;C:\Program Files\Android\Android Studio\jbr\bin\server;C:\Users\jasse\.gradle\native\68d5fa5c4cc2d200863cafc0d521ce42e7d3e7ee720ec0a83991735586a16f82\windows-amd64;C:\Users\jasse\.gradle\native\e376f236ea51e6404a007f0833ffe2c6e607c4080706a723a18a27aeea778392\windows-amd64

VM Arguments:
jvm_args: --add-opens=java.base/java.util=ALL-UNNAMED --add-opens=java.base/java.lang=ALL-UNNAMED --add-opens=java.base/java.lang.invoke=ALL-UNNAMED --add-opens=java.prefs/java.util.prefs=ALL-UNNAMED --add-opens=java.base/java.nio.charset=ALL-UNNAMED --add-opens=java.base/java.net=ALL-UNNAMED --add-opens=java.base/java.util.concurrent.atomic=ALL-UNNAMED -Xmx2048m -Dfile.encoding=UTF-8 -Duser.country=FR -Duser.language=fr -Duser.variant 
java_command: org.gradle.launcher.daemon.bootstrap.GradleDaemon 8.0
java_class_path (initial): C:\Users\jasse\.gradle\wrapper\dists\gradle-8.0-bin\ca5e32bp14vu59qr306oxotwh\gradle-8.0\lib\gradle-launcher-8.0.jar
Launcher Type: SUN_STANDARD

[Global flags]
     intx CICompilerCount                          = 4                                         {product} {ergonomic}
     uint ConcGCThreads                            = 2                                         {product} {ergonomic}
     uint G1ConcRefinementThreads                  = 8                                         {product} {ergonomic}
   size_t G1HeapRegionSize                         = 1048576                                   {product} {ergonomic}
    uintx GCDrainStackTargetSize                   = 64                                        {product} {ergonomic}
   size_t InitialHeapSize                          = 132120576                                 {product} {ergonomic}
   size_t MarkStackSize                            = 4194304                                   {product} {ergonomic}
   size_t MaxHeapSize                              = 2147483648                                {product} {command line}
   size_t MaxNewSize                               = 1287651328                                {product} {ergonomic}
   size_t MinHeapDeltaBytes                        = 1048576                                   {product} {ergonomic}
   size_t MinHeapSize                              = 8388608                                   {product} {ergonomic}
    uintx NonNMethodCodeHeapSize                   = 5839372                                {pd product} {ergonomic}
    uintx NonProfiledCodeHeapSize                  = 122909434                              {pd product} {ergonomic}
    uintx ProfiledCodeHeapSize                     = 122909434                              {pd product} {ergonomic}
    uintx ReservedCodeCacheSize                    = 251658240                              {pd product} {ergonomic}
     bool SegmentedCodeCache                       = true                                      {product} {ergonomic}
   size_t SoftMaxHeapSize                          = 2147483648                             {manageable} {ergonomic}
     bool UseCompressedClassPointers               = true                           {product lp64_product} {ergonomic}
     bool UseCompressedOops                        = true                           {product lp64_product} {ergonomic}
     bool UseG1GC                                  = true                                      {product} {ergonomic}
     bool UseLargePagesIndividualAllocation        = false                                  {pd product} {ergonomic}

Logging:
Log output configuration:
 #0: stdout all=warning uptime,level,tags
 #1: stderr all=off uptime,level,tags

Environment Variables:
JAVA_HOME=C:\Program Files\Java\jdk-13.0.2
PATH=C:\Users\jasse\Downloads\php-8.1.17-nts-Win32-vs16-x64;C:\Program Files\Java;C:\Program Files\Java\jdk1.8.0_301;C:\oraclexe\app\oracle\product\11.2.0\server\bin;C:\oraclexe\app\oracle\product\11.2.0\server\bin;C:\oraclexe\app\oracle\product\11.2.0\server\bin;C:\windows\system32;C:\windows;C:\windows\System32\Wbem;C:\windows\System32\WindowsPowerShell\v1.0\;C:\windows\System32\OpenSSH\;C:\Program Files (x86)\NVIDIA Corporation\PhysX\Common;C:\Program Files\NVIDIA Corporation\NVIDIA NvDLISR;C:\instantclient12-2;C:\oraclexe\app\oracle\admin\XE;C:\oraclexe;C:\Program Files\TortoiseGit\bin;C:\xampp\php\Symfony;C:\Program Files\nodejs\;C:\Users\jasse\AppData\Local\Microsoft\WindowsApps;C:\Program Files\CodeBlocks\MinGW\bin;C:\Program Files\CodeBlocks\MinGW\bin;C:\Program Files (x86)\D-Bus\bin;C:\Users\jasse\AppData\Local\Programs\Microsoft VS Code\bin;C:\Users\jasse\Desktop\php;C:\Users\jasse\AppData\Local\GitHubDesktop\bin;C:\Users\jasse\AppData\Local\ComposerSetup\bin;C:\Users\jasse\AppData\Roaming\Composer\vendor\bin;C:\Users\jasse\AppData\Roaming\npm
USERNAME=jasse
OS=Windows_NT
PROCESSOR_IDENTIFIER=Intel64 Family 6 Model 165 Stepping 2, GenuineIntel
TMP=C:\Users\jasse\AppData\Local\Temp
TEMP=C:\Users\jasse\AppData\Local\Temp


JNI global refs:
JNI global refs: 24, weak refs: 0

JNI global refs memory usage: 843, weak refs: 841


---------------  S Y S T E M  ---------------

OS:
 Windows 10 , 64 bit Build 19041 (10.0.19041.3570)
OS uptime: 0 days 0:21 hours

CPU: total 8 (initial active 8) (4 cores per cpu, 2 threads per core) family 6 model 165 stepping 2 microcode 0xf0, cx8, cmov, fxsr, ht, mmx, 3dnowpref, sse, sse2, sse3, ssse3, sse4.1, sse4.2, popcnt, lzcnt, tsc, tscinvbit, avx, avx2, aes, erms, clmul, bmi1, bmi2, adx, fma, vzeroupper, clflush, clflushopt

Memory: 4k page, system-wide physical 7993M (661M free)
TotalPageFile size 10993M (AvailPageFile size 3M)
current process WorkingSet (physical memory assigned to process): 239M, peak: 239M
current process commit charge ("private bytes"): 273M, peak: 274M

vm_info: OpenJDK 64-Bit Server VM (17.0.6+0-b2043.56-10027231) for windows-amd64 JRE (17.0.6+0-b2043.56-10027231), built on Apr 28 2023 00:43:19 by "androidbuild" with MS VC++ 16.10 / 16.11 (VS2019)

END.
