#
# There is insufficient memory for the Java Runtime Environment to continue.
# Native memory allocation (malloc) failed to allocate 1514496 bytes for Chunk::new
# Possible reasons:
#   The system is out of physical RAM or swap space
#   The process is running with CompressedOops enabled, and the Java Heap may be blocking the growth of the native heap
# Possible solutions:
#   Reduce memory load on the system
#   Increase physical memory or swap space
#   Check if swap backing store is full
#   Decrease Java heap size (-Xmx/-Xms)
#   Decrease number of Java threads
#   Decrease Java thread stack sizes (-Xss)
#   Set larger code cache with -XX:ReservedCodeCacheSize=
#   JVM is running with Unscaled Compressed Oops mode in which the Java heap is
#     placed in the first 4GB address space. The Java Heap base address is the
#     maximum limit for the native heap growth. Please use -XX:HeapBaseMinAddress
#     to set the Java Heap base and to place the Java Heap above 4GB virtual address.
# This output file may be truncated or incomplete.
#
#  Out of Memory Error (arena.cpp:189), pid=12100, tid=5776
#
# JRE version: OpenJDK Runtime Environment (17.0.6) (build 17.0.6+0-b2043.56-10027231)
# Java VM: OpenJDK 64-Bit Server VM (17.0.6+0-b2043.56-10027231, mixed mode, tiered, compressed oops, compressed class ptrs, g1 gc, windows-amd64)
# No core dump will be written. Minidumps are not enabled by default on client versions of Windows
#

---------------  S U M M A R Y ------------

Command Line: --add-opens=java.base/java.util=ALL-UNNAMED --add-opens=java.base/java.lang=ALL-UNNAMED --add-opens=java.base/java.lang.invoke=ALL-UNNAMED --add-opens=java.prefs/java.util.prefs=ALL-UNNAMED --add-opens=java.base/java.nio.charset=ALL-UNNAMED --add-opens=java.base/java.net=ALL-UNNAMED --add-opens=java.base/java.util.concurrent.atomic=ALL-UNNAMED -Xmx2048m -Dfile.encoding=UTF-8 -Duser.country=FR -Duser.language=fr -Duser.variant org.gradle.launcher.daemon.bootstrap.GradleDaemon 8.0

Host: Intel(R) Core(TM) i5-10300H CPU @ 2.50GHz, 8 cores, 7G,  Windows 10 , 64 bit Build 19041 (10.0.19041.3570)
Time: Wed Nov 15 14:12:19 2023 Afr. centrale Ouest elapsed time: 4.221753 seconds (0d 0h 0m 4s)

---------------  T H R E A D  ---------------

Current thread (0x000002af7f42f3b0):  JavaThread "C2 CompilerThread0" daemon [_thread_in_native, id=5776, stack(0x000000c208b00000,0x000000c208c00000)]


Current CompileTask:
C2:   4221 2492   !   4       java.net.URLClassLoader$1::run (81 bytes)

Stack: [0x000000c208b00000,0x000000c208c00000]
Native frames: (J=compiled Java code, j=interpreted, Vv=VM code, C=native code)
V  [jvm.dll+0x683c9a]
V  [jvm.dll+0x8427a4]
V  [jvm.dll+0x843f9e]
V  [jvm.dll+0x844603]
V  [jvm.dll+0x249b75]
V  [jvm.dll+0xabcac]
V  [jvm.dll+0xac27c]
V  [jvm.dll+0x368857]
V  [jvm.dll+0x1bd0b8]
V  [jvm.dll+0x21c359]
V  [jvm.dll+0x21b621]
V  [jvm.dll+0x1a4fdd]
V  [jvm.dll+0x22b098]
V  [jvm.dll+0x229159]
V  [jvm.dll+0x7f81ec]
V  [jvm.dll+0x7f274a]
V  [jvm.dll+0x682ad5]
C  [ucrtbase.dll+0x21bb2]
C  [KERNEL32.DLL+0x17344]
C  [ntdll.dll+0x526b1]


---------------  P R O C E S S  ---------------

Threads class SMR info:
_java_thread_list=0x000002af0782a610, length=35, elements={
0x000002af68c88270, 0x000002af7eb03620, 0x000002af7eb051d0, 0x000002af7eaedd00,
0x000002af7eaef6d0, 0x000002af7eaf0730, 0x000002af7f426400, 0x000002af7f42f3b0,
0x000002af7f42fcb0, 0x000002af7f442d80, 0x000002af7f5a58a0, 0x000002af7f5b4440,
0x000002af04e92790, 0x000002af7f7cb4a0, 0x000002af06876550, 0x000002af04ed3470,
0x000002af0529d280, 0x000002af05596350, 0x000002af05598ea0, 0x000002af05599840,
0x000002af05599370, 0x000002af05597690, 0x000002af05595e80, 0x000002af05596cf0,
0x000002af05596820, 0x000002af055971c0, 0x000002af05597b60, 0x000002af05598030,
0x000002af05598500, 0x000002af055989d0, 0x000002af07881d40, 0x000002af0787d9e0,
0x000002af0787f1f0, 0x000002af0787c1d0, 0x000002af0787b830
}

Java Threads: ( => current thread )
  0x000002af68c88270 JavaThread "main" [_thread_blocked, id=12388, stack(0x000000c207e00000,0x000000c207f00000)]
  0x000002af7eb03620 JavaThread "Reference Handler" daemon [_thread_blocked, id=5292, stack(0x000000c208500000,0x000000c208600000)]
  0x000002af7eb051d0 JavaThread "Finalizer" daemon [_thread_blocked, id=16156, stack(0x000000c208600000,0x000000c208700000)]
  0x000002af7eaedd00 JavaThread "Signal Dispatcher" daemon [_thread_blocked, id=11492, stack(0x000000c208700000,0x000000c208800000)]
  0x000002af7eaef6d0 JavaThread "Attach Listener" daemon [_thread_blocked, id=16236, stack(0x000000c208800000,0x000000c208900000)]
  0x000002af7eaf0730 JavaThread "Service Thread" daemon [_thread_blocked, id=18516, stack(0x000000c208900000,0x000000c208a00000)]
  0x000002af7f426400 JavaThread "Monitor Deflation Thread" daemon [_thread_blocked, id=11508, stack(0x000000c208a00000,0x000000c208b00000)]
=>0x000002af7f42f3b0 JavaThread "C2 CompilerThread0" daemon [_thread_in_native, id=5776, stack(0x000000c208b00000,0x000000c208c00000)]
  0x000002af7f42fcb0 JavaThread "C1 CompilerThread0" daemon [_thread_blocked, id=8432, stack(0x000000c208c00000,0x000000c208d00000)]
  0x000002af7f442d80 JavaThread "Sweeper thread" daemon [_thread_blocked, id=10044, stack(0x000000c208d00000,0x000000c208e00000)]
  0x000002af7f5a58a0 JavaThread "Common-Cleaner" daemon [_thread_blocked, id=9592, stack(0x000000c208e00000,0x000000c208f00000)]
  0x000002af7f5b4440 JavaThread "Notification Thread" daemon [_thread_blocked, id=5600, stack(0x000000c208f00000,0x000000c209000000)]
  0x000002af04e92790 JavaThread "Daemon health stats" [_thread_blocked, id=3332, stack(0x000000c209600000,0x000000c209700000)]
  0x000002af7f7cb4a0 JavaThread "Incoming local TCP Connector on port 50618" [_thread_in_native, id=15312, stack(0x000000c209100000,0x000000c209200000)]
  0x000002af06876550 JavaThread "Daemon periodic checks" [_thread_blocked, id=12284, stack(0x000000c209700000,0x000000c209800000)]
  0x000002af04ed3470 JavaThread "Daemon" [_thread_blocked, id=5444, stack(0x000000c209800000,0x000000c209900000)]
  0x000002af0529d280 JavaThread "Handler for socket connection from /127.0.0.1:50618 to /127.0.0.1:50619" [_thread_in_native, id=6316, stack(0x000000c209900000,0x000000c209a00000)]
  0x000002af05596350 JavaThread "Cancel handler" [_thread_blocked, id=6088, stack(0x000000c209a00000,0x000000c209b00000)]
  0x000002af05598ea0 JavaThread "Daemon worker" [_thread_in_vm, id=14308, stack(0x000000c209b00000,0x000000c209c00000)]
  0x000002af05599840 JavaThread "Asynchronous log dispatcher for DefaultDaemonConnection: socket connection from /127.0.0.1:50618 to /127.0.0.1:50619" [_thread_blocked, id=9572, stack(0x000000c209c00000,0x000000c209d00000)]
  0x000002af05599370 JavaThread "Stdin handler" [_thread_blocked, id=20120, stack(0x000000c209d00000,0x000000c209e00000)]
  0x000002af05597690 JavaThread "Daemon client event forwarder" [_thread_blocked, id=9536, stack(0x000000c209e00000,0x000000c209f00000)]
  0x000002af05595e80 JavaThread "Cache worker for journal cache (C:\Users\jasse\.gradle\caches\journal-1)" [_thread_blocked, id=18560, stack(0x000000c20a300000,0x000000c20a400000)]
  0x000002af05596cf0 JavaThread "File lock request listener" [_thread_in_native, id=6604, stack(0x000000c20a400000,0x000000c20a500000)]
  0x000002af05596820 JavaThread "Cache worker for file hash cache (C:\Users\jasse\.gradle\caches\8.0\fileHashes)" [_thread_blocked, id=14700, stack(0x000000c20a500000,0x000000c20a600000)]
  0x000002af055971c0 JavaThread "File watcher server" daemon [_thread_in_native, id=11772, stack(0x000000c20a600000,0x000000c20a700000)]
  0x000002af05597b60 JavaThread "File watcher consumer" daemon [_thread_blocked, id=10232, stack(0x000000c20a700000,0x000000c20a800000)]
  0x000002af05598030 JavaThread "Cache worker for checksums cache (C:\Users\jasse\AndroidStudioProjects\front\.gradle\8.0\checksums)" [_thread_blocked, id=7900, stack(0x000000c20a800000,0x000000c20a900000)]
  0x000002af05598500 JavaThread "Cache worker for cache directory md-rule (C:\Users\jasse\.gradle\caches\8.0\md-rule)" [_thread_blocked, id=19108, stack(0x000000c20a900000,0x000000c20aa00000)]
  0x000002af055989d0 JavaThread "Cache worker for file content cache (C:\Users\jasse\.gradle\caches\8.0\fileContent)" [_thread_blocked, id=7716, stack(0x000000c20aa00000,0x000000c20ab00000)]
  0x000002af07881d40 JavaThread "Cache worker for file hash cache (C:\Users\jasse\AndroidStudioProjects\front\.gradle\8.0\fileHashes)" [_thread_blocked, id=20876, stack(0x000000c20ab00000,0x000000c20ac00000)]
  0x000002af0787d9e0 JavaThread "Cache worker for cache directory md-supplier (C:\Users\jasse\.gradle\caches\8.0\md-supplier)" [_thread_blocked, id=7620, stack(0x000000c20ac00000,0x000000c20ad00000)]
  0x000002af0787f1f0 JavaThread "Cache worker for execution history cache (C:\Users\jasse\.gradle\caches\8.0\executionHistory)" [_thread_blocked, id=7148, stack(0x000000c20ad00000,0x000000c20ae00000)]
  0x000002af0787c1d0 JavaThread "jar transforms" [_thread_blocked, id=6348, stack(0x000000c20ae00000,0x000000c20af00000)]
  0x000002af0787b830 JavaThread "jar transforms Thread 2" [_thread_blocked, id=9136, stack(0x000000c20af00000,0x000000c20b000000)]

Other Threads:
  0x000002af7ea82eb0 VMThread "VM Thread" [stack: 0x000000c208400000,0x000000c208500000] [id=17952]
  0x000002af7f5a6180 WatcherThread [stack: 0x000000c209000000,0x000000c209100000] [id=6936]
  0x000002af68ce8530 GCTaskThread "GC Thread#0" [stack: 0x000000c207f00000,0x000000c208000000] [id=22328]
  0x000002af04c78d80 GCTaskThread "GC Thread#1" [stack: 0x000000c209200000,0x000000c209300000] [id=9432]
  0x000002af04c55c30 GCTaskThread "GC Thread#2" [stack: 0x000000c209300000,0x000000c209400000] [id=6080]
  0x000002af04bfaca0 GCTaskThread "GC Thread#3" [stack: 0x000000c209400000,0x000000c209500000] [id=5240]
  0x000002af05746c40 GCTaskThread "GC Thread#4" [stack: 0x000000c209500000,0x000000c209600000] [id=18708]
  0x000002af06b878a0 GCTaskThread "GC Thread#5" [stack: 0x000000c209f00000,0x000000c20a000000] [id=14448]
  0x000002af05277c80 GCTaskThread "GC Thread#6" [stack: 0x000000c20a000000,0x000000c20a100000] [id=17372]
  0x000002af06973bc0 GCTaskThread "GC Thread#7" [stack: 0x000000c20a100000,0x000000c20a200000] [id=3300]
  0x000002af68cf9380 ConcurrentGCThread "G1 Main Marker" [stack: 0x000000c208000000,0x000000c208100000] [id=20368]
  0x000002af68cfa440 ConcurrentGCThread "G1 Conc#0" [stack: 0x000000c208100000,0x000000c208200000] [id=18476]
  0x000002af060c6690 ConcurrentGCThread "G1 Conc#1" [stack: 0x000000c20a200000,0x000000c20a300000] [id=14456]
  0x000002af68d5e310 ConcurrentGCThread "G1 Refine#0" [stack: 0x000000c208200000,0x000000c208300000] [id=8476]
  0x000002af052d67c0 ConcurrentGCThread "G1 Refine#1" [stack: 0x000000c20b000000,0x000000c20b100000] [id=6336]
  0x000002af68d5ec40 ConcurrentGCThread "G1 Service" [stack: 0x000000c208300000,0x000000c208400000] [id=5832]

Threads with active compile tasks:
C2 CompilerThread0     4254 2492   !   4       java.net.URLClassLoader$1::run (81 bytes)

VM state: not at safepoint (normal execution)

VM Mutex/Monitor currently owned by a thread: None

Heap address: 0x0000000080000000, size: 2048 MB, Compressed Oops mode: 32-bit

CDS archive(s) not mapped
Compressed class space mapped at: 0x0000000100000000-0x0000000140000000, reserved size: 1073741824
Narrow klass base: 0x0000000000000000, Narrow klass shift: 3, Narrow klass range: 0x140000000

GC Precious Log:
 CPUs: 8 total, 8 available
 Memory: 7993M
 Large Page Support: Disabled
 NUMA Support: Disabled
 Compressed Oops: Enabled (32-bit)
 Heap Region Size: 1M
 Heap Min Capacity: 8M
 Heap Initial Capacity: 126M
 Heap Max Capacity: 2G
 Pre-touch: Disabled
 Parallel Workers: 8
 Concurrent Workers: 2
 Concurrent Refinement Workers: 8
 Periodic GC: Disabled

Heap:
 garbage-first heap   total 68608K, used 31150K [0x0000000080000000, 0x0000000100000000)
  region size 1024K, 10 young (10240K), 3 survivors (3072K)
 Metaspace       used 38580K, committed 38912K, reserved 1089536K
  class space    used 5168K, committed 5312K, reserved 1048576K

Heap Regions: E=young(eden), S=young(survivor), O=old, HS=humongous(starts), HC=humongous(continues), CS=collection set, F=free, OA=open archive, CA=closed archive, TAMS=top-at-mark-start (previous, next)
|   0|0x0000000080000000, 0x0000000080100000, 0x0000000080100000|100%|HS|  |TAMS 0x0000000080100000, 0x0000000080000000| Complete 
|   1|0x0000000080100000, 0x0000000080200000, 0x0000000080200000|100%|HC|  |TAMS 0x0000000080200000, 0x0000000080100000| Complete 
|   2|0x0000000080200000, 0x0000000080300000, 0x0000000080300000|100%|HC|  |TAMS 0x0000000080300000, 0x0000000080200000| Complete 
|   3|0x0000000080300000, 0x0000000080400000, 0x0000000080400000|100%|HC|  |TAMS 0x0000000080400000, 0x0000000080300000| Complete 
|   4|0x0000000080400000, 0x0000000080500000, 0x0000000080500000|100%| O|  |TAMS 0x0000000080500000, 0x0000000080400000| Untracked 
|   5|0x0000000080500000, 0x0000000080600000, 0x0000000080600000|100%| O|  |TAMS 0x0000000080600000, 0x0000000080500000| Untracked 
|   6|0x0000000080600000, 0x0000000080700000, 0x0000000080700000|100%| O|  |TAMS 0x0000000080700000, 0x0000000080600000| Untracked 
|   7|0x0000000080700000, 0x0000000080800000, 0x0000000080800000|100%| O|  |TAMS 0x0000000080800000, 0x0000000080700000| Untracked 
|   8|0x0000000080800000, 0x0000000080900000, 0x0000000080900000|100%| O|  |TAMS 0x0000000080900000, 0x0000000080800000| Untracked 
|   9|0x0000000080900000, 0x0000000080a00000, 0x0000000080a00000|100%| O|  |TAMS 0x0000000080a00000, 0x0000000080900000| Untracked 
|  10|0x0000000080a00000, 0x0000000080b00000, 0x0000000080b00000|100%| O|  |TAMS 0x0000000080b00000, 0x0000000080a00000| Untracked 
|  11|0x0000000080b00000, 0x0000000080b80200, 0x0000000080c00000| 50%| O|  |TAMS 0x0000000080b80200, 0x0000000080b00000| Untracked 
|  12|0x0000000080c00000, 0x0000000080d00000, 0x0000000080d00000|100%| O|  |TAMS 0x0000000080d00000, 0x0000000080c00000| Untracked 
|  13|0x0000000080d00000, 0x0000000080e00000, 0x0000000080e00000|100%| O|  |TAMS 0x0000000080e00000, 0x0000000080d00000| Untracked 
|  14|0x0000000080e00000, 0x0000000080f00000, 0x0000000080f00000|100%| O|  |TAMS 0x0000000080f00000, 0x0000000080e00000| Untracked 
|  15|0x0000000080f00000, 0x0000000081000000, 0x0000000081000000|100%| O|  |TAMS 0x0000000081000000, 0x0000000080f00000| Untracked 
|  16|0x0000000081000000, 0x0000000081100000, 0x0000000081100000|100%| O|  |TAMS 0x0000000081100000, 0x0000000081000000| Untracked 
|  17|0x0000000081100000, 0x0000000081200000, 0x0000000081200000|100%| O|  |TAMS 0x0000000081200000, 0x0000000081100000| Untracked 
|  18|0x0000000081200000, 0x0000000081300000, 0x0000000081300000|100%| O|  |TAMS 0x0000000081300000, 0x0000000081200000| Untracked 
|  19|0x0000000081300000, 0x0000000081400000, 0x0000000081400000|100%| O|  |TAMS 0x0000000081400000, 0x0000000081300000| Untracked 
|  20|0x0000000081400000, 0x0000000081500000, 0x0000000081500000|100%| O|  |TAMS 0x0000000081500000, 0x0000000081400000| Untracked 
|  21|0x0000000081500000, 0x0000000081600000, 0x0000000081600000|100%| O|  |TAMS 0x0000000081508e00, 0x0000000081500000| Untracked 
|  22|0x0000000081600000, 0x0000000081676a00, 0x0000000081700000| 46%| O|  |TAMS 0x0000000081600000, 0x0000000081600000| Untracked 
|  23|0x0000000081700000, 0x0000000081700000, 0x0000000081800000|  0%| F|  |TAMS 0x0000000081700000, 0x0000000081700000| Untracked 
|  24|0x0000000081800000, 0x0000000081800000, 0x0000000081900000|  0%| F|  |TAMS 0x0000000081800000, 0x0000000081800000| Untracked 
|  25|0x0000000081900000, 0x0000000081900000, 0x0000000081a00000|  0%| F|  |TAMS 0x0000000081900000, 0x0000000081900000| Untracked 
|  26|0x0000000081a00000, 0x0000000081a00000, 0x0000000081b00000|  0%| F|  |TAMS 0x0000000081a00000, 0x0000000081a00000| Untracked 
|  27|0x0000000081b00000, 0x0000000081b00000, 0x0000000081c00000|  0%| F|  |TAMS 0x0000000081b00000, 0x0000000081b00000| Untracked 
|  28|0x0000000081c00000, 0x0000000081c00000, 0x0000000081d00000|  0%| F|  |TAMS 0x0000000081c00000, 0x0000000081c00000| Untracked 
|  29|0x0000000081d00000, 0x0000000081d00000, 0x0000000081e00000|  0%| F|  |TAMS 0x0000000081d00000, 0x0000000081d00000| Untracked 
|  30|0x0000000081e00000, 0x0000000081e00000, 0x0000000081f00000|  0%| F|  |TAMS 0x0000000081e00000, 0x0000000081e00000| Untracked 
|  31|0x0000000081f00000, 0x0000000081f00000, 0x0000000082000000|  0%| F|  |TAMS 0x0000000081f00000, 0x0000000081f00000| Untracked 
|  32|0x0000000082000000, 0x0000000082000000, 0x0000000082100000|  0%| F|  |TAMS 0x0000000082000000, 0x0000000082000000| Untracked 
|  33|0x0000000082100000, 0x0000000082100000, 0x0000000082200000|  0%| F|  |TAMS 0x0000000082100000, 0x0000000082100000| Untracked 
|  34|0x0000000082200000, 0x0000000082200000, 0x0000000082300000|  0%| F|  |TAMS 0x0000000082200000, 0x0000000082200000| Untracked 
|  35|0x0000000082300000, 0x0000000082300000, 0x0000000082400000|  0%| F|  |TAMS 0x0000000082300000, 0x0000000082300000| Untracked 
|  36|0x0000000082400000, 0x0000000082400000, 0x0000000082500000|  0%| F|  |TAMS 0x0000000082400000, 0x0000000082400000| Untracked 
|  37|0x0000000082500000, 0x0000000082500000, 0x0000000082600000|  0%| F|  |TAMS 0x0000000082500000, 0x0000000082500000| Untracked 
|  38|0x0000000082600000, 0x0000000082600000, 0x0000000082700000|  0%| F|  |TAMS 0x0000000082600000, 0x0000000082600000| Untracked 
|  39|0x0000000082700000, 0x0000000082700000, 0x0000000082800000|  0%| F|  |TAMS 0x0000000082700000, 0x0000000082700000| Untracked 
|  40|0x0000000082800000, 0x0000000082800000, 0x0000000082900000|  0%| F|  |TAMS 0x0000000082800000, 0x0000000082800000| Untracked 
|  41|0x0000000082900000, 0x0000000082900000, 0x0000000082a00000|  0%| F|  |TAMS 0x0000000082900000, 0x0000000082900000| Untracked 
|  42|0x0000000082a00000, 0x0000000082a00000, 0x0000000082b00000|  0%| F|  |TAMS 0x0000000082a00000, 0x0000000082a00000| Untracked 
|  43|0x0000000082b00000, 0x0000000082b00000, 0x0000000082c00000|  0%| F|  |TAMS 0x0000000082b00000, 0x0000000082b00000| Untracked 
|  44|0x0000000082c00000, 0x0000000082c00000, 0x0000000082d00000|  0%| F|  |TAMS 0x0000000082c00000, 0x0000000082c00000| Untracked 
|  45|0x0000000082d00000, 0x0000000082d00000, 0x0000000082e00000|  0%| F|  |TAMS 0x0000000082d00000, 0x0000000082d00000| Untracked 
|  46|0x0000000082e00000, 0x0000000082e00000, 0x0000000082f00000|  0%| F|  |TAMS 0x0000000082e00000, 0x0000000082e00000| Untracked 
|  47|0x0000000082f00000, 0x0000000082f00000, 0x0000000083000000|  0%| F|  |TAMS 0x0000000082f00000, 0x0000000082f00000| Untracked 
|  48|0x0000000083000000, 0x0000000083000000, 0x0000000083100000|  0%| F|  |TAMS 0x0000000083000000, 0x0000000083000000| Untracked 
|  49|0x0000000083100000, 0x0000000083100000, 0x0000000083200000|  0%| F|  |TAMS 0x0000000083100000, 0x0000000083100000| Untracked 
|  50|0x0000000083200000, 0x0000000083200000, 0x0000000083300000|  0%| F|  |TAMS 0x0000000083200000, 0x0000000083200000| Untracked 
|  51|0x0000000083300000, 0x0000000083300000, 0x0000000083400000|  0%| F|  |TAMS 0x0000000083300000, 0x0000000083300000| Untracked 
|  52|0x0000000083400000, 0x0000000083400000, 0x0000000083500000|  0%| F|  |TAMS 0x0000000083400000, 0x0000000083400000| Untracked 
|  53|0x0000000083500000, 0x0000000083500000, 0x0000000083600000|  0%| F|  |TAMS 0x0000000083500000, 0x0000000083500000| Untracked 
|  54|0x0000000083600000, 0x0000000083600000, 0x0000000083700000|  0%| F|  |TAMS 0x0000000083600000, 0x0000000083600000| Untracked 
|  55|0x0000000083700000, 0x0000000083700000, 0x0000000083800000|  0%| F|  |TAMS 0x0000000083700000, 0x0000000083700000| Untracked 
|  56|0x0000000083800000, 0x0000000083800000, 0x0000000083900000|  0%| F|  |TAMS 0x0000000083800000, 0x0000000083800000| Untracked 
|  57|0x0000000083900000, 0x0000000083974d38, 0x0000000083a00000| 45%| S|CS|TAMS 0x0000000083900000, 0x0000000083900000| Complete 
|  76|0x0000000084c00000, 0x0000000084d00000, 0x0000000084d00000|100%| S|CS|TAMS 0x0000000084c00000, 0x0000000084c00000| Complete 
|  77|0x0000000084d00000, 0x0000000084e00000, 0x0000000084e00000|100%| S|CS|TAMS 0x0000000084d00000, 0x0000000084d00000| Complete 
|  78|0x0000000084e00000, 0x0000000084ed1de8, 0x0000000084f00000| 81%| E|  |TAMS 0x0000000084e00000, 0x0000000084e00000| Complete 
|  79|0x0000000084f00000, 0x0000000085000000, 0x0000000085000000|100%| E|CS|TAMS 0x0000000084f00000, 0x0000000084f00000| Complete 
|  80|0x0000000085000000, 0x0000000085100000, 0x0000000085100000|100%| E|CS|TAMS 0x0000000085000000, 0x0000000085000000| Complete 
|  81|0x0000000085100000, 0x0000000085200000, 0x0000000085200000|100%| E|CS|TAMS 0x0000000085100000, 0x0000000085100000| Complete 
|  82|0x0000000085200000, 0x0000000085300000, 0x0000000085300000|100%| E|CS|TAMS 0x0000000085200000, 0x0000000085200000| Complete 
|  83|0x0000000085300000, 0x0000000085400000, 0x0000000085400000|100%| E|CS|TAMS 0x0000000085300000, 0x0000000085300000| Complete 
| 125|0x0000000087d00000, 0x0000000087e00000, 0x0000000087e00000|100%| E|CS|TAMS 0x0000000087d00000, 0x0000000087d00000| Complete 

Card table byte_map: [0x000002af7b890000,0x000002af7bc90000] _byte_map_base: 0x000002af7b490000

Marking Bits (Prev, Next): (CMBitMap*) 0x000002af68ce8a50, (CMBitMap*) 0x000002af68ce8a90
 Prev Bits: [0x000002af7c090000, 0x000002af7e090000)
 Next Bits: [0x000002af00000000, 0x000002af02000000)

Polling page: 0x000002af66c80000

Metaspace:

Usage:
  Non-class:     32.65 MB used.
      Class:      5.05 MB used.
       Both:     37.70 MB used.

Virtual space:
  Non-class space:       40.00 MB reserved,      32.88 MB ( 82%) committed,  5 nodes.
      Class space:        1.00 GB reserved,       5.19 MB ( <1%) committed,  1 nodes.
             Both:        1.04 GB reserved,      38.06 MB (  4%) committed. 

Chunk freelists:
   Non-Class:  2.67 MB
       Class:  2.62 MB
        Both:  5.30 MB

MaxMetaspaceSize: unlimited
CompressedClassSpaceSize: 1.00 GB
Initial GC threshold: 21.00 MB
Current GC threshold: 58.69 MB
CDS: off
MetaspaceReclaimPolicy: balanced
 - commit_granule_bytes: 65536.
 - commit_granule_words: 8192.
 - virtual_space_node_default_size: 1048576.
 - enlarge_chunks_in_place: 1.
 - new_chunks_are_fully_committed: 0.
 - uncommit_free_chunks: 1.
 - use_allocation_guard: 0.
 - handle_deallocations: 1.


Internal statistics:

num_allocs_failed_limit: 6.
num_arena_births: 300.
num_arena_deaths: 0.
num_vsnodes_births: 6.
num_vsnodes_deaths: 0.
num_space_committed: 609.
num_space_uncommitted: 0.
num_chunks_returned_to_freelist: 6.
num_chunks_taken_from_freelist: 1361.
num_chunk_merges: 6.
num_chunk_splits: 902.
num_chunks_enlarged: 645.
num_purges: 0.
num_inconsistent_stats: 0.

CodeHeap 'non-profiled nmethods': size=120000Kb used=1476Kb max_used=1476Kb free=118523Kb
 bounds [0x000002af73c30000, 0x000002af73ea0000, 0x000002af7b160000]
CodeHeap 'profiled nmethods': size=120000Kb used=6303Kb max_used=6303Kb free=113696Kb
 bounds [0x000002af6c160000, 0x000002af6c790000, 0x000002af73690000]
CodeHeap 'non-nmethods': size=5760Kb used=1239Kb max_used=1300Kb free=4520Kb
 bounds [0x000002af73690000, 0x000002af73900000, 0x000002af73c30000]
 total_blobs=3596 nmethods=3047 adapters=461
 compilation: enabled
              stopped_count=0, restarted_count=0
 full_count=0

Compilation events (20 events):
Event: 4.194 Thread 0x000002af7f42fcb0 3027       2       java.util.Optional::<init> (10 bytes)
Event: 4.194 Thread 0x000002af7f42fcb0 nmethod 3027 0x000002af6c779610 code [0x000002af6c7797a0, 0x000002af6c7798f8]
Event: 4.194 Thread 0x000002af7f42fcb0 3028       2       jdk.internal.jimage.ImageBufferCache::getCapacity (21 bytes)
Event: 4.194 Thread 0x000002af7f42fcb0 nmethod 3028 0x000002af6c779990 code [0x000002af6c779b40, 0x000002af6c779ca8]
Event: 4.194 Thread 0x000002af7f42fcb0 3029       1       jdk.internal.jimage.decompressor.CompressedResourceHeader::getSize (3 bytes)
Event: 4.194 Thread 0x000002af7f42fcb0 nmethod 3029 0x000002af73d9f210 code [0x000002af73d9f3a0, 0x000002af73d9f458]
Event: 4.194 Thread 0x000002af7f42fcb0 3030       2       java.lang.PublicMethods::toArray (76 bytes)
Event: 4.195 Thread 0x000002af7f42fcb0 nmethod 3030 0x000002af6c779d90 code [0x000002af6c779f80, 0x000002af6c77a3b8]
Event: 4.195 Thread 0x000002af7f42fcb0 3031       2       java.util.Spliterators$ArraySpliterator::forEachRemaining (68 bytes)
Event: 4.195 Thread 0x000002af7f42fcb0 nmethod 3031 0x000002af6c77a590 code [0x000002af6c77a740, 0x000002af6c77aa18]
Event: 4.196 Thread 0x000002af7f42fcb0 3032       2       java.lang.Throwable::<init> (34 bytes)
Event: 4.196 Thread 0x000002af7f42fcb0 nmethod 3032 0x000002af6c77ab90 code [0x000002af6c77ad40, 0x000002af6c77b008]
Event: 4.196 Thread 0x000002af7f42fcb0 3034       2       sun.nio.fs.WindowsPath::checkRead (17 bytes)
Event: 4.196 Thread 0x000002af7f42fcb0 nmethod 3034 0x000002af6c77b090 code [0x000002af6c77b220, 0x000002af6c77b368]
Event: 4.196 Thread 0x000002af7f42fcb0 3033       1       java.net.JarURLConnection::getJarFileURL (5 bytes)
Event: 4.196 Thread 0x000002af7f42fcb0 nmethod 3033 0x000002af73d9f510 code [0x000002af73d9f6a0, 0x000002af73d9f778]
Event: 4.212 Thread 0x000002af7f42fcb0 3035       2       org.codehaus.groovy.vmplugin.v9.Java9::checkCanSetAccessible (137 bytes)
Event: 4.213 Thread 0x000002af7f42fcb0 nmethod 3035 0x000002af6c77b490 code [0x000002af6c77b700, 0x000002af6c77bdd8]
Event: 4.215 Thread 0x000002af7f42fcb0 3036       2       java.util.stream.ReduceOps$3ReducingSink::accept (15 bytes)
Event: 4.215 Thread 0x000002af7f42fcb0 nmethod 3036 0x000002af6c77c190 code [0x000002af6c77c320, 0x000002af6c77c448]

GC Heap History (14 events):
Event: 1.046 GC heap before
{Heap before GC invocations=0 (full 0):
 garbage-first heap   total 129024K, used 26624K [0x0000000080000000, 0x0000000100000000)
  region size 1024K, 23 young (23552K), 0 survivors (0K)
 Metaspace       used 10263K, committed 10432K, reserved 1064960K
  class space    used 1058K, committed 1152K, reserved 1048576K
}
Event: 1.052 GC heap after
{Heap after GC invocations=1 (full 0):
 garbage-first heap   total 129024K, used 10459K [0x0000000080000000, 0x0000000100000000)
  region size 1024K, 3 young (3072K), 3 survivors (3072K)
 Metaspace       used 10263K, committed 10432K, reserved 1064960K
  class space    used 1058K, committed 1152K, reserved 1048576K
}
Event: 1.483 GC heap before
{Heap before GC invocations=1 (full 0):
 garbage-first heap   total 129024K, used 39131K [0x0000000080000000, 0x0000000100000000)
  region size 1024K, 31 young (31744K), 3 survivors (3072K)
 Metaspace       used 11198K, committed 11456K, reserved 1064960K
  class space    used 1162K, committed 1280K, reserved 1048576K
}
Event: 1.488 GC heap after
{Heap after GC invocations=2 (full 0):
 garbage-first heap   total 129024K, used 14848K [0x0000000080000000, 0x0000000100000000)
  region size 1024K, 4 young (4096K), 4 survivors (4096K)
 Metaspace       used 11198K, committed 11456K, reserved 1064960K
  class space    used 1162K, committed 1280K, reserved 1048576K
}
Event: 2.592 GC heap before
{Heap before GC invocations=2 (full 0):
 garbage-first heap   total 129024K, used 52736K [0x0000000080000000, 0x0000000100000000)
  region size 1024K, 42 young (43008K), 4 survivors (4096K)
 Metaspace       used 21179K, committed 21504K, reserved 1073152K
  class space    used 2568K, committed 2752K, reserved 1048576K
}
Event: 2.600 GC heap after
{Heap after GC invocations=3 (full 0):
 garbage-first heap   total 129024K, used 18944K [0x0000000080000000, 0x0000000100000000)
  region size 1024K, 8 young (8192K), 8 survivors (8192K)
 Metaspace       used 21179K, committed 21504K, reserved 1073152K
  class space    used 2568K, committed 2752K, reserved 1048576K
}
Event: 3.111 GC heap before
{Heap before GC invocations=4 (full 0):
 garbage-first heap   total 68608K, used 50688K [0x0000000080000000, 0x0000000100000000)
  region size 1024K, 40 young (40960K), 8 survivors (8192K)
 Metaspace       used 26156K, committed 26496K, reserved 1073152K
  class space    used 3438K, committed 3584K, reserved 1048576K
}
Event: 3.117 GC heap after
{Heap after GC invocations=5 (full 0):
 garbage-first heap   total 68608K, used 21477K [0x0000000080000000, 0x0000000100000000)
  region size 1024K, 3 young (3072K), 3 survivors (3072K)
 Metaspace       used 26156K, committed 26496K, reserved 1073152K
  class space    used 3438K, committed 3584K, reserved 1048576K
}
Event: 3.498 GC heap before
{Heap before GC invocations=5 (full 0):
 garbage-first heap   total 68608K, used 46053K [0x0000000080000000, 0x0000000100000000)
  region size 1024K, 28 young (28672K), 3 survivors (3072K)
 Metaspace       used 30107K, committed 30400K, reserved 1081344K
  class space    used 4091K, committed 4224K, reserved 1048576K
}
Event: 3.501 GC heap after
{Heap after GC invocations=6 (full 0):
 garbage-first heap   total 68608K, used 22575K [0x0000000080000000, 0x0000000100000000)
  region size 1024K, 4 young (4096K), 4 survivors (4096K)
 Metaspace       used 30107K, committed 30400K, reserved 1081344K
  class space    used 4091K, committed 4224K, reserved 1048576K
}
Event: 3.984 GC heap before
{Heap before GC invocations=6 (full 0):
 garbage-first heap   total 68608K, used 48175K [0x0000000080000000, 0x0000000100000000)
  region size 1024K, 29 young (29696K), 4 survivors (4096K)
 Metaspace       used 34270K, committed 34624K, reserved 1081344K
  class space    used 4733K, committed 4928K, reserved 1048576K
}
Event: 3.988 GC heap after
{Heap after GC invocations=7 (full 0):
 garbage-first heap   total 68608K, used 23951K [0x0000000080000000, 0x0000000100000000)
  region size 1024K, 3 young (3072K), 3 survivors (3072K)
 Metaspace       used 34270K, committed 34624K, reserved 1081344K
  class space    used 4733K, committed 4928K, reserved 1048576K
}
Event: 4.106 GC heap before
{Heap before GC invocations=7 (full 0):
 garbage-first heap   total 68608K, used 29071K [0x0000000080000000, 0x0000000100000000)
  region size 1024K, 10 young (10240K), 3 survivors (3072K)
 Metaspace       used 35637K, committed 35968K, reserved 1081344K
  class space    used 4880K, committed 5056K, reserved 1048576K
}
Event: 4.109 GC heap after
{Heap after GC invocations=8 (full 0):
 garbage-first heap   total 68608K, used 25006K [0x0000000080000000, 0x0000000100000000)
  region size 1024K, 3 young (3072K), 3 survivors (3072K)
 Metaspace       used 35637K, committed 35968K, reserved 1081344K
  class space    used 4880K, committed 5056K, reserved 1048576K
}

Dll operation events (2 events):
Event: 0.009 Loaded shared library C:\Program Files\Android\Android Studio\jbr\bin\java.dll
Event: 0.525 Loaded shared library C:\Program Files\Android\Android Studio\jbr\bin\verify.dll

Deoptimization events (20 events):
Event: 3.513 Thread 0x000002af05598ea0 Uncommon trap: trap_request=0xffffff45 fr.pc=0x000002af73c7eea0 relative=0x00000000000005e0
Event: 3.513 Thread 0x000002af05598ea0 Uncommon trap: reason=unstable_if action=reinterpret pc=0x000002af73c7eea0 method=java.util.HashMap.hash(Ljava/lang/Object;)I @ 1 c2
Event: 3.513 Thread 0x000002af05598ea0 DEOPT PACKING pc=0x000002af73c7eea0 sp=0x000000c209bf79e0
Event: 3.513 Thread 0x000002af05598ea0 DEOPT UNPACKING pc=0x000002af736e69a3 sp=0x000000c209bf7888 mode 2
Event: 3.961 Thread 0x000002af05598ea0 Uncommon trap: trap_request=0xffffff45 fr.pc=0x000002af73d75ee0 relative=0x0000000000005e80
Event: 3.961 Thread 0x000002af05598ea0 Uncommon trap: reason=unstable_if action=reinterpret pc=0x000002af73d75ee0 method=java.net.URLClassLoader.defineClass(Ljava/lang/String;Ljdk/internal/loader/Resource;)Ljava/lang/Class; @ 21 c2
Event: 3.961 Thread 0x000002af05598ea0 DEOPT PACKING pc=0x000002af73d75ee0 sp=0x000000c209bfa4c0
Event: 3.961 Thread 0x000002af05598ea0 DEOPT UNPACKING pc=0x000002af736e69a3 sp=0x000000c209bfa2c0 mode 2
Event: 3.962 Thread 0x000002af05598ea0 Uncommon trap: trap_request=0xffffff45 fr.pc=0x000002af73d54440 relative=0x0000000000004e00
Event: 3.962 Thread 0x000002af05598ea0 Uncommon trap: reason=unstable_if action=reinterpret pc=0x000002af73d54440 method=java.lang.ClassLoader.getClassLoadingLock(Ljava/lang/String;)Ljava/lang/Object; @ 6 c2
Event: 3.962 Thread 0x000002af05598ea0 DEOPT PACKING pc=0x000002af73d54440 sp=0x000000c209bf88f0
Event: 3.962 Thread 0x000002af05598ea0 DEOPT UNPACKING pc=0x000002af736e69a3 sp=0x000000c209bf88d0 mode 2
Event: 3.964 Thread 0x000002af05598ea0 Uncommon trap: trap_request=0xffffff45 fr.pc=0x000002af73d1fa8c relative=0x00000000000000ec
Event: 3.964 Thread 0x000002af05598ea0 Uncommon trap: reason=unstable_if action=reinterpret pc=0x000002af73d1fa8c method=java.lang.ClassLoader.getClassLoadingLock(Ljava/lang/String;)Ljava/lang/Object; @ 6 c2
Event: 3.964 Thread 0x000002af05598ea0 DEOPT PACKING pc=0x000002af73d1fa8c sp=0x000000c209bf8b70
Event: 3.964 Thread 0x000002af05598ea0 DEOPT UNPACKING pc=0x000002af736e69a3 sp=0x000000c209bf8b10 mode 2
Event: 3.964 Thread 0x000002af05598ea0 Uncommon trap: trap_request=0xffffff45 fr.pc=0x000002af73d67a94 relative=0x0000000000000754
Event: 3.964 Thread 0x000002af05598ea0 Uncommon trap: reason=unstable_if action=reinterpret pc=0x000002af73d67a94 method=java.lang.Class.getPackageName()Ljava/lang/String; @ 55 c2
Event: 3.964 Thread 0x000002af05598ea0 DEOPT PACKING pc=0x000002af73d67a94 sp=0x000000c209bfa090
Event: 3.964 Thread 0x000002af05598ea0 DEOPT UNPACKING pc=0x000002af736e69a3 sp=0x000000c209bfa050 mode 2

Classes unloaded (0 events):
No events

Classes redefined (0 events):
No events

Internal exceptions (20 events):
Event: 3.588 Thread 0x000002af05598ea0 Exception <a 'java/lang/NoSuchMethodError'{0x000000008511e2f0}: 'java.lang.Object java.lang.invoke.Invokers$Holder.linkToTargetMethod(java.lang.Object, java.lang.Object, java.lang.Object, java.lang.Object, java.lang.Object, java.lang.Object, java.lang.Object, java.lang.Object, java.lang.Object, java.lang.Object, java.lang.Object)'> (0x000000008511e2f0) 
thrown [s\src\hotspot\share\interpreter\linkResolver.cpp, line 771]
Event: 3.593 Thread 0x000002af05598ea0 Exception <a 'java/lang/NoSuchMethodError'{0x0000000085168dc0}: 'java.lang.Object java.lang.invoke.DirectMethodHandle$Holder.invokeSpecial(java.lang.Object, java.lang.Object, java.lang.Object, java.lang.Object, java.lang.Object, java.lang.Object, java.lang.Object, java.lang.Object, java.lang.Object, java.lang.Object, java.lang.Object, java.lang.Object, java.lang.Object, java.lang.Object)'> (0x0000000085168dc0) 
thrown [s\src\hotspot\share\interpreter\linkResolver.cpp, line 771]
Event: 3.594 Thread 0x000002af05598ea0 Exception <a 'java/lang/NoSuchMethodError'{0x000000008517b140}: 'java.lang.Object java.lang.invoke.DirectMethodHandle$Holder.newInvokeSpecial(java.lang.Object, java.lang.Object, java.lang.Object, java.lang.Object, java.lang.Object, java.lang.Object, java.lang.Object, java.lang.Object, java.lang.Object, java.lang.Object, java.lang.Object, java.lang.Object)'> (0x000000008517b140) 
thrown [s\src\hotspot\share\interpreter\linkResolver.cpp, line 771]
Event: 3.594 Thread 0x000002af05598ea0 Exception <a 'java/lang/NoSuchMethodError'{0x0000000085180ad8}: 'java.lang.Object java.lang.invoke.Invokers$Holder.linkToTargetMethod(java.lang.Object, java.lang.Object, java.lang.Object, java.lang.Object, java.lang.Object, java.lang.Object, java.lang.Object, java.lang.Object, java.lang.Object, java.lang.Object, java.lang.Object, java.lang.Object)'> (0x0000000085180ad8) 
thrown [s\src\hotspot\share\interpreter\linkResolver.cpp, line 771]
Event: 3.610 Thread 0x000002af05598ea0 Exception <a 'java/lang/NoSuchMethodError'{0x0000000085016eb0}: 'java.lang.Object java.lang.invoke.DirectMethodHandle$Holder.invokeStaticInit(java.lang.Object, java.lang.Object, java.lang.Object, java.lang.Object)'> (0x0000000085016eb0) 
thrown [s\src\hotspot\share\interpreter\linkResolver.cpp, line 771]
Event: 3.767 Thread 0x000002af05598ea0 Exception <a 'java/lang/NoSuchMethodError'{0x0000000083595798}: 'java.lang.Object java.lang.invoke.DirectMethodHandle$Holder.newInvokeSpecial(java.lang.Object, java.lang.Object, java.lang.Object, java.lang.Object, java.lang.Object, java.lang.Object, java.lang.Object, java.lang.Object)'> (0x0000000083595798) 
thrown [s\src\hotspot\share\interpreter\linkResolver.cpp, line 771]
Event: 3.767 Thread 0x000002af05598ea0 Exception <a 'java/lang/NoSuchMethodError'{0x000000008359b578}: 'java.lang.Object java.lang.invoke.Invokers$Holder.linkToTargetMethod(java.lang.Object, java.lang.Object, java.lang.Object, java.lang.Object, java.lang.Object, java.lang.Object, java.lang.Object, java.lang.Object)'> (0x000000008359b578) 
thrown [s\src\hotspot\share\interpreter\linkResolver.cpp, line 771]
Event: 3.774 Thread 0x000002af05598ea0 Exception <a 'java/lang/IncompatibleClassChangeError'{0x00000000835ff3d0}: Found class java.lang.Object, but interface was expected> (0x00000000835ff3d0) 
thrown [s\src\hotspot\share\interpreter\linkResolver.cpp, line 838]
Event: 3.883 Thread 0x000002af05598ea0 Exception <a 'java/lang/NoSuchMethodError'{0x0000000082e4a3c0}: 'int java.lang.invoke.DirectMethodHandle$Holder.invokeStaticInit(java.lang.Object, java.lang.Object, java.lang.Object)'> (0x0000000082e4a3c0) 
thrown [s\src\hotspot\share\interpreter\linkResolver.cpp, line 771]
Event: 3.885 Thread 0x000002af05598ea0 Exception <a 'java/lang/NoSuchMethodError'{0x0000000082e5f820}: 'java.lang.Object java.lang.invoke.DirectMethodHandle$Holder.newInvokeSpecial(java.lang.Object, java.lang.Object, long)'> (0x0000000082e5f820) 
thrown [s\src\hotspot\share\interpreter\linkResolver.cpp, line 771]
Event: 3.885 Thread 0x000002af05598ea0 Exception <a 'java/lang/NoSuchMethodError'{0x0000000082e63e30}: 'java.lang.Object java.lang.invoke.Invokers$Holder.linkToTargetMethod(java.lang.Object, long, java.lang.Object)'> (0x0000000082e63e30) 
thrown [s\src\hotspot\share\interpreter\linkResolver.cpp, line 771]
Event: 3.904 Thread 0x000002af05598ea0 Exception <a 'java/lang/NoSuchMethodError'{0x0000000082d63f70}: 'int java.lang.invoke.DirectMethodHandle$Holder.invokeInterface(java.lang.Object, java.lang.Object)'> (0x0000000082d63f70) 
thrown [s\src\hotspot\share\interpreter\linkResolver.cpp, line 771]
Event: 3.907 Thread 0x000002af05598ea0 Exception <a 'java/lang/NoSuchMethodError'{0x0000000082d880b0}: 'java.lang.Object java.lang.invoke.DirectMethodHandle$Holder.invokeStatic(java.lang.Object, java.lang.Object, int, java.lang.Object)'> (0x0000000082d880b0) 
thrown [s\src\hotspot\share\interpreter\linkResolver.cpp, line 771]
Event: 3.907 Thread 0x000002af05598ea0 Exception <a 'java/lang/NoSuchMethodError'{0x0000000082d8fc68}: 'java.lang.Object java.lang.invoke.DirectMethodHandle$Holder.newInvokeSpecial(java.lang.Object, java.lang.Object, int, java.lang.Object)'> (0x0000000082d8fc68) 
thrown [s\src\hotspot\share\interpreter\linkResolver.cpp, line 771]
Event: 3.908 Thread 0x000002af05598ea0 Exception <a 'java/lang/NoSuchMethodError'{0x0000000082d94550}: 'java.lang.Object java.lang.invoke.DirectMethodHandle$Holder.invokeSpecial(java.lang.Object, java.lang.Object, java.lang.Object, int, java.lang.Object)'> (0x0000000082d94550) 
thrown [s\src\hotspot\share\interpreter\linkResolver.cpp, line 771]
Event: 3.981 Thread 0x000002af05598ea0 Exception <a 'java/lang/NoSuchMethodError'{0x0000000082ad2a38}: 'java.lang.Object java.lang.invoke.DirectMethodHandle$Holder.invokeSpecial(java.lang.Object, java.lang.Object, java.lang.Object, int, java.lang.Object, java.lang.Object)'> (0x0000000082ad2a38) 
thrown [s\src\hotspot\share\interpreter\linkResolver.cpp, line 771]
Event: 4.063 Thread 0x000002af05598ea0 Exception <a 'java/lang/NoSuchMethodError'{0x000000008501fd20}: 'void java.lang.invoke.DirectMethodHandle$Holder.invokeStaticInit(java.lang.Object, java.lang.Object, java.lang.Object)'> (0x000000008501fd20) 
thrown [s\src\hotspot\share\interpreter\linkResolver.cpp, line 771]
Event: 4.064 Thread 0x000002af05598ea0 Exception <a 'java/lang/NoSuchMethodError'{0x0000000085027468}: 'void java.lang.invoke.DirectMethodHandle$Holder.invokeStaticInit(java.lang.Object, java.lang.Object, java.lang.Object, java.lang.Object)'> (0x0000000085027468) 
thrown [s\src\hotspot\share\interpreter\linkResolver.cpp, line 771]
Event: 4.066 Thread 0x000002af05598ea0 Exception <a 'java/lang/NoSuchMethodError'{0x0000000085049630}: 'void java.lang.invoke.DirectMethodHandle$Holder.invokeStaticInit(java.lang.Object, java.lang.Object, java.lang.Object, java.lang.Object, java.lang.Object)'> (0x0000000085049630) 
thrown [s\src\hotspot\share\interpreter\linkResolver.cpp, line 771]
Event: 4.075 Thread 0x000002af05598ea0 Exception <a 'java/lang/NoSuchMethodError'{0x00000000850a3bb0}: 'int java.lang.invoke.DirectMethodHandle$Holder.invokeStaticInit(java.lang.Object, java.lang.Object, java.lang.Object, java.lang.Object)'> (0x00000000850a3bb0) 
thrown [s\src\hotspot\share\interpreter\linkResolver.cpp, line 771]

VM Operations (20 events):
Event: 3.923 Executing VM operation: HandshakeAllThreads
Event: 3.923 Executing VM operation: HandshakeAllThreads done
Event: 3.924 Executing VM operation: HandshakeAllThreads
Event: 3.924 Executing VM operation: HandshakeAllThreads done
Event: 3.984 Executing VM operation: G1CollectForAllocation
Event: 3.988 Executing VM operation: G1CollectForAllocation done
Event: 4.031 Executing VM operation: HandshakeAllThreads
Event: 4.031 Executing VM operation: HandshakeAllThreads done
Event: 4.031 Executing VM operation: HandshakeAllThreads
Event: 4.031 Executing VM operation: HandshakeAllThreads done
Event: 4.106 Executing VM operation: CollectForMetadataAllocation
Event: 4.109 Executing VM operation: CollectForMetadataAllocation done
Event: 4.125 Executing VM operation: G1Concurrent
Event: 4.126 Executing VM operation: G1Concurrent done
Event: 4.133 Executing VM operation: G1Concurrent
Event: 4.133 Executing VM operation: G1Concurrent done
Event: 4.180 Executing VM operation: HandshakeAllThreads
Event: 4.180 Executing VM operation: HandshakeAllThreads done
Event: 4.218 Executing VM operation: HandshakeAllThreads
Event: 4.218 Executing VM operation: HandshakeAllThreads done

Events (20 events):
Event: 4.217 loading class java/awt/AWTKeyStroke
Event: 4.217 loading class java/awt/AWTKeyStroke done
Event: 4.217 loading class javax/swing/KeyStroke done
Event: 4.217 loading class java/awt/Graphics
Event: 4.217 loading class java/awt/Graphics done
Event: 4.218 loading class javax/swing/JRootPane
Event: 4.218 loading class javax/swing/JRootPane done
Event: 4.218 loading class java/awt/Rectangle
Event: 4.218 loading class java/awt/Shape
Event: 4.218 loading class java/awt/Shape done
Event: 4.218 loading class java/awt/geom/Rectangle2D
Event: 4.219 loading class java/awt/geom/RectangularShape
Event: 4.219 loading class java/awt/geom/RectangularShape done
Event: 4.219 loading class java/awt/geom/Rectangle2D done
Event: 4.219 loading class java/awt/Rectangle done
Event: 4.219 loading class java/awt/Font
Event: 4.219 loading class java/awt/Font done
Event: 4.220 loading class javax/swing/border/Border
Event: 4.220 loading class javax/swing/border/Border done
Event: 4.220 loading class java/awt/FontMetrics


Dynamic libraries:
0x00007ff72eeb0000 - 0x00007ff72eeba000 	C:\Program Files\Android\Android Studio\jbr\bin\java.exe
0x00007ffc5e070000 - 0x00007ffc5e267000 	C:\windows\SYSTEM32\ntdll.dll
0x00007ffc5df60000 - 0x00007ffc5e01d000 	C:\windows\System32\KERNEL32.DLL
0x00007ffc5bb50000 - 0x00007ffc5be46000 	C:\windows\System32\KERNELBASE.dll
0x00007ffc5bfd0000 - 0x00007ffc5c0d0000 	C:\windows\System32\ucrtbase.dll
0x00007ffc291f0000 - 0x00007ffc29207000 	C:\Program Files\Android\Android Studio\jbr\bin\jli.dll
0x00007ffc37180000 - 0x00007ffc3719b000 	C:\Program Files\Android\Android Studio\jbr\bin\VCRUNTIME140.dll
0x00007ffc5d890000 - 0x00007ffc5da2e000 	C:\windows\System32\USER32.dll
0x00007ffc5bec0000 - 0x00007ffc5bee2000 	C:\windows\System32\win32u.dll
0x00007ffc5d290000 - 0x00007ffc5d2bc000 	C:\windows\System32\GDI32.dll
0x00007ffc5ba30000 - 0x00007ffc5bb4a000 	C:\windows\System32\gdi32full.dll
0x00007ffc44890000 - 0x00007ffc44b2a000 	C:\windows\WinSxS\amd64_microsoft.windows.common-controls_6595b64144ccf1df_6.0.19041.3570_none_60bb2a3971f3e41a\COMCTL32.dll
0x00007ffc5b830000 - 0x00007ffc5b8cd000 	C:\windows\System32\msvcp_win.dll
0x00007ffc5d5d0000 - 0x00007ffc5d66e000 	C:\windows\System32\msvcrt.dll
0x00007ffc5da30000 - 0x00007ffc5da60000 	C:\windows\System32\IMM32.DLL
0x00007ffc371d0000 - 0x00007ffc371dc000 	C:\Program Files\Android\Android Studio\jbr\bin\vcruntime140_1.dll
0x00007ffc1c690000 - 0x00007ffc1c71d000 	C:\Program Files\Android\Android Studio\jbr\bin\msvcp140.dll
0x00007ffbb2aa0000 - 0x00007ffbb370e000 	C:\Program Files\Android\Android Studio\jbr\bin\server\jvm.dll
0x00007ffc5d030000 - 0x00007ffc5d0de000 	C:\windows\System32\ADVAPI32.dll
0x00007ffc5c1b0000 - 0x00007ffc5c24c000 	C:\windows\System32\sechost.dll
0x00007ffc5d3e0000 - 0x00007ffc5d506000 	C:\windows\System32\RPCRT4.dll
0x00007ffc41c30000 - 0x00007ffc41c57000 	C:\windows\SYSTEM32\WINMM.dll
0x00007ffc53cd0000 - 0x00007ffc53cda000 	C:\windows\SYSTEM32\VERSION.dll
0x00007ffc29540000 - 0x00007ffc29549000 	C:\windows\SYSTEM32\WSOCK32.dll
0x00007ffc5c9c0000 - 0x00007ffc5ca2b000 	C:\windows\System32\WS2_32.dll
0x00007ffc59f80000 - 0x00007ffc59f92000 	C:\windows\SYSTEM32\kernel.appcore.dll
0x00007ffc29530000 - 0x00007ffc2953a000 	C:\Program Files\Android\Android Studio\jbr\bin\jimage.dll
0x00007ffc59c90000 - 0x00007ffc59e74000 	C:\windows\SYSTEM32\DBGHELP.DLL
0x00007ffc3d3a0000 - 0x00007ffc3d3d4000 	C:\windows\SYSTEM32\dbgcore.DLL
0x00007ffc5b7a0000 - 0x00007ffc5b822000 	C:\windows\System32\bcryptPrimitives.dll
0x00007ffc29500000 - 0x00007ffc29525000 	C:\Program Files\Android\Android Studio\jbr\bin\java.dll
0x00007ffc294e0000 - 0x00007ffc294f8000 	C:\Program Files\Android\Android Studio\jbr\bin\zip.dll
0x00007ffc5c250000 - 0x00007ffc5c994000 	C:\windows\System32\SHELL32.dll
0x00007ffc594f0000 - 0x00007ffc59c8b000 	C:\windows\SYSTEM32\windows.storage.dll
0x00007ffc5dba0000 - 0x00007ffc5def4000 	C:\windows\System32\combase.dll
0x00007ffc5b190000 - 0x00007ffc5b1bd000 	C:\windows\SYSTEM32\Wldp.dll
0x00007ffc5d520000 - 0x00007ffc5d5cd000 	C:\windows\System32\SHCORE.dll
0x00007ffc5d830000 - 0x00007ffc5d885000 	C:\windows\System32\shlwapi.dll
0x00007ffc5b680000 - 0x00007ffc5b6a5000 	C:\windows\SYSTEM32\profapi.dll
0x00007ffc294c0000 - 0x00007ffc294d9000 	C:\Program Files\Android\Android Studio\jbr\bin\net.dll
0x00007ffc4e6e0000 - 0x00007ffc4e7ea000 	C:\windows\SYSTEM32\WINHTTP.dll
0x00007ffc5aef0000 - 0x00007ffc5af5a000 	C:\windows\system32\mswsock.dll
0x00007ffc294a0000 - 0x00007ffc294b6000 	C:\Program Files\Android\Android Studio\jbr\bin\nio.dll
0x00007ffc29260000 - 0x00007ffc29270000 	C:\Program Files\Android\Android Studio\jbr\bin\verify.dll
0x00007ffc371a0000 - 0x00007ffc371c7000 	C:\Users\jasse\.gradle\native\68d5fa5c4cc2d200863cafc0d521ce42e7d3e7ee720ec0a83991735586a16f82\windows-amd64\native-platform.dll
0x00007ffc1b730000 - 0x00007ffc1b874000 	C:\Users\jasse\.gradle\native\e376f236ea51e6404a007f0833ffe2c6e607c4080706a723a18a27aeea778392\windows-amd64\native-platform-file-events.dll
0x00007ffc291e0000 - 0x00007ffc291e9000 	C:\Program Files\Android\Android Studio\jbr\bin\management.dll
0x00007ffc291d0000 - 0x00007ffc291db000 	C:\Program Files\Android\Android Studio\jbr\bin\management_ext.dll
0x00007ffc5e020000 - 0x00007ffc5e028000 	C:\windows\System32\PSAPI.DLL
0x00007ffc5b0f0000 - 0x00007ffc5b108000 	C:\windows\SYSTEM32\CRYPTSP.dll
0x00007ffc5a790000 - 0x00007ffc5a7c4000 	C:\windows\system32\rsaenh.dll
0x00007ffc5bfa0000 - 0x00007ffc5bfc7000 	C:\windows\System32\bcrypt.dll
0x00007ffc5b640000 - 0x00007ffc5b66e000 	C:\windows\SYSTEM32\USERENV.dll
0x00007ffc5b0e0000 - 0x00007ffc5b0ec000 	C:\windows\SYSTEM32\CRYPTBASE.dll
0x00007ffc5ab90000 - 0x00007ffc5abcb000 	C:\windows\SYSTEM32\IPHLPAPI.DLL
0x00007ffc5d510000 - 0x00007ffc5d518000 	C:\windows\System32\NSI.dll
0x00007ffc52e10000 - 0x00007ffc52e27000 	C:\windows\SYSTEM32\dhcpcsvc6.DLL
0x00007ffc52d60000 - 0x00007ffc52d7d000 	C:\windows\SYSTEM32\dhcpcsvc.DLL
0x00007ffc5abd0000 - 0x00007ffc5ac9a000 	C:\windows\SYSTEM32\DNSAPI.dll
0x00007ffc291c0000 - 0x00007ffc291c7000 	C:\windows\system32\wshunix.dll

dbghelp: loaded successfully - version: 4.0.5 - missing functions: none
symbol engine: initialized successfully - sym options: 0x614 - pdb path: .;C:\Program Files\Android\Android Studio\jbr\bin;C:\windows\SYSTEM32;C:\windows\WinSxS\amd64_microsoft.windows.common-controls_6595b64144ccf1df_6.0.19041.3570_none_60bb2a3971f3e41a;C:\Program Files\Android\Android Studio\jbr\bin\server;C:\Users\jasse\.gradle\native\68d5fa5c4cc2d200863cafc0d521ce42e7d3e7ee720ec0a83991735586a16f82\windows-amd64;C:\Users\jasse\.gradle\native\e376f236ea51e6404a007f0833ffe2c6e607c4080706a723a18a27aeea778392\windows-amd64

VM Arguments:
jvm_args: --add-opens=java.base/java.util=ALL-UNNAMED --add-opens=java.base/java.lang=ALL-UNNAMED --add-opens=java.base/java.lang.invoke=ALL-UNNAMED --add-opens=java.prefs/java.util.prefs=ALL-UNNAMED --add-opens=java.base/java.nio.charset=ALL-UNNAMED --add-opens=java.base/java.net=ALL-UNNAMED --add-opens=java.base/java.util.concurrent.atomic=ALL-UNNAMED -Xmx2048m -Dfile.encoding=UTF-8 -Duser.country=FR -Duser.language=fr -Duser.variant 
java_command: org.gradle.launcher.daemon.bootstrap.GradleDaemon 8.0
java_class_path (initial): C:\Users\jasse\.gradle\wrapper\dists\gradle-8.0-bin\ca5e32bp14vu59qr306oxotwh\gradle-8.0\lib\gradle-launcher-8.0.jar
Launcher Type: SUN_STANDARD

[Global flags]
     intx CICompilerCount                          = 4                                         {product} {ergonomic}
     uint ConcGCThreads                            = 2                                         {product} {ergonomic}
     uint G1ConcRefinementThreads                  = 8                                         {product} {ergonomic}
   size_t G1HeapRegionSize                         = 1048576                                   {product} {ergonomic}
    uintx GCDrainStackTargetSize                   = 64                                        {product} {ergonomic}
   size_t InitialHeapSize                          = 132120576                                 {product} {ergonomic}
   size_t MarkStackSize                            = 4194304                                   {product} {ergonomic}
   size_t MaxHeapSize                              = 2147483648                                {product} {command line}
   size_t MaxNewSize                               = 1287651328                                {product} {ergonomic}
   size_t MinHeapDeltaBytes                        = 1048576                                   {product} {ergonomic}
   size_t MinHeapSize                              = 8388608                                   {product} {ergonomic}
    uintx NonNMethodCodeHeapSize                   = 5839372                                {pd product} {ergonomic}
    uintx NonProfiledCodeHeapSize                  = 122909434                              {pd product} {ergonomic}
    uintx ProfiledCodeHeapSize                     = 122909434                              {pd product} {ergonomic}
    uintx ReservedCodeCacheSize                    = 251658240                              {pd product} {ergonomic}
     bool SegmentedCodeCache                       = true                                      {product} {ergonomic}
   size_t SoftMaxHeapSize                          = 2147483648                             {manageable} {ergonomic}
     bool UseCompressedClassPointers               = true                           {product lp64_product} {ergonomic}
     bool UseCompressedOops                        = true                           {product lp64_product} {ergonomic}
     bool UseG1GC                                  = true                                      {product} {ergonomic}
     bool UseLargePagesIndividualAllocation        = false                                  {pd product} {ergonomic}

Logging:
Log output configuration:
 #0: stdout all=warning uptime,level,tags
 #1: stderr all=off uptime,level,tags

Environment Variables:
JAVA_HOME=C:\Program Files\Java\jdk-13.0.2
PATH=C:\Users\jasse\Downloads\php-8.1.17-nts-Win32-vs16-x64;C:\Program Files\Java;C:\Program Files\Java\jdk1.8.0_301;C:\oraclexe\app\oracle\product\11.2.0\server\bin;C:\oraclexe\app\oracle\product\11.2.0\server\bin;C:\oraclexe\app\oracle\product\11.2.0\server\bin;C:\windows\system32;C:\windows;C:\windows\System32\Wbem;C:\windows\System32\WindowsPowerShell\v1.0\;C:\windows\System32\OpenSSH\;C:\Program Files (x86)\NVIDIA Corporation\PhysX\Common;C:\Program Files\NVIDIA Corporation\NVIDIA NvDLISR;C:\instantclient12-2;C:\oraclexe\app\oracle\admin\XE;C:\oraclexe;C:\Program Files\TortoiseGit\bin;C:\xampp\php\Symfony;C:\Program Files\nodejs\;C:\Users\jasse\AppData\Local\Microsoft\WindowsApps;C:\Program Files\CodeBlocks\MinGW\bin;C:\Program Files\CodeBlocks\MinGW\bin;C:\Program Files (x86)\D-Bus\bin;C:\Users\jasse\AppData\Local\Programs\Microsoft VS Code\bin;C:\Users\jasse\Desktop\php;C:\Users\jasse\AppData\Local\GitHubDesktop\bin;C:\Users\jasse\AppData\Local\ComposerSetup\bin;C:\Users\jasse\AppData\Roaming\Composer\vendor\bin;C:\Users\jasse\AppData\Roaming\npm
USERNAME=jasse
OS=Windows_NT
PROCESSOR_IDENTIFIER=Intel64 Family 6 Model 165 Stepping 2, GenuineIntel
TMP=C:\Users\jasse\AppData\Local\Temp
TEMP=C:\Users\jasse\AppData\Local\Temp


JNI global refs:
JNI global refs: 23, weak refs: 0

JNI global refs memory usage: 843, weak refs: 841


---------------  S Y S T E M  ---------------

OS:
 Windows 10 , 64 bit Build 19041 (10.0.19041.3570)
OS uptime: 0 days 0:02 hours

CPU: total 8 (initial active 8) (4 cores per cpu, 2 threads per core) family 6 model 165 stepping 2 microcode 0xf0, cx8, cmov, fxsr, ht, mmx, 3dnowpref, sse, sse2, sse3, ssse3, sse4.1, sse4.2, popcnt, lzcnt, tsc, tscinvbit, avx, avx2, aes, erms, clmul, bmi1, bmi2, adx, fma, vzeroupper, clflush, clflushopt

Memory: 4k page, system-wide physical 7993M (239M free)
TotalPageFile size 10993M (AvailPageFile size 6M)
current process WorkingSet (physical memory assigned to process): 192M, peak: 193M
current process commit charge ("private bytes"): 233M, peak: 261M

vm_info: OpenJDK 64-Bit Server VM (17.0.6+0-b2043.56-10027231) for windows-amd64 JRE (17.0.6+0-b2043.56-10027231), built on Apr 28 2023 00:43:19 by "androidbuild" with MS VC++ 16.10 / 16.11 (VS2019)

END.
