#
# There is insufficient memory for the Java Runtime Environment to continue.
# Native memory allocation (malloc) failed to allocate 1811056 bytes for Chunk::new
# Possible reasons:
#   The system is out of physical RAM or swap space
#   The process is running with CompressedOops enabled, and the Java Heap may be blocking the growth of the native heap
# Possible solutions:
#   Reduce memory load on the system
#   Increase physical memory or swap space
#   Check if swap backing store is full
#   Decrease Java heap size (-Xmx/-Xms)
#   Decrease number of Java threads
#   Decrease Java thread stack sizes (-Xss)
#   Set larger code cache with -XX:ReservedCodeCacheSize=
#   JVM is running with Unscaled Compressed Oops mode in which the Java heap is
#     placed in the first 4GB address space. The Java Heap base address is the
#     maximum limit for the native heap growth. Please use -XX:HeapBaseMinAddress
#     to set the Java Heap base and to place the Java Heap above 4GB virtual address.
# This output file may be truncated or incomplete.
#
#  Out of Memory Error (arena.cpp:189), pid=14680, tid=11524
#
# JRE version: OpenJDK Runtime Environment (17.0.6) (build 17.0.6+0-b2043.56-10027231)
# Java VM: OpenJDK 64-Bit Server VM (17.0.6+0-b2043.56-10027231, mixed mode, tiered, compressed oops, compressed class ptrs, g1 gc, windows-amd64)
# No core dump will be written. Minidumps are not enabled by default on client versions of Windows
#

---------------  S U M M A R Y ------------

Command Line: --add-opens=java.base/java.util=ALL-UNNAMED --add-opens=java.base/java.lang=ALL-UNNAMED --add-opens=java.base/java.lang.invoke=ALL-UNNAMED --add-opens=java.prefs/java.util.prefs=ALL-UNNAMED --add-opens=java.base/java.nio.charset=ALL-UNNAMED --add-opens=java.base/java.net=ALL-UNNAMED --add-opens=java.base/java.util.concurrent.atomic=ALL-UNNAMED -Xmx2048m -Dfile.encoding=UTF-8 -Duser.country=FR -Duser.language=fr -Duser.variant org.gradle.launcher.daemon.bootstrap.GradleDaemon 8.0

Host: Intel(R) Core(TM) i5-10300H CPU @ 2.50GHz, 8 cores, 7G,  Windows 10 , 64 bit Build 19041 (10.0.19041.3570)
Time: Wed Nov 15 01:03:49 2023 Afr. centrale Ouest elapsed time: 7.808401 seconds (0d 0h 0m 7s)

---------------  T H R E A D  ---------------

Current thread (0x0000024515dba500):  JavaThread "C2 CompilerThread1" daemon [_thread_in_native, id=11524, stack(0x000000756a100000,0x000000756a200000)]


Current CompileTask:
C2:   7808 8747       4       java.net.URLClassLoader$1::run (5 bytes)

Stack: [0x000000756a100000,0x000000756a200000]
Native frames: (J=compiled Java code, j=interpreted, Vv=VM code, C=native code)
V  [jvm.dll+0x683c9a]
V  [jvm.dll+0x8427a4]
V  [jvm.dll+0x843f9e]
V  [jvm.dll+0x844603]
V  [jvm.dll+0x249b75]
V  [jvm.dll+0xabcac]
V  [jvm.dll+0xac27c]
V  [jvm.dll+0x368857]
V  [jvm.dll+0x332f31]
V  [jvm.dll+0x3323da]
V  [jvm.dll+0x21c201]
V  [jvm.dll+0x21b621]
V  [jvm.dll+0x1a4fdd]
V  [jvm.dll+0x22b098]
V  [jvm.dll+0x229159]
V  [jvm.dll+0x7f81ec]
V  [jvm.dll+0x7f274a]
V  [jvm.dll+0x682ad5]
C  [ucrtbase.dll+0x21bb2]
C  [KERNEL32.DLL+0x17344]
C  [ntdll.dll+0x526b1]


---------------  P R O C E S S  ---------------

Threads class SMR info:
_java_thread_list=0x000002451c2651f0, length=130, elements={
0x000002457a5da8e0, 0x000002457f459260, 0x00000245158001e0, 0x0000024515817050,
0x0000024515818a20, 0x00000245158244c0, 0x0000024515824d80, 0x00000245158266b0,
0x0000024515829770, 0x0000024515848870, 0x00000245159507a0, 0x00000245159e5440,
0x0000024515dba500, 0x000002451892add0, 0x00000245174dc6f0, 0x00000245170995b0,
0x000002451710a360, 0x0000024516e36910, 0x0000024517422450, 0x0000024518cb6ba0,
0x00000245180d0380, 0x00000245180ce6a0, 0x00000245180cf510, 0x00000245180d11f0,
0x00000245180cd830, 0x00000245180d0850, 0x00000245180cdd00, 0x00000245180d0d20,
0x00000245180cf040, 0x00000245180ce1d0, 0x000002451a10e3a0, 0x000002451a110550,
0x000002451a10da00, 0x000002451a10ed40, 0x000002451a110080, 0x000002451a10ded0,
0x000002451a110ef0, 0x000002451b53bdb0, 0x000002451b53c280, 0x000002451b53b8e0,
0x000002451b53af40, 0x000002451b53f2a0, 0x000002451b53df60, 0x000002451b539c00,
0x000002451b53fc40, 0x000002451b53c750, 0x000002451b53e900, 0x000002451b53d0f0,
0x000002451b53f770, 0x000002451b53da90, 0x000002451b53e430, 0x000002451b540110,
0x000002451b53a5a0, 0x000002451b5405e0, 0x000002451b540ab0, 0x000002451cb51440,
0x000002451cb4e420, 0x000002451cb4c270, 0x000002451cb4b8d0, 0x000002451cb50aa0,
0x000002451cb4bda0, 0x000002451cb4f760, 0x000002451cb51910, 0x000002451cb4af30,
0x000002451cb50f70, 0x000002451cb4d0e0, 0x000002451cb4e8f0, 0x000002451cb52780,
0x000002451cb4b400, 0x000002451cb4c740, 0x000002451cb4edc0, 0x000002451cb4f290,
0x000002451cb4fc30, 0x000002451cb50100, 0x000002451cb4cc10, 0x000002451cb51de0,
0x000002451cb4d5b0, 0x000002451cb505d0, 0x000002451cb4da80, 0x000002451cb4df50,
0x000002451cb522b0, 0x000002451bacfac0, 0x000002451bacd440, 0x000002451bacff90,
0x000002451bace780, 0x000002451bacc100, 0x000002451bad3480, 0x000002451bad0460,
0x000002451bad0930, 0x000002451bacbc30, 0x000002451bacc5d0, 0x000002451bacd910,
0x000002451baccf70, 0x000002451bacf120, 0x000002451baccaa0, 0x000002451bad12d0,
0x000002451bacdde0, 0x000002451bace2b0, 0x000002451bad0e00, 0x000002451bad2fb0,
0x000002451bad17a0, 0x000002451bacec50, 0x000002451bad1c70, 0x000002451bacf5f0,
0x000002451bad2140, 0x000002451bad2610, 0x000002451bad2ae0, 0x000002451c645600,
0x000002451c646e10, 0x000002451c643920, 0x000002451c645ad0, 0x000002451c643df0,
0x000002451c6477b0, 0x000002451c6442c0, 0x000002451c644790, 0x000002451c641770,
0x000002451c645fa0, 0x000002451c641c40, 0x000002451c644c60, 0x000002451c642f80,
0x000002451c6425e0, 0x000002451c642ab0, 0x000002451c648af0, 0x000002451c648fc0,
0x000002451c643450, 0x000002451c645130, 0x000002451c642110, 0x000002451c6472e0,
0x000002451c648620, 0x000002451b53cc20
}

Java Threads: ( => current thread )
  0x000002457a5da8e0 JavaThread "main" [_thread_blocked, id=19196, stack(0x0000007568e00000,0x0000007568f00000)]
  0x000002457f459260 JavaThread "Reference Handler" daemon [_thread_blocked, id=9828, stack(0x0000007569500000,0x0000007569600000)]
  0x00000245158001e0 JavaThread "Finalizer" daemon [_thread_blocked, id=17788, stack(0x0000007569600000,0x0000007569700000)]
  0x0000024515817050 JavaThread "Signal Dispatcher" daemon [_thread_blocked, id=10032, stack(0x0000007569700000,0x0000007569800000)]
  0x0000024515818a20 JavaThread "Attach Listener" daemon [_thread_blocked, id=15372, stack(0x0000007569800000,0x0000007569900000)]
  0x00000245158244c0 JavaThread "Service Thread" daemon [_thread_blocked, id=10540, stack(0x0000007569900000,0x0000007569a00000)]
  0x0000024515824d80 JavaThread "Monitor Deflation Thread" daemon [_thread_blocked, id=6688, stack(0x0000007569a00000,0x0000007569b00000)]
  0x00000245158266b0 JavaThread "C2 CompilerThread0" daemon [_thread_in_native, id=6572, stack(0x0000007569b00000,0x0000007569c00000)]
  0x0000024515829770 JavaThread "C1 CompilerThread0" daemon [_thread_blocked, id=7892, stack(0x0000007569c00000,0x0000007569d00000)]
  0x0000024515848870 JavaThread "Sweeper thread" daemon [_thread_blocked, id=3880, stack(0x0000007569d00000,0x0000007569e00000)]
  0x00000245159507a0 JavaThread "Common-Cleaner" daemon [_thread_blocked, id=11860, stack(0x0000007569e00000,0x0000007569f00000)]
  0x00000245159e5440 JavaThread "Notification Thread" daemon [_thread_blocked, id=21384, stack(0x0000007569f00000,0x000000756a000000)]
=>0x0000024515dba500 JavaThread "C2 CompilerThread1" daemon [_thread_in_native, id=11524, stack(0x000000756a100000,0x000000756a200000)]
  0x000002451892add0 JavaThread "C2 CompilerThread2" daemon [_thread_in_native, id=5448, stack(0x000000756a600000,0x000000756a700000)]
  0x00000245174dc6f0 JavaThread "Daemon health stats" [_thread_blocked, id=6168, stack(0x000000756a700000,0x000000756a800000)]
  0x00000245170995b0 JavaThread "Incoming local TCP Connector on port 52667" [_thread_in_native, id=9948, stack(0x000000756a800000,0x000000756a900000)]
  0x000002451710a360 JavaThread "Daemon periodic checks" [_thread_blocked, id=12440, stack(0x000000756a900000,0x000000756aa00000)]
  0x0000024516e36910 JavaThread "Daemon" [_thread_blocked, id=13552, stack(0x000000756aa00000,0x000000756ab00000)]
  0x0000024517422450 JavaThread "Handler for socket connection from /127.0.0.1:52667 to /127.0.0.1:52668" [_thread_in_native, id=3028, stack(0x000000756ab00000,0x000000756ac00000)]
  0x0000024518cb6ba0 JavaThread "Cancel handler" [_thread_blocked, id=17456, stack(0x000000756ac00000,0x000000756ad00000)]
  0x00000245180d0380 JavaThread "Daemon worker" [_thread_in_Java, id=4672, stack(0x000000756ad00000,0x000000756ae00000)]
  0x00000245180ce6a0 JavaThread "Asynchronous log dispatcher for DefaultDaemonConnection: socket connection from /127.0.0.1:52667 to /127.0.0.1:52668" [_thread_blocked, id=9504, stack(0x000000756ae00000,0x000000756af00000)]
  0x00000245180cf510 JavaThread "Stdin handler" [_thread_blocked, id=18872, stack(0x000000756af00000,0x000000756b000000)]
  0x00000245180d11f0 JavaThread "Daemon client event forwarder" [_thread_blocked, id=2724, stack(0x000000756b000000,0x000000756b100000)]
  0x00000245180cd830 JavaThread "Cache worker for journal cache (C:\Users\jasse\.gradle\caches\journal-1)" [_thread_blocked, id=21436, stack(0x000000756b500000,0x000000756b600000)]
  0x00000245180d0850 JavaThread "File lock request listener" [_thread_in_native, id=5864, stack(0x000000756b600000,0x000000756b700000)]
  0x00000245180cdd00 JavaThread "Cache worker for file hash cache (C:\Users\jasse\.gradle\caches\8.0\fileHashes)" [_thread_blocked, id=8456, stack(0x000000756b700000,0x000000756b800000)]
  0x00000245180d0d20 JavaThread "File watcher server" daemon [_thread_in_native, id=16268, stack(0x000000756b800000,0x000000756b900000)]
  0x00000245180cf040 JavaThread "File watcher consumer" daemon [_thread_blocked, id=11972, stack(0x000000756b900000,0x000000756ba00000)]
  0x00000245180ce1d0 JavaThread "Cache worker for checksums cache (C:\Users\jasse\AndroidStudioProjects\front\.gradle\8.0\checksums)" [_thread_blocked, id=21272, stack(0x000000756ba00000,0x000000756bb00000)]
  0x000002451a10e3a0 JavaThread "Cache worker for cache directory md-rule (C:\Users\jasse\.gradle\caches\8.0\md-rule)" [_thread_blocked, id=11684, stack(0x000000756bb00000,0x000000756bc00000)]
  0x000002451a110550 JavaThread "Cache worker for file content cache (C:\Users\jasse\.gradle\caches\8.0\fileContent)" [_thread_blocked, id=13172, stack(0x000000756bc00000,0x000000756bd00000)]
  0x000002451a10da00 JavaThread "Cache worker for file hash cache (C:\Users\jasse\AndroidStudioProjects\front\.gradle\8.0\fileHashes)" [_thread_blocked, id=6472, stack(0x000000756bd00000,0x000000756be00000)]
  0x000002451a10ed40 JavaThread "Cache worker for cache directory md-supplier (C:\Users\jasse\.gradle\caches\8.0\md-supplier)" [_thread_blocked, id=13760, stack(0x000000756be00000,0x000000756bf00000)]
  0x000002451a110080 JavaThread "Cache worker for execution history cache (C:\Users\jasse\.gradle\caches\8.0\executionHistory)" [_thread_blocked, id=16484, stack(0x000000756bf00000,0x000000756c000000)]
  0x000002451a10ded0 JavaThread "jar transforms" [_thread_blocked, id=16292, stack(0x000000756c000000,0x000000756c100000)]
  0x000002451a110ef0 JavaThread "jar transforms Thread 2" [_thread_blocked, id=7608, stack(0x000000756c100000,0x000000756c200000)]
  0x000002451b53bdb0 JavaThread "Cache worker for kotlin-dsl (C:\Users\jasse\.gradle\caches\8.0\kotlin-dsl)" [_thread_blocked, id=4492, stack(0x000000756c300000,0x000000756c400000)]
  0x000002451b53c280 JavaThread "jar transforms Thread 3" [_thread_blocked, id=15676, stack(0x000000756c400000,0x000000756c500000)]
  0x000002451b53b8e0 JavaThread "jar transforms Thread 4" [_thread_blocked, id=10776, stack(0x000000756c500000,0x000000756c600000)]
  0x000002451b53af40 JavaThread "Cache worker for dependencies-accessors (C:\Users\jasse\AndroidStudioProjects\front\.gradle\8.0\dependencies-accessors)" [_thread_blocked, id=21376, stack(0x000000756c600000,0x000000756c700000)]
  0x000002451b53f2a0 JavaThread "Cache worker for Build Output Cleanup Cache (C:\Users\jasse\AndroidStudioProjects\front\.gradle\buildOutputCleanup)" [_thread_blocked, id=9976, stack(0x000000756c700000,0x000000756c800000)]
  0x000002451b53df60 JavaThread "jar transforms Thread 5" [_thread_blocked, id=14696, stack(0x000000756c800000,0x000000756c900000)]
  0x000002451b539c00 JavaThread "Unconstrained build operations" [_thread_blocked, id=1184, stack(0x000000756c900000,0x000000756ca00000)]
  0x000002451b53fc40 JavaThread "Unconstrained build operations Thread 2" [_thread_blocked, id=6728, stack(0x000000756ca00000,0x000000756cb00000)]
  0x000002451b53c750 JavaThread "Unconstrained build operations Thread 3" [_thread_blocked, id=2964, stack(0x000000756cb00000,0x000000756cc00000)]
  0x000002451b53e900 JavaThread "Unconstrained build operations Thread 4" [_thread_blocked, id=4612, stack(0x000000756cc00000,0x000000756cd00000)]
  0x000002451b53d0f0 JavaThread "Unconstrained build operations Thread 5" [_thread_blocked, id=17152, stack(0x000000756cd00000,0x000000756ce00000)]
  0x000002451b53f770 JavaThread "Unconstrained build operations Thread 6" [_thread_blocked, id=11820, stack(0x000000756ce00000,0x000000756cf00000)]
  0x000002451b53da90 JavaThread "Unconstrained build operations Thread 7" [_thread_blocked, id=14200, stack(0x000000756cf00000,0x000000756d000000)]
  0x000002451b53e430 JavaThread "Unconstrained build operations Thread 8" [_thread_blocked, id=10148, stack(0x000000756d000000,0x000000756d100000)]
  0x000002451b540110 JavaThread "Unconstrained build operations Thread 9" [_thread_blocked, id=7912, stack(0x000000756d100000,0x000000756d200000)]
  0x000002451b53a5a0 JavaThread "Unconstrained build operations Thread 10" [_thread_blocked, id=5924, stack(0x000000756d200000,0x000000756d300000)]
  0x000002451b5405e0 JavaThread "Unconstrained build operations Thread 11" [_thread_blocked, id=17704, stack(0x000000756d300000,0x000000756d400000)]
  0x000002451b540ab0 JavaThread "Unconstrained build operations Thread 12" [_thread_blocked, id=6272, stack(0x000000756d400000,0x000000756d500000)]
  0x000002451cb51440 JavaThread "Unconstrained build operations Thread 13" [_thread_blocked, id=12856, stack(0x000000756d500000,0x000000756d600000)]
  0x000002451cb4e420 JavaThread "Unconstrained build operations Thread 14" [_thread_blocked, id=10576, stack(0x000000756d600000,0x000000756d700000)]
  0x000002451cb4c270 JavaThread "Unconstrained build operations Thread 15" [_thread_blocked, id=20676, stack(0x000000756d700000,0x000000756d800000)]
  0x000002451cb4b8d0 JavaThread "Unconstrained build operations Thread 16" [_thread_blocked, id=6044, stack(0x000000756d800000,0x000000756d900000)]
  0x000002451cb50aa0 JavaThread "Unconstrained build operations Thread 17" [_thread_blocked, id=20472, stack(0x000000756d900000,0x000000756da00000)]
  0x000002451cb4bda0 JavaThread "Unconstrained build operations Thread 18" [_thread_blocked, id=17888, stack(0x000000756da00000,0x000000756db00000)]
  0x000002451cb4f760 JavaThread "Unconstrained build operations Thread 19" [_thread_blocked, id=12488, stack(0x000000756db00000,0x000000756dc00000)]
  0x000002451cb51910 JavaThread "Unconstrained build operations Thread 20" [_thread_blocked, id=11592, stack(0x000000756dc00000,0x000000756dd00000)]
  0x000002451cb4af30 JavaThread "Unconstrained build operations Thread 21" [_thread_blocked, id=17380, stack(0x000000756dd00000,0x000000756de00000)]
  0x000002451cb50f70 JavaThread "Unconstrained build operations Thread 22" [_thread_blocked, id=8600, stack(0x000000756de00000,0x000000756df00000)]
  0x000002451cb4d0e0 JavaThread "Unconstrained build operations Thread 23" [_thread_blocked, id=4196, stack(0x000000756df00000,0x000000756e000000)]
  0x000002451cb4e8f0 JavaThread "Unconstrained build operations Thread 24" [_thread_blocked, id=16968, stack(0x000000756e000000,0x000000756e100000)]
  0x000002451cb52780 JavaThread "Unconstrained build operations Thread 25" [_thread_blocked, id=18580, stack(0x000000756e100000,0x000000756e200000)]
  0x000002451cb4b400 JavaThread "Unconstrained build operations Thread 26" [_thread_blocked, id=9296, stack(0x000000756e200000,0x000000756e300000)]
  0x000002451cb4c740 JavaThread "Unconstrained build operations Thread 27" [_thread_blocked, id=348, stack(0x000000756e300000,0x000000756e400000)]
  0x000002451cb4edc0 JavaThread "Unconstrained build operations Thread 28" [_thread_blocked, id=4324, stack(0x000000756e400000,0x000000756e500000)]
  0x000002451cb4f290 JavaThread "Unconstrained build operations Thread 29" [_thread_blocked, id=6512, stack(0x000000756e500000,0x000000756e600000)]
  0x000002451cb4fc30 JavaThread "Unconstrained build operations Thread 30" [_thread_blocked, id=508, stack(0x000000756e600000,0x000000756e700000)]
  0x000002451cb50100 JavaThread "Unconstrained build operations Thread 31" [_thread_blocked, id=16688, stack(0x000000756e700000,0x000000756e800000)]
  0x000002451cb4cc10 JavaThread "Unconstrained build operations Thread 32" [_thread_blocked, id=4348, stack(0x000000756e800000,0x000000756e900000)]
  0x000002451cb51de0 JavaThread "Unconstrained build operations Thread 33" [_thread_blocked, id=1884, stack(0x000000756e900000,0x000000756ea00000)]
  0x000002451cb4d5b0 JavaThread "Unconstrained build operations Thread 34" [_thread_blocked, id=20852, stack(0x000000756ea00000,0x000000756eb00000)]
  0x000002451cb505d0 JavaThread "Unconstrained build operations Thread 35" [_thread_blocked, id=4704, stack(0x000000756eb00000,0x000000756ec00000)]
  0x000002451cb4da80 JavaThread "Unconstrained build operations Thread 36" [_thread_blocked, id=11896, stack(0x000000756ec00000,0x000000756ed00000)]
  0x000002451cb4df50 JavaThread "Unconstrained build operations Thread 37" [_thread_blocked, id=18736, stack(0x000000756ed00000,0x000000756ee00000)]
  0x000002451cb522b0 JavaThread "Unconstrained build operations Thread 38" [_thread_blocked, id=13736, stack(0x000000756ee00000,0x000000756ef00000)]
  0x000002451bacfac0 JavaThread "Unconstrained build operations Thread 39" [_thread_blocked, id=13768, stack(0x000000756ef00000,0x000000756f000000)]
  0x000002451bacd440 JavaThread "Unconstrained build operations Thread 40" [_thread_blocked, id=19204, stack(0x000000756f000000,0x000000756f100000)]
  0x000002451bacff90 JavaThread "Unconstrained build operations Thread 41" [_thread_blocked, id=17528, stack(0x000000756f100000,0x000000756f200000)]
  0x000002451bace780 JavaThread "Unconstrained build operations Thread 42" [_thread_blocked, id=3856, stack(0x000000756f200000,0x000000756f300000)]
  0x000002451bacc100 JavaThread "Unconstrained build operations Thread 43" [_thread_blocked, id=13884, stack(0x000000756f300000,0x000000756f400000)]
  0x000002451bad3480 JavaThread "Unconstrained build operations Thread 44" [_thread_blocked, id=8104, stack(0x000000756f400000,0x000000756f500000)]
  0x000002451bad0460 JavaThread "Unconstrained build operations Thread 45" [_thread_blocked, id=6400, stack(0x000000756f500000,0x000000756f600000)]
  0x000002451bad0930 JavaThread "Unconstrained build operations Thread 46" [_thread_blocked, id=8144, stack(0x000000756f600000,0x000000756f700000)]
  0x000002451bacbc30 JavaThread "Unconstrained build operations Thread 47" [_thread_blocked, id=12472, stack(0x000000756f700000,0x000000756f800000)]
  0x000002451bacc5d0 JavaThread "Unconstrained build operations Thread 48" [_thread_blocked, id=14692, stack(0x000000756f800000,0x000000756f900000)]
  0x000002451bacd910 JavaThread "Unconstrained build operations Thread 49" [_thread_blocked, id=19080, stack(0x000000756f900000,0x000000756fa00000)]
  0x000002451baccf70 JavaThread "Unconstrained build operations Thread 50" [_thread_blocked, id=11152, stack(0x000000756fa00000,0x000000756fb00000)]
  0x000002451bacf120 JavaThread "Unconstrained build operations Thread 51" [_thread_blocked, id=5540, stack(0x000000756fb00000,0x000000756fc00000)]
  0x000002451baccaa0 JavaThread "Unconstrained build operations Thread 52" [_thread_blocked, id=12540, stack(0x000000756fc00000,0x000000756fd00000)]
  0x000002451bad12d0 JavaThread "Unconstrained build operations Thread 53" [_thread_blocked, id=10232, stack(0x000000756fd00000,0x000000756fe00000)]
  0x000002451bacdde0 JavaThread "Unconstrained build operations Thread 54" [_thread_blocked, id=4480, stack(0x000000756fe00000,0x000000756ff00000)]
  0x000002451bace2b0 JavaThread "Unconstrained build operations Thread 55" [_thread_blocked, id=11288, stack(0x000000756ff00000,0x0000007570000000)]
  0x000002451bad0e00 JavaThread "Unconstrained build operations Thread 56" [_thread_blocked, id=4428, stack(0x0000007570000000,0x0000007570100000)]
  0x000002451bad2fb0 JavaThread "Unconstrained build operations Thread 57" [_thread_blocked, id=9228, stack(0x0000007570100000,0x0000007570200000)]
  0x000002451bad17a0 JavaThread "Unconstrained build operations Thread 58" [_thread_blocked, id=20180, stack(0x0000007570200000,0x0000007570300000)]
  0x000002451bacec50 JavaThread "Unconstrained build operations Thread 59" [_thread_blocked, id=20004, stack(0x0000007570300000,0x0000007570400000)]
  0x000002451bad1c70 JavaThread "Unconstrained build operations Thread 60" [_thread_blocked, id=15704, stack(0x0000007570400000,0x0000007570500000)]
  0x000002451bacf5f0 JavaThread "Unconstrained build operations Thread 61" [_thread_blocked, id=18452, stack(0x0000007570500000,0x0000007570600000)]
  0x000002451bad2140 JavaThread "Unconstrained build operations Thread 62" [_thread_blocked, id=2312, stack(0x0000007570600000,0x0000007570700000)]
  0x000002451bad2610 JavaThread "Unconstrained build operations Thread 63" [_thread_blocked, id=9480, stack(0x0000007570700000,0x0000007570800000)]
  0x000002451bad2ae0 JavaThread "Unconstrained build operations Thread 64" [_thread_blocked, id=9856, stack(0x0000007570800000,0x0000007570900000)]
  0x000002451c645600 JavaThread "Unconstrained build operations Thread 65" [_thread_blocked, id=13060, stack(0x0000007570900000,0x0000007570a00000)]
  0x000002451c646e10 JavaThread "Unconstrained build operations Thread 66" [_thread_blocked, id=10940, stack(0x0000007570a00000,0x0000007570b00000)]
  0x000002451c643920 JavaThread "Unconstrained build operations Thread 67" [_thread_blocked, id=4208, stack(0x0000007570b00000,0x0000007570c00000)]
  0x000002451c645ad0 JavaThread "Unconstrained build operations Thread 68" [_thread_blocked, id=13620, stack(0x0000007570c00000,0x0000007570d00000)]
  0x000002451c643df0 JavaThread "Unconstrained build operations Thread 69" [_thread_blocked, id=6600, stack(0x0000007570d00000,0x0000007570e00000)]
  0x000002451c6477b0 JavaThread "Unconstrained build operations Thread 70" [_thread_blocked, id=20080, stack(0x0000007570e00000,0x0000007570f00000)]
  0x000002451c6442c0 JavaThread "Unconstrained build operations Thread 71" [_thread_blocked, id=8500, stack(0x0000007570f00000,0x0000007571000000)]
  0x000002451c644790 JavaThread "Unconstrained build operations Thread 72" [_thread_blocked, id=344, stack(0x0000007571000000,0x0000007571100000)]
  0x000002451c641770 JavaThread "Unconstrained build operations Thread 73" [_thread_blocked, id=16892, stack(0x0000007571100000,0x0000007571200000)]
  0x000002451c645fa0 JavaThread "Unconstrained build operations Thread 74" [_thread_blocked, id=14732, stack(0x0000007571200000,0x0000007571300000)]
  0x000002451c641c40 JavaThread "Unconstrained build operations Thread 75" [_thread_blocked, id=9060, stack(0x0000007571300000,0x0000007571400000)]
  0x000002451c644c60 JavaThread "Unconstrained build operations Thread 76" [_thread_blocked, id=3148, stack(0x0000007571400000,0x0000007571500000)]
  0x000002451c642f80 JavaThread "Unconstrained build operations Thread 77" [_thread_blocked, id=12916, stack(0x0000007571500000,0x0000007571600000)]
  0x000002451c6425e0 JavaThread "Unconstrained build operations Thread 78" [_thread_blocked, id=10192, stack(0x0000007571600000,0x0000007571700000)]
  0x000002451c642ab0 JavaThread "Unconstrained build operations Thread 79" [_thread_blocked, id=3484, stack(0x0000007571700000,0x0000007571800000)]
  0x000002451c648af0 JavaThread "Unconstrained build operations Thread 80" [_thread_blocked, id=8312, stack(0x0000007571800000,0x0000007571900000)]
  0x000002451c648fc0 JavaThread "jar transforms Thread 6" [_thread_blocked, id=16444, stack(0x0000007571900000,0x0000007571a00000)]
  0x000002451c643450 JavaThread "jar transforms Thread 7" [_thread_blocked, id=21372, stack(0x0000007571a00000,0x0000007571b00000)]
  0x000002451c645130 JavaThread "jar transforms Thread 8" [_thread_blocked, id=6528, stack(0x0000007571b00000,0x0000007571c00000)]
  0x000002451c642110 JavaThread "build event listener" [_thread_blocked, id=4344, stack(0x0000007571c00000,0x0000007571d00000)]
  0x000002451c6472e0 JavaThread "Memory manager" [_thread_blocked, id=11284, stack(0x0000007571d00000,0x0000007571e00000)]
  0x000002451c648620 JavaThread "build event listener" [_thread_blocked, id=7856, stack(0x0000007571e00000,0x0000007571f00000)]
  0x000002451b53cc20 JavaThread "build event listener" [_thread_blocked, id=6352, stack(0x0000007571f00000,0x0000007572000000)]

Other Threads:
  0x000002457f436a40 VMThread "VM Thread" [stack: 0x0000007569400000,0x0000007569500000] [id=10900]
  0x000002457a65a5b0 WatcherThread [stack: 0x000000756a000000,0x000000756a100000] [id=11020]
  0x000002457a638bc0 GCTaskThread "GC Thread#0" [stack: 0x0000007568f00000,0x0000007569000000] [id=16120]
  0x00000245163c8340 GCTaskThread "GC Thread#1" [stack: 0x000000756a200000,0x000000756a300000] [id=15428]
  0x00000245163c85f0 GCTaskThread "GC Thread#2" [stack: 0x000000756a300000,0x000000756a400000] [id=18016]
  0x0000024515f9cca0 GCTaskThread "GC Thread#3" [stack: 0x000000756a400000,0x000000756a500000] [id=1108]
  0x000002451750ec60 GCTaskThread "GC Thread#4" [stack: 0x000000756a500000,0x000000756a600000] [id=14688]
  0x0000024518334030 GCTaskThread "GC Thread#5" [stack: 0x000000756b100000,0x000000756b200000] [id=5396]
  0x00000245183342e0 GCTaskThread "GC Thread#6" [stack: 0x000000756b200000,0x000000756b300000] [id=2236]
  0x0000024518657ac0 GCTaskThread "GC Thread#7" [stack: 0x000000756b300000,0x000000756b400000] [id=4900]
  0x000002457a649a10 ConcurrentGCThread "G1 Main Marker" [stack: 0x0000007569000000,0x0000007569100000] [id=16416]
  0x000002457a64aad0 ConcurrentGCThread "G1 Conc#0" [stack: 0x0000007569100000,0x0000007569200000] [id=10308]
  0x000002451839c860 ConcurrentGCThread "G1 Conc#1" [stack: 0x000000756b400000,0x000000756b500000] [id=12732]
  0x000002457a6ae5f0 ConcurrentGCThread "G1 Refine#0" [stack: 0x0000007569200000,0x0000007569300000] [id=3844]
  0x000002451be9b6f0 ConcurrentGCThread "G1 Refine#1" [stack: 0x000000756c200000,0x000000756c300000] [id=9424]
  0x000002457f2850d0 ConcurrentGCThread "G1 Service" [stack: 0x0000007569300000,0x0000007569400000] [id=19920]

Threads with active compile tasks:
C2 CompilerThread0     7833 8797 %     4       org.gradle.internal.instantiation.generator.AbstractClassGenerator::inspectType @ 250 (560 bytes)
C2 CompilerThread1     7833 8747       4       java.net.URLClassLoader$1::run (5 bytes)
C2 CompilerThread2     7833 8890       4       org.gradle.internal.reflect.ClassInspector::inspectClass (179 bytes)

VM state: not at safepoint (normal execution)

VM Mutex/Monitor currently owned by a thread: None

Heap address: 0x0000000080000000, size: 2048 MB, Compressed Oops mode: 32-bit

CDS archive(s) not mapped
Compressed class space mapped at: 0x0000000100000000-0x0000000140000000, reserved size: 1073741824
Narrow klass base: 0x0000000000000000, Narrow klass shift: 3, Narrow klass range: 0x140000000

GC Precious Log:
 CPUs: 8 total, 8 available
 Memory: 7993M
 Large Page Support: Disabled
 NUMA Support: Disabled
 Compressed Oops: Enabled (32-bit)
 Heap Region Size: 1M
 Heap Min Capacity: 8M
 Heap Initial Capacity: 126M
 Heap Max Capacity: 2G
 Pre-touch: Disabled
 Parallel Workers: 8
 Concurrent Workers: 2
 Concurrent Refinement Workers: 8
 Periodic GC: Disabled

Heap:
 garbage-first heap   total 192512K, used 121912K [0x0000000080000000, 0x0000000100000000)
  region size 1024K, 63 young (64512K), 10 survivors (10240K)
 Metaspace       used 86507K, committed 87168K, reserved 1130496K
  class space    used 11804K, committed 12096K, reserved 1048576K

Heap Regions: E=young(eden), S=young(survivor), O=old, HS=humongous(starts), HC=humongous(continues), CS=collection set, F=free, OA=open archive, CA=closed archive, TAMS=top-at-mark-start (previous, next)
|   0|0x0000000080000000, 0x0000000080100000, 0x0000000080100000|100%|HS|  |TAMS 0x0000000080100000, 0x0000000080000000| Complete 
|   1|0x0000000080100000, 0x0000000080200000, 0x0000000080200000|100%|HC|  |TAMS 0x0000000080200000, 0x0000000080100000| Complete 
|   2|0x0000000080200000, 0x0000000080300000, 0x0000000080300000|100%|HC|  |TAMS 0x0000000080300000, 0x0000000080200000| Complete 
|   3|0x0000000080300000, 0x0000000080400000, 0x0000000080400000|100%|HC|  |TAMS 0x0000000080400000, 0x0000000080300000| Complete 
|   4|0x0000000080400000, 0x0000000080500000, 0x0000000080500000|100%| O|  |TAMS 0x0000000080500000, 0x0000000080400000| Untracked 
|   5|0x0000000080500000, 0x0000000080600000, 0x0000000080600000|100%| O|  |TAMS 0x0000000080600000, 0x0000000080500000| Untracked 
|   6|0x0000000080600000, 0x0000000080700000, 0x0000000080700000|100%| O|  |TAMS 0x0000000080700000, 0x0000000080600000| Untracked 
|   7|0x0000000080700000, 0x0000000080800000, 0x0000000080800000|100%| O|  |TAMS 0x0000000080800000, 0x0000000080700000| Untracked 
|   8|0x0000000080800000, 0x0000000080900000, 0x0000000080900000|100%| O|  |TAMS 0x0000000080900000, 0x0000000080800000| Untracked 
|   9|0x0000000080900000, 0x0000000080a00000, 0x0000000080a00000|100%| O|  |TAMS 0x0000000080a00000, 0x0000000080900000| Untracked 
|  10|0x0000000080a00000, 0x0000000080b00000, 0x0000000080b00000|100%| O|  |TAMS 0x0000000080b00000, 0x0000000080a00000| Untracked 
|  11|0x0000000080b00000, 0x0000000080b65200, 0x0000000080c00000| 39%| O|  |TAMS 0x0000000080b65200, 0x0000000080b00000| Untracked 
|  12|0x0000000080c00000, 0x0000000080d00000, 0x0000000080d00000|100%| O|  |TAMS 0x0000000080d00000, 0x0000000080c00000| Untracked 
|  13|0x0000000080d00000, 0x0000000080e00000, 0x0000000080e00000|100%| O|  |TAMS 0x0000000080e00000, 0x0000000080d00000| Untracked 
|  14|0x0000000080e00000, 0x0000000080f00000, 0x0000000080f00000|100%| O|  |TAMS 0x0000000080f00000, 0x0000000080e00000| Untracked 
|  15|0x0000000080f00000, 0x0000000081000000, 0x0000000081000000|100%| O|  |TAMS 0x0000000081000000, 0x0000000080f00000| Untracked 
|  16|0x0000000081000000, 0x0000000081100000, 0x0000000081100000|100%| O|  |TAMS 0x0000000081100000, 0x0000000081000000| Untracked 
|  17|0x0000000081100000, 0x0000000081200000, 0x0000000081200000|100%| O|  |TAMS 0x0000000081200000, 0x0000000081100000| Untracked 
|  18|0x0000000081200000, 0x0000000081300000, 0x0000000081300000|100%| O|  |TAMS 0x0000000081300000, 0x0000000081200000| Untracked 
|  19|0x0000000081300000, 0x0000000081400000, 0x0000000081400000|100%| O|  |TAMS 0x0000000081400000, 0x0000000081300000| Untracked 
|  20|0x0000000081400000, 0x0000000081500000, 0x0000000081500000|100%| O|  |TAMS 0x0000000081500000, 0x0000000081400000| Untracked 
|  21|0x0000000081500000, 0x0000000081600000, 0x0000000081600000|100%| O|  |TAMS 0x0000000081600000, 0x0000000081500000| Untracked 
|  22|0x0000000081600000, 0x0000000081700000, 0x0000000081700000|100%| O|  |TAMS 0x0000000081700000, 0x0000000081600000| Untracked 
|  23|0x0000000081700000, 0x0000000081800000, 0x0000000081800000|100%| O|  |TAMS 0x0000000081800000, 0x0000000081700000| Untracked 
|  24|0x0000000081800000, 0x0000000081900000, 0x0000000081900000|100%| O|  |TAMS 0x0000000081900000, 0x0000000081800000| Untracked 
|  25|0x0000000081900000, 0x0000000081a00000, 0x0000000081a00000|100%| O|  |TAMS 0x0000000081a00000, 0x0000000081900000| Untracked 
|  26|0x0000000081a00000, 0x0000000081b00000, 0x0000000081b00000|100%|HS|  |TAMS 0x0000000081b00000, 0x0000000081a00000| Complete 
|  27|0x0000000081b00000, 0x0000000081c00000, 0x0000000081c00000|100%|HS|  |TAMS 0x0000000081c00000, 0x0000000081b00000| Complete 
|  28|0x0000000081c00000, 0x0000000081d00000, 0x0000000081d00000|100%| O|  |TAMS 0x0000000081d00000, 0x0000000081c00000| Untracked 
|  29|0x0000000081d00000, 0x0000000081e00000, 0x0000000081e00000|100%| O|  |TAMS 0x0000000081e00000, 0x0000000081d00000| Untracked 
|  30|0x0000000081e00000, 0x0000000081f00000, 0x0000000081f00000|100%| O|  |TAMS 0x0000000081f00000, 0x0000000081e00000| Untracked 
|  31|0x0000000081f00000, 0x0000000082000000, 0x0000000082000000|100%| O|  |TAMS 0x0000000082000000, 0x0000000081f00000| Untracked 
|  32|0x0000000082000000, 0x0000000082100000, 0x0000000082100000|100%| O|  |TAMS 0x0000000082100000, 0x0000000082000000| Untracked 
|  33|0x0000000082100000, 0x0000000082200000, 0x0000000082200000|100%|HS|  |TAMS 0x0000000082200000, 0x0000000082100000| Complete 
|  34|0x0000000082200000, 0x0000000082300000, 0x0000000082300000|100%|HC|  |TAMS 0x0000000082300000, 0x0000000082200000| Complete 
|  35|0x0000000082300000, 0x0000000082400000, 0x0000000082400000|100%|HS|  |TAMS 0x0000000082400000, 0x0000000082300000| Complete 
|  36|0x0000000082400000, 0x0000000082500000, 0x0000000082500000|100%| O|  |TAMS 0x0000000082500000, 0x0000000082400000| Untracked 
|  37|0x0000000082500000, 0x0000000082600000, 0x0000000082600000|100%| O|  |TAMS 0x0000000082600000, 0x0000000082500000| Untracked 
|  38|0x0000000082600000, 0x0000000082700000, 0x0000000082700000|100%| O|  |TAMS 0x0000000082700000, 0x0000000082600000| Untracked 
|  39|0x0000000082700000, 0x0000000082800000, 0x0000000082800000|100%| O|  |TAMS 0x0000000082800000, 0x0000000082700000| Untracked 
|  40|0x0000000082800000, 0x0000000082900000, 0x0000000082900000|100%| O|  |TAMS 0x0000000082900000, 0x0000000082800000| Untracked 
|  41|0x0000000082900000, 0x0000000082a00000, 0x0000000082a00000|100%| O|  |TAMS 0x0000000082a00000, 0x0000000082900000| Untracked 
|  42|0x0000000082a00000, 0x0000000082b00000, 0x0000000082b00000|100%| O|  |TAMS 0x0000000082b00000, 0x0000000082a00000| Untracked 
|  43|0x0000000082b00000, 0x0000000082c00000, 0x0000000082c00000|100%|HS|  |TAMS 0x0000000082c00000, 0x0000000082b00000| Complete 
|  44|0x0000000082c00000, 0x0000000082d00000, 0x0000000082d00000|100%|HC|  |TAMS 0x0000000082d00000, 0x0000000082c00000| Complete 
|  45|0x0000000082d00000, 0x0000000082e00000, 0x0000000082e00000|100%|HC|  |TAMS 0x0000000082e00000, 0x0000000082d00000| Complete 
|  46|0x0000000082e00000, 0x0000000082f00000, 0x0000000082f00000|100%|HC|  |TAMS 0x0000000082f00000, 0x0000000082e00000| Complete 
|  47|0x0000000082f00000, 0x0000000083000000, 0x0000000083000000|100%| O|  |TAMS 0x0000000083000000, 0x0000000082f00000| Untracked 
|  48|0x0000000083000000, 0x0000000083100000, 0x0000000083100000|100%| O|  |TAMS 0x0000000083100000, 0x0000000083000000| Untracked 
|  49|0x0000000083100000, 0x0000000083200000, 0x0000000083200000|100%| O|  |TAMS 0x0000000083200000, 0x0000000083100000| Untracked 
|  50|0x0000000083200000, 0x0000000083300000, 0x0000000083300000|100%| O|  |TAMS 0x0000000083300000, 0x0000000083200000| Untracked 
|  51|0x0000000083300000, 0x0000000083400000, 0x0000000083400000|100%| O|  |TAMS 0x0000000083400000, 0x0000000083300000| Untracked 
|  52|0x0000000083400000, 0x0000000083500000, 0x0000000083500000|100%| O|  |TAMS 0x0000000083500000, 0x0000000083400000| Untracked 
|  53|0x0000000083500000, 0x0000000083600000, 0x0000000083600000|100%| O|  |TAMS 0x0000000083500000, 0x0000000083500000| Untracked 
|  54|0x0000000083600000, 0x0000000083700000, 0x0000000083700000|100%| O|  |TAMS 0x0000000083600000, 0x0000000083600000| Untracked 
|  55|0x0000000083700000, 0x0000000083800000, 0x0000000083800000|100%| O|  |TAMS 0x0000000083700000, 0x0000000083700000| Untracked 
|  56|0x0000000083800000, 0x0000000083800000, 0x0000000083900000|  0%| F|  |TAMS 0x0000000083800000, 0x0000000083800000| Untracked 
|  57|0x0000000083900000, 0x0000000083a00000, 0x0000000083a00000|100%| O|  |TAMS 0x0000000083900000, 0x0000000083900000| Untracked 
|  58|0x0000000083a00000, 0x0000000083a27600, 0x0000000083b00000| 15%| O|  |TAMS 0x0000000083a00000, 0x0000000083a00000| Untracked 
|  59|0x0000000083b00000, 0x0000000083c00000, 0x0000000083c00000|100%| O|  |TAMS 0x0000000083b9d600, 0x0000000083b00000| Untracked 
|  60|0x0000000083c00000, 0x0000000083c00000, 0x0000000083d00000|  0%| F|  |TAMS 0x0000000083c00000, 0x0000000083c00000| Untracked 
|  61|0x0000000083d00000, 0x0000000083d00000, 0x0000000083e00000|  0%| F|  |TAMS 0x0000000083d00000, 0x0000000083d00000| Untracked 
|  62|0x0000000083e00000, 0x0000000083e00000, 0x0000000083f00000|  0%| F|  |TAMS 0x0000000083e00000, 0x0000000083e00000| Untracked 
|  63|0x0000000083f00000, 0x0000000083f00000, 0x0000000084000000|  0%| F|  |TAMS 0x0000000083f00000, 0x0000000083f00000| Untracked 
|  64|0x0000000084000000, 0x0000000084000000, 0x0000000084100000|  0%| F|  |TAMS 0x0000000084000000, 0x0000000084000000| Untracked 
|  65|0x0000000084100000, 0x0000000084100000, 0x0000000084200000|  0%| F|  |TAMS 0x0000000084100000, 0x0000000084100000| Untracked 
|  66|0x0000000084200000, 0x0000000084200000, 0x0000000084300000|  0%| F|  |TAMS 0x0000000084200000, 0x0000000084200000| Untracked 
|  67|0x0000000084300000, 0x0000000084300000, 0x0000000084400000|  0%| F|  |TAMS 0x0000000084300000, 0x0000000084300000| Untracked 
|  68|0x0000000084400000, 0x0000000084400000, 0x0000000084500000|  0%| F|  |TAMS 0x0000000084400000, 0x0000000084400000| Untracked 
|  69|0x0000000084500000, 0x0000000084500000, 0x0000000084600000|  0%| F|  |TAMS 0x0000000084500000, 0x0000000084500000| Untracked 
|  70|0x0000000084600000, 0x0000000084600000, 0x0000000084700000|  0%| F|  |TAMS 0x0000000084600000, 0x0000000084600000| Untracked 
|  71|0x0000000084700000, 0x0000000084700000, 0x0000000084800000|  0%| F|  |TAMS 0x0000000084700000, 0x0000000084700000| Untracked 
|  72|0x0000000084800000, 0x0000000084800000, 0x0000000084900000|  0%| F|  |TAMS 0x0000000084800000, 0x0000000084800000| Untracked 
|  73|0x0000000084900000, 0x0000000084900000, 0x0000000084a00000|  0%| F|  |TAMS 0x0000000084900000, 0x0000000084900000| Untracked 
|  74|0x0000000084a00000, 0x0000000084a00000, 0x0000000084b00000|  0%| F|  |TAMS 0x0000000084a00000, 0x0000000084a00000| Untracked 
|  75|0x0000000084b00000, 0x0000000084b00000, 0x0000000084c00000|  0%| F|  |TAMS 0x0000000084b00000, 0x0000000084b00000| Untracked 
|  76|0x0000000084c00000, 0x0000000084c00000, 0x0000000084d00000|  0%| F|  |TAMS 0x0000000084c00000, 0x0000000084c00000| Untracked 
|  77|0x0000000084d00000, 0x0000000084d00000, 0x0000000084e00000|  0%| F|  |TAMS 0x0000000084d00000, 0x0000000084d00000| Untracked 
|  78|0x0000000084e00000, 0x0000000084e00000, 0x0000000084f00000|  0%| F|  |TAMS 0x0000000084e00000, 0x0000000084e00000| Untracked 
|  79|0x0000000084f00000, 0x0000000084f00000, 0x0000000085000000|  0%| F|  |TAMS 0x0000000084f00000, 0x0000000084f00000| Untracked 
|  80|0x0000000085000000, 0x0000000085000000, 0x0000000085100000|  0%| F|  |TAMS 0x0000000085000000, 0x0000000085000000| Untracked 
|  81|0x0000000085100000, 0x0000000085100000, 0x0000000085200000|  0%| F|  |TAMS 0x0000000085100000, 0x0000000085100000| Untracked 
|  82|0x0000000085200000, 0x0000000085200000, 0x0000000085300000|  0%| F|  |TAMS 0x0000000085200000, 0x0000000085200000| Untracked 
|  83|0x0000000085300000, 0x0000000085300000, 0x0000000085400000|  0%| F|  |TAMS 0x0000000085300000, 0x0000000085300000| Untracked 
|  84|0x0000000085400000, 0x0000000085400000, 0x0000000085500000|  0%| F|  |TAMS 0x0000000085400000, 0x0000000085400000| Untracked 
|  85|0x0000000085500000, 0x0000000085500000, 0x0000000085600000|  0%| F|  |TAMS 0x0000000085500000, 0x0000000085500000| Untracked 
|  86|0x0000000085600000, 0x0000000085600000, 0x0000000085700000|  0%| F|  |TAMS 0x0000000085600000, 0x0000000085600000| Untracked 
|  87|0x0000000085700000, 0x0000000085700000, 0x0000000085800000|  0%| F|  |TAMS 0x0000000085700000, 0x0000000085700000| Untracked 
|  88|0x0000000085800000, 0x0000000085800000, 0x0000000085900000|  0%| F|  |TAMS 0x0000000085800000, 0x0000000085800000| Untracked 
|  89|0x0000000085900000, 0x0000000085900000, 0x0000000085a00000|  0%| F|  |TAMS 0x0000000085900000, 0x0000000085900000| Untracked 
|  90|0x0000000085a00000, 0x0000000085a00000, 0x0000000085b00000|  0%| F|  |TAMS 0x0000000085a00000, 0x0000000085a00000| Untracked 
|  91|0x0000000085b00000, 0x0000000085b00000, 0x0000000085c00000|  0%| F|  |TAMS 0x0000000085b00000, 0x0000000085b00000| Untracked 
|  92|0x0000000085c00000, 0x0000000085c00000, 0x0000000085d00000|  0%| F|  |TAMS 0x0000000085c00000, 0x0000000085c00000| Untracked 
|  93|0x0000000085d00000, 0x0000000085d00000, 0x0000000085e00000|  0%| F|  |TAMS 0x0000000085d00000, 0x0000000085d00000| Untracked 
|  94|0x0000000085e00000, 0x0000000085e00000, 0x0000000085f00000|  0%| F|  |TAMS 0x0000000085e00000, 0x0000000085e00000| Untracked 
|  95|0x0000000085f00000, 0x0000000085f00000, 0x0000000086000000|  0%| F|  |TAMS 0x0000000085f00000, 0x0000000085f00000| Untracked 
|  96|0x0000000086000000, 0x0000000086000000, 0x0000000086100000|  0%| F|  |TAMS 0x0000000086000000, 0x0000000086000000| Untracked 
|  97|0x0000000086100000, 0x0000000086100000, 0x0000000086200000|  0%| F|  |TAMS 0x0000000086100000, 0x0000000086100000| Untracked 
|  98|0x0000000086200000, 0x0000000086200000, 0x0000000086300000|  0%| F|  |TAMS 0x0000000086200000, 0x0000000086200000| Untracked 
|  99|0x0000000086300000, 0x0000000086381900, 0x0000000086400000| 50%| S|CS|TAMS 0x0000000086300000, 0x0000000086300000| Complete 
| 100|0x0000000086400000, 0x0000000086500000, 0x0000000086500000|100%| S|CS|TAMS 0x0000000086400000, 0x0000000086400000| Complete 
| 101|0x0000000086500000, 0x0000000086600000, 0x0000000086600000|100%| S|CS|TAMS 0x0000000086500000, 0x0000000086500000| Complete 
| 102|0x0000000086600000, 0x0000000086700000, 0x0000000086700000|100%| S|CS|TAMS 0x0000000086600000, 0x0000000086600000| Complete 
| 103|0x0000000086700000, 0x0000000086800000, 0x0000000086800000|100%| S|CS|TAMS 0x0000000086700000, 0x0000000086700000| Complete 
| 104|0x0000000086800000, 0x0000000086900000, 0x0000000086900000|100%| S|CS|TAMS 0x0000000086800000, 0x0000000086800000| Complete 
| 105|0x0000000086900000, 0x0000000086a00000, 0x0000000086a00000|100%| S|CS|TAMS 0x0000000086900000, 0x0000000086900000| Complete 
| 106|0x0000000086a00000, 0x0000000086b00000, 0x0000000086b00000|100%| S|CS|TAMS 0x0000000086a00000, 0x0000000086a00000| Complete 
| 107|0x0000000086b00000, 0x0000000086c00000, 0x0000000086c00000|100%| S|CS|TAMS 0x0000000086b00000, 0x0000000086b00000| Complete 
| 108|0x0000000086c00000, 0x0000000086d00000, 0x0000000086d00000|100%| S|CS|TAMS 0x0000000086c00000, 0x0000000086c00000| Complete 
| 109|0x0000000086d00000, 0x0000000086d00000, 0x0000000086e00000|  0%| F|  |TAMS 0x0000000086d00000, 0x0000000086d00000| Untracked 
| 110|0x0000000086e00000, 0x0000000086e00000, 0x0000000086f00000|  0%| F|  |TAMS 0x0000000086e00000, 0x0000000086e00000| Untracked 
| 111|0x0000000086f00000, 0x0000000086f00000, 0x0000000087000000|  0%| F|  |TAMS 0x0000000086f00000, 0x0000000086f00000| Untracked 
| 112|0x0000000087000000, 0x0000000087000000, 0x0000000087100000|  0%| F|  |TAMS 0x0000000087000000, 0x0000000087000000| Untracked 
| 113|0x0000000087100000, 0x0000000087100000, 0x0000000087200000|  0%| F|  |TAMS 0x0000000087100000, 0x0000000087100000| Untracked 
| 114|0x0000000087200000, 0x0000000087200000, 0x0000000087300000|  0%| F|  |TAMS 0x0000000087200000, 0x0000000087200000| Untracked 
| 115|0x0000000087300000, 0x0000000087300000, 0x0000000087400000|  0%| F|  |TAMS 0x0000000087300000, 0x0000000087300000| Untracked 
| 116|0x0000000087400000, 0x0000000087400000, 0x0000000087500000|  0%| F|  |TAMS 0x0000000087400000, 0x0000000087400000| Untracked 
| 117|0x0000000087500000, 0x0000000087500000, 0x0000000087600000|  0%| F|  |TAMS 0x0000000087500000, 0x0000000087500000| Untracked 
| 118|0x0000000087600000, 0x0000000087600000, 0x0000000087700000|  0%| F|  |TAMS 0x0000000087600000, 0x0000000087600000| Untracked 
| 119|0x0000000087700000, 0x0000000087700000, 0x0000000087800000|  0%| F|  |TAMS 0x0000000087700000, 0x0000000087700000| Untracked 
| 120|0x0000000087800000, 0x0000000087800000, 0x0000000087900000|  0%| F|  |TAMS 0x0000000087800000, 0x0000000087800000| Untracked 
| 121|0x0000000087900000, 0x0000000087900000, 0x0000000087a00000|  0%| F|  |TAMS 0x0000000087900000, 0x0000000087900000| Untracked 
| 122|0x0000000087a00000, 0x0000000087a00000, 0x0000000087b00000|  0%| F|  |TAMS 0x0000000087a00000, 0x0000000087a00000| Untracked 
| 123|0x0000000087b00000, 0x0000000087b00000, 0x0000000087c00000|  0%| F|  |TAMS 0x0000000087b00000, 0x0000000087b00000| Untracked 
| 124|0x0000000087c00000, 0x0000000087c00000, 0x0000000087d00000|  0%| F|  |TAMS 0x0000000087c00000, 0x0000000087c00000| Untracked 
| 125|0x0000000087d00000, 0x0000000087d00000, 0x0000000087e00000|  0%| F|  |TAMS 0x0000000087d00000, 0x0000000087d00000| Untracked 
| 126|0x0000000087e00000, 0x0000000087e00000, 0x0000000087f00000|  0%| F|  |TAMS 0x0000000087e00000, 0x0000000087e00000| Untracked 
| 127|0x0000000087f00000, 0x0000000087f00000, 0x0000000088000000|  0%| F|  |TAMS 0x0000000087f00000, 0x0000000087f00000| Untracked 
| 128|0x0000000088000000, 0x0000000088000000, 0x0000000088100000|  0%| F|  |TAMS 0x0000000088000000, 0x0000000088000000| Untracked 
| 129|0x0000000088100000, 0x0000000088100000, 0x0000000088200000|  0%| F|  |TAMS 0x0000000088100000, 0x0000000088100000| Untracked 
| 130|0x0000000088200000, 0x0000000088200000, 0x0000000088300000|  0%| F|  |TAMS 0x0000000088200000, 0x0000000088200000| Untracked 
| 131|0x0000000088300000, 0x0000000088300000, 0x0000000088400000|  0%| F|  |TAMS 0x0000000088300000, 0x0000000088300000| Untracked 
| 132|0x0000000088400000, 0x0000000088400000, 0x0000000088500000|  0%| F|  |TAMS 0x0000000088400000, 0x0000000088400000| Untracked 
| 133|0x0000000088500000, 0x0000000088500000, 0x0000000088600000|  0%| F|  |TAMS 0x0000000088500000, 0x0000000088500000| Untracked 
| 134|0x0000000088600000, 0x0000000088680800, 0x0000000088700000| 50%| E|  |TAMS 0x0000000088600000, 0x0000000088600000| Complete 
| 135|0x0000000088700000, 0x0000000088800000, 0x0000000088800000|100%| E|CS|TAMS 0x0000000088700000, 0x0000000088700000| Complete 
| 136|0x0000000088800000, 0x0000000088900000, 0x0000000088900000|100%| E|CS|TAMS 0x0000000088800000, 0x0000000088800000| Complete 
| 137|0x0000000088900000, 0x0000000088a00000, 0x0000000088a00000|100%| E|CS|TAMS 0x0000000088900000, 0x0000000088900000| Complete 
| 138|0x0000000088a00000, 0x0000000088b00000, 0x0000000088b00000|100%| E|CS|TAMS 0x0000000088a00000, 0x0000000088a00000| Complete 
| 139|0x0000000088b00000, 0x0000000088c00000, 0x0000000088c00000|100%| E|CS|TAMS 0x0000000088b00000, 0x0000000088b00000| Complete 
| 140|0x0000000088c00000, 0x0000000088d00000, 0x0000000088d00000|100%| E|CS|TAMS 0x0000000088c00000, 0x0000000088c00000| Complete 
| 141|0x0000000088d00000, 0x0000000088e00000, 0x0000000088e00000|100%| E|CS|TAMS 0x0000000088d00000, 0x0000000088d00000| Complete 
| 142|0x0000000088e00000, 0x0000000088f00000, 0x0000000088f00000|100%| E|CS|TAMS 0x0000000088e00000, 0x0000000088e00000| Complete 
| 143|0x0000000088f00000, 0x0000000089000000, 0x0000000089000000|100%| E|CS|TAMS 0x0000000088f00000, 0x0000000088f00000| Complete 
| 144|0x0000000089000000, 0x0000000089100000, 0x0000000089100000|100%| E|CS|TAMS 0x0000000089000000, 0x0000000089000000| Complete 
| 145|0x0000000089100000, 0x0000000089200000, 0x0000000089200000|100%| E|CS|TAMS 0x0000000089100000, 0x0000000089100000| Complete 
| 146|0x0000000089200000, 0x0000000089300000, 0x0000000089300000|100%| E|CS|TAMS 0x0000000089200000, 0x0000000089200000| Complete 
| 147|0x0000000089300000, 0x0000000089400000, 0x0000000089400000|100%| E|CS|TAMS 0x0000000089300000, 0x0000000089300000| Complete 
| 148|0x0000000089400000, 0x0000000089500000, 0x0000000089500000|100%| E|CS|TAMS 0x0000000089400000, 0x0000000089400000| Complete 
| 149|0x0000000089500000, 0x0000000089600000, 0x0000000089600000|100%| E|CS|TAMS 0x0000000089500000, 0x0000000089500000| Complete 
| 150|0x0000000089600000, 0x0000000089700000, 0x0000000089700000|100%| E|CS|TAMS 0x0000000089600000, 0x0000000089600000| Complete 
| 151|0x0000000089700000, 0x0000000089800000, 0x0000000089800000|100%| E|CS|TAMS 0x0000000089700000, 0x0000000089700000| Complete 
| 152|0x0000000089800000, 0x0000000089900000, 0x0000000089900000|100%| E|CS|TAMS 0x0000000089800000, 0x0000000089800000| Complete 
| 153|0x0000000089900000, 0x0000000089a00000, 0x0000000089a00000|100%| E|CS|TAMS 0x0000000089900000, 0x0000000089900000| Complete 
| 154|0x0000000089a00000, 0x0000000089b00000, 0x0000000089b00000|100%| E|CS|TAMS 0x0000000089a00000, 0x0000000089a00000| Complete 
| 155|0x0000000089b00000, 0x0000000089c00000, 0x0000000089c00000|100%| E|CS|TAMS 0x0000000089b00000, 0x0000000089b00000| Complete 
| 156|0x0000000089c00000, 0x0000000089d00000, 0x0000000089d00000|100%| E|CS|TAMS 0x0000000089c00000, 0x0000000089c00000| Complete 
| 157|0x0000000089d00000, 0x0000000089e00000, 0x0000000089e00000|100%| E|CS|TAMS 0x0000000089d00000, 0x0000000089d00000| Complete 
| 158|0x0000000089e00000, 0x0000000089f00000, 0x0000000089f00000|100%| E|CS|TAMS 0x0000000089e00000, 0x0000000089e00000| Complete 
| 159|0x0000000089f00000, 0x000000008a000000, 0x000000008a000000|100%| E|CS|TAMS 0x0000000089f00000, 0x0000000089f00000| Complete 
| 160|0x000000008a000000, 0x000000008a100000, 0x000000008a100000|100%| E|CS|TAMS 0x000000008a000000, 0x000000008a000000| Complete 
| 161|0x000000008a100000, 0x000000008a200000, 0x000000008a200000|100%| E|CS|TAMS 0x000000008a100000, 0x000000008a100000| Complete 
| 162|0x000000008a200000, 0x000000008a300000, 0x000000008a300000|100%| E|CS|TAMS 0x000000008a200000, 0x000000008a200000| Complete 
| 163|0x000000008a300000, 0x000000008a400000, 0x000000008a400000|100%| E|CS|TAMS 0x000000008a300000, 0x000000008a300000| Complete 
| 164|0x000000008a400000, 0x000000008a500000, 0x000000008a500000|100%| E|CS|TAMS 0x000000008a400000, 0x000000008a400000| Complete 
| 165|0x000000008a500000, 0x000000008a600000, 0x000000008a600000|100%| E|CS|TAMS 0x000000008a500000, 0x000000008a500000| Complete 
| 166|0x000000008a600000, 0x000000008a700000, 0x000000008a700000|100%| E|CS|TAMS 0x000000008a600000, 0x000000008a600000| Complete 
| 167|0x000000008a700000, 0x000000008a800000, 0x000000008a800000|100%| E|CS|TAMS 0x000000008a700000, 0x000000008a700000| Complete 
| 168|0x000000008a800000, 0x000000008a900000, 0x000000008a900000|100%| E|CS|TAMS 0x000000008a800000, 0x000000008a800000| Complete 
| 169|0x000000008a900000, 0x000000008aa00000, 0x000000008aa00000|100%| E|CS|TAMS 0x000000008a900000, 0x000000008a900000| Complete 
| 170|0x000000008aa00000, 0x000000008ab00000, 0x000000008ab00000|100%| E|CS|TAMS 0x000000008aa00000, 0x000000008aa00000| Complete 
| 171|0x000000008ab00000, 0x000000008ac00000, 0x000000008ac00000|100%| E|CS|TAMS 0x000000008ab00000, 0x000000008ab00000| Complete 
| 172|0x000000008ac00000, 0x000000008ad00000, 0x000000008ad00000|100%| E|CS|TAMS 0x000000008ac00000, 0x000000008ac00000| Complete 
| 173|0x000000008ad00000, 0x000000008ae00000, 0x000000008ae00000|100%| E|CS|TAMS 0x000000008ad00000, 0x000000008ad00000| Complete 
| 174|0x000000008ae00000, 0x000000008af00000, 0x000000008af00000|100%| E|CS|TAMS 0x000000008ae00000, 0x000000008ae00000| Complete 
| 175|0x000000008af00000, 0x000000008b000000, 0x000000008b000000|100%| E|CS|TAMS 0x000000008af00000, 0x000000008af00000| Complete 
| 176|0x000000008b000000, 0x000000008b100000, 0x000000008b100000|100%| E|CS|TAMS 0x000000008b000000, 0x000000008b000000| Complete 
| 177|0x000000008b100000, 0x000000008b200000, 0x000000008b200000|100%| E|CS|TAMS 0x000000008b100000, 0x000000008b100000| Complete 
| 178|0x000000008b200000, 0x000000008b300000, 0x000000008b300000|100%| E|CS|TAMS 0x000000008b200000, 0x000000008b200000| Complete 
| 179|0x000000008b300000, 0x000000008b400000, 0x000000008b400000|100%| E|CS|TAMS 0x000000008b300000, 0x000000008b300000| Complete 
| 180|0x000000008b400000, 0x000000008b500000, 0x000000008b500000|100%| E|CS|TAMS 0x000000008b400000, 0x000000008b400000| Complete 
| 181|0x000000008b500000, 0x000000008b600000, 0x000000008b600000|100%| E|CS|TAMS 0x000000008b500000, 0x000000008b500000| Complete 
| 182|0x000000008b600000, 0x000000008b700000, 0x000000008b700000|100%| E|CS|TAMS 0x000000008b600000, 0x000000008b600000| Complete 
| 183|0x000000008b700000, 0x000000008b800000, 0x000000008b800000|100%| E|CS|TAMS 0x000000008b700000, 0x000000008b700000| Complete 
| 184|0x000000008b800000, 0x000000008b900000, 0x000000008b900000|100%| E|CS|TAMS 0x000000008b800000, 0x000000008b800000| Complete 
| 185|0x000000008b900000, 0x000000008ba00000, 0x000000008ba00000|100%| E|CS|TAMS 0x000000008b900000, 0x000000008b900000| Complete 
| 186|0x000000008ba00000, 0x000000008bb00000, 0x000000008bb00000|100%| E|CS|TAMS 0x000000008ba00000, 0x000000008ba00000| Complete 
| 187|0x000000008bb00000, 0x000000008bc00000, 0x000000008bc00000|100%| E|CS|TAMS 0x000000008bb00000, 0x000000008bb00000| Complete 

Card table byte_map: [0x000002457e1e0000,0x000002457e5e0000] _byte_map_base: 0x000002457dde0000

Marking Bits (Prev, Next): (CMBitMap*) 0x000002457a639120, (CMBitMap*) 0x000002457a6390e0
 Prev Bits: [0x0000024511000000, 0x0000024513000000)
 Next Bits: [0x000002450f000000, 0x0000024511000000)

Polling page: 0x00000245785e0000

Metaspace:

Usage:
  Non-class:     72.99 MB used.
      Class:     11.54 MB used.
       Both:     84.53 MB used.

Virtual space:
  Non-class space:       80.00 MB reserved,      73.31 MB ( 92%) committed,  10 nodes.
      Class space:        1.00 GB reserved,      11.81 MB (  1%) committed,  1 nodes.
             Both:        1.08 GB reserved,      85.12 MB (  8%) committed. 

Chunk freelists:
   Non-Class:  2.56 MB
       Class:  32.00 KB
        Both:  2.59 MB

MaxMetaspaceSize: unlimited
CompressedClassSpaceSize: 1.00 GB
Initial GC threshold: 21.00 MB
Current GC threshold: 110.88 MB
CDS: off
MetaspaceReclaimPolicy: balanced
 - commit_granule_bytes: 65536.
 - commit_granule_words: 8192.
 - virtual_space_node_default_size: 1048576.
 - enlarge_chunks_in_place: 1.
 - new_chunks_are_fully_committed: 0.
 - uncommit_free_chunks: 1.
 - use_allocation_guard: 0.
 - handle_deallocations: 1.


Internal statistics:

num_allocs_failed_limit: 6.
num_arena_births: 826.
num_arena_deaths: 0.
num_vsnodes_births: 11.
num_vsnodes_deaths: 0.
num_space_committed: 1362.
num_space_uncommitted: 0.
num_chunks_returned_to_freelist: 6.
num_chunks_taken_from_freelist: 3888.
num_chunk_merges: 6.
num_chunk_splits: 2628.
num_chunks_enlarged: 1840.
num_purges: 0.
num_inconsistent_stats: 0.

CodeHeap 'non-profiled nmethods': size=120000Kb used=5055Kb max_used=5055Kb free=114944Kb
 bounds [0x0000024507ad0000, 0x0000024507fc0000, 0x000002450f000000]
CodeHeap 'profiled nmethods': size=120000Kb used=15705Kb max_used=15705Kb free=104294Kb
 bounds [0x0000024500000000, 0x0000024500f60000, 0x0000024507530000]
CodeHeap 'non-nmethods': size=5760Kb used=2382Kb max_used=2481Kb free=3377Kb
 bounds [0x0000024507530000, 0x00000245077b0000, 0x0000024507ad0000]
 total_blobs=9006 nmethods=8090 adapters=826
 compilation: enabled
              stopped_count=0, restarted_count=0
 full_count=0

Compilation events (20 events):
Event: 7.787 Thread 0x0000024515829770 8909       3       org.gradle.api.internal.collections.CollectionFilter$1::execute (24 bytes)
Event: 7.788 Thread 0x0000024515829770 nmethod 8909 0x0000024500f3d010 code [0x0000024500f3d1c0, 0x0000024500f3d418]
Event: 7.793 Thread 0x0000024515829770 8910       3       java.util.LinkedHashMap::get (29 bytes)
Event: 7.793 Thread 0x0000024515829770 nmethod 8910 0x0000024500f3d510 code [0x0000024500f3d6c0, 0x0000024500f3d8f8]
Event: 7.793 Thread 0x0000024515829770 8912       3       java.util.HashMap::getNode (150 bytes)
Event: 7.793 Thread 0x0000024515829770 nmethod 8912 0x0000024500f3da10 code [0x0000024500f3dc80, 0x0000024500f3e978]
Event: 7.794 Thread 0x0000024515829770 8911       3       org.gradle.internal.reflect.MethodSet::add (50 bytes)
Event: 7.794 Thread 0x0000024515829770 nmethod 8911 0x0000024500f3ed10 code [0x0000024500f3ef20, 0x0000024500f3f7b8]
Event: 7.794 Thread 0x0000024515829770 8913       3       java.util.HashMap::resize (356 bytes)
Event: 7.795 Thread 0x0000024515829770 nmethod 8913 0x0000024500f3fa90 code [0x0000024500f3fd40, 0x0000024500f41108]
Event: 7.796 Thread 0x0000024515829770 8914       3       java.lang.String::toUpperCase (8 bytes)
Event: 7.796 Thread 0x0000024515829770 nmethod 8914 0x0000024500f41590 code [0x0000024500f41760, 0x0000024500f41af8]
Event: 7.796 Thread 0x0000024515829770 8915       3       java.lang.Character::isLowerCase (5 bytes)
Event: 7.796 Thread 0x0000024515829770 nmethod 8915 0x0000024500f41c10 code [0x0000024500f41dc0, 0x0000024500f42018]
Event: 7.796 Thread 0x0000024515829770 8916       3       java.lang.Character::isLowerCase (9 bytes)
Event: 7.796 Thread 0x0000024515829770 nmethod 8916 0x0000024500f42110 code [0x0000024500f422c0, 0x0000024500f424b8]
Event: 7.800 Thread 0x0000024515829770 8917       3       org.gradle.internal.instantiation.generator.AsmBackedClassGenerator$ClassInspectionVisitorImpl::mixInExtensible (13 bytes)
Event: 7.800 Thread 0x0000024515829770 nmethod 8917 0x0000024500f42590 code [0x0000024500f42720, 0x0000024500f42878]
Event: 7.801 Thread 0x0000024515829770 8918       3       org.objectweb.asm.AnnotationWriter::computeAnnotationsSize (42 bytes)
Event: 7.801 Thread 0x0000024515829770 nmethod 8918 0x0000024500f42910 code [0x0000024500f42ac0, 0x0000024500f42d08]

GC Heap History (20 events):
Event: 4.787 GC heap before
{Heap before GC invocations=15 (full 0):
 garbage-first heap   total 100352K, used 50118K [0x0000000080000000, 0x0000000100000000)
  region size 1024K, 4 young (4096K), 2 survivors (2048K)
 Metaspace       used 53521K, committed 54016K, reserved 1097728K
  class space    used 7139K, committed 7360K, reserved 1048576K
}
Event: 4.788 GC heap after
{Heap after GC invocations=16 (full 0):
 garbage-first heap   total 100352K, used 50580K [0x0000000080000000, 0x0000000100000000)
  region size 1024K, 3 young (3072K), 3 survivors (3072K)
 Metaspace       used 53521K, committed 54016K, reserved 1097728K
  class space    used 7139K, committed 7360K, reserved 1048576K
}
Event: 4.948 GC heap before
{Heap before GC invocations=17 (full 0):
 garbage-first heap   total 100352K, used 65940K [0x0000000080000000, 0x0000000100000000)
  region size 1024K, 17 young (17408K), 3 survivors (3072K)
 Metaspace       used 55120K, committed 55616K, reserved 1097728K
  class space    used 7359K, committed 7552K, reserved 1048576K
}
Event: 4.950 GC heap after
{Heap after GC invocations=18 (full 0):
 garbage-first heap   total 100352K, used 51922K [0x0000000080000000, 0x0000000100000000)
  region size 1024K, 2 young (2048K), 2 survivors (2048K)
 Metaspace       used 55120K, committed 55616K, reserved 1097728K
  class space    used 7359K, committed 7552K, reserved 1048576K
}
Event: 5.106 GC heap before
{Heap before GC invocations=18 (full 0):
 garbage-first heap   total 100352K, used 66258K [0x0000000080000000, 0x0000000100000000)
  region size 1024K, 16 young (16384K), 2 survivors (2048K)
 Metaspace       used 57055K, committed 57536K, reserved 1105920K
  class space    used 7635K, committed 7872K, reserved 1048576K
}
Event: 5.108 GC heap after
{Heap after GC invocations=19 (full 0):
 garbage-first heap   total 100352K, used 52655K [0x0000000080000000, 0x0000000100000000)
  region size 1024K, 1 young (1024K), 1 survivors (1024K)
 Metaspace       used 57055K, committed 57536K, reserved 1105920K
  class space    used 7635K, committed 7872K, reserved 1048576K
}
Event: 5.310 GC heap before
{Heap before GC invocations=20 (full 0):
 garbage-first heap   total 100352K, used 69039K [0x0000000080000000, 0x0000000100000000)
  region size 1024K, 17 young (17408K), 1 survivors (1024K)
 Metaspace       used 59696K, committed 60224K, reserved 1105920K
  class space    used 7923K, committed 8192K, reserved 1048576K
}
Event: 5.311 GC heap after
{Heap after GC invocations=21 (full 0):
 garbage-first heap   total 100352K, used 53088K [0x0000000080000000, 0x0000000100000000)
  region size 1024K, 2 young (2048K), 2 survivors (2048K)
 Metaspace       used 59696K, committed 60224K, reserved 1105920K
  class space    used 7923K, committed 8192K, reserved 1048576K
}
Event: 5.561 GC heap before
{Heap before GC invocations=21 (full 0):
 garbage-first heap   total 100352K, used 69472K [0x0000000080000000, 0x0000000100000000)
  region size 1024K, 19 young (19456K), 2 survivors (2048K)
 Metaspace       used 62713K, committed 63232K, reserved 1105920K
  class space    used 8365K, committed 8576K, reserved 1048576K
}
Event: 5.564 GC heap after
{Heap after GC invocations=22 (full 0):
 garbage-first heap   total 100352K, used 54630K [0x0000000080000000, 0x0000000100000000)
  region size 1024K, 3 young (3072K), 3 survivors (3072K)
 Metaspace       used 62713K, committed 63232K, reserved 1105920K
  class space    used 8365K, committed 8576K, reserved 1048576K
}
Event: 5.634 GC heap before
{Heap before GC invocations=23 (full 0):
 garbage-first heap   total 100352K, used 57702K [0x0000000080000000, 0x0000000100000000)
  region size 1024K, 7 young (7168K), 3 survivors (3072K)
 Metaspace       used 63997K, committed 64576K, reserved 1105920K
  class space    used 8505K, committed 8768K, reserved 1048576K
}
Event: 5.636 GC heap after
{Heap after GC invocations=24 (full 0):
 garbage-first heap   total 100352K, used 55377K [0x0000000080000000, 0x0000000100000000)
  region size 1024K, 3 young (3072K), 3 survivors (3072K)
 Metaspace       used 63997K, committed 64576K, reserved 1105920K
  class space    used 8505K, committed 8768K, reserved 1048576K
}
Event: 5.764 GC heap before
{Heap before GC invocations=25 (full 0):
 garbage-first heap   total 117760K, used 79953K [0x0000000080000000, 0x0000000100000000)
  region size 1024K, 21 young (21504K), 3 survivors (3072K)
 Metaspace       used 64889K, committed 65408K, reserved 1105920K
  class space    used 8628K, committed 8832K, reserved 1048576K
}
Event: 5.768 GC heap after
{Heap after GC invocations=26 (full 0):
 garbage-first heap   total 117760K, used 57329K [0x0000000080000000, 0x0000000100000000)
  region size 1024K, 3 young (3072K), 3 survivors (3072K)
 Metaspace       used 64889K, committed 65408K, reserved 1105920K
  class space    used 8628K, committed 8832K, reserved 1048576K
}
Event: 6.004 GC heap before
{Heap before GC invocations=26 (full 0):
 garbage-first heap   total 117760K, used 83953K [0x0000000080000000, 0x0000000100000000)
  region size 1024K, 29 young (29696K), 3 survivors (3072K)
 Metaspace       used 67363K, committed 67904K, reserved 1114112K
  class space    used 8936K, committed 9152K, reserved 1048576K
}
Event: 6.008 GC heap after
{Heap after GC invocations=27 (full 0):
 garbage-first heap   total 192512K, used 59202K [0x0000000080000000, 0x0000000100000000)
  region size 1024K, 2 young (2048K), 2 survivors (2048K)
 Metaspace       used 67363K, committed 67904K, reserved 1114112K
  class space    used 8936K, committed 9152K, reserved 1048576K
}
Event: 6.610 GC heap before
{Heap before GC invocations=28 (full 0):
 garbage-first heap   total 192512K, used 122690K [0x0000000080000000, 0x0000000100000000)
  region size 1024K, 64 young (65536K), 2 survivors (2048K)
 Metaspace       used 74606K, committed 75200K, reserved 1114112K
  class space    used 9960K, committed 10240K, reserved 1048576K
}
Event: 6.615 GC heap after
{Heap after GC invocations=29 (full 0):
 garbage-first heap   total 192512K, used 63733K [0x0000000080000000, 0x0000000100000000)
  region size 1024K, 7 young (7168K), 7 survivors (7168K)
 Metaspace       used 74606K, committed 75200K, reserved 1114112K
  class space    used 9960K, committed 10240K, reserved 1048576K
}
Event: 7.289 GC heap before
{Heap before GC invocations=29 (full 0):
 garbage-first heap   total 192512K, used 137461K [0x0000000080000000, 0x0000000100000000)
  region size 1024K, 79 young (80896K), 7 survivors (7168K)
 Metaspace       used 81337K, committed 81920K, reserved 1122304K
  class space    used 11067K, committed 11328K, reserved 1048576K
}
Event: 7.295 GC heap after
{Heap after GC invocations=30 (full 0):
 garbage-first heap   total 192512K, used 68664K [0x0000000080000000, 0x0000000100000000)
  region size 1024K, 10 young (10240K), 10 survivors (10240K)
 Metaspace       used 81337K, committed 81920K, reserved 1122304K
  class space    used 11067K, committed 11328K, reserved 1048576K
}

Dll operation events (2 events):
Event: 0.006 Loaded shared library C:\Program Files\Android\Android Studio\jbr\bin\java.dll
Event: 0.492 Loaded shared library C:\Program Files\Android\Android Studio\jbr\bin\verify.dll

Deoptimization events (20 events):
Event: 7.679 Thread 0x00000245180d0380 DEOPT PACKING pc=0x0000024507f8edb8 sp=0x000000756adfa450
Event: 7.679 Thread 0x00000245180d0380 DEOPT UNPACKING pc=0x00000245075869a3 sp=0x000000756adfa408 mode 2
Event: 7.682 Thread 0x00000245180d0380 DEOPT PACKING pc=0x00000245000918ae sp=0x000000756adf97d0
Event: 7.682 Thread 0x00000245180d0380 DEOPT UNPACKING pc=0x0000024507587143 sp=0x000000756adf8d98 mode 0
Event: 7.792 Thread 0x00000245180d0380 Uncommon trap: trap_request=0xffffff45 fr.pc=0x0000024507b3f040 relative=0x0000000000000a60
Event: 7.792 Thread 0x00000245180d0380 Uncommon trap: reason=unstable_if action=reinterpret pc=0x0000024507b3f040 method=java.util.HashMap.resize()[Ljava/util/HashMap$Node; @ 203 c2
Event: 7.792 Thread 0x00000245180d0380 DEOPT PACKING pc=0x0000024507b3f040 sp=0x000000756adf9180
Event: 7.792 Thread 0x00000245180d0380 DEOPT UNPACKING pc=0x00000245075869a3 sp=0x000000756adf9110 mode 2
Event: 7.793 Thread 0x00000245180d0380 Uncommon trap: trap_request=0xffffff45 fr.pc=0x0000024507b19a0c relative=0x000000000000274c
Event: 7.793 Thread 0x00000245180d0380 Uncommon trap: reason=unstable_if action=reinterpret pc=0x0000024507b19a0c method=java.util.HashMap.getNode(Ljava/lang/Object;)Ljava/util/HashMap$Node; @ 85 c2
Event: 7.793 Thread 0x00000245180d0380 DEOPT PACKING pc=0x0000024507b19a0c sp=0x000000756adf9210
Event: 7.793 Thread 0x00000245180d0380 DEOPT UNPACKING pc=0x00000245075869a3 sp=0x000000756adf90f8 mode 2
Event: 7.793 Thread 0x00000245180d0380 Uncommon trap: trap_request=0xffffff45 fr.pc=0x0000024507e5e6a8 relative=0x0000000000000308
Event: 7.793 Thread 0x00000245180d0380 Uncommon trap: reason=unstable_if action=reinterpret pc=0x0000024507e5e6a8 method=java.util.HashMap.getNode(Ljava/lang/Object;)Ljava/util/HashMap$Node; @ 85 c2
Event: 7.793 Thread 0x00000245180d0380 DEOPT PACKING pc=0x0000024507e5e6a8 sp=0x000000756adf91c0
Event: 7.793 Thread 0x00000245180d0380 DEOPT UNPACKING pc=0x00000245075869a3 sp=0x000000756adf90e0 mode 2
Event: 7.793 Thread 0x00000245180d0380 Uncommon trap: trap_request=0xffffff45 fr.pc=0x0000024507d237a4 relative=0x0000000000000284
Event: 7.793 Thread 0x00000245180d0380 Uncommon trap: reason=unstable_if action=reinterpret pc=0x0000024507d237a4 method=java.util.HashMap.getNode(Ljava/lang/Object;)Ljava/util/HashMap$Node; @ 85 c2
Event: 7.793 Thread 0x00000245180d0380 DEOPT PACKING pc=0x0000024507d237a4 sp=0x000000756adf9160
Event: 7.793 Thread 0x00000245180d0380 DEOPT UNPACKING pc=0x00000245075869a3 sp=0x000000756adf90e0 mode 2

Classes unloaded (0 events):
No events

Classes redefined (0 events):
No events

Internal exceptions (20 events):
Event: 7.394 Thread 0x00000245180d0380 Exception <a 'java/lang/ClassNotFoundException'{0x000000008b0804a0}: com/android/build/gradle/internal/api/ApkVariantOutputImplBeanInfo> (0x000000008b0804a0) 
thrown [s\src\hotspot\share\classfile\systemDictionary.cpp, line 256]
Event: 7.394 Thread 0x00000245180d0380 Exception <a 'java/lang/ClassNotFoundException'{0x000000008b08dea8}: com/android/build/gradle/internal/api/BaseVariantOutputImplBeanInfo> (0x000000008b08dea8) 
thrown [s\src\hotspot\share\classfile\systemDictionary.cpp, line 256]
Event: 7.395 Thread 0x00000245180d0380 Exception <a 'java/lang/ClassNotFoundException'{0x000000008b09b870}: com/android/build/gradle/internal/api/BaseVariantOutputImplCustomizer> (0x000000008b09b870) 
thrown [s\src\hotspot\share\classfile\systemDictionary.cpp, line 256]
Event: 7.395 Thread 0x00000245180d0380 Exception <a 'java/lang/ClassNotFoundException'{0x000000008b0bb940}: com/android/build/gradle/internal/api/ApkVariantOutputImplCustomizer> (0x000000008b0bb940) 
thrown [s\src\hotspot\share\classfile\systemDictionary.cpp, line 256]
Event: 7.396 Thread 0x00000245180d0380 Exception <a 'java/lang/ClassNotFoundException'{0x000000008b0d5d10}: com/android/build/gradle/internal/api/ApkVariantOutputImpl_DecoratedCustomizer> (0x000000008b0d5d10) 
thrown [s\src\hotspot\share\classfile\systemDictionary.cpp, line 256]
Event: 7.456 Thread 0x00000245180d0380 Exception <a 'java/lang/ClassNotFoundException'{0x000000008aaac670}: com/android/build/gradle/internal/api/ReadOnlyBuildTypeBeanInfo> (0x000000008aaac670) 
thrown [s\src\hotspot\share\classfile\systemDictionary.cpp, line 256]
Event: 7.456 Thread 0x00000245180d0380 Exception <a 'java/lang/ClassNotFoundException'{0x000000008aab9ff8}: com/android/build/gradle/internal/api/ReadOnlyBaseConfigBeanInfo> (0x000000008aab9ff8) 
thrown [s\src\hotspot\share\classfile\systemDictionary.cpp, line 256]
Event: 7.457 Thread 0x00000245180d0380 Exception <a 'java/lang/ClassNotFoundException'{0x000000008aac79a0}: com/android/build/gradle/internal/api/ReadOnlyBaseConfigCustomizer> (0x000000008aac79a0) 
thrown [s\src\hotspot\share\classfile\systemDictionary.cpp, line 256]
Event: 7.457 Thread 0x00000245180d0380 Exception <a 'java/lang/ClassNotFoundException'{0x000000008aae5ef0}: com/android/build/gradle/internal/api/ReadOnlyBuildTypeCustomizer> (0x000000008aae5ef0) 
thrown [s\src\hotspot\share\classfile\systemDictionary.cpp, line 256]
Event: 7.602 Thread 0x00000245180d0380 Implicit null exception at 0x0000024507f83b60 to 0x0000024507f84580
Event: 7.602 Thread 0x00000245180d0380 Implicit null exception at 0x0000024507f7f100 to 0x0000024507f7f340
Event: 7.602 Thread 0x00000245180d0380 Implicit null exception at 0x0000024507f7cdb4 to 0x0000024507f7d3cc
Event: 7.602 Thread 0x00000245180d0380 Implicit null exception at 0x0000024507ecf057 to 0x0000024507ecf9a4
Event: 7.602 Thread 0x00000245180d0380 Implicit null exception at 0x0000024507ecce60 to 0x0000024507ecceec
Event: 7.602 Thread 0x00000245180d0380 Implicit null exception at 0x0000024507f7c320 to 0x0000024507f7c658
Event: 7.602 Thread 0x00000245180d0380 Implicit null exception at 0x0000024507ecf057 to 0x0000024507ecf9a4
Event: 7.602 Thread 0x00000245180d0380 Implicit null exception at 0x0000024507ecf057 to 0x0000024507ecf9a4
Event: 7.602 Thread 0x00000245180d0380 Implicit null exception at 0x0000024507ecf057 to 0x0000024507ecf9a4
Event: 7.603 Thread 0x00000245180d0380 Implicit null exception at 0x0000024507f7f920 to 0x0000024507f7fbcc
Event: 7.665 Thread 0x00000245180d0380 Implicit null exception at 0x0000024507f902b4 to 0x0000024507f90adc

VM Operations (20 events):
Event: 6.818 Executing VM operation: HandshakeAllThreads
Event: 6.818 Executing VM operation: HandshakeAllThreads done
Event: 6.855 Executing VM operation: HandshakeAllThreads
Event: 6.855 Executing VM operation: HandshakeAllThreads done
Event: 7.229 Executing VM operation: ICBufferFull
Event: 7.230 Executing VM operation: ICBufferFull done
Event: 7.289 Executing VM operation: G1CollectForAllocation
Event: 7.295 Executing VM operation: G1CollectForAllocation done
Event: 7.577 Executing VM operation: HandshakeAllThreads
Event: 7.578 Executing VM operation: HandshakeAllThreads done
Event: 7.612 Executing VM operation: ICBufferFull
Event: 7.612 Executing VM operation: ICBufferFull done
Event: 7.661 Executing VM operation: HandshakeAllThreads
Event: 7.661 Executing VM operation: HandshakeAllThreads done
Event: 7.684 Executing VM operation: HandshakeAllThreads
Event: 7.684 Executing VM operation: HandshakeAllThreads done
Event: 7.688 Executing VM operation: HandshakeAllThreads
Event: 7.688 Executing VM operation: HandshakeAllThreads done
Event: 7.744 Executing VM operation: ICBufferFull
Event: 7.744 Executing VM operation: ICBufferFull done

Events (20 events):
Event: 6.805 loading class jdk/internal/loader/URLClassPath$FileLoader done
Event: 6.806 loading class jdk/internal/loader/URLClassPath$FileLoader$1
Event: 6.806 loading class jdk/internal/loader/URLClassPath$FileLoader$1 done
Event: 6.822 Thread 0x0000024515848870 flushing nmethod 0x0000024500781310
Event: 6.999 loading class sun/reflect/generics/repository/FieldRepository
Event: 6.999 loading class sun/reflect/generics/repository/FieldRepository done
Event: 7.005 loading class jdk/internal/vm/annotation/ForceInline
Event: 7.005 loading class jdk/internal/vm/annotation/ForceInline done
Event: 7.037 loading class java/util/regex/Pattern$Caret
Event: 7.037 loading class java/util/regex/Pattern$Caret done
Event: 7.578 loading class java/util/Stack
Event: 7.578 loading class java/util/Stack done
Event: 7.599 loading class java/lang/AbstractMethodError
Event: 7.599 loading class java/lang/AbstractMethodError done
Event: 7.659 loading class java/util/AbstractList$ListItr
Event: 7.659 loading class java/util/AbstractList$ListItr done
Event: 7.727 loading class java/util/zip/ZipOutputStream
Event: 7.727 loading class java/util/zip/ZipOutputStream done
Event: 7.730 loading class jdk/internal/access/foreign/MemorySegmentProxy
Event: 7.730 loading class jdk/internal/access/foreign/MemorySegmentProxy done


Dynamic libraries:
0x00007ff732ac0000 - 0x00007ff732aca000 	C:\Program Files\Android\Android Studio\jbr\bin\java.exe
0x00007ffe0a4b0000 - 0x00007ffe0a6a7000 	C:\windows\SYSTEM32\ntdll.dll
0x00007ffe090d0000 - 0x00007ffe0918d000 	C:\windows\System32\KERNEL32.DLL
0x00007ffe08090000 - 0x00007ffe08386000 	C:\windows\System32\KERNELBASE.dll
0x00007ffe07d00000 - 0x00007ffe07e00000 	C:\windows\System32\ucrtbase.dll
0x00007ffd957b0000 - 0x00007ffd957c7000 	C:\Program Files\Android\Android Studio\jbr\bin\jli.dll
0x00007ffe01330000 - 0x00007ffe0134b000 	C:\Program Files\Android\Android Studio\jbr\bin\VCRUNTIME140.dll
0x00007ffe08f30000 - 0x00007ffe090ce000 	C:\windows\System32\USER32.dll
0x00007ffe08390000 - 0x00007ffe083b2000 	C:\windows\System32\win32u.dll
0x00007ffe09c80000 - 0x00007ffe09cac000 	C:\windows\System32\GDI32.dll
0x00007ffe07be0000 - 0x00007ffe07cfa000 	C:\windows\System32\gdi32full.dll
0x00007ffdf0f20000 - 0x00007ffdf11ba000 	C:\windows\WinSxS\amd64_microsoft.windows.common-controls_6595b64144ccf1df_6.0.19041.3570_none_60bb2a3971f3e41a\COMCTL32.dll
0x00007ffe08930000 - 0x00007ffe089ce000 	C:\windows\System32\msvcrt.dll
0x00007ffe083c0000 - 0x00007ffe0845d000 	C:\windows\System32\msvcp_win.dll
0x00007ffe08ae0000 - 0x00007ffe08b10000 	C:\windows\System32\IMM32.DLL
0x00007ffe01320000 - 0x00007ffe0132c000 	C:\Program Files\Android\Android Studio\jbr\bin\vcruntime140_1.dll
0x00007ffdd4480000 - 0x00007ffdd450d000 	C:\Program Files\Android\Android Studio\jbr\bin\msvcp140.dll
0x00007ffd5e5d0000 - 0x00007ffd5f23e000 	C:\Program Files\Android\Android Studio\jbr\bin\server\jvm.dll
0x00007ffe08c30000 - 0x00007ffe08cde000 	C:\windows\System32\ADVAPI32.dll
0x00007ffe08b70000 - 0x00007ffe08c0c000 	C:\windows\System32\sechost.dll
0x00007ffe08520000 - 0x00007ffe08646000 	C:\windows\System32\RPCRT4.dll
0x00007ffdedfd0000 - 0x00007ffdedff7000 	C:\windows\SYSTEM32\WINMM.dll
0x00007ffda3ed0000 - 0x00007ffda3ed9000 	C:\windows\SYSTEM32\WSOCK32.dll
0x00007ffdff440000 - 0x00007ffdff44a000 	C:\windows\SYSTEM32\VERSION.dll
0x00007ffe0a400000 - 0x00007ffe0a46b000 	C:\windows\System32\WS2_32.dll
0x00007ffe063c0000 - 0x00007ffe063d2000 	C:\windows\SYSTEM32\kernel.appcore.dll
0x00007ffd76e50000 - 0x00007ffd76e5a000 	C:\Program Files\Android\Android Studio\jbr\bin\jimage.dll
0x00007ffe060e0000 - 0x00007ffe062c4000 	C:\windows\SYSTEM32\DBGHELP.DLL
0x00007ffdea0c0000 - 0x00007ffdea0f4000 	C:\windows\SYSTEM32\dbgcore.DLL
0x00007ffe07e00000 - 0x00007ffe07e82000 	C:\windows\System32\bcryptPrimitives.dll
0x00007ffd76370000 - 0x00007ffd76395000 	C:\Program Files\Android\Android Studio\jbr\bin\java.dll
0x00007ffd76e30000 - 0x00007ffd76e48000 	C:\Program Files\Android\Android Studio\jbr\bin\zip.dll
0x00007ffe09cb0000 - 0x00007ffe0a3f4000 	C:\windows\System32\SHELL32.dll
0x00007ffe05870000 - 0x00007ffe0600b000 	C:\windows\SYSTEM32\windows.storage.dll
0x00007ffe09710000 - 0x00007ffe09a64000 	C:\windows\System32\combase.dll
0x00007ffe075d0000 - 0x00007ffe075fd000 	C:\windows\SYSTEM32\Wldp.dll
0x00007ffe09190000 - 0x00007ffe0923d000 	C:\windows\System32\SHCORE.dll
0x00007ffe08b10000 - 0x00007ffe08b65000 	C:\windows\System32\shlwapi.dll
0x00007ffe07ac0000 - 0x00007ffe07ae5000 	C:\windows\SYSTEM32\profapi.dll
0x00007ffd76350000 - 0x00007ffd76369000 	C:\Program Files\Android\Android Studio\jbr\bin\net.dll
0x00007ffdfd2b0000 - 0x00007ffdfd3ba000 	C:\windows\SYSTEM32\WINHTTP.dll
0x00007ffe07330000 - 0x00007ffe0739a000 	C:\windows\system32\mswsock.dll
0x00007ffd762f0000 - 0x00007ffd76306000 	C:\Program Files\Android\Android Studio\jbr\bin\nio.dll
0x00007ffda4740000 - 0x00007ffda4750000 	C:\Program Files\Android\Android Studio\jbr\bin\verify.dll
0x00007ffdc3b70000 - 0x00007ffdc3b97000 	C:\Users\jasse\.gradle\native\68d5fa5c4cc2d200863cafc0d521ce42e7d3e7ee720ec0a83991735586a16f82\windows-amd64\native-platform.dll
0x00007ffdc4e90000 - 0x00007ffdc4fd4000 	C:\Users\jasse\.gradle\native\e376f236ea51e6404a007f0833ffe2c6e607c4080706a723a18a27aeea778392\windows-amd64\native-platform-file-events.dll
0x00007ffda4730000 - 0x00007ffda4739000 	C:\Program Files\Android\Android Studio\jbr\bin\management.dll
0x00007ffda4720000 - 0x00007ffda472b000 	C:\Program Files\Android\Android Studio\jbr\bin\management_ext.dll
0x00007ffe09c10000 - 0x00007ffe09c18000 	C:\windows\System32\PSAPI.DLL
0x00007ffe07530000 - 0x00007ffe07548000 	C:\windows\SYSTEM32\CRYPTSP.dll
0x00007ffe06bd0000 - 0x00007ffe06c04000 	C:\windows\system32\rsaenh.dll
0x00007ffe08060000 - 0x00007ffe08087000 	C:\windows\System32\bcrypt.dll
0x00007ffe07a40000 - 0x00007ffe07a6e000 	C:\windows\SYSTEM32\USERENV.dll
0x00007ffe07520000 - 0x00007ffe0752c000 	C:\windows\SYSTEM32\CRYPTBASE.dll
0x00007ffe06fd0000 - 0x00007ffe0700b000 	C:\windows\SYSTEM32\IPHLPAPI.DLL
0x00007ffe08ce0000 - 0x00007ffe08ce8000 	C:\windows\System32\NSI.dll
0x00007ffdfed60000 - 0x00007ffdfed77000 	C:\windows\SYSTEM32\dhcpcsvc6.DLL
0x00007ffdfed40000 - 0x00007ffdfed5d000 	C:\windows\SYSTEM32\dhcpcsvc.DLL
0x00007ffe07020000 - 0x00007ffe070ea000 	C:\windows\SYSTEM32\DNSAPI.dll
0x00007ffda4710000 - 0x00007ffda4717000 	C:\windows\system32\wshunix.dll

dbghelp: loaded successfully - version: 4.0.5 - missing functions: none
symbol engine: initialized successfully - sym options: 0x614 - pdb path: .;C:\Program Files\Android\Android Studio\jbr\bin;C:\windows\SYSTEM32;C:\windows\WinSxS\amd64_microsoft.windows.common-controls_6595b64144ccf1df_6.0.19041.3570_none_60bb2a3971f3e41a;C:\Program Files\Android\Android Studio\jbr\bin\server;C:\Users\jasse\.gradle\native\68d5fa5c4cc2d200863cafc0d521ce42e7d3e7ee720ec0a83991735586a16f82\windows-amd64;C:\Users\jasse\.gradle\native\e376f236ea51e6404a007f0833ffe2c6e607c4080706a723a18a27aeea778392\windows-amd64

VM Arguments:
jvm_args: --add-opens=java.base/java.util=ALL-UNNAMED --add-opens=java.base/java.lang=ALL-UNNAMED --add-opens=java.base/java.lang.invoke=ALL-UNNAMED --add-opens=java.prefs/java.util.prefs=ALL-UNNAMED --add-opens=java.base/java.nio.charset=ALL-UNNAMED --add-opens=java.base/java.net=ALL-UNNAMED --add-opens=java.base/java.util.concurrent.atomic=ALL-UNNAMED -Xmx2048m -Dfile.encoding=UTF-8 -Duser.country=FR -Duser.language=fr -Duser.variant 
java_command: org.gradle.launcher.daemon.bootstrap.GradleDaemon 8.0
java_class_path (initial): C:\Users\jasse\.gradle\wrapper\dists\gradle-8.0-bin\ca5e32bp14vu59qr306oxotwh\gradle-8.0\lib\gradle-launcher-8.0.jar
Launcher Type: SUN_STANDARD

[Global flags]
     intx CICompilerCount                          = 4                                         {product} {ergonomic}
     uint ConcGCThreads                            = 2                                         {product} {ergonomic}
     uint G1ConcRefinementThreads                  = 8                                         {product} {ergonomic}
   size_t G1HeapRegionSize                         = 1048576                                   {product} {ergonomic}
    uintx GCDrainStackTargetSize                   = 64                                        {product} {ergonomic}
   size_t InitialHeapSize                          = 132120576                                 {product} {ergonomic}
   size_t MarkStackSize                            = 4194304                                   {product} {ergonomic}
   size_t MaxHeapSize                              = 2147483648                                {product} {command line}
   size_t MaxNewSize                               = 1287651328                                {product} {ergonomic}
   size_t MinHeapDeltaBytes                        = 1048576                                   {product} {ergonomic}
   size_t MinHeapSize                              = 8388608                                   {product} {ergonomic}
    uintx NonNMethodCodeHeapSize                   = 5839372                                {pd product} {ergonomic}
    uintx NonProfiledCodeHeapSize                  = 122909434                              {pd product} {ergonomic}
    uintx ProfiledCodeHeapSize                     = 122909434                              {pd product} {ergonomic}
    uintx ReservedCodeCacheSize                    = 251658240                              {pd product} {ergonomic}
     bool SegmentedCodeCache                       = true                                      {product} {ergonomic}
   size_t SoftMaxHeapSize                          = 2147483648                             {manageable} {ergonomic}
     bool UseCompressedClassPointers               = true                           {product lp64_product} {ergonomic}
     bool UseCompressedOops                        = true                           {product lp64_product} {ergonomic}
     bool UseG1GC                                  = true                                      {product} {ergonomic}
     bool UseLargePagesIndividualAllocation        = false                                  {pd product} {ergonomic}

Logging:
Log output configuration:
 #0: stdout all=warning uptime,level,tags
 #1: stderr all=off uptime,level,tags

Environment Variables:
JAVA_HOME=C:\Program Files\Java\jdk-13.0.2
PATH=C:\Users\jasse\Downloads\php-8.1.17-nts-Win32-vs16-x64;C:\Program Files\Java;C:\Program Files\Java\jdk1.8.0_301;C:\oraclexe\app\oracle\product\11.2.0\server\bin;C:\oraclexe\app\oracle\product\11.2.0\server\bin;C:\oraclexe\app\oracle\product\11.2.0\server\bin;C:\windows\system32;C:\windows;C:\windows\System32\Wbem;C:\windows\System32\WindowsPowerShell\v1.0\;C:\windows\System32\OpenSSH\;C:\Program Files (x86)\NVIDIA Corporation\PhysX\Common;C:\Program Files\NVIDIA Corporation\NVIDIA NvDLISR;C:\instantclient12-2;C:\oraclexe\app\oracle\admin\XE;C:\oraclexe;C:\Program Files\TortoiseGit\bin;C:\xampp\php\Symfony;C:\Program Files\nodejs\;C:\Users\jasse\AppData\Local\Microsoft\WindowsApps;C:\Program Files\CodeBlocks\MinGW\bin;C:\Program Files\CodeBlocks\MinGW\bin;C:\Program Files (x86)\D-Bus\bin;C:\Users\jasse\AppData\Local\Programs\Microsoft VS Code\bin;C:\Users\jasse\Desktop\php;C:\Users\jasse\AppData\Local\GitHubDesktop\bin;C:\Users\jasse\AppData\Local\ComposerSetup\bin;C:\Users\jasse\AppData\Roaming\Composer\vendor\bin;C:\Users\jasse\AppData\Roaming\npm
USERNAME=jasse
OS=Windows_NT
PROCESSOR_IDENTIFIER=Intel64 Family 6 Model 165 Stepping 2, GenuineIntel
TMP=C:\Users\jasse\AppData\Local\Temp
TEMP=C:\Users\jasse\AppData\Local\Temp


JNI global refs:
JNI global refs: 27, weak refs: 2

JNI global refs memory usage: 843, weak refs: 841


---------------  S Y S T E M  ---------------

OS:
 Windows 10 , 64 bit Build 19041 (10.0.19041.3570)
OS uptime: 0 days 0:20 hours

CPU: total 8 (initial active 8) (4 cores per cpu, 2 threads per core) family 6 model 165 stepping 2 microcode 0xf0, cx8, cmov, fxsr, ht, mmx, 3dnowpref, sse, sse2, sse3, ssse3, sse4.1, sse4.2, popcnt, lzcnt, tsc, tscinvbit, avx, avx2, aes, erms, clmul, bmi1, bmi2, adx, fma, vzeroupper, clflush, clflushopt

Memory: 4k page, system-wide physical 7993M (631M free)
TotalPageFile size 10993M (AvailPageFile size 5M)
current process WorkingSet (physical memory assigned to process): 424M, peak: 425M
current process commit charge ("private bytes"): 468M, peak: 469M

vm_info: OpenJDK 64-Bit Server VM (17.0.6+0-b2043.56-10027231) for windows-amd64 JRE (17.0.6+0-b2043.56-10027231), built on Apr 28 2023 00:43:19 by "androidbuild" with MS VC++ 16.10 / 16.11 (VS2019)

END.
