#
# There is insufficient memory for the Java Runtime Environment to continue.
# Native memory allocation (malloc) failed to allocate 1738096 bytes for Chunk::new
# Possible reasons:
#   The system is out of physical RAM or swap space
#   The process is running with CompressedOops enabled, and the Java Heap may be blocking the growth of the native heap
# Possible solutions:
#   Reduce memory load on the system
#   Increase physical memory or swap space
#   Check if swap backing store is full
#   Decrease Java heap size (-Xmx/-Xms)
#   Decrease number of Java threads
#   Decrease Java thread stack sizes (-Xss)
#   Set larger code cache with -XX:ReservedCodeCacheSize=
#   JVM is running with Unscaled Compressed Oops mode in which the Java heap is
#     placed in the first 4GB address space. The Java Heap base address is the
#     maximum limit for the native heap growth. Please use -XX:HeapBaseMinAddress
#     to set the Java Heap base and to place the Java Heap above 4GB virtual address.
# This output file may be truncated or incomplete.
#
#  Out of Memory Error (arena.cpp:189), pid=20144, tid=10308
#
# JRE version: OpenJDK Runtime Environment (17.0.6) (build 17.0.6+0-b2043.56-10027231)
# Java VM: OpenJDK 64-Bit Server VM (17.0.6+0-b2043.56-10027231, mixed mode, tiered, compressed oops, compressed class ptrs, g1 gc, windows-amd64)
# No core dump will be written. Minidumps are not enabled by default on client versions of Windows
#

---------------  S U M M A R Y ------------

Command Line: --add-opens=java.base/java.util=ALL-UNNAMED --add-opens=java.base/java.lang=ALL-UNNAMED --add-opens=java.base/java.lang.invoke=ALL-UNNAMED --add-opens=java.prefs/java.util.prefs=ALL-UNNAMED --add-opens=java.base/java.nio.charset=ALL-UNNAMED --add-opens=java.base/java.net=ALL-UNNAMED --add-opens=java.base/java.util.concurrent.atomic=ALL-UNNAMED -Xmx2048m -Dfile.encoding=UTF-8 -Duser.country=FR -Duser.language=fr -Duser.variant org.gradle.launcher.daemon.bootstrap.GradleDaemon 8.0

Host: Intel(R) Core(TM) i5-10300H CPU @ 2.50GHz, 8 cores, 7G,  Windows 10 , 64 bit Build 19041 (10.0.19041.3570)
Time: Wed Nov 15 13:12:54 2023 Afr. centrale Ouest elapsed time: 9.224431 seconds (0d 0h 0m 9s)

---------------  T H R E A D  ---------------

Current thread (0x000001c8d075b620):  JavaThread "C2 CompilerThread1" daemon [_thread_in_native, id=10308, stack(0x0000005521800000,0x0000005521900000)]


Current CompileTask:
C2:   9224 9902       4       org.gradle.internal.reflect.ClassInspector::inspectClass (179 bytes)

Stack: [0x0000005521800000,0x0000005521900000]
Native frames: (J=compiled Java code, j=interpreted, Vv=VM code, C=native code)
V  [jvm.dll+0x683c9a]
V  [jvm.dll+0x8427a4]
V  [jvm.dll+0x843f9e]
V  [jvm.dll+0x844603]
V  [jvm.dll+0x249b75]
V  [jvm.dll+0xabcac]
V  [jvm.dll+0xac27c]
V  [jvm.dll+0x368802]
V  [jvm.dll+0x332f31]
V  [jvm.dll+0x3323da]
V  [jvm.dll+0x21c201]
V  [jvm.dll+0x21b621]
V  [jvm.dll+0x1a4fdd]
V  [jvm.dll+0x22b098]
V  [jvm.dll+0x229159]
V  [jvm.dll+0x7f81ec]
V  [jvm.dll+0x7f274a]
V  [jvm.dll+0x682ad5]
C  [ucrtbase.dll+0x21bb2]
C  [KERNEL32.DLL+0x17344]
C  [ntdll.dll+0x526b1]


---------------  P R O C E S S  ---------------

Threads class SMR info:
_java_thread_list=0x000001c8d1d74210, length=138, elements={
0x000001c8b3b4a330, 0x000001c8cf976620, 0x000001c8cf940700, 0x000001c8d041bfe0,
0x000001c8d041fcc0, 0x000001c8d0420580, 0x000001c8d0420e40, 0x000001c8d0421a30,
0x000001c8d0422330, 0x000001c8d042a530, 0x000001c8d05b2050, 0x000001c8d05b5360,
0x000001c8d075b620, 0x000001c8d2bca480, 0x000001c8d0b93560, 0x000001c8d0b943d0,
0x000001c8d0b926f0, 0x000001c8d0b90ee0, 0x000001c8d0b93a30, 0x000001c8d0b92bc0,
0x000001c8d0b93090, 0x000001c8d0b93f00, 0x000001c8d0b948a0, 0x000001c8d0b91d50,
0x000001c8d0b92220, 0x000001c8d3fc91f0, 0x000001c8d3fd00a0, 0x000001c8d3fd0570,
0x000001c8d3fcc210, 0x000001c8d3fc96c0, 0x000001c8d3fce3c0, 0x000001c8d3fcbd40,
0x000001c8d3fcdef0, 0x000001c8d3fce890, 0x000001c8d3fcb870, 0x000001c8d3fca530,
0x000001c8d3fcd550, 0x000001c8d3fcda20, 0x000001c8d3fc9b90, 0x000001c8d3fcf700,
0x000001c8d3fca060, 0x000001c8d3fd0a40, 0x000001c8d6a7b230, 0x000001c8d6a76060,
0x000001c8d6a756c0, 0x000001c8d6a79ef0, 0x000001c8d6a78210, 0x000001c8d6a76530,
0x000001c8d6a786e0, 0x000001c8d6a76a00, 0x000001c8d6a75b90, 0x000001c8d6a7a890,
0x000001c8d6a7ad60, 0x000001c8d6a78bb0, 0x000001c8d6a773a0, 0x000001c8d6a76ed0,
0x000001c8d6a79550, 0x000001c8d6a739e0, 0x000001c8d6a79080, 0x000001c8d6a77870,
0x000001c8d6a74d20, 0x000001c8d6a73eb0, 0x000001c8d6a74380, 0x000001c8d6a79a20,
0x000001c8d6a751f0, 0x000001c8d6a7a3c0, 0x000001c8d67d2f10, 0x000001c8d67d38b0,
0x000001c8d67ce210, 0x000001c8d67d33e0, 0x000001c8d67cc060, 0x000001c8d67cced0,
0x000001c8d67d2570, 0x000001c8d67d2a40, 0x000001c8d67cc530, 0x000001c8d67d20a0,
0x000001c8d67d1230, 0x000001c8d67d0890, 0x000001c8d67cca00, 0x000001c8d67cd3a0,
0x000001c8d67cd870, 0x000001c8d67cf080, 0x000001c8d67d0d60, 0x000001c8d67d03c0,
0x000001c8d67cdd40, 0x000001c8d67ce6e0, 0x000001c8d67cebb0, 0x000001c8d67cf550,
0x000001c8d67cfa20, 0x000001c8d67d1700, 0x000001c8d67d1bd0, 0x000001c8d67cfef0,
0x000001c8d674ff10, 0x000001c8d6751bf0, 0x000001c8d6754c10, 0x000001c8d6754740,
0x000001c8d67550e0, 0x000001c8d6750d80, 0x000001c8d67503e0, 0x000001c8d67555b0,
0x000001c8d67508b0, 0x000001c8d6752f30, 0x000001c8d6751250, 0x000001c8d6755f50,
0x000001c8d6751720, 0x000001c8d674f0a0, 0x000001c8d6753400, 0x000001c8d6755a80,
0x000001c8d67520c0, 0x000001c8d6756420, 0x000001c8d67568f0, 0x000001c8d674f570,
0x000001c8d6752590, 0x000001c8d6752a60, 0x000001c8d67538d0, 0x000001c8d674fa40,
0x000001c8d6753da0, 0x000001c8d6754270, 0x000001c8d6adb3f0, 0x000001c8d6adb8c0,
0x000001c8d6ada0b0, 0x000001c8d6adfc20, 0x000001c8d6ada580, 0x000001c8d6adda70,
0x000001c8d6add5a0, 0x000001c8d6adcc00, 0x000001c8d6ae05c0, 0x000001c8d6addf40,
0x000001c8d6ade8e0, 0x000001c8d6adc730, 0x000001c8d0b91880, 0x000001c8d873dcc0,
0x000001c8d873e190, 0x000001c8d873d320, 0x000001c8d873a300, 0x000001c8d873a7d0,
0x000001c8d8738af0, 0x000001c8d873aca0
}

Java Threads: ( => current thread )
  0x000001c8b3b4a330 JavaThread "main" [_thread_blocked, id=14252, stack(0x0000005520500000,0x0000005520600000)]
  0x000001c8cf976620 JavaThread "Reference Handler" daemon [_thread_blocked, id=11728, stack(0x0000005520c00000,0x0000005520d00000)]
  0x000001c8cf940700 JavaThread "Finalizer" daemon [_thread_blocked, id=17800, stack(0x0000005520d00000,0x0000005520e00000)]
  0x000001c8d041bfe0 JavaThread "Signal Dispatcher" daemon [_thread_blocked, id=21776, stack(0x0000005520e00000,0x0000005520f00000)]
  0x000001c8d041fcc0 JavaThread "Attach Listener" daemon [_thread_blocked, id=11172, stack(0x0000005520f00000,0x0000005521000000)]
  0x000001c8d0420580 JavaThread "Service Thread" daemon [_thread_blocked, id=3472, stack(0x0000005521000000,0x0000005521100000)]
  0x000001c8d0420e40 JavaThread "Monitor Deflation Thread" daemon [_thread_blocked, id=1952, stack(0x0000005521100000,0x0000005521200000)]
  0x000001c8d0421a30 JavaThread "C2 CompilerThread0" daemon [_thread_in_native, id=24288, stack(0x0000005521200000,0x0000005521300000)]
  0x000001c8d0422330 JavaThread "C1 CompilerThread0" daemon [_thread_blocked, id=4568, stack(0x0000005521300000,0x0000005521400000)]
  0x000001c8d042a530 JavaThread "Sweeper thread" daemon [_thread_blocked, id=16604, stack(0x0000005521400000,0x0000005521500000)]
  0x000001c8d05b2050 JavaThread "Common-Cleaner" daemon [_thread_blocked, id=6896, stack(0x0000005521500000,0x0000005521600000)]
  0x000001c8d05b5360 JavaThread "Notification Thread" daemon [_thread_blocked, id=21320, stack(0x0000005521600000,0x0000005521700000)]
=>0x000001c8d075b620 JavaThread "C2 CompilerThread1" daemon [_thread_in_native, id=10308, stack(0x0000005521800000,0x0000005521900000)]
  0x000001c8d2bca480 JavaThread "Daemon health stats" [_thread_blocked, id=24428, stack(0x0000005521d00000,0x0000005521e00000)]
  0x000001c8d0b93560 JavaThread "Incoming local TCP Connector on port 56241" [_thread_in_native, id=6352, stack(0x0000005521e00000,0x0000005521f00000)]
  0x000001c8d0b943d0 JavaThread "Daemon periodic checks" [_thread_blocked, id=21828, stack(0x0000005521f00000,0x0000005522000000)]
  0x000001c8d0b926f0 JavaThread "Daemon" [_thread_blocked, id=1580, stack(0x0000005522000000,0x0000005522100000)]
  0x000001c8d0b90ee0 JavaThread "Handler for socket connection from /127.0.0.1:56241 to /127.0.0.1:56242" [_thread_in_native, id=24084, stack(0x0000005522100000,0x0000005522200000)]
  0x000001c8d0b93a30 JavaThread "Cancel handler" [_thread_blocked, id=11888, stack(0x0000005522200000,0x0000005522300000)]
  0x000001c8d0b92bc0 JavaThread "Daemon worker" [_thread_blocked, id=12964, stack(0x0000005522300000,0x0000005522400000)]
  0x000001c8d0b93090 JavaThread "Asynchronous log dispatcher for DefaultDaemonConnection: socket connection from /127.0.0.1:56241 to /127.0.0.1:56242" [_thread_blocked, id=3512, stack(0x0000005522400000,0x0000005522500000)]
  0x000001c8d0b93f00 JavaThread "Stdin handler" [_thread_blocked, id=23212, stack(0x0000005522500000,0x0000005522600000)]
  0x000001c8d0b948a0 JavaThread "Daemon client event forwarder" [_thread_blocked, id=6340, stack(0x0000005522600000,0x0000005522700000)]
  0x000001c8d0b91d50 JavaThread "Cache worker for journal cache (C:\Users\jasse\.gradle\caches\journal-1)" [_thread_blocked, id=16912, stack(0x0000005522b00000,0x0000005522c00000)]
  0x000001c8d0b92220 JavaThread "File lock request listener" [_thread_in_native, id=23456, stack(0x0000005522c00000,0x0000005522d00000)]
  0x000001c8d3fc91f0 JavaThread "Cache worker for file hash cache (C:\Users\jasse\.gradle\caches\8.0\fileHashes)" [_thread_blocked, id=14668, stack(0x0000005522d00000,0x0000005522e00000)]
  0x000001c8d3fd00a0 JavaThread "File watcher server" daemon [_thread_in_native, id=21968, stack(0x0000005522e00000,0x0000005522f00000)]
  0x000001c8d3fd0570 JavaThread "File watcher consumer" daemon [_thread_blocked, id=16416, stack(0x0000005522f00000,0x0000005523000000)]
  0x000001c8d3fcc210 JavaThread "Cache worker for checksums cache (C:\Users\jasse\AndroidStudioProjects\front\.gradle\8.0\checksums)" [_thread_blocked, id=23344, stack(0x0000005523000000,0x0000005523100000)]
  0x000001c8d3fc96c0 JavaThread "Cache worker for cache directory md-rule (C:\Users\jasse\.gradle\caches\8.0\md-rule)" [_thread_blocked, id=10860, stack(0x0000005523100000,0x0000005523200000)]
  0x000001c8d3fce3c0 JavaThread "Cache worker for file content cache (C:\Users\jasse\.gradle\caches\8.0\fileContent)" [_thread_blocked, id=5388, stack(0x0000005523200000,0x0000005523300000)]
  0x000001c8d3fcbd40 JavaThread "Cache worker for file hash cache (C:\Users\jasse\AndroidStudioProjects\front\.gradle\8.0\fileHashes)" [_thread_blocked, id=3096, stack(0x0000005523300000,0x0000005523400000)]
  0x000001c8d3fcdef0 JavaThread "Cache worker for cache directory md-supplier (C:\Users\jasse\.gradle\caches\8.0\md-supplier)" [_thread_blocked, id=19464, stack(0x0000005523400000,0x0000005523500000)]
  0x000001c8d3fce890 JavaThread "Cache worker for execution history cache (C:\Users\jasse\.gradle\caches\8.0\executionHistory)" [_thread_blocked, id=17520, stack(0x0000005523500000,0x0000005523600000)]
  0x000001c8d3fcb870 JavaThread "jar transforms" [_thread_blocked, id=4288, stack(0x0000005523600000,0x0000005523700000)]
  0x000001c8d3fca530 JavaThread "jar transforms Thread 2" [_thread_blocked, id=18176, stack(0x0000005523700000,0x0000005523800000)]
  0x000001c8d3fcd550 JavaThread "Cache worker for kotlin-dsl (C:\Users\jasse\.gradle\caches\8.0\kotlin-dsl)" [_thread_blocked, id=7364, stack(0x0000005523900000,0x0000005523a00000)]
  0x000001c8d3fcda20 JavaThread "jar transforms Thread 3" [_thread_blocked, id=23744, stack(0x0000005523a00000,0x0000005523b00000)]
  0x000001c8d3fc9b90 JavaThread "jar transforms Thread 4" [_thread_blocked, id=7432, stack(0x0000005523b00000,0x0000005523c00000)]
  0x000001c8d3fcf700 JavaThread "Cache worker for dependencies-accessors (C:\Users\jasse\AndroidStudioProjects\front\.gradle\8.0\dependencies-accessors)" [_thread_blocked, id=16260, stack(0x0000005523c00000,0x0000005523d00000)]
  0x000001c8d3fca060 JavaThread "Cache worker for Build Output Cleanup Cache (C:\Users\jasse\AndroidStudioProjects\front\.gradle\buildOutputCleanup)" [_thread_blocked, id=21896, stack(0x0000005523d00000,0x0000005523e00000)]
  0x000001c8d3fd0a40 JavaThread "jar transforms Thread 5" [_thread_blocked, id=5456, stack(0x0000005523e00000,0x0000005523f00000)]
  0x000001c8d6a7b230 JavaThread "Unconstrained build operations" [_thread_blocked, id=19988, stack(0x0000005523f00000,0x0000005524000000)]
  0x000001c8d6a76060 JavaThread "Unconstrained build operations Thread 2" [_thread_blocked, id=4180, stack(0x0000005524000000,0x0000005524100000)]
  0x000001c8d6a756c0 JavaThread "Unconstrained build operations Thread 3" [_thread_blocked, id=3940, stack(0x0000005524100000,0x0000005524200000)]
  0x000001c8d6a79ef0 JavaThread "Unconstrained build operations Thread 4" [_thread_blocked, id=16272, stack(0x0000005524200000,0x0000005524300000)]
  0x000001c8d6a78210 JavaThread "Unconstrained build operations Thread 5" [_thread_blocked, id=13872, stack(0x0000005524300000,0x0000005524400000)]
  0x000001c8d6a76530 JavaThread "Unconstrained build operations Thread 6" [_thread_blocked, id=24436, stack(0x0000005524400000,0x0000005524500000)]
  0x000001c8d6a786e0 JavaThread "Unconstrained build operations Thread 7" [_thread_blocked, id=19820, stack(0x0000005524500000,0x0000005524600000)]
  0x000001c8d6a76a00 JavaThread "Unconstrained build operations Thread 8" [_thread_blocked, id=12552, stack(0x0000005524600000,0x0000005524700000)]
  0x000001c8d6a75b90 JavaThread "Unconstrained build operations Thread 9" [_thread_blocked, id=10364, stack(0x0000005524700000,0x0000005524800000)]
  0x000001c8d6a7a890 JavaThread "Unconstrained build operations Thread 10" [_thread_blocked, id=23896, stack(0x0000005524800000,0x0000005524900000)]
  0x000001c8d6a7ad60 JavaThread "Unconstrained build operations Thread 11" [_thread_blocked, id=3032, stack(0x0000005524900000,0x0000005524a00000)]
  0x000001c8d6a78bb0 JavaThread "Unconstrained build operations Thread 12" [_thread_blocked, id=3652, stack(0x0000005524a00000,0x0000005524b00000)]
  0x000001c8d6a773a0 JavaThread "Unconstrained build operations Thread 13" [_thread_blocked, id=24548, stack(0x0000005524b00000,0x0000005524c00000)]
  0x000001c8d6a76ed0 JavaThread "Unconstrained build operations Thread 14" [_thread_blocked, id=3956, stack(0x0000005524c00000,0x0000005524d00000)]
  0x000001c8d6a79550 JavaThread "Unconstrained build operations Thread 15" [_thread_blocked, id=1224, stack(0x0000005524d00000,0x0000005524e00000)]
  0x000001c8d6a739e0 JavaThread "Unconstrained build operations Thread 16" [_thread_blocked, id=19580, stack(0x0000005524e00000,0x0000005524f00000)]
  0x000001c8d6a79080 JavaThread "Unconstrained build operations Thread 17" [_thread_blocked, id=20060, stack(0x0000005524f00000,0x0000005525000000)]
  0x000001c8d6a77870 JavaThread "Unconstrained build operations Thread 18" [_thread_blocked, id=22176, stack(0x0000005525000000,0x0000005525100000)]
  0x000001c8d6a74d20 JavaThread "Unconstrained build operations Thread 19" [_thread_blocked, id=5256, stack(0x0000005525100000,0x0000005525200000)]
  0x000001c8d6a73eb0 JavaThread "Unconstrained build operations Thread 20" [_thread_blocked, id=8508, stack(0x0000005525200000,0x0000005525300000)]
  0x000001c8d6a74380 JavaThread "Unconstrained build operations Thread 21" [_thread_blocked, id=18604, stack(0x0000005525300000,0x0000005525400000)]
  0x000001c8d6a79a20 JavaThread "Unconstrained build operations Thread 22" [_thread_blocked, id=19116, stack(0x0000005525400000,0x0000005525500000)]
  0x000001c8d6a751f0 JavaThread "Unconstrained build operations Thread 23" [_thread_blocked, id=7088, stack(0x0000005525500000,0x0000005525600000)]
  0x000001c8d6a7a3c0 JavaThread "Unconstrained build operations Thread 24" [_thread_blocked, id=24528, stack(0x0000005525600000,0x0000005525700000)]
  0x000001c8d67d2f10 JavaThread "Unconstrained build operations Thread 25" [_thread_blocked, id=12876, stack(0x0000005525700000,0x0000005525800000)]
  0x000001c8d67d38b0 JavaThread "Unconstrained build operations Thread 26" [_thread_blocked, id=11360, stack(0x0000005525800000,0x0000005525900000)]
  0x000001c8d67ce210 JavaThread "Unconstrained build operations Thread 27" [_thread_blocked, id=19480, stack(0x0000005525900000,0x0000005525a00000)]
  0x000001c8d67d33e0 JavaThread "Unconstrained build operations Thread 28" [_thread_blocked, id=11312, stack(0x0000005525a00000,0x0000005525b00000)]
  0x000001c8d67cc060 JavaThread "Unconstrained build operations Thread 29" [_thread_blocked, id=16700, stack(0x0000005525b00000,0x0000005525c00000)]
  0x000001c8d67cced0 JavaThread "Unconstrained build operations Thread 30" [_thread_blocked, id=15652, stack(0x0000005525c00000,0x0000005525d00000)]
  0x000001c8d67d2570 JavaThread "Unconstrained build operations Thread 31" [_thread_blocked, id=4456, stack(0x0000005525d00000,0x0000005525e00000)]
  0x000001c8d67d2a40 JavaThread "Unconstrained build operations Thread 32" [_thread_blocked, id=23672, stack(0x0000005525e00000,0x0000005525f00000)]
  0x000001c8d67cc530 JavaThread "Unconstrained build operations Thread 33" [_thread_blocked, id=6812, stack(0x0000005525f00000,0x0000005526000000)]
  0x000001c8d67d20a0 JavaThread "Unconstrained build operations Thread 34" [_thread_blocked, id=20828, stack(0x0000005526000000,0x0000005526100000)]
  0x000001c8d67d1230 JavaThread "Unconstrained build operations Thread 35" [_thread_blocked, id=14784, stack(0x0000005526100000,0x0000005526200000)]
  0x000001c8d67d0890 JavaThread "Unconstrained build operations Thread 36" [_thread_blocked, id=5504, stack(0x0000005526200000,0x0000005526300000)]
  0x000001c8d67cca00 JavaThread "Unconstrained build operations Thread 37" [_thread_blocked, id=1420, stack(0x0000005526300000,0x0000005526400000)]
  0x000001c8d67cd3a0 JavaThread "Unconstrained build operations Thread 38" [_thread_blocked, id=16004, stack(0x0000005526400000,0x0000005526500000)]
  0x000001c8d67cd870 JavaThread "Unconstrained build operations Thread 39" [_thread_blocked, id=3644, stack(0x0000005526500000,0x0000005526600000)]
  0x000001c8d67cf080 JavaThread "Unconstrained build operations Thread 40" [_thread_blocked, id=3448, stack(0x0000005526600000,0x0000005526700000)]
  0x000001c8d67d0d60 JavaThread "Unconstrained build operations Thread 41" [_thread_blocked, id=11432, stack(0x0000005526700000,0x0000005526800000)]
  0x000001c8d67d03c0 JavaThread "Unconstrained build operations Thread 42" [_thread_blocked, id=1600, stack(0x0000005526800000,0x0000005526900000)]
  0x000001c8d67cdd40 JavaThread "Unconstrained build operations Thread 43" [_thread_blocked, id=9036, stack(0x0000005526900000,0x0000005526a00000)]
  0x000001c8d67ce6e0 JavaThread "Unconstrained build operations Thread 44" [_thread_blocked, id=4704, stack(0x0000005526a00000,0x0000005526b00000)]
  0x000001c8d67cebb0 JavaThread "Unconstrained build operations Thread 45" [_thread_blocked, id=23920, stack(0x0000005526b00000,0x0000005526c00000)]
  0x000001c8d67cf550 JavaThread "Unconstrained build operations Thread 46" [_thread_blocked, id=13428, stack(0x0000005526c00000,0x0000005526d00000)]
  0x000001c8d67cfa20 JavaThread "Unconstrained build operations Thread 47" [_thread_blocked, id=22212, stack(0x0000005526d00000,0x0000005526e00000)]
  0x000001c8d67d1700 JavaThread "Unconstrained build operations Thread 48" [_thread_blocked, id=7944, stack(0x0000005526e00000,0x0000005526f00000)]
  0x000001c8d67d1bd0 JavaThread "Unconstrained build operations Thread 49" [_thread_blocked, id=19344, stack(0x0000005526f00000,0x0000005527000000)]
  0x000001c8d67cfef0 JavaThread "Unconstrained build operations Thread 50" [_thread_blocked, id=4748, stack(0x0000005527000000,0x0000005527100000)]
  0x000001c8d674ff10 JavaThread "Unconstrained build operations Thread 51" [_thread_blocked, id=18836, stack(0x0000005527100000,0x0000005527200000)]
  0x000001c8d6751bf0 JavaThread "Unconstrained build operations Thread 52" [_thread_blocked, id=23860, stack(0x0000005527200000,0x0000005527300000)]
  0x000001c8d6754c10 JavaThread "Unconstrained build operations Thread 53" [_thread_blocked, id=13836, stack(0x0000005527300000,0x0000005527400000)]
  0x000001c8d6754740 JavaThread "Unconstrained build operations Thread 54" [_thread_blocked, id=17752, stack(0x0000005527400000,0x0000005527500000)]
  0x000001c8d67550e0 JavaThread "Unconstrained build operations Thread 55" [_thread_blocked, id=17592, stack(0x0000005527500000,0x0000005527600000)]
  0x000001c8d6750d80 JavaThread "Unconstrained build operations Thread 56" [_thread_blocked, id=5012, stack(0x0000005527600000,0x0000005527700000)]
  0x000001c8d67503e0 JavaThread "Unconstrained build operations Thread 57" [_thread_in_Java, id=17048, stack(0x0000005527700000,0x0000005527800000)]
  0x000001c8d67555b0 JavaThread "Unconstrained build operations Thread 58" [_thread_blocked, id=23100, stack(0x0000005527800000,0x0000005527900000)]
  0x000001c8d67508b0 JavaThread "Unconstrained build operations Thread 59" [_thread_blocked, id=12524, stack(0x0000005527900000,0x0000005527a00000)]
  0x000001c8d6752f30 JavaThread "Unconstrained build operations Thread 60" [_thread_blocked, id=12820, stack(0x0000005527a00000,0x0000005527b00000)]
  0x000001c8d6751250 JavaThread "Unconstrained build operations Thread 61" [_thread_blocked, id=21196, stack(0x0000005527b00000,0x0000005527c00000)]
  0x000001c8d6755f50 JavaThread "Unconstrained build operations Thread 62" [_thread_in_native, id=12380, stack(0x0000005527c00000,0x0000005527d00000)]
  0x000001c8d6751720 JavaThread "Unconstrained build operations Thread 63" [_thread_blocked, id=16796, stack(0x0000005527d00000,0x0000005527e00000)]
  0x000001c8d674f0a0 JavaThread "Unconstrained build operations Thread 64" [_thread_blocked, id=17028, stack(0x0000005527e00000,0x0000005527f00000)]
  0x000001c8d6753400 JavaThread "Unconstrained build operations Thread 65" [_thread_blocked, id=16964, stack(0x0000005527f00000,0x0000005528000000)]
  0x000001c8d6755a80 JavaThread "Unconstrained build operations Thread 66" [_thread_blocked, id=23172, stack(0x0000005528000000,0x0000005528100000)]
  0x000001c8d67520c0 JavaThread "Unconstrained build operations Thread 67" [_thread_blocked, id=22516, stack(0x0000005528100000,0x0000005528200000)]
  0x000001c8d6756420 JavaThread "Unconstrained build operations Thread 68" [_thread_blocked, id=21784, stack(0x0000005528200000,0x0000005528300000)]
  0x000001c8d67568f0 JavaThread "Unconstrained build operations Thread 69" [_thread_blocked, id=11280, stack(0x0000005528300000,0x0000005528400000)]
  0x000001c8d674f570 JavaThread "Unconstrained build operations Thread 70" [_thread_blocked, id=19104, stack(0x0000005528400000,0x0000005528500000)]
  0x000001c8d6752590 JavaThread "Unconstrained build operations Thread 71" [_thread_blocked, id=7132, stack(0x0000005528500000,0x0000005528600000)]
  0x000001c8d6752a60 JavaThread "Unconstrained build operations Thread 72" [_thread_blocked, id=17608, stack(0x0000005528600000,0x0000005528700000)]
  0x000001c8d67538d0 JavaThread "Unconstrained build operations Thread 73" [_thread_blocked, id=15036, stack(0x0000005528700000,0x0000005528800000)]
  0x000001c8d674fa40 JavaThread "Unconstrained build operations Thread 74" [_thread_blocked, id=3468, stack(0x0000005528800000,0x0000005528900000)]
  0x000001c8d6753da0 JavaThread "Unconstrained build operations Thread 75" [_thread_blocked, id=6356, stack(0x0000005528900000,0x0000005528a00000)]
  0x000001c8d6754270 JavaThread "Unconstrained build operations Thread 76" [_thread_blocked, id=18564, stack(0x0000005528a00000,0x0000005528b00000)]
  0x000001c8d6adb3f0 JavaThread "Unconstrained build operations Thread 77" [_thread_blocked, id=10172, stack(0x0000005528b00000,0x0000005528c00000)]
  0x000001c8d6adb8c0 JavaThread "Unconstrained build operations Thread 78" [_thread_blocked, id=10000, stack(0x0000005528c00000,0x0000005528d00000)]
  0x000001c8d6ada0b0 JavaThread "Unconstrained build operations Thread 79" [_thread_blocked, id=3356, stack(0x0000005528d00000,0x0000005528e00000)]
  0x000001c8d6adfc20 JavaThread "Unconstrained build operations Thread 80" [_thread_blocked, id=21712, stack(0x0000005528e00000,0x0000005528f00000)]
  0x000001c8d6ada580 JavaThread "jar transforms Thread 6" [_thread_blocked, id=8088, stack(0x0000005528f00000,0x0000005529000000)]
  0x000001c8d6adda70 JavaThread "jar transforms Thread 7" [_thread_blocked, id=3544, stack(0x0000005529000000,0x0000005529100000)]
  0x000001c8d6add5a0 JavaThread "jar transforms Thread 8" [_thread_blocked, id=12924, stack(0x0000005529100000,0x0000005529200000)]
  0x000001c8d6adcc00 JavaThread "build event listener" [_thread_blocked, id=23736, stack(0x0000005529200000,0x0000005529300000)]
  0x000001c8d6ae05c0 JavaThread "Memory manager" [_thread_blocked, id=17632, stack(0x0000005529300000,0x0000005529400000)]
  0x000001c8d6addf40 JavaThread "build event listener" [_thread_blocked, id=10972, stack(0x0000005529400000,0x0000005529500000)]
  0x000001c8d6ade8e0 JavaThread "build event listener" [_thread_blocked, id=19500, stack(0x0000005529500000,0x0000005529600000)]
  0x000001c8d6adc730 JavaThread "included builds" [_thread_blocked, id=22348, stack(0x0000005529600000,0x0000005529700000)]
  0x000001c8d0b91880 JavaThread "Execution worker" [_thread_in_vm, id=4164, stack(0x0000005529700000,0x0000005529800000)]
  0x000001c8d873dcc0 JavaThread "Execution worker Thread 2" [_thread_blocked, id=11932, stack(0x0000005529800000,0x0000005529900000)]
  0x000001c8d873e190 JavaThread "Execution worker Thread 3" [_thread_blocked, id=17516, stack(0x0000005529900000,0x0000005529a00000)]
  0x000001c8d873d320 JavaThread "Execution worker Thread 4" [_thread_blocked, id=13976, stack(0x0000005529a00000,0x0000005529b00000)]
  0x000001c8d873a300 JavaThread "Execution worker Thread 5" [_thread_blocked, id=14764, stack(0x0000005529b00000,0x0000005529c00000)]
  0x000001c8d873a7d0 JavaThread "Execution worker Thread 6" [_thread_blocked, id=16588, stack(0x0000005529c00000,0x0000005529d00000)]
  0x000001c8d8738af0 JavaThread "Execution worker Thread 7" [_thread_blocked, id=22876, stack(0x0000005529d00000,0x0000005529e00000)]
  0x000001c8d873aca0 JavaThread "Cache worker for execution history cache (C:\Users\jasse\AndroidStudioProjects\front\.gradle\8.0\executionHistory)" [_thread_blocked, id=18752, stack(0x0000005529e00000,0x0000005529f00000)]

Other Threads:
  0x000001c8cf93e230 VMThread "VM Thread" [stack: 0x0000005520b00000,0x0000005520c00000] [id=392]
  0x000001c8d05b7840 WatcherThread [stack: 0x0000005521700000,0x0000005521800000] [id=19940]
  0x000001c8b3ba95e0 GCTaskThread "GC Thread#0" [stack: 0x0000005520600000,0x0000005520700000] [id=8308]
  0x000001c8d1155110 GCTaskThread "GC Thread#1" [stack: 0x0000005521900000,0x0000005521a00000] [id=19264]
  0x000001c8d11557d0 GCTaskThread "GC Thread#2" [stack: 0x0000005521a00000,0x0000005521b00000] [id=12356]
  0x000001c8d11c5500 GCTaskThread "GC Thread#3" [stack: 0x0000005521b00000,0x0000005521c00000] [id=12972]
  0x000001c8d1fbfcb0 GCTaskThread "GC Thread#4" [stack: 0x0000005521c00000,0x0000005521d00000] [id=17640]
  0x000001c8d338a730 GCTaskThread "GC Thread#5" [stack: 0x0000005522700000,0x0000005522800000] [id=1232]
  0x000001c8d37290b0 GCTaskThread "GC Thread#6" [stack: 0x0000005522800000,0x0000005522900000] [id=21528]
  0x000001c8d2a56500 GCTaskThread "GC Thread#7" [stack: 0x0000005522900000,0x0000005522a00000] [id=23464]
  0x000001c8b3bba430 ConcurrentGCThread "G1 Main Marker" [stack: 0x0000005520700000,0x0000005520800000] [id=8084]
  0x000001c8b3bbad50 ConcurrentGCThread "G1 Conc#0" [stack: 0x0000005520800000,0x0000005520900000] [id=5416]
  0x000001c8d12458c0 ConcurrentGCThread "G1 Conc#1" [stack: 0x0000005522a00000,0x0000005522b00000] [id=23564]
  0x000001c8b3c12740 ConcurrentGCThread "G1 Refine#0" [stack: 0x0000005520900000,0x0000005520a00000] [id=3784]
  0x000001c8d44d4fe0 ConcurrentGCThread "G1 Refine#1" [stack: 0x0000005523800000,0x0000005523900000] [id=10960]
  0x000001c8cf7b3630 ConcurrentGCThread "G1 Service" [stack: 0x0000005520a00000,0x0000005520b00000] [id=2060]

Threads with active compile tasks:
C2 CompilerThread0     9272 10152       4       com.google.common.collect.ImmutableMap$Builder::put (35 bytes)
C2 CompilerThread1     9272 9902       4       org.gradle.internal.reflect.ClassInspector::inspectClass (179 bytes)

VM state: not at safepoint (normal execution)

VM Mutex/Monitor currently owned by a thread: None

Heap address: 0x0000000080000000, size: 2048 MB, Compressed Oops mode: 32-bit

CDS archive(s) not mapped
Compressed class space mapped at: 0x0000000100000000-0x0000000140000000, reserved size: 1073741824
Narrow klass base: 0x0000000000000000, Narrow klass shift: 3, Narrow klass range: 0x140000000

GC Precious Log:
 CPUs: 8 total, 8 available
 Memory: 7993M
 Large Page Support: Disabled
 NUMA Support: Disabled
 Compressed Oops: Enabled (32-bit)
 Heap Region Size: 1M
 Heap Min Capacity: 8M
 Heap Initial Capacity: 126M
 Heap Max Capacity: 2G
 Pre-touch: Disabled
 Parallel Workers: 8
 Concurrent Workers: 2
 Concurrent Refinement Workers: 8
 Periodic GC: Disabled

Heap:
 garbage-first heap   total 167936K, used 107417K [0x0000000080000000, 0x0000000100000000)
  region size 1024K, 29 young (29696K), 8 survivors (8192K)
 Metaspace       used 95501K, committed 96192K, reserved 1138688K
  class space    used 13183K, committed 13504K, reserved 1048576K

Heap Regions: E=young(eden), S=young(survivor), O=old, HS=humongous(starts), HC=humongous(continues), CS=collection set, F=free, OA=open archive, CA=closed archive, TAMS=top-at-mark-start (previous, next)
|   0|0x0000000080000000, 0x0000000080100000, 0x0000000080100000|100%|HS|  |TAMS 0x0000000080100000, 0x0000000080000000| Complete 
|   1|0x0000000080100000, 0x0000000080200000, 0x0000000080200000|100%|HC|  |TAMS 0x0000000080200000, 0x0000000080100000| Complete 
|   2|0x0000000080200000, 0x0000000080300000, 0x0000000080300000|100%|HC|  |TAMS 0x0000000080300000, 0x0000000080200000| Complete 
|   3|0x0000000080300000, 0x0000000080400000, 0x0000000080400000|100%|HC|  |TAMS 0x0000000080400000, 0x0000000080300000| Complete 
|   4|0x0000000080400000, 0x0000000080500000, 0x0000000080500000|100%| O|  |TAMS 0x0000000080500000, 0x0000000080400000| Untracked 
|   5|0x0000000080500000, 0x0000000080600000, 0x0000000080600000|100%| O|  |TAMS 0x0000000080600000, 0x0000000080500000| Untracked 
|   6|0x0000000080600000, 0x0000000080700000, 0x0000000080700000|100%| O|  |TAMS 0x0000000080700000, 0x0000000080600000| Untracked 
|   7|0x0000000080700000, 0x0000000080800000, 0x0000000080800000|100%| O|  |TAMS 0x0000000080800000, 0x0000000080700000| Untracked 
|   8|0x0000000080800000, 0x0000000080900000, 0x0000000080900000|100%| O|  |TAMS 0x0000000080900000, 0x0000000080800000| Untracked 
|   9|0x0000000080900000, 0x0000000080a00000, 0x0000000080a00000|100%| O|  |TAMS 0x0000000080a00000, 0x0000000080900000| Untracked 
|  10|0x0000000080a00000, 0x0000000080b00000, 0x0000000080b00000|100%| O|  |TAMS 0x0000000080b00000, 0x0000000080a00000| Untracked 
|  11|0x0000000080b00000, 0x0000000080c00000, 0x0000000080c00000|100%| O|  |TAMS 0x0000000080c00000, 0x0000000080b00000| Untracked 
|  12|0x0000000080c00000, 0x0000000080d00000, 0x0000000080d00000|100%| O|  |TAMS 0x0000000080d00000, 0x0000000080c00000| Untracked 
|  13|0x0000000080d00000, 0x0000000080e00000, 0x0000000080e00000|100%| O|  |TAMS 0x0000000080e00000, 0x0000000080d00000| Untracked 
|  14|0x0000000080e00000, 0x0000000080f00000, 0x0000000080f00000|100%| O|  |TAMS 0x0000000080f00000, 0x0000000080e00000| Untracked 
|  15|0x0000000080f00000, 0x0000000081000000, 0x0000000081000000|100%| O|  |TAMS 0x0000000081000000, 0x0000000080f00000| Untracked 
|  16|0x0000000081000000, 0x0000000081100000, 0x0000000081100000|100%| O|  |TAMS 0x0000000081100000, 0x0000000081000000| Untracked 
|  17|0x0000000081100000, 0x0000000081200000, 0x0000000081200000|100%| O|  |TAMS 0x0000000081200000, 0x0000000081100000| Untracked 
|  18|0x0000000081200000, 0x0000000081300000, 0x0000000081300000|100%| O|  |TAMS 0x0000000081300000, 0x0000000081200000| Untracked 
|  19|0x0000000081300000, 0x0000000081400000, 0x0000000081400000|100%| O|  |TAMS 0x0000000081400000, 0x0000000081300000| Untracked 
|  20|0x0000000081400000, 0x0000000081500000, 0x0000000081500000|100%| O|  |TAMS 0x0000000081500000, 0x0000000081400000| Untracked 
|  21|0x0000000081500000, 0x0000000081600000, 0x0000000081600000|100%| O|  |TAMS 0x0000000081600000, 0x0000000081500000| Untracked 
|  22|0x0000000081600000, 0x0000000081700000, 0x0000000081700000|100%| O|  |TAMS 0x0000000081700000, 0x0000000081600000| Untracked 
|  23|0x0000000081700000, 0x0000000081800000, 0x0000000081800000|100%| O|  |TAMS 0x0000000081800000, 0x0000000081700000| Untracked 
|  24|0x0000000081800000, 0x0000000081900000, 0x0000000081900000|100%| O|  |TAMS 0x0000000081800000, 0x0000000081800000| Untracked 
|  25|0x0000000081900000, 0x0000000081a00000, 0x0000000081a00000|100%| O|  |TAMS 0x0000000081a00000, 0x0000000081900000| Untracked 
|  26|0x0000000081a00000, 0x0000000081b00000, 0x0000000081b00000|100%| O|  |TAMS 0x0000000081b00000, 0x0000000081a00000| Untracked 
|  27|0x0000000081b00000, 0x0000000081c00000, 0x0000000081c00000|100%| O|  |TAMS 0x0000000081c00000, 0x0000000081b00000| Untracked 
|  28|0x0000000081c00000, 0x0000000081d00000, 0x0000000081d00000|100%| O|  |TAMS 0x0000000081d00000, 0x0000000081c00000| Untracked 
|  29|0x0000000081d00000, 0x0000000081e00000, 0x0000000081e00000|100%| O|  |TAMS 0x0000000081e00000, 0x0000000081d00000| Untracked 
|  30|0x0000000081e00000, 0x0000000081f00000, 0x0000000081f00000|100%| O|  |TAMS 0x0000000081f00000, 0x0000000081e00000| Untracked 
|  31|0x0000000081f00000, 0x0000000082000000, 0x0000000082000000|100%| O|  |TAMS 0x0000000082000000, 0x0000000081f00000| Untracked 
|  32|0x0000000082000000, 0x0000000082100000, 0x0000000082100000|100%| O|  |TAMS 0x0000000082100000, 0x0000000082000000| Untracked 
|  33|0x0000000082100000, 0x0000000082200000, 0x0000000082200000|100%|HS|  |TAMS 0x0000000082200000, 0x0000000082100000| Complete 
|  34|0x0000000082200000, 0x0000000082300000, 0x0000000082300000|100%|HS|  |TAMS 0x0000000082300000, 0x0000000082200000| Complete 
|  35|0x0000000082300000, 0x0000000082400000, 0x0000000082400000|100%|HS|  |TAMS 0x0000000082400000, 0x0000000082300000| Complete 
|  36|0x0000000082400000, 0x0000000082500000, 0x0000000082500000|100%|HC|  |TAMS 0x0000000082500000, 0x0000000082400000| Complete 
|  37|0x0000000082500000, 0x0000000082600000, 0x0000000082600000|100%|HS|  |TAMS 0x0000000082600000, 0x0000000082500000| Complete 
|  38|0x0000000082600000, 0x0000000082700000, 0x0000000082700000|100%| O|  |TAMS 0x0000000082700000, 0x0000000082600000| Untracked 
|  39|0x0000000082700000, 0x0000000082800000, 0x0000000082800000|100%| O|  |TAMS 0x0000000082800000, 0x0000000082700000| Untracked 
|  40|0x0000000082800000, 0x0000000082900000, 0x0000000082900000|100%| O|  |TAMS 0x0000000082900000, 0x0000000082800000| Untracked 
|  41|0x0000000082900000, 0x0000000082a00000, 0x0000000082a00000|100%| O|  |TAMS 0x0000000082a00000, 0x0000000082900000| Untracked 
|  42|0x0000000082a00000, 0x0000000082b00000, 0x0000000082b00000|100%|HS|  |TAMS 0x0000000082b00000, 0x0000000082a00000| Complete 
|  43|0x0000000082b00000, 0x0000000082c00000, 0x0000000082c00000|100%|HC|  |TAMS 0x0000000082c00000, 0x0000000082b00000| Complete 
|  44|0x0000000082c00000, 0x0000000082d00000, 0x0000000082d00000|100%|HC|  |TAMS 0x0000000082d00000, 0x0000000082c00000| Complete 
|  45|0x0000000082d00000, 0x0000000082e00000, 0x0000000082e00000|100%|HC|  |TAMS 0x0000000082e00000, 0x0000000082d00000| Complete 
|  46|0x0000000082e00000, 0x0000000082f00000, 0x0000000082f00000|100%| O|  |TAMS 0x0000000082f00000, 0x0000000082e00000| Untracked 
|  47|0x0000000082f00000, 0x0000000083000000, 0x0000000083000000|100%| O|  |TAMS 0x0000000083000000, 0x0000000082f00000| Untracked 
|  48|0x0000000083000000, 0x0000000083100000, 0x0000000083100000|100%| O|  |TAMS 0x0000000083100000, 0x0000000083000000| Untracked 
|  49|0x0000000083100000, 0x0000000083200000, 0x0000000083200000|100%| O|  |TAMS 0x0000000083200000, 0x0000000083100000| Untracked 
|  50|0x0000000083200000, 0x0000000083300000, 0x0000000083300000|100%| O|  |TAMS 0x0000000083300000, 0x0000000083200000| Untracked 
|  51|0x0000000083300000, 0x0000000083400000, 0x0000000083400000|100%| O|  |TAMS 0x0000000083400000, 0x0000000083300000| Untracked 
|  52|0x0000000083400000, 0x0000000083500000, 0x0000000083500000|100%| O|  |TAMS 0x0000000083500000, 0x0000000083400000| Untracked 
|  53|0x0000000083500000, 0x0000000083600000, 0x0000000083600000|100%| O|  |TAMS 0x0000000083600000, 0x0000000083500000| Untracked 
|  54|0x0000000083600000, 0x0000000083700000, 0x0000000083700000|100%| O|  |TAMS 0x0000000083700000, 0x0000000083600000| Untracked 
|  55|0x0000000083700000, 0x0000000083800000, 0x0000000083800000|100%| O|  |TAMS 0x0000000083800000, 0x0000000083700000| Untracked 
|  56|0x0000000083800000, 0x0000000083900000, 0x0000000083900000|100%| O|  |TAMS 0x0000000083900000, 0x0000000083800000| Untracked 
|  57|0x0000000083900000, 0x0000000083a00000, 0x0000000083a00000|100%| O|  |TAMS 0x0000000083a00000, 0x0000000083900000| Untracked 
|  58|0x0000000083a00000, 0x0000000083b00000, 0x0000000083b00000|100%| O|  |TAMS 0x0000000083b00000, 0x0000000083a00000| Untracked 
|  59|0x0000000083b00000, 0x0000000083c00000, 0x0000000083c00000|100%| O|  |TAMS 0x0000000083c00000, 0x0000000083b00000| Untracked 
|  60|0x0000000083c00000, 0x0000000083d00000, 0x0000000083d00000|100%| O|  |TAMS 0x0000000083c00000, 0x0000000083c00000| Untracked 
|  61|0x0000000083d00000, 0x0000000083e00000, 0x0000000083e00000|100%| O|  |TAMS 0x0000000083e00000, 0x0000000083d00000| Untracked 
|  62|0x0000000083e00000, 0x0000000083f00000, 0x0000000083f00000|100%| O|  |TAMS 0x0000000083f00000, 0x0000000083e00000| Untracked 
|  63|0x0000000083f00000, 0x0000000084000000, 0x0000000084000000|100%| O|  |TAMS 0x0000000084000000, 0x0000000083f00000| Untracked 
|  64|0x0000000084000000, 0x0000000084100000, 0x0000000084100000|100%| O|  |TAMS 0x0000000084100000, 0x0000000084000000| Untracked 
|  65|0x0000000084100000, 0x0000000084200000, 0x0000000084200000|100%| O|  |TAMS 0x0000000084200000, 0x0000000084100000| Untracked 
|  66|0x0000000084200000, 0x0000000084300000, 0x0000000084300000|100%| O|  |TAMS 0x000000008428be00, 0x0000000084200000| Untracked 
|  67|0x0000000084300000, 0x0000000084400000, 0x0000000084400000|100%| O|  |TAMS 0x0000000084300000, 0x0000000084300000| Untracked 
|  68|0x0000000084400000, 0x0000000084500000, 0x0000000084500000|100%| O|  |TAMS 0x0000000084400000, 0x0000000084400000| Untracked 
|  69|0x0000000084500000, 0x0000000084600000, 0x0000000084600000|100%| O|  |TAMS 0x0000000084500000, 0x0000000084500000| Untracked 
|  70|0x0000000084600000, 0x0000000084700000, 0x0000000084700000|100%| O|  |TAMS 0x0000000084600000, 0x0000000084600000| Untracked 
|  71|0x0000000084700000, 0x0000000084800000, 0x0000000084800000|100%| O|  |TAMS 0x0000000084700000, 0x0000000084700000| Untracked 
|  72|0x0000000084800000, 0x0000000084900000, 0x0000000084900000|100%| O|  |TAMS 0x0000000084800000, 0x0000000084800000| Untracked 
|  73|0x0000000084900000, 0x0000000084a00000, 0x0000000084a00000|100%| O|  |TAMS 0x0000000084900000, 0x0000000084900000| Untracked 
|  74|0x0000000084a00000, 0x0000000084b00000, 0x0000000084b00000|100%| O|  |TAMS 0x0000000084a00000, 0x0000000084a00000| Untracked 
|  75|0x0000000084b00000, 0x0000000084c00000, 0x0000000084c00000|100%| O|  |TAMS 0x0000000084b00000, 0x0000000084b00000| Untracked 
|  76|0x0000000084c00000, 0x0000000084d00000, 0x0000000084d00000|100%| O|  |TAMS 0x0000000084c00000, 0x0000000084c00000| Untracked 
|  77|0x0000000084d00000, 0x0000000084e00000, 0x0000000084e00000|100%| O|  |TAMS 0x0000000084d00000, 0x0000000084d00000| Untracked 
|  78|0x0000000084e00000, 0x0000000084ec7800, 0x0000000084f00000| 77%| O|  |TAMS 0x0000000084e00000, 0x0000000084e00000| Untracked 
|  79|0x0000000084f00000, 0x0000000084f00000, 0x0000000085000000|  0%| F|  |TAMS 0x0000000084f00000, 0x0000000084f00000| Untracked 
|  80|0x0000000085000000, 0x0000000085000000, 0x0000000085100000|  0%| F|  |TAMS 0x0000000085000000, 0x0000000085000000| Untracked 
|  81|0x0000000085100000, 0x0000000085100000, 0x0000000085200000|  0%| F|  |TAMS 0x0000000085100000, 0x0000000085100000| Untracked 
|  82|0x0000000085200000, 0x0000000085200000, 0x0000000085300000|  0%| F|  |TAMS 0x0000000085200000, 0x0000000085200000| Untracked 
|  83|0x0000000085300000, 0x0000000085300000, 0x0000000085400000|  0%| F|  |TAMS 0x0000000085300000, 0x0000000085300000| Untracked 
|  84|0x0000000085400000, 0x0000000085400000, 0x0000000085500000|  0%| F|  |TAMS 0x0000000085400000, 0x0000000085400000| Untracked 
|  85|0x0000000085500000, 0x0000000085500000, 0x0000000085600000|  0%| F|  |TAMS 0x0000000085500000, 0x0000000085500000| Untracked 
|  86|0x0000000085600000, 0x0000000085600000, 0x0000000085700000|  0%| F|  |TAMS 0x0000000085600000, 0x0000000085600000| Untracked 
|  87|0x0000000085700000, 0x0000000085700000, 0x0000000085800000|  0%| F|  |TAMS 0x0000000085700000, 0x0000000085700000| Untracked 
|  88|0x0000000085800000, 0x0000000085800000, 0x0000000085900000|  0%| F|  |TAMS 0x0000000085800000, 0x0000000085800000| Untracked 
|  89|0x0000000085900000, 0x0000000085900000, 0x0000000085a00000|  0%| F|  |TAMS 0x0000000085900000, 0x0000000085900000| Untracked 
|  90|0x0000000085a00000, 0x0000000085a00000, 0x0000000085b00000|  0%| F|  |TAMS 0x0000000085a00000, 0x0000000085a00000| Untracked 
|  91|0x0000000085b00000, 0x0000000085b00000, 0x0000000085c00000|  0%| F|  |TAMS 0x0000000085b00000, 0x0000000085b00000| Untracked 
|  92|0x0000000085c00000, 0x0000000085c00000, 0x0000000085d00000|  0%| F|  |TAMS 0x0000000085c00000, 0x0000000085c00000| Untracked 
|  93|0x0000000085d00000, 0x0000000085d00000, 0x0000000085e00000|  0%| F|  |TAMS 0x0000000085d00000, 0x0000000085d00000| Untracked 
|  94|0x0000000085e00000, 0x0000000085e00000, 0x0000000085f00000|  0%| F|  |TAMS 0x0000000085e00000, 0x0000000085e00000| Untracked 
|  95|0x0000000085f00000, 0x0000000085f00000, 0x0000000086000000|  0%| F|  |TAMS 0x0000000085f00000, 0x0000000085f00000| Untracked 
|  96|0x0000000086000000, 0x0000000086000000, 0x0000000086100000|  0%| F|  |TAMS 0x0000000086000000, 0x0000000086000000| Untracked 
|  97|0x0000000086100000, 0x0000000086100000, 0x0000000086200000|  0%| F|  |TAMS 0x0000000086100000, 0x0000000086100000| Untracked 
|  98|0x0000000086200000, 0x000000008621ed88, 0x0000000086300000| 12%| S|CS|TAMS 0x0000000086200000, 0x0000000086200000| Complete 
|  99|0x0000000086300000, 0x0000000086400000, 0x0000000086400000|100%| S|CS|TAMS 0x0000000086300000, 0x0000000086300000| Complete 
| 100|0x0000000086400000, 0x0000000086500000, 0x0000000086500000|100%| S|CS|TAMS 0x0000000086400000, 0x0000000086400000| Complete 
| 101|0x0000000086500000, 0x0000000086600000, 0x0000000086600000|100%| S|CS|TAMS 0x0000000086500000, 0x0000000086500000| Complete 
| 102|0x0000000086600000, 0x0000000086700000, 0x0000000086700000|100%| S|CS|TAMS 0x0000000086600000, 0x0000000086600000| Complete 
| 103|0x0000000086700000, 0x0000000086700000, 0x0000000086800000|  0%| F|  |TAMS 0x0000000086700000, 0x0000000086700000| Untracked 
| 104|0x0000000086800000, 0x0000000086800000, 0x0000000086900000|  0%| F|  |TAMS 0x0000000086800000, 0x0000000086800000| Untracked 
| 105|0x0000000086900000, 0x0000000086900000, 0x0000000086a00000|  0%| F|  |TAMS 0x0000000086900000, 0x0000000086900000| Untracked 
| 106|0x0000000086a00000, 0x0000000086a00000, 0x0000000086b00000|  0%| F|  |TAMS 0x0000000086a00000, 0x0000000086a00000| Untracked 
| 107|0x0000000086b00000, 0x0000000086b00000, 0x0000000086c00000|  0%| F|  |TAMS 0x0000000086b00000, 0x0000000086b00000| Untracked 
| 108|0x0000000086c00000, 0x0000000086c00000, 0x0000000086d00000|  0%| F|  |TAMS 0x0000000086c00000, 0x0000000086c00000| Untracked 
| 109|0x0000000086d00000, 0x0000000086d00000, 0x0000000086e00000|  0%| F|  |TAMS 0x0000000086d00000, 0x0000000086d00000| Untracked 
| 110|0x0000000086e00000, 0x0000000086f00000, 0x0000000086f00000|100%| S|CS|TAMS 0x0000000086e00000, 0x0000000086e00000| Complete 
| 111|0x0000000086f00000, 0x0000000087000000, 0x0000000087000000|100%| S|CS|TAMS 0x0000000086f00000, 0x0000000086f00000| Complete 
| 112|0x0000000087000000, 0x0000000087100000, 0x0000000087100000|100%| S|CS|TAMS 0x0000000087000000, 0x0000000087000000| Complete 
| 113|0x0000000087100000, 0x0000000087100000, 0x0000000087200000|  0%| F|  |TAMS 0x0000000087100000, 0x0000000087100000| Untracked 
| 114|0x0000000087200000, 0x0000000087200000, 0x0000000087300000|  0%| F|  |TAMS 0x0000000087200000, 0x0000000087200000| Untracked 
| 115|0x0000000087300000, 0x0000000087300000, 0x0000000087400000|  0%| F|  |TAMS 0x0000000087300000, 0x0000000087300000| Untracked 
| 116|0x0000000087400000, 0x0000000087400000, 0x0000000087500000|  0%| F|  |TAMS 0x0000000087400000, 0x0000000087400000| Untracked 
| 117|0x0000000087500000, 0x0000000087500000, 0x0000000087600000|  0%| F|  |TAMS 0x0000000087500000, 0x0000000087500000| Untracked 
| 118|0x0000000087600000, 0x0000000087600000, 0x0000000087700000|  0%| F|  |TAMS 0x0000000087600000, 0x0000000087600000| Untracked 
| 119|0x0000000087700000, 0x0000000087700000, 0x0000000087800000|  0%| F|  |TAMS 0x0000000087700000, 0x0000000087700000| Untracked 
| 120|0x0000000087800000, 0x0000000087800000, 0x0000000087900000|  0%| F|  |TAMS 0x0000000087800000, 0x0000000087800000| Untracked 
| 121|0x0000000087900000, 0x0000000087900000, 0x0000000087a00000|  0%| F|  |TAMS 0x0000000087900000, 0x0000000087900000| Untracked 
| 122|0x0000000087a00000, 0x0000000087a00000, 0x0000000087b00000|  0%| F|  |TAMS 0x0000000087a00000, 0x0000000087a00000| Untracked 
| 123|0x0000000087b00000, 0x0000000087b00000, 0x0000000087c00000|  0%| F|  |TAMS 0x0000000087b00000, 0x0000000087b00000| Untracked 
| 124|0x0000000087c00000, 0x0000000087c00000, 0x0000000087d00000|  0%| F|  |TAMS 0x0000000087c00000, 0x0000000087c00000| Untracked 
| 125|0x0000000087d00000, 0x0000000087d00000, 0x0000000087e00000|  0%| F|  |TAMS 0x0000000087d00000, 0x0000000087d00000| Untracked 
| 126|0x0000000087e00000, 0x0000000087e00000, 0x0000000087f00000|  0%| F|  |TAMS 0x0000000087e00000, 0x0000000087e00000| Untracked 
| 127|0x0000000087f00000, 0x0000000087f00000, 0x0000000088000000|  0%| F|  |TAMS 0x0000000087f00000, 0x0000000087f00000| Untracked 
| 128|0x0000000088000000, 0x0000000088000000, 0x0000000088100000|  0%| F|  |TAMS 0x0000000088000000, 0x0000000088000000| Untracked 
| 129|0x0000000088100000, 0x0000000088100000, 0x0000000088200000|  0%| F|  |TAMS 0x0000000088100000, 0x0000000088100000| Untracked 
| 130|0x0000000088200000, 0x0000000088200000, 0x0000000088300000|  0%| F|  |TAMS 0x0000000088200000, 0x0000000088200000| Untracked 
| 131|0x0000000088300000, 0x0000000088300000, 0x0000000088400000|  0%| F|  |TAMS 0x0000000088300000, 0x0000000088300000| Untracked 
| 132|0x0000000088400000, 0x0000000088400000, 0x0000000088500000|  0%| F|  |TAMS 0x0000000088400000, 0x0000000088400000| Untracked 
| 133|0x0000000088500000, 0x0000000088500000, 0x0000000088600000|  0%| F|  |TAMS 0x0000000088500000, 0x0000000088500000| Untracked 
| 134|0x0000000088600000, 0x0000000088600000, 0x0000000088700000|  0%| F|  |TAMS 0x0000000088600000, 0x0000000088600000| Untracked 
| 135|0x0000000088700000, 0x0000000088700000, 0x0000000088800000|  0%| F|  |TAMS 0x0000000088700000, 0x0000000088700000| Untracked 
| 136|0x0000000088800000, 0x0000000088800000, 0x0000000088900000|  0%| F|  |TAMS 0x0000000088800000, 0x0000000088800000| Untracked 
| 137|0x0000000088900000, 0x0000000088900000, 0x0000000088a00000|  0%| F|  |TAMS 0x0000000088900000, 0x0000000088900000| Untracked 
| 138|0x0000000088a00000, 0x0000000088a00000, 0x0000000088b00000|  0%| F|  |TAMS 0x0000000088a00000, 0x0000000088a00000| Untracked 
| 139|0x0000000088b00000, 0x0000000088b00000, 0x0000000088c00000|  0%| F|  |TAMS 0x0000000088b00000, 0x0000000088b00000| Untracked 
| 140|0x0000000088c00000, 0x0000000088c00000, 0x0000000088d00000|  0%| F|  |TAMS 0x0000000088c00000, 0x0000000088c00000| Untracked 
| 141|0x0000000088d00000, 0x0000000088d00000, 0x0000000088e00000|  0%| F|  |TAMS 0x0000000088d00000, 0x0000000088d00000| Untracked 
| 142|0x0000000088e00000, 0x0000000088eb4e18, 0x0000000088f00000| 70%| E|  |TAMS 0x0000000088e00000, 0x0000000088e00000| Complete 
| 143|0x0000000088f00000, 0x0000000089000000, 0x0000000089000000|100%| E|CS|TAMS 0x0000000088f00000, 0x0000000088f00000| Complete 
| 144|0x0000000089000000, 0x0000000089100000, 0x0000000089100000|100%| E|CS|TAMS 0x0000000089000000, 0x0000000089000000| Complete 
| 145|0x0000000089100000, 0x0000000089200000, 0x0000000089200000|100%| E|CS|TAMS 0x0000000089100000, 0x0000000089100000| Complete 
| 146|0x0000000089200000, 0x0000000089300000, 0x0000000089300000|100%| E|  |TAMS 0x0000000089200000, 0x0000000089200000| Complete 
| 147|0x0000000089300000, 0x0000000089400000, 0x0000000089400000|100%| E|CS|TAMS 0x0000000089300000, 0x0000000089300000| Complete 
| 148|0x0000000089400000, 0x0000000089500000, 0x0000000089500000|100%| E|CS|TAMS 0x0000000089400000, 0x0000000089400000| Complete 
| 149|0x0000000089500000, 0x0000000089600000, 0x0000000089600000|100%| E|CS|TAMS 0x0000000089500000, 0x0000000089500000| Complete 
| 150|0x0000000089600000, 0x0000000089700000, 0x0000000089700000|100%| E|CS|TAMS 0x0000000089600000, 0x0000000089600000| Complete 
| 151|0x0000000089700000, 0x0000000089800000, 0x0000000089800000|100%| E|CS|TAMS 0x0000000089700000, 0x0000000089700000| Complete 
| 152|0x0000000089800000, 0x0000000089900000, 0x0000000089900000|100%| E|CS|TAMS 0x0000000089800000, 0x0000000089800000| Complete 
| 153|0x0000000089900000, 0x0000000089a00000, 0x0000000089a00000|100%| E|CS|TAMS 0x0000000089900000, 0x0000000089900000| Complete 
| 154|0x0000000089a00000, 0x0000000089b00000, 0x0000000089b00000|100%| E|CS|TAMS 0x0000000089a00000, 0x0000000089a00000| Complete 
| 155|0x0000000089b00000, 0x0000000089c00000, 0x0000000089c00000|100%| E|CS|TAMS 0x0000000089b00000, 0x0000000089b00000| Complete 
| 156|0x0000000089c00000, 0x0000000089d00000, 0x0000000089d00000|100%| E|CS|TAMS 0x0000000089c00000, 0x0000000089c00000| Complete 
| 157|0x0000000089d00000, 0x0000000089e00000, 0x0000000089e00000|100%| E|CS|TAMS 0x0000000089d00000, 0x0000000089d00000| Complete 
| 158|0x0000000089e00000, 0x0000000089f00000, 0x0000000089f00000|100%| E|CS|TAMS 0x0000000089e00000, 0x0000000089e00000| Complete 
| 159|0x0000000089f00000, 0x000000008a000000, 0x000000008a000000|100%| E|CS|TAMS 0x0000000089f00000, 0x0000000089f00000| Complete 
| 160|0x000000008a000000, 0x000000008a100000, 0x000000008a100000|100%| E|CS|TAMS 0x000000008a000000, 0x000000008a000000| Complete 
| 161|0x000000008a100000, 0x000000008a200000, 0x000000008a200000|100%| E|CS|TAMS 0x000000008a100000, 0x000000008a100000| Complete 
| 162|0x000000008a200000, 0x000000008a300000, 0x000000008a300000|100%| E|CS|TAMS 0x000000008a200000, 0x000000008a200000| Complete 
| 163|0x000000008a300000, 0x000000008a400000, 0x000000008a400000|100%| E|CS|TAMS 0x000000008a300000, 0x000000008a300000| Complete 

Card table byte_map: [0x000001c8c8670000,0x000001c8c8a70000] _byte_map_base: 0x000001c8c8270000

Marking Bits (Prev, Next): (CMBitMap*) 0x000001c8b3ba9b40, (CMBitMap*) 0x000001c8b3ba9b00
 Prev Bits: [0x000001c8cae70000, 0x000001c8cce70000)
 Next Bits: [0x000001c8c8e70000, 0x000001c8cae70000)

Polling page: 0x000001c8b3c20000

Metaspace:

Usage:
  Non-class:     80.39 MB used.
      Class:     12.87 MB used.
       Both:     93.26 MB used.

Virtual space:
  Non-class space:       88.00 MB reserved,      80.75 MB ( 92%) committed,  11 nodes.
      Class space:        1.00 GB reserved,      13.19 MB (  1%) committed,  1 nodes.
             Both:        1.09 GB reserved,      93.94 MB (  8%) committed. 

Chunk freelists:
   Non-Class:  3.22 MB
       Class:  2.84 MB
        Both:  6.06 MB

MaxMetaspaceSize: unlimited
CompressedClassSpaceSize: 1.00 GB
Initial GC threshold: 21.00 MB
Current GC threshold: 139.50 MB
CDS: off
MetaspaceReclaimPolicy: balanced
 - commit_granule_bytes: 65536.
 - commit_granule_words: 8192.
 - virtual_space_node_default_size: 1048576.
 - enlarge_chunks_in_place: 1.
 - new_chunks_are_fully_committed: 0.
 - uncommit_free_chunks: 1.
 - use_allocation_guard: 0.
 - handle_deallocations: 1.


Internal statistics:

num_allocs_failed_limit: 6.
num_arena_births: 1022.
num_arena_deaths: 0.
num_vsnodes_births: 12.
num_vsnodes_deaths: 0.
num_space_committed: 1503.
num_space_uncommitted: 0.
num_chunks_returned_to_freelist: 6.
num_chunks_taken_from_freelist: 4557.
num_chunk_merges: 6.
num_chunk_splits: 3015.
num_chunks_enlarged: 2018.
num_purges: 0.
num_inconsistent_stats: 0.

CodeHeap 'non-profiled nmethods': size=120000Kb used=5331Kb max_used=5331Kb free=114668Kb
 bounds [0x000001c8c02c0000, 0x000001c8c0800000, 0x000001c8c77f0000]
CodeHeap 'profiled nmethods': size=120000Kb used=18351Kb max_used=18351Kb free=101648Kb
 bounds [0x000001c8b87f0000, 0x000001c8b99e0000, 0x000001c8bfd20000]
CodeHeap 'non-nmethods': size=5760Kb used=2389Kb max_used=2557Kb free=3370Kb
 bounds [0x000001c8bfd20000, 0x000001c8bffd0000, 0x000001c8c02c0000]
 total_blobs=10247 nmethods=9323 adapters=836
 compilation: enabled
              stopped_count=0, restarted_count=0
 full_count=0

Compilation events (20 events):
Event: 9.214 Thread 0x000001c8d0422330 10156   !   2       org.gradle.internal.nativeintegration.filesystem.services.NativePlatformBackedFileMetadataAccessor::stat (269 bytes)
Event: 9.216 Thread 0x000001c8d0422330 nmethod 10156 0x000001c8b99c6c90 code [0x000001c8b99c7080, 0x000001c8b99c7f58]
Event: 9.216 Thread 0x000001c8d0422330 10157       2       net.rubygrapefruit.platform.internal.DefaultWindowsFiles::stat (7 bytes)
Event: 9.216 Thread 0x000001c8d0422330 nmethod 10157 0x000001c8b99c8910 code [0x000001c8b99c8aa0, 0x000001c8b99c8bc8]
Event: 9.216 Thread 0x000001c8d0422330 10159       2       org.gradle.api.internal.project.DefaultProject::getTasks (5 bytes)
Event: 9.216 Thread 0x000001c8d0422330 nmethod 10159 0x000001c8b99c8c90 code [0x000001c8b99c8e20, 0x000001c8b99c8f38]
Event: 9.216 Thread 0x000001c8d0422330 10158       2       org.gradle.internal.vfs.impl.DefaultFileSystemAccess$$Lambda$346/0x00000001004be3b0::snapshot (17 bytes)
Event: 9.216 Thread 0x000001c8d0422330 nmethod 10158 0x000001c8b99c9010 code [0x000001c8b99c91a0, 0x000001c8b99c92e8]
Event: 9.216 Thread 0x000001c8d0422330 10150       1       java.nio.charset.CharsetDecoder::charset (5 bytes)
Event: 9.217 Thread 0x000001c8d0422330 nmethod 10150 0x000001c8c07e4590 code [0x000001c8c07e4720, 0x000001c8c07e47f8]
Event: 9.218 Thread 0x000001c8d0422330 10160   !   2       java.io.ObjectOutputStream::writeOrdinaryObject (196 bytes)
Event: 9.219 Thread 0x000001c8d0422330 nmethod 10160 0x000001c8b99c9390 code [0x000001c8b99c9620, 0x000001c8b99c9d68]
Event: 9.220 Thread 0x000001c8d0422330 10161       2       java.io.ObjectOutputStream$BlockDataOutputStream::writeInt (46 bytes)
Event: 9.220 Thread 0x000001c8d0422330 nmethod 10161 0x000001c8b99ca590 code [0x000001c8b99ca740, 0x000001c8b99ca8f8]
Event: 9.220 Thread 0x000001c8d0422330 10162       2       org.gradle.internal.model.CalculatedValueContainer::get (8 bytes)
Event: 9.220 Thread 0x000001c8d0422330 nmethod 10162 0x000001c8b99caa10 code [0x000001c8b99cabc0, 0x000001c8b99cacf8]
Event: 9.220 Thread 0x000001c8d0422330 10163       2       org.gradle.internal.execution.steps.ExecutionRequestContext::<init> (15 bytes)
Event: 9.221 Thread 0x000001c8d0422330 nmethod 10163 0x000001c8b99cae10 code [0x000001c8b99cafa0, 0x000001c8b99cb158]
Event: 9.222 Thread 0x000001c8d0422330 10164       2       java.io.ObjectStreamClass$FieldReflectorKey::equals (37 bytes)
Event: 9.222 Thread 0x000001c8d0422330 nmethod 10164 0x000001c8b99cb210 code [0x000001c8b99cb3c0, 0x000001c8b99cb588]

GC Heap History (20 events):
Event: 5.423 GC heap before
{Heap before GC invocations=21 (full 0):
 garbage-first heap   total 96256K, used 66970K [0x0000000080000000, 0x0000000100000000)
  region size 1024K, 14 young (14336K), 1 survivors (1024K)
 Metaspace       used 64038K, committed 64576K, reserved 1105920K
  class space    used 8513K, committed 8768K, reserved 1048576K
}
Event: 5.425 GC heap after
{Heap after GC invocations=22 (full 0):
 garbage-first heap   total 139264K, used 56219K [0x0000000080000000, 0x0000000100000000)
  region size 1024K, 2 young (2048K), 2 survivors (2048K)
 Metaspace       used 64038K, committed 64576K, reserved 1105920K
  class space    used 8513K, committed 8768K, reserved 1048576K
}
Event: 5.783 GC heap before
{Heap before GC invocations=22 (full 0):
 garbage-first heap   total 139264K, used 108443K [0x0000000080000000, 0x0000000100000000)
  region size 1024K, 47 young (48128K), 2 survivors (2048K)
 Metaspace       used 67508K, committed 68032K, reserved 1114112K
  class space    used 8956K, committed 9216K, reserved 1048576K
}
Event: 5.786 GC heap after
{Heap after GC invocations=23 (full 0):
 garbage-first heap   total 139264K, used 59893K [0x0000000080000000, 0x0000000100000000)
  region size 1024K, 6 young (6144K), 6 survivors (6144K)
 Metaspace       used 67508K, committed 68032K, reserved 1114112K
  class space    used 8956K, committed 9216K, reserved 1048576K
}
Event: 6.242 GC heap before
{Heap before GC invocations=23 (full 0):
 garbage-first heap   total 139264K, used 103925K [0x0000000080000000, 0x0000000100000000)
  region size 1024K, 49 young (50176K), 6 survivors (6144K)
 Metaspace       used 72713K, committed 73344K, reserved 1114112K
  class space    used 9691K, committed 9984K, reserved 1048576K
}
Event: 6.247 GC heap after
{Heap after GC invocations=24 (full 0):
 garbage-first heap   total 139264K, used 63389K [0x0000000080000000, 0x0000000100000000)
  region size 1024K, 4 young (4096K), 4 survivors (4096K)
 Metaspace       used 72713K, committed 73344K, reserved 1114112K
  class space    used 9691K, committed 9984K, reserved 1048576K
}
Event: 6.634 GC heap before
{Heap before GC invocations=24 (full 0):
 garbage-first heap   total 139264K, used 106397K [0x0000000080000000, 0x0000000100000000)
  region size 1024K, 46 young (47104K), 4 survivors (4096K)
 Metaspace       used 75766K, committed 76352K, reserved 1122304K
  class space    used 10102K, committed 10368K, reserved 1048576K
}
Event: 6.639 GC heap after
{Heap after GC invocations=25 (full 0):
 garbage-first heap   total 139264K, used 67055K [0x0000000080000000, 0x0000000100000000)
  region size 1024K, 6 young (6144K), 6 survivors (6144K)
 Metaspace       used 75766K, committed 76352K, reserved 1122304K
  class space    used 10102K, committed 10368K, reserved 1048576K
}
Event: 7.099 GC heap before
{Heap before GC invocations=25 (full 0):
 garbage-first heap   total 139264K, used 111087K [0x0000000080000000, 0x0000000100000000)
  region size 1024K, 48 young (49152K), 6 survivors (6144K)
 Metaspace       used 80460K, committed 81088K, reserved 1122304K
  class space    used 10923K, committed 11200K, reserved 1048576K
}
Event: 7.105 GC heap after
{Heap after GC invocations=26 (full 0):
 garbage-first heap   total 139264K, used 69834K [0x0000000080000000, 0x0000000100000000)
  region size 1024K, 3 young (3072K), 3 survivors (3072K)
 Metaspace       used 80460K, committed 81088K, reserved 1122304K
  class space    used 10923K, committed 11200K, reserved 1048576K
}
Event: 7.612 GC heap before
{Heap before GC invocations=26 (full 0):
 garbage-first heap   total 139264K, used 111818K [0x0000000080000000, 0x0000000100000000)
  region size 1024K, 44 young (45056K), 3 survivors (3072K)
 Metaspace       used 84835K, committed 85440K, reserved 1130496K
  class space    used 11574K, committed 11840K, reserved 1048576K
}
Event: 7.617 GC heap after
{Heap after GC invocations=27 (full 0):
 garbage-first heap   total 139264K, used 72878K [0x0000000080000000, 0x0000000100000000)
  region size 1024K, 6 young (6144K), 6 survivors (6144K)
 Metaspace       used 84835K, committed 85440K, reserved 1130496K
  class space    used 11574K, committed 11840K, reserved 1048576K
}
Event: 8.061 GC heap before
{Heap before GC invocations=28 (full 0):
 garbage-first heap   total 139264K, used 112814K [0x0000000080000000, 0x0000000100000000)
  region size 1024K, 45 young (46080K), 6 survivors (6144K)
 Metaspace       used 88970K, committed 89600K, reserved 1130496K
  class space    used 12228K, committed 12480K, reserved 1048576K
}
Event: 8.068 GC heap after
{Heap after GC invocations=29 (full 0):
 garbage-first heap   total 139264K, used 75147K [0x0000000080000000, 0x0000000100000000)
  region size 1024K, 3 young (3072K), 3 survivors (3072K)
 Metaspace       used 88970K, committed 89600K, reserved 1130496K
  class space    used 12228K, committed 12480K, reserved 1048576K
}
Event: 8.106 GC heap before
{Heap before GC invocations=29 (full 0):
 garbage-first heap   total 139264K, used 78219K [0x0000000080000000, 0x0000000100000000)
  region size 1024K, 6 young (6144K), 3 survivors (3072K)
 Metaspace       used 89235K, committed 89856K, reserved 1130496K
  class space    used 12262K, committed 12544K, reserved 1048576K
}
Event: 8.110 GC heap after
{Heap after GC invocations=30 (full 0):
 garbage-first heap   total 167936K, used 75128K [0x0000000080000000, 0x0000000100000000)
  region size 1024K, 1 young (1024K), 1 survivors (1024K)
 Metaspace       used 89235K, committed 89856K, reserved 1130496K
  class space    used 12262K, committed 12544K, reserved 1048576K
}
Event: 8.632 GC heap before
{Heap before GC invocations=30 (full 0):
 garbage-first heap   total 167936K, used 129400K [0x0000000080000000, 0x0000000100000000)
  region size 1024K, 54 young (55296K), 1 survivors (1024K)
 Metaspace       used 93435K, committed 94080K, reserved 1130496K
  class space    used 12787K, committed 13120K, reserved 1048576K
}
Event: 8.639 GC heap after
{Heap after GC invocations=31 (full 0):
 garbage-first heap   total 167936K, used 80742K [0x0000000080000000, 0x0000000100000000)
  region size 1024K, 7 young (7168K), 7 survivors (7168K)
 Metaspace       used 93435K, committed 94080K, reserved 1130496K
  class space    used 12787K, committed 13120K, reserved 1048576K
}
Event: 9.150 GC heap before
{Heap before GC invocations=31 (full 0):
 garbage-first heap   total 167936K, used 132966K [0x0000000080000000, 0x0000000100000000)
  region size 1024K, 58 young (59392K), 7 survivors (7168K)
 Metaspace       used 95023K, committed 95744K, reserved 1138688K
  class space    used 13054K, committed 13376K, reserved 1048576K
}
Event: 9.160 GC heap after
{Heap after GC invocations=32 (full 0):
 garbage-first heap   total 167936K, used 87961K [0x0000000080000000, 0x0000000100000000)
  region size 1024K, 8 young (8192K), 8 survivors (8192K)
 Metaspace       used 95023K, committed 95744K, reserved 1138688K
  class space    used 13054K, committed 13376K, reserved 1048576K
}

Dll operation events (2 events):
Event: 0.005 Loaded shared library C:\Program Files\Android\Android Studio\jbr\bin\java.dll
Event: 0.302 Loaded shared library C:\Program Files\Android\Android Studio\jbr\bin\verify.dll

Deoptimization events (20 events):
Event: 9.205 Thread 0x000001c8d6a739e0 Uncommon trap: trap_request=0xffffffde fr.pc=0x000001c8c033d680 relative=0x00000000000002c0
Event: 9.205 Thread 0x000001c8d6a739e0 Uncommon trap: reason=class_check action=maybe_recompile pc=0x000001c8c033d680 method=java.util.concurrent.ConcurrentHashMap.get(Ljava/lang/Object;)Ljava/lang/Object; @ 93 c2
Event: 9.205 Thread 0x000001c8d6a739e0 DEOPT PACKING pc=0x000001c8c033d680 sp=0x0000005524efe0e0
Event: 9.205 Thread 0x000001c8d6a739e0 DEOPT UNPACKING pc=0x000001c8bfd769a3 sp=0x0000005524efe048 mode 2
Event: 9.208 Thread 0x000001c8d6a76a00 Uncommon trap: trap_request=0xffffff45 fr.pc=0x000001c8c0677474 relative=0x0000000000000174
Event: 9.208 Thread 0x000001c8d6a76a00 Uncommon trap: reason=unstable_if action=reinterpret pc=0x000001c8c0677474 method=java.util.concurrent.locks.ReentrantLock$Sync.tryLock()Z @ 34 c2
Event: 9.208 Thread 0x000001c8d6a76a00 DEOPT PACKING pc=0x000001c8c0677474 sp=0x00000055246fe8a0
Event: 9.208 Thread 0x000001c8d6a76a00 DEOPT UNPACKING pc=0x000001c8bfd769a3 sp=0x00000055246fe850 mode 2
Event: 9.209 Thread 0x000001c8d6a76a00 Uncommon trap: trap_request=0xffffffde fr.pc=0x000001c8c033d680 relative=0x00000000000002c0
Event: 9.209 Thread 0x000001c8d6a76a00 Uncommon trap: reason=class_check action=maybe_recompile pc=0x000001c8c033d680 method=java.util.concurrent.ConcurrentHashMap.get(Ljava/lang/Object;)Ljava/lang/Object; @ 93 c2
Event: 9.209 Thread 0x000001c8d6a76a00 DEOPT PACKING pc=0x000001c8c033d680 sp=0x00000055246fe400
Event: 9.209 Thread 0x000001c8d6a76a00 DEOPT UNPACKING pc=0x000001c8bfd769a3 sp=0x00000055246fe368 mode 2
Event: 9.213 Thread 0x000001c8d6a76a00 Uncommon trap: trap_request=0xffffffde fr.pc=0x000001c8c033d680 relative=0x00000000000002c0
Event: 9.213 Thread 0x000001c8d6a76a00 Uncommon trap: reason=class_check action=maybe_recompile pc=0x000001c8c033d680 method=java.util.concurrent.ConcurrentHashMap.get(Ljava/lang/Object;)Ljava/lang/Object; @ 93 c2
Event: 9.213 Thread 0x000001c8d6a76a00 DEOPT PACKING pc=0x000001c8c033d680 sp=0x00000055246fdfd0
Event: 9.213 Thread 0x000001c8d6a76a00 DEOPT UNPACKING pc=0x000001c8bfd769a3 sp=0x00000055246fdf38 mode 2
Event: 9.219 Thread 0x000001c8d6a76a00 Uncommon trap: trap_request=0xffffffde fr.pc=0x000001c8c033d680 relative=0x00000000000002c0
Event: 9.220 Thread 0x000001c8d6a76a00 Uncommon trap: reason=class_check action=maybe_recompile pc=0x000001c8c033d680 method=java.util.concurrent.ConcurrentHashMap.get(Ljava/lang/Object;)Ljava/lang/Object; @ 93 c2
Event: 9.220 Thread 0x000001c8d6a76a00 DEOPT PACKING pc=0x000001c8c033d680 sp=0x00000055246fe130
Event: 9.220 Thread 0x000001c8d6a76a00 DEOPT UNPACKING pc=0x000001c8bfd769a3 sp=0x00000055246fe098 mode 2

Classes unloaded (0 events):
No events

Classes redefined (0 events):
No events

Internal exceptions (20 events):
Event: 8.952 Thread 0x000001c8d0b948a0 Exception <a 'java/lang/NoSuchMethodError'{0x0000000087bb2908}: static Lorg/gradle/internal/build/event/types/DefaultTaskSuccessResult;.<clinit>()V> (0x0000000087bb2908) 
thrown [s\src\hotspot\share\prims\jni.cpp, line 1108]
Event: 8.953 Thread 0x000001c8d0b948a0 Exception <a 'java/lang/NoSuchMethodError'{0x0000000087bb4010}: static Lorg/gradle/internal/build/event/types/AbstractTaskResult;.<clinit>()V> (0x0000000087bb4010) 
thrown [s\src\hotspot\share\prims\jni.cpp, line 1108]
Event: 8.964 Thread 0x000001c8d6adc730 Exception <a 'sun/nio/fs/WindowsException'{0x0000000087b51a48}> (0x0000000087b51a48) 
thrown [s\src\hotspot\share\prims\jni.cpp, line 517]
Event: 8.970 Thread 0x000001c8d0b948a0 Exception <a 'java/lang/NoSuchMethodError'{0x0000000087ac8680}: static Lorg/gradle/internal/build/event/types/DefaultTaskSkippedResult;.<clinit>()V> (0x0000000087ac8680) 
thrown [s\src\hotspot\share\prims\jni.cpp, line 1108]
Event: 8.977 Thread 0x000001c8d6adcc00 Exception <a 'java/lang/NoSuchMethodError'{0x000000008791be50}: static Lcom/android/buildanalyzer/common/AndroidGradlePluginAttributionData$BuildInfo;.<clinit>()V> (0x000000008791be50) 
thrown [s\src\hotspot\share\prims\jni.cpp, line 1108]
Event: 8.980 Thread 0x000001c8d6adcc00 Exception <a 'java/lang/NoSuchMethodError'{0x000000008794cd68}: static Lcom/android/buildanalyzer/common/AndroidGradlePluginAttributionData$JavaInfo;.<clinit>()V> (0x000000008794cd68) 
thrown [s\src\hotspot\share\prims\jni.cpp, line 1108]
Event: 8.983 Thread 0x000001c8d6adcc00 Exception <a 'java/lang/NoSuchMethodError'{0x000000008796ee50}: static [Ljava/lang/String;.<clinit>()V> (0x000000008796ee50) 
thrown [s\src\hotspot\share\prims\jni.cpp, line 1108]
Event: 8.984 Thread 0x000001c8d6adcc00 Exception <a 'java/lang/NoSuchMethodError'{0x00000000879bbf30}: static Lcom/android/buildanalyzer/common/AndroidGradlePluginAttributionData$TaskInfo;.<clinit>()V> (0x00000000879bbf30) 
thrown [s\src\hotspot\share\prims\jni.cpp, line 1108]
Event: 8.985 Thread 0x000001c8d6adcc00 Exception <a 'java/lang/NoSuchMethodError'{0x00000000879c8bb8}: static Lcom/android/buildanalyzer/common/AndroidGradlePluginAttributionData$TaskCategoryInfo;.<clinit>()V> (0x00000000879c8bb8) 
thrown [s\src\hotspot\share\prims\jni.cpp, line 1108]
Event: 9.143 Thread 0x000001c8d6adc730 Exception <a 'java/lang/NoSuchMethodError'{0x00000000872b16e0}: 'void java.lang.invoke.DirectMethodHandle$Holder.invokeStatic(java.lang.Object, java.lang.Object, java.lang.Object, java.lang.Object, int, java.lang.Object, java.lang.Object)'> (0x00000000872b16e0) 
thrown [s\src\hotspot\share\interpreter\linkResolver.cpp, line 771]
Event: 9.171 Thread 0x000001c8d6a756c0 Exception <a 'java/lang/NoSuchMethodError'{0x0000000089f4d470}: 'java.lang.Object java.lang.invoke.DirectMethodHandle$Holder.invokeSpecialIFC(java.lang.Object, java.lang.Object, java.lang.Object)'> (0x0000000089f4d470) 
thrown [s\src\hotspot\share\interpreter\linkResolver.cpp, line 771]
Event: 9.171 Thread 0x000001c8d6755f50 Exception <a 'java/lang/NoSuchMethodError'{0x0000000089f44b40}: 'java.lang.Object java.lang.invoke.DirectMethodHandle$Holder.invokeSpecialIFC(java.lang.Object, java.lang.Object, java.lang.Object)'> (0x0000000089f44b40) 
thrown [s\src\hotspot\share\interpreter\linkResolver.cpp, line 771]
Event: 9.171 Thread 0x000001c8d67d1bd0 Exception <a 'java/lang/NoSuchMethodError'{0x0000000089f1ceb8}: 'java.lang.Object java.lang.invoke.DirectMethodHandle$Holder.invokeSpecialIFC(java.lang.Object, java.lang.Object, java.lang.Object)'> (0x0000000089f1ceb8) 
thrown [s\src\hotspot\share\interpreter\linkResolver.cpp, line 771]
Event: 9.171 Thread 0x000001c8d6adc730 Exception <a 'java/lang/NoSuchMethodError'{0x0000000089f56fa8}: 'java.lang.Object java.lang.invoke.DirectMethodHandle$Holder.invokeSpecialIFC(java.lang.Object, java.lang.Object, java.lang.Object)'> (0x0000000089f56fa8) 
thrown [s\src\hotspot\share\interpreter\linkResolver.cpp, line 771]
Event: 9.172 Thread 0x000001c8d6a739e0 Exception <a 'java/lang/NoSuchMethodError'{0x0000000089f34e18}: 'java.lang.Object java.lang.invoke.DirectMethodHandle$Holder.invokeSpecialIFC(java.lang.Object, java.lang.Object, java.lang.Object)'> (0x0000000089f34e18) 
thrown [s\src\hotspot\share\interpreter\linkResolver.cpp, line 771]
Event: 9.172 Thread 0x000001c8d67d38b0 Exception <a 'java/lang/NoSuchMethodError'{0x0000000089f3d330}: 'java.lang.Object java.lang.invoke.DirectMethodHandle$Holder.invokeSpecialIFC(java.lang.Object, java.lang.Object, java.lang.Object)'> (0x0000000089f3d330) 
thrown [s\src\hotspot\share\interpreter\linkResolver.cpp, line 771]
Event: 9.172 Thread 0x000001c8d674fa40 Exception <a 'java/lang/NoSuchMethodError'{0x0000000089f2ddc0}: 'java.lang.Object java.lang.invoke.DirectMethodHandle$Holder.invokeSpecialIFC(java.lang.Object, java.lang.Object, java.lang.Object)'> (0x0000000089f2ddc0) 
thrown [s\src\hotspot\share\interpreter\linkResolver.cpp, line 771]
Event: 9.172 Thread 0x000001c8d6a773a0 Exception <a 'java/lang/NoSuchMethodError'{0x0000000089f25c00}: 'java.lang.Object java.lang.invoke.DirectMethodHandle$Holder.invokeSpecialIFC(java.lang.Object, java.lang.Object, java.lang.Object)'> (0x0000000089f25c00) 
thrown [s\src\hotspot\share\interpreter\linkResolver.cpp, line 771]
Event: 9.208 Thread 0x000001c8d6a76a00 Exception <a 'java/lang/NoSuchMethodError'{0x000000008a3f1498}: 'void java.lang.invoke.DirectMethodHandle$Holder.invokeVirtual(java.lang.Object, java.lang.Object)'> (0x000000008a3f1498) 
thrown [s\src\hotspot\share\interpreter\linkResolver.cpp, line 771]
Event: 9.217 Thread 0x000001c8d6ade8e0 Exception <a 'java/lang/NoSuchMethodError'{0x0000000089662a10}: static Lorg/jetbrains/kotlin/gradle/plugin/statistics/MetricContainer;.<clinit>()V> (0x0000000089662a10) 
thrown [s\src\hotspot\share\prims\jni.cpp, line 1108]

VM Operations (20 events):
Event: 8.384 Executing VM operation: HandshakeAllThreads
Event: 8.385 Executing VM operation: HandshakeAllThreads done
Event: 8.406 Executing VM operation: ICBufferFull
Event: 8.406 Executing VM operation: ICBufferFull done
Event: 8.544 Executing VM operation: HandshakeAllThreads
Event: 8.544 Executing VM operation: HandshakeAllThreads done
Event: 8.632 Executing VM operation: G1CollectForAllocation
Event: 8.639 Executing VM operation: G1CollectForAllocation done
Event: 8.895 Executing VM operation: HandshakeAllThreads
Event: 8.895 Executing VM operation: HandshakeAllThreads done
Event: 8.950 Executing VM operation: HandshakeAllThreads
Event: 8.951 Executing VM operation: HandshakeAllThreads done
Event: 8.963 Executing VM operation: ICBufferFull
Event: 8.963 Executing VM operation: ICBufferFull done
Event: 9.132 Executing VM operation: ICBufferFull
Event: 9.133 Executing VM operation: ICBufferFull done
Event: 9.150 Executing VM operation: G1CollectForAllocation
Event: 9.160 Executing VM operation: G1CollectForAllocation done
Event: 9.212 Executing VM operation: HandshakeAllThreads
Event: 9.212 Executing VM operation: HandshakeAllThreads done

Events (20 events):
Event: 8.587 loading class java/lang/ClassCustomizer
Event: 8.587 loading class java/lang/ClassCustomizer done
Event: 8.779 loading class java/io/FilterReader
Event: 8.779 loading class java/io/FilterReader done
Event: 8.871 Thread 0x000001c8d6adc730 Thread added: 0x000001c8d6adc730
Event: 8.880 Thread 0x000001c8d0b91880 Thread added: 0x000001c8d0b91880
Event: 8.880 Thread 0x000001c8d873dcc0 Thread added: 0x000001c8d873dcc0
Event: 8.880 Thread 0x000001c8d873e190 Thread added: 0x000001c8d873e190
Event: 8.880 Thread 0x000001c8d873d320 Thread added: 0x000001c8d873d320
Event: 8.880 Thread 0x000001c8d873a300 Thread added: 0x000001c8d873a300
Event: 8.880 Thread 0x000001c8d873a7d0 Thread added: 0x000001c8d873a7d0
Event: 8.880 Thread 0x000001c8d8738af0 Thread added: 0x000001c8d8738af0
Event: 8.901 Thread 0x000001c8d873aca0 Thread added: 0x000001c8d873aca0
Event: 8.919 loading class java/util/TreeMap$KeySpliterator
Event: 8.919 loading class java/util/TreeMap$TreeMapSpliterator
Event: 8.919 loading class java/util/TreeMap$TreeMapSpliterator done
Event: 8.919 loading class java/util/TreeMap$KeySpliterator done
Event: 8.983 loading class java/io/ObjectStreamClass$ExceptionInfo
Event: 8.983 loading class java/io/ObjectStreamClass$ExceptionInfo done
Event: 9.222 loading class java/util/HashMap$UnsafeHolder


Dynamic libraries:
0x00007ff6fd090000 - 0x00007ff6fd09a000 	C:\Program Files\Android\Android Studio\jbr\bin\java.exe
0x00007ffaa4c10000 - 0x00007ffaa4e07000 	C:\windows\SYSTEM32\ntdll.dll
0x00007ffaa4550000 - 0x00007ffaa460d000 	C:\windows\System32\KERNEL32.DLL
0x00007ffaa2340000 - 0x00007ffaa2636000 	C:\windows\System32\KERNELBASE.dll
0x00007ffaa2840000 - 0x00007ffaa2940000 	C:\windows\System32\ucrtbase.dll
0x00007ffa88080000 - 0x00007ffa88097000 	C:\Program Files\Android\Android Studio\jbr\bin\jli.dll
0x00007ffa7d1c0000 - 0x00007ffa7d1db000 	C:\Program Files\Android\Android Studio\jbr\bin\VCRUNTIME140.dll
0x00007ffaa2d40000 - 0x00007ffaa2ede000 	C:\windows\System32\USER32.dll
0x00007ffaa2810000 - 0x00007ffaa2832000 	C:\windows\System32\win32u.dll
0x00007ffaa4100000 - 0x00007ffaa412c000 	C:\windows\System32\GDI32.dll
0x00007ffa8b240000 - 0x00007ffa8b4da000 	C:\windows\WinSxS\amd64_microsoft.windows.common-controls_6595b64144ccf1df_6.0.19041.3570_none_60bb2a3971f3e41a\COMCTL32.dll
0x00007ffaa2b50000 - 0x00007ffaa2c6a000 	C:\windows\System32\gdi32full.dll
0x00007ffaa4680000 - 0x00007ffaa471e000 	C:\windows\System32\msvcrt.dll
0x00007ffaa2ab0000 - 0x00007ffaa2b4d000 	C:\windows\System32\msvcp_win.dll
0x00007ffaa2f50000 - 0x00007ffaa2f80000 	C:\windows\System32\IMM32.DLL
0x00007ffa9b650000 - 0x00007ffa9b65c000 	C:\Program Files\Android\Android Studio\jbr\bin\vcruntime140_1.dll
0x00007ffa71500000 - 0x00007ffa7158d000 	C:\Program Files\Android\Android Studio\jbr\bin\msvcp140.dll
0x00007ffa54f50000 - 0x00007ffa55bbe000 	C:\Program Files\Android\Android Studio\jbr\bin\server\jvm.dll
0x00007ffaa4910000 - 0x00007ffaa49be000 	C:\windows\System32\ADVAPI32.dll
0x00007ffaa4720000 - 0x00007ffaa47bc000 	C:\windows\System32\sechost.dll
0x00007ffaa4130000 - 0x00007ffaa4256000 	C:\windows\System32\RPCRT4.dll
0x00007ffa9da60000 - 0x00007ffa9da69000 	C:\windows\SYSTEM32\WSOCK32.dll
0x00007ffa887b0000 - 0x00007ffa887d7000 	C:\windows\SYSTEM32\WINMM.dll
0x00007ffa9a800000 - 0x00007ffa9a80a000 	C:\windows\SYSTEM32\VERSION.dll
0x00007ffaa4610000 - 0x00007ffaa467b000 	C:\windows\System32\WS2_32.dll
0x00007ffaa0b20000 - 0x00007ffaa0b32000 	C:\windows\SYSTEM32\kernel.appcore.dll
0x00007ffa9c7f0000 - 0x00007ffa9c7fa000 	C:\Program Files\Android\Android Studio\jbr\bin\jimage.dll
0x00007ffa9ff40000 - 0x00007ffaa0124000 	C:\windows\SYSTEM32\DBGHELP.DLL
0x00007ffa84b10000 - 0x00007ffa84b44000 	C:\windows\SYSTEM32\dbgcore.DLL
0x00007ffaa2a20000 - 0x00007ffaa2aa2000 	C:\windows\System32\bcryptPrimitives.dll
0x00007ffa94900000 - 0x00007ffa94925000 	C:\Program Files\Android\Android Studio\jbr\bin\java.dll
0x00007ffa9bdc0000 - 0x00007ffa9bdd8000 	C:\Program Files\Android\Android Studio\jbr\bin\zip.dll
0x00007ffaa3540000 - 0x00007ffaa3c84000 	C:\windows\System32\SHELL32.dll
0x00007ffaa0370000 - 0x00007ffaa0b0b000 	C:\windows\SYSTEM32\windows.storage.dll
0x00007ffaa31e0000 - 0x00007ffaa3534000 	C:\windows\System32\combase.dll
0x00007ffaa1d30000 - 0x00007ffaa1d5d000 	C:\windows\SYSTEM32\Wldp.dll
0x00007ffaa47c0000 - 0x00007ffaa486d000 	C:\windows\System32\SHCORE.dll
0x00007ffaa49c0000 - 0x00007ffaa4a15000 	C:\windows\System32\shlwapi.dll
0x00007ffaa2220000 - 0x00007ffaa2245000 	C:\windows\SYSTEM32\profapi.dll
0x00007ffa997e0000 - 0x00007ffa997f9000 	C:\Program Files\Android\Android Studio\jbr\bin\net.dll
0x00007ffa982e0000 - 0x00007ffa983ea000 	C:\windows\SYSTEM32\WINHTTP.dll
0x00007ffaa1a90000 - 0x00007ffaa1afa000 	C:\windows\system32\mswsock.dll
0x00007ffa89a90000 - 0x00007ffa89aa6000 	C:\Program Files\Android\Android Studio\jbr\bin\nio.dll
0x00007ffa9bf90000 - 0x00007ffa9bfa0000 	C:\Program Files\Android\Android Studio\jbr\bin\verify.dll
0x00007ffa7e940000 - 0x00007ffa7e967000 	C:\Users\jasse\.gradle\native\68d5fa5c4cc2d200863cafc0d521ce42e7d3e7ee720ec0a83991735586a16f82\windows-amd64\native-platform.dll
0x00007ffa5c090000 - 0x00007ffa5c1d4000 	C:\Users\jasse\.gradle\native\e376f236ea51e6404a007f0833ffe2c6e607c4080706a723a18a27aeea778392\windows-amd64\native-platform-file-events.dll
0x00007ffa9be50000 - 0x00007ffa9be59000 	C:\Program Files\Android\Android Studio\jbr\bin\management.dll
0x00007ffa9bdf0000 - 0x00007ffa9bdfb000 	C:\Program Files\Android\Android Studio\jbr\bin\management_ext.dll
0x00007ffaa2f40000 - 0x00007ffaa2f48000 	C:\windows\System32\PSAPI.DLL
0x00007ffaa1c90000 - 0x00007ffaa1ca8000 	C:\windows\SYSTEM32\CRYPTSP.dll
0x00007ffaa1330000 - 0x00007ffaa1364000 	C:\windows\system32\rsaenh.dll
0x00007ffaa2940000 - 0x00007ffaa2967000 	C:\windows\System32\bcrypt.dll
0x00007ffaa21e0000 - 0x00007ffaa220e000 	C:\windows\SYSTEM32\USERENV.dll
0x00007ffaa1c80000 - 0x00007ffaa1c8c000 	C:\windows\SYSTEM32\CRYPTBASE.dll
0x00007ffaa1730000 - 0x00007ffaa176b000 	C:\windows\SYSTEM32\IPHLPAPI.DLL
0x00007ffaa42f0000 - 0x00007ffaa42f8000 	C:\windows\System32\NSI.dll
0x00007ffa99af0000 - 0x00007ffa99b07000 	C:\windows\SYSTEM32\dhcpcsvc6.DLL
0x00007ffa99590000 - 0x00007ffa995ad000 	C:\windows\SYSTEM32\dhcpcsvc.DLL
0x00007ffaa1780000 - 0x00007ffaa184a000 	C:\windows\SYSTEM32\DNSAPI.dll
0x00007ffa9b660000 - 0x00007ffa9b667000 	C:\windows\system32\wshunix.dll
0x00007ffa6d6a0000 - 0x00007ffa6d6b7000 	C:\windows\system32\napinsp.dll
0x00007ffa6d3d0000 - 0x00007ffa6d3eb000 	C:\windows\system32\pnrpnsp.dll
0x00007ffa9ce30000 - 0x00007ffa9ce45000 	C:\windows\system32\wshbth.dll
0x00007ffa9d900000 - 0x00007ffa9d91d000 	C:\windows\system32\NLAapi.dll
0x00007ffa6d1c0000 - 0x00007ffa6d1d2000 	C:\windows\System32\winrnr.dll
0x00007ffa9acb0000 - 0x00007ffa9acba000 	C:\Windows\System32\rasadhlp.dll
0x00007ffa93a80000 - 0x00007ffa93b02000 	C:\windows\System32\fwpuclnt.dll

dbghelp: loaded successfully - version: 4.0.5 - missing functions: none
symbol engine: initialized successfully - sym options: 0x614 - pdb path: .;C:\Program Files\Android\Android Studio\jbr\bin;C:\windows\SYSTEM32;C:\windows\WinSxS\amd64_microsoft.windows.common-controls_6595b64144ccf1df_6.0.19041.3570_none_60bb2a3971f3e41a;C:\Program Files\Android\Android Studio\jbr\bin\server;C:\Users\jasse\.gradle\native\68d5fa5c4cc2d200863cafc0d521ce42e7d3e7ee720ec0a83991735586a16f82\windows-amd64;C:\Users\jasse\.gradle\native\e376f236ea51e6404a007f0833ffe2c6e607c4080706a723a18a27aeea778392\windows-amd64

VM Arguments:
jvm_args: --add-opens=java.base/java.util=ALL-UNNAMED --add-opens=java.base/java.lang=ALL-UNNAMED --add-opens=java.base/java.lang.invoke=ALL-UNNAMED --add-opens=java.prefs/java.util.prefs=ALL-UNNAMED --add-opens=java.base/java.nio.charset=ALL-UNNAMED --add-opens=java.base/java.net=ALL-UNNAMED --add-opens=java.base/java.util.concurrent.atomic=ALL-UNNAMED -Xmx2048m -Dfile.encoding=UTF-8 -Duser.country=FR -Duser.language=fr -Duser.variant 
java_command: org.gradle.launcher.daemon.bootstrap.GradleDaemon 8.0
java_class_path (initial): C:\Users\jasse\.gradle\wrapper\dists\gradle-8.0-bin\ca5e32bp14vu59qr306oxotwh\gradle-8.0\lib\gradle-launcher-8.0.jar
Launcher Type: SUN_STANDARD

[Global flags]
     intx CICompilerCount                          = 4                                         {product} {ergonomic}
     uint ConcGCThreads                            = 2                                         {product} {ergonomic}
     uint G1ConcRefinementThreads                  = 8                                         {product} {ergonomic}
   size_t G1HeapRegionSize                         = 1048576                                   {product} {ergonomic}
    uintx GCDrainStackTargetSize                   = 64                                        {product} {ergonomic}
   size_t InitialHeapSize                          = 132120576                                 {product} {ergonomic}
   size_t MarkStackSize                            = 4194304                                   {product} {ergonomic}
   size_t MaxHeapSize                              = 2147483648                                {product} {command line}
   size_t MaxNewSize                               = 1287651328                                {product} {ergonomic}
   size_t MinHeapDeltaBytes                        = 1048576                                   {product} {ergonomic}
   size_t MinHeapSize                              = 8388608                                   {product} {ergonomic}
    uintx NonNMethodCodeHeapSize                   = 5839372                                {pd product} {ergonomic}
    uintx NonProfiledCodeHeapSize                  = 122909434                              {pd product} {ergonomic}
    uintx ProfiledCodeHeapSize                     = 122909434                              {pd product} {ergonomic}
    uintx ReservedCodeCacheSize                    = 251658240                              {pd product} {ergonomic}
     bool SegmentedCodeCache                       = true                                      {product} {ergonomic}
   size_t SoftMaxHeapSize                          = 2147483648                             {manageable} {ergonomic}
     bool UseCompressedClassPointers               = true                           {product lp64_product} {ergonomic}
     bool UseCompressedOops                        = true                           {product lp64_product} {ergonomic}
     bool UseG1GC                                  = true                                      {product} {ergonomic}
     bool UseLargePagesIndividualAllocation        = false                                  {pd product} {ergonomic}

Logging:
Log output configuration:
 #0: stdout all=warning uptime,level,tags
 #1: stderr all=off uptime,level,tags

Environment Variables:
JAVA_HOME=C:\Program Files\Java\jdk-13.0.2
PATH=C:\Users\jasse\Downloads\php-8.1.17-nts-Win32-vs16-x64;C:\Program Files\Java;C:\Program Files\Java\jdk1.8.0_301;C:\oraclexe\app\oracle\product\11.2.0\server\bin;C:\oraclexe\app\oracle\product\11.2.0\server\bin;C:\oraclexe\app\oracle\product\11.2.0\server\bin;C:\windows\system32;C:\windows;C:\windows\System32\Wbem;C:\windows\System32\WindowsPowerShell\v1.0\;C:\windows\System32\OpenSSH\;C:\Program Files (x86)\NVIDIA Corporation\PhysX\Common;C:\Program Files\NVIDIA Corporation\NVIDIA NvDLISR;C:\instantclient12-2;C:\oraclexe\app\oracle\admin\XE;C:\oraclexe;C:\Program Files\TortoiseGit\bin;C:\xampp\php\Symfony;C:\Program Files\nodejs\;C:\Users\jasse\AppData\Local\Microsoft\WindowsApps;C:\Program Files\CodeBlocks\MinGW\bin;C:\Program Files\CodeBlocks\MinGW\bin;C:\Program Files (x86)\D-Bus\bin;C:\Users\jasse\AppData\Local\Programs\Microsoft VS Code\bin;C:\Users\jasse\Desktop\php;C:\Users\jasse\AppData\Local\GitHubDesktop\bin;C:\Users\jasse\AppData\Local\ComposerSetup\bin;C:\Users\jasse\AppData\Roaming\Composer\vendor\bin;C:\Users\jasse\AppData\Roaming\npm
USERNAME=jasse
OS=Windows_NT
PROCESSOR_IDENTIFIER=Intel64 Family 6 Model 165 Stepping 2, GenuineIntel
TMP=C:\Users\jasse\AppData\Local\Temp
TEMP=C:\Users\jasse\AppData\Local\Temp


JNI global refs:
JNI global refs: 28, weak refs: 5

JNI global refs memory usage: 843, weak refs: 841


---------------  S Y S T E M  ---------------

OS:
 Windows 10 , 64 bit Build 19041 (10.0.19041.3570)
OS uptime: 0 days 10:46 hours

CPU: total 8 (initial active 8) (4 cores per cpu, 2 threads per core) family 6 model 165 stepping 2 microcode 0xf0, cx8, cmov, fxsr, ht, mmx, 3dnowpref, sse, sse2, sse3, ssse3, sse4.1, sse4.2, popcnt, lzcnt, tsc, tscinvbit, avx, avx2, aes, erms, clmul, bmi1, bmi2, adx, fma, vzeroupper, clflush, clflushopt

Memory: 4k page, system-wide physical 7993M (327M free)
TotalPageFile size 10993M (AvailPageFile size 5M)
current process WorkingSet (physical memory assigned to process): 397M, peak: 398M
current process commit charge ("private bytes"): 475M, peak: 477M

vm_info: OpenJDK 64-Bit Server VM (17.0.6+0-b2043.56-10027231) for windows-amd64 JRE (17.0.6+0-b2043.56-10027231), built on Apr 28 2023 00:43:19 by "androidbuild" with MS VC++ 16.10 / 16.11 (VS2019)

END.
