#
# There is insufficient memory for the Java Runtime Environment to continue.
# Native memory allocation (malloc) failed to allocate 1458704 bytes for Chunk::new
# Possible reasons:
#   The system is out of physical RAM or swap space
#   The process is running with CompressedOops enabled, and the Java Heap may be blocking the growth of the native heap
# Possible solutions:
#   Reduce memory load on the system
#   Increase physical memory or swap space
#   Check if swap backing store is full
#   Decrease Java heap size (-Xmx/-Xms)
#   Decrease number of Java threads
#   Decrease Java thread stack sizes (-Xss)
#   Set larger code cache with -XX:ReservedCodeCacheSize=
#   JVM is running with Unscaled Compressed Oops mode in which the Java heap is
#     placed in the first 4GB address space. The Java Heap base address is the
#     maximum limit for the native heap growth. Please use -XX:HeapBaseMinAddress
#     to set the Java Heap base and to place the Java Heap above 4GB virtual address.
# This output file may be truncated or incomplete.
#
#  Out of Memory Error (arena.cpp:189), pid=18828, tid=11904
#
# JRE version: OpenJDK Runtime Environment (17.0.6) (build 17.0.6+0-b2043.56-10027231)
# Java VM: OpenJDK 64-Bit Server VM (17.0.6+0-b2043.56-10027231, mixed mode, tiered, compressed oops, compressed class ptrs, g1 gc, windows-amd64)
# No core dump will be written. Minidumps are not enabled by default on client versions of Windows
#

---------------  S U M M A R Y ------------

Command Line: --add-opens=java.base/java.util=ALL-UNNAMED --add-opens=java.base/java.lang=ALL-UNNAMED --add-opens=java.base/java.lang.invoke=ALL-UNNAMED --add-opens=java.prefs/java.util.prefs=ALL-UNNAMED --add-opens=java.base/java.nio.charset=ALL-UNNAMED --add-opens=java.base/java.net=ALL-UNNAMED --add-opens=java.base/java.util.concurrent.atomic=ALL-UNNAMED -Xmx2048m -Dfile.encoding=UTF-8 -Duser.country=FR -Duser.language=fr -Duser.variant org.gradle.launcher.daemon.bootstrap.GradleDaemon 8.0

Host: Intel(R) Core(TM) i5-10300H CPU @ 2.50GHz, 8 cores, 7G,  Windows 10 , 64 bit Build 19041 (10.0.19041.3570)
Time: Mon Nov 13 23:55:41 2023 Afr. centrale Ouest elapsed time: 11.992022 seconds (0d 0h 0m 11s)

---------------  T H R E A D  ---------------

Current thread (0x0000017ecb01fba0):  JavaThread "C2 CompilerThread0" daemon [_thread_in_native, id=11904, stack(0x00000013c8400000,0x00000013c8500000)]


Current CompileTask:
C2:  11992 10622       4       java.util.zip.ZipFile$Source::initCEN (591 bytes)

Stack: [0x00000013c8400000,0x00000013c8500000]
Native frames: (J=compiled Java code, j=interpreted, Vv=VM code, C=native code)
V  [jvm.dll+0x683c9a]
V  [jvm.dll+0x8427a4]
V  [jvm.dll+0x843f9e]
V  [jvm.dll+0x844603]
V  [jvm.dll+0x249b75]
V  [jvm.dll+0xabcac]
V  [jvm.dll+0xac27c]
V  [jvm.dll+0x368857]
V  [jvm.dll+0x332f31]
V  [jvm.dll+0x3323da]
V  [jvm.dll+0x21c201]
V  [jvm.dll+0x21b621]
V  [jvm.dll+0x1a4fdd]
V  [jvm.dll+0x22b098]
V  [jvm.dll+0x229159]
V  [jvm.dll+0x7f81ec]
V  [jvm.dll+0x7f274a]
V  [jvm.dll+0x682ad5]
C  [ucrtbase.dll+0x21bb2]
C  [KERNEL32.DLL+0x17344]
C  [ntdll.dll+0x526b1]


---------------  P R O C E S S  ---------------

Threads class SMR info:
_java_thread_list=0x0000017ecb4ee2d0, length=125, elements={
0x0000017eb07c8cd0, 0x0000017eca620bc0, 0x0000017eca6221d0, 0x0000017eca64da00,
0x0000017eca64e5b0, 0x0000017ecb01d520, 0x0000017ecb01e670, 0x0000017ecb01fba0,
0x0000017ecb020640, 0x0000017ecb027050, 0x0000017ecb1a2d50, 0x0000017ecb1a3630,
0x0000017ecc9e8140, 0x0000017ecde21840, 0x0000017ecdd36010, 0x0000017ecd75ea90,
0x0000017ecc6f18e0, 0x0000017ecd9b6c80, 0x0000017ecd9b67b0, 0x0000017ecd9b7fc0,
0x0000017ecd9b8960, 0x0000017ecd9b97d0, 0x0000017ecd9b7150, 0x0000017ecd9b8e30,
0x0000017ecd9b7620, 0x0000017ecd9b9300, 0x0000017ecd9b62e0, 0x0000017ecd9b7af0,
0x0000017ecd9b8490, 0x0000017ecd9b9ca0, 0x0000017ecdd69a20, 0x0000017ecdd6ebf0,
0x0000017ecdd6fa60, 0x0000017ecdd6c570, 0x0000017ecdd6d8b0, 0x0000017ecdd6f590,
0x0000017ecdd6a3c0, 0x0000017ecdd6f0c0, 0x0000017ecdd69080, 0x0000017ecdd6ff30,
0x0000017ecdd6a890, 0x0000017ecdd6ca40, 0x0000017ed4cf77a0, 0x0000017ed461bbb0,
0x0000017ed461ebd0, 0x0000017ed461d890, 0x0000017ed461e230, 0x0000017ecdd708d0,
0x0000017ecdd6b700, 0x0000017ecdd6d3e0, 0x0000017ecd56a820, 0x0000017ecd56bb60,
0x0000017ecd56b1c0, 0x0000017ecd56b690, 0x0000017ecd569e80, 0x0000017ecd56a350,
0x0000017ecd56c500, 0x0000017ecd5694e0, 0x0000017ecd56acf0, 0x0000017ecd567cd0,
0x0000017ecd56c030, 0x0000017ecd56c9d0, 0x0000017ecd56e6b0, 0x0000017ecd56e1e0,
0x0000017ecd56eb80, 0x0000017ecd56f050, 0x0000017ecd56cea0, 0x0000017ecd56d370,
0x0000017ecd56d840, 0x0000017ecd56dd10, 0x0000017ecd56f520, 0x0000017ecd5681a0,
0x0000017ecd568670, 0x0000017ecd568b40, 0x0000017ecd569010, 0x0000017ecd5699b0,
0x0000017ed0827900, 0x0000017ed0822730, 0x0000017ed0824db0, 0x0000017ed0825280,
0x0000017ed0827430, 0x0000017ed0825c20, 0x0000017ed0822c00, 0x0000017ed08260f0,
0x0000017ed0822260, 0x0000017ed0820f20, 0x0000017ed0820580, 0x0000017ed08200b0,
0x0000017ed0825750, 0x0000017ed08265c0, 0x0000017ed0826a90, 0x0000017ed0826f60,
0x0000017ed08230d0, 0x0000017ed0820a50, 0x0000017ed08235a0, 0x0000017ed0823a70,
0x0000017ed08213f0, 0x0000017ed08218c0, 0x0000017ed0823f40, 0x0000017ed0821d90,
0x0000017ed0824410, 0x0000017ed08248e0, 0x0000017ed52bbed0, 0x0000017ed52bc870,
0x0000017ed52bdbb0, 0x0000017ed52bcd40, 0x0000017ed52c28b0, 0x0000017ed52bb060,
0x0000017ed52bd210, 0x0000017ed52bd6e0, 0x0000017ed52c1a40, 0x0000017ed52be080,
0x0000017ed52be550, 0x0000017ed52bc3a0, 0x0000017ed52bb530, 0x0000017ed52bea20,
0x0000017ed52c0bd0, 0x0000017ed52bfd60, 0x0000017ed52bba00, 0x0000017ed52beef0,
0x0000017ed52bf3c0, 0x0000017ed52bf890, 0x0000017ed52c0230, 0x0000017ed52c0700,
0x0000017ed52c10a0
}

Java Threads: ( => current thread )
  0x0000017eb07c8cd0 JavaThread "main" [_thread_blocked, id=8236, stack(0x00000013c7700000,0x00000013c7800000)]
  0x0000017eca620bc0 JavaThread "Reference Handler" daemon [_thread_blocked, id=1508, stack(0x00000013c7e00000,0x00000013c7f00000)]
  0x0000017eca6221d0 JavaThread "Finalizer" daemon [_thread_blocked, id=14948, stack(0x00000013c7f00000,0x00000013c8000000)]
  0x0000017eca64da00 JavaThread "Signal Dispatcher" daemon [_thread_blocked, id=8, stack(0x00000013c8000000,0x00000013c8100000)]
  0x0000017eca64e5b0 JavaThread "Attach Listener" daemon [_thread_blocked, id=12832, stack(0x00000013c8100000,0x00000013c8200000)]
  0x0000017ecb01d520 JavaThread "Service Thread" daemon [_thread_blocked, id=18760, stack(0x00000013c8200000,0x00000013c8300000)]
  0x0000017ecb01e670 JavaThread "Monitor Deflation Thread" daemon [_thread_blocked, id=8020, stack(0x00000013c8300000,0x00000013c8400000)]
=>0x0000017ecb01fba0 JavaThread "C2 CompilerThread0" daemon [_thread_in_native, id=11904, stack(0x00000013c8400000,0x00000013c8500000)]
  0x0000017ecb020640 JavaThread "C1 CompilerThread0" daemon [_thread_blocked, id=11344, stack(0x00000013c8500000,0x00000013c8600000)]
  0x0000017ecb027050 JavaThread "Sweeper thread" daemon [_thread_blocked, id=3820, stack(0x00000013c8600000,0x00000013c8700000)]
  0x0000017ecb1a2d50 JavaThread "Common-Cleaner" daemon [_thread_blocked, id=14960, stack(0x00000013c8700000,0x00000013c8800000)]
  0x0000017ecb1a3630 JavaThread "Notification Thread" daemon [_thread_blocked, id=5468, stack(0x00000013c8800000,0x00000013c8900000)]
  0x0000017ecc9e8140 JavaThread "Daemon health stats" [_thread_blocked, id=2240, stack(0x00000013c9000000,0x00000013c9100000)]
  0x0000017ecde21840 JavaThread "Incoming local TCP Connector on port 51091" [_thread_in_native, id=6920, stack(0x00000013c8f00000,0x00000013c9000000)]
  0x0000017ecdd36010 JavaThread "Daemon periodic checks" [_thread_blocked, id=11944, stack(0x00000013c9100000,0x00000013c9200000)]
  0x0000017ecd75ea90 JavaThread "Daemon" [_thread_blocked, id=7460, stack(0x00000013c9200000,0x00000013c9300000)]
  0x0000017ecc6f18e0 JavaThread "Handler for socket connection from /127.0.0.1:51091 to /127.0.0.1:51092" [_thread_in_native, id=2052, stack(0x00000013c9300000,0x00000013c9400000)]
  0x0000017ecd9b6c80 JavaThread "Cancel handler" [_thread_blocked, id=15132, stack(0x00000013c9400000,0x00000013c9500000)]
  0x0000017ecd9b67b0 JavaThread "Daemon worker" [_thread_in_native, id=13628, stack(0x00000013c9500000,0x00000013c9600000)]
  0x0000017ecd9b7fc0 JavaThread "Asynchronous log dispatcher for DefaultDaemonConnection: socket connection from /127.0.0.1:51091 to /127.0.0.1:51092" [_thread_blocked, id=17780, stack(0x00000013c9600000,0x00000013c9700000)]
  0x0000017ecd9b8960 JavaThread "Stdin handler" [_thread_blocked, id=3848, stack(0x00000013c9700000,0x00000013c9800000)]
  0x0000017ecd9b97d0 JavaThread "Daemon client event forwarder" [_thread_blocked, id=1172, stack(0x00000013c9800000,0x00000013c9900000)]
  0x0000017ecd9b7150 JavaThread "Cache worker for journal cache (C:\Users\jasse\.gradle\caches\journal-1)" [_thread_blocked, id=10152, stack(0x00000013c9d00000,0x00000013c9e00000)]
  0x0000017ecd9b8e30 JavaThread "File lock request listener" [_thread_in_native, id=4808, stack(0x00000013c9e00000,0x00000013c9f00000)]
  0x0000017ecd9b7620 JavaThread "Cache worker for file hash cache (C:\Users\jasse\.gradle\caches\8.0\fileHashes)" [_thread_blocked, id=8848, stack(0x00000013c9f00000,0x00000013ca000000)]
  0x0000017ecd9b9300 JavaThread "File watcher server" daemon [_thread_in_native, id=9960, stack(0x00000013ca100000,0x00000013ca200000)]
  0x0000017ecd9b62e0 JavaThread "File watcher consumer" daemon [_thread_blocked, id=11796, stack(0x00000013ca200000,0x00000013ca300000)]
  0x0000017ecd9b7af0 JavaThread "jar transforms" [_thread_blocked, id=900, stack(0x00000013ca300000,0x00000013ca400000)]
  0x0000017ecd9b8490 JavaThread "jar transforms Thread 2" [_thread_blocked, id=4708, stack(0x00000013ca400000,0x00000013ca500000)]
  0x0000017ecd9b9ca0 JavaThread "jar transforms Thread 3" [_thread_blocked, id=8256, stack(0x00000013ca500000,0x00000013ca600000)]
  0x0000017ecdd69a20 JavaThread "jar transforms Thread 4" [_thread_blocked, id=6252, stack(0x00000013ca600000,0x00000013ca700000)]
  0x0000017ecdd6ebf0 JavaThread "jar transforms Thread 5" [_thread_blocked, id=12016, stack(0x00000013ca700000,0x00000013ca800000)]
  0x0000017ecdd6fa60 JavaThread "jar transforms Thread 6" [_thread_blocked, id=11560, stack(0x00000013ca800000,0x00000013ca900000)]
  0x0000017ecdd6c570 JavaThread "jar transforms Thread 7" [_thread_blocked, id=16636, stack(0x00000013ca900000,0x00000013caa00000)]
  0x0000017ecdd6d8b0 JavaThread "jar transforms Thread 8" [_thread_blocked, id=3112, stack(0x00000013caa00000,0x00000013cab00000)]
  0x0000017ecdd6f590 JavaThread "Cache worker for checksums cache (C:\Users\jasse\AndroidStudioProjects\front\.gradle\8.0\checksums)" [_thread_blocked, id=19536, stack(0x00000013cab00000,0x00000013cac00000)]
  0x0000017ecdd6a3c0 JavaThread "Cache worker for cache directory md-rule (C:\Users\jasse\.gradle\caches\8.0\md-rule)" [_thread_blocked, id=9500, stack(0x00000013cac00000,0x00000013cad00000)]
  0x0000017ecdd6f0c0 JavaThread "Cache worker for file content cache (C:\Users\jasse\.gradle\caches\8.0\fileContent)" [_thread_blocked, id=1472, stack(0x00000013cad00000,0x00000013cae00000)]
  0x0000017ecdd69080 JavaThread "Cache worker for file hash cache (C:\Users\jasse\AndroidStudioProjects\front\.gradle\8.0\fileHashes)" [_thread_blocked, id=9576, stack(0x00000013cae00000,0x00000013caf00000)]
  0x0000017ecdd6ff30 JavaThread "Cache worker for cache directory md-supplier (C:\Users\jasse\.gradle\caches\8.0\md-supplier)" [_thread_blocked, id=6044, stack(0x00000013caf00000,0x00000013cb000000)]
  0x0000017ecdd6a890 JavaThread "Cache worker for execution history cache (C:\Users\jasse\.gradle\caches\8.0\executionHistory)" [_thread_blocked, id=17264, stack(0x00000013cb000000,0x00000013cb100000)]
  0x0000017ecdd6ca40 JavaThread "Cache worker for kotlin-dsl (C:\Users\jasse\.gradle\caches\8.0\kotlin-dsl)" [_thread_blocked, id=7748, stack(0x00000013cb100000,0x00000013cb200000)]
  0x0000017ed4cf77a0 JavaThread "C2 CompilerThread1" daemon [_thread_blocked, id=14180, stack(0x00000013c8a00000,0x00000013c8b00000)]
  0x0000017ed461bbb0 JavaThread "Cache worker for dependencies-accessors (C:\Users\jasse\AndroidStudioProjects\front\.gradle\8.0\dependencies-accessors)" [_thread_blocked, id=8052, stack(0x00000013ca000000,0x00000013ca100000)]
  0x0000017ed461ebd0 JavaThread "Cache worker for Build Output Cleanup Cache (C:\Users\jasse\AndroidStudioProjects\front\.gradle\buildOutputCleanup)" [_thread_blocked, id=11876, stack(0x00000013cb600000,0x00000013cb700000)]
  0x0000017ed461d890 JavaThread "Unconstrained build operations" [_thread_blocked, id=12468, stack(0x00000013cb700000,0x00000013cb800000)]
  0x0000017ed461e230 JavaThread "Unconstrained build operations Thread 2" [_thread_blocked, id=11900, stack(0x00000013cb800000,0x00000013cb900000)]
  0x0000017ecdd708d0 JavaThread "Unconstrained build operations Thread 3" [_thread_blocked, id=8728, stack(0x00000013cb900000,0x00000013cba00000)]
  0x0000017ecdd6b700 JavaThread "Unconstrained build operations Thread 4" [_thread_blocked, id=3164, stack(0x00000013cba00000,0x00000013cbb00000)]
  0x0000017ecdd6d3e0 JavaThread "Unconstrained build operations Thread 5" [_thread_blocked, id=5292, stack(0x00000013cbb00000,0x00000013cbc00000)]
  0x0000017ecd56a820 JavaThread "Unconstrained build operations Thread 6" [_thread_blocked, id=1192, stack(0x00000013cbc00000,0x00000013cbd00000)]
  0x0000017ecd56bb60 JavaThread "Unconstrained build operations Thread 7" [_thread_blocked, id=9984, stack(0x00000013cbd00000,0x00000013cbe00000)]
  0x0000017ecd56b1c0 JavaThread "Unconstrained build operations Thread 8" [_thread_blocked, id=15000, stack(0x00000013cbe00000,0x00000013cbf00000)]
  0x0000017ecd56b690 JavaThread "Unconstrained build operations Thread 9" [_thread_blocked, id=4024, stack(0x00000013cbf00000,0x00000013cc000000)]
  0x0000017ecd569e80 JavaThread "Unconstrained build operations Thread 10" [_thread_blocked, id=5824, stack(0x00000013cc000000,0x00000013cc100000)]
  0x0000017ecd56a350 JavaThread "Unconstrained build operations Thread 11" [_thread_blocked, id=7248, stack(0x00000013cc100000,0x00000013cc200000)]
  0x0000017ecd56c500 JavaThread "Unconstrained build operations Thread 12" [_thread_blocked, id=13620, stack(0x00000013cc200000,0x00000013cc300000)]
  0x0000017ecd5694e0 JavaThread "Unconstrained build operations Thread 13" [_thread_blocked, id=10012, stack(0x00000013cc300000,0x00000013cc400000)]
  0x0000017ecd56acf0 JavaThread "Unconstrained build operations Thread 14" [_thread_blocked, id=6988, stack(0x00000013cc400000,0x00000013cc500000)]
  0x0000017ecd567cd0 JavaThread "Unconstrained build operations Thread 15" [_thread_blocked, id=14864, stack(0x00000013cc500000,0x00000013cc600000)]
  0x0000017ecd56c030 JavaThread "Unconstrained build operations Thread 16" [_thread_blocked, id=5448, stack(0x00000013cc600000,0x00000013cc700000)]
  0x0000017ecd56c9d0 JavaThread "Unconstrained build operations Thread 17" [_thread_blocked, id=15916, stack(0x00000013cc700000,0x00000013cc800000)]
  0x0000017ecd56e6b0 JavaThread "Unconstrained build operations Thread 18" [_thread_blocked, id=3416, stack(0x00000013cc800000,0x00000013cc900000)]
  0x0000017ecd56e1e0 JavaThread "Unconstrained build operations Thread 19" [_thread_blocked, id=16392, stack(0x00000013cc900000,0x00000013cca00000)]
  0x0000017ecd56eb80 JavaThread "Unconstrained build operations Thread 20" [_thread_blocked, id=20300, stack(0x00000013cca00000,0x00000013ccb00000)]
  0x0000017ecd56f050 JavaThread "Unconstrained build operations Thread 21" [_thread_blocked, id=3660, stack(0x00000013ccb00000,0x00000013ccc00000)]
  0x0000017ecd56cea0 JavaThread "Unconstrained build operations Thread 22" [_thread_blocked, id=9760, stack(0x00000013ccc00000,0x00000013ccd00000)]
  0x0000017ecd56d370 JavaThread "Unconstrained build operations Thread 23" [_thread_blocked, id=2520, stack(0x00000013ccd00000,0x00000013cce00000)]
  0x0000017ecd56d840 JavaThread "Unconstrained build operations Thread 24" [_thread_blocked, id=6484, stack(0x00000013cce00000,0x00000013ccf00000)]
  0x0000017ecd56dd10 JavaThread "Unconstrained build operations Thread 25" [_thread_blocked, id=11284, stack(0x00000013ccf00000,0x00000013cd000000)]
  0x0000017ecd56f520 JavaThread "Unconstrained build operations Thread 26" [_thread_blocked, id=5316, stack(0x00000013cd000000,0x00000013cd100000)]
  0x0000017ecd5681a0 JavaThread "Unconstrained build operations Thread 27" [_thread_blocked, id=12940, stack(0x00000013cd100000,0x00000013cd200000)]
  0x0000017ecd568670 JavaThread "Unconstrained build operations Thread 28" [_thread_blocked, id=7520, stack(0x00000013cd200000,0x00000013cd300000)]
  0x0000017ecd568b40 JavaThread "Unconstrained build operations Thread 29" [_thread_blocked, id=2160, stack(0x00000013cd300000,0x00000013cd400000)]
  0x0000017ecd569010 JavaThread "Unconstrained build operations Thread 30" [_thread_blocked, id=20092, stack(0x00000013cd400000,0x00000013cd500000)]
  0x0000017ecd5699b0 JavaThread "Unconstrained build operations Thread 31" [_thread_blocked, id=13668, stack(0x00000013cd500000,0x00000013cd600000)]
  0x0000017ed0827900 JavaThread "Unconstrained build operations Thread 32" [_thread_blocked, id=11024, stack(0x00000013cd600000,0x00000013cd700000)]
  0x0000017ed0822730 JavaThread "Unconstrained build operations Thread 33" [_thread_blocked, id=13716, stack(0x00000013cd700000,0x00000013cd800000)]
  0x0000017ed0824db0 JavaThread "Unconstrained build operations Thread 34" [_thread_blocked, id=14848, stack(0x00000013cd800000,0x00000013cd900000)]
  0x0000017ed0825280 JavaThread "Unconstrained build operations Thread 35" [_thread_blocked, id=18936, stack(0x00000013cd900000,0x00000013cda00000)]
  0x0000017ed0827430 JavaThread "Unconstrained build operations Thread 36" [_thread_blocked, id=2864, stack(0x00000013cda00000,0x00000013cdb00000)]
  0x0000017ed0825c20 JavaThread "Unconstrained build operations Thread 37" [_thread_blocked, id=19776, stack(0x00000013cdb00000,0x00000013cdc00000)]
  0x0000017ed0822c00 JavaThread "Unconstrained build operations Thread 38" [_thread_blocked, id=1548, stack(0x00000013cdc00000,0x00000013cdd00000)]
  0x0000017ed08260f0 JavaThread "Unconstrained build operations Thread 39" [_thread_blocked, id=8756, stack(0x00000013cdd00000,0x00000013cde00000)]
  0x0000017ed0822260 JavaThread "Unconstrained build operations Thread 40" [_thread_blocked, id=5252, stack(0x00000013cde00000,0x00000013cdf00000)]
  0x0000017ed0820f20 JavaThread "Unconstrained build operations Thread 41" [_thread_blocked, id=15056, stack(0x00000013cdf00000,0x00000013ce000000)]
  0x0000017ed0820580 JavaThread "Unconstrained build operations Thread 42" [_thread_blocked, id=5212, stack(0x00000013ce000000,0x00000013ce100000)]
  0x0000017ed08200b0 JavaThread "Unconstrained build operations Thread 43" [_thread_blocked, id=2860, stack(0x00000013ce100000,0x00000013ce200000)]
  0x0000017ed0825750 JavaThread "Unconstrained build operations Thread 44" [_thread_blocked, id=9000, stack(0x00000013ce200000,0x00000013ce300000)]
  0x0000017ed08265c0 JavaThread "Unconstrained build operations Thread 45" [_thread_blocked, id=8404, stack(0x00000013ce300000,0x00000013ce400000)]
  0x0000017ed0826a90 JavaThread "Unconstrained build operations Thread 46" [_thread_blocked, id=4696, stack(0x00000013ce400000,0x00000013ce500000)]
  0x0000017ed0826f60 JavaThread "Unconstrained build operations Thread 47" [_thread_blocked, id=1464, stack(0x00000013ce500000,0x00000013ce600000)]
  0x0000017ed08230d0 JavaThread "Unconstrained build operations Thread 48" [_thread_blocked, id=7288, stack(0x00000013ce600000,0x00000013ce700000)]
  0x0000017ed0820a50 JavaThread "Unconstrained build operations Thread 49" [_thread_blocked, id=14916, stack(0x00000013ce700000,0x00000013ce800000)]
  0x0000017ed08235a0 JavaThread "Unconstrained build operations Thread 50" [_thread_blocked, id=17736, stack(0x00000013ce800000,0x00000013ce900000)]
  0x0000017ed0823a70 JavaThread "Unconstrained build operations Thread 51" [_thread_blocked, id=10164, stack(0x00000013ce900000,0x00000013cea00000)]
  0x0000017ed08213f0 JavaThread "Unconstrained build operations Thread 52" [_thread_blocked, id=19328, stack(0x00000013cea00000,0x00000013ceb00000)]
  0x0000017ed08218c0 JavaThread "Unconstrained build operations Thread 53" [_thread_blocked, id=17876, stack(0x00000013ceb00000,0x00000013cec00000)]
  0x0000017ed0823f40 JavaThread "Unconstrained build operations Thread 54" [_thread_blocked, id=12348, stack(0x00000013cec00000,0x00000013ced00000)]
  0x0000017ed0821d90 JavaThread "Unconstrained build operations Thread 55" [_thread_blocked, id=7116, stack(0x00000013ced00000,0x00000013cee00000)]
  0x0000017ed0824410 JavaThread "Unconstrained build operations Thread 56" [_thread_blocked, id=2772, stack(0x00000013cee00000,0x00000013cef00000)]
  0x0000017ed08248e0 JavaThread "Unconstrained build operations Thread 57" [_thread_blocked, id=12224, stack(0x00000013cef00000,0x00000013cf000000)]
  0x0000017ed52bbed0 JavaThread "Unconstrained build operations Thread 58" [_thread_blocked, id=10980, stack(0x00000013cf000000,0x00000013cf100000)]
  0x0000017ed52bc870 JavaThread "Unconstrained build operations Thread 59" [_thread_blocked, id=17080, stack(0x00000013cf100000,0x00000013cf200000)]
  0x0000017ed52bdbb0 JavaThread "Unconstrained build operations Thread 60" [_thread_blocked, id=5332, stack(0x00000013cf200000,0x00000013cf300000)]
  0x0000017ed52bcd40 JavaThread "Unconstrained build operations Thread 61" [_thread_blocked, id=12776, stack(0x00000013cf300000,0x00000013cf400000)]
  0x0000017ed52c28b0 JavaThread "Unconstrained build operations Thread 62" [_thread_blocked, id=12404, stack(0x00000013cf400000,0x00000013cf500000)]
  0x0000017ed52bb060 JavaThread "Unconstrained build operations Thread 63" [_thread_blocked, id=8796, stack(0x00000013cf500000,0x00000013cf600000)]
  0x0000017ed52bd210 JavaThread "Unconstrained build operations Thread 64" [_thread_blocked, id=12900, stack(0x00000013cf600000,0x00000013cf700000)]
  0x0000017ed52bd6e0 JavaThread "Unconstrained build operations Thread 65" [_thread_blocked, id=7300, stack(0x00000013cf700000,0x00000013cf800000)]
  0x0000017ed52c1a40 JavaThread "Unconstrained build operations Thread 66" [_thread_blocked, id=4164, stack(0x00000013cf800000,0x00000013cf900000)]
  0x0000017ed52be080 JavaThread "Unconstrained build operations Thread 67" [_thread_blocked, id=15296, stack(0x00000013cf900000,0x00000013cfa00000)]
  0x0000017ed52be550 JavaThread "Unconstrained build operations Thread 68" [_thread_blocked, id=2736, stack(0x00000013cfa00000,0x00000013cfb00000)]
  0x0000017ed52bc3a0 JavaThread "Unconstrained build operations Thread 69" [_thread_blocked, id=10160, stack(0x00000013cfb00000,0x00000013cfc00000)]
  0x0000017ed52bb530 JavaThread "Unconstrained build operations Thread 70" [_thread_blocked, id=3976, stack(0x00000013cfc00000,0x00000013cfd00000)]
  0x0000017ed52bea20 JavaThread "Unconstrained build operations Thread 71" [_thread_blocked, id=10448, stack(0x00000013cfd00000,0x00000013cfe00000)]
  0x0000017ed52c0bd0 JavaThread "Unconstrained build operations Thread 72" [_thread_blocked, id=8092, stack(0x00000013cfe00000,0x00000013cff00000)]
  0x0000017ed52bfd60 JavaThread "Unconstrained build operations Thread 73" [_thread_blocked, id=2308, stack(0x00000013cff00000,0x00000013d0000000)]
  0x0000017ed52bba00 JavaThread "Unconstrained build operations Thread 74" [_thread_blocked, id=9616, stack(0x00000013d0000000,0x00000013d0100000)]
  0x0000017ed52beef0 JavaThread "Unconstrained build operations Thread 75" [_thread_blocked, id=18888, stack(0x00000013d0100000,0x00000013d0200000)]
  0x0000017ed52bf3c0 JavaThread "Unconstrained build operations Thread 76" [_thread_blocked, id=20168, stack(0x00000013d0200000,0x00000013d0300000)]
  0x0000017ed52bf890 JavaThread "Unconstrained build operations Thread 77" [_thread_blocked, id=17784, stack(0x00000013d0300000,0x00000013d0400000)]
  0x0000017ed52c0230 JavaThread "Unconstrained build operations Thread 78" [_thread_blocked, id=12464, stack(0x00000013d0400000,0x00000013d0500000)]
  0x0000017ed52c0700 JavaThread "Unconstrained build operations Thread 79" [_thread_blocked, id=11880, stack(0x00000013d0500000,0x00000013d0600000)]
  0x0000017ed52c10a0 JavaThread "Unconstrained build operations Thread 80" [_thread_blocked, id=19928, stack(0x00000013d0600000,0x00000013d0700000)]

Other Threads:
  0x0000017eca61d710 VMThread "VM Thread" [stack: 0x00000013c7d00000,0x00000013c7e00000] [id=18836]
  0x0000017ecb1a5b10 WatcherThread [stack: 0x00000013c8900000,0x00000013c8a00000] [id=2572]
  0x0000017eb0827f20 GCTaskThread "GC Thread#0" [stack: 0x00000013c7800000,0x00000013c7900000] [id=13688]
  0x0000017ecc00c4f0 GCTaskThread "GC Thread#1" [stack: 0x00000013c8b00000,0x00000013c8c00000] [id=12436]
  0x0000017ecbde5700 GCTaskThread "GC Thread#2" [stack: 0x00000013c8c00000,0x00000013c8d00000] [id=17700]
  0x0000017ecbca1cf0 GCTaskThread "GC Thread#3" [stack: 0x00000013c8d00000,0x00000013c8e00000] [id=20088]
  0x0000017ecc675690 GCTaskThread "GC Thread#4" [stack: 0x00000013c8e00000,0x00000013c8f00000] [id=984]
  0x0000017ecc39ea50 GCTaskThread "GC Thread#5" [stack: 0x00000013c9900000,0x00000013c9a00000] [id=6076]
  0x0000017ecd846010 GCTaskThread "GC Thread#6" [stack: 0x00000013c9a00000,0x00000013c9b00000] [id=16028]
  0x0000017ecd40f0a0 GCTaskThread "GC Thread#7" [stack: 0x00000013c9b00000,0x00000013c9c00000] [id=7664]
  0x0000017eb0838e60 ConcurrentGCThread "G1 Main Marker" [stack: 0x00000013c7900000,0x00000013c7a00000] [id=2064]
  0x0000017eb083a010 ConcurrentGCThread "G1 Conc#0" [stack: 0x00000013c7a00000,0x00000013c7b00000] [id=11988]
  0x0000017eccb36d90 ConcurrentGCThread "G1 Conc#1" [stack: 0x00000013c9c00000,0x00000013c9d00000] [id=4360]
  0x0000017eb089e0b0 ConcurrentGCThread "G1 Refine#0" [stack: 0x00000013c7b00000,0x00000013c7c00000] [id=13296]
  0x0000017ed0902970 ConcurrentGCThread "G1 Refine#1" [stack: 0x00000013cb200000,0x00000013cb300000] [id=10072]
  0x0000017ecbcd9b00 ConcurrentGCThread "G1 Refine#2" [stack: 0x00000013cb300000,0x00000013cb400000] [id=4392]
  0x0000017ece89cd50 ConcurrentGCThread "G1 Refine#3" [stack: 0x00000013cb400000,0x00000013cb500000] [id=2688]
  0x0000017ed2f8b7f0 ConcurrentGCThread "G1 Refine#4" [stack: 0x00000013cb500000,0x00000013cb600000] [id=17208]
  0x0000017eb089ead0 ConcurrentGCThread "G1 Service" [stack: 0x00000013c7c00000,0x00000013c7d00000] [id=908]

Threads with active compile tasks:
C2 CompilerThread0    12023 10622       4       java.util.zip.ZipFile$Source::initCEN (591 bytes)

VM state: not at safepoint (normal execution)

VM Mutex/Monitor currently owned by a thread: None

Heap address: 0x0000000080000000, size: 2048 MB, Compressed Oops mode: 32-bit

CDS archive(s) not mapped
Compressed class space mapped at: 0x0000000100000000-0x0000000140000000, reserved size: 1073741824
Narrow klass base: 0x0000000000000000, Narrow klass shift: 3, Narrow klass range: 0x140000000

GC Precious Log:
 CPUs: 8 total, 8 available
 Memory: 7993M
 Large Page Support: Disabled
 NUMA Support: Disabled
 Compressed Oops: Enabled (32-bit)
 Heap Region Size: 1M
 Heap Min Capacity: 8M
 Heap Initial Capacity: 126M
 Heap Max Capacity: 2G
 Pre-touch: Disabled
 Parallel Workers: 8
 Concurrent Workers: 2
 Concurrent Refinement Workers: 8
 Periodic GC: Disabled

Heap:
 garbage-first heap   total 240640K, used 170345K [0x0000000080000000, 0x0000000100000000)
  region size 1024K, 38 young (38912K), 5 survivors (5120K)
 Metaspace       used 116274K, committed 116992K, reserved 1155072K
  class space    used 15058K, committed 15360K, reserved 1048576K

Heap Regions: E=young(eden), S=young(survivor), O=old, HS=humongous(starts), HC=humongous(continues), CS=collection set, F=free, OA=open archive, CA=closed archive, TAMS=top-at-mark-start (previous, next)
|   0|0x0000000080000000, 0x0000000080100000, 0x0000000080100000|100%|HS|  |TAMS 0x0000000080100000, 0x0000000080000000| Complete 
|   1|0x0000000080100000, 0x0000000080200000, 0x0000000080200000|100%|HC|  |TAMS 0x0000000080200000, 0x0000000080100000| Complete 
|   2|0x0000000080200000, 0x0000000080300000, 0x0000000080300000|100%|HC|  |TAMS 0x0000000080300000, 0x0000000080200000| Complete 
|   3|0x0000000080300000, 0x0000000080400000, 0x0000000080400000|100%|HC|  |TAMS 0x0000000080400000, 0x0000000080300000| Complete 
|   4|0x0000000080400000, 0x0000000080500000, 0x0000000080500000|100%| O|  |TAMS 0x0000000080500000, 0x0000000080400000| Untracked 
|   5|0x0000000080500000, 0x0000000080600000, 0x0000000080600000|100%| O|  |TAMS 0x0000000080600000, 0x0000000080500000| Untracked 
|   6|0x0000000080600000, 0x0000000080700000, 0x0000000080700000|100%| O|  |TAMS 0x0000000080700000, 0x0000000080600000| Untracked 
|   7|0x0000000080700000, 0x0000000080800000, 0x0000000080800000|100%| O|  |TAMS 0x0000000080800000, 0x0000000080700000| Untracked 
|   8|0x0000000080800000, 0x0000000080900000, 0x0000000080900000|100%| O|  |TAMS 0x0000000080900000, 0x0000000080800000| Untracked 
|   9|0x0000000080900000, 0x0000000080a00000, 0x0000000080a00000|100%| O|  |TAMS 0x0000000080a00000, 0x0000000080900000| Untracked 
|  10|0x0000000080a00000, 0x0000000080b00000, 0x0000000080b00000|100%| O|  |TAMS 0x0000000080b00000, 0x0000000080a00000| Untracked 
|  11|0x0000000080b00000, 0x0000000080c00000, 0x0000000080c00000|100%| O|  |TAMS 0x0000000080c00000, 0x0000000080b00000| Untracked 
|  12|0x0000000080c00000, 0x0000000080d00000, 0x0000000080d00000|100%| O|  |TAMS 0x0000000080d00000, 0x0000000080c00000| Untracked 
|  13|0x0000000080d00000, 0x0000000080e00000, 0x0000000080e00000|100%| O|  |TAMS 0x0000000080e00000, 0x0000000080d00000| Untracked 
|  14|0x0000000080e00000, 0x0000000080f00000, 0x0000000080f00000|100%| O|  |TAMS 0x0000000080f00000, 0x0000000080e00000| Untracked 
|  15|0x0000000080f00000, 0x0000000081000000, 0x0000000081000000|100%| O|  |TAMS 0x0000000081000000, 0x0000000080f00000| Untracked 
|  16|0x0000000081000000, 0x0000000081100000, 0x0000000081100000|100%| O|  |TAMS 0x0000000081100000, 0x0000000081000000| Untracked 
|  17|0x0000000081100000, 0x0000000081200000, 0x0000000081200000|100%| O|  |TAMS 0x0000000081200000, 0x0000000081100000| Untracked 
|  18|0x0000000081200000, 0x0000000081300000, 0x0000000081300000|100%| O|  |TAMS 0x0000000081300000, 0x0000000081200000| Untracked 
|  19|0x0000000081300000, 0x0000000081400000, 0x0000000081400000|100%|HS|  |TAMS 0x0000000081400000, 0x0000000081300000| Complete 
|  20|0x0000000081400000, 0x0000000081500000, 0x0000000081500000|100%|HC|  |TAMS 0x0000000081500000, 0x0000000081400000| Complete 
|  21|0x0000000081500000, 0x0000000081600000, 0x0000000081600000|100%|HS|  |TAMS 0x0000000081600000, 0x0000000081500000| Complete 
|  22|0x0000000081600000, 0x0000000081700000, 0x0000000081700000|100%|HC|  |TAMS 0x0000000081700000, 0x0000000081600000| Complete 
|  23|0x0000000081700000, 0x0000000081800000, 0x0000000081800000|100%|HC|  |TAMS 0x0000000081800000, 0x0000000081700000| Complete 
|  24|0x0000000081800000, 0x0000000081900000, 0x0000000081900000|100%| O|  |TAMS 0x0000000081900000, 0x0000000081800000| Untracked 
|  25|0x0000000081900000, 0x0000000081a00000, 0x0000000081a00000|100%| O|  |TAMS 0x0000000081a00000, 0x0000000081900000| Untracked 
|  26|0x0000000081a00000, 0x0000000081b00000, 0x0000000081b00000|100%| O|  |TAMS 0x0000000081b00000, 0x0000000081a00000| Untracked 
|  27|0x0000000081b00000, 0x0000000081c00000, 0x0000000081c00000|100%| O|  |TAMS 0x0000000081c00000, 0x0000000081b00000| Untracked 
|  28|0x0000000081c00000, 0x0000000081d00000, 0x0000000081d00000|100%|HS|  |TAMS 0x0000000081d00000, 0x0000000081c00000| Complete 
|  29|0x0000000081d00000, 0x0000000081e00000, 0x0000000081e00000|100%|HC|  |TAMS 0x0000000081e00000, 0x0000000081d00000| Complete 
|  30|0x0000000081e00000, 0x0000000081f00000, 0x0000000081f00000|100%|HC|  |TAMS 0x0000000081f00000, 0x0000000081e00000| Complete 
|  31|0x0000000081f00000, 0x0000000082000000, 0x0000000082000000|100%| O|  |TAMS 0x0000000082000000, 0x0000000081f00000| Untracked 
|  32|0x0000000082000000, 0x0000000082100000, 0x0000000082100000|100%|HS|  |TAMS 0x0000000082100000, 0x0000000082000000| Complete 
|  33|0x0000000082100000, 0x0000000082200000, 0x0000000082200000|100%|HC|  |TAMS 0x0000000082200000, 0x0000000082100000| Complete 
|  34|0x0000000082200000, 0x0000000082300000, 0x0000000082300000|100%|HC|  |TAMS 0x0000000082300000, 0x0000000082200000| Complete 
|  35|0x0000000082300000, 0x0000000082400000, 0x0000000082400000|100%|HC|  |TAMS 0x0000000082400000, 0x0000000082300000| Complete 
|  36|0x0000000082400000, 0x0000000082500000, 0x0000000082500000|100%|HC|  |TAMS 0x0000000082500000, 0x0000000082400000| Complete 
|  37|0x0000000082500000, 0x0000000082600000, 0x0000000082600000|100%|HC|  |TAMS 0x0000000082600000, 0x0000000082500000| Complete 
|  38|0x0000000082600000, 0x0000000082700000, 0x0000000082700000|100%|HC|  |TAMS 0x0000000082700000, 0x0000000082600000| Complete 
|  39|0x0000000082700000, 0x0000000082800000, 0x0000000082800000|100%|HC|  |TAMS 0x0000000082800000, 0x0000000082700000| Complete 
|  40|0x0000000082800000, 0x0000000082900000, 0x0000000082900000|100%|HC|  |TAMS 0x0000000082900000, 0x0000000082800000| Complete 
|  41|0x0000000082900000, 0x0000000082a00000, 0x0000000082a00000|100%|HC|  |TAMS 0x0000000082a00000, 0x0000000082900000| Complete 
|  42|0x0000000082a00000, 0x0000000082b00000, 0x0000000082b00000|100%|HC|  |TAMS 0x0000000082b00000, 0x0000000082a00000| Complete 
|  43|0x0000000082b00000, 0x0000000082c00000, 0x0000000082c00000|100%|HC|  |TAMS 0x0000000082c00000, 0x0000000082b00000| Complete 
|  44|0x0000000082c00000, 0x0000000082d00000, 0x0000000082d00000|100%| O|  |TAMS 0x0000000082d00000, 0x0000000082c00000| Untracked 
|  45|0x0000000082d00000, 0x0000000082e00000, 0x0000000082e00000|100%|HS|  |TAMS 0x0000000082e00000, 0x0000000082d00000| Complete 
|  46|0x0000000082e00000, 0x0000000082f00000, 0x0000000082f00000|100%|HC|  |TAMS 0x0000000082f00000, 0x0000000082e00000| Complete 
|  47|0x0000000082f00000, 0x0000000083000000, 0x0000000083000000|100%| O|  |TAMS 0x0000000083000000, 0x0000000082f00000| Untracked 
|  48|0x0000000083000000, 0x0000000083100000, 0x0000000083100000|100%| O|  |TAMS 0x0000000083100000, 0x0000000083000000| Untracked 
|  49|0x0000000083100000, 0x0000000083200000, 0x0000000083200000|100%| O|  |TAMS 0x0000000083200000, 0x0000000083100000| Untracked 
|  50|0x0000000083200000, 0x0000000083300000, 0x0000000083300000|100%| O|  |TAMS 0x0000000083300000, 0x0000000083200000| Untracked 
|  51|0x0000000083300000, 0x0000000083400000, 0x0000000083400000|100%| O|  |TAMS 0x0000000083400000, 0x0000000083300000| Untracked 
|  52|0x0000000083400000, 0x0000000083500000, 0x0000000083500000|100%| O|  |TAMS 0x0000000083500000, 0x0000000083400000| Untracked 
|  53|0x0000000083500000, 0x0000000083600000, 0x0000000083600000|100%| O|  |TAMS 0x0000000083600000, 0x0000000083500000| Untracked 
|  54|0x0000000083600000, 0x0000000083700000, 0x0000000083700000|100%| O|  |TAMS 0x0000000083700000, 0x0000000083600000| Untracked 
|  55|0x0000000083700000, 0x0000000083800000, 0x0000000083800000|100%|HS|  |TAMS 0x0000000083800000, 0x0000000083700000| Complete 
|  56|0x0000000083800000, 0x0000000083900000, 0x0000000083900000|100%|HC|  |TAMS 0x0000000083900000, 0x0000000083800000| Complete 
|  57|0x0000000083900000, 0x0000000083a00000, 0x0000000083a00000|100%|HC|  |TAMS 0x0000000083a00000, 0x0000000083900000| Complete 
|  58|0x0000000083a00000, 0x0000000083b00000, 0x0000000083b00000|100%|HS|  |TAMS 0x0000000083b00000, 0x0000000083a00000| Complete 
|  59|0x0000000083b00000, 0x0000000083c00000, 0x0000000083c00000|100%|HC|  |TAMS 0x0000000083c00000, 0x0000000083b00000| Complete 
|  60|0x0000000083c00000, 0x0000000083d00000, 0x0000000083d00000|100%|HC|  |TAMS 0x0000000083d00000, 0x0000000083c00000| Complete 
|  61|0x0000000083d00000, 0x0000000083e00000, 0x0000000083e00000|100%| O|  |TAMS 0x0000000083e00000, 0x0000000083d00000| Untracked 
|  62|0x0000000083e00000, 0x0000000083f00000, 0x0000000083f00000|100%| O|  |TAMS 0x0000000083f00000, 0x0000000083e00000| Untracked 
|  63|0x0000000083f00000, 0x0000000084000000, 0x0000000084000000|100%| O|  |TAMS 0x0000000084000000, 0x0000000083f00000| Untracked 
|  64|0x0000000084000000, 0x0000000084100000, 0x0000000084100000|100%| O|  |TAMS 0x0000000084100000, 0x0000000084000000| Untracked 
|  65|0x0000000084100000, 0x0000000084200000, 0x0000000084200000|100%| O|  |TAMS 0x0000000084200000, 0x0000000084100000| Untracked 
|  66|0x0000000084200000, 0x0000000084300000, 0x0000000084300000|100%| O|  |TAMS 0x0000000084300000, 0x0000000084200000| Untracked 
|  67|0x0000000084300000, 0x0000000084400000, 0x0000000084400000|100%| O|  |TAMS 0x0000000084400000, 0x0000000084300000| Untracked 
|  68|0x0000000084400000, 0x0000000084500000, 0x0000000084500000|100%|HS|  |TAMS 0x0000000084500000, 0x0000000084400000| Complete 
|  69|0x0000000084500000, 0x0000000084600000, 0x0000000084600000|100%|HC|  |TAMS 0x0000000084600000, 0x0000000084500000| Complete 
|  70|0x0000000084600000, 0x0000000084700000, 0x0000000084700000|100%|HC|  |TAMS 0x0000000084700000, 0x0000000084600000| Complete 
|  71|0x0000000084700000, 0x0000000084800000, 0x0000000084800000|100%|HC|  |TAMS 0x0000000084800000, 0x0000000084700000| Complete 
|  72|0x0000000084800000, 0x0000000084900000, 0x0000000084900000|100%| O|  |TAMS 0x0000000084900000, 0x0000000084800000| Untracked 
|  73|0x0000000084900000, 0x0000000084a00000, 0x0000000084a00000|100%| O|  |TAMS 0x0000000084a00000, 0x0000000084900000| Untracked 
|  74|0x0000000084a00000, 0x0000000084b00000, 0x0000000084b00000|100%| O|  |TAMS 0x0000000084b00000, 0x0000000084a00000| Untracked 
|  75|0x0000000084b00000, 0x0000000084c00000, 0x0000000084c00000|100%| O|  |TAMS 0x0000000084c00000, 0x0000000084b00000| Untracked 
|  76|0x0000000084c00000, 0x0000000084d00000, 0x0000000084d00000|100%| O|  |TAMS 0x0000000084d00000, 0x0000000084c00000| Untracked 
|  77|0x0000000084d00000, 0x0000000084e00000, 0x0000000084e00000|100%| O|  |TAMS 0x0000000084e00000, 0x0000000084d00000| Untracked 
|  78|0x0000000084e00000, 0x0000000084f00000, 0x0000000084f00000|100%| O|  |TAMS 0x0000000084f00000, 0x0000000084e00000| Untracked 
|  79|0x0000000084f00000, 0x0000000085000000, 0x0000000085000000|100%| O|  |TAMS 0x0000000085000000, 0x0000000084f00000| Untracked 
|  80|0x0000000085000000, 0x0000000085100000, 0x0000000085100000|100%| O|  |TAMS 0x0000000085100000, 0x0000000085000000| Untracked 
|  81|0x0000000085100000, 0x0000000085200000, 0x0000000085200000|100%| O|  |TAMS 0x0000000085200000, 0x0000000085100000| Untracked 
|  82|0x0000000085200000, 0x0000000085300000, 0x0000000085300000|100%| O|  |TAMS 0x0000000085300000, 0x0000000085200000| Untracked 
|  83|0x0000000085300000, 0x0000000085400000, 0x0000000085400000|100%| O|  |TAMS 0x0000000085400000, 0x0000000085300000| Untracked 
|  84|0x0000000085400000, 0x0000000085500000, 0x0000000085500000|100%| O|  |TAMS 0x0000000085500000, 0x0000000085400000| Untracked 
|  85|0x0000000085500000, 0x0000000085600000, 0x0000000085600000|100%|HS|  |TAMS 0x0000000085600000, 0x0000000085500000| Complete 
|  86|0x0000000085600000, 0x0000000085700000, 0x0000000085700000|100%|HC|  |TAMS 0x0000000085700000, 0x0000000085600000| Complete 
|  87|0x0000000085700000, 0x0000000085800000, 0x0000000085800000|100%|HC|  |TAMS 0x0000000085800000, 0x0000000085700000| Complete 
|  88|0x0000000085800000, 0x0000000085900000, 0x0000000085900000|100%|HC|  |TAMS 0x0000000085900000, 0x0000000085800000| Complete 
|  89|0x0000000085900000, 0x0000000085a00000, 0x0000000085a00000|100%|HC|  |TAMS 0x0000000085a00000, 0x0000000085900000| Complete 
|  90|0x0000000085a00000, 0x0000000085b00000, 0x0000000085b00000|100%|HC|  |TAMS 0x0000000085b00000, 0x0000000085a00000| Complete 
|  91|0x0000000085b00000, 0x0000000085c00000, 0x0000000085c00000|100%| O|  |TAMS 0x0000000085c00000, 0x0000000085b00000| Complete 
|  92|0x0000000085c00000, 0x0000000085d00000, 0x0000000085d00000|100%| O|  |TAMS 0x0000000085d00000, 0x0000000085c00000| Untracked 
|  93|0x0000000085d00000, 0x0000000085e00000, 0x0000000085e00000|100%|HS|  |TAMS 0x0000000085d00000, 0x0000000085d00000| Complete 
|  94|0x0000000085e00000, 0x0000000085f00000, 0x0000000085f00000|100%| O|  |TAMS 0x0000000085f00000, 0x0000000085e00000| Untracked 
|  95|0x0000000085f00000, 0x0000000086000000, 0x0000000086000000|100%| O|  |TAMS 0x0000000086000000, 0x0000000085f00000| Untracked 
|  96|0x0000000086000000, 0x0000000086100000, 0x0000000086100000|100%| O|  |TAMS 0x0000000086100000, 0x0000000086000000| Untracked 
|  97|0x0000000086100000, 0x0000000086200000, 0x0000000086200000|100%| O|  |TAMS 0x0000000086200000, 0x0000000086100000| Untracked 
|  98|0x0000000086200000, 0x0000000086300000, 0x0000000086300000|100%| O|  |TAMS 0x0000000086300000, 0x0000000086200000| Untracked 
|  99|0x0000000086300000, 0x0000000086400000, 0x0000000086400000|100%| O|  |TAMS 0x0000000086400000, 0x0000000086300000| Complete 
| 100|0x0000000086400000, 0x0000000086500000, 0x0000000086500000|100%| O|  |TAMS 0x0000000086500000, 0x0000000086400000| Untracked 
| 101|0x0000000086500000, 0x0000000086600000, 0x0000000086600000|100%| O|  |TAMS 0x0000000086600000, 0x0000000086500000| Untracked 
| 102|0x0000000086600000, 0x0000000086700000, 0x0000000086700000|100%| O|  |TAMS 0x0000000086700000, 0x0000000086600000| Untracked 
| 103|0x0000000086700000, 0x0000000086800000, 0x0000000086800000|100%| O|  |TAMS 0x0000000086800000, 0x0000000086700000| Untracked 
| 104|0x0000000086800000, 0x0000000086900000, 0x0000000086900000|100%| O|  |TAMS 0x0000000086900000, 0x0000000086800000| Untracked 
| 105|0x0000000086900000, 0x0000000086a00000, 0x0000000086a00000|100%| O|  |TAMS 0x0000000086a00000, 0x0000000086900000| Untracked 
| 106|0x0000000086a00000, 0x0000000086b00000, 0x0000000086b00000|100%| O|  |TAMS 0x0000000086b00000, 0x0000000086a00000| Untracked 
| 107|0x0000000086b00000, 0x0000000086c00000, 0x0000000086c00000|100%| O|  |TAMS 0x0000000086c00000, 0x0000000086b00000| Untracked 
| 108|0x0000000086c00000, 0x0000000086d00000, 0x0000000086d00000|100%| O|  |TAMS 0x0000000086d00000, 0x0000000086c00000| Untracked 
| 109|0x0000000086d00000, 0x0000000086e00000, 0x0000000086e00000|100%| O|  |TAMS 0x0000000086e00000, 0x0000000086d00000| Complete 
| 110|0x0000000086e00000, 0x0000000086f00000, 0x0000000086f00000|100%| O|  |TAMS 0x0000000086f00000, 0x0000000086e00000| Untracked 
| 111|0x0000000086f00000, 0x0000000087000000, 0x0000000087000000|100%| O|  |TAMS 0x0000000087000000, 0x0000000086f00000| Untracked 
| 112|0x0000000087000000, 0x0000000087100000, 0x0000000087100000|100%| O|  |TAMS 0x0000000087100000, 0x0000000087000000| Untracked 
| 113|0x0000000087100000, 0x0000000087200000, 0x0000000087200000|100%| O|  |TAMS 0x0000000087200000, 0x0000000087100000| Untracked 
| 114|0x0000000087200000, 0x0000000087300000, 0x0000000087300000|100%| O|  |TAMS 0x0000000087300000, 0x0000000087200000| Untracked 
| 115|0x0000000087300000, 0x0000000087400000, 0x0000000087400000|100%| O|  |TAMS 0x0000000087400000, 0x0000000087300000| Untracked 
| 116|0x0000000087400000, 0x0000000087500000, 0x0000000087500000|100%| O|  |TAMS 0x0000000087500000, 0x0000000087400000| Untracked 
| 117|0x0000000087500000, 0x0000000087600000, 0x0000000087600000|100%| O|  |TAMS 0x0000000087600000, 0x0000000087500000| Untracked 
| 118|0x0000000087600000, 0x0000000087700000, 0x0000000087700000|100%| O|  |TAMS 0x0000000087700000, 0x0000000087600000| Untracked 
| 119|0x0000000087700000, 0x0000000087800000, 0x0000000087800000|100%| O|  |TAMS 0x0000000087800000, 0x0000000087700000| Untracked 
| 120|0x0000000087800000, 0x0000000087900000, 0x0000000087900000|100%| O|  |TAMS 0x0000000087900000, 0x0000000087800000| Untracked 
| 121|0x0000000087900000, 0x000000008795a600, 0x0000000087a00000| 35%| O|  |TAMS 0x000000008795a600, 0x0000000087900000| Untracked 
| 122|0x0000000087a00000, 0x0000000087b00000, 0x0000000087b00000|100%|HS|  |TAMS 0x0000000087a00000, 0x0000000087a00000| Complete 
| 123|0x0000000087b00000, 0x0000000087c00000, 0x0000000087c00000|100%|HS|  |TAMS 0x0000000087b00000, 0x0000000087b00000| Complete 
| 124|0x0000000087c00000, 0x0000000087d00000, 0x0000000087d00000|100%|HC|  |TAMS 0x0000000087c00000, 0x0000000087c00000| Complete 
| 125|0x0000000087d00000, 0x0000000087e00000, 0x0000000087e00000|100%|HS|  |TAMS 0x0000000087d00000, 0x0000000087d00000| Complete 
| 126|0x0000000087e00000, 0x0000000087f00000, 0x0000000087f00000|100%|HS|  |TAMS 0x0000000087e00000, 0x0000000087e00000| Complete 
| 127|0x0000000087f00000, 0x0000000088000000, 0x0000000088000000|100%|HC|  |TAMS 0x0000000087f00000, 0x0000000087f00000| Complete 
| 128|0x0000000088000000, 0x0000000088100000, 0x0000000088100000|100%|HC|  |TAMS 0x0000000088000000, 0x0000000088000000| Complete 
| 129|0x0000000088100000, 0x0000000088200000, 0x0000000088200000|100%|HC|  |TAMS 0x0000000088100000, 0x0000000088100000| Complete 
| 130|0x0000000088200000, 0x0000000088300000, 0x0000000088300000|100%|HS|  |TAMS 0x0000000088200000, 0x0000000088200000| Complete 
| 131|0x0000000088300000, 0x0000000088300000, 0x0000000088400000|  0%| F|  |TAMS 0x0000000088300000, 0x0000000088300000| Untracked 
| 132|0x0000000088400000, 0x0000000088400000, 0x0000000088500000|  0%| F|  |TAMS 0x0000000088400000, 0x0000000088400000| Untracked 
| 133|0x0000000088500000, 0x0000000088500000, 0x0000000088600000|  0%| F|  |TAMS 0x0000000088500000, 0x0000000088500000| Untracked 
| 134|0x0000000088600000, 0x0000000088600000, 0x0000000088700000|  0%| F|  |TAMS 0x0000000088600000, 0x0000000088600000| Untracked 
| 135|0x0000000088700000, 0x0000000088700000, 0x0000000088800000|  0%| F|  |TAMS 0x0000000088700000, 0x0000000088700000| Untracked 
| 136|0x0000000088800000, 0x0000000088800000, 0x0000000088900000|  0%| F|  |TAMS 0x0000000088800000, 0x0000000088800000| Untracked 
| 137|0x0000000088900000, 0x0000000088900000, 0x0000000088a00000|  0%| F|  |TAMS 0x0000000088900000, 0x0000000088900000| Untracked 
| 138|0x0000000088a00000, 0x0000000088a00000, 0x0000000088b00000|  0%| F|  |TAMS 0x0000000088a00000, 0x0000000088a00000| Untracked 
| 139|0x0000000088b00000, 0x0000000088b00000, 0x0000000088c00000|  0%| F|  |TAMS 0x0000000088b00000, 0x0000000088b00000| Untracked 
| 140|0x0000000088c00000, 0x0000000088c00000, 0x0000000088d00000|  0%| F|  |TAMS 0x0000000088c00000, 0x0000000088c00000| Untracked 
| 141|0x0000000088d00000, 0x0000000088d00000, 0x0000000088e00000|  0%| F|  |TAMS 0x0000000088d00000, 0x0000000088d00000| Untracked 
| 142|0x0000000088e00000, 0x0000000088e00000, 0x0000000088f00000|  0%| F|  |TAMS 0x0000000088e00000, 0x0000000088e00000| Untracked 
| 143|0x0000000088f00000, 0x0000000088f00000, 0x0000000089000000|  0%| F|  |TAMS 0x0000000088f00000, 0x0000000088f00000| Untracked 
| 144|0x0000000089000000, 0x0000000089000000, 0x0000000089100000|  0%| F|  |TAMS 0x0000000089000000, 0x0000000089000000| Untracked 
| 145|0x0000000089100000, 0x0000000089100000, 0x0000000089200000|  0%| F|  |TAMS 0x0000000089100000, 0x0000000089100000| Untracked 
| 146|0x0000000089200000, 0x0000000089200000, 0x0000000089300000|  0%| F|  |TAMS 0x0000000089200000, 0x0000000089200000| Untracked 
| 147|0x0000000089300000, 0x0000000089300000, 0x0000000089400000|  0%| F|  |TAMS 0x0000000089300000, 0x0000000089300000| Untracked 
| 148|0x0000000089400000, 0x0000000089400000, 0x0000000089500000|  0%| F|  |TAMS 0x0000000089400000, 0x0000000089400000| Untracked 
| 149|0x0000000089500000, 0x0000000089500000, 0x0000000089600000|  0%| F|  |TAMS 0x0000000089500000, 0x0000000089500000| Untracked 
| 150|0x0000000089600000, 0x0000000089600000, 0x0000000089700000|  0%| F|  |TAMS 0x0000000089600000, 0x0000000089600000| Untracked 
| 151|0x0000000089700000, 0x0000000089700000, 0x0000000089800000|  0%| F|  |TAMS 0x0000000089700000, 0x0000000089700000| Untracked 
| 152|0x0000000089800000, 0x0000000089800000, 0x0000000089900000|  0%| F|  |TAMS 0x0000000089800000, 0x0000000089800000| Untracked 
| 153|0x0000000089900000, 0x0000000089900000, 0x0000000089a00000|  0%| F|  |TAMS 0x0000000089900000, 0x0000000089900000| Untracked 
| 154|0x0000000089a00000, 0x0000000089a00000, 0x0000000089b00000|  0%| F|  |TAMS 0x0000000089a00000, 0x0000000089a00000| Untracked 
| 155|0x0000000089b00000, 0x0000000089b00000, 0x0000000089c00000|  0%| F|  |TAMS 0x0000000089b00000, 0x0000000089b00000| Untracked 
| 156|0x0000000089c00000, 0x0000000089c00000, 0x0000000089d00000|  0%| F|  |TAMS 0x0000000089c00000, 0x0000000089c00000| Untracked 
| 157|0x0000000089d00000, 0x0000000089d00000, 0x0000000089e00000|  0%| F|  |TAMS 0x0000000089d00000, 0x0000000089d00000| Untracked 
| 158|0x0000000089e00000, 0x0000000089f00000, 0x0000000089f00000|100%| S|CS|TAMS 0x0000000089e00000, 0x0000000089e00000| Complete 
| 159|0x0000000089f00000, 0x000000008a000000, 0x000000008a000000|100%| S|CS|TAMS 0x0000000089f00000, 0x0000000089f00000| Complete 
| 160|0x000000008a000000, 0x000000008a100000, 0x000000008a100000|100%| S|CS|TAMS 0x000000008a000000, 0x000000008a000000| Complete 
| 161|0x000000008a100000, 0x000000008a200000, 0x000000008a200000|100%| S|CS|TAMS 0x000000008a100000, 0x000000008a100000| Complete 
| 162|0x000000008a200000, 0x000000008a300000, 0x000000008a300000|100%| S|CS|TAMS 0x000000008a200000, 0x000000008a200000| Complete 
| 163|0x000000008a300000, 0x000000008a300000, 0x000000008a400000|  0%| F|  |TAMS 0x000000008a300000, 0x000000008a300000| Untracked 
| 164|0x000000008a400000, 0x000000008a400000, 0x000000008a500000|  0%| F|  |TAMS 0x000000008a400000, 0x000000008a400000| Untracked 
| 165|0x000000008a500000, 0x000000008a500000, 0x000000008a600000|  0%| F|  |TAMS 0x000000008a500000, 0x000000008a500000| Untracked 
| 166|0x000000008a600000, 0x000000008a600000, 0x000000008a700000|  0%| F|  |TAMS 0x000000008a600000, 0x000000008a600000| Untracked 
| 167|0x000000008a700000, 0x000000008a700000, 0x000000008a800000|  0%| F|  |TAMS 0x000000008a700000, 0x000000008a700000| Untracked 
| 168|0x000000008a800000, 0x000000008a800000, 0x000000008a900000|  0%| F|  |TAMS 0x000000008a800000, 0x000000008a800000| Untracked 
| 169|0x000000008a900000, 0x000000008a900000, 0x000000008aa00000|  0%| F|  |TAMS 0x000000008a900000, 0x000000008a900000| Untracked 
| 170|0x000000008aa00000, 0x000000008aa00000, 0x000000008ab00000|  0%| F|  |TAMS 0x000000008aa00000, 0x000000008aa00000| Untracked 
| 171|0x000000008ab00000, 0x000000008ab00000, 0x000000008ac00000|  0%| F|  |TAMS 0x000000008ab00000, 0x000000008ab00000| Untracked 
| 172|0x000000008ac00000, 0x000000008ac00000, 0x000000008ad00000|  0%| F|  |TAMS 0x000000008ac00000, 0x000000008ac00000| Untracked 
| 173|0x000000008ad00000, 0x000000008ad00000, 0x000000008ae00000|  0%| F|  |TAMS 0x000000008ad00000, 0x000000008ad00000| Untracked 
| 174|0x000000008ae00000, 0x000000008ae00000, 0x000000008af00000|  0%| F|  |TAMS 0x000000008ae00000, 0x000000008ae00000| Untracked 
| 175|0x000000008af00000, 0x000000008af00000, 0x000000008b000000|  0%| F|  |TAMS 0x000000008af00000, 0x000000008af00000| Untracked 
| 176|0x000000008b000000, 0x000000008b000000, 0x000000008b100000|  0%| F|  |TAMS 0x000000008b000000, 0x000000008b000000| Untracked 
| 177|0x000000008b100000, 0x000000008b100000, 0x000000008b200000|  0%| F|  |TAMS 0x000000008b100000, 0x000000008b100000| Untracked 
| 178|0x000000008b200000, 0x000000008b200000, 0x000000008b300000|  0%| F|  |TAMS 0x000000008b200000, 0x000000008b200000| Untracked 
| 179|0x000000008b300000, 0x000000008b300000, 0x000000008b400000|  0%| F|  |TAMS 0x000000008b300000, 0x000000008b300000| Untracked 
| 180|0x000000008b400000, 0x000000008b400000, 0x000000008b500000|  0%| F|  |TAMS 0x000000008b400000, 0x000000008b400000| Untracked 
| 181|0x000000008b500000, 0x000000008b500000, 0x000000008b600000|  0%| F|  |TAMS 0x000000008b500000, 0x000000008b500000| Untracked 
| 182|0x000000008b600000, 0x000000008b600000, 0x000000008b700000|  0%| F|  |TAMS 0x000000008b600000, 0x000000008b600000| Untracked 
| 183|0x000000008b700000, 0x000000008b700000, 0x000000008b800000|  0%| F|  |TAMS 0x000000008b700000, 0x000000008b700000| Untracked 
| 184|0x000000008b800000, 0x000000008b800000, 0x000000008b900000|  0%| F|  |TAMS 0x000000008b800000, 0x000000008b800000| Untracked 
| 185|0x000000008b900000, 0x000000008b900000, 0x000000008ba00000|  0%| F|  |TAMS 0x000000008b900000, 0x000000008b900000| Untracked 
| 186|0x000000008ba00000, 0x000000008ba00000, 0x000000008bb00000|  0%| F|  |TAMS 0x000000008ba00000, 0x000000008ba00000| Untracked 
| 187|0x000000008bb00000, 0x000000008bb00000, 0x000000008bc00000|  0%| F|  |TAMS 0x000000008bb00000, 0x000000008bb00000| Untracked 
| 188|0x000000008bc00000, 0x000000008bc00000, 0x000000008bd00000|  0%| F|  |TAMS 0x000000008bc00000, 0x000000008bc00000| Untracked 
| 189|0x000000008bd00000, 0x000000008bd00000, 0x000000008be00000|  0%| F|  |TAMS 0x000000008bd00000, 0x000000008bd00000| Untracked 
| 190|0x000000008be00000, 0x000000008be00000, 0x000000008bf00000|  0%| F|  |TAMS 0x000000008be00000, 0x000000008be00000| Untracked 
| 191|0x000000008bf00000, 0x000000008bf00000, 0x000000008c000000|  0%| F|  |TAMS 0x000000008bf00000, 0x000000008bf00000| Untracked 
| 192|0x000000008c000000, 0x000000008c000000, 0x000000008c100000|  0%| F|  |TAMS 0x000000008c000000, 0x000000008c000000| Untracked 
| 193|0x000000008c100000, 0x000000008c100000, 0x000000008c200000|  0%| F|  |TAMS 0x000000008c100000, 0x000000008c100000| Untracked 
| 194|0x000000008c200000, 0x000000008c200000, 0x000000008c300000|  0%| F|  |TAMS 0x000000008c200000, 0x000000008c200000| Untracked 
| 195|0x000000008c300000, 0x000000008c300000, 0x000000008c400000|  0%| F|  |TAMS 0x000000008c300000, 0x000000008c300000| Untracked 
| 196|0x000000008c400000, 0x000000008c400000, 0x000000008c500000|  0%| F|  |TAMS 0x000000008c400000, 0x000000008c400000| Untracked 
| 197|0x000000008c500000, 0x000000008c500000, 0x000000008c600000|  0%| F|  |TAMS 0x000000008c500000, 0x000000008c500000| Untracked 
| 198|0x000000008c600000, 0x000000008c600000, 0x000000008c700000|  0%| F|  |TAMS 0x000000008c600000, 0x000000008c600000| Untracked 
| 199|0x000000008c700000, 0x000000008c700000, 0x000000008c800000|  0%| F|  |TAMS 0x000000008c700000, 0x000000008c700000| Untracked 
| 200|0x000000008c800000, 0x000000008c800000, 0x000000008c900000|  0%| F|  |TAMS 0x000000008c800000, 0x000000008c800000| Untracked 
| 201|0x000000008c900000, 0x000000008c984010, 0x000000008ca00000| 51%| E|  |TAMS 0x000000008c900000, 0x000000008c900000| Complete 
| 202|0x000000008ca00000, 0x000000008cb00000, 0x000000008cb00000|100%| E|CS|TAMS 0x000000008ca00000, 0x000000008ca00000| Complete 
| 203|0x000000008cb00000, 0x000000008cc00000, 0x000000008cc00000|100%| E|CS|TAMS 0x000000008cb00000, 0x000000008cb00000| Complete 
| 204|0x000000008cc00000, 0x000000008cd00000, 0x000000008cd00000|100%| E|  |TAMS 0x000000008cc00000, 0x000000008cc00000| Complete 
| 205|0x000000008cd00000, 0x000000008ce00000, 0x000000008ce00000|100%| E|CS|TAMS 0x000000008cd00000, 0x000000008cd00000| Complete 
| 206|0x000000008ce00000, 0x000000008cf00000, 0x000000008cf00000|100%| E|CS|TAMS 0x000000008ce00000, 0x000000008ce00000| Complete 
| 207|0x000000008cf00000, 0x000000008d000000, 0x000000008d000000|100%| E|CS|TAMS 0x000000008cf00000, 0x000000008cf00000| Complete 
| 208|0x000000008d000000, 0x000000008d100000, 0x000000008d100000|100%| E|CS|TAMS 0x000000008d000000, 0x000000008d000000| Complete 
| 209|0x000000008d100000, 0x000000008d200000, 0x000000008d200000|100%| E|CS|TAMS 0x000000008d100000, 0x000000008d100000| Complete 
| 210|0x000000008d200000, 0x000000008d300000, 0x000000008d300000|100%| E|CS|TAMS 0x000000008d200000, 0x000000008d200000| Complete 
| 211|0x000000008d300000, 0x000000008d400000, 0x000000008d400000|100%| E|CS|TAMS 0x000000008d300000, 0x000000008d300000| Complete 
| 212|0x000000008d400000, 0x000000008d500000, 0x000000008d500000|100%| E|CS|TAMS 0x000000008d400000, 0x000000008d400000| Complete 
| 213|0x000000008d500000, 0x000000008d600000, 0x000000008d600000|100%| E|CS|TAMS 0x000000008d500000, 0x000000008d500000| Complete 
| 214|0x000000008d600000, 0x000000008d700000, 0x000000008d700000|100%| E|CS|TAMS 0x000000008d600000, 0x000000008d600000| Complete 
| 215|0x000000008d700000, 0x000000008d800000, 0x000000008d800000|100%| E|CS|TAMS 0x000000008d700000, 0x000000008d700000| Complete 
| 216|0x000000008d800000, 0x000000008d900000, 0x000000008d900000|100%| E|CS|TAMS 0x000000008d800000, 0x000000008d800000| Complete 
| 217|0x000000008d900000, 0x000000008da00000, 0x000000008da00000|100%| E|CS|TAMS 0x000000008d900000, 0x000000008d900000| Complete 
| 218|0x000000008da00000, 0x000000008db00000, 0x000000008db00000|100%| E|CS|TAMS 0x000000008da00000, 0x000000008da00000| Complete 
| 219|0x000000008db00000, 0x000000008dc00000, 0x000000008dc00000|100%| E|CS|TAMS 0x000000008db00000, 0x000000008db00000| Complete 
| 220|0x000000008dc00000, 0x000000008dd00000, 0x000000008dd00000|100%| E|CS|TAMS 0x000000008dc00000, 0x000000008dc00000| Complete 
| 221|0x000000008dd00000, 0x000000008de00000, 0x000000008de00000|100%| E|CS|TAMS 0x000000008dd00000, 0x000000008dd00000| Complete 
| 222|0x000000008de00000, 0x000000008df00000, 0x000000008df00000|100%| E|CS|TAMS 0x000000008de00000, 0x000000008de00000| Complete 
| 223|0x000000008df00000, 0x000000008e000000, 0x000000008e000000|100%| E|CS|TAMS 0x000000008df00000, 0x000000008df00000| Complete 
| 224|0x000000008e000000, 0x000000008e100000, 0x000000008e100000|100%| E|CS|TAMS 0x000000008e000000, 0x000000008e000000| Complete 
| 225|0x000000008e100000, 0x000000008e200000, 0x000000008e200000|100%| E|CS|TAMS 0x000000008e100000, 0x000000008e100000| Complete 
| 226|0x000000008e200000, 0x000000008e300000, 0x000000008e300000|100%| E|CS|TAMS 0x000000008e200000, 0x000000008e200000| Complete 
| 227|0x000000008e300000, 0x000000008e400000, 0x000000008e400000|100%| E|CS|TAMS 0x000000008e300000, 0x000000008e300000| Complete 
| 228|0x000000008e400000, 0x000000008e500000, 0x000000008e500000|100%| E|CS|TAMS 0x000000008e400000, 0x000000008e400000| Complete 
| 229|0x000000008e500000, 0x000000008e600000, 0x000000008e600000|100%| E|CS|TAMS 0x000000008e500000, 0x000000008e500000| Complete 
| 230|0x000000008e600000, 0x000000008e700000, 0x000000008e700000|100%| E|CS|TAMS 0x000000008e600000, 0x000000008e600000| Complete 
| 231|0x000000008e700000, 0x000000008e800000, 0x000000008e800000|100%| E|CS|TAMS 0x000000008e700000, 0x000000008e700000| Complete 
| 232|0x000000008e800000, 0x000000008e900000, 0x000000008e900000|100%| E|CS|TAMS 0x000000008e800000, 0x000000008e800000| Complete 
| 233|0x000000008e900000, 0x000000008ea00000, 0x000000008ea00000|100%| E|CS|TAMS 0x000000008e900000, 0x000000008e900000| Complete 
| 234|0x000000008ea00000, 0x000000008eb00000, 0x000000008eb00000|100%| E|CS|TAMS 0x000000008ea00000, 0x000000008ea00000| Complete 

Card table byte_map: [0x0000017ec33d0000,0x0000017ec37d0000] _byte_map_base: 0x0000017ec2fd0000

Marking Bits (Prev, Next): (CMBitMap*) 0x0000017eb0828530, (CMBitMap*) 0x0000017eb0828570
 Prev Bits: [0x0000017ec3bd0000, 0x0000017ec5bd0000)
 Next Bits: [0x0000017ec5bd0000, 0x0000017ec7bd0000)

Polling page: 0x0000017eae690000

Metaspace:

Usage:
  Non-class:     98.90 MB used.
      Class:     14.71 MB used.
       Both:    113.61 MB used.

Virtual space:
  Non-class space:      104.00 MB reserved,      99.31 MB ( 95%) committed,  13 nodes.
      Class space:        1.00 GB reserved,      15.00 MB (  1%) committed,  1 nodes.
             Both:        1.10 GB reserved,     114.31 MB ( 10%) committed. 

Chunk freelists:
   Non-Class:  3.89 MB
       Class:  976.00 KB
        Both:  4.84 MB

MaxMetaspaceSize: unlimited
CompressedClassSpaceSize: 1.00 GB
Initial GC threshold: 21.00 MB
Current GC threshold: 189.19 MB
CDS: off
MetaspaceReclaimPolicy: balanced
 - commit_granule_bytes: 65536.
 - commit_granule_words: 8192.
 - virtual_space_node_default_size: 1048576.
 - enlarge_chunks_in_place: 1.
 - new_chunks_are_fully_committed: 0.
 - uncommit_free_chunks: 1.
 - use_allocation_guard: 0.
 - handle_deallocations: 1.


Internal statistics:

num_allocs_failed_limit: 3.
num_arena_births: 800.
num_arena_deaths: 0.
num_vsnodes_births: 14.
num_vsnodes_deaths: 0.
num_space_committed: 1827.
num_space_uncommitted: 0.
num_chunks_returned_to_freelist: 3.
num_chunks_taken_from_freelist: 4659.
num_chunk_merges: 3.
num_chunk_splits: 3599.
num_chunks_enlarged: 2947.
num_purges: 0.
num_inconsistent_stats: 0.

CodeHeap 'non-profiled nmethods': size=120000Kb used=4936Kb max_used=5299Kb free=115063Kb
 bounds [0x0000017ebb770000, 0x0000017ebbca0000, 0x0000017ec2ca0000]
CodeHeap 'profiled nmethods': size=120000Kb used=18472Kb max_used=18555Kb free=101527Kb
 bounds [0x0000017eb3ca0000, 0x0000017eb4ec0000, 0x0000017ebb1d0000]
CodeHeap 'non-nmethods': size=5760Kb used=2491Kb max_used=2563Kb free=3268Kb
 bounds [0x0000017ebb1d0000, 0x0000017ebb470000, 0x0000017ebb770000]
 total_blobs=10240 nmethods=9191 adapters=960
 compilation: enabled
              stopped_count=0, restarted_count=0
 full_count=0

Compilation events (20 events):
Event: 11.850 Thread 0x0000017ecb020640 10615       3       jdk.internal.loader.URLClassPath$JarLoader::<init> (67 bytes)
Event: 11.850 Thread 0x0000017ecb020640 nmethod 10615 0x0000017eb49c2990 code [0x0000017eb49c2c20, 0x0000017eb49c3818]
Event: 11.850 Thread 0x0000017ecb020640 10620       3       java.util.jar.JarFile::runtimeVersion (4 bytes)
Event: 11.850 Thread 0x0000017ecb020640 nmethod 10620 0x0000017eb4014b90 code [0x0000017eb4014d20, 0x0000017eb4014e18]
Event: 11.903 Thread 0x0000017ecb01fba0 10621       4       java.util.HashMap::put (13 bytes)
Event: 11.904 Thread 0x0000017ed4cf77a0 nmethod 10594% 0x0000017ebba09910 code [0x0000017ebba09c80, 0x0000017ebba0e5e0]
Event: 11.910 Thread 0x0000017ecb01fba0 nmethod 10621 0x0000017ebb94f990 code [0x0000017ebb94fb60, 0x0000017ebb9503e8]
Event: 11.914 Thread 0x0000017ecb01fba0 10622       4       java.util.zip.ZipFile$Source::initCEN (591 bytes)
Event: 11.940 Thread 0x0000017ed4cf77a0 10623       4       com.google.common.collect.MapMakerInternalMap::rehash (49 bytes)
Event: 11.941 Thread 0x0000017ed4cf77a0 nmethod 10623 0x0000017ebb94f490 code [0x0000017ebb94f600, 0x0000017ebb94f6b8]
Event: 11.947 Thread 0x0000017ecb020640 10624       3       java.lang.ClassLoader::getResource (41 bytes)
Event: 11.948 Thread 0x0000017ecb020640 nmethod 10624 0x0000017eb4843210 code [0x0000017eb4843400, 0x0000017eb48439f8]
Event: 11.950 Thread 0x0000017ecb020640 10625   !   3       java.util.jar.JarFile::getBytes (186 bytes)
Event: 11.951 Thread 0x0000017ecb020640 nmethod 10625 0x0000017eb46e4110 code [0x0000017eb46e44a0, 0x0000017eb46e5888]
Event: 11.957 Thread 0x0000017ed4cf77a0 10626       4       java.util.jar.Manifest$FastInputStream::peek (38 bytes)
Event: 11.958 Thread 0x0000017ed4cf77a0 nmethod 10626 0x0000017ebb80a010 code [0x0000017ebb80a1a0, 0x0000017ebb80a2a8]
Event: 11.958 Thread 0x0000017ed4cf77a0 10627       4       java.util.jar.Manifest$FastInputStream::readLine (296 bytes)
Event: 11.966 Thread 0x0000017ed4cf77a0 nmethod 10627 0x0000017ebb809210 code [0x0000017ebb8093c0, 0x0000017ebb809b68]
Event: 11.976 Thread 0x0000017ed4cf77a0 10628       4       java.util.jar.Attributes$Name::hash (148 bytes)
Event: 11.978 Thread 0x0000017ed4cf77a0 nmethod 10628 0x0000017ebb808a90 code [0x0000017ebb808c20, 0x0000017ebb808ee8]

GC Heap History (20 events):
Event: 8.000 GC heap before
{Heap before GC invocations=36 (full 0):
 garbage-first heap   total 176128K, used 106713K [0x0000000080000000, 0x0000000100000000)
  region size 1024K, 10 young (10240K), 5 survivors (5120K)
 Metaspace       used 86940K, committed 87552K, reserved 1130496K
  class space    used 11522K, committed 11776K, reserved 1048576K
}
Event: 8.003 GC heap after
{Heap after GC invocations=37 (full 0):
 garbage-first heap   total 176128K, used 103579K [0x0000000080000000, 0x0000000100000000)
  region size 1024K, 4 young (4096K), 4 survivors (4096K)
 Metaspace       used 86940K, committed 87552K, reserved 1130496K
  class space    used 11522K, committed 11776K, reserved 1048576K
}
Event: 8.247 GC heap before
{Heap before GC invocations=38 (full 0):
 garbage-first heap   total 198656K, used 144539K [0x0000000080000000, 0x0000000100000000)
  region size 1024K, 43 young (44032K), 4 survivors (4096K)
 Metaspace       used 88064K, committed 88768K, reserved 1130496K
  class space    used 11658K, committed 11968K, reserved 1048576K
}
Event: 8.251 GC heap after
{Heap after GC invocations=39 (full 0):
 garbage-first heap   total 198656K, used 105589K [0x0000000080000000, 0x0000000100000000)
  region size 1024K, 3 young (3072K), 3 survivors (3072K)
 Metaspace       used 88064K, committed 88768K, reserved 1130496K
  class space    used 11658K, committed 11968K, reserved 1048576K
}
Event: 8.315 GC heap before
{Heap before GC invocations=39 (full 0):
 garbage-first heap   total 198656K, used 110709K [0x0000000080000000, 0x0000000100000000)
  region size 1024K, 9 young (9216K), 3 survivors (3072K)
 Metaspace       used 89118K, committed 89728K, reserved 1130496K
  class space    used 11775K, committed 12032K, reserved 1048576K
}
Event: 8.318 GC heap after
{Heap after GC invocations=40 (full 0):
 garbage-first heap   total 198656K, used 105838K [0x0000000080000000, 0x0000000100000000)
  region size 1024K, 1 young (1024K), 1 survivors (1024K)
 Metaspace       used 89118K, committed 89728K, reserved 1130496K
  class space    used 11775K, committed 12032K, reserved 1048576K
}
Event: 8.761 GC heap before
{Heap before GC invocations=40 (full 0):
 garbage-first heap   total 198656K, used 156014K [0x0000000080000000, 0x0000000100000000)
  region size 1024K, 50 young (51200K), 1 survivors (1024K)
 Metaspace       used 92863K, committed 93504K, reserved 1130496K
  class space    used 12197K, committed 12480K, reserved 1048576K
}
Event: 8.765 GC heap after
{Heap after GC invocations=41 (full 0):
 garbage-first heap   total 239616K, used 108875K [0x0000000080000000, 0x0000000100000000)
  region size 1024K, 4 young (4096K), 4 survivors (4096K)
 Metaspace       used 92863K, committed 93504K, reserved 1130496K
  class space    used 12197K, committed 12480K, reserved 1048576K
}
Event: 9.503 GC heap before
{Heap before GC invocations=42 (full 0):
 garbage-first heap   total 239616K, used 184651K [0x0000000080000000, 0x0000000100000000)
  region size 1024K, 79 young (80896K), 4 survivors (4096K)
 Metaspace       used 103594K, committed 104192K, reserved 1146880K
  class space    used 13438K, committed 13696K, reserved 1048576K
}
Event: 9.508 GC heap after
{Heap after GC invocations=43 (full 0):
 garbage-first heap   total 239616K, used 113191K [0x0000000080000000, 0x0000000100000000)
  region size 1024K, 8 young (8192K), 8 survivors (8192K)
 Metaspace       used 103594K, committed 104192K, reserved 1146880K
  class space    used 13438K, committed 13696K, reserved 1048576K
}
Event: 9.543 GC heap before
{Heap before GC invocations=43 (full 0):
 garbage-first heap   total 239616K, used 116263K [0x0000000080000000, 0x0000000100000000)
  region size 1024K, 11 young (11264K), 8 survivors (8192K)
 Metaspace       used 104263K, committed 104896K, reserved 1146880K
  class space    used 13506K, committed 13760K, reserved 1048576K
}
Event: 9.548 GC heap after
{Heap after GC invocations=44 (full 0):
 garbage-first heap   total 239616K, used 113452K [0x0000000080000000, 0x0000000100000000)
  region size 1024K, 2 young (2048K), 2 survivors (2048K)
 Metaspace       used 104263K, committed 104896K, reserved 1146880K
  class space    used 13506K, committed 13760K, reserved 1048576K
}
Event: 10.040 GC heap before
{Heap before GC invocations=44 (full 0):
 garbage-first heap   total 239616K, used 162604K [0x0000000080000000, 0x0000000100000000)
  region size 1024K, 51 young (52224K), 2 survivors (2048K)
 Metaspace       used 108731K, committed 109376K, reserved 1146880K
  class space    used 14001K, committed 14272K, reserved 1048576K
}
Event: 10.044 GC heap after
{Heap after GC invocations=45 (full 0):
 garbage-first heap   total 239616K, used 116887K [0x0000000080000000, 0x0000000100000000)
  region size 1024K, 5 young (5120K), 5 survivors (5120K)
 Metaspace       used 108731K, committed 109376K, reserved 1146880K
  class space    used 14001K, committed 14272K, reserved 1048576K
}
Event: 10.513 GC heap before
{Heap before GC invocations=46 (full 0):
 garbage-first heap   total 240640K, used 195735K [0x0000000080000000, 0x0000000100000000)
  region size 1024K, 81 young (82944K), 5 survivors (5120K)
 Metaspace       used 110137K, committed 110784K, reserved 1146880K
  class space    used 14119K, committed 14400K, reserved 1048576K
}
Event: 10.523 GC heap after
{Heap after GC invocations=47 (full 0):
 garbage-first heap   total 240640K, used 123714K [0x0000000080000000, 0x0000000100000000)
  region size 1024K, 11 young (11264K), 11 survivors (11264K)
 Metaspace       used 110137K, committed 110784K, reserved 1146880K
  class space    used 14119K, committed 14400K, reserved 1048576K
}
Event: 10.533 GC heap before
{Heap before GC invocations=47 (full 0):
 garbage-first heap   total 240640K, used 124738K [0x0000000080000000, 0x0000000100000000)
  region size 1024K, 12 young (12288K), 11 survivors (11264K)
 Metaspace       used 110171K, committed 110848K, reserved 1146880K
  class space    used 14122K, committed 14400K, reserved 1048576K
}
Event: 10.540 GC heap after
{Heap after GC invocations=48 (full 0):
 garbage-first heap   total 240640K, used 124953K [0x0000000080000000, 0x0000000100000000)
  region size 1024K, 2 young (2048K), 2 survivors (2048K)
 Metaspace       used 110171K, committed 110848K, reserved 1146880K
  class space    used 14122K, committed 14400K, reserved 1048576K
}
Event: 11.533 GC heap before
{Heap before GC invocations=48 (full 0):
 garbage-first heap   total 240640K, used 195609K [0x0000000080000000, 0x0000000100000000)
  region size 1024K, 72 young (73728K), 2 survivors (2048K)
 Metaspace       used 115501K, committed 116160K, reserved 1155072K
  class space    used 14959K, committed 15232K, reserved 1048576K
}
Event: 11.542 GC heap after
{Heap after GC invocations=49 (full 0):
 garbage-first heap   total 240640K, used 128361K [0x0000000080000000, 0x0000000100000000)
  region size 1024K, 5 young (5120K), 5 survivors (5120K)
 Metaspace       used 115501K, committed 116160K, reserved 1155072K
  class space    used 14959K, committed 15232K, reserved 1048576K
}

Dll operation events (2 events):
Event: 0.008 Loaded shared library C:\Program Files\Android\Android Studio\jbr\bin\java.dll
Event: 0.392 Loaded shared library C:\Program Files\Android\Android Studio\jbr\bin\verify.dll

Deoptimization events (20 events):
Event: 11.729 Thread 0x0000017ecd9b67b0 DEOPT PACKING pc=0x0000017eb4df5209 sp=0x00000013c95f88f0
Event: 11.729 Thread 0x0000017ecd9b67b0 DEOPT UNPACKING pc=0x0000017ebb227143 sp=0x00000013c95f7de8 mode 0
Event: 11.770 Thread 0x0000017ecd9b67b0 DEOPT PACKING pc=0x0000017eb4df5209 sp=0x00000013c95f8860
Event: 11.770 Thread 0x0000017ecd9b67b0 DEOPT UNPACKING pc=0x0000017ebb227143 sp=0x00000013c95f7d58 mode 0
Event: 11.771 Thread 0x0000017ecd9b67b0 Uncommon trap: trap_request=0xfffffff4 fr.pc=0x0000017ebbc9c744 relative=0x0000000000000764
Event: 11.771 Thread 0x0000017ecd9b67b0 Uncommon trap: reason=null_check action=make_not_entrant pc=0x0000017ebbc9c744 method=org.gradle.util.internal.SimpleMapInterner.intern(Ljava/lang/Object;)Ljava/lang/Object; @ 2 c2
Event: 11.771 Thread 0x0000017ecd9b67b0 DEOPT PACKING pc=0x0000017ebbc9c744 sp=0x00000013c95f8c60
Event: 11.771 Thread 0x0000017ecd9b67b0 DEOPT UNPACKING pc=0x0000017ebb2269a3 sp=0x00000013c95f8c28 mode 2
Event: 11.771 Thread 0x0000017ecd9b67b0 Uncommon trap: trap_request=0xffffff45 fr.pc=0x0000017ebb99fe2c relative=0x000000000000074c
Event: 11.771 Thread 0x0000017ecd9b67b0 Uncommon trap: reason=unstable_if action=reinterpret pc=0x0000017ebb99fe2c method=org.gradle.util.internal.SimpleMapInterner.intern(Ljava/lang/String;)Ljava/lang/String; @ 1 c2
Event: 11.771 Thread 0x0000017ecd9b67b0 DEOPT PACKING pc=0x0000017ebb99fe2c sp=0x00000013c95f8bf0
Event: 11.771 Thread 0x0000017ecd9b67b0 DEOPT UNPACKING pc=0x0000017ebb2269a3 sp=0x00000013c95f8bb8 mode 2
Event: 11.772 Thread 0x0000017ecd9b67b0 Uncommon trap: trap_request=0xffffffc6 fr.pc=0x0000017ebb8be778 relative=0x0000000000000238
Event: 11.772 Thread 0x0000017ecd9b67b0 Uncommon trap: reason=bimorphic_or_optimized_type_check action=maybe_recompile pc=0x0000017ebb8be778 method=com.google.common.base.CharMatcher.indexIn(Ljava/lang/CharSequence;I)I @ 31 c2
Event: 11.772 Thread 0x0000017ecd9b67b0 DEOPT PACKING pc=0x0000017ebb8be778 sp=0x00000013c95f9160
Event: 11.772 Thread 0x0000017ecd9b67b0 DEOPT UNPACKING pc=0x0000017ebb2269a3 sp=0x00000013c95f9108 mode 2
Event: 11.823 Thread 0x0000017ecd9b67b0 Uncommon trap: trap_request=0xffffff45 fr.pc=0x0000017ebb7c9814 relative=0x00000000000006d4
Event: 11.823 Thread 0x0000017ecd9b67b0 Uncommon trap: reason=unstable_if action=reinterpret pc=0x0000017ebb7c9814 method=java.util.jar.Manifest$FastInputStream.readLine([BII)I @ 130 c2
Event: 11.823 Thread 0x0000017ecd9b67b0 DEOPT PACKING pc=0x0000017ebb7c9814 sp=0x00000013c95f8160
Event: 11.823 Thread 0x0000017ecd9b67b0 DEOPT UNPACKING pc=0x0000017ebb2269a3 sp=0x00000013c95f80f0 mode 2

Classes unloaded (0 events):
No events

Classes redefined (0 events):
No events

Internal exceptions (20 events):
Event: 10.670 Thread 0x0000017ecd9b67b0 Exception <a 'java/lang/ClassNotFoundException'{0x000000008e4c74b0}: org/jetbrains/plugins/gradle/model/web/WebConfigurationBeanInfo> (0x000000008e4c74b0) 
thrown [s\src\hotspot\share\classfile\systemDictionary.cpp, line 256]
Event: 10.670 Thread 0x0000017ecd9b67b0 Exception <a 'java/lang/ClassNotFoundException'{0x000000008e4cf838}: org/jetbrains/plugins/gradle/model/web/WebConfigurationCustomizer> (0x000000008e4cf838) 
thrown [s\src\hotspot\share\classfile\systemDictionary.cpp, line 256]
Event: 10.672 Thread 0x0000017ecd9b67b0 Exception <a 'java/lang/ClassNotFoundException'{0x000000008e4edff8}: org/jetbrains/plugins/gradle/model/scala/ScalaModelBeanInfo> (0x000000008e4edff8) 
thrown [s\src\hotspot\share\classfile\systemDictionary.cpp, line 256]
Event: 10.672 Thread 0x0000017ecd9b67b0 Exception <a 'java/lang/ClassNotFoundException'{0x000000008e4f6300}: org/jetbrains/plugins/gradle/model/scala/ScalaModelCustomizer> (0x000000008e4f6300) 
thrown [s\src\hotspot\share\classfile\systemDictionary.cpp, line 256]
Event: 10.677 Thread 0x0000017ecd9b67b0 Exception <a 'java/lang/ClassNotFoundException'{0x000000008e3277d0}: org/jetbrains/plugins/gradle/model/DependencyAccessorsModelBeanInfo> (0x000000008e3277d0) 
thrown [s\src\hotspot\share\classfile\systemDictionary.cpp, line 256]
Event: 10.677 Thread 0x0000017ecd9b67b0 Exception <a 'java/lang/ClassNotFoundException'{0x000000008e32fb80}: org/jetbrains/plugins/gradle/model/DependencyAccessorsModelCustomizer> (0x000000008e32fb80) 
thrown [s\src\hotspot\share\classfile\systemDictionary.cpp, line 256]
Event: 10.769 Thread 0x0000017ecd9b67b0 Exception <a 'java/lang/ClassNotFoundException'{0x000000008dc8e508}: org/gradle/api/internal/project/DefaultProject_DecoratedBeanInfo> (0x000000008dc8e508) 
thrown [s\src\hotspot\share\classfile\systemDictionary.cpp, line 256]
Event: 10.770 Thread 0x0000017ecd9b67b0 Exception <a 'java/lang/ClassNotFoundException'{0x000000008dc9b060}: org/gradle/api/internal/project/DefaultProjectBeanInfo> (0x000000008dc9b060) 
thrown [s\src\hotspot\share\classfile\systemDictionary.cpp, line 256]
Event: 10.770 Thread 0x0000017ecd9b67b0 Exception <a 'java/lang/ClassNotFoundException'{0x000000008dca7bc0}: org/gradle/api/internal/project/DefaultProjectCustomizer> (0x000000008dca7bc0) 
thrown [s\src\hotspot\share\classfile\systemDictionary.cpp, line 256]
Event: 10.772 Thread 0x0000017ecd9b67b0 Exception <a 'java/lang/ClassNotFoundException'{0x000000008db51158}: org/gradle/api/internal/project/DefaultProject_DecoratedCustomizer> (0x000000008db51158) 
thrown [s\src\hotspot\share\classfile\systemDictionary.cpp, line 256]
Event: 10.978 Thread 0x0000017ecd9b67b0 Exception <a 'java/lang/NoSuchMethodError'{0x000000008ce9ad18}: 'int java.lang.invoke.DirectMethodHandle$Holder.invokeStaticInit(java.lang.Object, java.lang.Object, java.lang.Object, java.lang.Object, java.lang.Object)'> (0x000000008ce9ad18) 
thrown [s\src\hotspot\share\interpreter\linkResolver.cpp, line 771]
Event: 11.115 Thread 0x0000017ecd9b67b0 Exception <a 'java/lang/NoSuchMethodError'{0x000000008c491bb8}: 'java.lang.Object java.lang.invoke.DirectMethodHandle$Holder.newInvokeSpecial(java.lang.Object, java.lang.Object, java.lang.Object, java.lang.Object, java.lang.Object, int)'> (0x000000008c491bb8) 
thrown [s\src\hotspot\share\interpreter\linkResolver.cpp, line 771]
Event: 11.115 Thread 0x0000017ecd9b67b0 Exception <a 'java/lang/NoSuchMethodError'{0x000000008c497010}: 'java.lang.Object java.lang.invoke.DirectMethodHandle$Holder.invokeSpecial(java.lang.Object, java.lang.Object, java.lang.Object, java.lang.Object, java.lang.Object, java.lang.Object, int)'> (0x000000008c497010) 
thrown [s\src\hotspot\share\interpreter\linkResolver.cpp, line 771]
Event: 11.124 Thread 0x0000017ecd9b67b0 Exception <a 'java/lang/NoSuchMethodError'{0x000000008c335778}: 'void java.lang.invoke.DirectMethodHandle$Holder.invokeStatic(java.lang.Object, java.lang.Object, java.lang.Object, int, java.lang.Object)'> (0x000000008c335778) 
thrown [s\src\hotspot\share\interpreter\linkResolver.cpp, line 771]
Event: 11.458 Thread 0x0000017ecd9b67b0 Implicit null exception at 0x0000017ebb7e89ef to 0x0000017ebb7e8c5c
Event: 11.763 Thread 0x0000017ecd9b7af0 Exception <a 'sun/nio/fs/WindowsException'{0x000000008d427c98}> (0x000000008d427c98) 
thrown [s\src\hotspot\share\prims\jni.cpp, line 517]
Event: 11.765 Thread 0x0000017ecd9b7af0 Exception <a 'sun/nio/fs/WindowsException'{0x000000008d442d70}> (0x000000008d442d70) 
thrown [s\src\hotspot\share\prims\jni.cpp, line 517]
Event: 11.766 Thread 0x0000017ecd9b7af0 Exception <a 'sun/nio/fs/WindowsException'{0x000000008d442ee8}> (0x000000008d442ee8) 
thrown [s\src\hotspot\share\prims\jni.cpp, line 517]
Event: 11.771 Thread 0x0000017ecd9b67b0 Implicit null exception at 0x0000017ebbc9c012 to 0x0000017ebbc9c734
Event: 11.771 Thread 0x0000017ecd9b67b0 Implicit null exception at 0x0000017ebb99f714 to 0x0000017ebb99fe14

VM Operations (20 events):
Event: 11.234 Executing VM operation: ICBufferFull
Event: 11.234 Executing VM operation: ICBufferFull done
Event: 11.245 Executing VM operation: HandshakeAllThreads
Event: 11.245 Executing VM operation: HandshakeAllThreads done
Event: 11.267 Executing VM operation: HandshakeAllThreads
Event: 11.267 Executing VM operation: HandshakeAllThreads done
Event: 11.367 Executing VM operation: HandshakeAllThreads
Event: 11.367 Executing VM operation: HandshakeAllThreads done
Event: 11.431 Executing VM operation: ICBufferFull
Event: 11.432 Executing VM operation: ICBufferFull done
Event: 11.533 Executing VM operation: G1CollectForAllocation
Event: 11.543 Executing VM operation: G1CollectForAllocation done
Event: 11.612 Executing VM operation: G1Concurrent
Event: 11.615 Executing VM operation: G1Concurrent done
Event: 11.639 Executing VM operation: G1Concurrent
Event: 11.639 Executing VM operation: G1Concurrent done
Event: 11.768 Executing VM operation: ICBufferFull
Event: 11.769 Executing VM operation: ICBufferFull done
Event: 11.788 Executing VM operation: HandshakeAllThreads
Event: 11.788 Executing VM operation: HandshakeAllThreads done

Events (20 events):
Event: 11.484 Thread 0x0000017ed52bd6e0 Thread added: 0x0000017ed52bd6e0
Event: 11.484 Thread 0x0000017ed52c1a40 Thread added: 0x0000017ed52c1a40
Event: 11.484 Thread 0x0000017ed52be080 Thread added: 0x0000017ed52be080
Event: 11.484 Thread 0x0000017ed52be550 Thread added: 0x0000017ed52be550
Event: 11.485 Thread 0x0000017ed52bc3a0 Thread added: 0x0000017ed52bc3a0
Event: 11.486 Thread 0x0000017ed52bb530 Thread added: 0x0000017ed52bb530
Event: 11.486 Thread 0x0000017ed52bea20 Thread added: 0x0000017ed52bea20
Event: 11.487 Thread 0x0000017ed52c0bd0 Thread added: 0x0000017ed52c0bd0
Event: 11.487 Thread 0x0000017ed52bfd60 Thread added: 0x0000017ed52bfd60
Event: 11.487 Thread 0x0000017ed52bba00 Thread added: 0x0000017ed52bba00
Event: 11.488 Thread 0x0000017ed52beef0 Thread added: 0x0000017ed52beef0
Event: 11.488 Thread 0x0000017ed52bf3c0 Thread added: 0x0000017ed52bf3c0
Event: 11.488 Thread 0x0000017ed52bf890 Thread added: 0x0000017ed52bf890
Event: 11.489 Thread 0x0000017ed52c0230 Thread added: 0x0000017ed52c0230
Event: 11.489 Thread 0x0000017ed52c0700 Thread added: 0x0000017ed52c0700
Event: 11.489 Thread 0x0000017ed52c10a0 Thread added: 0x0000017ed52c10a0
Event: 11.781 loading class java/util/concurrent/LinkedBlockingDeque$Itr
Event: 11.781 loading class java/util/concurrent/LinkedBlockingDeque$AbstractItr
Event: 11.782 loading class java/util/concurrent/LinkedBlockingDeque$AbstractItr done
Event: 11.782 loading class java/util/concurrent/LinkedBlockingDeque$Itr done


Dynamic libraries:
0x00007ff703260000 - 0x00007ff70326a000 	C:\Program Files\Android\Android Studio\jbr\bin\java.exe
0x00007ffdb6090000 - 0x00007ffdb6287000 	C:\windows\SYSTEM32\ntdll.dll
0x00007ffdb4a40000 - 0x00007ffdb4afd000 	C:\windows\System32\KERNEL32.DLL
0x00007ffdb39e0000 - 0x00007ffdb3cd6000 	C:\windows\System32\KERNELBASE.dll
0x00007ffdb37a0000 - 0x00007ffdb38a0000 	C:\windows\System32\ucrtbase.dll
0x00007ffd80510000 - 0x00007ffd8052b000 	C:\Program Files\Android\Android Studio\jbr\bin\VCRUNTIME140.dll
0x00007ffd809d0000 - 0x00007ffd809e7000 	C:\Program Files\Android\Android Studio\jbr\bin\jli.dll
0x00007ffdb4b00000 - 0x00007ffdb4c9e000 	C:\windows\System32\USER32.dll
0x00007ffdb3770000 - 0x00007ffdb3792000 	C:\windows\System32\win32u.dll
0x00007ffdb51c0000 - 0x00007ffdb51ec000 	C:\windows\System32\GDI32.dll
0x00007ffdb3d90000 - 0x00007ffdb3eaa000 	C:\windows\System32\gdi32full.dll
0x00007ffdb3940000 - 0x00007ffdb39dd000 	C:\windows\System32\msvcp_win.dll
0x00007ffd9b9c0000 - 0x00007ffd9bc5a000 	C:\windows\WinSxS\amd64_microsoft.windows.common-controls_6595b64144ccf1df_6.0.19041.3570_none_60bb2a3971f3e41a\COMCTL32.dll
0x00007ffdb5bc0000 - 0x00007ffdb5c5e000 	C:\windows\System32\msvcrt.dll
0x00007ffdb5b90000 - 0x00007ffdb5bc0000 	C:\windows\System32\IMM32.DLL
0x00007ffd8c250000 - 0x00007ffd8c25c000 	C:\Program Files\Android\Android Studio\jbr\bin\vcruntime140_1.dll
0x00007ffd76240000 - 0x00007ffd762cd000 	C:\Program Files\Android\Android Studio\jbr\bin\msvcp140.dll
0x00007ffd6b180000 - 0x00007ffd6bdee000 	C:\Program Files\Android\Android Studio\jbr\bin\server\jvm.dll
0x00007ffdb4150000 - 0x00007ffdb41fe000 	C:\windows\System32\ADVAPI32.dll
0x00007ffdb5000000 - 0x00007ffdb509c000 	C:\windows\System32\sechost.dll
0x00007ffdb5750000 - 0x00007ffdb5876000 	C:\windows\System32\RPCRT4.dll
0x00007ffdaf050000 - 0x00007ffdaf059000 	C:\windows\SYSTEM32\WSOCK32.dll
0x00007ffdac0d0000 - 0x00007ffdac0da000 	C:\windows\SYSTEM32\VERSION.dll
0x00007ffd99c70000 - 0x00007ffd99c97000 	C:\windows\SYSTEM32\WINMM.dll
0x00007ffdb4dd0000 - 0x00007ffdb4e3b000 	C:\windows\System32\WS2_32.dll
0x00007ffdb1fa0000 - 0x00007ffdb1fb2000 	C:\windows\SYSTEM32\kernel.appcore.dll
0x00007ffdaf040000 - 0x00007ffdaf04a000 	C:\Program Files\Android\Android Studio\jbr\bin\jimage.dll
0x00007ffdb1510000 - 0x00007ffdb16f4000 	C:\windows\SYSTEM32\DBGHELP.DLL
0x00007ffd960a0000 - 0x00007ffd960d4000 	C:\windows\SYSTEM32\dbgcore.DLL
0x00007ffdb3eb0000 - 0x00007ffdb3f32000 	C:\windows\System32\bcryptPrimitives.dll
0x00007ffdae190000 - 0x00007ffdae1b5000 	C:\Program Files\Android\Android Studio\jbr\bin\java.dll
0x00007ffd8a7e0000 - 0x00007ffd8a7f8000 	C:\Program Files\Android\Android Studio\jbr\bin\zip.dll
0x00007ffdb4200000 - 0x00007ffdb4944000 	C:\windows\System32\SHELL32.dll
0x00007ffdb17f0000 - 0x00007ffdb1f8b000 	C:\windows\SYSTEM32\windows.storage.dll
0x00007ffdb5c60000 - 0x00007ffdb5fb4000 	C:\windows\System32\combase.dll
0x00007ffdb31b0000 - 0x00007ffdb31dd000 	C:\windows\SYSTEM32\Wldp.dll
0x00007ffdb5930000 - 0x00007ffdb59dd000 	C:\windows\System32\SHCORE.dll
0x00007ffdb49e0000 - 0x00007ffdb4a35000 	C:\windows\System32\shlwapi.dll
0x00007ffdb36a0000 - 0x00007ffdb36c5000 	C:\windows\SYSTEM32\profapi.dll
0x00007ffd81e40000 - 0x00007ffd81e59000 	C:\Program Files\Android\Android Studio\jbr\bin\net.dll
0x00007ffda2df0000 - 0x00007ffda2efa000 	C:\windows\SYSTEM32\WINHTTP.dll
0x00007ffdb2f10000 - 0x00007ffdb2f7a000 	C:\windows\system32\mswsock.dll
0x00007ffd81de0000 - 0x00007ffd81df6000 	C:\Program Files\Android\Android Studio\jbr\bin\nio.dll
0x00007ffd9bc60000 - 0x00007ffd9bc70000 	C:\Program Files\Android\Android Studio\jbr\bin\verify.dll
0x00007ffd7db00000 - 0x00007ffd7db27000 	C:\Users\jasse\.gradle\native\68d5fa5c4cc2d200863cafc0d521ce42e7d3e7ee720ec0a83991735586a16f82\windows-amd64\native-platform.dll
0x00007ffd6de70000 - 0x00007ffd6dfb4000 	C:\Users\jasse\.gradle\native\e376f236ea51e6404a007f0833ffe2c6e607c4080706a723a18a27aeea778392\windows-amd64\native-platform-file-events.dll
0x00007ffd97760000 - 0x00007ffd97769000 	C:\Program Files\Android\Android Studio\jbr\bin\management.dll
0x00007ffd90360000 - 0x00007ffd9036b000 	C:\Program Files\Android\Android Studio\jbr\bin\management_ext.dll
0x00007ffdb51f0000 - 0x00007ffdb51f8000 	C:\windows\System32\PSAPI.DLL
0x00007ffdb3110000 - 0x00007ffdb3128000 	C:\windows\SYSTEM32\CRYPTSP.dll
0x00007ffdb27b0000 - 0x00007ffdb27e4000 	C:\windows\system32\rsaenh.dll
0x00007ffdb3910000 - 0x00007ffdb3937000 	C:\windows\System32\bcrypt.dll
0x00007ffdb3620000 - 0x00007ffdb364e000 	C:\windows\SYSTEM32\USERENV.dll
0x00007ffdb3100000 - 0x00007ffdb310c000 	C:\windows\SYSTEM32\CRYPTBASE.dll
0x00007ffdb2bb0000 - 0x00007ffdb2beb000 	C:\windows\SYSTEM32\IPHLPAPI.DLL
0x00007ffdb4950000 - 0x00007ffdb4958000 	C:\windows\System32\NSI.dll
0x00007ffdaae10000 - 0x00007ffdaae27000 	C:\windows\SYSTEM32\dhcpcsvc6.DLL
0x00007ffdaad60000 - 0x00007ffdaad7d000 	C:\windows\SYSTEM32\dhcpcsvc.DLL
0x00007ffdb2c00000 - 0x00007ffdb2cca000 	C:\windows\SYSTEM32\DNSAPI.dll
0x00007ffd8f840000 - 0x00007ffd8f847000 	C:\windows\system32\wshunix.dll

dbghelp: loaded successfully - version: 4.0.5 - missing functions: none
symbol engine: initialized successfully - sym options: 0x614 - pdb path: .;C:\Program Files\Android\Android Studio\jbr\bin;C:\windows\SYSTEM32;C:\windows\WinSxS\amd64_microsoft.windows.common-controls_6595b64144ccf1df_6.0.19041.3570_none_60bb2a3971f3e41a;C:\Program Files\Android\Android Studio\jbr\bin\server;C:\Users\jasse\.gradle\native\68d5fa5c4cc2d200863cafc0d521ce42e7d3e7ee720ec0a83991735586a16f82\windows-amd64;C:\Users\jasse\.gradle\native\e376f236ea51e6404a007f0833ffe2c6e607c4080706a723a18a27aeea778392\windows-amd64

VM Arguments:
jvm_args: --add-opens=java.base/java.util=ALL-UNNAMED --add-opens=java.base/java.lang=ALL-UNNAMED --add-opens=java.base/java.lang.invoke=ALL-UNNAMED --add-opens=java.prefs/java.util.prefs=ALL-UNNAMED --add-opens=java.base/java.nio.charset=ALL-UNNAMED --add-opens=java.base/java.net=ALL-UNNAMED --add-opens=java.base/java.util.concurrent.atomic=ALL-UNNAMED -Xmx2048m -Dfile.encoding=UTF-8 -Duser.country=FR -Duser.language=fr -Duser.variant 
java_command: org.gradle.launcher.daemon.bootstrap.GradleDaemon 8.0
java_class_path (initial): C:\Users\jasse\.gradle\wrapper\dists\gradle-8.0-bin\ca5e32bp14vu59qr306oxotwh\gradle-8.0\lib\gradle-launcher-8.0.jar
Launcher Type: SUN_STANDARD

[Global flags]
     intx CICompilerCount                          = 4                                         {product} {ergonomic}
     uint ConcGCThreads                            = 2                                         {product} {ergonomic}
     uint G1ConcRefinementThreads                  = 8                                         {product} {ergonomic}
   size_t G1HeapRegionSize                         = 1048576                                   {product} {ergonomic}
    uintx GCDrainStackTargetSize                   = 64                                        {product} {ergonomic}
   size_t InitialHeapSize                          = 132120576                                 {product} {ergonomic}
   size_t MarkStackSize                            = 4194304                                   {product} {ergonomic}
   size_t MaxHeapSize                              = 2147483648                                {product} {command line}
   size_t MaxNewSize                               = 1287651328                                {product} {ergonomic}
   size_t MinHeapDeltaBytes                        = 1048576                                   {product} {ergonomic}
   size_t MinHeapSize                              = 8388608                                   {product} {ergonomic}
    uintx NonNMethodCodeHeapSize                   = 5839372                                {pd product} {ergonomic}
    uintx NonProfiledCodeHeapSize                  = 122909434                              {pd product} {ergonomic}
    uintx ProfiledCodeHeapSize                     = 122909434                              {pd product} {ergonomic}
    uintx ReservedCodeCacheSize                    = 251658240                              {pd product} {ergonomic}
     bool SegmentedCodeCache                       = true                                      {product} {ergonomic}
   size_t SoftMaxHeapSize                          = 2147483648                             {manageable} {ergonomic}
     bool UseCompressedClassPointers               = true                           {product lp64_product} {ergonomic}
     bool UseCompressedOops                        = true                           {product lp64_product} {ergonomic}
     bool UseG1GC                                  = true                                      {product} {ergonomic}
     bool UseLargePagesIndividualAllocation        = false                                  {pd product} {ergonomic}

Logging:
Log output configuration:
 #0: stdout all=warning uptime,level,tags
 #1: stderr all=off uptime,level,tags

Environment Variables:
JAVA_HOME=C:\Program Files\Java\jdk-13.0.2
PATH=C:\Users\jasse\Downloads\php-8.1.17-nts-Win32-vs16-x64;C:\Program Files\Java;C:\Program Files\Java\jdk1.8.0_301;C:\oraclexe\app\oracle\product\11.2.0\server\bin;C:\oraclexe\app\oracle\product\11.2.0\server\bin;C:\oraclexe\app\oracle\product\11.2.0\server\bin;C:\windows\system32;C:\windows;C:\windows\System32\Wbem;C:\windows\System32\WindowsPowerShell\v1.0\;C:\windows\System32\OpenSSH\;C:\Program Files (x86)\NVIDIA Corporation\PhysX\Common;C:\Program Files\NVIDIA Corporation\NVIDIA NvDLISR;C:\instantclient12-2;C:\oraclexe\app\oracle\admin\XE;C:\oraclexe;C:\Program Files\TortoiseGit\bin;C:\xampp\php\Symfony;C:\Program Files\nodejs\;C:\Users\jasse\AppData\Local\Microsoft\WindowsApps;C:\Program Files\CodeBlocks\MinGW\bin;C:\Program Files\CodeBlocks\MinGW\bin;C:\Program Files (x86)\D-Bus\bin;C:\Users\jasse\AppData\Local\Programs\Microsoft VS Code\bin;C:\Users\jasse\Desktop\php;C:\Users\jasse\AppData\Local\GitHubDesktop\bin;C:\Users\jasse\AppData\Local\ComposerSetup\bin;C:\Users\jasse\AppData\Roaming\Composer\vendor\bin;C:\Users\jasse\AppData\Roaming\npm
USERNAME=jasse
OS=Windows_NT
PROCESSOR_IDENTIFIER=Intel64 Family 6 Model 165 Stepping 2, GenuineIntel
TMP=C:\Users\jasse\AppData\Local\Temp
TEMP=C:\Users\jasse\AppData\Local\Temp


JNI global refs:
JNI global refs: 24, weak refs: 0

JNI global refs memory usage: 843, weak refs: 841


---------------  S Y S T E M  ---------------

OS:
 Windows 10 , 64 bit Build 19041 (10.0.19041.3570)
OS uptime: 0 days 1:03 hours

CPU: total 8 (initial active 8) (4 cores per cpu, 2 threads per core) family 6 model 165 stepping 2 microcode 0xf0, cx8, cmov, fxsr, ht, mmx, 3dnowpref, sse, sse2, sse3, ssse3, sse4.1, sse4.2, popcnt, lzcnt, tsc, tscinvbit, avx, avx2, aes, erms, clmul, bmi1, bmi2, adx, fma, vzeroupper, clflush, clflushopt

Memory: 4k page, system-wide physical 7993M (453M free)
TotalPageFile size 10993M (AvailPageFile size 6M)
current process WorkingSet (physical memory assigned to process): 522M, peak: 522M
current process commit charge ("private bytes"): 562M, peak: 562M

vm_info: OpenJDK 64-Bit Server VM (17.0.6+0-b2043.56-10027231) for windows-amd64 JRE (17.0.6+0-b2043.56-10027231), built on Apr 28 2023 00:43:19 by "androidbuild" with MS VC++ 16.10 / 16.11 (VS2019)

END.
