#
# There is insufficient memory for the Java Runtime Environment to continue.
# Native memory allocation (malloc) failed to allocate 1506896 bytes for Chunk::new
# Possible reasons:
#   The system is out of physical RAM or swap space
#   The process is running with CompressedOops enabled, and the Java Heap may be blocking the growth of the native heap
# Possible solutions:
#   Reduce memory load on the system
#   Increase physical memory or swap space
#   Check if swap backing store is full
#   Decrease Java heap size (-Xmx/-Xms)
#   Decrease number of Java threads
#   Decrease Java thread stack sizes (-Xss)
#   Set larger code cache with -XX:ReservedCodeCacheSize=
#   JVM is running with Unscaled Compressed Oops mode in which the Java heap is
#     placed in the first 4GB address space. The Java Heap base address is the
#     maximum limit for the native heap growth. Please use -XX:HeapBaseMinAddress
#     to set the Java Heap base and to place the Java Heap above 4GB virtual address.
# This output file may be truncated or incomplete.
#
#  Out of Memory Error (arena.cpp:189), pid=21096, tid=5608
#
# JRE version: OpenJDK Runtime Environment (17.0.6) (build 17.0.6+0-b2043.56-10027231)
# Java VM: OpenJDK 64-Bit Server VM (17.0.6+0-b2043.56-10027231, mixed mode, tiered, compressed oops, compressed class ptrs, g1 gc, windows-amd64)
# No core dump will be written. Minidumps are not enabled by default on client versions of Windows
#

---------------  S U M M A R Y ------------

Command Line: --add-opens=java.base/java.util=ALL-UNNAMED --add-opens=java.base/java.lang=ALL-UNNAMED --add-opens=java.base/java.lang.invoke=ALL-UNNAMED --add-opens=java.prefs/java.util.prefs=ALL-UNNAMED --add-opens=java.base/java.nio.charset=ALL-UNNAMED --add-opens=java.base/java.net=ALL-UNNAMED --add-opens=java.base/java.util.concurrent.atomic=ALL-UNNAMED -Xmx2048m -Dfile.encoding=UTF-8 -Duser.country=FR -Duser.language=fr -Duser.variant org.gradle.launcher.daemon.bootstrap.GradleDaemon 8.0

Host: Intel(R) Core(TM) i5-10300H CPU @ 2.50GHz, 8 cores, 7G,  Windows 10 , 64 bit Build 19041 (10.0.19041.3570)
Time: Wed Nov 15 14:52:39 2023 Afr. centrale Ouest elapsed time: 2.940943 seconds (0d 0h 0m 2s)

---------------  T H R E A D  ---------------

Current thread (0x000001e556426500):  JavaThread "C2 CompilerThread0" daemon [_thread_in_native, id=5608, stack(0x000000028c200000,0x000000028c300000)]


Current CompileTask:
C2:   2941 2672   !   4       java.lang.ClassLoader::loadClass (121 bytes)

Stack: [0x000000028c200000,0x000000028c300000]
Native frames: (J=compiled Java code, j=interpreted, Vv=VM code, C=native code)
V  [jvm.dll+0x683c9a]
V  [jvm.dll+0x8427a4]
V  [jvm.dll+0x843f9e]
V  [jvm.dll+0x844603]
V  [jvm.dll+0x249b75]
V  [jvm.dll+0xabcac]
V  [jvm.dll+0xac27c]
V  [jvm.dll+0x368802]
V  [jvm.dll+0x1bced2]
V  [jvm.dll+0x21c359]
V  [jvm.dll+0x21b621]
V  [jvm.dll+0x1a4fdd]
V  [jvm.dll+0x22b098]
V  [jvm.dll+0x229159]
V  [jvm.dll+0x7f81ec]
V  [jvm.dll+0x7f274a]
V  [jvm.dll+0x682ad5]
C  [ucrtbase.dll+0x21bb2]
C  [KERNEL32.DLL+0x17344]
C  [ntdll.dll+0x526b1]


---------------  P R O C E S S  ---------------

Threads class SMR info:
_java_thread_list=0x000001e55a3e3e60, length=37, elements={
0x000001e53baea330, 0x000001e555975260, 0x000001e555975fe0, 0x000001e55641e010,
0x000001e556421500, 0x000001e556421dc0, 0x000001e556422c90, 0x000001e556426500,
0x000001e55642fc00, 0x000001e556442cd0, 0x000001e5565a6740, 0x000001e5565a7430,
0x000001e5567bdf70, 0x000001e5567bd460, 0x000001e558e8d8b0, 0x000001e558e8cf10,
0x000001e558e8c570, 0x000001e558e8b230, 0x000001e558e8bbd0, 0x000001e558e8c0a0,
0x000001e558e8ad60, 0x000001e558e8b700, 0x000001e558e8ca40, 0x000001e558e8dd80,
0x000001e558e8e250, 0x000001e558e8d3e0, 0x000001e558e8e720, 0x000001e55c7431a0,
0x000001e55c740650, 0x000001e55c742cd0, 0x000001e55c7414c0, 0x000001e55c73fcb0,
0x000001e55c73f7e0, 0x000001e55c740b20, 0x000001e55c740180, 0x000001e55c740ff0,
0x000001e55c741990
}

Java Threads: ( => current thread )
  0x000001e53baea330 JavaThread "main" [_thread_blocked, id=16468, stack(0x000000028b500000,0x000000028b600000)]
  0x000001e555975260 JavaThread "Reference Handler" daemon [_thread_blocked, id=11912, stack(0x000000028bc00000,0x000000028bd00000)]
  0x000001e555975fe0 JavaThread "Finalizer" daemon [_thread_blocked, id=18372, stack(0x000000028bd00000,0x000000028be00000)]
  0x000001e55641e010 JavaThread "Signal Dispatcher" daemon [_thread_blocked, id=5844, stack(0x000000028be00000,0x000000028bf00000)]
  0x000001e556421500 JavaThread "Attach Listener" daemon [_thread_blocked, id=11796, stack(0x000000028bf00000,0x000000028c000000)]
  0x000001e556421dc0 JavaThread "Service Thread" daemon [_thread_blocked, id=4640, stack(0x000000028c000000,0x000000028c100000)]
  0x000001e556422c90 JavaThread "Monitor Deflation Thread" daemon [_thread_blocked, id=2316, stack(0x000000028c100000,0x000000028c200000)]
=>0x000001e556426500 JavaThread "C2 CompilerThread0" daemon [_thread_in_native, id=5608, stack(0x000000028c200000,0x000000028c300000)]
  0x000001e55642fc00 JavaThread "C1 CompilerThread0" daemon [_thread_blocked, id=13012, stack(0x000000028c300000,0x000000028c400000)]
  0x000001e556442cd0 JavaThread "Sweeper thread" daemon [_thread_blocked, id=16512, stack(0x000000028c400000,0x000000028c500000)]
  0x000001e5565a6740 JavaThread "Common-Cleaner" daemon [_thread_blocked, id=22516, stack(0x000000028c500000,0x000000028c600000)]
  0x000001e5565a7430 JavaThread "Notification Thread" daemon [_thread_blocked, id=19740, stack(0x000000028c600000,0x000000028c700000)]
  0x000001e5567bdf70 JavaThread "C2 CompilerThread1" daemon [_thread_blocked, id=19872, stack(0x000000028c800000,0x000000028c900000)]
  0x000001e5567bd460 JavaThread "C2 CompilerThread2" daemon [_thread_blocked, id=3708, stack(0x000000028c900000,0x000000028ca00000)]
  0x000001e558e8d8b0 JavaThread "Daemon health stats" [_thread_blocked, id=22280, stack(0x000000028ce00000,0x000000028cf00000)]
  0x000001e558e8cf10 JavaThread "Incoming local TCP Connector on port 57137" [_thread_in_native, id=14144, stack(0x000000028cf00000,0x000000028d000000)]
  0x000001e558e8c570 JavaThread "Daemon periodic checks" [_thread_blocked, id=22384, stack(0x000000028d000000,0x000000028d100000)]
  0x000001e558e8b230 JavaThread "Daemon" [_thread_blocked, id=16140, stack(0x000000028d100000,0x000000028d200000)]
  0x000001e558e8bbd0 JavaThread "Handler for socket connection from /127.0.0.1:57137 to /127.0.0.1:57138" [_thread_in_native, id=12784, stack(0x000000028d200000,0x000000028d300000)]
  0x000001e558e8c0a0 JavaThread "Cancel handler" [_thread_blocked, id=4748, stack(0x000000028d300000,0x000000028d400000)]
  0x000001e558e8ad60 JavaThread "Daemon worker" [_thread_in_vm, id=4468, stack(0x000000028d400000,0x000000028d500000)]
  0x000001e558e8b700 JavaThread "Asynchronous log dispatcher for DefaultDaemonConnection: socket connection from /127.0.0.1:57137 to /127.0.0.1:57138" [_thread_blocked, id=10480, stack(0x000000028d500000,0x000000028d600000)]
  0x000001e558e8ca40 JavaThread "Stdin handler" [_thread_blocked, id=21216, stack(0x000000028d600000,0x000000028d700000)]
  0x000001e558e8dd80 JavaThread "Daemon client event forwarder" [_thread_blocked, id=21564, stack(0x000000028d700000,0x000000028d800000)]
  0x000001e558e8e250 JavaThread "Cache worker for journal cache (C:\Users\jasse\.gradle\caches\journal-1)" [_thread_blocked, id=8848, stack(0x000000028dc00000,0x000000028dd00000)]
  0x000001e558e8d3e0 JavaThread "File lock request listener" [_thread_in_native, id=12120, stack(0x000000028dd00000,0x000000028de00000)]
  0x000001e558e8e720 JavaThread "Cache worker for file hash cache (C:\Users\jasse\.gradle\caches\8.0\fileHashes)" [_thread_blocked, id=18500, stack(0x000000028de00000,0x000000028df00000)]
  0x000001e55c7431a0 JavaThread "File watcher server" daemon [_thread_in_native, id=18220, stack(0x000000028df00000,0x000000028e000000)]
  0x000001e55c740650 JavaThread "File watcher consumer" daemon [_thread_blocked, id=19512, stack(0x000000028e000000,0x000000028e100000)]
  0x000001e55c742cd0 JavaThread "jar transforms" [_thread_blocked, id=1688, stack(0x000000028e100000,0x000000028e200000)]
  0x000001e55c7414c0 JavaThread "jar transforms Thread 2" [_thread_blocked, id=13488, stack(0x000000028e200000,0x000000028e300000)]
  0x000001e55c73fcb0 JavaThread "jar transforms Thread 3" [_thread_blocked, id=4012, stack(0x000000028e300000,0x000000028e400000)]
  0x000001e55c73f7e0 JavaThread "jar transforms Thread 4" [_thread_blocked, id=20700, stack(0x000000028e400000,0x000000028e500000)]
  0x000001e55c740b20 JavaThread "jar transforms Thread 5" [_thread_blocked, id=7620, stack(0x000000028e500000,0x000000028e600000)]
  0x000001e55c740180 JavaThread "jar transforms Thread 6" [_thread_blocked, id=3300, stack(0x000000028e600000,0x000000028e700000)]
  0x000001e55c740ff0 JavaThread "jar transforms Thread 7" [_thread_blocked, id=2788, stack(0x000000028e700000,0x000000028e800000)]
  0x000001e55c741990 JavaThread "jar transforms Thread 8" [_thread_blocked, id=16044, stack(0x000000028e800000,0x000000028e900000)]

Other Threads:
  0x000001e555952a30 VMThread "VM Thread" [stack: 0x000000028bb00000,0x000000028bc00000] [id=13588]
  0x000001e53bb69540 WatcherThread [stack: 0x000000028c700000,0x000000028c800000] [id=13384]
  0x000001e53bb494e0 GCTaskThread "GC Thread#0" [stack: 0x000000028b600000,0x000000028b700000] [id=16204]
  0x000001e5570d4400 GCTaskThread "GC Thread#1" [stack: 0x000000028ca00000,0x000000028cb00000] [id=13124]
  0x000001e5570d46b0 GCTaskThread "GC Thread#2" [stack: 0x000000028cb00000,0x000000028cc00000] [id=3464]
  0x000001e556d40a00 GCTaskThread "GC Thread#3" [stack: 0x000000028cc00000,0x000000028cd00000] [id=13448]
  0x000001e557a13f90 GCTaskThread "GC Thread#4" [stack: 0x000000028cd00000,0x000000028ce00000] [id=10520]
  0x000001e557dcad20 GCTaskThread "GC Thread#5" [stack: 0x000000028d800000,0x000000028d900000] [id=9152]
  0x000001e558d6a140 GCTaskThread "GC Thread#6" [stack: 0x000000028d900000,0x000000028da00000] [id=13204]
  0x000001e5599ae410 GCTaskThread "GC Thread#7" [stack: 0x000000028da00000,0x000000028db00000] [id=3220]
  0x000001e53bb5a330 ConcurrentGCThread "G1 Main Marker" [stack: 0x000000028b700000,0x000000028b800000] [id=2876]
  0x000001e53bb5ac50 ConcurrentGCThread "G1 Conc#0" [stack: 0x000000028b800000,0x000000028b900000] [id=21832]
  0x000001e557b03850 ConcurrentGCThread "G1 Conc#1" [stack: 0x000000028db00000,0x000000028dc00000] [id=17372]
  0x000001e53bbbe6d0 ConcurrentGCThread "G1 Refine#0" [stack: 0x000000028b900000,0x000000028ba00000] [id=21144]
  0x000001e5557a7240 ConcurrentGCThread "G1 Service" [stack: 0x000000028ba00000,0x000000028bb00000] [id=20508]

Threads with active compile tasks:
C2 CompilerThread0     2966 2672   !   4       java.lang.ClassLoader::loadClass (121 bytes)

VM state: not at safepoint (normal execution)

VM Mutex/Monitor currently owned by a thread: None

Heap address: 0x0000000080000000, size: 2048 MB, Compressed Oops mode: 32-bit

CDS archive(s) not mapped
Compressed class space mapped at: 0x0000000100000000-0x0000000140000000, reserved size: 1073741824
Narrow klass base: 0x0000000000000000, Narrow klass shift: 3, Narrow klass range: 0x140000000

GC Precious Log:
 CPUs: 8 total, 8 available
 Memory: 7993M
 Large Page Support: Disabled
 NUMA Support: Disabled
 Compressed Oops: Enabled (32-bit)
 Heap Region Size: 1M
 Heap Min Capacity: 8M
 Heap Initial Capacity: 126M
 Heap Max Capacity: 2G
 Pre-touch: Disabled
 Parallel Workers: 8
 Concurrent Workers: 2
 Concurrent Refinement Workers: 8
 Periodic GC: Disabled

Heap:
 garbage-first heap   total 82944K, used 55129K [0x0000000080000000, 0x0000000100000000)
  region size 1024K, 11 young (11264K), 1 survivors (1024K)
 Metaspace       used 30700K, committed 31104K, reserved 1081344K
  class space    used 4178K, committed 4352K, reserved 1048576K

Heap Regions: E=young(eden), S=young(survivor), O=old, HS=humongous(starts), HC=humongous(continues), CS=collection set, F=free, OA=open archive, CA=closed archive, TAMS=top-at-mark-start (previous, next)
|   0|0x0000000080000000, 0x0000000080100000, 0x0000000080100000|100%|HS|  |TAMS 0x0000000080100000, 0x0000000080000000| Complete 
|   1|0x0000000080100000, 0x0000000080200000, 0x0000000080200000|100%|HC|  |TAMS 0x0000000080200000, 0x0000000080100000| Complete 
|   2|0x0000000080200000, 0x0000000080300000, 0x0000000080300000|100%|HC|  |TAMS 0x0000000080300000, 0x0000000080200000| Complete 
|   3|0x0000000080300000, 0x0000000080400000, 0x0000000080400000|100%|HC|  |TAMS 0x0000000080400000, 0x0000000080300000| Complete 
|   4|0x0000000080400000, 0x0000000080500000, 0x0000000080500000|100%| O|  |TAMS 0x0000000080500000, 0x0000000080400000| Untracked 
|   5|0x0000000080500000, 0x0000000080600000, 0x0000000080600000|100%| O|  |TAMS 0x0000000080600000, 0x0000000080500000| Untracked 
|   6|0x0000000080600000, 0x0000000080700000, 0x0000000080700000|100%| O|  |TAMS 0x0000000080700000, 0x0000000080600000| Untracked 
|   7|0x0000000080700000, 0x0000000080800000, 0x0000000080800000|100%| O|  |TAMS 0x0000000080800000, 0x0000000080700000| Untracked 
|   8|0x0000000080800000, 0x0000000080900000, 0x0000000080900000|100%| O|  |TAMS 0x0000000080900000, 0x0000000080800000| Untracked 
|   9|0x0000000080900000, 0x0000000080a00000, 0x0000000080a00000|100%| O|  |TAMS 0x0000000080a00000, 0x0000000080900000| Untracked 
|  10|0x0000000080a00000, 0x0000000080b00000, 0x0000000080b00000|100%| O|  |TAMS 0x0000000080b00000, 0x0000000080a00000| Untracked 
|  11|0x0000000080b00000, 0x0000000080bcb200, 0x0000000080c00000| 79%| O|  |TAMS 0x0000000080bcb200, 0x0000000080b00000| Untracked 
|  12|0x0000000080c00000, 0x0000000080d00000, 0x0000000080d00000|100%| O|  |TAMS 0x0000000080d00000, 0x0000000080c00000| Untracked 
|  13|0x0000000080d00000, 0x0000000080e00000, 0x0000000080e00000|100%| O|  |TAMS 0x0000000080e00000, 0x0000000080d00000| Untracked 
|  14|0x0000000080e00000, 0x0000000080f00000, 0x0000000080f00000|100%| O|  |TAMS 0x0000000080f00000, 0x0000000080e00000| Untracked 
|  15|0x0000000080f00000, 0x0000000081000000, 0x0000000081000000|100%| O|  |TAMS 0x0000000081000000, 0x0000000080f00000| Untracked 
|  16|0x0000000081000000, 0x0000000081100000, 0x0000000081100000|100%| O|  |TAMS 0x0000000081100000, 0x0000000081000000| Untracked 
|  17|0x0000000081100000, 0x0000000081200000, 0x0000000081200000|100%| O|  |TAMS 0x0000000081200000, 0x0000000081100000| Untracked 
|  18|0x0000000081200000, 0x0000000081300000, 0x0000000081300000|100%| O|  |TAMS 0x0000000081300000, 0x0000000081200000| Untracked 
|  19|0x0000000081300000, 0x0000000081400000, 0x0000000081400000|100%|HS|  |TAMS 0x0000000081400000, 0x0000000081300000| Complete 
|  20|0x0000000081400000, 0x0000000081500000, 0x0000000081500000|100%|HC|  |TAMS 0x0000000081500000, 0x0000000081400000| Complete 
|  21|0x0000000081500000, 0x0000000081600000, 0x0000000081600000|100%|HS|  |TAMS 0x0000000081600000, 0x0000000081500000| Complete 
|  22|0x0000000081600000, 0x0000000081700000, 0x0000000081700000|100%|HC|  |TAMS 0x0000000081700000, 0x0000000081600000| Complete 
|  23|0x0000000081700000, 0x0000000081800000, 0x0000000081800000|100%|HC|  |TAMS 0x0000000081800000, 0x0000000081700000| Complete 
|  24|0x0000000081800000, 0x0000000081900000, 0x0000000081900000|100%| O|  |TAMS 0x0000000081800000, 0x0000000081800000| Untracked 
|  25|0x0000000081900000, 0x0000000081a00000, 0x0000000081a00000|100%| O|  |TAMS 0x0000000081900000, 0x0000000081900000| Untracked 
|  26|0x0000000081a00000, 0x0000000081b00000, 0x0000000081b00000|100%| O|  |TAMS 0x0000000081a00000, 0x0000000081a00000| Untracked 
|  27|0x0000000081b00000, 0x0000000081c00000, 0x0000000081c00000|100%|HS|  |TAMS 0x0000000081c00000, 0x0000000081b00000| Complete 
|  28|0x0000000081c00000, 0x0000000081d00000, 0x0000000081d00000|100%|HC|  |TAMS 0x0000000081d00000, 0x0000000081c00000| Complete 
|  29|0x0000000081d00000, 0x0000000081e00000, 0x0000000081e00000|100%|HC|  |TAMS 0x0000000081e00000, 0x0000000081d00000| Complete 
|  30|0x0000000081e00000, 0x0000000081f00000, 0x0000000081f00000|100%| O|  |TAMS 0x0000000081f00000, 0x0000000081e00000| Untracked 
|  31|0x0000000081f00000, 0x0000000082000000, 0x0000000082000000|100%| O|  |TAMS 0x0000000081f2ec00, 0x0000000081f00000| Untracked 
|  32|0x0000000082000000, 0x0000000082100000, 0x0000000082100000|100%|HS|  |TAMS 0x0000000082000000, 0x0000000082000000| Complete 
|  33|0x0000000082100000, 0x0000000082200000, 0x0000000082200000|100%|HC|  |TAMS 0x0000000082100000, 0x0000000082100000| Complete 
|  34|0x0000000082200000, 0x0000000082200000, 0x0000000082300000|  0%| F|  |TAMS 0x0000000082200000, 0x0000000082200000| Untracked 
|  35|0x0000000082300000, 0x0000000082300000, 0x0000000082400000|  0%| F|  |TAMS 0x0000000082300000, 0x0000000082300000| Untracked 
|  36|0x0000000082400000, 0x0000000082400000, 0x0000000082500000|  0%| F|  |TAMS 0x0000000082400000, 0x0000000082400000| Untracked 
|  37|0x0000000082500000, 0x0000000082500000, 0x0000000082600000|  0%| F|  |TAMS 0x0000000082500000, 0x0000000082500000| Untracked 
|  38|0x0000000082600000, 0x0000000082600000, 0x0000000082700000|  0%| F|  |TAMS 0x0000000082600000, 0x0000000082600000| Untracked 
|  39|0x0000000082700000, 0x0000000082700000, 0x0000000082800000|  0%| F|  |TAMS 0x0000000082700000, 0x0000000082700000| Untracked 
|  40|0x0000000082800000, 0x0000000082800000, 0x0000000082900000|  0%| F|  |TAMS 0x0000000082800000, 0x0000000082800000| Untracked 
|  41|0x0000000082900000, 0x0000000082900000, 0x0000000082a00000|  0%| F|  |TAMS 0x0000000082900000, 0x0000000082900000| Untracked 
|  42|0x0000000082a00000, 0x0000000082a00000, 0x0000000082b00000|  0%| F|  |TAMS 0x0000000082a00000, 0x0000000082a00000| Untracked 
|  43|0x0000000082b00000, 0x0000000082b00000, 0x0000000082c00000|  0%| F|  |TAMS 0x0000000082b00000, 0x0000000082b00000| Untracked 
|  44|0x0000000082c00000, 0x0000000082c00000, 0x0000000082d00000|  0%| F|  |TAMS 0x0000000082c00000, 0x0000000082c00000| Untracked 
|  45|0x0000000082d00000, 0x0000000082e00000, 0x0000000082e00000|100%|HS|  |TAMS 0x0000000082e00000, 0x0000000082d00000| Complete 
|  46|0x0000000082e00000, 0x0000000082f00000, 0x0000000082f00000|100%|HC|  |TAMS 0x0000000082f00000, 0x0000000082e00000| Complete 
|  47|0x0000000082f00000, 0x0000000083000000, 0x0000000083000000|100%|HC|  |TAMS 0x0000000083000000, 0x0000000082f00000| Complete 
|  48|0x0000000083000000, 0x0000000083100000, 0x0000000083100000|100%|HC|  |TAMS 0x0000000083100000, 0x0000000083000000| Complete 
|  49|0x0000000083100000, 0x0000000083200000, 0x0000000083200000|100%|HC|  |TAMS 0x0000000083200000, 0x0000000083100000| Complete 
|  50|0x0000000083200000, 0x0000000083300000, 0x0000000083300000|100%|HC|  |TAMS 0x0000000083300000, 0x0000000083200000| Complete 
|  51|0x0000000083300000, 0x0000000083400000, 0x0000000083400000|100%|HC|  |TAMS 0x0000000083400000, 0x0000000083300000| Complete 
|  52|0x0000000083400000, 0x0000000083500000, 0x0000000083500000|100%|HC|  |TAMS 0x0000000083500000, 0x0000000083400000| Complete 
|  53|0x0000000083500000, 0x0000000083600000, 0x0000000083600000|100%|HC|  |TAMS 0x0000000083600000, 0x0000000083500000| Complete 
|  54|0x0000000083600000, 0x0000000083700000, 0x0000000083700000|100%|HC|  |TAMS 0x0000000083700000, 0x0000000083600000| Complete 
|  55|0x0000000083700000, 0x0000000083800000, 0x0000000083800000|100%|HC|  |TAMS 0x0000000083800000, 0x0000000083700000| Complete 
|  56|0x0000000083800000, 0x0000000083900000, 0x0000000083900000|100%|HC|  |TAMS 0x0000000083900000, 0x0000000083800000| Complete 
|  57|0x0000000083900000, 0x0000000083900000, 0x0000000083a00000|  0%| F|  |TAMS 0x0000000083900000, 0x0000000083900000| Untracked 
|  58|0x0000000083a00000, 0x0000000083a00000, 0x0000000083b00000|  0%| F|  |TAMS 0x0000000083a00000, 0x0000000083a00000| Untracked 
|  59|0x0000000083b00000, 0x0000000083b00000, 0x0000000083c00000|  0%| F|  |TAMS 0x0000000083b00000, 0x0000000083b00000| Untracked 
|  60|0x0000000083c00000, 0x0000000083c00000, 0x0000000083d00000|  0%| F|  |TAMS 0x0000000083c00000, 0x0000000083c00000| Untracked 
|  61|0x0000000083d00000, 0x0000000083d00000, 0x0000000083e00000|  0%| F|  |TAMS 0x0000000083d00000, 0x0000000083d00000| Untracked 
|  62|0x0000000083e00000, 0x0000000083e00000, 0x0000000083f00000|  0%| F|  |TAMS 0x0000000083e00000, 0x0000000083e00000| Untracked 
|  63|0x0000000083f00000, 0x0000000083f00000, 0x0000000084000000|  0%| F|  |TAMS 0x0000000083f00000, 0x0000000083f00000| Untracked 
|  64|0x0000000084000000, 0x0000000084000000, 0x0000000084100000|  0%| F|  |TAMS 0x0000000084000000, 0x0000000084000000| Untracked 
|  65|0x0000000084100000, 0x0000000084100000, 0x0000000084200000|  0%| F|  |TAMS 0x0000000084100000, 0x0000000084100000| Untracked 
|  66|0x0000000084200000, 0x0000000084200000, 0x0000000084300000|  0%| F|  |TAMS 0x0000000084200000, 0x0000000084200000| Untracked 
|  67|0x0000000084300000, 0x0000000084300000, 0x0000000084400000|  0%| F|  |TAMS 0x0000000084300000, 0x0000000084300000| Untracked 
|  68|0x0000000084400000, 0x0000000084400000, 0x0000000084500000|  0%| F|  |TAMS 0x0000000084400000, 0x0000000084400000| Untracked 
|  69|0x0000000084500000, 0x0000000084584268, 0x0000000084600000| 51%| E|  |TAMS 0x0000000084500000, 0x0000000084500000| Complete 
|  70|0x0000000084600000, 0x0000000084700000, 0x0000000084700000|100%| E|CS|TAMS 0x0000000084600000, 0x0000000084600000| Complete 
|  71|0x0000000084700000, 0x0000000084800000, 0x0000000084800000|100%| E|CS|TAMS 0x0000000084700000, 0x0000000084700000| Complete 
|  78|0x0000000084e00000, 0x0000000084f00000, 0x0000000084f00000|100%| E|CS|TAMS 0x0000000084e00000, 0x0000000084e00000| Complete 
|  79|0x0000000084f00000, 0x0000000085000000, 0x0000000085000000|100%| E|CS|TAMS 0x0000000084f00000, 0x0000000084f00000| Complete 
|  80|0x0000000085000000, 0x0000000085100000, 0x0000000085100000|100%| E|CS|TAMS 0x0000000085000000, 0x0000000085000000| Complete 
|  81|0x0000000085100000, 0x0000000085200000, 0x0000000085200000|100%| E|CS|TAMS 0x0000000085100000, 0x0000000085100000| Complete 
|  82|0x0000000085200000, 0x0000000085300000, 0x0000000085300000|100%| E|CS|TAMS 0x0000000085200000, 0x0000000085200000| Complete 
|  83|0x0000000085300000, 0x0000000085400000, 0x0000000085400000|100%| E|CS|TAMS 0x0000000085300000, 0x0000000085300000| Complete 
|  84|0x0000000085400000, 0x0000000085500000, 0x0000000085500000|100%| E|  |TAMS 0x0000000085400000, 0x0000000085400000| Complete 
|  85|0x0000000085500000, 0x000000008550b5d8, 0x0000000085600000|  4%| S|CS|TAMS 0x0000000085500000, 0x0000000085500000| Complete 
| 125|0x0000000087d00000, 0x0000000087e00000, 0x0000000087e00000|100%| E|CS|TAMS 0x0000000087d00000, 0x0000000087d00000| Complete 

Card table byte_map: [0x000001e54e6f0000,0x000001e54eaf0000] _byte_map_base: 0x000001e54e2f0000

Marking Bits (Prev, Next): (CMBitMap*) 0x000001e53bb49a00, (CMBitMap*) 0x000001e53bb49a40
 Prev Bits: [0x000001e54eef0000, 0x000001e550ef0000)
 Next Bits: [0x000001e550ef0000, 0x000001e552ef0000)

Polling page: 0x000001e53b2c0000

Metaspace:

Usage:
  Non-class:     25.92 MB used.
      Class:      4.08 MB used.
       Both:     30.00 MB used.

Virtual space:
  Non-class space:       32.00 MB reserved,      26.12 MB ( 82%) committed,  4 nodes.
      Class space:        1.00 GB reserved,       4.25 MB ( <1%) committed,  1 nodes.
             Both:        1.03 GB reserved,      30.38 MB (  3%) committed. 

Chunk freelists:
   Non-Class:  1.78 MB
       Class:  3.64 MB
        Both:  5.42 MB

MaxMetaspaceSize: unlimited
CompressedClassSpaceSize: 1.00 GB
Initial GC threshold: 21.00 MB
Current GC threshold: 48.44 MB
CDS: off
MetaspaceReclaimPolicy: balanced
 - commit_granule_bytes: 65536.
 - commit_granule_words: 8192.
 - virtual_space_node_default_size: 1048576.
 - enlarge_chunks_in_place: 1.
 - new_chunks_are_fully_committed: 0.
 - uncommit_free_chunks: 1.
 - use_allocation_guard: 0.
 - handle_deallocations: 1.


Internal statistics:

num_allocs_failed_limit: 3.
num_arena_births: 338.
num_arena_deaths: 0.
num_vsnodes_births: 5.
num_vsnodes_deaths: 0.
num_space_committed: 486.
num_space_uncommitted: 0.
num_chunks_returned_to_freelist: 3.
num_chunks_taken_from_freelist: 1196.
num_chunk_merges: 3.
num_chunk_splits: 753.
num_chunks_enlarged: 501.
num_purges: 0.
num_inconsistent_stats: 0.

CodeHeap 'non-profiled nmethods': size=120000Kb used=1682Kb max_used=1682Kb free=118317Kb
 bounds [0x000001e546a90000, 0x000001e546d00000, 0x000001e54dfc0000]
CodeHeap 'profiled nmethods': size=120000Kb used=5695Kb max_used=5695Kb free=114304Kb
 bounds [0x000001e53efc0000, 0x000001e53f550000, 0x000001e5464f0000]
CodeHeap 'non-nmethods': size=5760Kb used=1229Kb max_used=1309Kb free=4531Kb
 bounds [0x000001e5464f0000, 0x000001e546760000, 0x000001e546a90000]
 total_blobs=3346 nmethods=2809 adapters=449
 compilation: enabled
              stopped_count=0, restarted_count=0
 full_count=0

Compilation events (20 events):
Event: 2.916 Thread 0x000001e55642fc00 2798       3       org.objectweb.asm.ByteVector::putInt (74 bytes)
Event: 2.916 Thread 0x000001e55642fc00 nmethod 2798 0x000001e53f54a190 code [0x000001e53f54a340, 0x000001e53f54a5a8]
Event: 2.917 Thread 0x000001e55642fc00 2799       3       org.objectweb.asm.ClassReader::readUtf (161 bytes)
Event: 2.917 Thread 0x000001e55642fc00 nmethod 2799 0x000001e53f54a710 code [0x000001e53f54a8e0, 0x000001e53f54ad48]
Event: 2.917 Thread 0x000001e55642fc00 2800       3       org.objectweb.asm.ClassReader::readInt (52 bytes)
Event: 2.917 Thread 0x000001e55642fc00 nmethod 2800 0x000001e53f54b010 code [0x000001e53f54b1a0, 0x000001e53f54b378]
Event: 2.917 Thread 0x000001e55642fc00 2801       3       org.objectweb.asm.ClassReader::readClass (7 bytes)
Event: 2.918 Thread 0x000001e55642fc00 nmethod 2801 0x000001e53f54b490 code [0x000001e53f54b660, 0x000001e53f54b9c8]
Event: 2.918 Thread 0x000001e55642fc00 2802       3       org.objectweb.asm.ClassReader::readLabel (20 bytes)
Event: 2.918 Thread 0x000001e55642fc00 nmethod 2802 0x000001e53f54bb90 code [0x000001e53f54bd40, 0x000001e53f54c158]
Event: 2.918 Thread 0x000001e55642fc00 2803       3       org.objectweb.asm.Attribute::computeAttributesSize (62 bytes)
Event: 2.918 Thread 0x000001e55642fc00 nmethod 2803 0x000001e53f54c310 code [0x000001e53f54c4e0, 0x000001e53f54c808]
Event: 2.918 Thread 0x000001e55642fc00 2804       3       org.objectweb.asm.AnnotationWriter::computeAnnotationsSize (66 bytes)
Event: 2.918 Thread 0x000001e55642fc00 nmethod 2804 0x000001e53f54c990 code [0x000001e53f54cb60, 0x000001e53f54ce98]
Event: 2.927 Thread 0x000001e5567bdf70 2805       4       java.util.ArrayDeque::poll (5 bytes)
Event: 2.929 Thread 0x000001e5567bdf70 nmethod 2805 0x000001e546c2d410 code [0x000001e546c2d580, 0x000001e546c2d698]
Event: 2.931 Thread 0x000001e55642fc00 2806       3       java.lang.invoke.MethodHandles$Lookup::resolveOrFail (48 bytes)
Event: 2.931 Thread 0x000001e55642fc00 nmethod 2806 0x000001e53f54d090 code [0x000001e53f54d2c0, 0x000001e53f54d948]
Event: 2.931 Thread 0x000001e55642fc00 2807       3       java.lang.invoke.MethodHandles$Lookup::checkMethodName (45 bytes)
Event: 2.932 Thread 0x000001e55642fc00 nmethod 2807 0x000001e53f54dc10 code [0x000001e53f54de60, 0x000001e53f54e588]

GC Heap History (12 events):
Event: 0.614 GC heap before
{Heap before GC invocations=0 (full 0):
 garbage-first heap   total 129024K, used 26624K [0x0000000080000000, 0x0000000100000000)
  region size 1024K, 23 young (23552K), 0 survivors (0K)
 Metaspace       used 10261K, committed 10432K, reserved 1064960K
  class space    used 1058K, committed 1152K, reserved 1048576K
}
Event: 0.618 GC heap after
{Heap after GC invocations=1 (full 0):
 garbage-first heap   total 129024K, used 10432K [0x0000000080000000, 0x0000000100000000)
  region size 1024K, 3 young (3072K), 3 survivors (3072K)
 Metaspace       used 10261K, committed 10432K, reserved 1064960K
  class space    used 1058K, committed 1152K, reserved 1048576K
}
Event: 0.982 GC heap before
{Heap before GC invocations=1 (full 0):
 garbage-first heap   total 129024K, used 40128K [0x0000000080000000, 0x0000000100000000)
  region size 1024K, 32 young (32768K), 3 survivors (3072K)
 Metaspace       used 11209K, committed 11456K, reserved 1064960K
  class space    used 1161K, committed 1280K, reserved 1048576K
}
Event: 0.986 GC heap after
{Heap after GC invocations=2 (full 0):
 garbage-first heap   total 129024K, used 15148K [0x0000000080000000, 0x0000000100000000)
  region size 1024K, 4 young (4096K), 4 survivors (4096K)
 Metaspace       used 11209K, committed 11456K, reserved 1064960K
  class space    used 1161K, committed 1280K, reserved 1048576K
}
Event: 1.821 GC heap before
{Heap before GC invocations=2 (full 0):
 garbage-first heap   total 129024K, used 50988K [0x0000000080000000, 0x0000000100000000)
  region size 1024K, 40 young (40960K), 4 survivors (4096K)
 Metaspace       used 21255K, committed 21504K, reserved 1073152K
  class space    used 2560K, committed 2688K, reserved 1048576K
}
Event: 1.827 GC heap after
{Heap after GC invocations=3 (full 0):
 garbage-first heap   total 129024K, used 18670K [0x0000000080000000, 0x0000000100000000)
  region size 1024K, 8 young (8192K), 8 survivors (8192K)
 Metaspace       used 21255K, committed 21504K, reserved 1073152K
  class space    used 2560K, committed 2688K, reserved 1048576K
}
Event: 2.335 GC heap before
{Heap before GC invocations=4 (full 0):
 garbage-first heap   total 68608K, used 51438K [0x0000000080000000, 0x0000000100000000)
  region size 1024K, 40 young (40960K), 8 survivors (8192K)
 Metaspace       used 26291K, committed 26624K, reserved 1073152K
  class space    used 3451K, committed 3584K, reserved 1048576K
}
Event: 2.342 GC heap after
{Heap after GC invocations=5 (full 0):
 garbage-first heap   total 68608K, used 20917K [0x0000000080000000, 0x0000000100000000)
  region size 1024K, 3 young (3072K), 3 survivors (3072K)
 Metaspace       used 26291K, committed 26624K, reserved 1073152K
  class space    used 3451K, committed 3584K, reserved 1048576K
}
Event: 2.738 GC heap before
{Heap before GC invocations=5 (full 0):
 garbage-first heap   total 68608K, used 49589K [0x0000000080000000, 0x0000000100000000)
  region size 1024K, 25 young (25600K), 3 survivors (3072K)
 Metaspace       used 29389K, committed 29760K, reserved 1081344K
  class space    used 3986K, committed 4160K, reserved 1048576K
}
Event: 2.743 GC heap after
{Heap after GC invocations=6 (full 0):
 garbage-first heap   total 68608K, used 32743K [0x0000000080000000, 0x0000000100000000)
  region size 1024K, 4 young (4096K), 4 survivors (4096K)
 Metaspace       used 29389K, committed 29760K, reserved 1081344K
  class space    used 3986K, committed 4160K, reserved 1048576K
}
Event: 2.772 GC heap before
{Heap before GC invocations=6 (full 0):
 garbage-first heap   total 68608K, used 45031K [0x0000000080000000, 0x0000000100000000)
  region size 1024K, 5 young (5120K), 4 survivors (4096K)
 Metaspace       used 29391K, committed 29760K, reserved 1081344K
  class space    used 3986K, committed 4160K, reserved 1048576K
}
Event: 2.775 GC heap after
{Heap after GC invocations=7 (full 0):
 garbage-first heap   total 82944K, used 44889K [0x0000000080000000, 0x0000000100000000)
  region size 1024K, 1 young (1024K), 1 survivors (1024K)
 Metaspace       used 29391K, committed 29760K, reserved 1081344K
  class space    used 3986K, committed 4160K, reserved 1048576K
}

Dll operation events (2 events):
Event: 0.007 Loaded shared library C:\Program Files\Android\Android Studio\jbr\bin\java.dll
Event: 0.337 Loaded shared library C:\Program Files\Android\Android Studio\jbr\bin\verify.dll

Deoptimization events (20 events):
Event: 2.654 Thread 0x000001e558e8ad60 Uncommon trap: trap_request=0xffffff45 fr.pc=0x000001e546bd660c relative=0x0000000000005d4c
Event: 2.654 Thread 0x000001e558e8ad60 Uncommon trap: reason=unstable_if action=reinterpret pc=0x000001e546bd660c method=java.net.URLClassLoader.getAndVerifyPackage(Ljava/lang/String;Ljava/util/jar/Manifest;Ljava/net/URL;)Ljava/lang/Package; @ 62 c2
Event: 2.654 Thread 0x000001e558e8ad60 DEOPT PACKING pc=0x000001e546bd660c sp=0x000000028d4fb1b0
Event: 2.654 Thread 0x000001e558e8ad60 DEOPT UNPACKING pc=0x000001e5465469a3 sp=0x000000028d4fb070 mode 2
Event: 2.667 Thread 0x000001e558e8ad60 DEOPT PACKING pc=0x000001e53f07db3d sp=0x000000028d4fab80
Event: 2.667 Thread 0x000001e558e8ad60 DEOPT UNPACKING pc=0x000001e546547143 sp=0x000000028d4fa018 mode 0
Event: 2.673 Thread 0x000001e558e8ad60 Uncommon trap: trap_request=0xffffff45 fr.pc=0x000001e546c05548 relative=0x0000000000005f68
Event: 2.673 Thread 0x000001e558e8ad60 Uncommon trap: reason=unstable_if action=reinterpret pc=0x000001e546c05548 method=java.net.URLClassLoader.getAndVerifyPackage(Ljava/lang/String;Ljava/util/jar/Manifest;Ljava/net/URL;)Ljava/lang/Package; @ 62 c2
Event: 2.673 Thread 0x000001e558e8ad60 DEOPT PACKING pc=0x000001e546c05548 sp=0x000000028d4f9c30
Event: 2.673 Thread 0x000001e558e8ad60 DEOPT UNPACKING pc=0x000001e5465469a3 sp=0x000000028d4f9b58 mode 2
Event: 2.678 Thread 0x000001e558e8ad60 DEOPT PACKING pc=0x000001e53f3fadd4 sp=0x000000028d4f6c70
Event: 2.678 Thread 0x000001e558e8ad60 DEOPT UNPACKING pc=0x000001e546547143 sp=0x000000028d4f61c8 mode 0
Event: 2.826 Thread 0x000001e558e8ad60 DEOPT PACKING pc=0x000001e53f500369 sp=0x000000028d4f8ae0
Event: 2.826 Thread 0x000001e558e8ad60 DEOPT UNPACKING pc=0x000001e546547143 sp=0x000000028d4f8060 mode 0
Event: 2.832 Thread 0x000001e558e8ad60 DEOPT PACKING pc=0x000001e53f06d843 sp=0x000000028d4f8dd0
Event: 2.832 Thread 0x000001e558e8ad60 DEOPT UNPACKING pc=0x000001e546547143 sp=0x000000028d4f82f0 mode 0
Event: 2.936 Thread 0x000001e558e8ad60 Uncommon trap: trap_request=0xffffffc6 fr.pc=0x000001e546b65298 relative=0x0000000000000d78
Event: 2.936 Thread 0x000001e558e8ad60 Uncommon trap: reason=bimorphic_or_optimized_type_check action=maybe_recompile pc=0x000001e546b65298 method=java.util.Properties$LineReader.readLine()I @ 479 c2
Event: 2.936 Thread 0x000001e558e8ad60 DEOPT PACKING pc=0x000001e546b65298 sp=0x000000028d4fa690
Event: 2.936 Thread 0x000001e558e8ad60 DEOPT UNPACKING pc=0x000001e5465469a3 sp=0x000000028d4fa630 mode 2

Classes unloaded (0 events):
No events

Classes redefined (0 events):
No events

Internal exceptions (20 events):
Event: 2.850 Thread 0x000001e558e8ad60 Exception <a 'java/lang/NoSuchMethodError'{0x00000000853f2d98}: static Lorg/jetbrains/plugins/gradle/model/ExternalProject;.<clinit>()V> (0x00000000853f2d98) 
thrown [s\src\hotspot\share\prims\jni.cpp, line 1108]
Event: 2.853 Thread 0x000001e558e8ad60 Exception <a 'java/lang/NoSuchMethodError'{0x000000008520c800}: static Lorg/jetbrains/plugins/gradle/model/BuildScriptClasspathModel;.<clinit>()V> (0x000000008520c800) 
thrown [s\src\hotspot\share\prims\jni.cpp, line 1108]
Event: 2.854 Thread 0x000001e558e8ad60 Exception <a 'java/lang/NoSuchMethodError'{0x0000000085217678}: static Lorg/jetbrains/plugins/gradle/model/GradleExtensions;.<clinit>()V> (0x0000000085217678) 
thrown [s\src\hotspot\share\prims\jni.cpp, line 1108]
Event: 2.855 Thread 0x000001e558e8ad60 Exception <a 'java/lang/NoSuchMethodError'{0x00000000852223a8}: static Lorg/jetbrains/plugins/gradle/model/tests/ExternalTestsModel;.<clinit>()V> (0x00000000852223a8) 
thrown [s\src\hotspot\share\prims\jni.cpp, line 1108]
Event: 2.855 Thread 0x000001e558e8ad60 Exception <a 'java/lang/NoSuchMethodError'{0x000000008522eb78}: static Lorg/jetbrains/plugins/gradle/model/IntelliJProjectSettings;.<clinit>()V> (0x000000008522eb78) 
thrown [s\src\hotspot\share\prims\jni.cpp, line 1108]
Event: 2.856 Thread 0x000001e558e8ad60 Exception <a 'java/lang/NoSuchMethodError'{0x00000000852367d8}: static Lorg/jetbrains/plugins/gradle/model/IntelliJSettings;.<clinit>()V> (0x00000000852367d8) 
thrown [s\src\hotspot\share\prims\jni.cpp, line 1108]
Event: 2.857 Thread 0x000001e558e8ad60 Exception <a 'java/lang/NoSuchMethodError'{0x0000000085240a98}: static Lorg/jetbrains/plugins/gradle/model/DependencyAccessorsModel;.<clinit>()V> (0x0000000085240a98) 
thrown [s\src\hotspot\share\prims\jni.cpp, line 1108]
Event: 2.858 Thread 0x000001e558e8ad60 Exception <a 'java/lang/NoSuchMethodError'{0x0000000085259370}: static Lorg/jetbrains/kotlin/idea/gradleTooling/PrepareKotlinIdeImportTaskModel;.<clinit>()V> (0x0000000085259370) 
thrown [s\src\hotspot\share\prims\jni.cpp, line 1108]
Event: 2.859 Thread 0x000001e558e8ad60 Exception <a 'java/lang/NoSuchMethodError'{0x00000000852652e0}: static Lorg/jetbrains/plugins/gradle/model/ExternalProjectDependency;.<clinit>()V> (0x00000000852652e0) 
thrown [s\src\hotspot\share\prims\jni.cpp, line 1108]
Event: 2.860 Thread 0x000001e558e8ad60 Exception <a 'java/lang/NoSuchMethodError'{0x000000008526eea0}: static Lorg/jetbrains/plugins/gradle/model/ExternalLibraryDependency;.<clinit>()V> (0x000000008526eea0) 
thrown [s\src\hotspot\share\prims\jni.cpp, line 1108]
Event: 2.860 Thread 0x000001e558e8ad60 Exception <a 'java/lang/NoSuchMethodError'{0x00000000852783c0}: static Lorg/jetbrains/plugins/gradle/model/FileCollectionDependency;.<clinit>()V> (0x00000000852783c0) 
thrown [s\src\hotspot\share\prims\jni.cpp, line 1108]
Event: 2.861 Thread 0x000001e558e8ad60 Exception <a 'java/lang/NoSuchMethodError'{0x0000000085281678}: static Lorg/jetbrains/plugins/gradle/model/UnresolvedExternalDependency;.<clinit>()V> (0x0000000085281678) 
thrown [s\src\hotspot\share\prims\jni.cpp, line 1108]
Event: 2.867 Thread 0x000001e558e8ad60 Exception <a 'java/lang/NoSuchMethodError'{0x0000000085114d50}: static Lorg/gradle/tooling/internal/consumer/versioning/VersionDetails;.<clinit>()V> (0x0000000085114d50) 
thrown [s\src\hotspot\share\prims\jni.cpp, line 1108]
Event: 2.868 Thread 0x000001e558e8ad60 Exception <a 'java/lang/NoSuchMethodError'{0x00000000851176f8}: static Lorg/gradle/tooling/internal/consumer/versioning/VersionDetails$R26VersionDetails;.<clinit>()V> (0x00000000851176f8) 
thrown [s\src\hotspot\share\prims\jni.cpp, line 1108]
Event: 2.868 Thread 0x000001e558e8ad60 Exception <a 'java/lang/NoSuchMethodError'{0x0000000085118c70}: static Lorg/gradle/tooling/internal/consumer/versioning/VersionDetails$R28VersionDetails;.<clinit>()V> (0x0000000085118c70) 
thrown [s\src\hotspot\share\prims\jni.cpp, line 1108]
Event: 2.868 Thread 0x000001e558e8ad60 Exception <a 'java/lang/NoSuchMethodError'{0x000000008511a178}: static Lorg/gradle/tooling/internal/consumer/versioning/VersionDetails$R35VersionDetails;.<clinit>()V> (0x000000008511a178) 
thrown [s\src\hotspot\share\prims\jni.cpp, line 1108]
Event: 2.868 Thread 0x000001e558e8ad60 Exception <a 'java/lang/NoSuchMethodError'{0x000000008511b848}: static Lorg/gradle/tooling/internal/consumer/versioning/VersionDetails$R44VersionDetails;.<clinit>()V> (0x000000008511b848) 
thrown [s\src\hotspot\share\prims\jni.cpp, line 1108]
Event: 2.868 Thread 0x000001e558e8ad60 Exception <a 'java/lang/NoSuchMethodError'{0x000000008511ce50}: static Lorg/gradle/tooling/internal/consumer/versioning/VersionDetails$R48VersionDetails;.<clinit>()V> (0x000000008511ce50) 
thrown [s\src\hotspot\share\prims\jni.cpp, line 1108]
Event: 2.868 Thread 0x000001e558e8ad60 Exception <a 'java/lang/NoSuchMethodError'{0x000000008511e050}: static Lorg/gradle/tooling/internal/consumer/versioning/VersionDetails$R51VersionDetails;.<clinit>()V> (0x000000008511e050) 
thrown [s\src\hotspot\share\prims\jni.cpp, line 1108]
Event: 2.895 Thread 0x000001e558e8ad60 Exception <a 'java/lang/NoSuchMethodError'{0x000000008500ba08}: 'java.lang.Object java.lang.invoke.DirectMethodHandle$Holder.newInvokeSpecial(java.lang.Object, java.lang.Object, int)'> (0x000000008500ba08) 
thrown [s\src\hotspot\share\interpreter\linkResolver.cpp, line 771]

VM Operations (20 events):
Event: 1.989 Executing VM operation: HandshakeAllThreads
Event: 1.989 Executing VM operation: HandshakeAllThreads done
Event: 1.990 Executing VM operation: HandshakeAllThreads
Event: 1.990 Executing VM operation: HandshakeAllThreads done
Event: 2.335 Executing VM operation: G1CollectForAllocation
Event: 2.342 Executing VM operation: G1CollectForAllocation done
Event: 2.575 Executing VM operation: HandshakeAllThreads
Event: 2.575 Executing VM operation: HandshakeAllThreads done
Event: 2.673 Executing VM operation: HandshakeAllThreads
Event: 2.673 Executing VM operation: HandshakeAllThreads done
Event: 2.738 Executing VM operation: G1TryInitiateConcMark
Event: 2.743 Executing VM operation: G1TryInitiateConcMark done
Event: 2.772 Executing VM operation: G1TryInitiateConcMark
Event: 2.775 Executing VM operation: G1TryInitiateConcMark done
Event: 2.788 Executing VM operation: G1Concurrent
Event: 2.790 Executing VM operation: G1Concurrent done
Event: 2.795 Executing VM operation: G1Concurrent
Event: 2.795 Executing VM operation: G1Concurrent done
Event: 2.893 Executing VM operation: HandshakeAllThreads
Event: 2.893 Executing VM operation: HandshakeAllThreads done

Events (20 events):
Event: 2.691 loading class java/io/ObjectStreamClass$ExceptionInfo
Event: 2.691 loading class java/io/ObjectStreamClass$ExceptionInfo done
Event: 2.879 loading class java/util/concurrent/locks/ReentrantReadWriteLock
Event: 2.879 loading class java/util/concurrent/locks/ReadWriteLock
Event: 2.879 loading class java/util/concurrent/locks/ReadWriteLock done
Event: 2.879 loading class java/util/concurrent/locks/ReentrantReadWriteLock done
Event: 2.879 loading class java/util/concurrent/locks/ReentrantReadWriteLock$NonfairSync
Event: 2.879 loading class java/util/concurrent/locks/ReentrantReadWriteLock$Sync
Event: 2.879 loading class java/util/concurrent/locks/ReentrantReadWriteLock$Sync done
Event: 2.879 loading class java/util/concurrent/locks/ReentrantReadWriteLock$NonfairSync done
Event: 2.879 loading class java/util/concurrent/locks/ReentrantReadWriteLock$Sync$ThreadLocalHoldCounter
Event: 2.879 loading class java/util/concurrent/locks/ReentrantReadWriteLock$Sync$ThreadLocalHoldCounter done
Event: 2.879 loading class java/util/concurrent/locks/ReentrantReadWriteLock$ReadLock
Event: 2.879 loading class java/util/concurrent/locks/ReentrantReadWriteLock$ReadLock done
Event: 2.879 loading class java/util/concurrent/locks/ReentrantReadWriteLock$WriteLock
Event: 2.879 loading class java/util/concurrent/locks/ReentrantReadWriteLock$WriteLock done
Event: 2.892 loading class java/util/concurrent/Executors$FinalizableDelegatedExecutorService
Event: 2.892 loading class java/util/concurrent/Executors$DelegatedExecutorService
Event: 2.892 loading class java/util/concurrent/Executors$DelegatedExecutorService done
Event: 2.892 loading class java/util/concurrent/Executors$FinalizableDelegatedExecutorService done


Dynamic libraries:
0x00007ff7ea700000 - 0x00007ff7ea70a000 	C:\Program Files\Android\Android Studio\jbr\bin\java.exe
0x00007ffc5e070000 - 0x00007ffc5e267000 	C:\windows\SYSTEM32\ntdll.dll
0x00007ffc5df60000 - 0x00007ffc5e01d000 	C:\windows\System32\KERNEL32.DLL
0x00007ffc5bb50000 - 0x00007ffc5be46000 	C:\windows\System32\KERNELBASE.dll
0x00007ffc5bfd0000 - 0x00007ffc5c0d0000 	C:\windows\System32\ucrtbase.dll
0x00007ffc45070000 - 0x00007ffc45087000 	C:\Program Files\Android\Android Studio\jbr\bin\jli.dll
0x00007ffc55860000 - 0x00007ffc5587b000 	C:\Program Files\Android\Android Studio\jbr\bin\VCRUNTIME140.dll
0x00007ffc5d890000 - 0x00007ffc5da2e000 	C:\windows\System32\USER32.dll
0x00007ffc5bec0000 - 0x00007ffc5bee2000 	C:\windows\System32\win32u.dll
0x00007ffc5d290000 - 0x00007ffc5d2bc000 	C:\windows\System32\GDI32.dll
0x00007ffc5ba30000 - 0x00007ffc5bb4a000 	C:\windows\System32\gdi32full.dll
0x00007ffc44890000 - 0x00007ffc44b2a000 	C:\windows\WinSxS\amd64_microsoft.windows.common-controls_6595b64144ccf1df_6.0.19041.3570_none_60bb2a3971f3e41a\COMCTL32.dll
0x00007ffc5b830000 - 0x00007ffc5b8cd000 	C:\windows\System32\msvcp_win.dll
0x00007ffc5d5d0000 - 0x00007ffc5d66e000 	C:\windows\System32\msvcrt.dll
0x00007ffc5da30000 - 0x00007ffc5da60000 	C:\windows\System32\IMM32.DLL
0x00007ffc56140000 - 0x00007ffc5614c000 	C:\Program Files\Android\Android Studio\jbr\bin\vcruntime140_1.dll
0x00007ffc21fb0000 - 0x00007ffc2203d000 	C:\Program Files\Android\Android Studio\jbr\bin\msvcp140.dll
0x00007ffbfc5c0000 - 0x00007ffbfd22e000 	C:\Program Files\Android\Android Studio\jbr\bin\server\jvm.dll
0x00007ffc5d030000 - 0x00007ffc5d0de000 	C:\windows\System32\ADVAPI32.dll
0x00007ffc5c1b0000 - 0x00007ffc5c24c000 	C:\windows\System32\sechost.dll
0x00007ffc5d3e0000 - 0x00007ffc5d506000 	C:\windows\System32\RPCRT4.dll
0x00007ffc41c30000 - 0x00007ffc41c57000 	C:\windows\SYSTEM32\WINMM.dll
0x00007ffc56db0000 - 0x00007ffc56db9000 	C:\windows\SYSTEM32\WSOCK32.dll
0x00007ffc53cd0000 - 0x00007ffc53cda000 	C:\windows\SYSTEM32\VERSION.dll
0x00007ffc5c9c0000 - 0x00007ffc5ca2b000 	C:\windows\System32\WS2_32.dll
0x00007ffc59f80000 - 0x00007ffc59f92000 	C:\windows\SYSTEM32\kernel.appcore.dll
0x00007ffc56da0000 - 0x00007ffc56daa000 	C:\Program Files\Android\Android Studio\jbr\bin\jimage.dll
0x00007ffc59c90000 - 0x00007ffc59e74000 	C:\windows\SYSTEM32\DBGHELP.DLL
0x00007ffc3d3a0000 - 0x00007ffc3d3d4000 	C:\windows\SYSTEM32\dbgcore.DLL
0x00007ffc5b7a0000 - 0x00007ffc5b822000 	C:\windows\System32\bcryptPrimitives.dll
0x00007ffc551f0000 - 0x00007ffc55215000 	C:\Program Files\Android\Android Studio\jbr\bin\java.dll
0x00007ffc56120000 - 0x00007ffc56138000 	C:\Program Files\Android\Android Studio\jbr\bin\zip.dll
0x00007ffc5c250000 - 0x00007ffc5c994000 	C:\windows\System32\SHELL32.dll
0x00007ffc594f0000 - 0x00007ffc59c8b000 	C:\windows\SYSTEM32\windows.storage.dll
0x00007ffc5dba0000 - 0x00007ffc5def4000 	C:\windows\System32\combase.dll
0x00007ffc5b190000 - 0x00007ffc5b1bd000 	C:\windows\SYSTEM32\Wldp.dll
0x00007ffc5d520000 - 0x00007ffc5d5cd000 	C:\windows\System32\SHCORE.dll
0x00007ffc5d830000 - 0x00007ffc5d885000 	C:\windows\System32\shlwapi.dll
0x00007ffc5b680000 - 0x00007ffc5b6a5000 	C:\windows\SYSTEM32\profapi.dll
0x00007ffc558e0000 - 0x00007ffc558f9000 	C:\Program Files\Android\Android Studio\jbr\bin\net.dll
0x00007ffc4e6e0000 - 0x00007ffc4e7ea000 	C:\windows\SYSTEM32\WINHTTP.dll
0x00007ffc5aef0000 - 0x00007ffc5af5a000 	C:\windows\system32\mswsock.dll
0x00007ffc551d0000 - 0x00007ffc551e6000 	C:\Program Files\Android\Android Studio\jbr\bin\nio.dll
0x00007ffc551c0000 - 0x00007ffc551d0000 	C:\Program Files\Android\Android Studio\jbr\bin\verify.dll
0x00007ffc33000000 - 0x00007ffc33027000 	C:\Users\jasse\.gradle\native\68d5fa5c4cc2d200863cafc0d521ce42e7d3e7ee720ec0a83991735586a16f82\windows-amd64\native-platform.dll
0x00007ffc13d60000 - 0x00007ffc13ea4000 	C:\Users\jasse\.gradle\native\e376f236ea51e6404a007f0833ffe2c6e607c4080706a723a18a27aeea778392\windows-amd64\native-platform-file-events.dll
0x00007ffc45060000 - 0x00007ffc45069000 	C:\Program Files\Android\Android Studio\jbr\bin\management.dll
0x00007ffc3f4d0000 - 0x00007ffc3f4db000 	C:\Program Files\Android\Android Studio\jbr\bin\management_ext.dll
0x00007ffc5e020000 - 0x00007ffc5e028000 	C:\windows\System32\PSAPI.DLL
0x00007ffc5b0f0000 - 0x00007ffc5b108000 	C:\windows\SYSTEM32\CRYPTSP.dll
0x00007ffc5a790000 - 0x00007ffc5a7c4000 	C:\windows\system32\rsaenh.dll
0x00007ffc5bfa0000 - 0x00007ffc5bfc7000 	C:\windows\System32\bcrypt.dll
0x00007ffc5b640000 - 0x00007ffc5b66e000 	C:\windows\SYSTEM32\USERENV.dll
0x00007ffc5b0e0000 - 0x00007ffc5b0ec000 	C:\windows\SYSTEM32\CRYPTBASE.dll
0x00007ffc5ab90000 - 0x00007ffc5abcb000 	C:\windows\SYSTEM32\IPHLPAPI.DLL
0x00007ffc5d510000 - 0x00007ffc5d518000 	C:\windows\System32\NSI.dll
0x00007ffc52e10000 - 0x00007ffc52e27000 	C:\windows\SYSTEM32\dhcpcsvc6.DLL
0x00007ffc52d60000 - 0x00007ffc52d7d000 	C:\windows\SYSTEM32\dhcpcsvc.DLL
0x00007ffc5abd0000 - 0x00007ffc5ac9a000 	C:\windows\SYSTEM32\DNSAPI.dll
0x00007ffc3f4c0000 - 0x00007ffc3f4c7000 	C:\windows\system32\wshunix.dll

dbghelp: loaded successfully - version: 4.0.5 - missing functions: none
symbol engine: initialized successfully - sym options: 0x614 - pdb path: .;C:\Program Files\Android\Android Studio\jbr\bin;C:\windows\SYSTEM32;C:\windows\WinSxS\amd64_microsoft.windows.common-controls_6595b64144ccf1df_6.0.19041.3570_none_60bb2a3971f3e41a;C:\Program Files\Android\Android Studio\jbr\bin\server;C:\Users\jasse\.gradle\native\68d5fa5c4cc2d200863cafc0d521ce42e7d3e7ee720ec0a83991735586a16f82\windows-amd64;C:\Users\jasse\.gradle\native\e376f236ea51e6404a007f0833ffe2c6e607c4080706a723a18a27aeea778392\windows-amd64

VM Arguments:
jvm_args: --add-opens=java.base/java.util=ALL-UNNAMED --add-opens=java.base/java.lang=ALL-UNNAMED --add-opens=java.base/java.lang.invoke=ALL-UNNAMED --add-opens=java.prefs/java.util.prefs=ALL-UNNAMED --add-opens=java.base/java.nio.charset=ALL-UNNAMED --add-opens=java.base/java.net=ALL-UNNAMED --add-opens=java.base/java.util.concurrent.atomic=ALL-UNNAMED -Xmx2048m -Dfile.encoding=UTF-8 -Duser.country=FR -Duser.language=fr -Duser.variant 
java_command: org.gradle.launcher.daemon.bootstrap.GradleDaemon 8.0
java_class_path (initial): C:\Users\jasse\.gradle\wrapper\dists\gradle-8.0-bin\ca5e32bp14vu59qr306oxotwh\gradle-8.0\lib\gradle-launcher-8.0.jar
Launcher Type: SUN_STANDARD

[Global flags]
     intx CICompilerCount                          = 4                                         {product} {ergonomic}
     uint ConcGCThreads                            = 2                                         {product} {ergonomic}
     uint G1ConcRefinementThreads                  = 8                                         {product} {ergonomic}
   size_t G1HeapRegionSize                         = 1048576                                   {product} {ergonomic}
    uintx GCDrainStackTargetSize                   = 64                                        {product} {ergonomic}
   size_t InitialHeapSize                          = 132120576                                 {product} {ergonomic}
   size_t MarkStackSize                            = 4194304                                   {product} {ergonomic}
   size_t MaxHeapSize                              = 2147483648                                {product} {command line}
   size_t MaxNewSize                               = 1287651328                                {product} {ergonomic}
   size_t MinHeapDeltaBytes                        = 1048576                                   {product} {ergonomic}
   size_t MinHeapSize                              = 8388608                                   {product} {ergonomic}
    uintx NonNMethodCodeHeapSize                   = 5839372                                {pd product} {ergonomic}
    uintx NonProfiledCodeHeapSize                  = 122909434                              {pd product} {ergonomic}
    uintx ProfiledCodeHeapSize                     = 122909434                              {pd product} {ergonomic}
    uintx ReservedCodeCacheSize                    = 251658240                              {pd product} {ergonomic}
     bool SegmentedCodeCache                       = true                                      {product} {ergonomic}
   size_t SoftMaxHeapSize                          = 2147483648                             {manageable} {ergonomic}
     bool UseCompressedClassPointers               = true                           {product lp64_product} {ergonomic}
     bool UseCompressedOops                        = true                           {product lp64_product} {ergonomic}
     bool UseG1GC                                  = true                                      {product} {ergonomic}
     bool UseLargePagesIndividualAllocation        = false                                  {pd product} {ergonomic}

Logging:
Log output configuration:
 #0: stdout all=warning uptime,level,tags
 #1: stderr all=off uptime,level,tags

Environment Variables:
JAVA_HOME=C:\Program Files\Java\jdk-13.0.2
PATH=C:\Users\jasse\Downloads\php-8.1.17-nts-Win32-vs16-x64;C:\Program Files\Java;C:\Program Files\Java\jdk1.8.0_301;C:\oraclexe\app\oracle\product\11.2.0\server\bin;C:\oraclexe\app\oracle\product\11.2.0\server\bin;C:\oraclexe\app\oracle\product\11.2.0\server\bin;C:\windows\system32;C:\windows;C:\windows\System32\Wbem;C:\windows\System32\WindowsPowerShell\v1.0\;C:\windows\System32\OpenSSH\;C:\Program Files (x86)\NVIDIA Corporation\PhysX\Common;C:\Program Files\NVIDIA Corporation\NVIDIA NvDLISR;C:\instantclient12-2;C:\oraclexe\app\oracle\admin\XE;C:\oraclexe;C:\Program Files\TortoiseGit\bin;C:\xampp\php\Symfony;C:\Program Files\nodejs\;C:\Users\jasse\AppData\Local\Microsoft\WindowsApps;C:\Program Files\CodeBlocks\MinGW\bin;C:\Program Files\CodeBlocks\MinGW\bin;C:\Program Files (x86)\D-Bus\bin;C:\Users\jasse\AppData\Local\Programs\Microsoft VS Code\bin;C:\Users\jasse\Desktop\php;C:\Users\jasse\AppData\Local\GitHubDesktop\bin;C:\Users\jasse\AppData\Local\ComposerSetup\bin;C:\Users\jasse\AppData\Roaming\Composer\vendor\bin;C:\Users\jasse\AppData\Roaming\npm
USERNAME=jasse
OS=Windows_NT
PROCESSOR_IDENTIFIER=Intel64 Family 6 Model 165 Stepping 2, GenuineIntel
TMP=C:\Users\jasse\AppData\Local\Temp
TEMP=C:\Users\jasse\AppData\Local\Temp


JNI global refs:
JNI global refs: 24, weak refs: 0

JNI global refs memory usage: 843, weak refs: 841


---------------  S Y S T E M  ---------------

OS:
 Windows 10 , 64 bit Build 19041 (10.0.19041.3570)
OS uptime: 0 days 0:43 hours

CPU: total 8 (initial active 8) (4 cores per cpu, 2 threads per core) family 6 model 165 stepping 2 microcode 0xf0, cx8, cmov, fxsr, ht, mmx, 3dnowpref, sse, sse2, sse3, ssse3, sse4.1, sse4.2, popcnt, lzcnt, tsc, tscinvbit, avx, avx2, aes, erms, clmul, bmi1, bmi2, adx, fma, vzeroupper, clflush, clflushopt

Memory: 4k page, system-wide physical 7993M (1056M free)
TotalPageFile size 10993M (AvailPageFile size 7M)
current process WorkingSet (physical memory assigned to process): 208M, peak: 208M
current process commit charge ("private bytes"): 258M, peak: 263M

vm_info: OpenJDK 64-Bit Server VM (17.0.6+0-b2043.56-10027231) for windows-amd64 JRE (17.0.6+0-b2043.56-10027231), built on Apr 28 2023 00:43:19 by "androidbuild" with MS VC++ 16.10 / 16.11 (VS2019)

END.
