#
# There is insufficient memory for the Java Runtime Environment to continue.
# Native memory allocation (mmap) failed to map 157286400 bytes for G1 virtual space
# Possible reasons:
#   The system is out of physical RAM or swap space
#   The process is running with CompressedOops enabled, and the Java Heap may be blocking the growth of the native heap
# Possible solutions:
#   Reduce memory load on the system
#   Increase physical memory or swap space
#   Check if swap backing store is full
#   Decrease Java heap size (-Xmx/-Xms)
#   Decrease number of Java threads
#   Decrease Java thread stack sizes (-Xss)
#   Set larger code cache with -XX:ReservedCodeCacheSize=
#   JVM is running with Unscaled Compressed Oops mode in which the Java heap is
#     placed in the first 4GB address space. The Java Heap base address is the
#     maximum limit for the native heap growth. Please use -XX:HeapBaseMinAddress
#     to set the Java Heap base and to place the Java Heap above 4GB virtual address.
# This output file may be truncated or incomplete.
#
#  Out of Memory Error (os_windows.cpp:3769), pid=13500, tid=3736
#
# JRE version: OpenJDK Runtime Environment (17.0.6) (build 17.0.6+0-b2043.56-10027231)
# Java VM: OpenJDK 64-Bit Server VM (17.0.6+0-b2043.56-10027231, mixed mode, tiered, compressed oops, compressed class ptrs, g1 gc, windows-amd64)
# No core dump will be written. Minidumps are not enabled by default on client versions of Windows
#

---------------  S U M M A R Y ------------

Command Line: --add-opens=java.base/java.util=ALL-UNNAMED --add-opens=java.base/java.lang=ALL-UNNAMED --add-opens=java.base/java.lang.invoke=ALL-UNNAMED --add-opens=java.prefs/java.util.prefs=ALL-UNNAMED --add-opens=java.base/java.nio.charset=ALL-UNNAMED --add-opens=java.base/java.net=ALL-UNNAMED --add-opens=java.base/java.util.concurrent.atomic=ALL-UNNAMED -Xmx2048m -Dfile.encoding=UTF-8 -Duser.country=FR -Duser.language=fr -Duser.variant org.gradle.launcher.daemon.bootstrap.GradleDaemon 8.0

Host: Intel(R) Core(TM) i5-10300H CPU @ 2.50GHz, 8 cores, 7G,  Windows 10 , 64 bit Build 19041 (10.0.19041.3570)
Time: Wed Nov 15 00:57:24 2023 Afr. centrale Ouest elapsed time: 12.849980 seconds (0d 0h 0m 12s)

---------------  T H R E A D  ---------------

Current thread (0x000001f3356aab40):  VMThread "VM Thread" [stack: 0x000000758ec00000,0x000000758ed00000] [id=3736]

Stack: [0x000000758ec00000,0x000000758ed00000]
Native frames: (J=compiled Java code, j=interpreted, Vv=VM code, C=native code)
V  [jvm.dll+0x683c9a]
V  [jvm.dll+0x8427a4]
V  [jvm.dll+0x843f9e]
V  [jvm.dll+0x844603]
V  [jvm.dll+0x249b75]
V  [jvm.dll+0x680b69]
V  [jvm.dll+0x67505a]
V  [jvm.dll+0x309acb]
V  [jvm.dll+0x310f86]
V  [jvm.dll+0x3608ee]
V  [jvm.dll+0x360b1f]
V  [jvm.dll+0x2dfbf8]
V  [jvm.dll+0x2ddec4]
V  [jvm.dll+0x2dd4cc]
V  [jvm.dll+0x321f3b]
V  [jvm.dll+0x848ccb]
V  [jvm.dll+0x849a04]
V  [jvm.dll+0x849f1d]
V  [jvm.dll+0x84a2f4]
V  [jvm.dll+0x84a3c0]
V  [jvm.dll+0x7f274a]
V  [jvm.dll+0x682ad5]
C  [ucrtbase.dll+0x21bb2]
C  [KERNEL32.DLL+0x17344]
C  [ntdll.dll+0x526b1]

VM_Operation (0x0000007597ef9de0): G1CollectForAllocation, mode: safepoint, requested by thread 0x000001f33febe3d0


---------------  P R O C E S S  ---------------

Threads class SMR info:
_java_thread_list=0x000001f340475830, length=139, elements={
0x000001f31b8498b0, 0x000001f335697340, 0x000001f3356cb4e0, 0x000001f3360212b0,
0x000001f336024b90, 0x000001f336025c70, 0x000001f336026530, 0x000001f3360275e0,
0x000001f3360283a0, 0x000001f336028ca0, 0x000001f3361adcc0, 0x000001f3361ae5a0,
0x000001f3376026c0, 0x000001f338cb12f0, 0x000001f33770da40, 0x000001f33755d350,
0x000001f33782a1b0, 0x000001f338903030, 0x000001f338af1db0, 0x000001f337559f90,
0x000001f337557910, 0x000001f33755a460, 0x000001f337558780, 0x000001f3375582b0,
0x000001f337557440, 0x000001f337556f70, 0x000001f337558c50, 0x000001f337559120,
0x000001f3375595f0, 0x000001f33a316f10, 0x000001f33a31a400, 0x000001f33a318bf0,
0x000001f33a3190c0, 0x000001f33a31b740, 0x000001f33a31d8f0, 0x000001f33a31bc10,
0x000001f33a31ada0, 0x000001f33a31d420, 0x000001f33a31cf50, 0x000001f33a3178b0,
0x000001f33a31ddc0, 0x000001f33a31e760, 0x000001f33a318720, 0x000001f33a319590,
0x000001f33a319f30, 0x000001f338b52be0, 0x000001f338b4c6d0, 0x000001f338b4cba0,
0x000001f338b53580, 0x000001f338b530b0, 0x000001f338b50560, 0x000001f338b51d70,
0x000001f338b4f6f0, 0x000001f338b52240, 0x000001f338b52710, 0x000001f338b53f20,
0x000001f338b4e3b0, 0x000001f338b4fbc0, 0x000001f338b4d070, 0x000001f338b4f220,
0x000001f338b4da10, 0x000001f338b50a30, 0x000001f338b50090, 0x000001f338b53a50,
0x000001f338b4d540, 0x000001f338b50f00, 0x000001f338b513d0, 0x000001f338b4dee0,
0x000001f338b518a0, 0x000001f338b4e880, 0x000001f338b4ed50, 0x000001f336713110,
0x000001f336715c60, 0x000001f336718c80, 0x000001f336713f80, 0x000001f336717470,
0x000001f3367122a0, 0x000001f336713ab0, 0x000001f336716130, 0x000001f336714450,
0x000001f336712770, 0x000001f336716600, 0x000001f336714920, 0x000001f336714df0,
0x000001f336719150, 0x000001f3367152c0, 0x000001f3367135e0, 0x000001f336719af0,
0x000001f336715790, 0x000001f336716ad0, 0x000001f336712c40, 0x000001f336716fa0,
0x000001f336717940, 0x000001f3367187b0, 0x000001f336717e10, 0x000001f3367182e0,
0x000001f336719620, 0x000001f3360c7a10, 0x000001f3360ca560, 0x000001f3360c9bc0,
0x000001f3360c7ee0, 0x000001f3360c8880, 0x000001f3360cd0b0, 0x000001f3360cb8a0,
0x000001f3360ca090, 0x000001f3360cc710, 0x000001f3360c83b0, 0x000001f3360c8d50,
0x000001f3360c6ba0, 0x000001f3360c9220, 0x000001f3360cda50, 0x000001f3360cc240,
0x000001f3360c66d0, 0x000001f3360caa30, 0x000001f3360ccbe0, 0x000001f3360caf00,
0x000001f3360c7070, 0x000001f3360c7540, 0x000001f3360cd580, 0x000001f3360c96f0,
0x000001f3360cb3d0, 0x000001f33c946840, 0x000001f3360c6200, 0x000001f3360d3240,
0x000001f3360d06f0, 0x000001f3360d0bc0, 0x000001f3360d1a30, 0x000001f3360d2d70,
0x000001f3360d3710, 0x000001f33febed70, 0x000001f33febc6f0, 0x000001f33fec0580,
0x000001f33febf710, 0x000001f33fec0a50, 0x000001f33febf240, 0x000001f33febd090,
0x000001f33febe3d0, 0x000001f33febda30, 0x000001f3392d9e00
}

Java Threads: ( => current thread )
  0x000001f31b8498b0 JavaThread "main" [_thread_blocked, id=18332, stack(0x000000758e600000,0x000000758e700000)]
  0x000001f335697340 JavaThread "Reference Handler" daemon [_thread_blocked, id=5540, stack(0x000000758ed00000,0x000000758ee00000)]
  0x000001f3356cb4e0 JavaThread "Finalizer" daemon [_thread_blocked, id=12464, stack(0x000000758ee00000,0x000000758ef00000)]
  0x000001f3360212b0 JavaThread "Signal Dispatcher" daemon [_thread_blocked, id=19660, stack(0x000000758ef00000,0x000000758f000000)]
  0x000001f336024b90 JavaThread "Attach Listener" daemon [_thread_blocked, id=19176, stack(0x000000758f000000,0x000000758f100000)]
  0x000001f336025c70 JavaThread "Service Thread" daemon [_thread_blocked, id=12240, stack(0x000000758f100000,0x000000758f200000)]
  0x000001f336026530 JavaThread "Monitor Deflation Thread" daemon [_thread_blocked, id=12180, stack(0x000000758f200000,0x000000758f300000)]
  0x000001f3360275e0 JavaThread "C2 CompilerThread0" daemon [_thread_blocked, id=11344, stack(0x000000758f300000,0x000000758f400000)]
  0x000001f3360283a0 JavaThread "C1 CompilerThread0" daemon [_thread_blocked, id=16356, stack(0x000000758f400000,0x000000758f500000)]
  0x000001f336028ca0 JavaThread "Sweeper thread" daemon [_thread_blocked, id=4332, stack(0x000000758f500000,0x000000758f600000)]
  0x000001f3361adcc0 JavaThread "Common-Cleaner" daemon [_thread_blocked, id=14356, stack(0x000000758f600000,0x000000758f700000)]
  0x000001f3361ae5a0 JavaThread "Notification Thread" daemon [_thread_blocked, id=7836, stack(0x000000758f700000,0x000000758f800000)]
  0x000001f3376026c0 JavaThread "Daemon health stats" [_thread_blocked, id=17532, stack(0x000000758ff00000,0x0000007590000000)]
  0x000001f338cb12f0 JavaThread "Incoming local TCP Connector on port 52007" [_thread_in_native, id=10604, stack(0x000000758fa00000,0x000000758fb00000)]
  0x000001f33770da40 JavaThread "Daemon periodic checks" [_thread_blocked, id=8028, stack(0x0000007590000000,0x0000007590100000)]
  0x000001f33755d350 JavaThread "Daemon" [_thread_blocked, id=2920, stack(0x0000007590100000,0x0000007590200000)]
  0x000001f33782a1b0 JavaThread "Handler for socket connection from /127.0.0.1:52007 to /127.0.0.1:52008" [_thread_in_native, id=8548, stack(0x0000007590200000,0x0000007590300000)]
  0x000001f338903030 JavaThread "Cancel handler" [_thread_blocked, id=6696, stack(0x0000007590300000,0x0000007590400000)]
  0x000001f338af1db0 JavaThread "Daemon worker" [_thread_blocked, id=14040, stack(0x0000007590400000,0x0000007590500000)]
  0x000001f337559f90 JavaThread "Asynchronous log dispatcher for DefaultDaemonConnection: socket connection from /127.0.0.1:52007 to /127.0.0.1:52008" [_thread_blocked, id=8080, stack(0x0000007590500000,0x0000007590600000)]
  0x000001f337557910 JavaThread "Stdin handler" [_thread_blocked, id=16940, stack(0x0000007590600000,0x0000007590700000)]
  0x000001f33755a460 JavaThread "Daemon client event forwarder" [_thread_blocked, id=2796, stack(0x0000007590700000,0x0000007590800000)]
  0x000001f337558780 JavaThread "Cache worker for journal cache (C:\Users\jasse\.gradle\caches\journal-1)" [_thread_blocked, id=17072, stack(0x0000007590c00000,0x0000007590d00000)]
  0x000001f3375582b0 JavaThread "File lock request listener" [_thread_in_native, id=14448, stack(0x0000007590d00000,0x0000007590e00000)]
  0x000001f337557440 JavaThread "Cache worker for file hash cache (C:\Users\jasse\.gradle\caches\8.0\fileHashes)" [_thread_blocked, id=5740, stack(0x0000007590e00000,0x0000007590f00000)]
  0x000001f337556f70 JavaThread "File watcher server" daemon [_thread_blocked, id=1416, stack(0x0000007590f00000,0x0000007591000000)]
  0x000001f337558c50 JavaThread "File watcher consumer" daemon [_thread_blocked, id=12616, stack(0x0000007591000000,0x0000007591100000)]
  0x000001f337559120 JavaThread "Cache worker for checksums cache (C:\Users\jasse\AndroidStudioProjects\front\.gradle\8.0\checksums)" [_thread_blocked, id=19216, stack(0x0000007591100000,0x0000007591200000)]
  0x000001f3375595f0 JavaThread "Cache worker for cache directory md-rule (C:\Users\jasse\.gradle\caches\8.0\md-rule)" [_thread_blocked, id=12828, stack(0x0000007591200000,0x0000007591300000)]
  0x000001f33a316f10 JavaThread "Cache worker for file content cache (C:\Users\jasse\.gradle\caches\8.0\fileContent)" [_thread_blocked, id=9944, stack(0x0000007591300000,0x0000007591400000)]
  0x000001f33a31a400 JavaThread "Cache worker for file hash cache (C:\Users\jasse\AndroidStudioProjects\front\.gradle\8.0\fileHashes)" [_thread_blocked, id=10180, stack(0x0000007591400000,0x0000007591500000)]
  0x000001f33a318bf0 JavaThread "Cache worker for cache directory md-supplier (C:\Users\jasse\.gradle\caches\8.0\md-supplier)" [_thread_blocked, id=13140, stack(0x0000007591500000,0x0000007591600000)]
  0x000001f33a3190c0 JavaThread "Cache worker for execution history cache (C:\Users\jasse\.gradle\caches\8.0\executionHistory)" [_thread_blocked, id=904, stack(0x0000007591600000,0x0000007591700000)]
  0x000001f33a31b740 JavaThread "jar transforms" [_thread_blocked, id=12528, stack(0x000000758f900000,0x000000758fa00000)]
  0x000001f33a31d8f0 JavaThread "jar transforms Thread 2" [_thread_blocked, id=19524, stack(0x0000007591800000,0x0000007591900000)]
  0x000001f33a31bc10 JavaThread "Cache worker for kotlin-dsl (C:\Users\jasse\.gradle\caches\8.0\kotlin-dsl)" [_thread_blocked, id=13556, stack(0x0000007591900000,0x0000007591a00000)]
  0x000001f33a31ada0 JavaThread "jar transforms Thread 3" [_thread_blocked, id=4484, stack(0x0000007591a00000,0x0000007591b00000)]
  0x000001f33a31d420 JavaThread "jar transforms Thread 4" [_thread_blocked, id=1740, stack(0x0000007591b00000,0x0000007591c00000)]
  0x000001f33a31cf50 JavaThread "Cache worker for dependencies-accessors (C:\Users\jasse\AndroidStudioProjects\front\.gradle\8.0\dependencies-accessors)" [_thread_blocked, id=12400, stack(0x0000007591c00000,0x0000007591d00000)]
  0x000001f33a3178b0 JavaThread "Cache worker for Build Output Cleanup Cache (C:\Users\jasse\AndroidStudioProjects\front\.gradle\buildOutputCleanup)" [_thread_blocked, id=13396, stack(0x0000007591d00000,0x0000007591e00000)]
  0x000001f33a31ddc0 JavaThread "jar transforms Thread 5" [_thread_blocked, id=4804, stack(0x0000007591e00000,0x0000007591f00000)]
  0x000001f33a31e760 JavaThread "Unconstrained build operations" [_thread_blocked, id=2844, stack(0x0000007591700000,0x0000007591800000)]
  0x000001f33a318720 JavaThread "Unconstrained build operations Thread 2" [_thread_blocked, id=19568, stack(0x0000007592000000,0x0000007592100000)]
  0x000001f33a319590 JavaThread "Unconstrained build operations Thread 3" [_thread_blocked, id=8796, stack(0x0000007592100000,0x0000007592200000)]
  0x000001f33a319f30 JavaThread "Unconstrained build operations Thread 4" [_thread_blocked, id=12972, stack(0x0000007592200000,0x0000007592300000)]
  0x000001f338b52be0 JavaThread "Unconstrained build operations Thread 5" [_thread_blocked, id=18520, stack(0x0000007592300000,0x0000007592400000)]
  0x000001f338b4c6d0 JavaThread "Unconstrained build operations Thread 6" [_thread_blocked, id=9864, stack(0x0000007592400000,0x0000007592500000)]
  0x000001f338b4cba0 JavaThread "Unconstrained build operations Thread 7" [_thread_blocked, id=11044, stack(0x0000007592500000,0x0000007592600000)]
  0x000001f338b53580 JavaThread "Unconstrained build operations Thread 8" [_thread_blocked, id=17564, stack(0x0000007592600000,0x0000007592700000)]
  0x000001f338b530b0 JavaThread "Unconstrained build operations Thread 9" [_thread_blocked, id=1620, stack(0x0000007592700000,0x0000007592800000)]
  0x000001f338b50560 JavaThread "Unconstrained build operations Thread 10" [_thread_blocked, id=21292, stack(0x0000007592800000,0x0000007592900000)]
  0x000001f338b51d70 JavaThread "Unconstrained build operations Thread 11" [_thread_blocked, id=20460, stack(0x0000007592900000,0x0000007592a00000)]
  0x000001f338b4f6f0 JavaThread "Unconstrained build operations Thread 12" [_thread_blocked, id=16820, stack(0x0000007592a00000,0x0000007592b00000)]
  0x000001f338b52240 JavaThread "Unconstrained build operations Thread 13" [_thread_blocked, id=16872, stack(0x0000007592b00000,0x0000007592c00000)]
  0x000001f338b52710 JavaThread "Unconstrained build operations Thread 14" [_thread_blocked, id=16704, stack(0x0000007592c00000,0x0000007592d00000)]
  0x000001f338b53f20 JavaThread "Unconstrained build operations Thread 15" [_thread_blocked, id=13824, stack(0x0000007592d00000,0x0000007592e00000)]
  0x000001f338b4e3b0 JavaThread "Unconstrained build operations Thread 16" [_thread_blocked, id=15584, stack(0x0000007592e00000,0x0000007592f00000)]
  0x000001f338b4fbc0 JavaThread "Unconstrained build operations Thread 17" [_thread_blocked, id=14300, stack(0x0000007592f00000,0x0000007593000000)]
  0x000001f338b4d070 JavaThread "Unconstrained build operations Thread 18" [_thread_blocked, id=1432, stack(0x0000007593000000,0x0000007593100000)]
  0x000001f338b4f220 JavaThread "Unconstrained build operations Thread 19" [_thread_blocked, id=20852, stack(0x0000007593100000,0x0000007593200000)]
  0x000001f338b4da10 JavaThread "Unconstrained build operations Thread 20" [_thread_blocked, id=4868, stack(0x0000007593200000,0x0000007593300000)]
  0x000001f338b50a30 JavaThread "Unconstrained build operations Thread 21" [_thread_blocked, id=16060, stack(0x0000007593300000,0x0000007593400000)]
  0x000001f338b50090 JavaThread "Unconstrained build operations Thread 22" [_thread_blocked, id=18500, stack(0x0000007593400000,0x0000007593500000)]
  0x000001f338b53a50 JavaThread "Unconstrained build operations Thread 23" [_thread_blocked, id=7016, stack(0x0000007593500000,0x0000007593600000)]
  0x000001f338b4d540 JavaThread "Unconstrained build operations Thread 24" [_thread_blocked, id=12596, stack(0x0000007593600000,0x0000007593700000)]
  0x000001f338b50f00 JavaThread "Unconstrained build operations Thread 25" [_thread_blocked, id=1512, stack(0x0000007593700000,0x0000007593800000)]
  0x000001f338b513d0 JavaThread "Unconstrained build operations Thread 26" [_thread_blocked, id=12844, stack(0x0000007593800000,0x0000007593900000)]
  0x000001f338b4dee0 JavaThread "Unconstrained build operations Thread 27" [_thread_blocked, id=1540, stack(0x0000007593900000,0x0000007593a00000)]
  0x000001f338b518a0 JavaThread "Unconstrained build operations Thread 28" [_thread_blocked, id=16280, stack(0x0000007593a00000,0x0000007593b00000)]
  0x000001f338b4e880 JavaThread "Unconstrained build operations Thread 29" [_thread_blocked, id=2732, stack(0x0000007593b00000,0x0000007593c00000)]
  0x000001f338b4ed50 JavaThread "Unconstrained build operations Thread 30" [_thread_blocked, id=14092, stack(0x0000007593c00000,0x0000007593d00000)]
  0x000001f336713110 JavaThread "Unconstrained build operations Thread 31" [_thread_blocked, id=17280, stack(0x0000007593d00000,0x0000007593e00000)]
  0x000001f336715c60 JavaThread "Unconstrained build operations Thread 32" [_thread_blocked, id=14264, stack(0x0000007593e00000,0x0000007593f00000)]
  0x000001f336718c80 JavaThread "Unconstrained build operations Thread 33" [_thread_blocked, id=16316, stack(0x0000007593f00000,0x0000007594000000)]
  0x000001f336713f80 JavaThread "Unconstrained build operations Thread 34" [_thread_blocked, id=19144, stack(0x0000007594000000,0x0000007594100000)]
  0x000001f336717470 JavaThread "Unconstrained build operations Thread 35" [_thread_blocked, id=3832, stack(0x0000007594100000,0x0000007594200000)]
  0x000001f3367122a0 JavaThread "Unconstrained build operations Thread 36" [_thread_blocked, id=1884, stack(0x0000007594200000,0x0000007594300000)]
  0x000001f336713ab0 JavaThread "Unconstrained build operations Thread 37" [_thread_blocked, id=17108, stack(0x0000007594300000,0x0000007594400000)]
  0x000001f336716130 JavaThread "Unconstrained build operations Thread 38" [_thread_blocked, id=4148, stack(0x0000007594400000,0x0000007594500000)]
  0x000001f336714450 JavaThread "Unconstrained build operations Thread 39" [_thread_blocked, id=12660, stack(0x0000007594500000,0x0000007594600000)]
  0x000001f336712770 JavaThread "Unconstrained build operations Thread 40" [_thread_blocked, id=17196, stack(0x0000007594600000,0x0000007594700000)]
  0x000001f336716600 JavaThread "Unconstrained build operations Thread 41" [_thread_blocked, id=7056, stack(0x0000007594700000,0x0000007594800000)]
  0x000001f336714920 JavaThread "Unconstrained build operations Thread 42" [_thread_blocked, id=16856, stack(0x0000007594800000,0x0000007594900000)]
  0x000001f336714df0 JavaThread "Unconstrained build operations Thread 43" [_thread_blocked, id=3700, stack(0x0000007594900000,0x0000007594a00000)]
  0x000001f336719150 JavaThread "Unconstrained build operations Thread 44" [_thread_blocked, id=15764, stack(0x0000007594a00000,0x0000007594b00000)]
  0x000001f3367152c0 JavaThread "Unconstrained build operations Thread 45" [_thread_blocked, id=16224, stack(0x0000007594b00000,0x0000007594c00000)]
  0x000001f3367135e0 JavaThread "Unconstrained build operations Thread 46" [_thread_blocked, id=13644, stack(0x0000007594c00000,0x0000007594d00000)]
  0x000001f336719af0 JavaThread "Unconstrained build operations Thread 47" [_thread_blocked, id=16160, stack(0x0000007594d00000,0x0000007594e00000)]
  0x000001f336715790 JavaThread "Unconstrained build operations Thread 48" [_thread_blocked, id=19328, stack(0x0000007594e00000,0x0000007594f00000)]
  0x000001f336716ad0 JavaThread "Unconstrained build operations Thread 49" [_thread_blocked, id=10136, stack(0x0000007594f00000,0x0000007595000000)]
  0x000001f336712c40 JavaThread "Unconstrained build operations Thread 50" [_thread_blocked, id=5828, stack(0x0000007595000000,0x0000007595100000)]
  0x000001f336716fa0 JavaThread "Unconstrained build operations Thread 51" [_thread_blocked, id=1964, stack(0x0000007595100000,0x0000007595200000)]
  0x000001f336717940 JavaThread "Unconstrained build operations Thread 52" [_thread_blocked, id=10256, stack(0x0000007595200000,0x0000007595300000)]
  0x000001f3367187b0 JavaThread "Unconstrained build operations Thread 53" [_thread_blocked, id=15036, stack(0x0000007595300000,0x0000007595400000)]
  0x000001f336717e10 JavaThread "Unconstrained build operations Thread 54" [_thread_blocked, id=2544, stack(0x0000007595400000,0x0000007595500000)]
  0x000001f3367182e0 JavaThread "Unconstrained build operations Thread 55" [_thread_blocked, id=1992, stack(0x0000007595500000,0x0000007595600000)]
  0x000001f336719620 JavaThread "Unconstrained build operations Thread 56" [_thread_blocked, id=10980, stack(0x0000007595600000,0x0000007595700000)]
  0x000001f3360c7a10 JavaThread "Unconstrained build operations Thread 57" [_thread_blocked, id=2868, stack(0x0000007595700000,0x0000007595800000)]
  0x000001f3360ca560 JavaThread "Unconstrained build operations Thread 58" [_thread_blocked, id=6620, stack(0x0000007595800000,0x0000007595900000)]
  0x000001f3360c9bc0 JavaThread "Unconstrained build operations Thread 59" [_thread_blocked, id=10620, stack(0x0000007595900000,0x0000007595a00000)]
  0x000001f3360c7ee0 JavaThread "Unconstrained build operations Thread 60" [_thread_blocked, id=15024, stack(0x0000007595a00000,0x0000007595b00000)]
  0x000001f3360c8880 JavaThread "Unconstrained build operations Thread 61" [_thread_blocked, id=3192, stack(0x0000007595b00000,0x0000007595c00000)]
  0x000001f3360cd0b0 JavaThread "Unconstrained build operations Thread 62" [_thread_blocked, id=7632, stack(0x0000007595c00000,0x0000007595d00000)]
  0x000001f3360cb8a0 JavaThread "Unconstrained build operations Thread 63" [_thread_blocked, id=2720, stack(0x0000007595d00000,0x0000007595e00000)]
  0x000001f3360ca090 JavaThread "Unconstrained build operations Thread 64" [_thread_blocked, id=10640, stack(0x0000007595e00000,0x0000007595f00000)]
  0x000001f3360cc710 JavaThread "Unconstrained build operations Thread 65" [_thread_blocked, id=10292, stack(0x0000007595f00000,0x0000007596000000)]
  0x000001f3360c83b0 JavaThread "Unconstrained build operations Thread 66" [_thread_blocked, id=20964, stack(0x0000007596000000,0x0000007596100000)]
  0x000001f3360c8d50 JavaThread "Unconstrained build operations Thread 67" [_thread_blocked, id=16192, stack(0x0000007596100000,0x0000007596200000)]
  0x000001f3360c6ba0 JavaThread "Unconstrained build operations Thread 68" [_thread_blocked, id=3044, stack(0x0000007596200000,0x0000007596300000)]
  0x000001f3360c9220 JavaThread "Unconstrained build operations Thread 69" [_thread_blocked, id=3576, stack(0x0000007596300000,0x0000007596400000)]
  0x000001f3360cda50 JavaThread "Unconstrained build operations Thread 70" [_thread_blocked, id=17384, stack(0x0000007596400000,0x0000007596500000)]
  0x000001f3360cc240 JavaThread "Unconstrained build operations Thread 71" [_thread_blocked, id=20936, stack(0x0000007596500000,0x0000007596600000)]
  0x000001f3360c66d0 JavaThread "Unconstrained build operations Thread 72" [_thread_blocked, id=20072, stack(0x0000007596600000,0x0000007596700000)]
  0x000001f3360caa30 JavaThread "Unconstrained build operations Thread 73" [_thread_blocked, id=9260, stack(0x0000007596700000,0x0000007596800000)]
  0x000001f3360ccbe0 JavaThread "Unconstrained build operations Thread 74" [_thread_blocked, id=14348, stack(0x0000007596800000,0x0000007596900000)]
  0x000001f3360caf00 JavaThread "Unconstrained build operations Thread 75" [_thread_blocked, id=14016, stack(0x0000007596900000,0x0000007596a00000)]
  0x000001f3360c7070 JavaThread "Unconstrained build operations Thread 76" [_thread_blocked, id=16112, stack(0x0000007596a00000,0x0000007596b00000)]
  0x000001f3360c7540 JavaThread "Unconstrained build operations Thread 77" [_thread_blocked, id=6460, stack(0x0000007596b00000,0x0000007596c00000)]
  0x000001f3360cd580 JavaThread "Unconstrained build operations Thread 78" [_thread_blocked, id=4976, stack(0x0000007596c00000,0x0000007596d00000)]
  0x000001f3360c96f0 JavaThread "Unconstrained build operations Thread 79" [_thread_blocked, id=13924, stack(0x0000007596d00000,0x0000007596e00000)]
  0x000001f3360cb3d0 JavaThread "Unconstrained build operations Thread 80" [_thread_blocked, id=13936, stack(0x0000007596e00000,0x0000007596f00000)]
  0x000001f33c946840 JavaThread "C2 CompilerThread1" daemon [_thread_in_native, id=13956, stack(0x0000007596f00000,0x0000007597000000)]
  0x000001f3360c6200 JavaThread "jar transforms Thread 6" [_thread_blocked, id=10000, stack(0x0000007597000000,0x0000007597100000)]
  0x000001f3360d3240 JavaThread "jar transforms Thread 7" [_thread_blocked, id=19288, stack(0x0000007597100000,0x0000007597200000)]
  0x000001f3360d06f0 JavaThread "jar transforms Thread 8" [_thread_blocked, id=1744, stack(0x0000007597200000,0x0000007597300000)]
  0x000001f3360d0bc0 JavaThread "build event listener" [_thread_blocked, id=18364, stack(0x0000007597300000,0x0000007597400000)]
  0x000001f3360d1a30 JavaThread "Memory manager" [_thread_blocked, id=12684, stack(0x0000007597400000,0x0000007597500000)]
  0x000001f3360d2d70 JavaThread "build event listener" [_thread_blocked, id=14160, stack(0x0000007597500000,0x0000007597600000)]
  0x000001f3360d3710 JavaThread "build event listener" [_thread_blocked, id=864, stack(0x0000007597600000,0x0000007597700000)]
  0x000001f33febed70 JavaThread "included builds" [_thread_blocked, id=9140, stack(0x0000007597700000,0x0000007597800000)]
  0x000001f33febc6f0 JavaThread "Execution worker" [_thread_blocked, id=18352, stack(0x0000007597800000,0x0000007597900000)]
  0x000001f33fec0580 JavaThread "Execution worker Thread 2" [_thread_blocked, id=5080, stack(0x0000007597900000,0x0000007597a00000)]
  0x000001f33febf710 JavaThread "Execution worker Thread 3" [_thread_blocked, id=2560, stack(0x0000007597a00000,0x0000007597b00000)]
  0x000001f33fec0a50 JavaThread "Execution worker Thread 4" [_thread_blocked, id=17228, stack(0x0000007597b00000,0x0000007597c00000)]
  0x000001f33febf240 JavaThread "Execution worker Thread 5" [_thread_blocked, id=15168, stack(0x0000007597c00000,0x0000007597d00000)]
  0x000001f33febd090 JavaThread "Execution worker Thread 6" [_thread_blocked, id=16092, stack(0x0000007597d00000,0x0000007597e00000)]
  0x000001f33febe3d0 JavaThread "Execution worker Thread 7" [_thread_blocked, id=4488, stack(0x0000007597e00000,0x0000007597f00000)]
  0x000001f33febda30 JavaThread "Cache worker for execution history cache (C:\Users\jasse\AndroidStudioProjects\front\.gradle\8.0\executionHistory)" [_thread_blocked, id=17288, stack(0x0000007597f00000,0x0000007598000000)]
  0x000001f3392d9e00 JavaThread "WorkerExecutor Queue" [_thread_blocked, id=5084, stack(0x0000007598000000,0x0000007598100000)]

Other Threads:
=>0x000001f3356aab40 VMThread "VM Thread" [stack: 0x000000758ec00000,0x000000758ed00000] [id=3736]
  0x000001f31b8cbc10 WatcherThread [stack: 0x000000758f800000,0x000000758f900000] [id=12592]
  0x000001f31b8a89c0 GCTaskThread "GC Thread#0" [stack: 0x000000758e700000,0x000000758e800000] [id=3096]
  0x000001f336ea77f0 GCTaskThread "GC Thread#1" [stack: 0x000000758fb00000,0x000000758fc00000] [id=13728]
  0x000001f336ea7aa0 GCTaskThread "GC Thread#2" [stack: 0x000000758fc00000,0x000000758fd00000] [id=12964]
  0x000001f336a74750 GCTaskThread "GC Thread#3" [stack: 0x000000758fd00000,0x000000758fe00000] [id=17604]
  0x000001f3370eee10 GCTaskThread "GC Thread#4" [stack: 0x000000758fe00000,0x000000758ff00000] [id=16544]
  0x000001f336d8a080 GCTaskThread "GC Thread#5" [stack: 0x0000007590800000,0x0000007590900000] [id=14248]
  0x000001f338bf5830 GCTaskThread "GC Thread#6" [stack: 0x0000007590900000,0x0000007590a00000] [id=16764]
  0x000001f33898ba20 GCTaskThread "GC Thread#7" [stack: 0x0000007590a00000,0x0000007590b00000] [id=14156]
  0x000001f31b8bbfc0 ConcurrentGCThread "G1 Main Marker" [stack: 0x000000758e800000,0x000000758e900000] [id=20180]
  0x000001f31b8bc8e0 ConcurrentGCThread "G1 Conc#0" [stack: 0x000000758e900000,0x000000758ea00000] [id=20004]
  0x000001f339346d70 ConcurrentGCThread "G1 Conc#1" [stack: 0x0000007590b00000,0x0000007590c00000] [id=11724]
  0x000001f3355020c0 ConcurrentGCThread "G1 Refine#0" [stack: 0x000000758ea00000,0x000000758eb00000] [id=19600]
  0x000001f3392d7cd0 ConcurrentGCThread "G1 Refine#1" [stack: 0x0000007598100000,0x0000007598200000] [id=1312]
  0x000001f33c47de80 ConcurrentGCThread "G1 Refine#2" [stack: 0x0000007598200000,0x0000007598300000] [id=18920]
  0x000001f33dfae8e0 ConcurrentGCThread "G1 Refine#3" [stack: 0x0000007598300000,0x0000007598400000] [id=4988]
  0x000001f335503a00 ConcurrentGCThread "G1 Service" [stack: 0x000000758eb00000,0x000000758ec00000] [id=3320]

Threads with active compile tasks:
C2 CompilerThread0    12887 12744       4       com.android.utils.XmlUtils::toXmlAttributeValue (89 bytes)
C2 CompilerThread1    12887 12683       4       com.android.ide.common.blame.MergingLogPersistUtil$$Lambda$1358/0x0000000100e9f248::accept (12 bytes)

VM state: at safepoint (normal execution)

VM Mutex/Monitor currently owned by a thread:  ([mutex/lock_event])
[0x000001f31b845350] Threads_lock - owner thread: 0x000001f3356aab40
[0x000001f31b845ce0] Heap_lock - owner thread: 0x000001f33febe3d0

Heap address: 0x0000000080000000, size: 2048 MB, Compressed Oops mode: 32-bit

CDS archive(s) not mapped
Compressed class space mapped at: 0x0000000100000000-0x0000000140000000, reserved size: 1073741824
Narrow klass base: 0x0000000000000000, Narrow klass shift: 3, Narrow klass range: 0x140000000

GC Precious Log:
 CPUs: 8 total, 8 available
 Memory: 7993M
 Large Page Support: Disabled
 NUMA Support: Disabled
 Compressed Oops: Enabled (32-bit)
 Heap Region Size: 1M
 Heap Min Capacity: 8M
 Heap Initial Capacity: 126M
 Heap Max Capacity: 2G
 Pre-touch: Disabled
 Parallel Workers: 8
 Concurrent Workers: 2
 Concurrent Refinement Workers: 8
 Periodic GC: Disabled

Heap:
 garbage-first heap   total 191488K, used 132744K [0x0000000080000000, 0x0000000100000000)
  region size 1024K, 5 young (5120K), 5 survivors (5120K)
 Metaspace       used 107568K, committed 108352K, reserved 1146880K
  class space    used 14562K, committed 14976K, reserved 1048576K

Heap Regions: E=young(eden), S=young(survivor), O=old, HS=humongous(starts), HC=humongous(continues), CS=collection set, F=free, OA=open archive, CA=closed archive, TAMS=top-at-mark-start (previous, next)
|   0|0x0000000080000000, 0x0000000080100000, 0x0000000080100000|100%|HS|  |TAMS 0x0000000080100000, 0x0000000080000000| Complete 
|   1|0x0000000080100000, 0x0000000080200000, 0x0000000080200000|100%|HC|  |TAMS 0x0000000080200000, 0x0000000080100000| Complete 
|   2|0x0000000080200000, 0x0000000080300000, 0x0000000080300000|100%|HC|  |TAMS 0x0000000080300000, 0x0000000080200000| Complete 
|   3|0x0000000080300000, 0x0000000080400000, 0x0000000080400000|100%|HC|  |TAMS 0x0000000080400000, 0x0000000080300000| Complete 
|   4|0x0000000080400000, 0x0000000080500000, 0x0000000080500000|100%| O|  |TAMS 0x0000000080500000, 0x0000000080400000| Untracked 
|   5|0x0000000080500000, 0x0000000080600000, 0x0000000080600000|100%| O|  |TAMS 0x0000000080500000, 0x0000000080500000| Untracked 
|   6|0x0000000080600000, 0x0000000080700000, 0x0000000080700000|100%| O|  |TAMS 0x0000000080700000, 0x0000000080600000| Untracked 
|   7|0x0000000080700000, 0x0000000080800000, 0x0000000080800000|100%| O|  |TAMS 0x0000000080800000, 0x0000000080700000| Untracked 
|   8|0x0000000080800000, 0x0000000080900000, 0x0000000080900000|100%| O|  |TAMS 0x0000000080900000, 0x0000000080800000| Untracked 
|   9|0x0000000080900000, 0x0000000080a00000, 0x0000000080a00000|100%| O|  |TAMS 0x0000000080a00000, 0x0000000080900000| Untracked 
|  10|0x0000000080a00000, 0x0000000080b00000, 0x0000000080b00000|100%| O|  |TAMS 0x0000000080b00000, 0x0000000080a00000| Untracked 
|  11|0x0000000080b00000, 0x0000000080c00000, 0x0000000080c00000|100%| O|  |TAMS 0x0000000080c00000, 0x0000000080b00000| Untracked 
|  12|0x0000000080c00000, 0x0000000080d00000, 0x0000000080d00000|100%| O|  |TAMS 0x0000000080d00000, 0x0000000080c00000| Untracked 
|  13|0x0000000080d00000, 0x0000000080e00000, 0x0000000080e00000|100%| O|  |TAMS 0x0000000080e00000, 0x0000000080d00000| Untracked 
|  14|0x0000000080e00000, 0x0000000080f00000, 0x0000000080f00000|100%| O|  |TAMS 0x0000000080f00000, 0x0000000080e00000| Untracked 
|  15|0x0000000080f00000, 0x0000000081000000, 0x0000000081000000|100%| O|  |TAMS 0x0000000081000000, 0x0000000080f00000| Untracked 
|  16|0x0000000081000000, 0x0000000081100000, 0x0000000081100000|100%| O|  |TAMS 0x0000000081100000, 0x0000000081000000| Untracked 
|  17|0x0000000081100000, 0x0000000081200000, 0x0000000081200000|100%| O|  |TAMS 0x0000000081200000, 0x0000000081100000| Untracked 
|  18|0x0000000081200000, 0x0000000081300000, 0x0000000081300000|100%| O|  |TAMS 0x0000000081300000, 0x0000000081200000| Untracked 
|  19|0x0000000081300000, 0x0000000081400000, 0x0000000081400000|100%| O|  |TAMS 0x0000000081400000, 0x0000000081300000| Untracked 
|  20|0x0000000081400000, 0x0000000081500000, 0x0000000081500000|100%| O|  |TAMS 0x0000000081500000, 0x0000000081400000| Untracked 
|  21|0x0000000081500000, 0x0000000081600000, 0x0000000081600000|100%| O|  |TAMS 0x0000000081600000, 0x0000000081500000| Untracked 
|  22|0x0000000081600000, 0x0000000081700000, 0x0000000081700000|100%| O|  |TAMS 0x0000000081700000, 0x0000000081600000| Untracked 
|  23|0x0000000081700000, 0x0000000081800000, 0x0000000081800000|100%| O|  |TAMS 0x0000000081800000, 0x0000000081700000| Untracked 
|  24|0x0000000081800000, 0x0000000081900000, 0x0000000081900000|100%| O|  |TAMS 0x0000000081900000, 0x0000000081800000| Untracked 
|  25|0x0000000081900000, 0x0000000081a00000, 0x0000000081a00000|100%| O|  |TAMS 0x0000000081a00000, 0x0000000081900000| Untracked 
|  26|0x0000000081a00000, 0x0000000081b00000, 0x0000000081b00000|100%| O|  |TAMS 0x0000000081b00000, 0x0000000081a00000| Untracked 
|  27|0x0000000081b00000, 0x0000000081c00000, 0x0000000081c00000|100%| O|  |TAMS 0x0000000081c00000, 0x0000000081b00000| Untracked 
|  28|0x0000000081c00000, 0x0000000081d00000, 0x0000000081d00000|100%| O|  |TAMS 0x0000000081d00000, 0x0000000081c00000| Untracked 
|  29|0x0000000081d00000, 0x0000000081e00000, 0x0000000081e00000|100%| O|  |TAMS 0x0000000081e00000, 0x0000000081d00000| Untracked 
|  30|0x0000000081e00000, 0x0000000081f00000, 0x0000000081f00000|100%| O|  |TAMS 0x0000000081f00000, 0x0000000081e00000| Untracked 
|  31|0x0000000081f00000, 0x0000000082000000, 0x0000000082000000|100%| O|  |TAMS 0x0000000082000000, 0x0000000081f00000| Untracked 
|  32|0x0000000082000000, 0x0000000082100000, 0x0000000082100000|100%| O|  |TAMS 0x0000000082100000, 0x0000000082000000| Untracked 
|  33|0x0000000082100000, 0x0000000082200000, 0x0000000082200000|100%| O|  |TAMS 0x0000000082200000, 0x0000000082100000| Untracked 
|  34|0x0000000082200000, 0x0000000082300000, 0x0000000082300000|100%| O|  |TAMS 0x0000000082300000, 0x0000000082200000| Untracked 
|  35|0x0000000082300000, 0x0000000082400000, 0x0000000082400000|100%| O|  |TAMS 0x0000000082400000, 0x0000000082300000| Untracked 
|  36|0x0000000082400000, 0x0000000082500000, 0x0000000082500000|100%| O|  |TAMS 0x0000000082400000, 0x0000000082400000| Untracked 
|  37|0x0000000082500000, 0x0000000082600000, 0x0000000082600000|100%|HS|  |TAMS 0x0000000082600000, 0x0000000082500000| Complete 
|  38|0x0000000082600000, 0x0000000082700000, 0x0000000082700000|100%| O|  |TAMS 0x0000000082700000, 0x0000000082600000| Untracked 
|  39|0x0000000082700000, 0x0000000082800000, 0x0000000082800000|100%| O|  |TAMS 0x0000000082800000, 0x0000000082700000| Untracked 
|  40|0x0000000082800000, 0x0000000082900000, 0x0000000082900000|100%| O|  |TAMS 0x0000000082900000, 0x0000000082800000| Untracked 
|  41|0x0000000082900000, 0x0000000082a00000, 0x0000000082a00000|100%|HS|  |TAMS 0x0000000082a00000, 0x0000000082900000| Complete 
|  42|0x0000000082a00000, 0x0000000082b00000, 0x0000000082b00000|100%|HS|  |TAMS 0x0000000082b00000, 0x0000000082a00000| Complete 
|  43|0x0000000082b00000, 0x0000000082c00000, 0x0000000082c00000|100%|HC|  |TAMS 0x0000000082c00000, 0x0000000082b00000| Complete 
|  44|0x0000000082c00000, 0x0000000082d00000, 0x0000000082d00000|100%|HS|  |TAMS 0x0000000082d00000, 0x0000000082c00000| Complete 
|  45|0x0000000082d00000, 0x0000000082e00000, 0x0000000082e00000|100%|HS|  |TAMS 0x0000000082e00000, 0x0000000082d00000| Complete 
|  46|0x0000000082e00000, 0x0000000082f00000, 0x0000000082f00000|100%|HC|  |TAMS 0x0000000082f00000, 0x0000000082e00000| Complete 
|  47|0x0000000082f00000, 0x0000000083000000, 0x0000000083000000|100%|HC|  |TAMS 0x0000000083000000, 0x0000000082f00000| Complete 
|  48|0x0000000083000000, 0x0000000083100000, 0x0000000083100000|100%|HC|  |TAMS 0x0000000083100000, 0x0000000083000000| Complete 
|  49|0x0000000083100000, 0x0000000083200000, 0x0000000083200000|100%| O|  |TAMS 0x0000000083200000, 0x0000000083100000| Untracked 
|  50|0x0000000083200000, 0x0000000083300000, 0x0000000083300000|100%| O|  |TAMS 0x0000000083300000, 0x0000000083200000| Untracked 
|  51|0x0000000083300000, 0x0000000083400000, 0x0000000083400000|100%| O|  |TAMS 0x0000000083400000, 0x0000000083300000| Untracked 
|  52|0x0000000083400000, 0x0000000083500000, 0x0000000083500000|100%| O|  |TAMS 0x0000000083500000, 0x0000000083400000| Untracked 
|  53|0x0000000083500000, 0x0000000083600000, 0x0000000083600000|100%| O|  |TAMS 0x0000000083600000, 0x0000000083500000| Untracked 
|  54|0x0000000083600000, 0x0000000083700000, 0x0000000083700000|100%| O|  |TAMS 0x0000000083700000, 0x0000000083600000| Untracked 
|  55|0x0000000083700000, 0x0000000083800000, 0x0000000083800000|100%| O|  |TAMS 0x0000000083800000, 0x0000000083700000| Untracked 
|  56|0x0000000083800000, 0x0000000083900000, 0x0000000083900000|100%| O|  |TAMS 0x0000000083900000, 0x0000000083800000| Untracked 
|  57|0x0000000083900000, 0x0000000083a00000, 0x0000000083a00000|100%| O|  |TAMS 0x0000000083a00000, 0x0000000083900000| Untracked 
|  58|0x0000000083a00000, 0x0000000083b00000, 0x0000000083b00000|100%| O|  |TAMS 0x0000000083b00000, 0x0000000083a00000| Untracked 
|  59|0x0000000083b00000, 0x0000000083c00000, 0x0000000083c00000|100%| O|  |TAMS 0x0000000083c00000, 0x0000000083b00000| Untracked 
|  60|0x0000000083c00000, 0x0000000083d00000, 0x0000000083d00000|100%| O|  |TAMS 0x0000000083d00000, 0x0000000083c00000| Untracked 
|  61|0x0000000083d00000, 0x0000000083e00000, 0x0000000083e00000|100%| O|  |TAMS 0x0000000083d1b600, 0x0000000083d00000| Untracked 
|  62|0x0000000083e00000, 0x0000000083f00000, 0x0000000083f00000|100%| O|  |TAMS 0x0000000083e00000, 0x0000000083e00000| Untracked 
|  63|0x0000000083f00000, 0x0000000084000000, 0x0000000084000000|100%| O|  |TAMS 0x0000000083f00000, 0x0000000083f00000| Untracked 
|  64|0x0000000084000000, 0x0000000084100000, 0x0000000084100000|100%| O|  |TAMS 0x0000000084000000, 0x0000000084000000| Untracked 
|  65|0x0000000084100000, 0x0000000084200000, 0x0000000084200000|100%| O|  |TAMS 0x0000000084100000, 0x0000000084100000| Untracked 
|  66|0x0000000084200000, 0x0000000084300000, 0x0000000084300000|100%| O|  |TAMS 0x0000000084200000, 0x0000000084200000| Untracked 
|  67|0x0000000084300000, 0x0000000084400000, 0x0000000084400000|100%| O|  |TAMS 0x0000000084300000, 0x0000000084300000| Untracked 
|  68|0x0000000084400000, 0x0000000084500000, 0x0000000084500000|100%| O|  |TAMS 0x0000000084400000, 0x0000000084400000| Untracked 
|  69|0x0000000084500000, 0x0000000084600000, 0x0000000084600000|100%| O|  |TAMS 0x0000000084500000, 0x0000000084500000| Untracked 
|  70|0x0000000084600000, 0x0000000084700000, 0x0000000084700000|100%| O|  |TAMS 0x0000000084600000, 0x0000000084600000| Untracked 
|  71|0x0000000084700000, 0x0000000084800000, 0x0000000084800000|100%| O|  |TAMS 0x0000000084700000, 0x0000000084700000| Untracked 
|  72|0x0000000084800000, 0x0000000084900000, 0x0000000084900000|100%| O|  |TAMS 0x0000000084800000, 0x0000000084800000| Untracked 
|  73|0x0000000084900000, 0x0000000084a00000, 0x0000000084a00000|100%| O|  |TAMS 0x0000000084900000, 0x0000000084900000| Untracked 
|  74|0x0000000084a00000, 0x0000000084b00000, 0x0000000084b00000|100%| O|  |TAMS 0x0000000084a00000, 0x0000000084a00000| Untracked 
|  75|0x0000000084b00000, 0x0000000084c00000, 0x0000000084c00000|100%| O|  |TAMS 0x0000000084b00000, 0x0000000084b00000| Untracked 
|  76|0x0000000084c00000, 0x0000000084d00000, 0x0000000084d00000|100%| O|  |TAMS 0x0000000084c00000, 0x0000000084c00000| Untracked 
|  77|0x0000000084d00000, 0x0000000084e00000, 0x0000000084e00000|100%| O|  |TAMS 0x0000000084d00000, 0x0000000084d00000| Untracked 
|  78|0x0000000084e00000, 0x0000000084f00000, 0x0000000084f00000|100%| O|  |TAMS 0x0000000084e00000, 0x0000000084e00000| Untracked 
|  79|0x0000000084f00000, 0x0000000085000000, 0x0000000085000000|100%| O|  |TAMS 0x0000000084f00000, 0x0000000084f00000| Untracked 
|  80|0x0000000085000000, 0x0000000085100000, 0x0000000085100000|100%| O|  |TAMS 0x0000000085000000, 0x0000000085000000| Untracked 
|  81|0x0000000085100000, 0x0000000085200000, 0x0000000085200000|100%| O|  |TAMS 0x0000000085100000, 0x0000000085100000| Untracked 
|  82|0x0000000085200000, 0x0000000085300000, 0x0000000085300000|100%| O|  |TAMS 0x0000000085200000, 0x0000000085200000| Untracked 
|  83|0x0000000085300000, 0x0000000085400000, 0x0000000085400000|100%| O|  |TAMS 0x0000000085300000, 0x0000000085300000| Untracked 
|  84|0x0000000085400000, 0x0000000085500000, 0x0000000085500000|100%| O|  |TAMS 0x0000000085400000, 0x0000000085400000| Untracked 
|  85|0x0000000085500000, 0x0000000085600000, 0x0000000085600000|100%| O|  |TAMS 0x0000000085500000, 0x0000000085500000| Untracked 
|  86|0x0000000085600000, 0x0000000085700000, 0x0000000085700000|100%| O|  |TAMS 0x0000000085600000, 0x0000000085600000| Untracked 
|  87|0x0000000085700000, 0x0000000085800000, 0x0000000085800000|100%| O|  |TAMS 0x0000000085700000, 0x0000000085700000| Untracked 
|  88|0x0000000085800000, 0x0000000085800000, 0x0000000085900000|  0%| F|  |TAMS 0x0000000085800000, 0x0000000085800000| Untracked 
|  89|0x0000000085900000, 0x0000000085a00000, 0x0000000085a00000|100%|HS|  |TAMS 0x0000000085900000, 0x0000000085900000| Complete 
|  90|0x0000000085a00000, 0x0000000085b00000, 0x0000000085b00000|100%|HC|  |TAMS 0x0000000085a00000, 0x0000000085a00000| Complete 
|  91|0x0000000085b00000, 0x0000000085c00000, 0x0000000085c00000|100%| O|  |TAMS 0x0000000085b00000, 0x0000000085b00000| Untracked 
|  92|0x0000000085c00000, 0x0000000085d00000, 0x0000000085d00000|100%| O|  |TAMS 0x0000000085c00000, 0x0000000085c00000| Untracked 
|  93|0x0000000085d00000, 0x0000000085e00000, 0x0000000085e00000|100%| O|  |TAMS 0x0000000085d00000, 0x0000000085d00000| Untracked 
|  94|0x0000000085e00000, 0x0000000085f00000, 0x0000000085f00000|100%| O|  |TAMS 0x0000000085e00000, 0x0000000085e00000| Untracked 
|  95|0x0000000085f00000, 0x0000000086000000, 0x0000000086000000|100%|HS|  |TAMS 0x0000000085f00000, 0x0000000085f00000| Complete 
|  96|0x0000000086000000, 0x0000000086100000, 0x0000000086100000|100%|HC|  |TAMS 0x0000000086000000, 0x0000000086000000| Complete 
|  97|0x0000000086100000, 0x0000000086200000, 0x0000000086200000|100%| O|  |TAMS 0x0000000086100000, 0x0000000086100000| Untracked 
|  98|0x0000000086200000, 0x0000000086300000, 0x0000000086300000|100%| O|  |TAMS 0x0000000086200000, 0x0000000086200000| Untracked 
|  99|0x0000000086300000, 0x0000000086400000, 0x0000000086400000|100%| O|  |TAMS 0x0000000086300000, 0x0000000086300000| Untracked 
| 100|0x0000000086400000, 0x0000000086500000, 0x0000000086500000|100%| O|  |TAMS 0x0000000086400000, 0x0000000086400000| Untracked 
| 101|0x0000000086500000, 0x0000000086600000, 0x0000000086600000|100%| O|  |TAMS 0x0000000086500000, 0x0000000086500000| Untracked 
| 102|0x0000000086600000, 0x0000000086700000, 0x0000000086700000|100%| O|  |TAMS 0x0000000086600000, 0x0000000086600000| Untracked 
| 103|0x0000000086700000, 0x0000000086800000, 0x0000000086800000|100%| O|  |TAMS 0x0000000086700000, 0x0000000086700000| Untracked 
| 104|0x0000000086800000, 0x0000000086900000, 0x0000000086900000|100%| O|  |TAMS 0x0000000086800000, 0x0000000086800000| Untracked 
| 105|0x0000000086900000, 0x0000000086a00000, 0x0000000086a00000|100%| O|  |TAMS 0x0000000086900000, 0x0000000086900000| Untracked 
| 106|0x0000000086a00000, 0x0000000086b00000, 0x0000000086b00000|100%| O|  |TAMS 0x0000000086a00000, 0x0000000086a00000| Untracked 
| 107|0x0000000086b00000, 0x0000000086c00000, 0x0000000086c00000|100%| O|  |TAMS 0x0000000086b00000, 0x0000000086b00000| Untracked 
| 108|0x0000000086c00000, 0x0000000086d00000, 0x0000000086d00000|100%| O|  |TAMS 0x0000000086c00000, 0x0000000086c00000| Untracked 
| 109|0x0000000086d00000, 0x0000000086e00000, 0x0000000086e00000|100%| O|  |TAMS 0x0000000086d00000, 0x0000000086d00000| Untracked 
| 110|0x0000000086e00000, 0x0000000086f00000, 0x0000000086f00000|100%| O|  |TAMS 0x0000000086e00000, 0x0000000086e00000| Untracked 
| 111|0x0000000086f00000, 0x0000000087000000, 0x0000000087000000|100%| O|  |TAMS 0x0000000086f00000, 0x0000000086f00000| Untracked 
| 112|0x0000000087000000, 0x0000000087100000, 0x0000000087100000|100%| O|  |TAMS 0x0000000087000000, 0x0000000087000000| Untracked 
| 113|0x0000000087100000, 0x0000000087200000, 0x0000000087200000|100%| O|  |TAMS 0x0000000087100000, 0x0000000087100000| Untracked 
| 114|0x0000000087200000, 0x0000000087300000, 0x0000000087300000|100%| O|  |TAMS 0x0000000087200000, 0x0000000087200000| Untracked 
| 115|0x0000000087300000, 0x0000000087400000, 0x0000000087400000|100%| O|  |TAMS 0x0000000087300000, 0x0000000087300000| Untracked 
| 116|0x0000000087400000, 0x0000000087500000, 0x0000000087500000|100%| O|  |TAMS 0x0000000087400000, 0x0000000087400000| Untracked 
| 117|0x0000000087500000, 0x0000000087600000, 0x0000000087600000|100%| O|  |TAMS 0x0000000087500000, 0x0000000087500000| Untracked 
| 118|0x0000000087600000, 0x0000000087700000, 0x0000000087700000|100%| O|  |TAMS 0x0000000087600000, 0x0000000087600000| Untracked 
| 119|0x0000000087700000, 0x0000000087800000, 0x0000000087800000|100%| O|  |TAMS 0x0000000087700000, 0x0000000087700000| Untracked 
| 120|0x0000000087800000, 0x00000000878a2000, 0x0000000087900000| 63%| O|  |TAMS 0x0000000087800000, 0x0000000087800000| Untracked 
| 121|0x0000000087900000, 0x0000000087900000, 0x0000000087a00000|  0%| F|  |TAMS 0x0000000087900000, 0x0000000087900000| Untracked 
| 122|0x0000000087a00000, 0x0000000087a00000, 0x0000000087b00000|  0%| F|  |TAMS 0x0000000087a00000, 0x0000000087a00000| Untracked 
| 123|0x0000000087b00000, 0x0000000087c00000, 0x0000000087c00000|100%| O|  |TAMS 0x0000000087b00000, 0x0000000087b00000| Untracked 
| 124|0x0000000087c00000, 0x0000000087d00000, 0x0000000087d00000|100%| O|  |TAMS 0x0000000087c00000, 0x0000000087c00000| Untracked 
| 125|0x0000000087d00000, 0x0000000087e00000, 0x0000000087e00000|100%| O|  |TAMS 0x0000000087d00000, 0x0000000087d00000| Untracked 
| 126|0x0000000087e00000, 0x0000000087f00000, 0x0000000087f00000|100%| O|  |TAMS 0x0000000087e00000, 0x0000000087e00000| Untracked 
| 127|0x0000000087f00000, 0x0000000088000000, 0x0000000088000000|100%| O|  |TAMS 0x0000000087f00000, 0x0000000087f00000| Untracked 
| 128|0x0000000088000000, 0x0000000088000000, 0x0000000088100000|  0%| F|  |TAMS 0x0000000088000000, 0x0000000088000000| Untracked 
| 129|0x0000000088100000, 0x0000000088100000, 0x0000000088200000|  0%| F|  |TAMS 0x0000000088100000, 0x0000000088100000| Untracked 
| 130|0x0000000088200000, 0x0000000088200000, 0x0000000088300000|  0%| F|  |TAMS 0x0000000088200000, 0x0000000088200000| Untracked 
| 131|0x0000000088300000, 0x0000000088300000, 0x0000000088400000|  0%| F|  |TAMS 0x0000000088300000, 0x0000000088300000| Untracked 
| 132|0x0000000088400000, 0x0000000088400000, 0x0000000088500000|  0%| F|  |TAMS 0x0000000088400000, 0x0000000088400000| Untracked 
| 133|0x0000000088500000, 0x0000000088500000, 0x0000000088600000|  0%| F|  |TAMS 0x0000000088500000, 0x0000000088500000| Untracked 
| 134|0x0000000088600000, 0x0000000088600000, 0x0000000088700000|  0%| F|  |TAMS 0x0000000088600000, 0x0000000088600000| Untracked 
| 135|0x0000000088700000, 0x0000000088700000, 0x0000000088800000|  0%| F|  |TAMS 0x0000000088700000, 0x0000000088700000| Untracked 
| 136|0x0000000088800000, 0x0000000088800000, 0x0000000088900000|  0%| F|  |TAMS 0x0000000088800000, 0x0000000088800000| Untracked 
| 137|0x0000000088900000, 0x0000000088900000, 0x0000000088a00000|  0%| F|  |TAMS 0x0000000088900000, 0x0000000088900000| Untracked 
| 138|0x0000000088a00000, 0x0000000088a00000, 0x0000000088b00000|  0%| F|  |TAMS 0x0000000088a00000, 0x0000000088a00000| Untracked 
| 139|0x0000000088b00000, 0x0000000088b00000, 0x0000000088c00000|  0%| F|  |TAMS 0x0000000088b00000, 0x0000000088b00000| Untracked 
| 140|0x0000000088c00000, 0x0000000088c00000, 0x0000000088d00000|  0%| F|  |TAMS 0x0000000088c00000, 0x0000000088c00000| Untracked 
| 141|0x0000000088d00000, 0x0000000088d00000, 0x0000000088e00000|  0%| F|  |TAMS 0x0000000088d00000, 0x0000000088d00000| Untracked 
| 142|0x0000000088e00000, 0x0000000088e00000, 0x0000000088f00000|  0%| F|  |TAMS 0x0000000088e00000, 0x0000000088e00000| Untracked 
| 143|0x0000000088f00000, 0x0000000088f00000, 0x0000000089000000|  0%| F|  |TAMS 0x0000000088f00000, 0x0000000088f00000| Untracked 
| 144|0x0000000089000000, 0x0000000089000000, 0x0000000089100000|  0%| F|  |TAMS 0x0000000089000000, 0x0000000089000000| Untracked 
| 145|0x0000000089100000, 0x0000000089100000, 0x0000000089200000|  0%| F|  |TAMS 0x0000000089100000, 0x0000000089100000| Untracked 
| 146|0x0000000089200000, 0x0000000089200000, 0x0000000089300000|  0%| F|  |TAMS 0x0000000089200000, 0x0000000089200000| Untracked 
| 147|0x0000000089300000, 0x0000000089300000, 0x0000000089400000|  0%| F|  |TAMS 0x0000000089300000, 0x0000000089300000| Untracked 
| 148|0x0000000089400000, 0x0000000089400000, 0x0000000089500000|  0%| F|  |TAMS 0x0000000089400000, 0x0000000089400000| Untracked 
| 149|0x0000000089500000, 0x0000000089500000, 0x0000000089600000|  0%| F|  |TAMS 0x0000000089500000, 0x0000000089500000| Untracked 
| 150|0x0000000089600000, 0x0000000089600000, 0x0000000089700000|  0%| F|  |TAMS 0x0000000089600000, 0x0000000089600000| Untracked 
| 151|0x0000000089700000, 0x0000000089700000, 0x0000000089800000|  0%| F|  |TAMS 0x0000000089700000, 0x0000000089700000| Untracked 
| 152|0x0000000089800000, 0x0000000089800000, 0x0000000089900000|  0%| F|  |TAMS 0x0000000089800000, 0x0000000089800000| Untracked 
| 153|0x0000000089900000, 0x0000000089a00000, 0x0000000089a00000|100%| S|CS|TAMS 0x0000000089900000, 0x0000000089900000| Complete 
| 154|0x0000000089a00000, 0x0000000089b00000, 0x0000000089b00000|100%| S|CS|TAMS 0x0000000089a00000, 0x0000000089a00000| Complete 
| 155|0x0000000089b00000, 0x0000000089c00000, 0x0000000089c00000|100%| S|CS|TAMS 0x0000000089b00000, 0x0000000089b00000| Complete 
| 156|0x0000000089c00000, 0x0000000089d00000, 0x0000000089d00000|100%| S|CS|TAMS 0x0000000089c00000, 0x0000000089c00000| Complete 
| 157|0x0000000089d00000, 0x0000000089e00000, 0x0000000089e00000|100%| S|CS|TAMS 0x0000000089d00000, 0x0000000089d00000| Complete 
| 158|0x0000000089e00000, 0x0000000089e00000, 0x0000000089f00000|  0%| F|  |TAMS 0x0000000089e00000, 0x0000000089e00000| Untracked 
| 159|0x0000000089f00000, 0x0000000089f00000, 0x000000008a000000|  0%| F|  |TAMS 0x0000000089f00000, 0x0000000089f00000| Untracked 
| 160|0x000000008a000000, 0x000000008a000000, 0x000000008a100000|  0%| F|  |TAMS 0x000000008a000000, 0x000000008a000000| Untracked 
| 161|0x000000008a100000, 0x000000008a100000, 0x000000008a200000|  0%| F|  |TAMS 0x000000008a100000, 0x000000008a100000| Untracked 
| 162|0x000000008a200000, 0x000000008a200000, 0x000000008a300000|  0%| F|  |TAMS 0x000000008a200000, 0x000000008a200000| Untracked 
| 163|0x000000008a300000, 0x000000008a300000, 0x000000008a400000|  0%| F|  |TAMS 0x000000008a300000, 0x000000008a300000| Untracked 
| 164|0x000000008a400000, 0x000000008a400000, 0x000000008a500000|  0%| F|  |TAMS 0x000000008a400000, 0x000000008a400000| Untracked 
| 165|0x000000008a500000, 0x000000008a500000, 0x000000008a600000|  0%| F|  |TAMS 0x000000008a500000, 0x000000008a500000| Untracked 
| 166|0x000000008a600000, 0x000000008a600000, 0x000000008a700000|  0%| F|  |TAMS 0x000000008a600000, 0x000000008a600000| Untracked 
| 167|0x000000008a700000, 0x000000008a700000, 0x000000008a800000|  0%| F|  |TAMS 0x000000008a700000, 0x000000008a700000| Untracked 
| 168|0x000000008a800000, 0x000000008a800000, 0x000000008a900000|  0%| F|  |TAMS 0x000000008a800000, 0x000000008a800000| Untracked 
| 169|0x000000008a900000, 0x000000008a900000, 0x000000008aa00000|  0%| F|  |TAMS 0x000000008a900000, 0x000000008a900000| Untracked 
| 170|0x000000008aa00000, 0x000000008aa00000, 0x000000008ab00000|  0%| F|  |TAMS 0x000000008aa00000, 0x000000008aa00000| Untracked 
| 171|0x000000008ab00000, 0x000000008ab00000, 0x000000008ac00000|  0%| F|  |TAMS 0x000000008ab00000, 0x000000008ab00000| Untracked 
| 172|0x000000008ac00000, 0x000000008ac00000, 0x000000008ad00000|  0%| F|  |TAMS 0x000000008ac00000, 0x000000008ac00000| Untracked 
| 173|0x000000008ad00000, 0x000000008ad00000, 0x000000008ae00000|  0%| F|  |TAMS 0x000000008ad00000, 0x000000008ad00000| Untracked 
| 174|0x000000008ae00000, 0x000000008ae00000, 0x000000008af00000|  0%| F|  |TAMS 0x000000008ae00000, 0x000000008ae00000| Untracked 
| 175|0x000000008af00000, 0x000000008af00000, 0x000000008b000000|  0%| F|  |TAMS 0x000000008af00000, 0x000000008af00000| Untracked 
| 176|0x000000008b000000, 0x000000008b000000, 0x000000008b100000|  0%| F|  |TAMS 0x000000008b000000, 0x000000008b000000| Untracked 
| 177|0x000000008b100000, 0x000000008b100000, 0x000000008b200000|  0%| F|  |TAMS 0x000000008b100000, 0x000000008b100000| Untracked 
| 178|0x000000008b200000, 0x000000008b200000, 0x000000008b300000|  0%| F|  |TAMS 0x000000008b200000, 0x000000008b200000| Untracked 
| 179|0x000000008b300000, 0x000000008b300000, 0x000000008b400000|  0%| F|  |TAMS 0x000000008b300000, 0x000000008b300000| Untracked 
| 180|0x000000008b400000, 0x000000008b400000, 0x000000008b500000|  0%| F|  |TAMS 0x000000008b400000, 0x000000008b400000| Untracked 
| 181|0x000000008b500000, 0x000000008b500000, 0x000000008b600000|  0%| F|  |TAMS 0x000000008b500000, 0x000000008b500000| Untracked 
| 182|0x000000008b600000, 0x000000008b600000, 0x000000008b700000|  0%| F|  |TAMS 0x000000008b600000, 0x000000008b600000| Untracked 
| 183|0x000000008b700000, 0x000000008b700000, 0x000000008b800000|  0%| F|  |TAMS 0x000000008b700000, 0x000000008b700000| Untracked 
| 184|0x000000008b800000, 0x000000008b800000, 0x000000008b900000|  0%| F|  |TAMS 0x000000008b800000, 0x000000008b800000| Untracked 
| 185|0x000000008b900000, 0x000000008b900000, 0x000000008ba00000|  0%| F|  |TAMS 0x000000008b900000, 0x000000008b900000| Untracked 
| 186|0x000000008ba00000, 0x000000008ba00000, 0x000000008bb00000|  0%| F|  |TAMS 0x000000008ba00000, 0x000000008ba00000| Untracked 

Card table byte_map: [0x000001f32e450000,0x000001f32e850000] _byte_map_base: 0x000001f32e050000

Marking Bits (Prev, Next): (CMBitMap*) 0x000001f31b8aaf30, (CMBitMap*) 0x000001f31b8aaef0
 Prev Bits: [0x000001f330c50000, 0x000001f332c50000)
 Next Bits: [0x000001f32ec50000, 0x000001f330c50000)

Polling page: 0x000001f31b020000

Metaspace:

Usage:
  Non-class:     90.83 MB used.
      Class:     14.22 MB used.
       Both:    105.05 MB used.

Virtual space:
  Non-class space:       96.00 MB reserved,      91.19 MB ( 95%) committed,  12 nodes.
      Class space:        1.00 GB reserved,      14.62 MB (  1%) committed,  1 nodes.
             Both:        1.09 GB reserved,     105.81 MB (  9%) committed. 

Chunk freelists:
   Non-Class:  128.00 KB
       Class:  1.36 MB
        Both:  1.48 MB

MaxMetaspaceSize: unlimited
CompressedClassSpaceSize: 1.00 GB
Initial GC threshold: 21.00 MB
Current GC threshold: 122.75 MB
CDS: off
MetaspaceReclaimPolicy: balanced
 - commit_granule_bytes: 65536.
 - commit_granule_words: 8192.
 - virtual_space_node_default_size: 1048576.
 - enlarge_chunks_in_place: 1.
 - new_chunks_are_fully_committed: 0.
 - uncommit_free_chunks: 1.
 - use_allocation_guard: 0.
 - handle_deallocations: 1.


Internal statistics:

num_allocs_failed_limit: 9.
num_arena_births: 1174.
num_arena_deaths: 0.
num_vsnodes_births: 13.
num_vsnodes_deaths: 0.
num_space_committed: 1692.
num_space_uncommitted: 0.
num_chunks_returned_to_freelist: 9.
num_chunks_taken_from_freelist: 5078.
num_chunk_merges: 3.
num_chunk_splits: 3355.
num_chunks_enlarged: 2267.
num_purges: 0.
num_inconsistent_stats: 0.

CodeHeap 'non-profiled nmethods': size=120000Kb used=6496Kb max_used=6496Kb free=113503Kb
 bounds [0x000001f3267f0000, 0x000001f326e50000, 0x000001f32dd20000]
CodeHeap 'profiled nmethods': size=120000Kb used=21966Kb max_used=21966Kb free=98033Kb
 bounds [0x000001f31ed20000, 0x000001f3202a0000, 0x000001f326250000]
CodeHeap 'non-nmethods': size=5760Kb used=2442Kb max_used=2539Kb free=3317Kb
 bounds [0x000001f326250000, 0x000001f3264e0000, 0x000001f3267f0000]
 total_blobs=12113 nmethods=11129 adapters=896
 compilation: enabled
              stopped_count=0, restarted_count=0
 full_count=0

Compilation events (20 events):
Event: 12.801 Thread 0x000001f3360283a0 12729       2       org.apache.xerces.dom.ParentNode::internalInsertBefore (651 bytes)
Event: 12.803 Thread 0x000001f3360283a0 nmethod 12729 0x000001f320282390 code [0x000001f3202827a0, 0x000001f320283cc8]
Event: 12.803 Thread 0x000001f3360283a0 12730 %     3       org.apache.xerces.dom.ParentNode::internalInsertBefore @ 282 (651 bytes)
Event: 12.805 Thread 0x000001f3360283a0 nmethod 12730% 0x000001f320284590 code [0x000001f320284aa0, 0x000001f320287948]
Event: 12.806 Thread 0x000001f3360283a0 12731       2       com.android.ide.common.resources.DataFile::hasNotRemovedItems (48 bytes)
Event: 12.806 Thread 0x000001f3360283a0 nmethod 12731 0x000001f320288590 code [0x000001f320288760, 0x000001f3202889f8]
Event: 12.806 Thread 0x000001f3360283a0 12732       2       com.android.ide.common.resources.DataSet::createFileElement (81 bytes)
Event: 12.806 Thread 0x000001f3360283a0 nmethod 12732 0x000001f320288b90 code [0x000001f320288dc0, 0x000001f3202891d8]
Event: 12.806 Thread 0x000001f3360283a0 12733       3       org.apache.xerces.dom.ParentNode::internalInsertBefore (651 bytes)
Event: 12.808 Thread 0x000001f3360283a0 nmethod 12733 0x000001f320289590 code [0x000001f320289aa0, 0x000001f32028c808]
Event: 12.813 Thread 0x000001f3360283a0 12737       2       java.util.HashMap$Values::iterator (12 bytes)
Event: 12.813 Thread 0x000001f3360283a0 nmethod 12737 0x000001f32028d410 code [0x000001f32028d5c0, 0x000001f32028d7a8]
Event: 12.813 Thread 0x000001f3360283a0 12738       2       java.util.HashMap$ValueIterator::<init> (11 bytes)
Event: 12.813 Thread 0x000001f3360283a0 nmethod 12738 0x000001f32028d890 code [0x000001f32028da20, 0x000001f32028db88]
Event: 12.817 Thread 0x000001f3360283a0 12740       3       com.android.utils.XmlUtils::toXmlAttributeValue (89 bytes)
Event: 12.818 Thread 0x000001f3360283a0 nmethod 12740 0x000001f32028dc10 code [0x000001f32028dee0, 0x000001f32028edb8]
Event: 12.818 Thread 0x000001f3360283a0 12741       3       com.android.utils.XmlUtils::append (597 bytes)
Event: 12.820 Thread 0x000001f3360283a0 nmethod 12741 0x000001f32028f390 code [0x000001f32028f9c0, 0x000001f3202928e8]
Event: 12.829 Thread 0x000001f3360275e0 nmethod 12718 0x000001f326e45890 code [0x000001f326e45ac0, 0x000001f326e47498]
Event: 12.829 Thread 0x000001f3360275e0 12744       4       com.android.utils.XmlUtils::toXmlAttributeValue (89 bytes)

GC Heap History (20 events):
Event: 7.360 GC heap after
{Heap after GC invocations=28 (full 0):
 garbage-first heap   total 130048K, used 64124K [0x0000000080000000, 0x0000000100000000)
  region size 1024K, 3 young (3072K), 3 survivors (3072K)
 Metaspace       used 74531K, committed 75136K, reserved 1114112K
  class space    used 9881K, committed 10176K, reserved 1048576K
}
Event: 7.651 GC heap before
{Heap before GC invocations=29 (full 0):
 garbage-first heap   total 130048K, used 94844K [0x0000000080000000, 0x0000000100000000)
  region size 1024K, 33 young (33792K), 3 survivors (3072K)
 Metaspace       used 78400K, committed 78976K, reserved 1122304K
  class space    used 10423K, committed 10688K, reserved 1048576K
}
Event: 7.654 GC heap after
{Heap after GC invocations=30 (full 0):
 garbage-first heap   total 130048K, used 65898K [0x0000000080000000, 0x0000000100000000)
  region size 1024K, 5 young (5120K), 5 survivors (5120K)
 Metaspace       used 78400K, committed 78976K, reserved 1122304K
  class space    used 10423K, committed 10688K, reserved 1048576K
}
Event: 7.665 GC heap before
{Heap before GC invocations=30 (full 0):
 garbage-first heap   total 130048K, used 66922K [0x0000000080000000, 0x0000000100000000)
  region size 1024K, 6 young (6144K), 5 survivors (5120K)
 Metaspace       used 78494K, committed 79040K, reserved 1122304K
  class space    used 10437K, committed 10688K, reserved 1048576K
}
Event: 7.669 GC heap after
{Heap after GC invocations=31 (full 0):
 garbage-first heap   total 191488K, used 66151K [0x0000000080000000, 0x0000000100000000)
  region size 1024K, 1 young (1024K), 1 survivors (1024K)
 Metaspace       used 78494K, committed 79040K, reserved 1122304K
  class space    used 10437K, committed 10688K, reserved 1048576K
}
Event: 8.389 GC heap before
{Heap before GC invocations=31 (full 0):
 garbage-first heap   total 191488K, used 133735K [0x0000000080000000, 0x0000000100000000)
  region size 1024K, 67 young (68608K), 1 survivors (1024K)
 Metaspace       used 83917K, committed 84544K, reserved 1122304K
  class space    used 11173K, committed 11456K, reserved 1048576K
}
Event: 8.393 GC heap after
{Heap after GC invocations=32 (full 0):
 garbage-first heap   total 191488K, used 71257K [0x0000000080000000, 0x0000000100000000)
  region size 1024K, 6 young (6144K), 6 survivors (6144K)
 Metaspace       used 83917K, committed 84544K, reserved 1122304K
  class space    used 11173K, committed 11456K, reserved 1048576K
}
Event: 9.140 GC heap before
{Heap before GC invocations=32 (full 0):
 garbage-first heap   total 191488K, used 139865K [0x0000000080000000, 0x0000000100000000)
  region size 1024K, 73 young (74752K), 6 survivors (6144K)
 Metaspace       used 91536K, committed 92160K, reserved 1130496K
  class space    used 12452K, committed 12736K, reserved 1048576K
}
Event: 9.147 GC heap after
{Heap after GC invocations=33 (full 0):
 garbage-first heap   total 191488K, used 75330K [0x0000000080000000, 0x0000000100000000)
  region size 1024K, 6 young (6144K), 6 survivors (6144K)
 Metaspace       used 91536K, committed 92160K, reserved 1130496K
  class space    used 12452K, committed 12736K, reserved 1048576K
}
Event: 9.841 GC heap before
{Heap before GC invocations=33 (full 0):
 garbage-first heap   total 191488K, used 144962K [0x0000000080000000, 0x0000000100000000)
  region size 1024K, 74 young (75776K), 6 survivors (6144K)
 Metaspace       used 98792K, committed 99456K, reserved 1138688K
  class space    used 13479K, committed 13760K, reserved 1048576K
}
Event: 9.848 GC heap after
{Heap after GC invocations=34 (full 0):
 garbage-first heap   total 191488K, used 80583K [0x0000000080000000, 0x0000000100000000)
  region size 1024K, 10 young (10240K), 10 survivors (10240K)
 Metaspace       used 98792K, committed 99456K, reserved 1138688K
  class space    used 13479K, committed 13760K, reserved 1048576K
}
Event: 10.326 GC heap before
{Heap before GC invocations=34 (full 0):
 garbage-first heap   total 191488K, used 149191K [0x0000000080000000, 0x0000000100000000)
  region size 1024K, 77 young (78848K), 10 survivors (10240K)
 Metaspace       used 102322K, committed 102912K, reserved 1138688K
  class space    used 13921K, committed 14208K, reserved 1048576K
}
Event: 10.337 GC heap after
{Heap after GC invocations=35 (full 0):
 garbage-first heap   total 191488K, used 89746K [0x0000000080000000, 0x0000000100000000)
  region size 1024K, 9 young (9216K), 9 survivors (9216K)
 Metaspace       used 102322K, committed 102912K, reserved 1138688K
  class space    used 13921K, committed 14208K, reserved 1048576K
}
Event: 10.880 GC heap before
{Heap before GC invocations=35 (full 0):
 garbage-first heap   total 191488K, used 149138K [0x0000000080000000, 0x0000000100000000)
  region size 1024K, 68 young (69632K), 9 survivors (9216K)
 Metaspace       used 103809K, committed 104576K, reserved 1138688K
  class space    used 14170K, committed 14528K, reserved 1048576K
}
Event: 10.889 GC heap after
{Heap after GC invocations=36 (full 0):
 garbage-first heap   total 191488K, used 94584K [0x0000000080000000, 0x0000000100000000)
  region size 1024K, 5 young (5120K), 5 survivors (5120K)
 Metaspace       used 103809K, committed 104576K, reserved 1138688K
  class space    used 14170K, committed 14528K, reserved 1048576K
}
Event: 11.786 GC heap before
{Heap before GC invocations=36 (full 0):
 garbage-first heap   total 191488K, used 161144K [0x0000000080000000, 0x0000000100000000)
  region size 1024K, 62 young (63488K), 5 survivors (5120K)
 Metaspace       used 106812K, committed 107584K, reserved 1146880K
  class space    used 14506K, committed 14912K, reserved 1048576K
}
Event: 11.797 GC heap after
{Heap after GC invocations=37 (full 0):
 garbage-first heap   total 191488K, used 108135K [0x0000000080000000, 0x0000000100000000)
  region size 1024K, 8 young (8192K), 8 survivors (8192K)
 Metaspace       used 106812K, committed 107584K, reserved 1146880K
  class space    used 14506K, committed 14912K, reserved 1048576K
}
Event: 12.366 GC heap before
{Heap before GC invocations=37 (full 0):
 garbage-first heap   total 191488K, used 159335K [0x0000000080000000, 0x0000000100000000)
  region size 1024K, 50 young (51200K), 8 survivors (8192K)
 Metaspace       used 107398K, committed 108160K, reserved 1146880K
  class space    used 14553K, committed 14912K, reserved 1048576K
}
Event: 12.379 GC heap after
{Heap after GC invocations=38 (full 0):
 garbage-first heap   total 191488K, used 122376K [0x0000000080000000, 0x0000000100000000)
  region size 1024K, 7 young (7168K), 7 survivors (7168K)
 Metaspace       used 107398K, committed 108160K, reserved 1146880K
  class space    used 14553K, committed 14912K, reserved 1048576K
}
Event: 12.834 GC heap before
{Heap before GC invocations=38 (full 0):
 garbage-first heap   total 191488K, used 154120K [0x0000000080000000, 0x0000000100000000)
  region size 1024K, 36 young (36864K), 7 survivors (7168K)
 Metaspace       used 107568K, committed 108352K, reserved 1146880K
  class space    used 14562K, committed 14976K, reserved 1048576K
}

Dll operation events (2 events):
Event: 0.012 Loaded shared library C:\Program Files\Android\Android Studio\jbr\bin\java.dll
Event: 0.323 Loaded shared library C:\Program Files\Android\Android Studio\jbr\bin\verify.dll

Deoptimization events (20 events):
Event: 12.753 Thread 0x000001f33febe3d0 DEOPT PACKING pc=0x000001f326de3be8 sp=0x0000007597efa6d0
Event: 12.753 Thread 0x000001f33febe3d0 DEOPT UNPACKING pc=0x000001f3262a69a3 sp=0x0000007597efa600 mode 2
Event: 12.801 Thread 0x000001f33febe3d0 Uncommon trap: trap_request=0xffffff45 fr.pc=0x000001f326e44b7c relative=0x000000000000057c
Event: 12.801 Thread 0x000001f33febe3d0 Uncommon trap: reason=unstable_if action=reinterpret pc=0x000001f326e44b7c method=org.apache.xerces.dom.ParentNode.checkNormalizationAfterInsert(Lorg/apache/xerces/dom/ChildNode;)V @ 27 c2
Event: 12.801 Thread 0x000001f33febe3d0 DEOPT PACKING pc=0x000001f326e44b7c sp=0x0000007597efa580
Event: 12.801 Thread 0x000001f33febe3d0 DEOPT UNPACKING pc=0x000001f3262a69a3 sp=0x0000007597efa4a8 mode 2
Event: 12.806 Thread 0x000001f33febe3d0 DEOPT PACKING pc=0x000001f3202835d7 sp=0x0000007597efa7c0
Event: 12.806 Thread 0x000001f33febe3d0 DEOPT UNPACKING pc=0x000001f3262a7143 sp=0x0000007597ef9cd8 mode 0
Event: 12.817 Thread 0x000001f33febe3d0 Uncommon trap: trap_request=0xffffff45 fr.pc=0x000001f326df5d84 relative=0x0000000000000984
Event: 12.817 Thread 0x000001f33febe3d0 Uncommon trap: reason=unstable_if action=reinterpret pc=0x000001f326df5d84 method=com.android.utils.XmlUtils.toXmlAttributeValue(Ljava/lang/String;)Ljava/lang/String; @ 33 c2
Event: 12.817 Thread 0x000001f33febe3d0 DEOPT PACKING pc=0x000001f326df5d84 sp=0x0000007597efa680
Event: 12.817 Thread 0x000001f33febe3d0 DEOPT UNPACKING pc=0x000001f3262a69a3 sp=0x0000007597efa640 mode 2
Event: 12.817 Thread 0x000001f33febe3d0 Uncommon trap: trap_request=0xffffff45 fr.pc=0x000001f326e2b9bc relative=0x0000000000005f9c
Event: 12.817 Thread 0x000001f33febe3d0 Uncommon trap: reason=unstable_if action=reinterpret pc=0x000001f326e2b9bc method=com.android.utils.XmlUtils.append(Lcom/android/utils/XmlUtils$PositionAwareStringBuilder;Lorg/w3c/dom/Node;Ljava/util/Map;Ljava/util/Set;)V @ 516 c2
Event: 12.817 Thread 0x000001f33febe3d0 DEOPT PACKING pc=0x000001f326e2b9bc sp=0x0000007597efa630
Event: 12.817 Thread 0x000001f33febe3d0 DEOPT UNPACKING pc=0x000001f3262a69a3 sp=0x0000007597efa5f8 mode 2
Event: 12.817 Thread 0x000001f33febe3d0 Uncommon trap: trap_request=0xffffff45 fr.pc=0x000001f326e2b9bc relative=0x0000000000005f9c
Event: 12.817 Thread 0x000001f33febe3d0 Uncommon trap: reason=unstable_if action=reinterpret pc=0x000001f326e2b9bc method=com.android.utils.XmlUtils.append(Lcom/android/utils/XmlUtils$PositionAwareStringBuilder;Lorg/w3c/dom/Node;Ljava/util/Map;Ljava/util/Set;)V @ 516 c2
Event: 12.817 Thread 0x000001f33febe3d0 DEOPT PACKING pc=0x000001f326e2b9bc sp=0x0000007597efa700
Event: 12.817 Thread 0x000001f33febe3d0 DEOPT UNPACKING pc=0x000001f3262a69a3 sp=0x0000007597efa6c8 mode 2

Classes unloaded (0 events):
No events

Classes redefined (0 events):
No events

Internal exceptions (20 events):
Event: 10.577 Thread 0x000001f3360d3710 Exception <a 'java/lang/NoSuchMethodError'{0x000000008a0042e0}: static Lorg/jetbrains/kotlin/gradle/plugin/statistics/MetricContainer;.<clinit>()V> (0x000000008a0042e0) 
thrown [s\src\hotspot\share\prims\jni.cpp, line 1108]
Event: 10.845 Thread 0x000001f33febed70 Exception <a 'java/lang/NoSuchMethodError'{0x0000000088433c68}: static Lcom/android/build/gradle/internal/tasks/AarMetadataArtifact;.<clinit>()V> (0x0000000088433c68) 
thrown [s\src\hotspot\share\prims\jni.cpp, line 1108]
Event: 10.851 Thread 0x000001f33febe3d0 Exception <a 'sun/nio/fs/WindowsException'{0x000000008a3fcc50}> (0x000000008a3fcc50) 
thrown [s\src\hotspot\share\prims\jni.cpp, line 517]
Event: 10.865 Thread 0x000001f33febe3d0 Exception <a 'sun/nio/fs/WindowsException'{0x00000000884ff0c8}> (0x00000000884ff0c8) 
thrown [s\src\hotspot\share\prims\jni.cpp, line 517]
Event: 10.871 Thread 0x000001f3392d9e00 Exception <a 'java/lang/NoSuchMethodError'{0x000000008821a4a8}: 'java.lang.Object java.lang.invoke.DirectMethodHandle$Holder.invokeSpecial(java.lang.Object, java.lang.Object, long, java.lang.Object, java.lang.Object, java.lang.Object, java.lang.Object, java.lang.Object, java.lang.Object, java.lang.Object, java.lang.Object, java.lang.Object)'> (0x000000008821a4a8) 
thrown [s\src\hotspot\share\interpreter\linkResolver.cpp, line 771]
Event: 10.871 Thread 0x000001f3392d9e00 Exception <a 'java/lang/NoSuchMethodError'{0x000000008823d1f8}: 'java.lang.Object java.lang.invoke.DelegatingMethodHandle$Holder.reinvoke_L(java.lang.Object, long, java.lang.Object, java.lang.Object, java.lang.Object, java.lang.Object, java.lang.Object, java.lang.Object, java.lang.Object, java.lang.Object, java.lang.Object)'> (0x000000008823d1f8) 
thrown [s\src\hotspot\share\interpreter\linkResolver.cpp, line 771]
Event: 10.874 Thread 0x000001f3392d9e00 Exception <a 'java/lang/NoSuchMethodError'{0x00000000882ac850}: 'java.lang.Object java.lang.invoke.Invokers$Holder.linkToTargetMethod(java.lang.Object, java.lang.Object, java.lang.Object, java.lang.Object, java.lang.Object, java.lang.Object, java.lang.Object, java.lang.Object, java.lang.Object, java.lang.Object)'> (0x00000000882ac850) 
thrown [s\src\hotspot\share\interpreter\linkResolver.cpp, line 771]
Event: 10.939 Thread 0x000001f33755a460 Exception <a 'java/lang/NoSuchMethodError'{0x000000008b0e0720}: static Lorg/gradle/internal/build/event/types/DefaultTaskFailureResult;.<clinit>()V> (0x000000008b0e0720) 
thrown [s\src\hotspot\share\prims\jni.cpp, line 1108]
Event: 10.941 Thread 0x000001f33755a460 Exception <a 'java/lang/NoSuchMethodError'{0x000000008af07ce0}: static Lorg/gradle/internal/build/event/types/DefaultFailure;.<clinit>()V> (0x000000008af07ce0) 
thrown [s\src\hotspot\share\prims\jni.cpp, line 1108]
Event: 11.039 Thread 0x000001f33febe3d0 Exception <a 'sun/nio/fs/WindowsException'{0x000000008aaf5fa0}> (0x000000008aaf5fa0) 
thrown [s\src\hotspot\share\prims\jni.cpp, line 517]
Event: 11.039 Thread 0x000001f33febe3d0 Exception <a 'sun/nio/fs/WindowsException'{0x000000008aaf6e30}> (0x000000008aaf6e30) 
thrown [s\src\hotspot\share\prims\jni.cpp, line 517]
Event: 11.039 Thread 0x000001f33febe3d0 Exception <a 'sun/nio/fs/WindowsException'{0x000000008aaf6ea0}> (0x000000008aaf6ea0) 
thrown [s\src\hotspot\share\prims\jni.cpp, line 517]
Event: 11.039 Thread 0x000001f33febe3d0 Exception <a 'sun/nio/fs/WindowsException'{0x000000008aaf7250}> (0x000000008aaf7250) 
thrown [s\src\hotspot\share\prims\jni.cpp, line 517]
Event: 11.059 Thread 0x000001f33febe3d0 Exception <a 'sun/nio/fs/WindowsException'{0x000000008a9e9d90}> (0x000000008a9e9d90) 
thrown [s\src\hotspot\share\prims\jni.cpp, line 517]
Event: 11.060 Thread 0x000001f33febe3d0 Exception <a 'sun/nio/fs/WindowsException'{0x000000008a9ebcd8}> (0x000000008a9ebcd8) 
thrown [s\src\hotspot\share\prims\jni.cpp, line 517]
Event: 11.060 Thread 0x000001f33febe3d0 Exception <a 'sun/nio/fs/WindowsException'{0x000000008a9ed990}> (0x000000008a9ed990) 
thrown [s\src\hotspot\share\prims\jni.cpp, line 517]
Event: 11.060 Thread 0x000001f33febe3d0 Exception <a 'sun/nio/fs/WindowsException'{0x000000008a9ef838}> (0x000000008a9ef838) 
thrown [s\src\hotspot\share\prims\jni.cpp, line 517]
Event: 11.061 Thread 0x000001f33febe3d0 Exception <a 'sun/nio/fs/WindowsException'{0x000000008a9f13d0}> (0x000000008a9f13d0) 
thrown [s\src\hotspot\share\prims\jni.cpp, line 517]
Event: 12.817 Thread 0x000001f33febe3d0 Implicit null exception at 0x000001f326e274f3 to 0x000001f326e2b994
Event: 12.817 Thread 0x000001f33febe3d0 Implicit null exception at 0x000001f326e274f3 to 0x000001f326e2b994

VM Operations (20 events):
Event: 11.270 Executing VM operation: HandshakeAllThreads done
Event: 11.682 Executing VM operation: ICBufferFull
Event: 11.682 Executing VM operation: ICBufferFull done
Event: 11.745 Executing VM operation: HandshakeAllThreads
Event: 11.745 Executing VM operation: HandshakeAllThreads done
Event: 11.786 Executing VM operation: G1CollectForAllocation
Event: 11.797 Executing VM operation: G1CollectForAllocation done
Event: 12.127 Executing VM operation: HandshakeAllThreads
Event: 12.128 Executing VM operation: HandshakeAllThreads done
Event: 12.152 Executing VM operation: HandshakeAllThreads
Event: 12.153 Executing VM operation: HandshakeAllThreads done
Event: 12.361 Executing VM operation: HandshakeAllThreads
Event: 12.362 Executing VM operation: HandshakeAllThreads done
Event: 12.366 Executing VM operation: G1CollectForAllocation
Event: 12.379 Executing VM operation: G1CollectForAllocation done
Event: 12.447 Executing VM operation: ICBufferFull
Event: 12.447 Executing VM operation: ICBufferFull done
Event: 12.806 Executing VM operation: ICBufferFull
Event: 12.806 Executing VM operation: ICBufferFull done
Event: 12.834 Executing VM operation: G1CollectForAllocation

Events (20 events):
Event: 12.054 loading class java/util/stream/Nodes$IntFixedNodeBuilder done
Event: 12.074 loading class java/util/concurrent/ConcurrentLinkedDeque
Event: 12.075 loading class java/util/concurrent/ConcurrentLinkedDeque done
Event: 12.075 loading class java/util/concurrent/ConcurrentLinkedDeque$Node
Event: 12.075 loading class java/util/concurrent/ConcurrentLinkedDeque$Node done
Event: 12.154 loading class org/w3c/dom/DOMImplementation
Event: 12.154 loading class org/w3c/dom/DOMImplementation done
Event: 12.154 loading class org/w3c/dom/ls/DOMImplementationLS
Event: 12.154 loading class org/w3c/dom/ls/DOMImplementationLS done
Event: 12.155 loading class org/w3c/dom/ls/LSSerializer
Event: 12.155 loading class org/w3c/dom/ls/LSSerializer done
Event: 12.155 loading class org/w3c/dom/ls/LSOutput
Event: 12.155 loading class org/w3c/dom/ls/LSOutput done
Event: 12.155 loading class org/w3c/dom/ls/LSInput
Event: 12.155 loading class org/w3c/dom/ls/LSInput done
Event: 12.155 loading class org/w3c/dom/ls/LSParser
Event: 12.155 loading class org/w3c/dom/ls/LSParser done
Event: 12.383 Thread 0x000001f336028ca0 flushing nmethod 0x000001f31f71bf90
Event: 12.388 Thread 0x000001f336028ca0 flushing nmethod 0x000001f31fe30310
Event: 12.388 Thread 0x000001f336028ca0 flushing nmethod 0x000001f31fe61010


Dynamic libraries:
0x00007ff732ac0000 - 0x00007ff732aca000 	C:\Program Files\Android\Android Studio\jbr\bin\java.exe
0x00007ffe0a4b0000 - 0x00007ffe0a6a7000 	C:\windows\SYSTEM32\ntdll.dll
0x00007ffe090d0000 - 0x00007ffe0918d000 	C:\windows\System32\KERNEL32.DLL
0x00007ffe08090000 - 0x00007ffe08386000 	C:\windows\System32\KERNELBASE.dll
0x00007ffe07d00000 - 0x00007ffe07e00000 	C:\windows\System32\ucrtbase.dll
0x00007ffd957b0000 - 0x00007ffd957c7000 	C:\Program Files\Android\Android Studio\jbr\bin\jli.dll
0x00007ffdbf1d0000 - 0x00007ffdbf1eb000 	C:\Program Files\Android\Android Studio\jbr\bin\VCRUNTIME140.dll
0x00007ffe08f30000 - 0x00007ffe090ce000 	C:\windows\System32\USER32.dll
0x00007ffe08390000 - 0x00007ffe083b2000 	C:\windows\System32\win32u.dll
0x00007ffe09c80000 - 0x00007ffe09cac000 	C:\windows\System32\GDI32.dll
0x00007ffdf0f20000 - 0x00007ffdf11ba000 	C:\windows\WinSxS\amd64_microsoft.windows.common-controls_6595b64144ccf1df_6.0.19041.3570_none_60bb2a3971f3e41a\COMCTL32.dll
0x00007ffe07be0000 - 0x00007ffe07cfa000 	C:\windows\System32\gdi32full.dll
0x00007ffe08930000 - 0x00007ffe089ce000 	C:\windows\System32\msvcrt.dll
0x00007ffe083c0000 - 0x00007ffe0845d000 	C:\windows\System32\msvcp_win.dll
0x00007ffe08ae0000 - 0x00007ffe08b10000 	C:\windows\System32\IMM32.DLL
0x00007ffde0350000 - 0x00007ffde035c000 	C:\Program Files\Android\Android Studio\jbr\bin\vcruntime140_1.dll
0x00007ffdb4ae0000 - 0x00007ffdb4b6d000 	C:\Program Files\Android\Android Studio\jbr\bin\msvcp140.dll
0x00007ffd5e5d0000 - 0x00007ffd5f23e000 	C:\Program Files\Android\Android Studio\jbr\bin\server\jvm.dll
0x00007ffe08c30000 - 0x00007ffe08cde000 	C:\windows\System32\ADVAPI32.dll
0x00007ffe08b70000 - 0x00007ffe08c0c000 	C:\windows\System32\sechost.dll
0x00007ffe08520000 - 0x00007ffe08646000 	C:\windows\System32\RPCRT4.dll
0x00007ffda3ed0000 - 0x00007ffda3ed9000 	C:\windows\SYSTEM32\WSOCK32.dll
0x00007ffdedfd0000 - 0x00007ffdedff7000 	C:\windows\SYSTEM32\WINMM.dll
0x00007ffdff440000 - 0x00007ffdff44a000 	C:\windows\SYSTEM32\VERSION.dll
0x00007ffe0a400000 - 0x00007ffe0a46b000 	C:\windows\System32\WS2_32.dll
0x00007ffe063c0000 - 0x00007ffe063d2000 	C:\windows\SYSTEM32\kernel.appcore.dll
0x00007ffd76e50000 - 0x00007ffd76e5a000 	C:\Program Files\Android\Android Studio\jbr\bin\jimage.dll
0x00007ffe060e0000 - 0x00007ffe062c4000 	C:\windows\SYSTEM32\DBGHELP.DLL
0x00007ffdea0c0000 - 0x00007ffdea0f4000 	C:\windows\SYSTEM32\dbgcore.DLL
0x00007ffe07e00000 - 0x00007ffe07e82000 	C:\windows\System32\bcryptPrimitives.dll
0x00007ffd76370000 - 0x00007ffd76395000 	C:\Program Files\Android\Android Studio\jbr\bin\java.dll
0x00007ffd76e30000 - 0x00007ffd76e48000 	C:\Program Files\Android\Android Studio\jbr\bin\zip.dll
0x00007ffe09cb0000 - 0x00007ffe0a3f4000 	C:\windows\System32\SHELL32.dll
0x00007ffe05870000 - 0x00007ffe0600b000 	C:\windows\SYSTEM32\windows.storage.dll
0x00007ffe09710000 - 0x00007ffe09a64000 	C:\windows\System32\combase.dll
0x00007ffe075d0000 - 0x00007ffe075fd000 	C:\windows\SYSTEM32\Wldp.dll
0x00007ffe09190000 - 0x00007ffe0923d000 	C:\windows\System32\SHCORE.dll
0x00007ffe08b10000 - 0x00007ffe08b65000 	C:\windows\System32\shlwapi.dll
0x00007ffe07ac0000 - 0x00007ffe07ae5000 	C:\windows\SYSTEM32\profapi.dll
0x00007ffd76350000 - 0x00007ffd76369000 	C:\Program Files\Android\Android Studio\jbr\bin\net.dll
0x00007ffdfd2b0000 - 0x00007ffdfd3ba000 	C:\windows\SYSTEM32\WINHTTP.dll
0x00007ffe07330000 - 0x00007ffe0739a000 	C:\windows\system32\mswsock.dll
0x00007ffd762f0000 - 0x00007ffd76306000 	C:\Program Files\Android\Android Studio\jbr\bin\nio.dll
0x00007ffda4740000 - 0x00007ffda4750000 	C:\Program Files\Android\Android Studio\jbr\bin\verify.dll
0x00007ffdc3b70000 - 0x00007ffdc3b97000 	C:\Users\jasse\.gradle\native\68d5fa5c4cc2d200863cafc0d521ce42e7d3e7ee720ec0a83991735586a16f82\windows-amd64\native-platform.dll
0x00007ffdb3920000 - 0x00007ffdb3a64000 	C:\Users\jasse\.gradle\native\e376f236ea51e6404a007f0833ffe2c6e607c4080706a723a18a27aeea778392\windows-amd64\native-platform-file-events.dll
0x00007ffda4730000 - 0x00007ffda4739000 	C:\Program Files\Android\Android Studio\jbr\bin\management.dll
0x00007ffda4720000 - 0x00007ffda472b000 	C:\Program Files\Android\Android Studio\jbr\bin\management_ext.dll
0x00007ffe09c10000 - 0x00007ffe09c18000 	C:\windows\System32\PSAPI.DLL
0x00007ffe07530000 - 0x00007ffe07548000 	C:\windows\SYSTEM32\CRYPTSP.dll
0x00007ffe06bd0000 - 0x00007ffe06c04000 	C:\windows\system32\rsaenh.dll
0x00007ffe08060000 - 0x00007ffe08087000 	C:\windows\System32\bcrypt.dll
0x00007ffe07a40000 - 0x00007ffe07a6e000 	C:\windows\SYSTEM32\USERENV.dll
0x00007ffe07520000 - 0x00007ffe0752c000 	C:\windows\SYSTEM32\CRYPTBASE.dll
0x00007ffe06fd0000 - 0x00007ffe0700b000 	C:\windows\SYSTEM32\IPHLPAPI.DLL
0x00007ffe08ce0000 - 0x00007ffe08ce8000 	C:\windows\System32\NSI.dll
0x00007ffdfed60000 - 0x00007ffdfed77000 	C:\windows\SYSTEM32\dhcpcsvc6.DLL
0x00007ffdfed40000 - 0x00007ffdfed5d000 	C:\windows\SYSTEM32\dhcpcsvc.DLL
0x00007ffe07020000 - 0x00007ffe070ea000 	C:\windows\SYSTEM32\DNSAPI.dll
0x00007ffda4710000 - 0x00007ffda4717000 	C:\windows\system32\wshunix.dll
0x00007ffdfff80000 - 0x00007ffdfff8a000 	C:\Windows\System32\rasadhlp.dll
0x00007ffdf4140000 - 0x00007ffdf41c2000 	C:\windows\System32\fwpuclnt.dll
0x00007ffdd3b20000 - 0x00007ffdd3b37000 	C:\windows\system32\napinsp.dll
0x00007ffdd2290000 - 0x00007ffdd22ab000 	C:\windows\system32\pnrpnsp.dll
0x00007ffe02790000 - 0x00007ffe027a5000 	C:\windows\system32\wshbth.dll
0x00007ffe031a0000 - 0x00007ffe031bd000 	C:\windows\system32\NLAapi.dll
0x00007ffdd2270000 - 0x00007ffdd2282000 	C:\windows\System32\winrnr.dll

dbghelp: loaded successfully - version: 4.0.5 - missing functions: none
symbol engine: initialized successfully - sym options: 0x614 - pdb path: .;C:\Program Files\Android\Android Studio\jbr\bin;C:\windows\SYSTEM32;C:\windows\WinSxS\amd64_microsoft.windows.common-controls_6595b64144ccf1df_6.0.19041.3570_none_60bb2a3971f3e41a;C:\Program Files\Android\Android Studio\jbr\bin\server;C:\Users\jasse\.gradle\native\68d5fa5c4cc2d200863cafc0d521ce42e7d3e7ee720ec0a83991735586a16f82\windows-amd64;C:\Users\jasse\.gradle\native\e376f236ea51e6404a007f0833ffe2c6e607c4080706a723a18a27aeea778392\windows-amd64

VM Arguments:
jvm_args: --add-opens=java.base/java.util=ALL-UNNAMED --add-opens=java.base/java.lang=ALL-UNNAMED --add-opens=java.base/java.lang.invoke=ALL-UNNAMED --add-opens=java.prefs/java.util.prefs=ALL-UNNAMED --add-opens=java.base/java.nio.charset=ALL-UNNAMED --add-opens=java.base/java.net=ALL-UNNAMED --add-opens=java.base/java.util.concurrent.atomic=ALL-UNNAMED -Xmx2048m -Dfile.encoding=UTF-8 -Duser.country=FR -Duser.language=fr -Duser.variant 
java_command: org.gradle.launcher.daemon.bootstrap.GradleDaemon 8.0
java_class_path (initial): C:\Users\jasse\.gradle\wrapper\dists\gradle-8.0-bin\ca5e32bp14vu59qr306oxotwh\gradle-8.0\lib\gradle-launcher-8.0.jar
Launcher Type: SUN_STANDARD

[Global flags]
     intx CICompilerCount                          = 4                                         {product} {ergonomic}
     uint ConcGCThreads                            = 2                                         {product} {ergonomic}
     uint G1ConcRefinementThreads                  = 8                                         {product} {ergonomic}
   size_t G1HeapRegionSize                         = 1048576                                   {product} {ergonomic}
    uintx GCDrainStackTargetSize                   = 64                                        {product} {ergonomic}
   size_t InitialHeapSize                          = 132120576                                 {product} {ergonomic}
   size_t MarkStackSize                            = 4194304                                   {product} {ergonomic}
   size_t MaxHeapSize                              = 2147483648                                {product} {command line}
   size_t MaxNewSize                               = 1287651328                                {product} {ergonomic}
   size_t MinHeapDeltaBytes                        = 1048576                                   {product} {ergonomic}
   size_t MinHeapSize                              = 8388608                                   {product} {ergonomic}
    uintx NonNMethodCodeHeapSize                   = 5839372                                {pd product} {ergonomic}
    uintx NonProfiledCodeHeapSize                  = 122909434                              {pd product} {ergonomic}
    uintx ProfiledCodeHeapSize                     = 122909434                              {pd product} {ergonomic}
    uintx ReservedCodeCacheSize                    = 251658240                              {pd product} {ergonomic}
     bool SegmentedCodeCache                       = true                                      {product} {ergonomic}
   size_t SoftMaxHeapSize                          = 2147483648                             {manageable} {ergonomic}
     bool UseCompressedClassPointers               = true                           {product lp64_product} {ergonomic}
     bool UseCompressedOops                        = true                           {product lp64_product} {ergonomic}
     bool UseG1GC                                  = true                                      {product} {ergonomic}
     bool UseLargePagesIndividualAllocation        = false                                  {pd product} {ergonomic}

Logging:
Log output configuration:
 #0: stdout all=warning uptime,level,tags
 #1: stderr all=off uptime,level,tags

Environment Variables:
JAVA_HOME=C:\Program Files\Java\jdk-13.0.2
PATH=C:\Users\jasse\Downloads\php-8.1.17-nts-Win32-vs16-x64;C:\Program Files\Java;C:\Program Files\Java\jdk1.8.0_301;C:\oraclexe\app\oracle\product\11.2.0\server\bin;C:\oraclexe\app\oracle\product\11.2.0\server\bin;C:\oraclexe\app\oracle\product\11.2.0\server\bin;C:\windows\system32;C:\windows;C:\windows\System32\Wbem;C:\windows\System32\WindowsPowerShell\v1.0\;C:\windows\System32\OpenSSH\;C:\Program Files (x86)\NVIDIA Corporation\PhysX\Common;C:\Program Files\NVIDIA Corporation\NVIDIA NvDLISR;C:\instantclient12-2;C:\oraclexe\app\oracle\admin\XE;C:\oraclexe;C:\Program Files\TortoiseGit\bin;C:\xampp\php\Symfony;C:\Program Files\nodejs\;C:\Users\jasse\AppData\Local\Microsoft\WindowsApps;C:\Program Files\CodeBlocks\MinGW\bin;C:\Program Files\CodeBlocks\MinGW\bin;C:\Program Files (x86)\D-Bus\bin;C:\Users\jasse\AppData\Local\Programs\Microsoft VS Code\bin;C:\Users\jasse\Desktop\php;C:\Users\jasse\AppData\Local\GitHubDesktop\bin;C:\Users\jasse\AppData\Local\ComposerSetup\bin;C:\Users\jasse\AppData\Roaming\Composer\vendor\bin;C:\Users\jasse\AppData\Roaming\npm
USERNAME=jasse
OS=Windows_NT
PROCESSOR_IDENTIFIER=Intel64 Family 6 Model 165 Stepping 2, GenuineIntel
TMP=C:\Users\jasse\AppData\Local\Temp
TEMP=C:\Users\jasse\AppData\Local\Temp


JNI global refs:
JNI global refs: 28, weak refs: 24

JNI global refs memory usage: 843, weak refs: 841


---------------  S Y S T E M  ---------------

OS:
 Windows 10 , 64 bit Build 19041 (10.0.19041.3570)
OS uptime: 0 days 0:14 hours

CPU: total 8 (initial active 8) (4 cores per cpu, 2 threads per core) family 6 model 165 stepping 2 microcode 0xf0, cx8, cmov, fxsr, ht, mmx, 3dnowpref, sse, sse2, sse3, ssse3, sse4.1, sse4.2, popcnt, lzcnt, tsc, tscinvbit, avx, avx2, aes, erms, clmul, bmi1, bmi2, adx, fma, vzeroupper, clflush, clflushopt

Memory: 4k page, system-wide physical 7993M (386M free)
TotalPageFile size 10993M (AvailPageFile size 53M)
current process WorkingSet (physical memory assigned to process): 457M, peak: 457M
current process commit charge ("private bytes"): 507M, peak: 655M

vm_info: OpenJDK 64-Bit Server VM (17.0.6+0-b2043.56-10027231) for windows-amd64 JRE (17.0.6+0-b2043.56-10027231), built on Apr 28 2023 00:43:19 by "androidbuild" with MS VC++ 16.10 / 16.11 (VS2019)

END.
