#
# There is insufficient memory for the Java Runtime Environment to continue.
# Native memory allocation (mmap) failed to map 160432128 bytes for G1 virtual space
# Possible reasons:
#   The system is out of physical RAM or swap space
#   The process is running with CompressedOops enabled, and the Java Heap may be blocking the growth of the native heap
# Possible solutions:
#   Reduce memory load on the system
#   Increase physical memory or swap space
#   Check if swap backing store is full
#   Decrease Java heap size (-Xmx/-Xms)
#   Decrease number of Java threads
#   Decrease Java thread stack sizes (-Xss)
#   Set larger code cache with -XX:ReservedCodeCacheSize=
#   JVM is running with Unscaled Compressed Oops mode in which the Java heap is
#     placed in the first 4GB address space. The Java Heap base address is the
#     maximum limit for the native heap growth. Please use -XX:HeapBaseMinAddress
#     to set the Java Heap base and to place the Java Heap above 4GB virtual address.
# This output file may be truncated or incomplete.
#
#  Out of Memory Error (os_windows.cpp:3769), pid=18876, tid=15192
#
# JRE version: OpenJDK Runtime Environment (17.0.6) (build 17.0.6+0-b2043.56-10027231)
# Java VM: OpenJDK 64-Bit Server VM (17.0.6+0-b2043.56-10027231, mixed mode, tiered, compressed oops, compressed class ptrs, g1 gc, windows-amd64)
# No core dump will be written. Minidumps are not enabled by default on client versions of Windows
#

---------------  S U M M A R Y ------------

Command Line: --add-opens=java.base/java.util=ALL-UNNAMED --add-opens=java.base/java.lang=ALL-UNNAMED --add-opens=java.base/java.lang.invoke=ALL-UNNAMED --add-opens=java.prefs/java.util.prefs=ALL-UNNAMED --add-opens=java.base/java.nio.charset=ALL-UNNAMED --add-opens=java.base/java.net=ALL-UNNAMED --add-opens=java.base/java.util.concurrent.atomic=ALL-UNNAMED -Xmx2048m -Dfile.encoding=UTF-8 -Duser.country=FR -Duser.language=fr -Duser.variant org.gradle.launcher.daemon.bootstrap.GradleDaemon 8.0

Host: Intel(R) Core(TM) i5-10300H CPU @ 2.50GHz, 8 cores, 7G,  Windows 10 , 64 bit Build 19041 (10.0.19041.3570)
Time: Wed Nov 15 02:03:06 2023 Afr. centrale Ouest elapsed time: 10.262449 seconds (0d 0h 0m 10s)

---------------  T H R E A D  ---------------

Current thread (0x000001a9b5900970):  VMThread "VM Thread" [stack: 0x0000003809100000,0x0000003809200000] [id=15192]

Stack: [0x0000003809100000,0x0000003809200000]
Native frames: (J=compiled Java code, j=interpreted, Vv=VM code, C=native code)
V  [jvm.dll+0x683c9a]
V  [jvm.dll+0x8427a4]
V  [jvm.dll+0x843f9e]
V  [jvm.dll+0x844603]
V  [jvm.dll+0x249b75]
V  [jvm.dll+0x680b69]
V  [jvm.dll+0x67505a]
V  [jvm.dll+0x309acb]
V  [jvm.dll+0x310f86]
V  [jvm.dll+0x3608ee]
V  [jvm.dll+0x360b1f]
V  [jvm.dll+0x2dfbf8]
V  [jvm.dll+0x2ddec4]
V  [jvm.dll+0x2dd4cc]
V  [jvm.dll+0x321f3b]
V  [jvm.dll+0x848ccb]
V  [jvm.dll+0x849a04]
V  [jvm.dll+0x849f1d]
V  [jvm.dll+0x84a2f4]
V  [jvm.dll+0x84a3c0]
V  [jvm.dll+0x7f274a]
V  [jvm.dll+0x682ad5]
C  [ucrtbase.dll+0x21bb2]
C  [KERNEL32.DLL+0x17344]
C  [ntdll.dll+0x526b1]

VM_Operation (0x0000003811dff260): G1CollectForAllocation, mode: safepoint, requested by thread 0x000001a9bffa3170


---------------  P R O C E S S  ---------------

Threads class SMR info:
_java_thread_list=0x000001a9c14c4eb0, length=133, elements={
0x000001a99baaa4f0, 0x000001a9b5923260, 0x000001a9b5924780, 0x000001a9b641b010,
0x000001a9b641e8f0, 0x000001a9b641f1b0, 0x000001a9b641fa70, 0x000001a9b6420330,
0x000001a9b6421480, 0x000001a9b6424cd0, 0x000001a9b6598f70, 0x000001a9b659b0a0,
0x000001a9b6699e70, 0x000001a9b8e46730, 0x000001a9b91d6e60, 0x000001a9b7aec680,
0x000001a9b7b03200, 0x000001a9b9557570, 0x000001a9b8837940, 0x000001a9b90c9610,
0x000001a9b90ad6b0, 0x000001a9b90aeec0, 0x000001a9b90af390, 0x000001a9b90ac840,
0x000001a9b90afd30, 0x000001a9b90ac370, 0x000001a9b90acd10, 0x000001a9b90ae9f0,
0x000001a9b90ad1e0, 0x000001a9b90af860, 0x000001a9b90adb80, 0x000001a9b90ae050,
0x000001a9b90ae520, 0x000001a9bb2fcbb0, 0x000001a9bb2ff230, 0x000001a9bb2fa530,
0x000001a9bb2faa00, 0x000001a9bb3000a0, 0x000001a9bb300a40, 0x000001a9bb2fed60,
0x000001a9bb2fda20, 0x000001a9bb2faed0, 0x000001a9bb2fb3a0, 0x000001a9bb3018b0,
0x000001a9bb2ff700, 0x000001a9bb2fc210, 0x000001a9bb2ffbd0, 0x000001a9bb300570,
0x000001a9bb2fc6e0, 0x000001a9bb2fb870, 0x000001a9bb300f10, 0x000001a9bb2fd550,
0x000001a9bb2fa060, 0x000001a9be5af140, 0x000001a9be5ade00, 0x000001a9be5aec70,
0x000001a9be5ad930, 0x000001a9be5acf90, 0x000001a9be5a8c30, 0x000001a9be5a8290,
0x000001a9be5ab2b0, 0x000001a9be5abc50, 0x000001a9be5aade0, 0x000001a9be5a7dc0,
0x000001a9be5ad460, 0x000001a9be5aa440, 0x000001a9be5acac0, 0x000001a9be5ab780,
0x000001a9be5ac120, 0x000001a9be5a9f70, 0x000001a9be5a78f0, 0x000001a9be5ac5f0,
0x000001a9be5ae2d0, 0x000001a9be5a9100, 0x000001a9be5ae7a0, 0x000001a9be5a95d0,
0x000001a9be5a8760, 0x000001a9be5a9aa0, 0x000001a9be5aa910, 0x000001a9be5d54d0,
0x000001a9be5d0ca0, 0x000001a9be5d1170, 0x000001a9be5d0300, 0x000001a9be5d4660,
0x000001a9be5d07d0, 0x000001a9be5d5000, 0x000001a9be5d4190, 0x000001a9be5d4b30,
0x000001a9be5d1640, 0x000001a9be5d2e50, 0x000001a9be5d2980, 0x000001a9be5d1b10,
0x000001a9be5d1fe0, 0x000001a9be5d6810, 0x000001a9be5d3cc0, 0x000001a9be5d3320,
0x000001a9be5d24b0, 0x000001a9be5d37f0, 0x000001a9be5d71b0, 0x000001a9be5d59a0,
0x000001a9be5d5e70, 0x000001a9be5d6340, 0x000001a9be5d7680, 0x000001a9be5d6ce0,
0x000001a9be5cfe30, 0x000001a9bbecb650, 0x000001a9bbeca310, 0x000001a9bbecbff0,
0x000001a9bbecbb20, 0x000001a9bbec9e40, 0x000001a9bbecf4e0, 0x000001a9bbecc4c0,
0x000001a9bbeceb40, 0x000001a9bbecc990, 0x000001a9bbecd800, 0x000001a9bbecfe80,
0x000001a9bbecb180, 0x000001a9bbecf9b0, 0x000001a9bbed0350, 0x000001a9bbeca7e0,
0x000001a9bbecce60, 0x000001a9bbed0820, 0x000001a9bbecacb0, 0x000001a9bbecd330,
0x000001a9bbecdcd0, 0x000001a9bbece1a0, 0x000001a9bbec94a0, 0x000001a9bbece670,
0x000001a9bbec9970, 0x000001a9bffa6b30, 0x000001a9bffa1490, 0x000001a9bffa3170,
0x000001a9bffa4980
}

Java Threads: ( => current thread )
  0x000001a99baaa4f0 JavaThread "main" [_thread_blocked, id=6060, stack(0x0000003808b00000,0x0000003808c00000)]
  0x000001a9b5923260 JavaThread "Reference Handler" daemon [_thread_blocked, id=14608, stack(0x0000003809200000,0x0000003809300000)]
  0x000001a9b5924780 JavaThread "Finalizer" daemon [_thread_blocked, id=13372, stack(0x0000003809300000,0x0000003809400000)]
  0x000001a9b641b010 JavaThread "Signal Dispatcher" daemon [_thread_blocked, id=19644, stack(0x0000003809400000,0x0000003809500000)]
  0x000001a9b641e8f0 JavaThread "Attach Listener" daemon [_thread_blocked, id=10316, stack(0x0000003809500000,0x0000003809600000)]
  0x000001a9b641f1b0 JavaThread "Service Thread" daemon [_thread_blocked, id=12560, stack(0x0000003809600000,0x0000003809700000)]
  0x000001a9b641fa70 JavaThread "Monitor Deflation Thread" daemon [_thread_blocked, id=1064, stack(0x0000003809700000,0x0000003809800000)]
  0x000001a9b6420330 JavaThread "C2 CompilerThread0" daemon [_thread_blocked, id=13108, stack(0x0000003809800000,0x0000003809900000)]
  0x000001a9b6421480 JavaThread "C1 CompilerThread0" daemon [_thread_blocked, id=13904, stack(0x0000003809900000,0x0000003809a00000)]
  0x000001a9b6424cd0 JavaThread "Sweeper thread" daemon [_thread_blocked, id=11512, stack(0x0000003809a00000,0x0000003809b00000)]
  0x000001a9b6598f70 JavaThread "Common-Cleaner" daemon [_thread_blocked, id=16176, stack(0x0000003809b00000,0x0000003809c00000)]
  0x000001a9b659b0a0 JavaThread "Notification Thread" daemon [_thread_blocked, id=4044, stack(0x0000003809c00000,0x0000003809d00000)]
  0x000001a9b6699e70 JavaThread "C2 CompilerThread1" daemon [_thread_blocked, id=6348, stack(0x0000003809e00000,0x0000003809f00000)]
  0x000001a9b8e46730 JavaThread "Daemon health stats" [_thread_blocked, id=15692, stack(0x000000380a300000,0x000000380a400000)]
  0x000001a9b91d6e60 JavaThread "Incoming local TCP Connector on port 60226" [_thread_in_native, id=1472, stack(0x000000380a400000,0x000000380a500000)]
  0x000001a9b7aec680 JavaThread "Daemon periodic checks" [_thread_blocked, id=18336, stack(0x000000380a500000,0x000000380a600000)]
  0x000001a9b7b03200 JavaThread "Daemon" [_thread_blocked, id=1040, stack(0x000000380a600000,0x000000380a700000)]
  0x000001a9b9557570 JavaThread "Handler for socket connection from /127.0.0.1:60226 to /127.0.0.1:60227" [_thread_in_native, id=16640, stack(0x000000380a700000,0x000000380a800000)]
  0x000001a9b8837940 JavaThread "Cancel handler" [_thread_blocked, id=14196, stack(0x000000380a800000,0x000000380a900000)]
  0x000001a9b90c9610 JavaThread "Daemon worker" [_thread_blocked, id=20176, stack(0x000000380a900000,0x000000380aa00000)]
  0x000001a9b90ad6b0 JavaThread "Asynchronous log dispatcher for DefaultDaemonConnection: socket connection from /127.0.0.1:60226 to /127.0.0.1:60227" [_thread_blocked, id=12228, stack(0x000000380aa00000,0x000000380ab00000)]
  0x000001a9b90aeec0 JavaThread "Stdin handler" [_thread_blocked, id=21972, stack(0x000000380ab00000,0x000000380ac00000)]
  0x000001a9b90af390 JavaThread "Daemon client event forwarder" [_thread_blocked, id=20236, stack(0x000000380ac00000,0x000000380ad00000)]
  0x000001a9b90ac840 JavaThread "Cache worker for journal cache (C:\Users\jasse\.gradle\caches\journal-1)" [_thread_blocked, id=18012, stack(0x000000380b100000,0x000000380b200000)]
  0x000001a9b90afd30 JavaThread "File lock request listener" [_thread_in_native, id=13600, stack(0x000000380b200000,0x000000380b300000)]
  0x000001a9b90ac370 JavaThread "Cache worker for file hash cache (C:\Users\jasse\.gradle\caches\8.0\fileHashes)" [_thread_blocked, id=2916, stack(0x000000380b300000,0x000000380b400000)]
  0x000001a9b90acd10 JavaThread "File watcher server" daemon [_thread_in_native, id=17852, stack(0x000000380b400000,0x000000380b500000)]
  0x000001a9b90ae9f0 JavaThread "File watcher consumer" daemon [_thread_blocked, id=2796, stack(0x000000380b500000,0x000000380b600000)]
  0x000001a9b90ad1e0 JavaThread "Cache worker for checksums cache (C:\Users\jasse\AndroidStudioProjects\front\.gradle\8.0\checksums)" [_thread_blocked, id=1540, stack(0x000000380b600000,0x000000380b700000)]
  0x000001a9b90af860 JavaThread "Cache worker for cache directory md-rule (C:\Users\jasse\.gradle\caches\8.0\md-rule)" [_thread_blocked, id=19480, stack(0x000000380b700000,0x000000380b800000)]
  0x000001a9b90adb80 JavaThread "Cache worker for file content cache (C:\Users\jasse\.gradle\caches\8.0\fileContent)" [_thread_blocked, id=22124, stack(0x000000380b800000,0x000000380b900000)]
  0x000001a9b90ae050 JavaThread "Cache worker for file hash cache (C:\Users\jasse\AndroidStudioProjects\front\.gradle\8.0\fileHashes)" [_thread_blocked, id=9856, stack(0x000000380b900000,0x000000380ba00000)]
  0x000001a9b90ae520 JavaThread "Cache worker for cache directory md-supplier (C:\Users\jasse\.gradle\caches\8.0\md-supplier)" [_thread_blocked, id=448, stack(0x000000380ba00000,0x000000380bb00000)]
  0x000001a9bb2fcbb0 JavaThread "Cache worker for execution history cache (C:\Users\jasse\.gradle\caches\8.0\executionHistory)" [_thread_blocked, id=18808, stack(0x000000380bb00000,0x000000380bc00000)]
  0x000001a9bb2ff230 JavaThread "jar transforms" [_thread_blocked, id=18756, stack(0x000000380bc00000,0x000000380bd00000)]
  0x000001a9bb2fa530 JavaThread "jar transforms Thread 2" [_thread_blocked, id=2312, stack(0x000000380bd00000,0x000000380be00000)]
  0x000001a9bb2faa00 JavaThread "Cache worker for kotlin-dsl (C:\Users\jasse\.gradle\caches\8.0\kotlin-dsl)" [_thread_blocked, id=21456, stack(0x000000380be00000,0x000000380bf00000)]
  0x000001a9bb3000a0 JavaThread "jar transforms Thread 3" [_thread_blocked, id=15884, stack(0x000000380bf00000,0x000000380c000000)]
  0x000001a9bb300a40 JavaThread "jar transforms Thread 4" [_thread_blocked, id=5100, stack(0x000000380c000000,0x000000380c100000)]
  0x000001a9bb2fed60 JavaThread "Cache worker for dependencies-accessors (C:\Users\jasse\AndroidStudioProjects\front\.gradle\8.0\dependencies-accessors)" [_thread_blocked, id=1088, stack(0x000000380c100000,0x000000380c200000)]
  0x000001a9bb2fda20 JavaThread "Cache worker for Build Output Cleanup Cache (C:\Users\jasse\AndroidStudioProjects\front\.gradle\buildOutputCleanup)" [_thread_blocked, id=12200, stack(0x000000380c200000,0x000000380c300000)]
  0x000001a9bb2faed0 JavaThread "jar transforms Thread 5" [_thread_blocked, id=20680, stack(0x000000380c300000,0x000000380c400000)]
  0x000001a9bb2fb3a0 JavaThread "Unconstrained build operations" [_thread_blocked, id=17236, stack(0x000000380c400000,0x000000380c500000)]
  0x000001a9bb3018b0 JavaThread "Unconstrained build operations Thread 2" [_thread_blocked, id=16188, stack(0x000000380c500000,0x000000380c600000)]
  0x000001a9bb2ff700 JavaThread "Unconstrained build operations Thread 3" [_thread_blocked, id=15120, stack(0x000000380c600000,0x000000380c700000)]
  0x000001a9bb2fc210 JavaThread "Unconstrained build operations Thread 4" [_thread_blocked, id=17268, stack(0x000000380c700000,0x000000380c800000)]
  0x000001a9bb2ffbd0 JavaThread "Unconstrained build operations Thread 5" [_thread_blocked, id=18500, stack(0x000000380c800000,0x000000380c900000)]
  0x000001a9bb300570 JavaThread "Unconstrained build operations Thread 6" [_thread_blocked, id=8896, stack(0x000000380c900000,0x000000380ca00000)]
  0x000001a9bb2fc6e0 JavaThread "Unconstrained build operations Thread 7" [_thread_blocked, id=4060, stack(0x000000380ca00000,0x000000380cb00000)]
  0x000001a9bb2fb870 JavaThread "Unconstrained build operations Thread 8" [_thread_blocked, id=12592, stack(0x000000380cb00000,0x000000380cc00000)]
  0x000001a9bb300f10 JavaThread "Unconstrained build operations Thread 9" [_thread_blocked, id=19628, stack(0x000000380cc00000,0x000000380cd00000)]
  0x000001a9bb2fd550 JavaThread "Unconstrained build operations Thread 10" [_thread_blocked, id=1456, stack(0x000000380cd00000,0x000000380ce00000)]
  0x000001a9bb2fa060 JavaThread "Unconstrained build operations Thread 11" [_thread_blocked, id=18736, stack(0x000000380ce00000,0x000000380cf00000)]
  0x000001a9be5af140 JavaThread "Unconstrained build operations Thread 12" [_thread_blocked, id=11396, stack(0x000000380cf00000,0x000000380d000000)]
  0x000001a9be5ade00 JavaThread "Unconstrained build operations Thread 13" [_thread_blocked, id=4816, stack(0x000000380d000000,0x000000380d100000)]
  0x000001a9be5aec70 JavaThread "Unconstrained build operations Thread 14" [_thread_blocked, id=14652, stack(0x000000380d100000,0x000000380d200000)]
  0x000001a9be5ad930 JavaThread "Unconstrained build operations Thread 15" [_thread_blocked, id=16064, stack(0x000000380d200000,0x000000380d300000)]
  0x000001a9be5acf90 JavaThread "Unconstrained build operations Thread 16" [_thread_blocked, id=9812, stack(0x000000380d300000,0x000000380d400000)]
  0x000001a9be5a8c30 JavaThread "Unconstrained build operations Thread 17" [_thread_blocked, id=21744, stack(0x000000380d400000,0x000000380d500000)]
  0x000001a9be5a8290 JavaThread "Unconstrained build operations Thread 18" [_thread_blocked, id=20136, stack(0x000000380d500000,0x000000380d600000)]
  0x000001a9be5ab2b0 JavaThread "Unconstrained build operations Thread 19" [_thread_blocked, id=14528, stack(0x000000380d600000,0x000000380d700000)]
  0x000001a9be5abc50 JavaThread "Unconstrained build operations Thread 20" [_thread_blocked, id=12648, stack(0x000000380d700000,0x000000380d800000)]
  0x000001a9be5aade0 JavaThread "Unconstrained build operations Thread 21" [_thread_blocked, id=13688, stack(0x000000380d800000,0x000000380d900000)]
  0x000001a9be5a7dc0 JavaThread "Unconstrained build operations Thread 22" [_thread_blocked, id=12628, stack(0x000000380d900000,0x000000380da00000)]
  0x000001a9be5ad460 JavaThread "Unconstrained build operations Thread 23" [_thread_blocked, id=17744, stack(0x000000380da00000,0x000000380db00000)]
  0x000001a9be5aa440 JavaThread "Unconstrained build operations Thread 24" [_thread_blocked, id=20940, stack(0x000000380db00000,0x000000380dc00000)]
  0x000001a9be5acac0 JavaThread "Unconstrained build operations Thread 25" [_thread_blocked, id=21548, stack(0x000000380dc00000,0x000000380dd00000)]
  0x000001a9be5ab780 JavaThread "Unconstrained build operations Thread 26" [_thread_blocked, id=20808, stack(0x000000380dd00000,0x000000380de00000)]
  0x000001a9be5ac120 JavaThread "Unconstrained build operations Thread 27" [_thread_blocked, id=5084, stack(0x000000380de00000,0x000000380df00000)]
  0x000001a9be5a9f70 JavaThread "Unconstrained build operations Thread 28" [_thread_blocked, id=21924, stack(0x000000380df00000,0x000000380e000000)]
  0x000001a9be5a78f0 JavaThread "Unconstrained build operations Thread 29" [_thread_blocked, id=12812, stack(0x000000380e000000,0x000000380e100000)]
  0x000001a9be5ac5f0 JavaThread "Unconstrained build operations Thread 30" [_thread_blocked, id=856, stack(0x000000380e100000,0x000000380e200000)]
  0x000001a9be5ae2d0 JavaThread "Unconstrained build operations Thread 31" [_thread_blocked, id=10620, stack(0x000000380e200000,0x000000380e300000)]
  0x000001a9be5a9100 JavaThread "Unconstrained build operations Thread 32" [_thread_blocked, id=22104, stack(0x000000380e300000,0x000000380e400000)]
  0x000001a9be5ae7a0 JavaThread "Unconstrained build operations Thread 33" [_thread_blocked, id=2072, stack(0x000000380e400000,0x000000380e500000)]
  0x000001a9be5a95d0 JavaThread "Unconstrained build operations Thread 34" [_thread_blocked, id=12808, stack(0x000000380e500000,0x000000380e600000)]
  0x000001a9be5a8760 JavaThread "Unconstrained build operations Thread 35" [_thread_blocked, id=1116, stack(0x000000380e600000,0x000000380e700000)]
  0x000001a9be5a9aa0 JavaThread "Unconstrained build operations Thread 36" [_thread_blocked, id=1512, stack(0x000000380e700000,0x000000380e800000)]
  0x000001a9be5aa910 JavaThread "Unconstrained build operations Thread 37" [_thread_blocked, id=10232, stack(0x000000380e800000,0x000000380e900000)]
  0x000001a9be5d54d0 JavaThread "Unconstrained build operations Thread 38" [_thread_blocked, id=3572, stack(0x000000380e900000,0x000000380ea00000)]
  0x000001a9be5d0ca0 JavaThread "Unconstrained build operations Thread 39" [_thread_blocked, id=2740, stack(0x000000380ea00000,0x000000380eb00000)]
  0x000001a9be5d1170 JavaThread "Unconstrained build operations Thread 40" [_thread_blocked, id=17436, stack(0x000000380eb00000,0x000000380ec00000)]
  0x000001a9be5d0300 JavaThread "Unconstrained build operations Thread 41" [_thread_blocked, id=7440, stack(0x000000380ec00000,0x000000380ed00000)]
  0x000001a9be5d4660 JavaThread "Unconstrained build operations Thread 42" [_thread_blocked, id=19576, stack(0x000000380ed00000,0x000000380ee00000)]
  0x000001a9be5d07d0 JavaThread "Unconstrained build operations Thread 43" [_thread_blocked, id=17520, stack(0x000000380ee00000,0x000000380ef00000)]
  0x000001a9be5d5000 JavaThread "Unconstrained build operations Thread 44" [_thread_blocked, id=628, stack(0x000000380ef00000,0x000000380f000000)]
  0x000001a9be5d4190 JavaThread "Unconstrained build operations Thread 45" [_thread_blocked, id=14688, stack(0x000000380f000000,0x000000380f100000)]
  0x000001a9be5d4b30 JavaThread "Unconstrained build operations Thread 46" [_thread_blocked, id=9404, stack(0x000000380f100000,0x000000380f200000)]
  0x000001a9be5d1640 JavaThread "Unconstrained build operations Thread 47" [_thread_blocked, id=14036, stack(0x000000380f200000,0x000000380f300000)]
  0x000001a9be5d2e50 JavaThread "Unconstrained build operations Thread 48" [_thread_blocked, id=21640, stack(0x000000380f300000,0x000000380f400000)]
  0x000001a9be5d2980 JavaThread "Unconstrained build operations Thread 49" [_thread_blocked, id=13540, stack(0x000000380f400000,0x000000380f500000)]
  0x000001a9be5d1b10 JavaThread "Unconstrained build operations Thread 50" [_thread_blocked, id=22076, stack(0x000000380f500000,0x000000380f600000)]
  0x000001a9be5d1fe0 JavaThread "Unconstrained build operations Thread 51" [_thread_blocked, id=9088, stack(0x000000380f600000,0x000000380f700000)]
  0x000001a9be5d6810 JavaThread "Unconstrained build operations Thread 52" [_thread_blocked, id=19736, stack(0x000000380f700000,0x000000380f800000)]
  0x000001a9be5d3cc0 JavaThread "Unconstrained build operations Thread 53" [_thread_blocked, id=20544, stack(0x000000380f800000,0x000000380f900000)]
  0x000001a9be5d3320 JavaThread "Unconstrained build operations Thread 54" [_thread_blocked, id=5988, stack(0x000000380f900000,0x000000380fa00000)]
  0x000001a9be5d24b0 JavaThread "Unconstrained build operations Thread 55" [_thread_blocked, id=7332, stack(0x000000380fa00000,0x000000380fb00000)]
  0x000001a9be5d37f0 JavaThread "Unconstrained build operations Thread 56" [_thread_blocked, id=22192, stack(0x000000380fb00000,0x000000380fc00000)]
  0x000001a9be5d71b0 JavaThread "Unconstrained build operations Thread 57" [_thread_blocked, id=16284, stack(0x000000380fc00000,0x000000380fd00000)]
  0x000001a9be5d59a0 JavaThread "Unconstrained build operations Thread 58" [_thread_blocked, id=3548, stack(0x000000380fd00000,0x000000380fe00000)]
  0x000001a9be5d5e70 JavaThread "Unconstrained build operations Thread 59" [_thread_blocked, id=6172, stack(0x000000380fe00000,0x000000380ff00000)]
  0x000001a9be5d6340 JavaThread "Unconstrained build operations Thread 60" [_thread_blocked, id=5324, stack(0x000000380ff00000,0x0000003810000000)]
  0x000001a9be5d7680 JavaThread "Unconstrained build operations Thread 61" [_thread_blocked, id=21048, stack(0x0000003810000000,0x0000003810100000)]
  0x000001a9be5d6ce0 JavaThread "Unconstrained build operations Thread 62" [_thread_blocked, id=10948, stack(0x0000003810100000,0x0000003810200000)]
  0x000001a9be5cfe30 JavaThread "Unconstrained build operations Thread 63" [_thread_blocked, id=3148, stack(0x0000003810200000,0x0000003810300000)]
  0x000001a9bbecb650 JavaThread "Unconstrained build operations Thread 64" [_thread_blocked, id=1100, stack(0x0000003810300000,0x0000003810400000)]
  0x000001a9bbeca310 JavaThread "Unconstrained build operations Thread 65" [_thread_blocked, id=19048, stack(0x0000003810400000,0x0000003810500000)]
  0x000001a9bbecbff0 JavaThread "Unconstrained build operations Thread 66" [_thread_blocked, id=3496, stack(0x0000003810500000,0x0000003810600000)]
  0x000001a9bbecbb20 JavaThread "Unconstrained build operations Thread 67" [_thread_blocked, id=2812, stack(0x0000003810600000,0x0000003810700000)]
  0x000001a9bbec9e40 JavaThread "Unconstrained build operations Thread 68" [_thread_blocked, id=4032, stack(0x0000003810700000,0x0000003810800000)]
  0x000001a9bbecf4e0 JavaThread "Unconstrained build operations Thread 69" [_thread_blocked, id=8540, stack(0x0000003810800000,0x0000003810900000)]
  0x000001a9bbecc4c0 JavaThread "Unconstrained build operations Thread 70" [_thread_blocked, id=3172, stack(0x0000003810900000,0x0000003810a00000)]
  0x000001a9bbeceb40 JavaThread "Unconstrained build operations Thread 71" [_thread_blocked, id=320, stack(0x0000003810a00000,0x0000003810b00000)]
  0x000001a9bbecc990 JavaThread "Unconstrained build operations Thread 72" [_thread_blocked, id=17812, stack(0x0000003810b00000,0x0000003810c00000)]
  0x000001a9bbecd800 JavaThread "Unconstrained build operations Thread 73" [_thread_blocked, id=20192, stack(0x0000003810c00000,0x0000003810d00000)]
  0x000001a9bbecfe80 JavaThread "Unconstrained build operations Thread 74" [_thread_blocked, id=16836, stack(0x0000003810d00000,0x0000003810e00000)]
  0x000001a9bbecb180 JavaThread "Unconstrained build operations Thread 75" [_thread_blocked, id=9872, stack(0x0000003810e00000,0x0000003810f00000)]
  0x000001a9bbecf9b0 JavaThread "Unconstrained build operations Thread 76" [_thread_blocked, id=3160, stack(0x0000003810f00000,0x0000003811000000)]
  0x000001a9bbed0350 JavaThread "Unconstrained build operations Thread 77" [_thread_blocked, id=15116, stack(0x0000003811000000,0x0000003811100000)]
  0x000001a9bbeca7e0 JavaThread "Unconstrained build operations Thread 78" [_thread_blocked, id=19948, stack(0x0000003811100000,0x0000003811200000)]
  0x000001a9bbecce60 JavaThread "Unconstrained build operations Thread 79" [_thread_blocked, id=14160, stack(0x0000003811200000,0x0000003811300000)]
  0x000001a9bbed0820 JavaThread "Unconstrained build operations Thread 80" [_thread_blocked, id=20796, stack(0x0000003811300000,0x0000003811400000)]
  0x000001a9bbecacb0 JavaThread "jar transforms Thread 6" [_thread_blocked, id=12184, stack(0x0000003811400000,0x0000003811500000)]
  0x000001a9bbecd330 JavaThread "jar transforms Thread 7" [_thread_blocked, id=1700, stack(0x0000003811500000,0x0000003811600000)]
  0x000001a9bbecdcd0 JavaThread "jar transforms Thread 8" [_thread_blocked, id=17240, stack(0x0000003811600000,0x0000003811700000)]
  0x000001a9bbece1a0 JavaThread "build event listener" [_thread_blocked, id=9628, stack(0x0000003811700000,0x0000003811800000)]
  0x000001a9bbec94a0 JavaThread "Memory manager" [_thread_blocked, id=16848, stack(0x0000003811800000,0x0000003811900000)]
  0x000001a9bbece670 JavaThread "build event listener" [_thread_blocked, id=4420, stack(0x0000003811900000,0x0000003811a00000)]
  0x000001a9bbec9970 JavaThread "build event listener" [_thread_blocked, id=20248, stack(0x0000003811a00000,0x0000003811b00000)]
  0x000001a9bffa6b30 JavaThread "included builds" [_thread_blocked, id=11316, stack(0x0000003811b00000,0x0000003811c00000)]
  0x000001a9bffa1490 JavaThread "Execution worker" [_thread_blocked, id=9188, stack(0x0000003811c00000,0x0000003811d00000)]
  0x000001a9bffa3170 JavaThread "Execution worker Thread 2" [_thread_blocked, id=13692, stack(0x0000003811d00000,0x0000003811e00000)]
  0x000001a9bffa4980 JavaThread "Execution worker Thread 3" [_thread_blocked, id=7308, stack(0x0000003811e00000,0x0000003811f00000)]

Other Threads:
=>0x000001a9b5900970 VMThread "VM Thread" [stack: 0x0000003809100000,0x0000003809200000] [id=15192]
  0x000001a9b651c6f0 WatcherThread [stack: 0x0000003809d00000,0x0000003809e00000] [id=5548]
  0x000001a99bb07790 GCTaskThread "GC Thread#0" [stack: 0x0000003808c00000,0x0000003808d00000] [id=8316]
  0x000001a9b6e98290 GCTaskThread "GC Thread#1" [stack: 0x0000003809f00000,0x000000380a000000] [id=15620]
  0x000001a9b6e98540 GCTaskThread "GC Thread#2" [stack: 0x000000380a000000,0x000000380a100000] [id=5236]
  0x000001a9b7119290 GCTaskThread "GC Thread#3" [stack: 0x000000380a100000,0x000000380a200000] [id=10544]
  0x000001a9b7907ea0 GCTaskThread "GC Thread#4" [stack: 0x000000380a200000,0x000000380a300000] [id=19528]
  0x000001a9b7734aa0 GCTaskThread "GC Thread#5" [stack: 0x000000380ad00000,0x000000380ae00000] [id=10096]
  0x000001a9b7735810 GCTaskThread "GC Thread#6" [stack: 0x000000380ae00000,0x000000380af00000] [id=14008]
  0x000001a9b7734d50 GCTaskThread "GC Thread#7" [stack: 0x000000380af00000,0x000000380b000000] [id=21976]
  0x000001a99bb185e0 ConcurrentGCThread "G1 Main Marker" [stack: 0x0000003808d00000,0x0000003808e00000] [id=17960]
  0x000001a99bb196a0 ConcurrentGCThread "G1 Conc#0" [stack: 0x0000003808e00000,0x0000003808f00000] [id=1256]
  0x000001a9b7733fe0 ConcurrentGCThread "G1 Conc#1" [stack: 0x000000380b000000,0x000000380b100000] [id=16472]
  0x000001a99bb7e910 ConcurrentGCThread "G1 Refine#0" [stack: 0x0000003808f00000,0x0000003809000000] [id=1684]
  0x000001a9b57548b0 ConcurrentGCThread "G1 Service" [stack: 0x0000003809000000,0x0000003809100000] [id=4352]

Threads with active compile tasks:
C2 CompilerThread0    10295 9676       4       org.codehaus.groovy.util.SingleKeyHashMap::getOrPut (137 bytes)
C2 CompilerThread1    10295 9598       4       java.lang.Class::getMethodsRecursive (99 bytes)

VM state: at safepoint (normal execution)

VM Mutex/Monitor currently owned by a thread:  ([mutex/lock_event])
[0x000001a99baa50f0] Threads_lock - owner thread: 0x000001a9b5900970
[0x000001a99baa5690] Heap_lock - owner thread: 0x000001a9bffa3170

Heap address: 0x0000000080000000, size: 2048 MB, Compressed Oops mode: 32-bit

CDS archive(s) not mapped
Compressed class space mapped at: 0x0000000100000000-0x0000000140000000, reserved size: 1073741824
Narrow klass base: 0x0000000000000000, Narrow klass shift: 3, Narrow klass range: 0x140000000

GC Precious Log:
 CPUs: 8 total, 8 available
 Memory: 7993M
 Large Page Support: Disabled
 NUMA Support: Disabled
 Compressed Oops: Enabled (32-bit)
 Heap Region Size: 1M
 Heap Min Capacity: 8M
 Heap Initial Capacity: 126M
 Heap Max Capacity: 2G
 Pre-touch: Disabled
 Parallel Workers: 8
 Concurrent Workers: 2
 Concurrent Refinement Workers: 8
 Periodic GC: Disabled

Heap:
 garbage-first heap   total 140288K, used 86342K [0x0000000080000000, 0x0000000100000000)
  region size 1024K, 5 young (5120K), 5 survivors (5120K)
 Metaspace       used 93690K, committed 94336K, reserved 1130496K
  class space    used 12825K, committed 13120K, reserved 1048576K

Heap Regions: E=young(eden), S=young(survivor), O=old, HS=humongous(starts), HC=humongous(continues), CS=collection set, F=free, OA=open archive, CA=closed archive, TAMS=top-at-mark-start (previous, next)
|   0|0x0000000080000000, 0x0000000080100000, 0x0000000080100000|100%|HS|  |TAMS 0x0000000080100000, 0x0000000080100000| Complete 
|   1|0x0000000080100000, 0x0000000080200000, 0x0000000080200000|100%|HC|  |TAMS 0x0000000080200000, 0x0000000080200000| Complete 
|   2|0x0000000080200000, 0x0000000080300000, 0x0000000080300000|100%|HC|  |TAMS 0x0000000080300000, 0x0000000080300000| Complete 
|   3|0x0000000080300000, 0x0000000080400000, 0x0000000080400000|100%|HC|  |TAMS 0x0000000080400000, 0x0000000080400000| Complete 
|   4|0x0000000080400000, 0x0000000080500000, 0x0000000080500000|100%| O|  |TAMS 0x0000000080500000, 0x0000000080500000| Untracked 
|   5|0x0000000080500000, 0x0000000080600000, 0x0000000080600000|100%| O|  |TAMS 0x0000000080600000, 0x0000000080600000| Untracked 
|   6|0x0000000080600000, 0x0000000080700000, 0x0000000080700000|100%| O|  |TAMS 0x0000000080700000, 0x0000000080700000| Untracked 
|   7|0x0000000080700000, 0x0000000080800000, 0x0000000080800000|100%| O|  |TAMS 0x0000000080800000, 0x0000000080800000| Untracked 
|   8|0x0000000080800000, 0x0000000080900000, 0x0000000080900000|100%| O|  |TAMS 0x0000000080900000, 0x0000000080900000| Untracked 
|   9|0x0000000080900000, 0x0000000080a00000, 0x0000000080a00000|100%| O|  |TAMS 0x0000000080a00000, 0x0000000080a00000| Untracked 
|  10|0x0000000080a00000, 0x0000000080b00000, 0x0000000080b00000|100%| O|  |TAMS 0x0000000080b00000, 0x0000000080b00000| Untracked 
|  11|0x0000000080b00000, 0x0000000080c00000, 0x0000000080c00000|100%| O|  |TAMS 0x0000000080c00000, 0x0000000080c00000| Untracked 
|  12|0x0000000080c00000, 0x0000000080d00000, 0x0000000080d00000|100%| O|  |TAMS 0x0000000080d00000, 0x0000000080d00000| Untracked 
|  13|0x0000000080d00000, 0x0000000080e00000, 0x0000000080e00000|100%| O|  |TAMS 0x0000000080e00000, 0x0000000080e00000| Untracked 
|  14|0x0000000080e00000, 0x0000000080f00000, 0x0000000080f00000|100%| O|  |TAMS 0x0000000080f00000, 0x0000000080f00000| Untracked 
|  15|0x0000000080f00000, 0x0000000081000000, 0x0000000081000000|100%| O|  |TAMS 0x0000000081000000, 0x0000000081000000| Untracked 
|  16|0x0000000081000000, 0x0000000081100000, 0x0000000081100000|100%| O|  |TAMS 0x0000000081100000, 0x0000000081100000| Untracked 
|  17|0x0000000081100000, 0x0000000081200000, 0x0000000081200000|100%| O|  |TAMS 0x0000000081200000, 0x0000000081200000| Untracked 
|  18|0x0000000081200000, 0x0000000081300000, 0x0000000081300000|100%| O|  |TAMS 0x0000000081300000, 0x0000000081300000| Untracked 
|  19|0x0000000081300000, 0x0000000081400000, 0x0000000081400000|100%| O|  |TAMS 0x0000000081400000, 0x0000000081400000| Untracked 
|  20|0x0000000081400000, 0x0000000081500000, 0x0000000081500000|100%| O|  |TAMS 0x0000000081500000, 0x0000000081500000| Untracked 
|  21|0x0000000081500000, 0x0000000081600000, 0x0000000081600000|100%| O|  |TAMS 0x0000000081600000, 0x0000000081600000| Untracked 
|  22|0x0000000081600000, 0x0000000081651a00, 0x0000000081700000| 31%| O|  |TAMS 0x0000000081600000, 0x0000000081600000| Untracked 
|  23|0x0000000081700000, 0x0000000081800000, 0x0000000081800000|100%| O|  |TAMS 0x0000000081800000, 0x0000000081800000| Untracked 
|  24|0x0000000081800000, 0x0000000081900000, 0x0000000081900000|100%| O|  |TAMS 0x0000000081900000, 0x0000000081900000| Untracked 
|  25|0x0000000081900000, 0x0000000081a00000, 0x0000000081a00000|100%| O|  |TAMS 0x0000000081a00000, 0x0000000081a00000| Untracked 
|  26|0x0000000081a00000, 0x0000000081b00000, 0x0000000081b00000|100%| O|  |TAMS 0x0000000081b00000, 0x0000000081b00000| Untracked 
|  27|0x0000000081b00000, 0x0000000081c00000, 0x0000000081c00000|100%| O|  |TAMS 0x0000000081c00000, 0x0000000081c00000| Untracked 
|  28|0x0000000081c00000, 0x0000000081d00000, 0x0000000081d00000|100%| O|  |TAMS 0x0000000081d00000, 0x0000000081d00000| Untracked 
|  29|0x0000000081d00000, 0x0000000081e00000, 0x0000000081e00000|100%| O|  |TAMS 0x0000000081e00000, 0x0000000081e00000| Untracked 
|  30|0x0000000081e00000, 0x0000000081f00000, 0x0000000081f00000|100%| O|  |TAMS 0x0000000081f00000, 0x0000000081f00000| Untracked 
|  31|0x0000000081f00000, 0x0000000082000000, 0x0000000082000000|100%|HS|  |TAMS 0x0000000082000000, 0x0000000082000000| Complete 
|  32|0x0000000082000000, 0x0000000082100000, 0x0000000082100000|100%|HS|  |TAMS 0x0000000082100000, 0x0000000082100000| Complete 
|  33|0x0000000082100000, 0x0000000082200000, 0x0000000082200000|100%|HS|  |TAMS 0x0000000082200000, 0x0000000082200000| Complete 
|  34|0x0000000082200000, 0x0000000082300000, 0x0000000082300000|100%|HC|  |TAMS 0x0000000082300000, 0x0000000082300000| Complete 
|  35|0x0000000082300000, 0x0000000082400000, 0x0000000082400000|100%|HS|  |TAMS 0x0000000082400000, 0x0000000082400000| Complete 
|  36|0x0000000082400000, 0x0000000082500000, 0x0000000082500000|100%|HS|  |TAMS 0x0000000082500000, 0x0000000082500000| Complete 
|  37|0x0000000082500000, 0x0000000082600000, 0x0000000082600000|100%|HC|  |TAMS 0x0000000082600000, 0x0000000082600000| Complete 
|  38|0x0000000082600000, 0x0000000082700000, 0x0000000082700000|100%|HC|  |TAMS 0x0000000082700000, 0x0000000082700000| Complete 
|  39|0x0000000082700000, 0x0000000082800000, 0x0000000082800000|100%|HC|  |TAMS 0x0000000082800000, 0x0000000082800000| Complete 
|  40|0x0000000082800000, 0x0000000082900000, 0x0000000082900000|100%| O|  |TAMS 0x0000000082900000, 0x0000000082900000| Untracked 
|  41|0x0000000082900000, 0x0000000082a00000, 0x0000000082a00000|100%| O|  |TAMS 0x0000000082a00000, 0x0000000082a00000| Untracked 
|  42|0x0000000082a00000, 0x0000000082b00000, 0x0000000082b00000|100%| O|  |TAMS 0x0000000082b00000, 0x0000000082b00000| Untracked 
|  43|0x0000000082b00000, 0x0000000082c00000, 0x0000000082c00000|100%| O|  |TAMS 0x0000000082c00000, 0x0000000082c00000| Untracked 
|  44|0x0000000082c00000, 0x0000000082d00000, 0x0000000082d00000|100%| O|  |TAMS 0x0000000082d00000, 0x0000000082d00000| Untracked 
|  45|0x0000000082d00000, 0x0000000082e00000, 0x0000000082e00000|100%| O|  |TAMS 0x0000000082e00000, 0x0000000082e00000| Untracked 
|  46|0x0000000082e00000, 0x0000000082f00000, 0x0000000082f00000|100%| O|  |TAMS 0x0000000082f00000, 0x0000000082f00000| Untracked 
|  47|0x0000000082f00000, 0x0000000083000000, 0x0000000083000000|100%| O|  |TAMS 0x0000000083000000, 0x0000000083000000| Untracked 
|  48|0x0000000083000000, 0x0000000083100000, 0x0000000083100000|100%| O|  |TAMS 0x0000000083100000, 0x0000000083100000| Untracked 
|  49|0x0000000083100000, 0x0000000083200000, 0x0000000083200000|100%| O|  |TAMS 0x0000000083200000, 0x0000000083200000| Untracked 
|  50|0x0000000083200000, 0x0000000083300000, 0x0000000083300000|100%| O|  |TAMS 0x0000000083300000, 0x0000000083300000| Untracked 
|  51|0x0000000083300000, 0x0000000083400000, 0x0000000083400000|100%| O|  |TAMS 0x0000000083400000, 0x0000000083400000| Untracked 
|  52|0x0000000083400000, 0x0000000083500000, 0x0000000083500000|100%| O|  |TAMS 0x0000000083500000, 0x0000000083500000| Untracked 
|  53|0x0000000083500000, 0x0000000083600000, 0x0000000083600000|100%| O|  |TAMS 0x0000000083600000, 0x0000000083600000| Untracked 
|  54|0x0000000083600000, 0x0000000083700000, 0x0000000083700000|100%| O|  |TAMS 0x0000000083700000, 0x0000000083700000| Untracked 
|  55|0x0000000083700000, 0x0000000083800000, 0x0000000083800000|100%| O|  |TAMS 0x0000000083800000, 0x0000000083800000| Untracked 
|  56|0x0000000083800000, 0x0000000083900000, 0x0000000083900000|100%| O|  |TAMS 0x0000000083900000, 0x0000000083900000| Untracked 
|  57|0x0000000083900000, 0x0000000083a00000, 0x0000000083a00000|100%| O|  |TAMS 0x0000000083a00000, 0x0000000083a00000| Untracked 
|  58|0x0000000083a00000, 0x0000000083b00000, 0x0000000083b00000|100%| O|  |TAMS 0x0000000083b00000, 0x0000000083b00000| Untracked 
|  59|0x0000000083b00000, 0x0000000083c00000, 0x0000000083c00000|100%| O|  |TAMS 0x0000000083c00000, 0x0000000083c00000| Untracked 
|  60|0x0000000083c00000, 0x0000000083d00000, 0x0000000083d00000|100%| O|  |TAMS 0x0000000083d00000, 0x0000000083d00000| Untracked 
|  61|0x0000000083d00000, 0x0000000083e00000, 0x0000000083e00000|100%| O|  |TAMS 0x0000000083e00000, 0x0000000083e00000| Untracked 
|  62|0x0000000083e00000, 0x0000000083f00000, 0x0000000083f00000|100%| O|  |TAMS 0x0000000083f00000, 0x0000000083f00000| Untracked 
|  63|0x0000000083f00000, 0x0000000084000000, 0x0000000084000000|100%| O|  |TAMS 0x0000000084000000, 0x0000000084000000| Untracked 
|  64|0x0000000084000000, 0x0000000084100000, 0x0000000084100000|100%| O|  |TAMS 0x00000000840b8000, 0x0000000084100000| Untracked 
|  65|0x0000000084100000, 0x0000000084200000, 0x0000000084200000|100%| O|  |TAMS 0x0000000084100000, 0x0000000084200000| Untracked 
|  66|0x0000000084200000, 0x0000000084300000, 0x0000000084300000|100%| O|  |TAMS 0x0000000084200000, 0x0000000084300000| Untracked 
|  67|0x0000000084300000, 0x0000000084400000, 0x0000000084400000|100%| O|  |TAMS 0x0000000084300000, 0x0000000084400000| Untracked 
|  68|0x0000000084400000, 0x0000000084500000, 0x0000000084500000|100%| O|  |TAMS 0x0000000084400000, 0x0000000084500000| Untracked 
|  69|0x0000000084500000, 0x0000000084600000, 0x0000000084600000|100%| O|  |TAMS 0x0000000084500000, 0x0000000084600000| Untracked 
|  70|0x0000000084600000, 0x0000000084700000, 0x0000000084700000|100%| O|  |TAMS 0x0000000084600000, 0x0000000084700000| Untracked 
|  71|0x0000000084700000, 0x0000000084800000, 0x0000000084800000|100%| O|  |TAMS 0x0000000084700000, 0x0000000084800000| Untracked 
|  72|0x0000000084800000, 0x0000000084900000, 0x0000000084900000|100%| O|  |TAMS 0x0000000084800000, 0x0000000084900000| Untracked 
|  73|0x0000000084900000, 0x0000000084a00000, 0x0000000084a00000|100%| O|  |TAMS 0x0000000084900000, 0x0000000084a00000| Untracked 
|  74|0x0000000084a00000, 0x0000000084b00000, 0x0000000084b00000|100%| O|  |TAMS 0x0000000084a00000, 0x0000000084b00000| Untracked 
|  75|0x0000000084b00000, 0x0000000084c00000, 0x0000000084c00000|100%| O|  |TAMS 0x0000000084b00000, 0x0000000084c00000| Untracked 
|  76|0x0000000084c00000, 0x0000000084d00000, 0x0000000084d00000|100%| O|  |TAMS 0x0000000084c00000, 0x0000000084d00000| Untracked 
|  77|0x0000000084d00000, 0x0000000084e00000, 0x0000000084e00000|100%| O|  |TAMS 0x0000000084d00000, 0x0000000084e00000| Untracked 
|  78|0x0000000084e00000, 0x0000000084f00000, 0x0000000084f00000|100%| O|  |TAMS 0x0000000084e00000, 0x0000000084f00000| Untracked 
|  79|0x0000000084f00000, 0x0000000084f00000, 0x0000000085000000|  0%| F|  |TAMS 0x0000000084f00000, 0x0000000084f00000| Untracked 
|  80|0x0000000085000000, 0x0000000085000000, 0x0000000085100000|  0%| F|  |TAMS 0x0000000085000000, 0x0000000085000000| Untracked 
|  81|0x0000000085100000, 0x0000000085100000, 0x0000000085200000|  0%| F|  |TAMS 0x0000000085100000, 0x0000000085100000| Untracked 
|  82|0x0000000085200000, 0x0000000085200000, 0x0000000085300000|  0%| F|  |TAMS 0x0000000085200000, 0x0000000085200000| Untracked 
|  83|0x0000000085300000, 0x0000000085300000, 0x0000000085400000|  0%| F|  |TAMS 0x0000000085300000, 0x0000000085300000| Untracked 
|  84|0x0000000085400000, 0x0000000085400000, 0x0000000085500000|  0%| F|  |TAMS 0x0000000085400000, 0x0000000085400000| Untracked 
|  85|0x0000000085500000, 0x0000000085500000, 0x0000000085600000|  0%| F|  |TAMS 0x0000000085500000, 0x0000000085500000| Untracked 
|  86|0x0000000085600000, 0x0000000085600000, 0x0000000085700000|  0%| F|  |TAMS 0x0000000085600000, 0x0000000085600000| Untracked 
|  87|0x0000000085700000, 0x0000000085700000, 0x0000000085800000|  0%| F|  |TAMS 0x0000000085700000, 0x0000000085700000| Untracked 
|  88|0x0000000085800000, 0x0000000085800000, 0x0000000085900000|  0%| F|  |TAMS 0x0000000085800000, 0x0000000085800000| Untracked 
|  89|0x0000000085900000, 0x0000000085900000, 0x0000000085a00000|  0%| F|  |TAMS 0x0000000085900000, 0x0000000085900000| Untracked 
|  90|0x0000000085a00000, 0x0000000085a00000, 0x0000000085b00000|  0%| F|  |TAMS 0x0000000085a00000, 0x0000000085a00000| Untracked 
|  91|0x0000000085b00000, 0x0000000085b00000, 0x0000000085c00000|  0%| F|  |TAMS 0x0000000085b00000, 0x0000000085b00000| Untracked 
|  92|0x0000000085c00000, 0x0000000085c00000, 0x0000000085d00000|  0%| F|  |TAMS 0x0000000085c00000, 0x0000000085c00000| Untracked 
|  93|0x0000000085d00000, 0x0000000085d00000, 0x0000000085e00000|  0%| F|  |TAMS 0x0000000085d00000, 0x0000000085d00000| Untracked 
|  94|0x0000000085e00000, 0x0000000085e00000, 0x0000000085f00000|  0%| F|  |TAMS 0x0000000085e00000, 0x0000000085e00000| Untracked 
|  95|0x0000000085f00000, 0x0000000085f00000, 0x0000000086000000|  0%| F|  |TAMS 0x0000000085f00000, 0x0000000085f00000| Untracked 
|  96|0x0000000086000000, 0x0000000086000000, 0x0000000086100000|  0%| F|  |TAMS 0x0000000086000000, 0x0000000086000000| Untracked 
|  97|0x0000000086100000, 0x0000000086200000, 0x0000000086200000|100%| S|CS|TAMS 0x0000000086100000, 0x0000000086100000| Complete 
|  98|0x0000000086200000, 0x0000000086300000, 0x0000000086300000|100%| S|CS|TAMS 0x0000000086200000, 0x0000000086200000| Complete 
|  99|0x0000000086300000, 0x0000000086400000, 0x0000000086400000|100%| S|CS|TAMS 0x0000000086300000, 0x0000000086300000| Complete 
| 100|0x0000000086400000, 0x0000000086500000, 0x0000000086500000|100%| S|CS|TAMS 0x0000000086400000, 0x0000000086400000| Complete 
| 101|0x0000000086500000, 0x0000000086600000, 0x0000000086600000|100%| S|CS|TAMS 0x0000000086500000, 0x0000000086500000| Complete 
| 102|0x0000000086600000, 0x0000000086600000, 0x0000000086700000|  0%| F|  |TAMS 0x0000000086600000, 0x0000000086600000| Untracked 
| 103|0x0000000086700000, 0x0000000086700000, 0x0000000086800000|  0%| F|  |TAMS 0x0000000086700000, 0x0000000086700000| Untracked 
| 104|0x0000000086800000, 0x0000000086800000, 0x0000000086900000|  0%| F|  |TAMS 0x0000000086800000, 0x0000000086800000| Untracked 
| 105|0x0000000086900000, 0x0000000086900000, 0x0000000086a00000|  0%| F|  |TAMS 0x0000000086900000, 0x0000000086900000| Untracked 
| 106|0x0000000086a00000, 0x0000000086a00000, 0x0000000086b00000|  0%| F|  |TAMS 0x0000000086a00000, 0x0000000086a00000| Untracked 
| 107|0x0000000086b00000, 0x0000000086b00000, 0x0000000086c00000|  0%| F|  |TAMS 0x0000000086b00000, 0x0000000086b00000| Untracked 
| 108|0x0000000086c00000, 0x0000000086c00000, 0x0000000086d00000|  0%| F|  |TAMS 0x0000000086c00000, 0x0000000086c00000| Untracked 
| 109|0x0000000086d00000, 0x0000000086d00000, 0x0000000086e00000|  0%| F|  |TAMS 0x0000000086d00000, 0x0000000086d00000| Untracked 
| 110|0x0000000086e00000, 0x0000000086e00000, 0x0000000086f00000|  0%| F|  |TAMS 0x0000000086e00000, 0x0000000086e00000| Untracked 
| 111|0x0000000086f00000, 0x0000000086f00000, 0x0000000087000000|  0%| F|  |TAMS 0x0000000086f00000, 0x0000000086f00000| Untracked 
| 112|0x0000000087000000, 0x0000000087000000, 0x0000000087100000|  0%| F|  |TAMS 0x0000000087000000, 0x0000000087000000| Untracked 
| 113|0x0000000087100000, 0x0000000087100000, 0x0000000087200000|  0%| F|  |TAMS 0x0000000087100000, 0x0000000087100000| Untracked 
| 114|0x0000000087200000, 0x0000000087200000, 0x0000000087300000|  0%| F|  |TAMS 0x0000000087200000, 0x0000000087200000| Untracked 
| 115|0x0000000087300000, 0x0000000087300000, 0x0000000087400000|  0%| F|  |TAMS 0x0000000087300000, 0x0000000087300000| Untracked 
| 116|0x0000000087400000, 0x0000000087400000, 0x0000000087500000|  0%| F|  |TAMS 0x0000000087400000, 0x0000000087400000| Untracked 
| 117|0x0000000087500000, 0x0000000087500000, 0x0000000087600000|  0%| F|  |TAMS 0x0000000087500000, 0x0000000087500000| Untracked 
| 118|0x0000000087600000, 0x0000000087600000, 0x0000000087700000|  0%| F|  |TAMS 0x0000000087600000, 0x0000000087600000| Untracked 
| 119|0x0000000087700000, 0x0000000087700000, 0x0000000087800000|  0%| F|  |TAMS 0x0000000087700000, 0x0000000087700000| Untracked 
| 120|0x0000000087800000, 0x0000000087800000, 0x0000000087900000|  0%| F|  |TAMS 0x0000000087800000, 0x0000000087800000| Untracked 
| 121|0x0000000087900000, 0x0000000087900000, 0x0000000087a00000|  0%| F|  |TAMS 0x0000000087900000, 0x0000000087900000| Untracked 
| 122|0x0000000087a00000, 0x0000000087a00000, 0x0000000087b00000|  0%| F|  |TAMS 0x0000000087a00000, 0x0000000087a00000| Untracked 
| 123|0x0000000087b00000, 0x0000000087b00000, 0x0000000087c00000|  0%| F|  |TAMS 0x0000000087b00000, 0x0000000087b00000| Untracked 
| 124|0x0000000087c00000, 0x0000000087c00000, 0x0000000087d00000|  0%| F|  |TAMS 0x0000000087c00000, 0x0000000087c00000| Untracked 
| 125|0x0000000087d00000, 0x0000000087d00000, 0x0000000087e00000|  0%| F|  |TAMS 0x0000000087d00000, 0x0000000087d00000| Untracked 
| 126|0x0000000087e00000, 0x0000000087e00000, 0x0000000087f00000|  0%| F|  |TAMS 0x0000000087e00000, 0x0000000087e00000| Untracked 
| 127|0x0000000087f00000, 0x0000000087f00000, 0x0000000088000000|  0%| F|  |TAMS 0x0000000087f00000, 0x0000000087f00000| Untracked 
| 128|0x0000000088000000, 0x0000000088000000, 0x0000000088100000|  0%| F|  |TAMS 0x0000000088000000, 0x0000000088000000| Untracked 
| 129|0x0000000088100000, 0x0000000088100000, 0x0000000088200000|  0%| F|  |TAMS 0x0000000088100000, 0x0000000088100000| Untracked 
| 130|0x0000000088200000, 0x0000000088200000, 0x0000000088300000|  0%| F|  |TAMS 0x0000000088200000, 0x0000000088200000| Untracked 
| 131|0x0000000088300000, 0x0000000088300000, 0x0000000088400000|  0%| F|  |TAMS 0x0000000088300000, 0x0000000088300000| Untracked 
| 132|0x0000000088400000, 0x0000000088400000, 0x0000000088500000|  0%| F|  |TAMS 0x0000000088400000, 0x0000000088400000| Untracked 
| 133|0x0000000088500000, 0x0000000088500000, 0x0000000088600000|  0%| F|  |TAMS 0x0000000088500000, 0x0000000088500000| Untracked 
| 134|0x0000000088600000, 0x0000000088600000, 0x0000000088700000|  0%| F|  |TAMS 0x0000000088600000, 0x0000000088600000| Untracked 
| 135|0x0000000088700000, 0x0000000088700000, 0x0000000088800000|  0%| F|  |TAMS 0x0000000088700000, 0x0000000088700000| Untracked 
|2047|0x00000000fff00000, 0x0000000100000000, 0x0000000100000000|100%| O|  |TAMS 0x0000000100000000, 0x0000000100000000| Untracked 

Card table byte_map: [0x000001a9ae6b0000,0x000001a9aeab0000] _byte_map_base: 0x000001a9ae2b0000

Marking Bits (Prev, Next): (CMBitMap*) 0x000001a99bb07cb0, (CMBitMap*) 0x000001a99bb07cf0
 Prev Bits: [0x000001a9aeeb0000, 0x000001a9b0eb0000)
 Next Bits: [0x000001a9b0eb0000, 0x000001a9b2eb0000)

Polling page: 0x000001a999a40000

Metaspace:

Usage:
  Non-class:     78.97 MB used.
      Class:     12.52 MB used.
       Both:     91.49 MB used.

Virtual space:
  Non-class space:       80.00 MB reserved,      79.31 MB (>99%) committed,  10 nodes.
      Class space:        1.00 GB reserved,      12.81 MB (  1%) committed,  1 nodes.
             Both:        1.08 GB reserved,      92.12 MB (  8%) committed. 

Chunk freelists:
   Non-Class:  528.00 KB
       Class:  3.22 MB
        Both:  3.74 MB

MaxMetaspaceSize: unlimited
CompressedClassSpaceSize: 1.00 GB
Initial GC threshold: 21.00 MB
Current GC threshold: 151.19 MB
CDS: off
MetaspaceReclaimPolicy: balanced
 - commit_granule_bytes: 65536.
 - commit_granule_words: 8192.
 - virtual_space_node_default_size: 1048576.
 - enlarge_chunks_in_place: 1.
 - new_chunks_are_fully_committed: 0.
 - uncommit_free_chunks: 1.
 - use_allocation_guard: 0.
 - handle_deallocations: 1.


Internal statistics:

num_allocs_failed_limit: 6.
num_arena_births: 928.
num_arena_deaths: 0.
num_vsnodes_births: 11.
num_vsnodes_deaths: 0.
num_space_committed: 1474.
num_space_uncommitted: 0.
num_chunks_returned_to_freelist: 6.
num_chunks_taken_from_freelist: 4321.
num_chunk_merges: 6.
num_chunk_splits: 2902.
num_chunks_enlarged: 1973.
num_purges: 0.
num_inconsistent_stats: 0.

CodeHeap 'non-profiled nmethods': size=120000Kb used=5301Kb max_used=5301Kb free=114698Kb
 bounds [0x000001a9a6a50000, 0x000001a9a6f80000, 0x000001a9adf80000]
CodeHeap 'profiled nmethods': size=120000Kb used=17543Kb max_used=17543Kb free=102456Kb
 bounds [0x000001a99ef80000, 0x000001a9a00b0000, 0x000001a9a64b0000]
CodeHeap 'non-nmethods': size=5760Kb used=2385Kb max_used=2495Kb free=3374Kb
 bounds [0x000001a9a64b0000, 0x000001a9a6740000, 0x000001a9a6a50000]
 total_blobs=9809 nmethods=8889 adapters=832
 compilation: enabled
              stopped_count=0, restarted_count=0
 full_count=0

Compilation events (20 events):
Event: 10.240 Thread 0x000001a9b6421480 9767       2       java.lang.invoke.MethodHandles::insertArguments (98 bytes)
Event: 10.240 Thread 0x000001a9b6421480 nmethod 9767 0x000001a9a009f410 code [0x000001a9a009f620, 0x000001a9a009fb48]
Event: 10.240 Thread 0x000001a9b6421480 9769       2       java.lang.invoke.DelegatingMethodHandle$Holder::reinvoke_L (20 bytes)
Event: 10.241 Thread 0x000001a9b6421480 nmethod 9769 0x000001a9a009ff10 code [0x000001a9a00a00c0, 0x000001a9a00a0238]
Event: 10.241 Thread 0x000001a9b6421480 9770       2       java.lang.invoke.DirectMethodHandle$Holder::invokeStatic (14 bytes)
Event: 10.241 Thread 0x000001a9b6421480 nmethod 9770 0x000001a9a00a0390 code [0x000001a9a00a0540, 0x000001a9a00a0698]
Event: 10.241 Thread 0x000001a9b6421480 9768       2       java.lang.invoke.MethodHandles::insertArgumentsChecks (51 bytes)
Event: 10.241 Thread 0x000001a9b6421480 nmethod 9768 0x000001a9a00a0790 code [0x000001a9a00a0940, 0x000001a9a00a0bb8]
Event: 10.242 Thread 0x000001a9b6421480 9771       1       java.lang.Thread::getName (5 bytes)
Event: 10.242 Thread 0x000001a9b6421480 nmethod 9771 0x000001a9a6f7c510 code [0x000001a9a6f7c6a0, 0x000001a9a6f7c778]
Event: 10.242 Thread 0x000001a9b6420330 nmethod 9639 0x000001a9a6f70410 code [0x000001a9a6f70a00, 0x000001a9a6f78c50]
Event: 10.243 Thread 0x000001a9b6420330 9676       4       org.codehaus.groovy.util.SingleKeyHashMap::getOrPut (137 bytes)
Event: 10.248 Thread 0x000001a9b6421480 9772       2       java.lang.Thread::checkAccess (14 bytes)
Event: 10.248 Thread 0x000001a9b6421480 nmethod 9772 0x000001a9a00a0d90 code [0x000001a9a00a0f40, 0x000001a9a00a10a8]
Event: 10.249 Thread 0x000001a9b6699e70 nmethod 9720 0x000001a9a6f7c810 code [0x000001a9a6f7c9e0, 0x000001a9a6f7d270]
Event: 10.249 Thread 0x000001a9b6699e70 9598       4       java.lang.Class::getMethodsRecursive (99 bytes)
Event: 10.251 Thread 0x000001a9b6421480 9773       2       java.security.CodeSource::getCertificates (98 bytes)
Event: 10.251 Thread 0x000001a9b6421480 nmethod 9773 0x000001a9a00a1190 code [0x000001a9a00a13a0, 0x000001a9a00a18b8]
Event: 10.254 Thread 0x000001a9b6421480 9774       2       org.gradle.internal.serialize.kryo.KryoBackedEncoder::writeSmallInt (11 bytes)
Event: 10.255 Thread 0x000001a9b6421480 nmethod 9774 0x000001a9a00a1b10 code [0x000001a9a00a1ca0, 0x000001a9a00a1dc8]

GC Heap History (20 events):
Event: 7.025 GC heap after
{Heap after GC invocations=22 (full 0):
 garbage-first heap   total 116736K, used 57623K [0x0000000080000000, 0x0000000100000000)
  region size 1024K, 4 young (4096K), 4 survivors (4096K)
 Metaspace       used 65246K, committed 65728K, reserved 1105920K
  class space    used 8674K, committed 8896K, reserved 1048576K
}
Event: 7.307 GC heap before
{Heap before GC invocations=22 (full 0):
 garbage-first heap   total 116736K, used 87319K [0x0000000080000000, 0x0000000100000000)
  region size 1024K, 33 young (33792K), 4 survivors (4096K)
 Metaspace       used 68066K, committed 68672K, reserved 1114112K
  class space    used 9049K, committed 9344K, reserved 1048576K
}
Event: 7.310 GC heap after
{Heap after GC invocations=23 (full 0):
 garbage-first heap   total 116736K, used 60013K [0x0000000080000000, 0x0000000100000000)
  region size 1024K, 3 young (3072K), 3 survivors (3072K)
 Metaspace       used 68066K, committed 68672K, reserved 1114112K
  class space    used 9049K, committed 9344K, reserved 1048576K
}
Event: 7.623 GC heap before
{Heap before GC invocations=24 (full 0):
 garbage-first heap   total 116736K, used 89709K [0x0000000080000000, 0x0000000100000000)
  region size 1024K, 32 young (32768K), 3 survivors (3072K)
 Metaspace       used 71581K, committed 72128K, reserved 1114112K
  class space    used 9547K, committed 9792K, reserved 1048576K
}
Event: 7.627 GC heap after
{Heap after GC invocations=25 (full 0):
 garbage-first heap   total 116736K, used 61615K [0x0000000080000000, 0x0000000100000000)
  region size 1024K, 4 young (4096K), 4 survivors (4096K)
 Metaspace       used 71581K, committed 72128K, reserved 1114112K
  class space    used 9547K, committed 9792K, reserved 1048576K
}
Event: 7.891 GC heap before
{Heap before GC invocations=25 (full 0):
 garbage-first heap   total 116736K, used 91311K [0x0000000080000000, 0x0000000100000000)
  region size 1024K, 33 young (33792K), 4 survivors (4096K)
 Metaspace       used 74861K, committed 75520K, reserved 1114112K
  class space    used 9999K, committed 10304K, reserved 1048576K
}
Event: 7.895 GC heap after
{Heap after GC invocations=26 (full 0):
 garbage-first heap   total 140288K, used 64329K [0x0000000080000000, 0x0000000100000000)
  region size 1024K, 5 young (5120K), 5 survivors (5120K)
 Metaspace       used 74861K, committed 75520K, reserved 1114112K
  class space    used 9999K, committed 10304K, reserved 1048576K
}
Event: 8.353 GC heap before
{Heap before GC invocations=27 (full 0):
 garbage-first heap   total 140288K, used 107337K [0x0000000080000000, 0x0000000100000000)
  region size 1024K, 47 young (48128K), 5 survivors (5120K)
 Metaspace       used 77734K, committed 78272K, reserved 1122304K
  class space    used 10380K, committed 10624K, reserved 1048576K
}
Event: 8.359 GC heap after
{Heap after GC invocations=28 (full 0):
 garbage-first heap   total 140288K, used 68361K [0x0000000080000000, 0x0000000100000000)
  region size 1024K, 6 young (6144K), 6 survivors (6144K)
 Metaspace       used 77734K, committed 78272K, reserved 1122304K
  class space    used 10380K, committed 10624K, reserved 1048576K
}
Event: 8.768 GC heap before
{Heap before GC invocations=28 (full 0):
 garbage-first heap   total 140288K, used 110345K [0x0000000080000000, 0x0000000100000000)
  region size 1024K, 47 young (48128K), 6 survivors (6144K)
 Metaspace       used 82484K, committed 83072K, reserved 1122304K
  class space    used 11231K, committed 11520K, reserved 1048576K
}
Event: 8.772 GC heap after
{Heap after GC invocations=29 (full 0):
 garbage-first heap   total 140288K, used 69727K [0x0000000080000000, 0x0000000100000000)
  region size 1024K, 6 young (6144K), 6 survivors (6144K)
 Metaspace       used 82484K, committed 83072K, reserved 1122304K
  class space    used 11231K, committed 11520K, reserved 1048576K
}
Event: 9.305 GC heap before
{Heap before GC invocations=30 (full 0):
 garbage-first heap   total 140288K, used 112735K [0x0000000080000000, 0x0000000100000000)
  region size 1024K, 48 young (49152K), 6 survivors (6144K)
 Metaspace       used 86554K, committed 87168K, reserved 1130496K
  class space    used 11820K, committed 12096K, reserved 1048576K
}
Event: 9.313 GC heap after
{Heap after GC invocations=31 (full 0):
 garbage-first heap   total 140288K, used 73440K [0x0000000080000000, 0x0000000100000000)
  region size 1024K, 6 young (6144K), 6 survivors (6144K)
 Metaspace       used 86554K, committed 87168K, reserved 1130496K
  class space    used 11820K, committed 12096K, reserved 1048576K
}
Event: 9.739 GC heap before
{Heap before GC invocations=31 (full 0):
 garbage-first heap   total 140288K, used 113376K [0x0000000080000000, 0x0000000100000000)
  region size 1024K, 45 young (46080K), 6 survivors (6144K)
 Metaspace       used 91919K, committed 92544K, reserved 1130496K
  class space    used 12589K, committed 12864K, reserved 1048576K
}
Event: 9.745 GC heap after
{Heap after GC invocations=32 (full 0):
 garbage-first heap   total 140288K, used 76947K [0x0000000080000000, 0x0000000100000000)
  region size 1024K, 4 young (4096K), 4 survivors (4096K)
 Metaspace       used 91919K, committed 92544K, reserved 1130496K
  class space    used 12589K, committed 12864K, reserved 1048576K
}
Event: 10.029 GC heap before
{Heap before GC invocations=33 (full 0):
 garbage-first heap   total 140288K, used 113811K [0x0000000080000000, 0x0000000100000000)
  region size 1024K, 40 young (40960K), 4 survivors (4096K)
 Metaspace       used 93429K, committed 94080K, reserved 1130496K
  class space    used 12788K, committed 13056K, reserved 1048576K
}
Event: 10.035 GC heap after
{Heap after GC invocations=34 (full 0):
 garbage-first heap   total 140288K, used 81580K [0x0000000080000000, 0x0000000100000000)
  region size 1024K, 5 young (5120K), 5 survivors (5120K)
 Metaspace       used 93429K, committed 94080K, reserved 1130496K
  class space    used 12788K, committed 13056K, reserved 1048576K
}
Event: 10.040 GC heap before
{Heap before GC invocations=34 (full 0):
 garbage-first heap   total 140288K, used 82604K [0x0000000080000000, 0x0000000100000000)
  region size 1024K, 6 young (6144K), 5 survivors (5120K)
 Metaspace       used 93430K, committed 94080K, reserved 1130496K
  class space    used 12788K, committed 13056K, reserved 1048576K
}
Event: 10.046 GC heap after
{Heap after GC invocations=35 (full 0):
 garbage-first heap   total 140288K, used 81722K [0x0000000080000000, 0x0000000100000000)
  region size 1024K, 1 young (1024K), 1 survivors (1024K)
 Metaspace       used 93430K, committed 94080K, reserved 1130496K
  class space    used 12788K, committed 13056K, reserved 1048576K
}
Event: 10.255 GC heap before
{Heap before GC invocations=35 (full 0):
 garbage-first heap   total 140288K, used 115514K [0x0000000080000000, 0x0000000100000000)
  region size 1024K, 34 young (34816K), 1 survivors (1024K)
 Metaspace       used 93690K, committed 94336K, reserved 1130496K
  class space    used 12825K, committed 13120K, reserved 1048576K
}

Dll operation events (2 events):
Event: 0.006 Loaded shared library C:\Program Files\Android\Android Studio\jbr\bin\java.dll
Event: 0.374 Loaded shared library C:\Program Files\Android\Android Studio\jbr\bin\verify.dll

Deoptimization events (20 events):
Event: 10.229 Thread 0x000001a9b90c9610 Uncommon trap: trap_request=0xffffffc6 fr.pc=0x000001a9a6f343f8 relative=0x0000000000000438
Event: 10.235 Thread 0x000001a9b90c9610 Uncommon trap: reason=bimorphic_or_optimized_type_check action=maybe_recompile pc=0x000001a9a6f343f8 method=com.google.common.collect.NaturalOrdering.compare(Ljava/lang/Comparable;Ljava/lang/Comparable;)I @ 12 c2
Event: 10.235 Thread 0x000001a9b90c9610 DEOPT PACKING pc=0x000001a9a6f343f8 sp=0x000000380a9f8e10
Event: 10.235 Thread 0x000001a9b90c9610 DEOPT UNPACKING pc=0x000001a9a65069a3 sp=0x000000380a9f8d20 mode 2
Event: 10.235 Thread 0x000001a9b90c9610 Uncommon trap: trap_request=0xffffffc6 fr.pc=0x000001a9a6f343f8 relative=0x0000000000000438
Event: 10.235 Thread 0x000001a9b90c9610 Uncommon trap: reason=bimorphic_or_optimized_type_check action=maybe_recompile pc=0x000001a9a6f343f8 method=com.google.common.collect.NaturalOrdering.compare(Ljava/lang/Comparable;Ljava/lang/Comparable;)I @ 12 c2
Event: 10.235 Thread 0x000001a9b90c9610 DEOPT PACKING pc=0x000001a9a6f343f8 sp=0x000000380a9f8e10
Event: 10.235 Thread 0x000001a9b90c9610 DEOPT UNPACKING pc=0x000001a9a65069a3 sp=0x000000380a9f8d20 mode 2
Event: 10.235 Thread 0x000001a9b90c9610 Uncommon trap: trap_request=0xffffffc6 fr.pc=0x000001a9a6f343f8 relative=0x0000000000000438
Event: 10.235 Thread 0x000001a9b90c9610 Uncommon trap: reason=bimorphic_or_optimized_type_check action=maybe_recompile pc=0x000001a9a6f343f8 method=com.google.common.collect.NaturalOrdering.compare(Ljava/lang/Comparable;Ljava/lang/Comparable;)I @ 12 c2
Event: 10.235 Thread 0x000001a9b90c9610 DEOPT PACKING pc=0x000001a9a6f343f8 sp=0x000000380a9f8e10
Event: 10.235 Thread 0x000001a9b90c9610 DEOPT UNPACKING pc=0x000001a9a65069a3 sp=0x000000380a9f8d20 mode 2
Event: 10.235 Thread 0x000001a9b90c9610 Uncommon trap: trap_request=0xffffffc6 fr.pc=0x000001a9a6f343f8 relative=0x0000000000000438
Event: 10.235 Thread 0x000001a9b90c9610 Uncommon trap: reason=bimorphic_or_optimized_type_check action=maybe_recompile pc=0x000001a9a6f343f8 method=com.google.common.collect.NaturalOrdering.compare(Ljava/lang/Comparable;Ljava/lang/Comparable;)I @ 12 c2
Event: 10.235 Thread 0x000001a9b90c9610 DEOPT PACKING pc=0x000001a9a6f343f8 sp=0x000000380a9f8fa0
Event: 10.235 Thread 0x000001a9b90c9610 DEOPT UNPACKING pc=0x000001a9a65069a3 sp=0x000000380a9f8eb0 mode 2
Event: 10.249 Thread 0x000001a9b90c9610 Uncommon trap: trap_request=0xffffff45 fr.pc=0x000001a9a6d5e294 relative=0x0000000000000db4
Event: 10.249 Thread 0x000001a9b90c9610 Uncommon trap: reason=unstable_if action=reinterpret pc=0x000001a9a6d5e294 method=java.util.concurrent.locks.AbstractQueuedSynchronizer.acquire(Ljava/util/concurrent/locks/AbstractQueuedSynchronizer$Node;IZZZJ)I @ 103 c2
Event: 10.249 Thread 0x000001a9b90c9610 DEOPT PACKING pc=0x000001a9a6d5e294 sp=0x000000380a9fbd30
Event: 10.249 Thread 0x000001a9b90c9610 DEOPT UNPACKING pc=0x000001a9a65069a3 sp=0x000000380a9fbd00 mode 2

Classes unloaded (0 events):
No events

Classes redefined (0 events):
No events

Internal exceptions (20 events):
Event: 10.197 Thread 0x000001a9b90c9610 Exception <a 'java/lang/ClassNotFoundException'{0x0000000086b09bd0}: com/android/build/gradle/internal/tasks/AppMetadataTask_DecoratedBeanInfo> (0x0000000086b09bd0) 
thrown [s\src\hotspot\share\classfile\systemDictionary.cpp, line 256]
Event: 10.198 Thread 0x000001a9b90c9610 Exception <a 'java/lang/ClassNotFoundException'{0x0000000086b15760}: com/android/build/gradle/internal/tasks/AppMetadataTaskBeanInfo> (0x0000000086b15760) 
thrown [s\src\hotspot\share\classfile\systemDictionary.cpp, line 256]
Event: 10.198 Thread 0x000001a9b90c9610 Exception <a 'java/lang/ClassNotFoundException'{0x0000000086b21060}: com/android/build/gradle/internal/tasks/AppMetadataTaskCustomizer> (0x0000000086b21060) 
thrown [s\src\hotspot\share\classfile\systemDictionary.cpp, line 256]
Event: 10.198 Thread 0x000001a9b90c9610 Exception <a 'java/lang/ClassNotFoundException'{0x0000000086b420d0}: com/android/build/gradle/internal/tasks/AppMetadataTask_DecoratedCustomizer> (0x0000000086b420d0) 
thrown [s\src\hotspot\share\classfile\systemDictionary.cpp, line 256]
Event: 10.201 Thread 0x000001a9b90c9610 Exception <a 'java/lang/ClassNotFoundException'{0x0000000086be1f68}: com/android/build/gradle/internal/tasks/SigningConfigVersionsWriterTask_DecoratedBeanInfo> (0x0000000086be1f68) 
thrown [s\src\hotspot\share\classfile\systemDictionary.cpp, line 256]
Event: 10.201 Thread 0x000001a9b90c9610 Exception <a 'java/lang/ClassNotFoundException'{0x0000000086bedcd8}: com/android/build/gradle/internal/tasks/SigningConfigVersionsWriterTaskBeanInfo> (0x0000000086bedcd8) 
thrown [s\src\hotspot\share\classfile\systemDictionary.cpp, line 256]
Event: 10.201 Thread 0x000001a9b90c9610 Exception <a 'java/lang/ClassNotFoundException'{0x0000000086bf97b8}: com/android/build/gradle/internal/tasks/SigningConfigVersionsWriterTaskCustomizer> (0x0000000086bf97b8) 
thrown [s\src\hotspot\share\classfile\systemDictionary.cpp, line 256]
Event: 10.202 Thread 0x000001a9b90c9610 Exception <a 'java/lang/ClassNotFoundException'{0x0000000086a204d8}: com/android/build/gradle/internal/tasks/SigningConfigVersionsWriterTask_DecoratedCustomizer> (0x0000000086a204d8) 
thrown [s\src\hotspot\share\classfile\systemDictionary.cpp, line 256]
Event: 10.208 Thread 0x000001a9b90c9610 Exception <a 'java/lang/ClassNotFoundException'{0x0000000086921b48}: com/android/build/gradle/tasks/PackageApplication_DecoratedBeanInfo> (0x0000000086921b48) 
thrown [s\src\hotspot\share\classfile\systemDictionary.cpp, line 256]
Event: 10.208 Thread 0x000001a9b90c9610 Exception <a 'java/lang/ClassNotFoundException'{0x000000008692d530}: com/android/build/gradle/tasks/PackageApplicationBeanInfo> (0x000000008692d530) 
thrown [s\src\hotspot\share\classfile\systemDictionary.cpp, line 256]
Event: 10.209 Thread 0x000001a9b90c9610 Exception <a 'java/lang/ClassNotFoundException'{0x0000000086939c78}: com/android/build/gradle/tasks/PackageAndroidArtifactBeanInfo> (0x0000000086939c78) 
thrown [s\src\hotspot\share\classfile\systemDictionary.cpp, line 256]
Event: 10.209 Thread 0x000001a9b90c9610 Exception <a 'java/lang/ClassNotFoundException'{0x00000000869456b8}: com/android/build/gradle/tasks/PackageAndroidArtifactCustomizer> (0x00000000869456b8) 
thrown [s\src\hotspot\share\classfile\systemDictionary.cpp, line 256]
Event: 10.211 Thread 0x000001a9b90c9610 Exception <a 'java/lang/ClassNotFoundException'{0x000000008699dd00}: com/android/build/gradle/tasks/PackageApplicationCustomizer> (0x000000008699dd00) 
thrown [s\src\hotspot\share\classfile\systemDictionary.cpp, line 256]
Event: 10.212 Thread 0x000001a9b90c9610 Exception <a 'java/lang/ClassNotFoundException'{0x00000000869c4e80}: com/android/build/gradle/tasks/PackageApplication_DecoratedCustomizer> (0x00000000869c4e80) 
thrown [s\src\hotspot\share\classfile\systemDictionary.cpp, line 256]
Event: 10.215 Thread 0x000001a9b90c9610 Exception <a 'java/lang/ClassNotFoundException'{0x00000000868a9e70}: com/android/build/gradle/internal/tasks/ListingFileRedirectTask_DecoratedBeanInfo> (0x00000000868a9e70) 
thrown [s\src\hotspot\share\classfile\systemDictionary.cpp, line 256]
Event: 10.216 Thread 0x000001a9b90c9610 Exception <a 'java/lang/ClassNotFoundException'{0x00000000868b5af0}: com/android/build/gradle/internal/tasks/ListingFileRedirectTaskBeanInfo> (0x00000000868b5af0) 
thrown [s\src\hotspot\share\classfile\systemDictionary.cpp, line 256]
Event: 10.216 Thread 0x000001a9b90c9610 Exception <a 'java/lang/ClassNotFoundException'{0x00000000868c14e0}: com/android/build/gradle/internal/tasks/ListingFileRedirectTaskCustomizer> (0x00000000868c14e0) 
thrown [s\src\hotspot\share\classfile\systemDictionary.cpp, line 256]
Event: 10.217 Thread 0x000001a9b90c9610 Exception <a 'java/lang/ClassNotFoundException'{0x00000000868ddea0}: com/android/build/gradle/internal/tasks/ListingFileRedirectTask_DecoratedCustomizer> (0x00000000868ddea0) 
thrown [s\src\hotspot\share\classfile\systemDictionary.cpp, line 256]
Event: 10.221 Thread 0x000001a9b90c9610 Exception <a 'java/lang/NoSuchMethodError'{0x0000000086743688}: 'java.lang.Object java.lang.invoke.DirectMethodHandle$Holder.newInvokeSpecial(java.lang.Object, java.lang.Object, java.lang.Object, java.lang.Object, int, java.lang.Object)'> (0x0000000086743688) 
thrown [s\src\hotspot\share\interpreter\linkResolver.cpp, line 771]
Event: 10.221 Thread 0x000001a9b90c9610 Exception <a 'java/lang/NoSuchMethodError'{0x0000000086748490}: 'java.lang.Object java.lang.invoke.Invokers$Holder.linkToTargetMethod(java.lang.Object, java.lang.Object, java.lang.Object, int, java.lang.Object, java.lang.Object)'> (0x0000000086748490) 
thrown [s\src\hotspot\share\interpreter\linkResolver.cpp, line 771]

VM Operations (20 events):
Event: 9.600 Executing VM operation: HandshakeAllThreads done
Event: 9.611 Executing VM operation: HandshakeAllThreads
Event: 9.612 Executing VM operation: HandshakeAllThreads done
Event: 9.678 Executing VM operation: ICBufferFull
Event: 9.678 Executing VM operation: ICBufferFull done
Event: 9.739 Executing VM operation: G1CollectForAllocation
Event: 9.745 Executing VM operation: G1CollectForAllocation done
Event: 9.786 Executing VM operation: G1Concurrent
Event: 9.790 Executing VM operation: G1Concurrent done
Event: 9.794 Executing VM operation: HandshakeAllThreads
Event: 9.794 Executing VM operation: HandshakeAllThreads done
Event: 9.811 Executing VM operation: G1Concurrent
Event: 9.811 Executing VM operation: G1Concurrent done
Event: 9.929 Executing VM operation: HandshakeAllThreads
Event: 9.929 Executing VM operation: HandshakeAllThreads done
Event: 10.029 Executing VM operation: G1CollectForAllocation
Event: 10.035 Executing VM operation: G1CollectForAllocation done
Event: 10.040 Executing VM operation: G1CollectForAllocation
Event: 10.046 Executing VM operation: G1CollectForAllocation done
Event: 10.255 Executing VM operation: G1CollectForAllocation

Events (20 events):
Event: 9.924 loading class java/util/AbstractCollectionCustomizer
Event: 9.924 loading class java/util/AbstractCollectionCustomizer done
Event: 9.925 loading class java/util/AbstractCollectionCustomizer
Event: 9.925 loading class java/util/AbstractCollectionCustomizer done
Event: 9.925 loading class sun/reflect/generics/reflectiveObjects/GenericArrayTypeImpl
Event: 9.925 loading class sun/reflect/generics/reflectiveObjects/GenericArrayTypeImpl done
Event: 9.974 loading class java/lang/ClassBeanInfo
Event: 9.974 loading class java/lang/ClassBeanInfo done
Event: 9.975 loading class java/lang/ClassBeanInfo
Event: 9.975 loading class java/lang/ClassBeanInfo done
Event: 9.975 loading class java/lang/ClassCustomizer
Event: 9.975 loading class java/lang/ClassCustomizer done
Event: 9.975 loading class java/lang/ClassCustomizer
Event: 9.975 loading class java/lang/ClassCustomizer done
Event: 10.150 loading class java/io/FilterReader
Event: 10.151 loading class java/io/FilterReader done
Event: 10.248 Thread 0x000001a9bffa6b30 Thread added: 0x000001a9bffa6b30
Event: 10.255 Thread 0x000001a9bffa1490 Thread added: 0x000001a9bffa1490
Event: 10.255 Thread 0x000001a9bffa3170 Thread added: 0x000001a9bffa3170
Event: 10.255 Thread 0x000001a9bffa4980 Thread added: 0x000001a9bffa4980


Dynamic libraries:
0x00007ff60c940000 - 0x00007ff60c94a000 	C:\Program Files\Android\Android Studio\jbr\bin\java.exe
0x00007ffe0a4b0000 - 0x00007ffe0a6a7000 	C:\windows\SYSTEM32\ntdll.dll
0x00007ffe090d0000 - 0x00007ffe0918d000 	C:\windows\System32\KERNEL32.DLL
0x00007ffe08090000 - 0x00007ffe08386000 	C:\windows\System32\KERNELBASE.dll
0x00007ffe07d00000 - 0x00007ffe07e00000 	C:\windows\System32\ucrtbase.dll
0x00007ffdf4ec0000 - 0x00007ffdf4ed7000 	C:\Program Files\Android\Android Studio\jbr\bin\jli.dll
0x00007ffdeb410000 - 0x00007ffdeb42b000 	C:\Program Files\Android\Android Studio\jbr\bin\VCRUNTIME140.dll
0x00007ffe08f30000 - 0x00007ffe090ce000 	C:\windows\System32\USER32.dll
0x00007ffe08390000 - 0x00007ffe083b2000 	C:\windows\System32\win32u.dll
0x00007ffe09c80000 - 0x00007ffe09cac000 	C:\windows\System32\GDI32.dll
0x00007ffe07be0000 - 0x00007ffe07cfa000 	C:\windows\System32\gdi32full.dll
0x00007ffdf0f20000 - 0x00007ffdf11ba000 	C:\windows\WinSxS\amd64_microsoft.windows.common-controls_6595b64144ccf1df_6.0.19041.3570_none_60bb2a3971f3e41a\COMCTL32.dll
0x00007ffe083c0000 - 0x00007ffe0845d000 	C:\windows\System32\msvcp_win.dll
0x00007ffe08930000 - 0x00007ffe089ce000 	C:\windows\System32\msvcrt.dll
0x00007ffe08ae0000 - 0x00007ffe08b10000 	C:\windows\System32\IMM32.DLL
0x00007ffdeea90000 - 0x00007ffdeea9c000 	C:\Program Files\Android\Android Studio\jbr\bin\vcruntime140_1.dll
0x00007ffdc5cf0000 - 0x00007ffdc5d7d000 	C:\Program Files\Android\Android Studio\jbr\bin\msvcp140.dll
0x00007ffdb96a0000 - 0x00007ffdba30e000 	C:\Program Files\Android\Android Studio\jbr\bin\server\jvm.dll
0x00007ffe08c30000 - 0x00007ffe08cde000 	C:\windows\System32\ADVAPI32.dll
0x00007ffe08b70000 - 0x00007ffe08c0c000 	C:\windows\System32\sechost.dll
0x00007ffe08520000 - 0x00007ffe08646000 	C:\windows\System32\RPCRT4.dll
0x00007ffe03280000 - 0x00007ffe03289000 	C:\windows\SYSTEM32\WSOCK32.dll
0x00007ffe0a400000 - 0x00007ffe0a46b000 	C:\windows\System32\WS2_32.dll
0x00007ffdff440000 - 0x00007ffdff44a000 	C:\windows\SYSTEM32\VERSION.dll
0x00007ffdedfd0000 - 0x00007ffdedff7000 	C:\windows\SYSTEM32\WINMM.dll
0x00007ffe063c0000 - 0x00007ffe063d2000 	C:\windows\SYSTEM32\kernel.appcore.dll
0x00007ffe02000000 - 0x00007ffe0200a000 	C:\Program Files\Android\Android Studio\jbr\bin\jimage.dll
0x00007ffe060e0000 - 0x00007ffe062c4000 	C:\windows\SYSTEM32\DBGHELP.DLL
0x00007ffdea0c0000 - 0x00007ffdea0f4000 	C:\windows\SYSTEM32\dbgcore.DLL
0x00007ffe07e00000 - 0x00007ffe07e82000 	C:\windows\System32\bcryptPrimitives.dll
0x00007ffdff9e0000 - 0x00007ffdffa05000 	C:\Program Files\Android\Android Studio\jbr\bin\java.dll
0x00007ffe009f0000 - 0x00007ffe00a08000 	C:\Program Files\Android\Android Studio\jbr\bin\zip.dll
0x00007ffe09cb0000 - 0x00007ffe0a3f4000 	C:\windows\System32\SHELL32.dll
0x00007ffe05870000 - 0x00007ffe0600b000 	C:\windows\SYSTEM32\windows.storage.dll
0x00007ffe09710000 - 0x00007ffe09a64000 	C:\windows\System32\combase.dll
0x00007ffe075d0000 - 0x00007ffe075fd000 	C:\windows\SYSTEM32\Wldp.dll
0x00007ffe09190000 - 0x00007ffe0923d000 	C:\windows\System32\SHCORE.dll
0x00007ffe08b10000 - 0x00007ffe08b65000 	C:\windows\System32\shlwapi.dll
0x00007ffe07ac0000 - 0x00007ffe07ae5000 	C:\windows\SYSTEM32\profapi.dll
0x00007ffdff840000 - 0x00007ffdff859000 	C:\Program Files\Android\Android Studio\jbr\bin\net.dll
0x00007ffdfd2b0000 - 0x00007ffdfd3ba000 	C:\windows\SYSTEM32\WINHTTP.dll
0x00007ffe07330000 - 0x00007ffe0739a000 	C:\windows\system32\mswsock.dll
0x00007ffdf4ee0000 - 0x00007ffdf4ef6000 	C:\Program Files\Android\Android Studio\jbr\bin\nio.dll
0x00007ffdff500000 - 0x00007ffdff510000 	C:\Program Files\Android\Android Studio\jbr\bin\verify.dll
0x00007ffdeeac0000 - 0x00007ffdeeae7000 	C:\Users\jasse\.gradle\native\68d5fa5c4cc2d200863cafc0d521ce42e7d3e7ee720ec0a83991735586a16f82\windows-amd64\native-platform.dll
0x00007ffdc2e70000 - 0x00007ffdc2fb4000 	C:\Users\jasse\.gradle\native\e376f236ea51e6404a007f0833ffe2c6e607c4080706a723a18a27aeea778392\windows-amd64\native-platform-file-events.dll
0x00007ffdf34d0000 - 0x00007ffdf34d9000 	C:\Program Files\Android\Android Studio\jbr\bin\management.dll
0x00007ffdf34c0000 - 0x00007ffdf34cb000 	C:\Program Files\Android\Android Studio\jbr\bin\management_ext.dll
0x00007ffe09c10000 - 0x00007ffe09c18000 	C:\windows\System32\PSAPI.DLL
0x00007ffe07530000 - 0x00007ffe07548000 	C:\windows\SYSTEM32\CRYPTSP.dll
0x00007ffe06bd0000 - 0x00007ffe06c04000 	C:\windows\system32\rsaenh.dll
0x00007ffe08060000 - 0x00007ffe08087000 	C:\windows\System32\bcrypt.dll
0x00007ffe07a40000 - 0x00007ffe07a6e000 	C:\windows\SYSTEM32\USERENV.dll
0x00007ffe07520000 - 0x00007ffe0752c000 	C:\windows\SYSTEM32\CRYPTBASE.dll
0x00007ffe06fd0000 - 0x00007ffe0700b000 	C:\windows\SYSTEM32\IPHLPAPI.DLL
0x00007ffe08ce0000 - 0x00007ffe08ce8000 	C:\windows\System32\NSI.dll
0x00007ffdfed60000 - 0x00007ffdfed77000 	C:\windows\SYSTEM32\dhcpcsvc6.DLL
0x00007ffdfed40000 - 0x00007ffdfed5d000 	C:\windows\SYSTEM32\dhcpcsvc.DLL
0x00007ffe07020000 - 0x00007ffe070ea000 	C:\windows\SYSTEM32\DNSAPI.dll
0x00007ffdf0be0000 - 0x00007ffdf0be7000 	C:\windows\system32\wshunix.dll
0x00007ffdd3b20000 - 0x00007ffdd3b37000 	C:\windows\system32\napinsp.dll
0x00007ffdd2290000 - 0x00007ffdd22ab000 	C:\windows\system32\pnrpnsp.dll
0x00007ffe02790000 - 0x00007ffe027a5000 	C:\windows\system32\wshbth.dll
0x00007ffe031a0000 - 0x00007ffe031bd000 	C:\windows\system32\NLAapi.dll
0x00007ffdd2270000 - 0x00007ffdd2282000 	C:\windows\System32\winrnr.dll
0x00007ffdfff80000 - 0x00007ffdfff8a000 	C:\Windows\System32\rasadhlp.dll
0x00007ffdf4140000 - 0x00007ffdf41c2000 	C:\windows\System32\fwpuclnt.dll

dbghelp: loaded successfully - version: 4.0.5 - missing functions: none
symbol engine: initialized successfully - sym options: 0x614 - pdb path: .;C:\Program Files\Android\Android Studio\jbr\bin;C:\windows\SYSTEM32;C:\windows\WinSxS\amd64_microsoft.windows.common-controls_6595b64144ccf1df_6.0.19041.3570_none_60bb2a3971f3e41a;C:\Program Files\Android\Android Studio\jbr\bin\server;C:\Users\jasse\.gradle\native\68d5fa5c4cc2d200863cafc0d521ce42e7d3e7ee720ec0a83991735586a16f82\windows-amd64;C:\Users\jasse\.gradle\native\e376f236ea51e6404a007f0833ffe2c6e607c4080706a723a18a27aeea778392\windows-amd64

VM Arguments:
jvm_args: --add-opens=java.base/java.util=ALL-UNNAMED --add-opens=java.base/java.lang=ALL-UNNAMED --add-opens=java.base/java.lang.invoke=ALL-UNNAMED --add-opens=java.prefs/java.util.prefs=ALL-UNNAMED --add-opens=java.base/java.nio.charset=ALL-UNNAMED --add-opens=java.base/java.net=ALL-UNNAMED --add-opens=java.base/java.util.concurrent.atomic=ALL-UNNAMED -Xmx2048m -Dfile.encoding=UTF-8 -Duser.country=FR -Duser.language=fr -Duser.variant 
java_command: org.gradle.launcher.daemon.bootstrap.GradleDaemon 8.0
java_class_path (initial): C:\Users\jasse\.gradle\wrapper\dists\gradle-8.0-bin\ca5e32bp14vu59qr306oxotwh\gradle-8.0\lib\gradle-launcher-8.0.jar
Launcher Type: SUN_STANDARD

[Global flags]
     intx CICompilerCount                          = 4                                         {product} {ergonomic}
     uint ConcGCThreads                            = 2                                         {product} {ergonomic}
     uint G1ConcRefinementThreads                  = 8                                         {product} {ergonomic}
   size_t G1HeapRegionSize                         = 1048576                                   {product} {ergonomic}
    uintx GCDrainStackTargetSize                   = 64                                        {product} {ergonomic}
   size_t InitialHeapSize                          = 132120576                                 {product} {ergonomic}
   size_t MarkStackSize                            = 4194304                                   {product} {ergonomic}
   size_t MaxHeapSize                              = 2147483648                                {product} {command line}
   size_t MaxNewSize                               = 1287651328                                {product} {ergonomic}
   size_t MinHeapDeltaBytes                        = 1048576                                   {product} {ergonomic}
   size_t MinHeapSize                              = 8388608                                   {product} {ergonomic}
    uintx NonNMethodCodeHeapSize                   = 5839372                                {pd product} {ergonomic}
    uintx NonProfiledCodeHeapSize                  = 122909434                              {pd product} {ergonomic}
    uintx ProfiledCodeHeapSize                     = 122909434                              {pd product} {ergonomic}
    uintx ReservedCodeCacheSize                    = 251658240                              {pd product} {ergonomic}
     bool SegmentedCodeCache                       = true                                      {product} {ergonomic}
   size_t SoftMaxHeapSize                          = 2147483648                             {manageable} {ergonomic}
     bool UseCompressedClassPointers               = true                           {product lp64_product} {ergonomic}
     bool UseCompressedOops                        = true                           {product lp64_product} {ergonomic}
     bool UseG1GC                                  = true                                      {product} {ergonomic}
     bool UseLargePagesIndividualAllocation        = false                                  {pd product} {ergonomic}

Logging:
Log output configuration:
 #0: stdout all=warning uptime,level,tags
 #1: stderr all=off uptime,level,tags

Environment Variables:
JAVA_HOME=C:\Program Files\Java\jdk-13.0.2
PATH=C:\Users\jasse\Downloads\php-8.1.17-nts-Win32-vs16-x64;C:\Program Files\Java;C:\Program Files\Java\jdk1.8.0_301;C:\oraclexe\app\oracle\product\11.2.0\server\bin;C:\oraclexe\app\oracle\product\11.2.0\server\bin;C:\oraclexe\app\oracle\product\11.2.0\server\bin;C:\windows\system32;C:\windows;C:\windows\System32\Wbem;C:\windows\System32\WindowsPowerShell\v1.0\;C:\windows\System32\OpenSSH\;C:\Program Files (x86)\NVIDIA Corporation\PhysX\Common;C:\Program Files\NVIDIA Corporation\NVIDIA NvDLISR;C:\instantclient12-2;C:\oraclexe\app\oracle\admin\XE;C:\oraclexe;C:\Program Files\TortoiseGit\bin;C:\xampp\php\Symfony;C:\Program Files\nodejs\;C:\Users\jasse\AppData\Local\Microsoft\WindowsApps;C:\Program Files\CodeBlocks\MinGW\bin;C:\Program Files\CodeBlocks\MinGW\bin;C:\Program Files (x86)\D-Bus\bin;C:\Users\jasse\AppData\Local\Programs\Microsoft VS Code\bin;C:\Users\jasse\Desktop\php;C:\Users\jasse\AppData\Local\GitHubDesktop\bin;C:\Users\jasse\AppData\Local\ComposerSetup\bin;C:\Users\jasse\AppData\Roaming\Composer\vendor\bin;C:\Users\jasse\AppData\Roaming\npm
USERNAME=jasse
OS=Windows_NT
PROCESSOR_IDENTIFIER=Intel64 Family 6 Model 165 Stepping 2, GenuineIntel
TMP=C:\Users\jasse\AppData\Local\Temp
TEMP=C:\Users\jasse\AppData\Local\Temp


JNI global refs:
JNI global refs: 26, weak refs: 3

JNI global refs memory usage: 843, weak refs: 841


---------------  S Y S T E M  ---------------

OS:
 Windows 10 , 64 bit Build 19041 (10.0.19041.3570)
OS uptime: 0 days 1:19 hours

CPU: total 8 (initial active 8) (4 cores per cpu, 2 threads per core) family 6 model 165 stepping 2 microcode 0xf0, cx8, cmov, fxsr, ht, mmx, 3dnowpref, sse, sse2, sse3, ssse3, sse4.1, sse4.2, popcnt, lzcnt, tsc, tscinvbit, avx, avx2, aes, erms, clmul, bmi1, bmi2, adx, fma, vzeroupper, clflush, clflushopt

Memory: 4k page, system-wide physical 7993M (481M free)
TotalPageFile size 10993M (AvailPageFile size 153M)
current process WorkingSet (physical memory assigned to process): 376M, peak: 418M
current process commit charge ("private bytes"): 417M, peak: 570M

vm_info: OpenJDK 64-Bit Server VM (17.0.6+0-b2043.56-10027231) for windows-amd64 JRE (17.0.6+0-b2043.56-10027231), built on Apr 28 2023 00:43:19 by "androidbuild" with MS VC++ 16.10 / 16.11 (VS2019)

END.
