#
# There is insufficient memory for the Java Runtime Environment to continue.
# Native memory allocation (malloc) failed to allocate 1647024 bytes for Chunk::new
# Possible reasons:
#   The system is out of physical RAM or swap space
#   The process is running with CompressedOops enabled, and the Java Heap may be blocking the growth of the native heap
# Possible solutions:
#   Reduce memory load on the system
#   Increase physical memory or swap space
#   Check if swap backing store is full
#   Decrease Java heap size (-Xmx/-Xms)
#   Decrease number of Java threads
#   Decrease Java thread stack sizes (-Xss)
#   Set larger code cache with -XX:ReservedCodeCacheSize=
#   JVM is running with Unscaled Compressed Oops mode in which the Java heap is
#     placed in the first 4GB address space. The Java Heap base address is the
#     maximum limit for the native heap growth. Please use -XX:HeapBaseMinAddress
#     to set the Java Heap base and to place the Java Heap above 4GB virtual address.
# This output file may be truncated or incomplete.
#
#  Out of Memory Error (arena.cpp:189), pid=6316, tid=8952
#
# JRE version: OpenJDK Runtime Environment (17.0.6) (build 17.0.6+0-b2043.56-10027231)
# Java VM: OpenJDK 64-Bit Server VM (17.0.6+0-b2043.56-10027231, mixed mode, tiered, compressed oops, compressed class ptrs, g1 gc, windows-amd64)
# No core dump will be written. Minidumps are not enabled by default on client versions of Windows
#

---------------  S U M M A R Y ------------

Command Line: --add-opens=java.base/java.util=ALL-UNNAMED --add-opens=java.base/java.lang=ALL-UNNAMED --add-opens=java.base/java.lang.invoke=ALL-UNNAMED --add-opens=java.prefs/java.util.prefs=ALL-UNNAMED --add-opens=java.base/java.nio.charset=ALL-UNNAMED --add-opens=java.base/java.net=ALL-UNNAMED --add-opens=java.base/java.util.concurrent.atomic=ALL-UNNAMED -Xmx2048m -Dfile.encoding=UTF-8 -Duser.country=FR -Duser.language=fr -Duser.variant org.gradle.launcher.daemon.bootstrap.GradleDaemon 8.0

Host: Intel(R) Core(TM) i5-10300H CPU @ 2.50GHz, 8 cores, 7G,  Windows 10 , 64 bit Build 19041 (10.0.19041.3570)
Time: Wed Nov 15 13:07:54 2023 Afr. centrale Ouest elapsed time: 9.407025 seconds (0d 0h 0m 9s)

---------------  T H R E A D  ---------------

Current thread (0x000001efde035280):  JavaThread "C2 CompilerThread0" daemon [_thread_in_native, id=8952, stack(0x0000003735400000,0x0000003735500000)]


Current CompileTask:
C2:   9407 7556       4       groovy.lang.MetaClassImpl$1MOPIter::methodNameAction (325 bytes)

Stack: [0x0000003735400000,0x0000003735500000]
Native frames: (J=compiled Java code, j=interpreted, Vv=VM code, C=native code)
V  [jvm.dll+0x683c9a]
V  [jvm.dll+0x8427a4]
V  [jvm.dll+0x843f9e]
V  [jvm.dll+0x844603]
V  [jvm.dll+0x249b75]
V  [jvm.dll+0xabcac]
V  [jvm.dll+0xac27c]
V  [jvm.dll+0x368857]
V  [jvm.dll+0x332f31]
V  [jvm.dll+0x3323da]
V  [jvm.dll+0x21c201]
V  [jvm.dll+0x21b621]
V  [jvm.dll+0x1a4fdd]
V  [jvm.dll+0x22b098]
V  [jvm.dll+0x229159]
V  [jvm.dll+0x7f81ec]
V  [jvm.dll+0x7f274a]
V  [jvm.dll+0x682ad5]
C  [ucrtbase.dll+0x21bb2]
C  [KERNEL32.DLL+0x17344]
C  [ntdll.dll+0x526b1]


---------------  P R O C E S S  ---------------

Threads class SMR info:
_java_thread_list=0x000001efe43e7830, length=129, elements={
0x000001efc19cde70, 0x000001efdd7f8260, 0x000001efdd7c23a0, 0x000001efde020fb0,
0x000001efde022a80, 0x000001efde026190, 0x000001efde026a50, 0x000001efde035280,
0x000001efde035f90, 0x000001efde038cb0, 0x000001efde1ca0c0, 0x000001efde1cadb0,
0x000001efe0d047d0, 0x000001efe0d03490, 0x000001efe0d04300, 0x000001efe0d064b0,
0x000001efe0d03960, 0x000001efe0d05640, 0x000001efe0d04ca0, 0x000001efe0d05170,
0x000001efe0d05b10, 0x000001efe0d06980, 0x000001efe0d05fe0, 0x000001efe0d03e30,
0x000001efe0d02fc0, 0x000001efe1beafe0, 0x000001efe1be8e30, 0x000001efe1be5e10,
0x000001efe1be7af0, 0x000001efe1be67b0, 0x000001efe1bebe50, 0x000001efe1be6c80,
0x000001efe1bec320, 0x000001efe1be5940, 0x000001efe1bea640, 0x000001efe1be97d0,
0x000001efe1be8490, 0x000001efe1be7620, 0x000001efe1be7fc0, 0x000001efe1be9ca0,
0x000001efe1be5470, 0x000001efe1be4ad0, 0x000001efe1be7150, 0x000001efe1be8960,
0x000001efe668ee10, 0x000001efe668e940, 0x000001efe668b450, 0x000001efe668cc60,
0x000001efe668bdf0, 0x000001efe668d130, 0x000001efe668b920, 0x000001efe668c2c0,
0x000001efe668d600, 0x000001efe668c790, 0x000001efe668dad0, 0x000001efe668dfa0,
0x000001efe668e470, 0x000001efdf26ccc0, 0x000001efdf26d190, 0x000001efdf26e4d0,
0x000001efdf26be50, 0x000001efdf26c320, 0x000001efdf26d660, 0x000001efdf26e9a0,
0x000001efdf26db30, 0x000001efdf26ee70, 0x000001efdf26f340, 0x000001efdf269ca0,
0x000001efdf26e000, 0x000001efdf26f810, 0x000001efdf26ab10, 0x000001efdf268960,
0x000001efdf267fc0, 0x000001efdf268490, 0x000001efdf26afe0, 0x000001efdf268e30,
0x000001efdf26c7f0, 0x000001efdf26a170, 0x000001efdf269300, 0x000001efdf26a640,
0x000001efdf2697d0, 0x000001efdf26b4b0, 0x000001efdf26b980, 0x000001efdf253e40,
0x000001efdf250e20, 0x000001efdf256990, 0x000001efdf251c90, 0x000001efdf252b00,
0x000001efdf2512f0, 0x000001efdf252160, 0x000001efdf252fd0, 0x000001efdf254310,
0x000001efdf252630, 0x000001efdf255650, 0x000001efdf256e60, 0x000001efdf250950,
0x000001efdf257330, 0x000001efdf257800, 0x000001efdf250480, 0x000001efdf2547e0,
0x000001efdf24ffb0, 0x000001efdf2534a0, 0x000001efdf255b20, 0x000001efdf253970,
0x000001efdf2517c0, 0x000001efdf254cb0, 0x000001efdf255180, 0x000001efdf255ff0,
0x000001efdf2564c0, 0x000001efdf25e000, 0x000001efdf25f340, 0x000001efdf25d190,
0x000001efdf25b980, 0x000001efdf25ccc0, 0x000001efdf258960, 0x000001efdf258e30,
0x000001efdf257fc0, 0x000001efdf25db30, 0x000001efdf25afe0, 0x000001efdf259ca0,
0x000001efdf259300, 0x000001efdf25b4b0, 0x000001efdf258490, 0x000001efdf2597d0,
0x000001efdf25e4d0, 0x000001efdf25a170, 0x000001efdf25a640, 0x000001efdf25c7f0,
0x000001efe58e44a0
}

Java Threads: ( => current thread )
  0x000001efc19cde70 JavaThread "main" [_thread_blocked, id=1232, stack(0x0000003734700000,0x0000003734800000)]
  0x000001efdd7f8260 JavaThread "Reference Handler" daemon [_thread_blocked, id=17640, stack(0x0000003734e00000,0x0000003734f00000)]
  0x000001efdd7c23a0 JavaThread "Finalizer" daemon [_thread_blocked, id=8200, stack(0x0000003734f00000,0x0000003735000000)]
  0x000001efde020fb0 JavaThread "Signal Dispatcher" daemon [_thread_blocked, id=24084, stack(0x0000003735000000,0x0000003735100000)]
  0x000001efde022a80 JavaThread "Attach Listener" daemon [_thread_blocked, id=17548, stack(0x0000003735100000,0x0000003735200000)]
  0x000001efde026190 JavaThread "Service Thread" daemon [_thread_blocked, id=1580, stack(0x0000003735200000,0x0000003735300000)]
  0x000001efde026a50 JavaThread "Monitor Deflation Thread" daemon [_thread_blocked, id=8944, stack(0x0000003735300000,0x0000003735400000)]
=>0x000001efde035280 JavaThread "C2 CompilerThread0" daemon [_thread_in_native, id=8952, stack(0x0000003735400000,0x0000003735500000)]
  0x000001efde035f90 JavaThread "C1 CompilerThread0" daemon [_thread_in_vm, id=11412, stack(0x0000003735500000,0x0000003735600000)]
  0x000001efde038cb0 JavaThread "Sweeper thread" daemon [_thread_blocked, id=4288, stack(0x0000003735600000,0x0000003735700000)]
  0x000001efde1ca0c0 JavaThread "Common-Cleaner" daemon [_thread_blocked, id=16912, stack(0x0000003735700000,0x0000003735800000)]
  0x000001efde1cadb0 JavaThread "Notification Thread" daemon [_thread_blocked, id=14956, stack(0x0000003735800000,0x0000003735900000)]
  0x000001efe0d047d0 JavaThread "Daemon health stats" [_thread_blocked, id=14668, stack(0x0000003736000000,0x0000003736100000)]
  0x000001efe0d03490 JavaThread "Incoming local TCP Connector on port 55513" [_thread_in_native, id=21528, stack(0x0000003735f00000,0x0000003736000000)]
  0x000001efe0d04300 JavaThread "Daemon periodic checks" [_thread_blocked, id=10860, stack(0x0000003736100000,0x0000003736200000)]
  0x000001efe0d064b0 JavaThread "Daemon" [_thread_blocked, id=23456, stack(0x0000003736200000,0x0000003736300000)]
  0x000001efe0d03960 JavaThread "Handler for socket connection from /127.0.0.1:55513 to /127.0.0.1:55514" [_thread_in_native, id=18176, stack(0x0000003736300000,0x0000003736400000)]
  0x000001efe0d05640 JavaThread "Cancel handler" [_thread_blocked, id=10960, stack(0x0000003736400000,0x0000003736500000)]
  0x000001efe0d04ca0 JavaThread "Daemon worker" [_thread_blocked, id=16416, stack(0x0000003736500000,0x0000003736600000)]
  0x000001efe0d05170 JavaThread "Asynchronous log dispatcher for DefaultDaemonConnection: socket connection from /127.0.0.1:55513 to /127.0.0.1:55514" [_thread_blocked, id=7432, stack(0x0000003736600000,0x0000003736700000)]
  0x000001efe0d05b10 JavaThread "Stdin handler" [_thread_blocked, id=5456, stack(0x0000003736700000,0x0000003736800000)]
  0x000001efe0d06980 JavaThread "Daemon client event forwarder" [_thread_blocked, id=15216, stack(0x0000003736800000,0x0000003736900000)]
  0x000001efe0d05fe0 JavaThread "Cache worker for journal cache (C:\Users\jasse\.gradle\caches\journal-1)" [_thread_blocked, id=7364, stack(0x0000003736d00000,0x0000003736e00000)]
  0x000001efe0d03e30 JavaThread "File lock request listener" [_thread_in_native, id=23744, stack(0x0000003736e00000,0x0000003736f00000)]
  0x000001efe0d02fc0 JavaThread "Cache worker for file hash cache (C:\Users\jasse\.gradle\caches\8.0\fileHashes)" [_thread_blocked, id=16260, stack(0x0000003736f00000,0x0000003737000000)]
  0x000001efe1beafe0 JavaThread "File watcher server" daemon [_thread_in_native, id=3032, stack(0x0000003737100000,0x0000003737200000)]
  0x000001efe1be8e30 JavaThread "File watcher consumer" daemon [_thread_blocked, id=22288, stack(0x0000003737200000,0x0000003737300000)]
  0x000001efe1be5e10 JavaThread "Cache worker for checksums cache (C:\Users\jasse\AndroidStudioProjects\front\.gradle\8.0\checksums)" [_thread_blocked, id=3652, stack(0x0000003737300000,0x0000003737400000)]
  0x000001efe1be7af0 JavaThread "Cache worker for cache directory md-rule (C:\Users\jasse\.gradle\caches\8.0\md-rule)" [_thread_blocked, id=3956, stack(0x0000003737400000,0x0000003737500000)]
  0x000001efe1be67b0 JavaThread "Cache worker for file content cache (C:\Users\jasse\.gradle\caches\8.0\fileContent)" [_thread_blocked, id=19580, stack(0x0000003737500000,0x0000003737600000)]
  0x000001efe1bebe50 JavaThread "Cache worker for file hash cache (C:\Users\jasse\AndroidStudioProjects\front\.gradle\8.0\fileHashes)" [_thread_blocked, id=20060, stack(0x0000003737600000,0x0000003737700000)]
  0x000001efe1be6c80 JavaThread "Cache worker for cache directory md-supplier (C:\Users\jasse\.gradle\caches\8.0\md-supplier)" [_thread_blocked, id=23896, stack(0x0000003737700000,0x0000003737800000)]
  0x000001efe1bec320 JavaThread "Cache worker for execution history cache (C:\Users\jasse\.gradle\caches\8.0\executionHistory)" [_thread_blocked, id=12160, stack(0x0000003737800000,0x0000003737900000)]
  0x000001efe1be5940 JavaThread "jar transforms" [_thread_blocked, id=1224, stack(0x0000003737900000,0x0000003737a00000)]
  0x000001efe1bea640 JavaThread "jar transforms Thread 2" [_thread_blocked, id=5256, stack(0x0000003737a00000,0x0000003737b00000)]
  0x000001efe1be97d0 JavaThread "Cache worker for kotlin-dsl (C:\Users\jasse\.gradle\caches\8.0\kotlin-dsl)" [_thread_blocked, id=16700, stack(0x0000003737c00000,0x0000003737d00000)]
  0x000001efe1be8490 JavaThread "jar transforms Thread 3" [_thread_blocked, id=22176, stack(0x0000003737d00000,0x0000003737e00000)]
  0x000001efe1be7620 JavaThread "jar transforms Thread 4" [_thread_blocked, id=2044, stack(0x0000003737e00000,0x0000003737f00000)]
  0x000001efe1be7fc0 JavaThread "Cache worker for dependencies-accessors (C:\Users\jasse\AndroidStudioProjects\front\.gradle\8.0\dependencies-accessors)" [_thread_blocked, id=18208, stack(0x0000003737f00000,0x0000003738000000)]
  0x000001efe1be9ca0 JavaThread "Cache worker for Build Output Cleanup Cache (C:\Users\jasse\AndroidStudioProjects\front\.gradle\buildOutputCleanup)" [_thread_blocked, id=4456, stack(0x0000003738000000,0x0000003738100000)]
  0x000001efe1be5470 JavaThread "jar transforms Thread 5" [_thread_blocked, id=8508, stack(0x0000003738100000,0x0000003738200000)]
  0x000001efe1be4ad0 JavaThread "Unconstrained build operations" [_thread_blocked, id=23672, stack(0x0000003738200000,0x0000003738300000)]
  0x000001efe1be7150 JavaThread "Unconstrained build operations Thread 2" [_thread_blocked, id=16004, stack(0x0000003738300000,0x0000003738400000)]
  0x000001efe1be8960 JavaThread "Unconstrained build operations Thread 3" [_thread_blocked, id=3644, stack(0x0000003738400000,0x0000003738500000)]
  0x000001efe668ee10 JavaThread "Unconstrained build operations Thread 4" [_thread_blocked, id=15652, stack(0x0000003738500000,0x0000003738600000)]
  0x000001efe668e940 JavaThread "Unconstrained build operations Thread 5" [_thread_blocked, id=1104, stack(0x0000003738600000,0x0000003738700000)]
  0x000001efe668b450 JavaThread "Unconstrained build operations Thread 6" [_thread_blocked, id=6812, stack(0x0000003738700000,0x0000003738800000)]
  0x000001efe668cc60 JavaThread "Unconstrained build operations Thread 7" [_thread_blocked, id=20828, stack(0x0000003738800000,0x0000003738900000)]
  0x000001efe668bdf0 JavaThread "Unconstrained build operations Thread 8" [_thread_blocked, id=14784, stack(0x0000003738900000,0x0000003738a00000)]
  0x000001efe668d130 JavaThread "Unconstrained build operations Thread 9" [_thread_blocked, id=5504, stack(0x0000003738a00000,0x0000003738b00000)]
  0x000001efe668b920 JavaThread "Unconstrained build operations Thread 10" [_thread_blocked, id=1420, stack(0x0000003738b00000,0x0000003738c00000)]
  0x000001efe668c2c0 JavaThread "Unconstrained build operations Thread 11" [_thread_blocked, id=11432, stack(0x0000003738c00000,0x0000003738d00000)]
  0x000001efe668d600 JavaThread "Unconstrained build operations Thread 12" [_thread_blocked, id=9036, stack(0x0000003738d00000,0x0000003738e00000)]
  0x000001efe668c790 JavaThread "Unconstrained build operations Thread 13" [_thread_blocked, id=21844, stack(0x0000003738e00000,0x0000003738f00000)]
  0x000001efe668dad0 JavaThread "Unconstrained build operations Thread 14" [_thread_blocked, id=16632, stack(0x0000003738f00000,0x0000003739000000)]
  0x000001efe668dfa0 JavaThread "Unconstrained build operations Thread 15" [_thread_blocked, id=19528, stack(0x0000003739000000,0x0000003739100000)]
  0x000001efe668e470 JavaThread "Unconstrained build operations Thread 16" [_thread_blocked, id=15416, stack(0x0000003739100000,0x0000003739200000)]
  0x000001efdf26ccc0 JavaThread "Unconstrained build operations Thread 17" [_thread_blocked, id=23920, stack(0x0000003739200000,0x0000003739300000)]
  0x000001efdf26d190 JavaThread "Unconstrained build operations Thread 18" [_thread_blocked, id=3448, stack(0x0000003739300000,0x0000003739400000)]
  0x000001efdf26e4d0 JavaThread "Unconstrained build operations Thread 19" [_thread_blocked, id=17048, stack(0x0000003739400000,0x0000003739500000)]
  0x000001efdf26be50 JavaThread "Unconstrained build operations Thread 20" [_thread_blocked, id=1600, stack(0x0000003739500000,0x0000003739600000)]
  0x000001efdf26c320 JavaThread "Unconstrained build operations Thread 21" [_thread_blocked, id=12524, stack(0x0000003739600000,0x0000003739700000)]
  0x000001efdf26d660 JavaThread "Unconstrained build operations Thread 22" [_thread_blocked, id=1956, stack(0x0000003739700000,0x0000003739800000)]
  0x000001efdf26e9a0 JavaThread "Unconstrained build operations Thread 23" [_thread_blocked, id=16796, stack(0x0000003739800000,0x0000003739900000)]
  0x000001efdf26db30 JavaThread "Unconstrained build operations Thread 24" [_thread_blocked, id=23100, stack(0x0000003739900000,0x0000003739a00000)]
  0x000001efdf26ee70 JavaThread "Unconstrained build operations Thread 25" [_thread_blocked, id=16964, stack(0x0000003739a00000,0x0000003739b00000)]
  0x000001efdf26f340 JavaThread "Unconstrained build operations Thread 26" [_thread_blocked, id=7132, stack(0x0000003739b00000,0x0000003739c00000)]
  0x000001efdf269ca0 JavaThread "Unconstrained build operations Thread 27" [_thread_blocked, id=12820, stack(0x0000003739c00000,0x0000003739d00000)]
  0x000001efdf26e000 JavaThread "Unconstrained build operations Thread 28" [_thread_blocked, id=15036, stack(0x0000003739d00000,0x0000003739e00000)]
  0x000001efdf26f810 JavaThread "Unconstrained build operations Thread 29" [_thread_blocked, id=17028, stack(0x0000003739e00000,0x0000003739f00000)]
  0x000001efdf26ab10 JavaThread "Unconstrained build operations Thread 30" [_thread_blocked, id=12924, stack(0x0000003739f00000,0x000000373a000000)]
  0x000001efdf268960 JavaThread "Unconstrained build operations Thread 31" [_thread_blocked, id=22820, stack(0x000000373a000000,0x000000373a100000)]
  0x000001efdf267fc0 JavaThread "Unconstrained build operations Thread 32" [_thread_blocked, id=3544, stack(0x000000373a100000,0x000000373a200000)]
  0x000001efdf268490 JavaThread "Unconstrained build operations Thread 33" [_thread_blocked, id=15228, stack(0x000000373a200000,0x000000373a300000)]
  0x000001efdf26afe0 JavaThread "Unconstrained build operations Thread 34" [_thread_blocked, id=10972, stack(0x000000373a300000,0x000000373a400000)]
  0x000001efdf268e30 JavaThread "Unconstrained build operations Thread 35" [_thread_blocked, id=7084, stack(0x000000373a400000,0x000000373a500000)]
  0x000001efdf26c7f0 JavaThread "Unconstrained build operations Thread 36" [_thread_blocked, id=4008, stack(0x000000373a500000,0x000000373a600000)]
  0x000001efdf26a170 JavaThread "Unconstrained build operations Thread 37" [_thread_blocked, id=23916, stack(0x000000373a600000,0x000000373a700000)]
  0x000001efdf269300 JavaThread "Unconstrained build operations Thread 38" [_thread_blocked, id=23736, stack(0x000000373a700000,0x000000373a800000)]
  0x000001efdf26a640 JavaThread "Unconstrained build operations Thread 39" [_thread_blocked, id=22240, stack(0x000000373a800000,0x000000373a900000)]
  0x000001efdf2697d0 JavaThread "Unconstrained build operations Thread 40" [_thread_blocked, id=9388, stack(0x000000373a900000,0x000000373aa00000)]
  0x000001efdf26b4b0 JavaThread "Unconstrained build operations Thread 41" [_thread_blocked, id=14496, stack(0x000000373aa00000,0x000000373ab00000)]
  0x000001efdf26b980 JavaThread "Unconstrained build operations Thread 42" [_thread_blocked, id=17632, stack(0x000000373ab00000,0x000000373ac00000)]
  0x000001efdf253e40 JavaThread "Unconstrained build operations Thread 43" [_thread_blocked, id=23224, stack(0x000000373ac00000,0x000000373ad00000)]
  0x000001efdf250e20 JavaThread "Unconstrained build operations Thread 44" [_thread_blocked, id=16780, stack(0x000000373ad00000,0x000000373ae00000)]
  0x000001efdf256990 JavaThread "Unconstrained build operations Thread 45" [_thread_blocked, id=15768, stack(0x000000373ae00000,0x000000373af00000)]
  0x000001efdf251c90 JavaThread "Unconstrained build operations Thread 46" [_thread_blocked, id=23300, stack(0x000000373af00000,0x000000373b000000)]
  0x000001efdf252b00 JavaThread "Unconstrained build operations Thread 47" [_thread_blocked, id=15004, stack(0x000000373b000000,0x000000373b100000)]
  0x000001efdf2512f0 JavaThread "Unconstrained build operations Thread 48" [_thread_blocked, id=14608, stack(0x000000373b100000,0x000000373b200000)]
  0x000001efdf252160 JavaThread "Unconstrained build operations Thread 49" [_thread_blocked, id=22852, stack(0x000000373b200000,0x000000373b300000)]
  0x000001efdf252fd0 JavaThread "Unconstrained build operations Thread 50" [_thread_blocked, id=5272, stack(0x000000373b300000,0x000000373b400000)]
  0x000001efdf254310 JavaThread "Unconstrained build operations Thread 51" [_thread_blocked, id=8280, stack(0x000000373b400000,0x000000373b500000)]
  0x000001efdf252630 JavaThread "Unconstrained build operations Thread 52" [_thread_blocked, id=20448, stack(0x000000373b500000,0x000000373b600000)]
  0x000001efdf255650 JavaThread "Unconstrained build operations Thread 53" [_thread_blocked, id=19052, stack(0x000000373b600000,0x000000373b700000)]
  0x000001efdf256e60 JavaThread "Unconstrained build operations Thread 54" [_thread_blocked, id=2664, stack(0x000000373b700000,0x000000373b800000)]
  0x000001efdf250950 JavaThread "Unconstrained build operations Thread 55" [_thread_blocked, id=14404, stack(0x000000373b800000,0x000000373b900000)]
  0x000001efdf257330 JavaThread "Unconstrained build operations Thread 56" [_thread_blocked, id=16768, stack(0x000000373b900000,0x000000373ba00000)]
  0x000001efdf257800 JavaThread "Unconstrained build operations Thread 57" [_thread_blocked, id=22328, stack(0x000000373ba00000,0x000000373bb00000)]
  0x000001efdf250480 JavaThread "Unconstrained build operations Thread 58" [_thread_blocked, id=22324, stack(0x000000373bb00000,0x000000373bc00000)]
  0x000001efdf2547e0 JavaThread "Unconstrained build operations Thread 59" [_thread_blocked, id=22344, stack(0x000000373bc00000,0x000000373bd00000)]
  0x000001efdf24ffb0 JavaThread "Unconstrained build operations Thread 60" [_thread_blocked, id=22348, stack(0x000000373bd00000,0x000000373be00000)]
  0x000001efdf2534a0 JavaThread "Unconstrained build operations Thread 61" [_thread_blocked, id=12132, stack(0x000000373be00000,0x000000373bf00000)]
  0x000001efdf255b20 JavaThread "Unconstrained build operations Thread 62" [_thread_blocked, id=23148, stack(0x000000373bf00000,0x000000373c000000)]
  0x000001efdf253970 JavaThread "Unconstrained build operations Thread 63" [_thread_blocked, id=1612, stack(0x000000373c000000,0x000000373c100000)]
  0x000001efdf2517c0 JavaThread "Unconstrained build operations Thread 64" [_thread_blocked, id=17328, stack(0x000000373c100000,0x000000373c200000)]
  0x000001efdf254cb0 JavaThread "Unconstrained build operations Thread 65" [_thread_blocked, id=22336, stack(0x000000373c200000,0x000000373c300000)]
  0x000001efdf255180 JavaThread "Unconstrained build operations Thread 66" [_thread_blocked, id=14840, stack(0x000000373c300000,0x000000373c400000)]
  0x000001efdf255ff0 JavaThread "Unconstrained build operations Thread 67" [_thread_blocked, id=20408, stack(0x000000373c400000,0x000000373c500000)]
  0x000001efdf2564c0 JavaThread "Unconstrained build operations Thread 68" [_thread_blocked, id=22060, stack(0x000000373c500000,0x000000373c600000)]
  0x000001efdf25e000 JavaThread "Unconstrained build operations Thread 69" [_thread_blocked, id=1876, stack(0x000000373c600000,0x000000373c700000)]
  0x000001efdf25f340 JavaThread "Unconstrained build operations Thread 70" [_thread_blocked, id=12592, stack(0x000000373c700000,0x000000373c800000)]
  0x000001efdf25d190 JavaThread "Unconstrained build operations Thread 71" [_thread_blocked, id=14832, stack(0x000000373c800000,0x000000373c900000)]
  0x000001efdf25b980 JavaThread "Unconstrained build operations Thread 72" [_thread_blocked, id=544, stack(0x000000373c900000,0x000000373ca00000)]
  0x000001efdf25ccc0 JavaThread "Unconstrained build operations Thread 73" [_thread_blocked, id=16540, stack(0x000000373ca00000,0x000000373cb00000)]
  0x000001efdf258960 JavaThread "Unconstrained build operations Thread 74" [_thread_blocked, id=14172, stack(0x000000373cb00000,0x000000373cc00000)]
  0x000001efdf258e30 JavaThread "Unconstrained build operations Thread 75" [_thread_blocked, id=17652, stack(0x000000373cc00000,0x000000373cd00000)]
  0x000001efdf257fc0 JavaThread "Unconstrained build operations Thread 76" [_thread_blocked, id=17736, stack(0x000000373cd00000,0x000000373ce00000)]
  0x000001efdf25db30 JavaThread "Unconstrained build operations Thread 77" [_thread_blocked, id=22680, stack(0x000000373ce00000,0x000000373cf00000)]
  0x000001efdf25afe0 JavaThread "Unconstrained build operations Thread 78" [_thread_blocked, id=18892, stack(0x000000373cf00000,0x000000373d000000)]
  0x000001efdf259ca0 JavaThread "Unconstrained build operations Thread 79" [_thread_blocked, id=23396, stack(0x000000373d000000,0x000000373d100000)]
  0x000001efdf259300 JavaThread "Unconstrained build operations Thread 80" [_thread_blocked, id=23200, stack(0x000000373d100000,0x000000373d200000)]
  0x000001efdf25b4b0 JavaThread "jar transforms Thread 6" [_thread_blocked, id=476, stack(0x000000373d200000,0x000000373d300000)]
  0x000001efdf258490 JavaThread "jar transforms Thread 7" [_thread_blocked, id=5820, stack(0x000000373d300000,0x000000373d400000)]
  0x000001efdf2597d0 JavaThread "jar transforms Thread 8" [_thread_blocked, id=15532, stack(0x000000373d400000,0x000000373d500000)]
  0x000001efdf25e4d0 JavaThread "build event listener" [_thread_blocked, id=17228, stack(0x000000373d500000,0x000000373d600000)]
  0x000001efdf25a170 JavaThread "Memory manager" [_thread_blocked, id=17748, stack(0x000000373d600000,0x000000373d700000)]
  0x000001efdf25a640 JavaThread "build event listener" [_thread_blocked, id=5380, stack(0x000000373d700000,0x000000373d800000)]
  0x000001efdf25c7f0 JavaThread "build event listener" [_thread_blocked, id=20824, stack(0x000000373d800000,0x000000373d900000)]
  0x000001efe58e44a0 JavaThread "C2 CompilerThread1" daemon [_thread_blocked, id=13820, stack(0x0000003735a00000,0x0000003735b00000)]

Other Threads:
  0x000001efdd7c0050 VMThread "VM Thread" [stack: 0x0000003734d00000,0x0000003734e00000] [id=20224]
  0x000001efc1a74d20 WatcherThread [stack: 0x0000003735900000,0x0000003735a00000] [id=6452]
  0x000001efc1a58fa0 GCTaskThread "GC Thread#0" [stack: 0x0000003734800000,0x0000003734900000] [id=6652]
  0x000001efdefeeb40 GCTaskThread "GC Thread#1" [stack: 0x0000003735b00000,0x0000003735c00000] [id=8336]
  0x000001efdefef8b0 GCTaskThread "GC Thread#2" [stack: 0x0000003735c00000,0x0000003735d00000] [id=23288]
  0x000001efdefef350 GCTaskThread "GC Thread#3" [stack: 0x0000003735d00000,0x0000003735e00000] [id=3860]
  0x000001efdefef600 GCTaskThread "GC Thread#4" [stack: 0x0000003735e00000,0x0000003735f00000] [id=19948]
  0x000001efdefee080 GCTaskThread "GC Thread#5" [stack: 0x0000003736900000,0x0000003736a00000] [id=21276]
  0x000001efdefee330 GCTaskThread "GC Thread#6" [stack: 0x0000003736a00000,0x0000003736b00000] [id=12552]
  0x000001efdefee5e0 GCTaskThread "GC Thread#7" [stack: 0x0000003736b00000,0x0000003736c00000] [id=16992]
  0x000001efc1a69df0 ConcurrentGCThread "G1 Main Marker" [stack: 0x0000003734900000,0x0000003734a00000] [id=24428]
  0x000001efc1a6a710 ConcurrentGCThread "G1 Conc#0" [stack: 0x0000003734a00000,0x0000003734b00000] [id=8156]
  0x000001efe13347e0 ConcurrentGCThread "G1 Conc#1" [stack: 0x0000003736c00000,0x0000003736d00000] [id=2104]
  0x000001efc1ac6150 ConcurrentGCThread "G1 Refine#0" [stack: 0x0000003734b00000,0x0000003734c00000] [id=11888]
  0x000001efe27b8d50 ConcurrentGCThread "G1 Refine#1" [stack: 0x0000003737b00000,0x0000003737c00000] [id=18604]
  0x000001efc1ac6a80 ConcurrentGCThread "G1 Service" [stack: 0x0000003734c00000,0x0000003734d00000] [id=22556]

Threads with active compile tasks:
C2 CompilerThread0     9448 7556       4       groovy.lang.MetaClassImpl$1MOPIter::methodNameAction (325 bytes)

VM state: not at safepoint (normal execution)

VM Mutex/Monitor currently owned by a thread: None

Heap address: 0x0000000080000000, size: 2048 MB, Compressed Oops mode: 32-bit

CDS archive(s) not mapped
Compressed class space mapped at: 0x0000000100000000-0x0000000140000000, reserved size: 1073741824
Narrow klass base: 0x0000000000000000, Narrow klass shift: 3, Narrow klass range: 0x140000000

GC Precious Log:
 CPUs: 8 total, 8 available
 Memory: 7993M
 Large Page Support: Disabled
 NUMA Support: Disabled
 Compressed Oops: Enabled (32-bit)
 Heap Region Size: 1M
 Heap Min Capacity: 8M
 Heap Initial Capacity: 126M
 Heap Max Capacity: 2G
 Pre-touch: Disabled
 Parallel Workers: 8
 Concurrent Workers: 2
 Concurrent Refinement Workers: 8
 Periodic GC: Disabled

Heap:
 garbage-first heap   total 117760K, used 68474K [0x0000000080000000, 0x0000000100000000)
  region size 1024K, 9 young (9216K), 5 survivors (5120K)
 Metaspace       used 75824K, committed 76352K, reserved 1122304K
  class space    used 10099K, committed 10368K, reserved 1048576K

Heap Regions: E=young(eden), S=young(survivor), O=old, HS=humongous(starts), HC=humongous(continues), CS=collection set, F=free, OA=open archive, CA=closed archive, TAMS=top-at-mark-start (previous, next)
|   0|0x0000000080000000, 0x0000000080100000, 0x0000000080100000|100%|HS|  |TAMS 0x0000000080100000, 0x0000000080000000| Complete 
|   1|0x0000000080100000, 0x0000000080200000, 0x0000000080200000|100%|HC|  |TAMS 0x0000000080200000, 0x0000000080100000| Complete 
|   2|0x0000000080200000, 0x0000000080300000, 0x0000000080300000|100%|HC|  |TAMS 0x0000000080300000, 0x0000000080200000| Complete 
|   3|0x0000000080300000, 0x0000000080400000, 0x0000000080400000|100%|HC|  |TAMS 0x0000000080400000, 0x0000000080300000| Complete 
|   4|0x0000000080400000, 0x0000000080500000, 0x0000000080500000|100%| O|  |TAMS 0x0000000080500000, 0x0000000080400000| Untracked 
|   5|0x0000000080500000, 0x0000000080600000, 0x0000000080600000|100%| O|  |TAMS 0x0000000080600000, 0x0000000080500000| Updating 
|   6|0x0000000080600000, 0x0000000080700000, 0x0000000080700000|100%| O|  |TAMS 0x0000000080700000, 0x0000000080600000| Untracked 
|   7|0x0000000080700000, 0x0000000080800000, 0x0000000080800000|100%| O|  |TAMS 0x0000000080800000, 0x0000000080700000| Complete 
|   8|0x0000000080800000, 0x0000000080900000, 0x0000000080900000|100%| O|  |TAMS 0x0000000080900000, 0x0000000080800000| Untracked 
|   9|0x0000000080900000, 0x0000000080a00000, 0x0000000080a00000|100%| O|  |TAMS 0x0000000080a00000, 0x0000000080900000| Untracked 
|  10|0x0000000080a00000, 0x0000000080b00000, 0x0000000080b00000|100%| O|  |TAMS 0x0000000080b00000, 0x0000000080a00000| Untracked 
|  11|0x0000000080b00000, 0x0000000080b9f400, 0x0000000080c00000| 62%| O|  |TAMS 0x0000000080b9f400, 0x0000000080b00000| Untracked 
|  12|0x0000000080c00000, 0x0000000080d00000, 0x0000000080d00000|100%| O|  |TAMS 0x0000000080d00000, 0x0000000080c00000| Untracked 
|  13|0x0000000080d00000, 0x0000000080e00000, 0x0000000080e00000|100%| O|  |TAMS 0x0000000080e00000, 0x0000000080d00000| Untracked 
|  14|0x0000000080e00000, 0x0000000080f00000, 0x0000000080f00000|100%| O|  |TAMS 0x0000000080f00000, 0x0000000080e00000| Untracked 
|  15|0x0000000080f00000, 0x0000000081000000, 0x0000000081000000|100%| O|  |TAMS 0x0000000081000000, 0x0000000080f00000| Untracked 
|  16|0x0000000081000000, 0x0000000081100000, 0x0000000081100000|100%| O|  |TAMS 0x0000000081100000, 0x0000000081000000| Untracked 
|  17|0x0000000081100000, 0x0000000081200000, 0x0000000081200000|100%| O|  |TAMS 0x0000000081200000, 0x0000000081100000| Untracked 
|  18|0x0000000081200000, 0x0000000081300000, 0x0000000081300000|100%| O|  |TAMS 0x0000000081300000, 0x0000000081200000| Untracked 
|  19|0x0000000081300000, 0x0000000081400000, 0x0000000081400000|100%| O|  |TAMS 0x0000000081400000, 0x0000000081300000| Untracked 
|  20|0x0000000081400000, 0x0000000081500000, 0x0000000081500000|100%| O|  |TAMS 0x0000000081500000, 0x0000000081400000| Untracked 
|  21|0x0000000081500000, 0x0000000081600000, 0x0000000081600000|100%| O|  |TAMS 0x0000000081600000, 0x0000000081500000| Untracked 
|  22|0x0000000081600000, 0x0000000081700000, 0x0000000081700000|100%| O|  |TAMS 0x0000000081700000, 0x0000000081600000| Untracked 
|  23|0x0000000081700000, 0x0000000081800000, 0x0000000081800000|100%| O|  |TAMS 0x0000000081800000, 0x0000000081700000| Untracked 
|  24|0x0000000081800000, 0x0000000081900000, 0x0000000081900000|100%| O|  |TAMS 0x0000000081900000, 0x0000000081800000| Untracked 
|  25|0x0000000081900000, 0x0000000081a00000, 0x0000000081a00000|100%| O|  |TAMS 0x0000000081a00000, 0x0000000081900000| Untracked 
|  26|0x0000000081a00000, 0x0000000081b00000, 0x0000000081b00000|100%|HS|  |TAMS 0x0000000081b00000, 0x0000000081a00000| Complete 
|  27|0x0000000081b00000, 0x0000000081c00000, 0x0000000081c00000|100%| O|  |TAMS 0x0000000081c00000, 0x0000000081b00000| Untracked 
|  28|0x0000000081c00000, 0x0000000081d00000, 0x0000000081d00000|100%| O|  |TAMS 0x0000000081d00000, 0x0000000081c00000| Untracked 
|  29|0x0000000081d00000, 0x0000000081e00000, 0x0000000081e00000|100%| O|  |TAMS 0x0000000081e00000, 0x0000000081d00000| Untracked 
|  30|0x0000000081e00000, 0x0000000081f00000, 0x0000000081f00000|100%| O|  |TAMS 0x0000000081f00000, 0x0000000081e00000| Untracked 
|  31|0x0000000081f00000, 0x0000000082000000, 0x0000000082000000|100%| O|  |TAMS 0x0000000082000000, 0x0000000081f00000| Untracked 
|  32|0x0000000082000000, 0x0000000082100000, 0x0000000082100000|100%|HS|  |TAMS 0x0000000082100000, 0x0000000082000000| Complete 
|  33|0x0000000082100000, 0x0000000082200000, 0x0000000082200000|100%|HS|  |TAMS 0x0000000082200000, 0x0000000082100000| Complete 
|  34|0x0000000082200000, 0x0000000082300000, 0x0000000082300000|100%|HC|  |TAMS 0x0000000082300000, 0x0000000082200000| Complete 
|  35|0x0000000082300000, 0x0000000082400000, 0x0000000082400000|100%|HS|  |TAMS 0x0000000082400000, 0x0000000082300000| Complete 
|  36|0x0000000082400000, 0x0000000082500000, 0x0000000082500000|100%| O|  |TAMS 0x0000000082500000, 0x0000000082400000| Untracked 
|  37|0x0000000082500000, 0x0000000082600000, 0x0000000082600000|100%| O|  |TAMS 0x0000000082600000, 0x0000000082500000| Untracked 
|  38|0x0000000082600000, 0x0000000082700000, 0x0000000082700000|100%| O|  |TAMS 0x0000000082700000, 0x0000000082600000| Untracked 
|  39|0x0000000082700000, 0x0000000082800000, 0x0000000082800000|100%| O|  |TAMS 0x0000000082800000, 0x0000000082700000| Untracked 
|  40|0x0000000082800000, 0x0000000082900000, 0x0000000082900000|100%| O|  |TAMS 0x0000000082900000, 0x0000000082800000| Untracked 
|  41|0x0000000082900000, 0x0000000082a00000, 0x0000000082a00000|100%| O|  |TAMS 0x0000000082a00000, 0x0000000082900000| Untracked 
|  42|0x0000000082a00000, 0x0000000082b00000, 0x0000000082b00000|100%| O|  |TAMS 0x0000000082b00000, 0x0000000082a00000| Untracked 
|  43|0x0000000082b00000, 0x0000000082c00000, 0x0000000082c00000|100%|HS|  |TAMS 0x0000000082c00000, 0x0000000082b00000| Complete 
|  44|0x0000000082c00000, 0x0000000082d00000, 0x0000000082d00000|100%|HC|  |TAMS 0x0000000082d00000, 0x0000000082c00000| Complete 
|  45|0x0000000082d00000, 0x0000000082e00000, 0x0000000082e00000|100%|HC|  |TAMS 0x0000000082e00000, 0x0000000082d00000| Complete 
|  46|0x0000000082e00000, 0x0000000082f00000, 0x0000000082f00000|100%|HC|  |TAMS 0x0000000082f00000, 0x0000000082e00000| Complete 
|  47|0x0000000082f00000, 0x0000000083000000, 0x0000000083000000|100%| O|  |TAMS 0x0000000083000000, 0x0000000082f00000| Untracked 
|  48|0x0000000083000000, 0x0000000083100000, 0x0000000083100000|100%| O|  |TAMS 0x0000000083100000, 0x0000000083000000| Untracked 
|  49|0x0000000083100000, 0x0000000083200000, 0x0000000083200000|100%| O|  |TAMS 0x0000000083200000, 0x0000000083100000| Untracked 
|  50|0x0000000083200000, 0x0000000083300000, 0x0000000083300000|100%| O|  |TAMS 0x0000000083300000, 0x0000000083200000| Untracked 
|  51|0x0000000083300000, 0x0000000083400000, 0x0000000083400000|100%| O|  |TAMS 0x0000000083400000, 0x0000000083300000| Untracked 
|  52|0x0000000083400000, 0x0000000083500000, 0x0000000083500000|100%| O|  |TAMS 0x0000000083500000, 0x0000000083400000| Untracked 
|  53|0x0000000083500000, 0x0000000083600000, 0x0000000083600000|100%| O|  |TAMS 0x0000000083600000, 0x0000000083500000| Untracked 
|  54|0x0000000083600000, 0x0000000083700000, 0x0000000083700000|100%| O|  |TAMS 0x0000000083700000, 0x0000000083600000| Untracked 
|  55|0x0000000083700000, 0x0000000083800000, 0x0000000083800000|100%| O|  |TAMS 0x0000000083800000, 0x0000000083700000| Untracked 
|  56|0x0000000083800000, 0x0000000083900000, 0x0000000083900000|100%| O|  |TAMS 0x000000008382fe00, 0x0000000083800000| Untracked 
|  57|0x0000000083900000, 0x0000000083a00000, 0x0000000083a00000|100%| O|  |TAMS 0x0000000083900000, 0x0000000083900000| Untracked 
|  58|0x0000000083a00000, 0x0000000083b00000, 0x0000000083b00000|100%| O|  |TAMS 0x0000000083b00000, 0x0000000083a00000| Untracked 
|  59|0x0000000083b00000, 0x0000000083b9ce00, 0x0000000083c00000| 61%| O|  |TAMS 0x0000000083b00000, 0x0000000083b00000| Untracked 
|  60|0x0000000083c00000, 0x0000000083c00000, 0x0000000083d00000|  0%| F|  |TAMS 0x0000000083c00000, 0x0000000083c00000| Untracked 
|  61|0x0000000083d00000, 0x0000000083d00000, 0x0000000083e00000|  0%| F|  |TAMS 0x0000000083d00000, 0x0000000083d00000| Untracked 
|  62|0x0000000083e00000, 0x0000000083e00000, 0x0000000083f00000|  0%| F|  |TAMS 0x0000000083e00000, 0x0000000083e00000| Untracked 
|  63|0x0000000083f00000, 0x0000000083f00000, 0x0000000084000000|  0%| F|  |TAMS 0x0000000083f00000, 0x0000000083f00000| Untracked 
|  64|0x0000000084000000, 0x0000000084000000, 0x0000000084100000|  0%| F|  |TAMS 0x0000000084000000, 0x0000000084000000| Untracked 
|  65|0x0000000084100000, 0x0000000084100000, 0x0000000084200000|  0%| F|  |TAMS 0x0000000084100000, 0x0000000084100000| Untracked 
|  66|0x0000000084200000, 0x0000000084200000, 0x0000000084300000|  0%| F|  |TAMS 0x0000000084200000, 0x0000000084200000| Untracked 
|  67|0x0000000084300000, 0x0000000084300000, 0x0000000084400000|  0%| F|  |TAMS 0x0000000084300000, 0x0000000084300000| Untracked 
|  68|0x0000000084400000, 0x0000000084400000, 0x0000000084500000|  0%| F|  |TAMS 0x0000000084400000, 0x0000000084400000| Untracked 
|  69|0x0000000084500000, 0x0000000084500000, 0x0000000084600000|  0%| F|  |TAMS 0x0000000084500000, 0x0000000084500000| Untracked 
|  70|0x0000000084600000, 0x0000000084600000, 0x0000000084700000|  0%| F|  |TAMS 0x0000000084600000, 0x0000000084600000| Untracked 
|  71|0x0000000084700000, 0x0000000084700000, 0x0000000084800000|  0%| F|  |TAMS 0x0000000084700000, 0x0000000084700000| Untracked 
|  72|0x0000000084800000, 0x0000000084800000, 0x0000000084900000|  0%| F|  |TAMS 0x0000000084800000, 0x0000000084800000| Untracked 
|  73|0x0000000084900000, 0x0000000084900000, 0x0000000084a00000|  0%| F|  |TAMS 0x0000000084900000, 0x0000000084900000| Untracked 
|  74|0x0000000084a00000, 0x0000000084a00000, 0x0000000084b00000|  0%| F|  |TAMS 0x0000000084a00000, 0x0000000084a00000| Untracked 
|  75|0x0000000084b00000, 0x0000000084b00000, 0x0000000084c00000|  0%| F|  |TAMS 0x0000000084b00000, 0x0000000084b00000| Untracked 
|  76|0x0000000084c00000, 0x0000000084ca2650, 0x0000000084d00000| 63%| S|CS|TAMS 0x0000000084c00000, 0x0000000084c00000| Complete 
|  77|0x0000000084d00000, 0x0000000084d00000, 0x0000000084e00000|  0%| F|  |TAMS 0x0000000084d00000, 0x0000000084d00000| Untracked 
|  78|0x0000000084e00000, 0x0000000084e00000, 0x0000000084f00000|  0%| F|  |TAMS 0x0000000084e00000, 0x0000000084e00000| Untracked 
|  79|0x0000000084f00000, 0x0000000084f00000, 0x0000000085000000|  0%| F|  |TAMS 0x0000000084f00000, 0x0000000084f00000| Untracked 
|  80|0x0000000085000000, 0x0000000085000000, 0x0000000085100000|  0%| F|  |TAMS 0x0000000085000000, 0x0000000085000000| Untracked 
|  81|0x0000000085100000, 0x0000000085100000, 0x0000000085200000|  0%| F|  |TAMS 0x0000000085100000, 0x0000000085100000| Untracked 
|  82|0x0000000085200000, 0x0000000085300000, 0x0000000085300000|100%| S|CS|TAMS 0x0000000085200000, 0x0000000085200000| Complete 
|  83|0x0000000085300000, 0x0000000085400000, 0x0000000085400000|100%| S|CS|TAMS 0x0000000085300000, 0x0000000085300000| Complete 
|  84|0x0000000085400000, 0x0000000085500000, 0x0000000085500000|100%| S|CS|TAMS 0x0000000085400000, 0x0000000085400000| Complete 
|  85|0x0000000085500000, 0x0000000085600000, 0x0000000085600000|100%| S|CS|TAMS 0x0000000085500000, 0x0000000085500000| Complete 
|  86|0x0000000085600000, 0x0000000085600000, 0x0000000085700000|  0%| F|  |TAMS 0x0000000085600000, 0x0000000085600000| Untracked 
|  87|0x0000000085700000, 0x0000000085700000, 0x0000000085800000|  0%| F|  |TAMS 0x0000000085700000, 0x0000000085700000| Untracked 
|  88|0x0000000085800000, 0x0000000085800000, 0x0000000085900000|  0%| F|  |TAMS 0x0000000085800000, 0x0000000085800000| Untracked 
|  89|0x0000000085900000, 0x0000000085900000, 0x0000000085a00000|  0%| F|  |TAMS 0x0000000085900000, 0x0000000085900000| Untracked 
|  90|0x0000000085a00000, 0x0000000085a00000, 0x0000000085b00000|  0%| F|  |TAMS 0x0000000085a00000, 0x0000000085a00000| Untracked 
|  91|0x0000000085b00000, 0x0000000085b00000, 0x0000000085c00000|  0%| F|  |TAMS 0x0000000085b00000, 0x0000000085b00000| Untracked 
|  92|0x0000000085c00000, 0x0000000085c00000, 0x0000000085d00000|  0%| F|  |TAMS 0x0000000085c00000, 0x0000000085c00000| Untracked 
|  93|0x0000000085d00000, 0x0000000085d00000, 0x0000000085e00000|  0%| F|  |TAMS 0x0000000085d00000, 0x0000000085d00000| Untracked 
|  94|0x0000000085e00000, 0x0000000085e00000, 0x0000000085f00000|  0%| F|  |TAMS 0x0000000085e00000, 0x0000000085e00000| Untracked 
|  95|0x0000000085f00000, 0x0000000085f00000, 0x0000000086000000|  0%| F|  |TAMS 0x0000000085f00000, 0x0000000085f00000| Untracked 
|  96|0x0000000086000000, 0x0000000086000000, 0x0000000086100000|  0%| F|  |TAMS 0x0000000086000000, 0x0000000086000000| Untracked 
|  97|0x0000000086100000, 0x0000000086100000, 0x0000000086200000|  0%| F|  |TAMS 0x0000000086100000, 0x0000000086100000| Untracked 
|  98|0x0000000086200000, 0x0000000086200000, 0x0000000086300000|  0%| F|  |TAMS 0x0000000086200000, 0x0000000086200000| Untracked 
|  99|0x0000000086300000, 0x0000000086300000, 0x0000000086400000|  0%| F|  |TAMS 0x0000000086300000, 0x0000000086300000| Untracked 
| 100|0x0000000086400000, 0x0000000086400000, 0x0000000086500000|  0%| F|  |TAMS 0x0000000086400000, 0x0000000086400000| Untracked 
| 101|0x0000000086500000, 0x0000000086500000, 0x0000000086600000|  0%| F|  |TAMS 0x0000000086500000, 0x0000000086500000| Untracked 
| 102|0x0000000086600000, 0x0000000086600000, 0x0000000086700000|  0%| F|  |TAMS 0x0000000086600000, 0x0000000086600000| Untracked 
| 103|0x0000000086700000, 0x0000000086700000, 0x0000000086800000|  0%| F|  |TAMS 0x0000000086700000, 0x0000000086700000| Untracked 
| 104|0x0000000086800000, 0x0000000086800000, 0x0000000086900000|  0%| F|  |TAMS 0x0000000086800000, 0x0000000086800000| Untracked 
| 105|0x0000000086900000, 0x0000000086900000, 0x0000000086a00000|  0%| F|  |TAMS 0x0000000086900000, 0x0000000086900000| Untracked 
| 106|0x0000000086a00000, 0x0000000086a00000, 0x0000000086b00000|  0%| F|  |TAMS 0x0000000086a00000, 0x0000000086a00000| Untracked 
| 107|0x0000000086b00000, 0x0000000086b00000, 0x0000000086c00000|  0%| F|  |TAMS 0x0000000086b00000, 0x0000000086b00000| Untracked 
| 108|0x0000000086c00000, 0x0000000086c00000, 0x0000000086d00000|  0%| F|  |TAMS 0x0000000086c00000, 0x0000000086c00000| Untracked 
| 109|0x0000000086d00000, 0x0000000086d00000, 0x0000000086e00000|  0%| F|  |TAMS 0x0000000086d00000, 0x0000000086d00000| Untracked 
| 110|0x0000000086e00000, 0x0000000086e34830, 0x0000000086f00000| 20%| E|  |TAMS 0x0000000086e00000, 0x0000000086e00000| Complete 
| 111|0x0000000086f00000, 0x0000000087000000, 0x0000000087000000|100%| E|CS|TAMS 0x0000000086f00000, 0x0000000086f00000| Complete 
| 112|0x0000000087000000, 0x0000000087100000, 0x0000000087100000|100%| E|CS|TAMS 0x0000000087000000, 0x0000000087000000| Complete 
| 113|0x0000000087100000, 0x0000000087200000, 0x0000000087200000|100%| E|CS|TAMS 0x0000000087100000, 0x0000000087100000| Complete 
| 125|0x0000000087d00000, 0x0000000087e00000, 0x0000000087e00000|100%| E|CS|TAMS 0x0000000087d00000, 0x0000000087d00000| Complete 

Card table byte_map: [0x000001efd64f0000,0x000001efd68f0000] _byte_map_base: 0x000001efd60f0000

Marking Bits (Prev, Next): (CMBitMap*) 0x000001efc1a594c0, (CMBitMap*) 0x000001efc1a59500
 Prev Bits: [0x000001efd6cf0000, 0x000001efd8cf0000)
 Next Bits: [0x000001efd8cf0000, 0x000001efdacf0000)

Polling page: 0x000001efc1890000

Metaspace:

Usage:
  Non-class:     64.18 MB used.
      Class:      9.86 MB used.
       Both:     74.05 MB used.

Virtual space:
  Non-class space:       72.00 MB reserved,      64.44 MB ( 89%) committed,  9 nodes.
      Class space:        1.00 GB reserved,      10.12 MB ( <1%) committed,  1 nodes.
             Both:        1.07 GB reserved,      74.56 MB (  7%) committed. 

Chunk freelists:
   Non-Class:  3.38 MB
       Class:  1.70 MB
        Both:  5.08 MB

MaxMetaspaceSize: unlimited
CompressedClassSpaceSize: 1.00 GB
Initial GC threshold: 21.00 MB
Current GC threshold: 124.31 MB
CDS: off
MetaspaceReclaimPolicy: balanced
 - commit_granule_bytes: 65536.
 - commit_granule_words: 8192.
 - virtual_space_node_default_size: 1048576.
 - enlarge_chunks_in_place: 1.
 - new_chunks_are_fully_committed: 0.
 - uncommit_free_chunks: 1.
 - use_allocation_guard: 0.
 - handle_deallocations: 1.


Internal statistics:

num_allocs_failed_limit: 6.
num_arena_births: 780.
num_arena_deaths: 0.
num_vsnodes_births: 10.
num_vsnodes_deaths: 0.
num_space_committed: 1193.
num_space_uncommitted: 0.
num_chunks_returned_to_freelist: 6.
num_chunks_taken_from_freelist: 3339.
num_chunk_merges: 6.
num_chunk_splits: 2259.
num_chunks_enlarged: 1575.
num_purges: 0.
num_inconsistent_stats: 0.

CodeHeap 'non-profiled nmethods': size=120000Kb used=4095Kb max_used=4095Kb free=115905Kb
 bounds [0x000001efce160000, 0x000001efce560000, 0x000001efd5690000]
CodeHeap 'profiled nmethods': size=120000Kb used=13133Kb max_used=13133Kb free=106866Kb
 bounds [0x000001efc6690000, 0x000001efc7370000, 0x000001efcdbc0000]
CodeHeap 'non-nmethods': size=5760Kb used=2366Kb max_used=2448Kb free=3393Kb
 bounds [0x000001efcdbc0000, 0x000001efcde30000, 0x000001efce160000]
 total_blobs=7821 nmethods=6923 adapters=810
 compilation: enabled
              stopped_count=0, restarted_count=0
 full_count=0

Compilation events (20 events):
Event: 9.402 Thread 0x000001efde035f90 nmethod 7685 0x000001efc7340110 code [0x000001efc73402e0, 0x000001efc7340748]
Event: 9.402 Thread 0x000001efde035f90 7684       3       com.google.common.collect.MapMakerInternalMap$WeakKeyDummyValueEntry::<init> (10 bytes)
Event: 9.403 Thread 0x000001efde035f90 nmethod 7684 0x000001efc7340890 code [0x000001efc7340a60, 0x000001efc7340e58]
Event: 9.403 Thread 0x000001efde035f90 7688       3       com.google.common.collect.MapMakerInternalMap$Segment::drainKeyReferenceQueue (42 bytes)
Event: 9.403 Thread 0x000001efde035f90 nmethod 7688 0x000001efc7340f90 code [0x000001efc73411a0, 0x000001efc73419e8]
Event: 9.403 Thread 0x000001efde035f90 7689       3       java.util.ArrayDeque::nonNullElementAt (18 bytes)
Event: 9.403 Thread 0x000001efde035f90 nmethod 7689 0x000001efc7341d90 code [0x000001efc7341f40, 0x000001efc7342168]
Event: 9.403 Thread 0x000001efde035f90 7693   !   3       org.gradle.internal.serialize.kryo.KryoBackedDecoder::readSmallInt (16 bytes)
Event: 9.404 Thread 0x000001efde035f90 nmethod 7693 0x000001efc7342290 code [0x000001efc73424a0, 0x000001efc7342aa8]
Event: 9.404 Thread 0x000001efde035f90 7687       3       com.google.common.collect.MapMakerInternalMap$WeakKeyDummyValueSegment::maybeDrainReferenceQueues (9 bytes)
Event: 9.404 Thread 0x000001efde035f90 nmethod 7687 0x000001efc7342d10 code [0x000001efc7342ea0, 0x000001efc7343068]
Event: 9.404 Thread 0x000001efde035f90 7691       3       java.util.ArrayDeque$DeqSpliterator::estimateSize (21 bytes)
Event: 9.404 Thread 0x000001efde035f90 nmethod 7691 0x000001efc7343110 code [0x000001efc73432c0, 0x000001efc7343538]
Event: 9.404 Thread 0x000001efde035f90 7692       3       java.util.ArrayDeque$DeqIterator::hasNext (13 bytes)
Event: 9.404 Thread 0x000001efde035f90 nmethod 7692 0x000001efc7343690 code [0x000001efc7343820, 0x000001efc7343998]
Event: 9.404 Thread 0x000001efde035f90 7694       3       java.util.ArrayDeque$DeqIterator::next (62 bytes)
Event: 9.404 Thread 0x000001efde035f90 nmethod 7694 0x000001efc7343a10 code [0x000001efc7343be0, 0x000001efc7344058]
Event: 9.404 Thread 0x000001efde035f90 7695       3       java.util.stream.ReferencePipeline$4$1::accept (23 bytes)
Event: 9.405 Thread 0x000001efde035f90 nmethod 7695 0x000001efc7344290 code [0x000001efc7344460, 0x000001efc73448c8]
Event: 9.405 Thread 0x000001efde035f90 7698       3       org.gradle.internal.execution.history.impl.FileSystemSnapshotSerializer$$Lambda$497/0x00000001005d7878::applyAsInt (8 bytes)

GC Heap History (20 events):
Event: 6.592 GC heap before
{Heap before GC invocations=14 (full 0):
 garbage-first heap   total 82944K, used 45230K [0x0000000080000000, 0x0000000100000000)
  region size 1024K, 7 young (7168K), 4 survivors (4096K)
 Metaspace       used 53589K, committed 54080K, reserved 1097728K
  class space    used 7142K, committed 7360K, reserved 1048576K
}
Event: 6.595 GC heap after
{Heap after GC invocations=15 (full 0):
 garbage-first heap   total 82944K, used 45176K [0x0000000080000000, 0x0000000100000000)
  region size 1024K, 3 young (3072K), 3 survivors (3072K)
 Metaspace       used 53589K, committed 54080K, reserved 1097728K
  class space    used 7142K, committed 7360K, reserved 1048576K
}
Event: 6.865 GC heap before
{Heap before GC invocations=16 (full 0):
 garbage-first heap   total 87040K, used 64632K [0x0000000080000000, 0x0000000100000000)
  region size 1024K, 18 young (18432K), 3 survivors (3072K)
 Metaspace       used 55084K, committed 55552K, reserved 1097728K
  class space    used 7345K, committed 7552K, reserved 1048576K
}
Event: 6.870 GC heap after
{Heap after GC invocations=17 (full 0):
 garbage-first heap   total 87040K, used 52015K [0x0000000080000000, 0x0000000100000000)
  region size 1024K, 3 young (3072K), 3 survivors (3072K)
 Metaspace       used 55084K, committed 55552K, reserved 1097728K
  class space    used 7345K, committed 7552K, reserved 1048576K
}
Event: 7.089 GC heap before
{Heap before GC invocations=17 (full 0):
 garbage-first heap   total 87040K, used 65327K [0x0000000080000000, 0x0000000100000000)
  region size 1024K, 16 young (16384K), 3 survivors (3072K)
 Metaspace       used 56892K, committed 57344K, reserved 1105920K
  class space    used 7613K, committed 7808K, reserved 1048576K
}
Event: 7.091 GC heap after
{Heap after GC invocations=18 (full 0):
 garbage-first heap   total 87040K, used 52883K [0x0000000080000000, 0x0000000100000000)
  region size 1024K, 1 young (1024K), 1 survivors (1024K)
 Metaspace       used 56892K, committed 57344K, reserved 1105920K
  class space    used 7613K, committed 7808K, reserved 1048576K
}
Event: 7.334 GC heap before
{Heap before GC invocations=19 (full 0):
 garbage-first heap   total 94208K, used 67219K [0x0000000080000000, 0x0000000100000000)
  region size 1024K, 15 young (15360K), 1 survivors (1024K)
 Metaspace       used 59460K, committed 60032K, reserved 1105920K
  class space    used 7892K, committed 8128K, reserved 1048576K
}
Event: 7.339 GC heap after
{Heap after GC invocations=20 (full 0):
 garbage-first heap   total 94208K, used 53260K [0x0000000080000000, 0x0000000100000000)
  region size 1024K, 2 young (2048K), 2 survivors (2048K)
 Metaspace       used 59460K, committed 60032K, reserved 1105920K
  class space    used 7892K, committed 8128K, reserved 1048576K
}
Event: 7.699 GC heap before
{Heap before GC invocations=20 (full 0):
 garbage-first heap   total 94208K, used 71692K [0x0000000080000000, 0x0000000100000000)
  region size 1024K, 20 young (20480K), 2 survivors (2048K)
 Metaspace       used 62491K, committed 63040K, reserved 1105920K
  class space    used 8326K, committed 8576K, reserved 1048576K
}
Event: 7.702 GC heap after
{Heap after GC invocations=21 (full 0):
 garbage-first heap   total 113664K, used 54350K [0x0000000080000000, 0x0000000100000000)
  region size 1024K, 3 young (3072K), 3 survivors (3072K)
 Metaspace       used 62491K, committed 63040K, reserved 1105920K
  class space    used 8326K, committed 8576K, reserved 1048576K
}
Event: 7.805 GC heap before
{Heap before GC invocations=22 (full 0):
 garbage-first heap   total 113664K, used 60494K [0x0000000080000000, 0x0000000100000000)
  region size 1024K, 10 young (10240K), 3 survivors (3072K)
 Metaspace       used 64061K, committed 64640K, reserved 1105920K
  class space    used 8507K, committed 8768K, reserved 1048576K
}
Event: 7.808 GC heap after
{Heap after GC invocations=23 (full 0):
 garbage-first heap   total 113664K, used 55671K [0x0000000080000000, 0x0000000100000000)
  region size 1024K, 4 young (4096K), 4 survivors (4096K)
 Metaspace       used 64061K, committed 64640K, reserved 1105920K
  class space    used 8507K, committed 8768K, reserved 1048576K
}
Event: 8.109 GC heap before
{Heap before GC invocations=24 (full 0):
 garbage-first heap   total 117760K, used 91511K [0x0000000080000000, 0x0000000100000000)
  region size 1024K, 33 young (33792K), 4 survivors (4096K)
 Metaspace       used 65974K, committed 66560K, reserved 1114112K
  class space    used 8761K, committed 9024K, reserved 1048576K
}
Event: 8.114 GC heap after
{Heap after GC invocations=25 (full 0):
 garbage-first heap   total 117760K, used 58293K [0x0000000080000000, 0x0000000100000000)
  region size 1024K, 5 young (5120K), 5 survivors (5120K)
 Metaspace       used 65974K, committed 66560K, reserved 1114112K
  class space    used 8761K, committed 9024K, reserved 1048576K
}
Event: 8.521 GC heap before
{Heap before GC invocations=25 (full 0):
 garbage-first heap   total 117760K, used 89013K [0x0000000080000000, 0x0000000100000000)
  region size 1024K, 35 young (35840K), 5 survivors (5120K)
 Metaspace       used 68857K, committed 69440K, reserved 1114112K
  class space    used 9144K, committed 9408K, reserved 1048576K
}
Event: 8.531 GC heap after
{Heap after GC invocations=26 (full 0):
 garbage-first heap   total 117760K, used 60970K [0x0000000080000000, 0x0000000100000000)
  region size 1024K, 3 young (3072K), 3 survivors (3072K)
 Metaspace       used 68857K, committed 69440K, reserved 1114112K
  class space    used 9144K, committed 9408K, reserved 1048576K
}
Event: 9.005 GC heap before
{Heap before GC invocations=27 (full 0):
 garbage-first heap   total 117760K, used 91690K [0x0000000080000000, 0x0000000100000000)
  region size 1024K, 33 young (33792K), 3 survivors (3072K)
 Metaspace       used 72838K, committed 73472K, reserved 1114112K
  class space    used 9698K, committed 9984K, reserved 1048576K
}
Event: 9.008 GC heap after
{Heap after GC invocations=28 (full 0):
 garbage-first heap   total 117760K, used 62484K [0x0000000080000000, 0x0000000100000000)
  region size 1024K, 5 young (5120K), 5 survivors (5120K)
 Metaspace       used 72838K, committed 73472K, reserved 1114112K
  class space    used 9698K, committed 9984K, reserved 1048576K
}
Event: 9.382 GC heap before
{Heap before GC invocations=28 (full 0):
 garbage-first heap   total 117760K, used 92180K [0x0000000080000000, 0x0000000100000000)
  region size 1024K, 34 young (34816K), 5 survivors (5120K)
 Metaspace       used 75770K, committed 76352K, reserved 1122304K
  class space    used 10098K, committed 10368K, reserved 1048576K
}
Event: 9.387 GC heap after
{Heap after GC invocations=29 (full 0):
 garbage-first heap   total 117760K, used 65402K [0x0000000080000000, 0x0000000100000000)
  region size 1024K, 5 young (5120K), 5 survivors (5120K)
 Metaspace       used 75770K, committed 76352K, reserved 1122304K
  class space    used 10098K, committed 10368K, reserved 1048576K
}

Dll operation events (2 events):
Event: 0.007 Loaded shared library C:\Program Files\Android\Android Studio\jbr\bin\java.dll
Event: 0.443 Loaded shared library C:\Program Files\Android\Android Studio\jbr\bin\verify.dll

Deoptimization events (20 events):
Event: 9.059 Thread 0x000001efe0d04ca0 Uncommon trap: trap_request=0xffffffde fr.pc=0x000001efce53322c relative=0x00000000000004cc
Event: 9.059 Thread 0x000001efe0d04ca0 Uncommon trap: reason=class_check action=maybe_recompile pc=0x000001efce53322c method=kotlin.reflect.jvm.internal.impl.protobuf.CodedInputStream.tryRefillBuffer(I)Z @ 175 c2
Event: 9.059 Thread 0x000001efe0d04ca0 DEOPT PACKING pc=0x000001efce53322c sp=0x00000037365f69a0
Event: 9.059 Thread 0x000001efe0d04ca0 DEOPT UNPACKING pc=0x000001efcdc169a3 sp=0x00000037365f6888 mode 2
Event: 9.059 Thread 0x000001efe0d04ca0 Uncommon trap: trap_request=0xffffffde fr.pc=0x000001efce53322c relative=0x00000000000004cc
Event: 9.059 Thread 0x000001efe0d04ca0 Uncommon trap: reason=class_check action=maybe_recompile pc=0x000001efce53322c method=kotlin.reflect.jvm.internal.impl.protobuf.CodedInputStream.tryRefillBuffer(I)Z @ 175 c2
Event: 9.059 Thread 0x000001efe0d04ca0 DEOPT PACKING pc=0x000001efce53322c sp=0x00000037365f6aa0
Event: 9.059 Thread 0x000001efe0d04ca0 DEOPT UNPACKING pc=0x000001efcdc169a3 sp=0x00000037365f6988 mode 2
Event: 9.063 Thread 0x000001efe0d04ca0 Uncommon trap: trap_request=0xffffffde fr.pc=0x000001efce53322c relative=0x00000000000004cc
Event: 9.063 Thread 0x000001efe0d04ca0 Uncommon trap: reason=class_check action=maybe_recompile pc=0x000001efce53322c method=kotlin.reflect.jvm.internal.impl.protobuf.CodedInputStream.tryRefillBuffer(I)Z @ 175 c2
Event: 9.063 Thread 0x000001efe0d04ca0 DEOPT PACKING pc=0x000001efce53322c sp=0x00000037365f6aa0
Event: 9.063 Thread 0x000001efe0d04ca0 DEOPT UNPACKING pc=0x000001efcdc169a3 sp=0x00000037365f6988 mode 2
Event: 9.399 Thread 0x000001efe1be97d0 Uncommon trap: trap_request=0xffffffde fr.pc=0x000001efce394a48 relative=0x00000000000008c8
Event: 9.399 Thread 0x000001efe1be97d0 Uncommon trap: reason=class_check action=maybe_recompile pc=0x000001efce394a48 method=java.io.BufferedInputStream.read1([BII)I @ 39 c2
Event: 9.399 Thread 0x000001efe1be97d0 DEOPT PACKING pc=0x000001efce394a48 sp=0x0000003737cfdf40
Event: 9.399 Thread 0x000001efe1be97d0 DEOPT UNPACKING pc=0x000001efcdc169a3 sp=0x0000003737cfdde8 mode 2
Event: 9.400 Thread 0x000001efe1be97d0 Uncommon trap: trap_request=0xffffff45 fr.pc=0x000001efce4429dc relative=0x000000000000021c
Event: 9.400 Thread 0x000001efe1be97d0 Uncommon trap: reason=unstable_if action=reinterpret pc=0x000001efce4429dc method=com.esotericsoftware.kryo.io.Input.readVarInt(Z)I @ 42 c2
Event: 9.400 Thread 0x000001efe1be97d0 DEOPT PACKING pc=0x000001efce4429dc sp=0x0000003737cfe0f0
Event: 9.400 Thread 0x000001efe1be97d0 DEOPT UNPACKING pc=0x000001efcdc169a3 sp=0x0000003737cfdfe0 mode 2

Classes unloaded (0 events):
No events

Classes redefined (0 events):
No events

Internal exceptions (20 events):
Event: 8.555 Thread 0x000001efe0d04ca0 Exception <a 'java/lang/NoSuchMethodError'{0x000000008718b708}: static Lorg/jetbrains/kotlin/gradle/plugin/internal/DefaultArtifactTypeAttributeAccessorVariantFactory;.<clinit>()V> (0x000000008718b708) 
thrown [s\src\hotspot\share\prims\jni.cpp, line 1108]
Event: 8.557 Thread 0x000001efe0d04ca0 Exception <a 'java/lang/NoSuchMethodError'{0x00000000871a53e8}: static Lorg/jetbrains/kotlin/gradle/plugin/internal/MavenPluginConfigurator$DefaultMavenPluginConfiguratorVariantFactory;.<clinit>()V> (0x00000000871a53e8) 
thrown [s\src\hotspot\share\prims\jni.cpp, line 1108]
Event: 8.558 Thread 0x000001efe0d04ca0 Exception <a 'java/lang/NoSuchMethodError'{0x00000000871be458}: static Lorg/jetbrains/kotlin/gradle/plugin/internal/DefaultJavaSourceSetsAccessorVariantFactory;.<clinit>()V> (0x00000000871be458) 
thrown [s\src\hotspot\share\prims\jni.cpp, line 1108]
Event: 8.559 Thread 0x000001efe0d04ca0 Exception <a 'java/lang/NoSuchMethodError'{0x00000000871d6d60}: static Lorg/jetbrains/kotlin/gradle/targets/js/nodejs/DefaultUnameExecutorVariantFactory;.<clinit>()V> (0x00000000871d6d60) 
thrown [s\src\hotspot\share\prims\jni.cpp, line 1108]
Event: 8.561 Thread 0x000001efe0d04ca0 Exception <a 'java/lang/NoSuchMethodError'{0x00000000871efe10}: static Lorg/jetbrains/kotlin/gradle/plugin/internal/DefaultBasePluginConfigurationVariantFactory;.<clinit>()V> (0x00000000871efe10) 
thrown [s\src\hotspot\share\prims\jni.cpp, line 1108]
Event: 8.562 Thread 0x000001efe0d04ca0 Exception <a 'java/lang/NoSuchMethodError'{0x0000000087008cc0}: static Lorg/jetbrains/kotlin/gradle/plugin/internal/DefaultIdeaSyncDetectorVariantFactory;.<clinit>()V> (0x0000000087008cc0) 
thrown [s\src\hotspot\share\prims\jni.cpp, line 1108]
Event: 8.563 Thread 0x000001efe0d04ca0 Exception <a 'java/lang/NoSuchMethodError'{0x00000000870222f0}: static Lorg/jetbrains/kotlin/gradle/plugin/internal/DefaultKotlinTestReportCompatibilityHelperVariantFactory;.<clinit>()V> (0x00000000870222f0) 
thrown [s\src\hotspot\share\prims\jni.cpp, line 1108]
Event: 8.564 Thread 0x000001efe0d04ca0 Exception <a 'java/lang/NoSuchMethodError'{0x00000000870257d8}: 'void java.lang.invoke.DirectMethodHandle$Holder.invokeSpecial(java.lang.Object, java.lang.Object, java.lang.Object, int)'> (0x00000000870257d8) 
thrown [s\src\hotspot\share\interpreter\linkResolver.cpp, line 771]
Event: 9.274 Thread 0x000001efe0d04ca0 Exception <a 'java/lang/ClassNotFoundException'{0x0000000085dc3850}: org/jetbrains/kotlin/gradle/targets/js/npm/DefaultNpmDependencyExtensionBeanInfo> (0x0000000085dc3850) 
thrown [s\src\hotspot\share\classfile\systemDictionary.cpp, line 256]
Event: 9.274 Thread 0x000001efe0d04ca0 Exception <a 'java/lang/ClassNotFoundException'{0x0000000085dcffa0}: org/jetbrains/kotlin/gradle/targets/js/npm/DefaultNpmDependencyExtensionCustomizer> (0x0000000085dcffa0) 
thrown [s\src\hotspot\share\classfile\systemDictionary.cpp, line 256]
Event: 9.279 Thread 0x000001efe0d04ca0 Exception <a 'java/lang/ClassNotFoundException'{0x0000000085c438c8}: org/jetbrains/kotlin/gradle/targets/js/npm/NpmDependencyExtensionKt$defaultNpmDependencyDelegate$1BeanInfo> (0x0000000085c438c8) 
thrown [s\src\hotspot\share\classfile\systemDictionary.cpp, line 256]
Event: 9.279 Thread 0x000001efe0d04ca0 Exception <a 'java/lang/ClassNotFoundException'{0x0000000085c50060}: org/jetbrains/kotlin/gradle/targets/js/npm/NpmDependencyExtensionDelegateBeanInfo> (0x0000000085c50060) 
thrown [s\src\hotspot\share\classfile\systemDictionary.cpp, line 256]
Event: 9.280 Thread 0x000001efe0d04ca0 Exception <a 'java/lang/ClassNotFoundException'{0x0000000085c5c7c0}: org/jetbrains/kotlin/gradle/targets/js/npm/NpmDependencyExtensionDelegateCustomizer> (0x0000000085c5c7c0) 
thrown [s\src\hotspot\share\classfile\systemDictionary.cpp, line 256]
Event: 9.281 Thread 0x000001efe0d04ca0 Exception <a 'java/lang/ClassNotFoundException'{0x0000000085c7e050}: org/jetbrains/kotlin/gradle/targets/js/npm/NpmDependencyExtensionKt$defaultNpmDependencyDelegate$1Customizer> (0x0000000085c7e050) 
thrown [s\src\hotspot\share\classfile\systemDictionary.cpp, line 256]
Event: 9.283 Thread 0x000001efe0d04ca0 Exception <a 'java/lang/ClassNotFoundException'{0x0000000085cbaa80}: org/jetbrains/kotlin/gradle/targets/js/npm/DefaultDevNpmDependencyExtensionBeanInfo> (0x0000000085cbaa80) 
thrown [s\src\hotspot\share\classfile\systemDictionary.cpp, line 256]
Event: 9.284 Thread 0x000001efe0d04ca0 Exception <a 'java/lang/ClassNotFoundException'{0x0000000085cc71e8}: org/jetbrains/kotlin/gradle/targets/js/npm/DefaultDevNpmDependencyExtensionCustomizer> (0x0000000085cc71e8) 
thrown [s\src\hotspot\share\classfile\systemDictionary.cpp, line 256]
Event: 9.286 Thread 0x000001efe0d04ca0 Exception <a 'java/lang/ClassNotFoundException'{0x0000000085b069c0}: org/jetbrains/kotlin/gradle/targets/js/npm/DefaultPeerNpmDependencyExtensionBeanInfo> (0x0000000085b069c0) 
thrown [s\src\hotspot\share\classfile\systemDictionary.cpp, line 256]
Event: 9.287 Thread 0x000001efe0d04ca0 Exception <a 'java/lang/ClassNotFoundException'{0x0000000085b13178}: org/jetbrains/kotlin/gradle/targets/js/npm/DefaultPeerNpmDependencyExtensionCustomizer> (0x0000000085b13178) 
thrown [s\src\hotspot\share\classfile\systemDictionary.cpp, line 256]
Event: 9.290 Thread 0x000001efe0d04ca0 Exception <a 'java/lang/ClassNotFoundException'{0x0000000085b5e0b8}: org/jetbrains/kotlin/gradle/targets/js/npm/DefaultPeerNpmDependencyExtension$delegate$1BeanInfo> (0x0000000085b5e0b8) 
thrown [s\src\hotspot\share\classfile\systemDictionary.cpp, line 256]
Event: 9.290 Thread 0x000001efe0d04ca0 Exception <a 'java/lang/ClassNotFoundException'{0x0000000085b6ab38}: org/jetbrains/kotlin/gradle/targets/js/npm/DefaultPeerNpmDependencyExtension$delegate$1Customizer> (0x0000000085b6ab38) 
thrown [s\src\hotspot\share\classfile\systemDictionary.cpp, line 256]

VM Operations (20 events):
Event: 7.864 Executing VM operation: G1Concurrent
Event: 7.864 Executing VM operation: G1Concurrent done
Event: 8.109 Executing VM operation: G1CollectForAllocation
Event: 8.114 Executing VM operation: G1CollectForAllocation done
Event: 8.380 Executing VM operation: HandshakeAllThreads
Event: 8.380 Executing VM operation: HandshakeAllThreads done
Event: 8.493 Executing VM operation: ICBufferFull
Event: 8.493 Executing VM operation: ICBufferFull done
Event: 8.521 Executing VM operation: G1CollectForAllocation
Event: 8.532 Executing VM operation: G1CollectForAllocation done
Event: 8.572 Executing VM operation: G1Concurrent
Event: 8.575 Executing VM operation: G1Concurrent done
Event: 8.592 Executing VM operation: G1Concurrent
Event: 8.592 Executing VM operation: G1Concurrent done
Event: 8.622 Executing VM operation: HandshakeAllThreads
Event: 8.623 Executing VM operation: HandshakeAllThreads done
Event: 9.005 Executing VM operation: G1CollectForAllocation
Event: 9.008 Executing VM operation: G1CollectForAllocation done
Event: 9.381 Executing VM operation: G1CollectForAllocation
Event: 9.387 Executing VM operation: G1CollectForAllocation done

Events (20 events):
Event: 8.583 loading class java/time/temporal/WeekFields
Event: 8.583 loading class java/time/temporal/WeekFields done
Event: 8.583 loading class java/time/temporal/WeekFields$ComputedDayOfField
Event: 8.584 loading class java/time/temporal/WeekFields$ComputedDayOfField done
Event: 8.584 loading class java/time/LocalDate$1
Event: 8.584 loading class java/time/LocalDate$1 done
Event: 8.584 loading class java/time/Month$1
Event: 8.584 loading class java/time/Month$1 done
Event: 8.584 loading class java/time/format/DateTimeFormatterBuilder$2
Event: 8.584 loading class java/time/format/DateTimeFormatterBuilder$2 done
Event: 8.584 loading class java/time/LocalTime$1
Event: 8.584 loading class java/time/LocalTime$1 done
Event: 8.586 loading class java/nio/channels/Channels$1
Event: 8.586 loading class java/nio/channels/Channels$1 done
Event: 8.587 Thread 0x000001efdf25c7f0 Thread added: 0x000001efdf25c7f0
Event: 8.745 Thread 0x000001efe11f41b0 Thread exited: 0x000001efe11f41b0
Event: 8.769 Thread 0x000001efde2bcea0 Thread exited: 0x000001efde2bcea0
Event: 9.035 loading class java/util/ArrayList$SubList$1
Event: 9.035 loading class java/util/ArrayList$SubList$1 done
Event: 9.082 Thread 0x000001efe58e44a0 Thread added: 0x000001efe58e44a0


Dynamic libraries:
0x00007ff69cbe0000 - 0x00007ff69cbea000 	C:\Program Files\Android\Android Studio\jbr\bin\java.exe
0x00007ffaa4c10000 - 0x00007ffaa4e07000 	C:\windows\SYSTEM32\ntdll.dll
0x00007ffaa4550000 - 0x00007ffaa460d000 	C:\windows\System32\KERNEL32.DLL
0x00007ffaa2340000 - 0x00007ffaa2636000 	C:\windows\System32\KERNELBASE.dll
0x00007ffaa2840000 - 0x00007ffaa2940000 	C:\windows\System32\ucrtbase.dll
0x00007ffa88080000 - 0x00007ffa88097000 	C:\Program Files\Android\Android Studio\jbr\bin\jli.dll
0x00007ffa7cd90000 - 0x00007ffa7cdab000 	C:\Program Files\Android\Android Studio\jbr\bin\VCRUNTIME140.dll
0x00007ffaa2d40000 - 0x00007ffaa2ede000 	C:\windows\System32\USER32.dll
0x00007ffaa2810000 - 0x00007ffaa2832000 	C:\windows\System32\win32u.dll
0x00007ffaa4100000 - 0x00007ffaa412c000 	C:\windows\System32\GDI32.dll
0x00007ffaa2b50000 - 0x00007ffaa2c6a000 	C:\windows\System32\gdi32full.dll
0x00007ffaa2ab0000 - 0x00007ffaa2b4d000 	C:\windows\System32\msvcp_win.dll
0x00007ffa8b240000 - 0x00007ffa8b4da000 	C:\windows\WinSxS\amd64_microsoft.windows.common-controls_6595b64144ccf1df_6.0.19041.3570_none_60bb2a3971f3e41a\COMCTL32.dll
0x00007ffaa4680000 - 0x00007ffaa471e000 	C:\windows\System32\msvcrt.dll
0x00007ffaa2f50000 - 0x00007ffaa2f80000 	C:\windows\System32\IMM32.DLL
0x00007ffa9da60000 - 0x00007ffa9da6c000 	C:\Program Files\Android\Android Studio\jbr\bin\vcruntime140_1.dll
0x00007ffa5f590000 - 0x00007ffa5f61d000 	C:\Program Files\Android\Android Studio\jbr\bin\msvcp140.dll
0x00007ffa54f50000 - 0x00007ffa55bbe000 	C:\Program Files\Android\Android Studio\jbr\bin\server\jvm.dll
0x00007ffaa4910000 - 0x00007ffaa49be000 	C:\windows\System32\ADVAPI32.dll
0x00007ffaa4720000 - 0x00007ffaa47bc000 	C:\windows\System32\sechost.dll
0x00007ffaa4130000 - 0x00007ffaa4256000 	C:\windows\System32\RPCRT4.dll
0x00007ffa887b0000 - 0x00007ffa887d7000 	C:\windows\SYSTEM32\WINMM.dll
0x00007ffa9a800000 - 0x00007ffa9a80a000 	C:\windows\SYSTEM32\VERSION.dll
0x00007ffa9c7f0000 - 0x00007ffa9c7f9000 	C:\windows\SYSTEM32\WSOCK32.dll
0x00007ffaa4610000 - 0x00007ffaa467b000 	C:\windows\System32\WS2_32.dll
0x00007ffaa0b20000 - 0x00007ffaa0b32000 	C:\windows\SYSTEM32\kernel.appcore.dll
0x00007ffa9bf90000 - 0x00007ffa9bf9a000 	C:\Program Files\Android\Android Studio\jbr\bin\jimage.dll
0x00007ffa9ff40000 - 0x00007ffaa0124000 	C:\windows\SYSTEM32\DBGHELP.DLL
0x00007ffa84b10000 - 0x00007ffa84b44000 	C:\windows\SYSTEM32\dbgcore.DLL
0x00007ffaa2a20000 - 0x00007ffaa2aa2000 	C:\windows\System32\bcryptPrimitives.dll
0x00007ffa9be50000 - 0x00007ffa9be75000 	C:\Program Files\Android\Android Studio\jbr\bin\java.dll
0x00007ffa9bdc0000 - 0x00007ffa9bdd8000 	C:\Program Files\Android\Android Studio\jbr\bin\zip.dll
0x00007ffaa3540000 - 0x00007ffaa3c84000 	C:\windows\System32\SHELL32.dll
0x00007ffaa0370000 - 0x00007ffaa0b0b000 	C:\windows\SYSTEM32\windows.storage.dll
0x00007ffaa31e0000 - 0x00007ffaa3534000 	C:\windows\System32\combase.dll
0x00007ffaa1d30000 - 0x00007ffaa1d5d000 	C:\windows\SYSTEM32\Wldp.dll
0x00007ffaa47c0000 - 0x00007ffaa486d000 	C:\windows\System32\SHCORE.dll
0x00007ffaa49c0000 - 0x00007ffaa4a15000 	C:\windows\System32\shlwapi.dll
0x00007ffaa2220000 - 0x00007ffaa2245000 	C:\windows\SYSTEM32\profapi.dll
0x00007ffa94910000 - 0x00007ffa94929000 	C:\Program Files\Android\Android Studio\jbr\bin\net.dll
0x00007ffa982e0000 - 0x00007ffa983ea000 	C:\windows\SYSTEM32\WINHTTP.dll
0x00007ffaa1a90000 - 0x00007ffaa1afa000 	C:\windows\system32\mswsock.dll
0x00007ffa89a90000 - 0x00007ffa89aa6000 	C:\Program Files\Android\Android Studio\jbr\bin\nio.dll
0x00007ffa9bf00000 - 0x00007ffa9bf10000 	C:\Program Files\Android\Android Studio\jbr\bin\verify.dll
0x00007ffa7e940000 - 0x00007ffa7e967000 	C:\Users\jasse\.gradle\native\68d5fa5c4cc2d200863cafc0d521ce42e7d3e7ee720ec0a83991735586a16f82\windows-amd64\native-platform.dll
0x00007ffa5c090000 - 0x00007ffa5c1d4000 	C:\Users\jasse\.gradle\native\e376f236ea51e6404a007f0833ffe2c6e607c4080706a723a18a27aeea778392\windows-amd64\native-platform-file-events.dll
0x00007ffa9b660000 - 0x00007ffa9b669000 	C:\Program Files\Android\Android Studio\jbr\bin\management.dll
0x00007ffa94900000 - 0x00007ffa9490b000 	C:\Program Files\Android\Android Studio\jbr\bin\management_ext.dll
0x00007ffaa2f40000 - 0x00007ffaa2f48000 	C:\windows\System32\PSAPI.DLL
0x00007ffaa1c90000 - 0x00007ffaa1ca8000 	C:\windows\SYSTEM32\CRYPTSP.dll
0x00007ffaa1330000 - 0x00007ffaa1364000 	C:\windows\system32\rsaenh.dll
0x00007ffaa2940000 - 0x00007ffaa2967000 	C:\windows\System32\bcrypt.dll
0x00007ffaa21e0000 - 0x00007ffaa220e000 	C:\windows\SYSTEM32\USERENV.dll
0x00007ffaa1c80000 - 0x00007ffaa1c8c000 	C:\windows\SYSTEM32\CRYPTBASE.dll
0x00007ffaa1730000 - 0x00007ffaa176b000 	C:\windows\SYSTEM32\IPHLPAPI.DLL
0x00007ffaa42f0000 - 0x00007ffaa42f8000 	C:\windows\System32\NSI.dll
0x00007ffa99af0000 - 0x00007ffa99b07000 	C:\windows\SYSTEM32\dhcpcsvc6.DLL
0x00007ffa99590000 - 0x00007ffa995ad000 	C:\windows\SYSTEM32\dhcpcsvc.DLL
0x00007ffaa1780000 - 0x00007ffaa184a000 	C:\windows\SYSTEM32\DNSAPI.dll
0x00007ffa94820000 - 0x00007ffa94827000 	C:\windows\system32\wshunix.dll

dbghelp: loaded successfully - version: 4.0.5 - missing functions: none
symbol engine: initialized successfully - sym options: 0x614 - pdb path: .;C:\Program Files\Android\Android Studio\jbr\bin;C:\windows\SYSTEM32;C:\windows\WinSxS\amd64_microsoft.windows.common-controls_6595b64144ccf1df_6.0.19041.3570_none_60bb2a3971f3e41a;C:\Program Files\Android\Android Studio\jbr\bin\server;C:\Users\jasse\.gradle\native\68d5fa5c4cc2d200863cafc0d521ce42e7d3e7ee720ec0a83991735586a16f82\windows-amd64;C:\Users\jasse\.gradle\native\e376f236ea51e6404a007f0833ffe2c6e607c4080706a723a18a27aeea778392\windows-amd64

VM Arguments:
jvm_args: --add-opens=java.base/java.util=ALL-UNNAMED --add-opens=java.base/java.lang=ALL-UNNAMED --add-opens=java.base/java.lang.invoke=ALL-UNNAMED --add-opens=java.prefs/java.util.prefs=ALL-UNNAMED --add-opens=java.base/java.nio.charset=ALL-UNNAMED --add-opens=java.base/java.net=ALL-UNNAMED --add-opens=java.base/java.util.concurrent.atomic=ALL-UNNAMED -Xmx2048m -Dfile.encoding=UTF-8 -Duser.country=FR -Duser.language=fr -Duser.variant 
java_command: org.gradle.launcher.daemon.bootstrap.GradleDaemon 8.0
java_class_path (initial): C:\Users\jasse\.gradle\wrapper\dists\gradle-8.0-bin\ca5e32bp14vu59qr306oxotwh\gradle-8.0\lib\gradle-launcher-8.0.jar
Launcher Type: SUN_STANDARD

[Global flags]
     intx CICompilerCount                          = 4                                         {product} {ergonomic}
     uint ConcGCThreads                            = 2                                         {product} {ergonomic}
     uint G1ConcRefinementThreads                  = 8                                         {product} {ergonomic}
   size_t G1HeapRegionSize                         = 1048576                                   {product} {ergonomic}
    uintx GCDrainStackTargetSize                   = 64                                        {product} {ergonomic}
   size_t InitialHeapSize                          = 132120576                                 {product} {ergonomic}
   size_t MarkStackSize                            = 4194304                                   {product} {ergonomic}
   size_t MaxHeapSize                              = 2147483648                                {product} {command line}
   size_t MaxNewSize                               = 1287651328                                {product} {ergonomic}
   size_t MinHeapDeltaBytes                        = 1048576                                   {product} {ergonomic}
   size_t MinHeapSize                              = 8388608                                   {product} {ergonomic}
    uintx NonNMethodCodeHeapSize                   = 5839372                                {pd product} {ergonomic}
    uintx NonProfiledCodeHeapSize                  = 122909434                              {pd product} {ergonomic}
    uintx ProfiledCodeHeapSize                     = 122909434                              {pd product} {ergonomic}
    uintx ReservedCodeCacheSize                    = 251658240                              {pd product} {ergonomic}
     bool SegmentedCodeCache                       = true                                      {product} {ergonomic}
   size_t SoftMaxHeapSize                          = 2147483648                             {manageable} {ergonomic}
     bool UseCompressedClassPointers               = true                           {product lp64_product} {ergonomic}
     bool UseCompressedOops                        = true                           {product lp64_product} {ergonomic}
     bool UseG1GC                                  = true                                      {product} {ergonomic}
     bool UseLargePagesIndividualAllocation        = false                                  {pd product} {ergonomic}

Logging:
Log output configuration:
 #0: stdout all=warning uptime,level,tags
 #1: stderr all=off uptime,level,tags

Environment Variables:
JAVA_HOME=C:\Program Files\Java\jdk-13.0.2
PATH=C:\Users\jasse\Downloads\php-8.1.17-nts-Win32-vs16-x64;C:\Program Files\Java;C:\Program Files\Java\jdk1.8.0_301;C:\oraclexe\app\oracle\product\11.2.0\server\bin;C:\oraclexe\app\oracle\product\11.2.0\server\bin;C:\oraclexe\app\oracle\product\11.2.0\server\bin;C:\windows\system32;C:\windows;C:\windows\System32\Wbem;C:\windows\System32\WindowsPowerShell\v1.0\;C:\windows\System32\OpenSSH\;C:\Program Files (x86)\NVIDIA Corporation\PhysX\Common;C:\Program Files\NVIDIA Corporation\NVIDIA NvDLISR;C:\instantclient12-2;C:\oraclexe\app\oracle\admin\XE;C:\oraclexe;C:\Program Files\TortoiseGit\bin;C:\xampp\php\Symfony;C:\Program Files\nodejs\;C:\Users\jasse\AppData\Local\Microsoft\WindowsApps;C:\Program Files\CodeBlocks\MinGW\bin;C:\Program Files\CodeBlocks\MinGW\bin;C:\Program Files (x86)\D-Bus\bin;C:\Users\jasse\AppData\Local\Programs\Microsoft VS Code\bin;C:\Users\jasse\Desktop\php;C:\Users\jasse\AppData\Local\GitHubDesktop\bin;C:\Users\jasse\AppData\Local\ComposerSetup\bin;C:\Users\jasse\AppData\Roaming\Composer\vendor\bin;C:\Users\jasse\AppData\Roaming\npm
USERNAME=jasse
OS=Windows_NT
PROCESSOR_IDENTIFIER=Intel64 Family 6 Model 165 Stepping 2, GenuineIntel
TMP=C:\Users\jasse\AppData\Local\Temp
TEMP=C:\Users\jasse\AppData\Local\Temp


JNI global refs:
JNI global refs: 25, weak refs: 1

JNI global refs memory usage: 843, weak refs: 841


---------------  S Y S T E M  ---------------

OS:
 Windows 10 , 64 bit Build 19041 (10.0.19041.3570)
OS uptime: 0 days 10:41 hours

CPU: total 8 (initial active 8) (4 cores per cpu, 2 threads per core) family 6 model 165 stepping 2 microcode 0xf0, cx8, cmov, fxsr, ht, mmx, 3dnowpref, sse, sse2, sse3, ssse3, sse4.1, sse4.2, popcnt, lzcnt, tsc, tscinvbit, avx, avx2, aes, erms, clmul, bmi1, bmi2, adx, fma, vzeroupper, clflush, clflushopt

Memory: 4k page, system-wide physical 7993M (548M free)
TotalPageFile size 10993M (AvailPageFile size 5M)
current process WorkingSet (physical memory assigned to process): 354M, peak: 354M
current process commit charge ("private bytes"): 391M, peak: 392M

vm_info: OpenJDK 64-Bit Server VM (17.0.6+0-b2043.56-10027231) for windows-amd64 JRE (17.0.6+0-b2043.56-10027231), built on Apr 28 2023 00:43:19 by "androidbuild" with MS VC++ 16.10 / 16.11 (VS2019)

END.
